[2025-07-13T22:55:38.741+0300] {processor.py:161} INFO - Started process (PID=3430) to work on /home/wal/.pyenv/versions/3.12.0/lib/python3.12/site-packages/airflow/example_dags/plugins/event_listener.py
[2025-07-13T22:55:38.744+0300] {processor.py:830} INFO - Processing file /home/wal/.pyenv/versions/3.12.0/lib/python3.12/site-packages/airflow/example_dags/plugins/event_listener.py for tasks to queue
[2025-07-13T22:55:38.748+0300] {logging_mixin.py:188} INFO - [2025-07-13T22:55:38.747+0300] {dagbag.py:545} INFO - Filling up the DagBag from /home/wal/.pyenv/versions/3.12.0/lib/python3.12/site-packages/airflow/example_dags/plugins/event_listener.py
[2025-07-13T22:55:38.755+0300] {processor.py:842} WARNING - No viable dags retrieved from /home/wal/.pyenv/versions/3.12.0/lib/python3.12/site-packages/airflow/example_dags/plugins/event_listener.py
[2025-07-13T22:55:38.788+0300] {processor.py:183} INFO - Processing /home/wal/.pyenv/versions/3.12.0/lib/python3.12/site-packages/airflow/example_dags/plugins/event_listener.py took 0.064 seconds
[2025-07-13T22:56:38.378+0300] {processor.py:161} INFO - Started process (PID=4088) to work on /home/wal/.pyenv/versions/3.12.0/lib/python3.12/site-packages/airflow/example_dags/plugins/event_listener.py
[2025-07-13T22:56:38.385+0300] {processor.py:830} INFO - Processing file /home/wal/.pyenv/versions/3.12.0/lib/python3.12/site-packages/airflow/example_dags/plugins/event_listener.py for tasks to queue
[2025-07-13T22:56:38.390+0300] {logging_mixin.py:188} INFO - [2025-07-13T22:56:38.389+0300] {dagbag.py:545} INFO - Filling up the DagBag from /home/wal/.pyenv/versions/3.12.0/lib/python3.12/site-packages/airflow/example_dags/plugins/event_listener.py
[2025-07-13T22:56:38.395+0300] {processor.py:842} WARNING - No viable dags retrieved from /home/wal/.pyenv/versions/3.12.0/lib/python3.12/site-packages/airflow/example_dags/plugins/event_listener.py
[2025-07-13T22:56:38.432+0300] {processor.py:183} INFO - Processing /home/wal/.pyenv/versions/3.12.0/lib/python3.12/site-packages/airflow/example_dags/plugins/event_listener.py took 0.073 seconds
[2025-07-13T22:57:33.631+0300] {processor.py:161} INFO - Started process (PID=4187) to work on /home/wal/.pyenv/versions/3.12.0/lib/python3.12/site-packages/airflow/example_dags/plugins/event_listener.py
[2025-07-13T22:57:33.632+0300] {processor.py:830} INFO - Processing file /home/wal/.pyenv/versions/3.12.0/lib/python3.12/site-packages/airflow/example_dags/plugins/event_listener.py for tasks to queue
[2025-07-13T22:57:33.635+0300] {logging_mixin.py:188} INFO - [2025-07-13T22:57:33.635+0300] {dagbag.py:545} INFO - Filling up the DagBag from /home/wal/.pyenv/versions/3.12.0/lib/python3.12/site-packages/airflow/example_dags/plugins/event_listener.py
[2025-07-13T22:57:33.639+0300] {processor.py:842} WARNING - No viable dags retrieved from /home/wal/.pyenv/versions/3.12.0/lib/python3.12/site-packages/airflow/example_dags/plugins/event_listener.py
[2025-07-13T22:57:33.654+0300] {processor.py:183} INFO - Processing /home/wal/.pyenv/versions/3.12.0/lib/python3.12/site-packages/airflow/example_dags/plugins/event_listener.py took 0.033 seconds
[2025-07-13T22:58:30.978+0300] {processor.py:161} INFO - Started process (PID=4296) to work on /home/wal/.pyenv/versions/3.12.0/lib/python3.12/site-packages/airflow/example_dags/plugins/event_listener.py
[2025-07-13T22:58:30.984+0300] {processor.py:830} INFO - Processing file /home/wal/.pyenv/versions/3.12.0/lib/python3.12/site-packages/airflow/example_dags/plugins/event_listener.py for tasks to queue
[2025-07-13T22:58:30.986+0300] {logging_mixin.py:188} INFO - [2025-07-13T22:58:30.986+0300] {dagbag.py:545} INFO - Filling up the DagBag from /home/wal/.pyenv/versions/3.12.0/lib/python3.12/site-packages/airflow/example_dags/plugins/event_listener.py
[2025-07-13T22:58:30.989+0300] {processor.py:842} WARNING - No viable dags retrieved from /home/wal/.pyenv/versions/3.12.0/lib/python3.12/site-packages/airflow/example_dags/plugins/event_listener.py
[2025-07-13T22:58:31.000+0300] {processor.py:183} INFO - Processing /home/wal/.pyenv/versions/3.12.0/lib/python3.12/site-packages/airflow/example_dags/plugins/event_listener.py took 0.029 seconds
[2025-07-13T22:59:14.518+0300] {processor.py:161} INFO - Started process (PID=4447) to work on /home/wal/.pyenv/versions/3.12.0/lib/python3.12/site-packages/airflow/example_dags/plugins/event_listener.py
[2025-07-13T22:59:14.522+0300] {processor.py:830} INFO - Processing file /home/wal/.pyenv/versions/3.12.0/lib/python3.12/site-packages/airflow/example_dags/plugins/event_listener.py for tasks to queue
[2025-07-13T22:59:14.524+0300] {logging_mixin.py:188} INFO - [2025-07-13T22:59:14.523+0300] {dagbag.py:545} INFO - Filling up the DagBag from /home/wal/.pyenv/versions/3.12.0/lib/python3.12/site-packages/airflow/example_dags/plugins/event_listener.py
[2025-07-13T22:59:14.526+0300] {processor.py:842} WARNING - No viable dags retrieved from /home/wal/.pyenv/versions/3.12.0/lib/python3.12/site-packages/airflow/example_dags/plugins/event_listener.py
[2025-07-13T22:59:14.542+0300] {processor.py:183} INFO - Processing /home/wal/.pyenv/versions/3.12.0/lib/python3.12/site-packages/airflow/example_dags/plugins/event_listener.py took 0.030 seconds
[2025-07-13T23:00:22.802+0300] {processor.py:161} INFO - Started process (PID=4559) to work on /home/wal/.pyenv/versions/3.12.0/lib/python3.12/site-packages/airflow/example_dags/plugins/event_listener.py
[2025-07-13T23:00:22.815+0300] {processor.py:830} INFO - Processing file /home/wal/.pyenv/versions/3.12.0/lib/python3.12/site-packages/airflow/example_dags/plugins/event_listener.py for tasks to queue
[2025-07-13T23:00:22.829+0300] {logging_mixin.py:188} INFO - [2025-07-13T23:00:22.819+0300] {dagbag.py:545} INFO - Filling up the DagBag from /home/wal/.pyenv/versions/3.12.0/lib/python3.12/site-packages/airflow/example_dags/plugins/event_listener.py
[2025-07-13T23:00:22.846+0300] {processor.py:842} WARNING - No viable dags retrieved from /home/wal/.pyenv/versions/3.12.0/lib/python3.12/site-packages/airflow/example_dags/plugins/event_listener.py
[2025-07-13T23:00:22.889+0300] {processor.py:183} INFO - Processing /home/wal/.pyenv/versions/3.12.0/lib/python3.12/site-packages/airflow/example_dags/plugins/event_listener.py took 0.136 seconds
[2025-07-13T23:01:09.868+0300] {processor.py:161} INFO - Started process (PID=4592) to work on /home/wal/.pyenv/versions/3.12.0/lib/python3.12/site-packages/airflow/example_dags/plugins/event_listener.py
[2025-07-13T23:01:09.872+0300] {processor.py:830} INFO - Processing file /home/wal/.pyenv/versions/3.12.0/lib/python3.12/site-packages/airflow/example_dags/plugins/event_listener.py for tasks to queue
[2025-07-13T23:01:09.878+0300] {logging_mixin.py:188} INFO - [2025-07-13T23:01:09.877+0300] {dagbag.py:545} INFO - Filling up the DagBag from /home/wal/.pyenv/versions/3.12.0/lib/python3.12/site-packages/airflow/example_dags/plugins/event_listener.py
[2025-07-13T23:01:09.905+0300] {processor.py:842} WARNING - No viable dags retrieved from /home/wal/.pyenv/versions/3.12.0/lib/python3.12/site-packages/airflow/example_dags/plugins/event_listener.py
[2025-07-13T23:01:09.967+0300] {processor.py:183} INFO - Processing /home/wal/.pyenv/versions/3.12.0/lib/python3.12/site-packages/airflow/example_dags/plugins/event_listener.py took 0.157 seconds
[2025-07-13T23:02:05.093+0300] {processor.py:161} INFO - Started process (PID=4624) to work on /home/wal/.pyenv/versions/3.12.0/lib/python3.12/site-packages/airflow/example_dags/plugins/event_listener.py
[2025-07-13T23:02:05.100+0300] {processor.py:830} INFO - Processing file /home/wal/.pyenv/versions/3.12.0/lib/python3.12/site-packages/airflow/example_dags/plugins/event_listener.py for tasks to queue
[2025-07-13T23:02:05.112+0300] {logging_mixin.py:188} INFO - [2025-07-13T23:02:05.110+0300] {dagbag.py:545} INFO - Filling up the DagBag from /home/wal/.pyenv/versions/3.12.0/lib/python3.12/site-packages/airflow/example_dags/plugins/event_listener.py
[2025-07-13T23:02:05.121+0300] {processor.py:842} WARNING - No viable dags retrieved from /home/wal/.pyenv/versions/3.12.0/lib/python3.12/site-packages/airflow/example_dags/plugins/event_listener.py
[2025-07-13T23:02:05.159+0300] {processor.py:183} INFO - Processing /home/wal/.pyenv/versions/3.12.0/lib/python3.12/site-packages/airflow/example_dags/plugins/event_listener.py took 0.115 seconds
[2025-07-13T23:02:57.358+0300] {processor.py:161} INFO - Started process (PID=4660) to work on /home/wal/.pyenv/versions/3.12.0/lib/python3.12/site-packages/airflow/example_dags/plugins/event_listener.py
[2025-07-13T23:02:57.363+0300] {processor.py:830} INFO - Processing file /home/wal/.pyenv/versions/3.12.0/lib/python3.12/site-packages/airflow/example_dags/plugins/event_listener.py for tasks to queue
[2025-07-13T23:02:57.368+0300] {logging_mixin.py:188} INFO - [2025-07-13T23:02:57.367+0300] {dagbag.py:545} INFO - Filling up the DagBag from /home/wal/.pyenv/versions/3.12.0/lib/python3.12/site-packages/airflow/example_dags/plugins/event_listener.py
[2025-07-13T23:02:57.375+0300] {processor.py:842} WARNING - No viable dags retrieved from /home/wal/.pyenv/versions/3.12.0/lib/python3.12/site-packages/airflow/example_dags/plugins/event_listener.py
[2025-07-13T23:02:57.427+0300] {processor.py:183} INFO - Processing /home/wal/.pyenv/versions/3.12.0/lib/python3.12/site-packages/airflow/example_dags/plugins/event_listener.py took 0.087 seconds
[2025-07-13T23:03:42.456+0300] {processor.py:161} INFO - Started process (PID=4696) to work on /home/wal/.pyenv/versions/3.12.0/lib/python3.12/site-packages/airflow/example_dags/plugins/event_listener.py
[2025-07-13T23:03:42.464+0300] {processor.py:830} INFO - Processing file /home/wal/.pyenv/versions/3.12.0/lib/python3.12/site-packages/airflow/example_dags/plugins/event_listener.py for tasks to queue
[2025-07-13T23:03:42.468+0300] {logging_mixin.py:188} INFO - [2025-07-13T23:03:42.467+0300] {dagbag.py:545} INFO - Filling up the DagBag from /home/wal/.pyenv/versions/3.12.0/lib/python3.12/site-packages/airflow/example_dags/plugins/event_listener.py
[2025-07-13T23:03:42.479+0300] {processor.py:842} WARNING - No viable dags retrieved from /home/wal/.pyenv/versions/3.12.0/lib/python3.12/site-packages/airflow/example_dags/plugins/event_listener.py
[2025-07-13T23:03:42.513+0300] {processor.py:183} INFO - Processing /home/wal/.pyenv/versions/3.12.0/lib/python3.12/site-packages/airflow/example_dags/plugins/event_listener.py took 0.082 seconds
[2025-07-13T23:04:21.591+0300] {processor.py:161} INFO - Started process (PID=4726) to work on /home/wal/.pyenv/versions/3.12.0/lib/python3.12/site-packages/airflow/example_dags/plugins/event_listener.py
[2025-07-13T23:04:21.599+0300] {processor.py:830} INFO - Processing file /home/wal/.pyenv/versions/3.12.0/lib/python3.12/site-packages/airflow/example_dags/plugins/event_listener.py for tasks to queue
[2025-07-13T23:04:21.606+0300] {logging_mixin.py:188} INFO - [2025-07-13T23:04:21.604+0300] {dagbag.py:545} INFO - Filling up the DagBag from /home/wal/.pyenv/versions/3.12.0/lib/python3.12/site-packages/airflow/example_dags/plugins/event_listener.py
[2025-07-13T23:04:21.616+0300] {processor.py:842} WARNING - No viable dags retrieved from /home/wal/.pyenv/versions/3.12.0/lib/python3.12/site-packages/airflow/example_dags/plugins/event_listener.py
[2025-07-13T23:04:21.695+0300] {processor.py:183} INFO - Processing /home/wal/.pyenv/versions/3.12.0/lib/python3.12/site-packages/airflow/example_dags/plugins/event_listener.py took 0.126 seconds
[2025-07-13T23:04:57.669+0300] {processor.py:161} INFO - Started process (PID=4755) to work on /home/wal/.pyenv/versions/3.12.0/lib/python3.12/site-packages/airflow/example_dags/plugins/event_listener.py
[2025-07-13T23:04:57.673+0300] {processor.py:830} INFO - Processing file /home/wal/.pyenv/versions/3.12.0/lib/python3.12/site-packages/airflow/example_dags/plugins/event_listener.py for tasks to queue
[2025-07-13T23:04:57.678+0300] {logging_mixin.py:188} INFO - [2025-07-13T23:04:57.677+0300] {dagbag.py:545} INFO - Filling up the DagBag from /home/wal/.pyenv/versions/3.12.0/lib/python3.12/site-packages/airflow/example_dags/plugins/event_listener.py
[2025-07-13T23:04:57.685+0300] {processor.py:842} WARNING - No viable dags retrieved from /home/wal/.pyenv/versions/3.12.0/lib/python3.12/site-packages/airflow/example_dags/plugins/event_listener.py
[2025-07-13T23:04:57.715+0300] {processor.py:183} INFO - Processing /home/wal/.pyenv/versions/3.12.0/lib/python3.12/site-packages/airflow/example_dags/plugins/event_listener.py took 0.075 seconds
[2025-07-13T23:05:36.946+0300] {processor.py:161} INFO - Started process (PID=4790) to work on /home/wal/.pyenv/versions/3.12.0/lib/python3.12/site-packages/airflow/example_dags/plugins/event_listener.py
[2025-07-13T23:05:36.949+0300] {processor.py:830} INFO - Processing file /home/wal/.pyenv/versions/3.12.0/lib/python3.12/site-packages/airflow/example_dags/plugins/event_listener.py for tasks to queue
[2025-07-13T23:05:36.953+0300] {logging_mixin.py:188} INFO - [2025-07-13T23:05:36.952+0300] {dagbag.py:545} INFO - Filling up the DagBag from /home/wal/.pyenv/versions/3.12.0/lib/python3.12/site-packages/airflow/example_dags/plugins/event_listener.py
[2025-07-13T23:05:36.958+0300] {processor.py:842} WARNING - No viable dags retrieved from /home/wal/.pyenv/versions/3.12.0/lib/python3.12/site-packages/airflow/example_dags/plugins/event_listener.py
[2025-07-13T23:05:36.983+0300] {processor.py:183} INFO - Processing /home/wal/.pyenv/versions/3.12.0/lib/python3.12/site-packages/airflow/example_dags/plugins/event_listener.py took 0.052 seconds
[2025-07-13T23:06:29.487+0300] {processor.py:161} INFO - Started process (PID=4821) to work on /home/wal/.pyenv/versions/3.12.0/lib/python3.12/site-packages/airflow/example_dags/plugins/event_listener.py
[2025-07-13T23:06:29.490+0300] {processor.py:830} INFO - Processing file /home/wal/.pyenv/versions/3.12.0/lib/python3.12/site-packages/airflow/example_dags/plugins/event_listener.py for tasks to queue
[2025-07-13T23:06:29.493+0300] {logging_mixin.py:188} INFO - [2025-07-13T23:06:29.492+0300] {dagbag.py:545} INFO - Filling up the DagBag from /home/wal/.pyenv/versions/3.12.0/lib/python3.12/site-packages/airflow/example_dags/plugins/event_listener.py
[2025-07-13T23:06:29.496+0300] {processor.py:842} WARNING - No viable dags retrieved from /home/wal/.pyenv/versions/3.12.0/lib/python3.12/site-packages/airflow/example_dags/plugins/event_listener.py
[2025-07-13T23:06:29.517+0300] {processor.py:183} INFO - Processing /home/wal/.pyenv/versions/3.12.0/lib/python3.12/site-packages/airflow/example_dags/plugins/event_listener.py took 0.042 seconds
[2025-07-13T23:07:18.309+0300] {processor.py:161} INFO - Started process (PID=4859) to work on /home/wal/.pyenv/versions/3.12.0/lib/python3.12/site-packages/airflow/example_dags/plugins/event_listener.py
[2025-07-13T23:07:18.311+0300] {processor.py:830} INFO - Processing file /home/wal/.pyenv/versions/3.12.0/lib/python3.12/site-packages/airflow/example_dags/plugins/event_listener.py for tasks to queue
[2025-07-13T23:07:18.314+0300] {logging_mixin.py:188} INFO - [2025-07-13T23:07:18.314+0300] {dagbag.py:545} INFO - Filling up the DagBag from /home/wal/.pyenv/versions/3.12.0/lib/python3.12/site-packages/airflow/example_dags/plugins/event_listener.py
[2025-07-13T23:07:18.317+0300] {processor.py:842} WARNING - No viable dags retrieved from /home/wal/.pyenv/versions/3.12.0/lib/python3.12/site-packages/airflow/example_dags/plugins/event_listener.py
[2025-07-13T23:07:18.335+0300] {processor.py:183} INFO - Processing /home/wal/.pyenv/versions/3.12.0/lib/python3.12/site-packages/airflow/example_dags/plugins/event_listener.py took 0.035 seconds
[2025-07-13T23:07:54.745+0300] {processor.py:161} INFO - Started process (PID=4890) to work on /home/wal/.pyenv/versions/3.12.0/lib/python3.12/site-packages/airflow/example_dags/plugins/event_listener.py
[2025-07-13T23:07:54.748+0300] {processor.py:830} INFO - Processing file /home/wal/.pyenv/versions/3.12.0/lib/python3.12/site-packages/airflow/example_dags/plugins/event_listener.py for tasks to queue
[2025-07-13T23:07:54.752+0300] {logging_mixin.py:188} INFO - [2025-07-13T23:07:54.751+0300] {dagbag.py:545} INFO - Filling up the DagBag from /home/wal/.pyenv/versions/3.12.0/lib/python3.12/site-packages/airflow/example_dags/plugins/event_listener.py
[2025-07-13T23:07:54.758+0300] {processor.py:842} WARNING - No viable dags retrieved from /home/wal/.pyenv/versions/3.12.0/lib/python3.12/site-packages/airflow/example_dags/plugins/event_listener.py
[2025-07-13T23:07:54.792+0300] {processor.py:183} INFO - Processing /home/wal/.pyenv/versions/3.12.0/lib/python3.12/site-packages/airflow/example_dags/plugins/event_listener.py took 0.074 seconds
[2025-07-13T23:08:54.643+0300] {processor.py:161} INFO - Started process (PID=4943) to work on /home/wal/.pyenv/versions/3.12.0/lib/python3.12/site-packages/airflow/example_dags/plugins/event_listener.py
[2025-07-13T23:08:54.645+0300] {processor.py:830} INFO - Processing file /home/wal/.pyenv/versions/3.12.0/lib/python3.12/site-packages/airflow/example_dags/plugins/event_listener.py for tasks to queue
[2025-07-13T23:08:54.649+0300] {logging_mixin.py:188} INFO - [2025-07-13T23:08:54.648+0300] {dagbag.py:545} INFO - Filling up the DagBag from /home/wal/.pyenv/versions/3.12.0/lib/python3.12/site-packages/airflow/example_dags/plugins/event_listener.py
[2025-07-13T23:08:54.653+0300] {processor.py:842} WARNING - No viable dags retrieved from /home/wal/.pyenv/versions/3.12.0/lib/python3.12/site-packages/airflow/example_dags/plugins/event_listener.py
[2025-07-13T23:08:54.668+0300] {processor.py:183} INFO - Processing /home/wal/.pyenv/versions/3.12.0/lib/python3.12/site-packages/airflow/example_dags/plugins/event_listener.py took 0.036 seconds
[2025-07-13T23:09:27.437+0300] {processor.py:161} INFO - Started process (PID=4970) to work on /home/wal/.pyenv/versions/3.12.0/lib/python3.12/site-packages/airflow/example_dags/plugins/event_listener.py
[2025-07-13T23:09:27.439+0300] {processor.py:830} INFO - Processing file /home/wal/.pyenv/versions/3.12.0/lib/python3.12/site-packages/airflow/example_dags/plugins/event_listener.py for tasks to queue
[2025-07-13T23:09:27.445+0300] {logging_mixin.py:188} INFO - [2025-07-13T23:09:27.444+0300] {dagbag.py:545} INFO - Filling up the DagBag from /home/wal/.pyenv/versions/3.12.0/lib/python3.12/site-packages/airflow/example_dags/plugins/event_listener.py
[2025-07-13T23:09:27.451+0300] {processor.py:842} WARNING - No viable dags retrieved from /home/wal/.pyenv/versions/3.12.0/lib/python3.12/site-packages/airflow/example_dags/plugins/event_listener.py
[2025-07-13T23:09:27.478+0300] {processor.py:183} INFO - Processing /home/wal/.pyenv/versions/3.12.0/lib/python3.12/site-packages/airflow/example_dags/plugins/event_listener.py took 0.053 seconds
[2025-07-13T23:10:02.796+0300] {processor.py:161} INFO - Started process (PID=4998) to work on /home/wal/.pyenv/versions/3.12.0/lib/python3.12/site-packages/airflow/example_dags/plugins/event_listener.py
[2025-07-13T23:10:02.802+0300] {processor.py:830} INFO - Processing file /home/wal/.pyenv/versions/3.12.0/lib/python3.12/site-packages/airflow/example_dags/plugins/event_listener.py for tasks to queue
[2025-07-13T23:10:02.805+0300] {logging_mixin.py:188} INFO - [2025-07-13T23:10:02.804+0300] {dagbag.py:545} INFO - Filling up the DagBag from /home/wal/.pyenv/versions/3.12.0/lib/python3.12/site-packages/airflow/example_dags/plugins/event_listener.py
[2025-07-13T23:10:02.808+0300] {processor.py:842} WARNING - No viable dags retrieved from /home/wal/.pyenv/versions/3.12.0/lib/python3.12/site-packages/airflow/example_dags/plugins/event_listener.py
[2025-07-13T23:10:02.824+0300] {processor.py:183} INFO - Processing /home/wal/.pyenv/versions/3.12.0/lib/python3.12/site-packages/airflow/example_dags/plugins/event_listener.py took 0.038 seconds
[2025-07-13T23:10:35.796+0300] {processor.py:161} INFO - Started process (PID=5027) to work on /home/wal/.pyenv/versions/3.12.0/lib/python3.12/site-packages/airflow/example_dags/plugins/event_listener.py
[2025-07-13T23:10:35.798+0300] {processor.py:830} INFO - Processing file /home/wal/.pyenv/versions/3.12.0/lib/python3.12/site-packages/airflow/example_dags/plugins/event_listener.py for tasks to queue
[2025-07-13T23:10:35.800+0300] {logging_mixin.py:188} INFO - [2025-07-13T23:10:35.799+0300] {dagbag.py:545} INFO - Filling up the DagBag from /home/wal/.pyenv/versions/3.12.0/lib/python3.12/site-packages/airflow/example_dags/plugins/event_listener.py
[2025-07-13T23:10:35.802+0300] {processor.py:842} WARNING - No viable dags retrieved from /home/wal/.pyenv/versions/3.12.0/lib/python3.12/site-packages/airflow/example_dags/plugins/event_listener.py
[2025-07-13T23:10:35.816+0300] {processor.py:183} INFO - Processing /home/wal/.pyenv/versions/3.12.0/lib/python3.12/site-packages/airflow/example_dags/plugins/event_listener.py took 0.027 seconds
[2025-07-13T23:11:30.185+0300] {processor.py:161} INFO - Started process (PID=5077) to work on /home/wal/.pyenv/versions/3.12.0/lib/python3.12/site-packages/airflow/example_dags/plugins/event_listener.py
[2025-07-13T23:11:30.191+0300] {processor.py:830} INFO - Processing file /home/wal/.pyenv/versions/3.12.0/lib/python3.12/site-packages/airflow/example_dags/plugins/event_listener.py for tasks to queue
[2025-07-13T23:11:30.193+0300] {logging_mixin.py:188} INFO - [2025-07-13T23:11:30.192+0300] {dagbag.py:545} INFO - Filling up the DagBag from /home/wal/.pyenv/versions/3.12.0/lib/python3.12/site-packages/airflow/example_dags/plugins/event_listener.py
[2025-07-13T23:11:30.195+0300] {processor.py:842} WARNING - No viable dags retrieved from /home/wal/.pyenv/versions/3.12.0/lib/python3.12/site-packages/airflow/example_dags/plugins/event_listener.py
[2025-07-13T23:11:30.208+0300] {processor.py:183} INFO - Processing /home/wal/.pyenv/versions/3.12.0/lib/python3.12/site-packages/airflow/example_dags/plugins/event_listener.py took 0.030 seconds
[2025-07-13T23:12:25.438+0300] {processor.py:161} INFO - Started process (PID=5125) to work on /home/wal/.pyenv/versions/3.12.0/lib/python3.12/site-packages/airflow/example_dags/plugins/event_listener.py
[2025-07-13T23:12:25.442+0300] {processor.py:830} INFO - Processing file /home/wal/.pyenv/versions/3.12.0/lib/python3.12/site-packages/airflow/example_dags/plugins/event_listener.py for tasks to queue
[2025-07-13T23:12:25.447+0300] {logging_mixin.py:188} INFO - [2025-07-13T23:12:25.446+0300] {dagbag.py:545} INFO - Filling up the DagBag from /home/wal/.pyenv/versions/3.12.0/lib/python3.12/site-packages/airflow/example_dags/plugins/event_listener.py
[2025-07-13T23:12:25.459+0300] {processor.py:842} WARNING - No viable dags retrieved from /home/wal/.pyenv/versions/3.12.0/lib/python3.12/site-packages/airflow/example_dags/plugins/event_listener.py
[2025-07-13T23:12:25.501+0300] {processor.py:183} INFO - Processing /home/wal/.pyenv/versions/3.12.0/lib/python3.12/site-packages/airflow/example_dags/plugins/event_listener.py took 0.092 seconds
[2025-07-13T23:12:59.164+0300] {processor.py:161} INFO - Started process (PID=5159) to work on /home/wal/.pyenv/versions/3.12.0/lib/python3.12/site-packages/airflow/example_dags/plugins/event_listener.py
[2025-07-13T23:12:59.166+0300] {processor.py:830} INFO - Processing file /home/wal/.pyenv/versions/3.12.0/lib/python3.12/site-packages/airflow/example_dags/plugins/event_listener.py for tasks to queue
[2025-07-13T23:12:59.168+0300] {logging_mixin.py:188} INFO - [2025-07-13T23:12:59.167+0300] {dagbag.py:545} INFO - Filling up the DagBag from /home/wal/.pyenv/versions/3.12.0/lib/python3.12/site-packages/airflow/example_dags/plugins/event_listener.py
[2025-07-13T23:12:59.171+0300] {processor.py:842} WARNING - No viable dags retrieved from /home/wal/.pyenv/versions/3.12.0/lib/python3.12/site-packages/airflow/example_dags/plugins/event_listener.py
[2025-07-13T23:12:59.184+0300] {processor.py:183} INFO - Processing /home/wal/.pyenv/versions/3.12.0/lib/python3.12/site-packages/airflow/example_dags/plugins/event_listener.py took 0.029 seconds
[2025-07-13T23:13:31.614+0300] {processor.py:161} INFO - Started process (PID=5187) to work on /home/wal/.pyenv/versions/3.12.0/lib/python3.12/site-packages/airflow/example_dags/plugins/event_listener.py
[2025-07-13T23:13:31.615+0300] {processor.py:830} INFO - Processing file /home/wal/.pyenv/versions/3.12.0/lib/python3.12/site-packages/airflow/example_dags/plugins/event_listener.py for tasks to queue
[2025-07-13T23:13:31.618+0300] {logging_mixin.py:188} INFO - [2025-07-13T23:13:31.617+0300] {dagbag.py:545} INFO - Filling up the DagBag from /home/wal/.pyenv/versions/3.12.0/lib/python3.12/site-packages/airflow/example_dags/plugins/event_listener.py
[2025-07-13T23:13:31.621+0300] {processor.py:842} WARNING - No viable dags retrieved from /home/wal/.pyenv/versions/3.12.0/lib/python3.12/site-packages/airflow/example_dags/plugins/event_listener.py
[2025-07-13T23:13:31.636+0300] {processor.py:183} INFO - Processing /home/wal/.pyenv/versions/3.12.0/lib/python3.12/site-packages/airflow/example_dags/plugins/event_listener.py took 0.031 seconds
[2025-07-13T23:14:05.376+0300] {processor.py:161} INFO - Started process (PID=5223) to work on /home/wal/.pyenv/versions/3.12.0/lib/python3.12/site-packages/airflow/example_dags/plugins/event_listener.py
[2025-07-13T23:14:05.378+0300] {processor.py:830} INFO - Processing file /home/wal/.pyenv/versions/3.12.0/lib/python3.12/site-packages/airflow/example_dags/plugins/event_listener.py for tasks to queue
[2025-07-13T23:14:05.381+0300] {logging_mixin.py:188} INFO - [2025-07-13T23:14:05.381+0300] {dagbag.py:545} INFO - Filling up the DagBag from /home/wal/.pyenv/versions/3.12.0/lib/python3.12/site-packages/airflow/example_dags/plugins/event_listener.py
[2025-07-13T23:14:05.384+0300] {processor.py:842} WARNING - No viable dags retrieved from /home/wal/.pyenv/versions/3.12.0/lib/python3.12/site-packages/airflow/example_dags/plugins/event_listener.py
[2025-07-13T23:14:05.402+0300] {processor.py:183} INFO - Processing /home/wal/.pyenv/versions/3.12.0/lib/python3.12/site-packages/airflow/example_dags/plugins/event_listener.py took 0.035 seconds
[2025-07-13T23:14:59.846+0300] {processor.py:161} INFO - Started process (PID=5283) to work on /home/wal/.pyenv/versions/3.12.0/lib/python3.12/site-packages/airflow/example_dags/plugins/event_listener.py
[2025-07-13T23:14:59.852+0300] {processor.py:830} INFO - Processing file /home/wal/.pyenv/versions/3.12.0/lib/python3.12/site-packages/airflow/example_dags/plugins/event_listener.py for tasks to queue
[2025-07-13T23:14:59.855+0300] {logging_mixin.py:188} INFO - [2025-07-13T23:14:59.854+0300] {dagbag.py:545} INFO - Filling up the DagBag from /home/wal/.pyenv/versions/3.12.0/lib/python3.12/site-packages/airflow/example_dags/plugins/event_listener.py
[2025-07-13T23:14:59.859+0300] {processor.py:842} WARNING - No viable dags retrieved from /home/wal/.pyenv/versions/3.12.0/lib/python3.12/site-packages/airflow/example_dags/plugins/event_listener.py
[2025-07-13T23:14:59.873+0300] {processor.py:183} INFO - Processing /home/wal/.pyenv/versions/3.12.0/lib/python3.12/site-packages/airflow/example_dags/plugins/event_listener.py took 0.035 seconds
[2025-07-13T23:15:49.329+0300] {processor.py:161} INFO - Started process (PID=5331) to work on /home/wal/.pyenv/versions/3.12.0/lib/python3.12/site-packages/airflow/example_dags/plugins/event_listener.py
[2025-07-13T23:15:49.336+0300] {processor.py:830} INFO - Processing file /home/wal/.pyenv/versions/3.12.0/lib/python3.12/site-packages/airflow/example_dags/plugins/event_listener.py for tasks to queue
[2025-07-13T23:15:49.339+0300] {logging_mixin.py:188} INFO - [2025-07-13T23:15:49.338+0300] {dagbag.py:545} INFO - Filling up the DagBag from /home/wal/.pyenv/versions/3.12.0/lib/python3.12/site-packages/airflow/example_dags/plugins/event_listener.py
[2025-07-13T23:15:49.345+0300] {processor.py:842} WARNING - No viable dags retrieved from /home/wal/.pyenv/versions/3.12.0/lib/python3.12/site-packages/airflow/example_dags/plugins/event_listener.py
[2025-07-13T23:15:49.366+0300] {processor.py:183} INFO - Processing /home/wal/.pyenv/versions/3.12.0/lib/python3.12/site-packages/airflow/example_dags/plugins/event_listener.py took 0.054 seconds
[2025-07-13T23:16:51.947+0300] {processor.py:161} INFO - Started process (PID=5383) to work on /home/wal/.pyenv/versions/3.12.0/lib/python3.12/site-packages/airflow/example_dags/plugins/event_listener.py
[2025-07-13T23:16:51.949+0300] {processor.py:830} INFO - Processing file /home/wal/.pyenv/versions/3.12.0/lib/python3.12/site-packages/airflow/example_dags/plugins/event_listener.py for tasks to queue
[2025-07-13T23:16:51.953+0300] {logging_mixin.py:188} INFO - [2025-07-13T23:16:51.952+0300] {dagbag.py:545} INFO - Filling up the DagBag from /home/wal/.pyenv/versions/3.12.0/lib/python3.12/site-packages/airflow/example_dags/plugins/event_listener.py
[2025-07-13T23:16:51.956+0300] {processor.py:842} WARNING - No viable dags retrieved from /home/wal/.pyenv/versions/3.12.0/lib/python3.12/site-packages/airflow/example_dags/plugins/event_listener.py
[2025-07-13T23:16:51.969+0300] {processor.py:183} INFO - Processing /home/wal/.pyenv/versions/3.12.0/lib/python3.12/site-packages/airflow/example_dags/plugins/event_listener.py took 0.031 seconds
[2025-07-13T23:17:28.430+0300] {processor.py:161} INFO - Started process (PID=5414) to work on /home/wal/.pyenv/versions/3.12.0/lib/python3.12/site-packages/airflow/example_dags/plugins/event_listener.py
[2025-07-13T23:17:28.436+0300] {processor.py:830} INFO - Processing file /home/wal/.pyenv/versions/3.12.0/lib/python3.12/site-packages/airflow/example_dags/plugins/event_listener.py for tasks to queue
[2025-07-13T23:17:28.438+0300] {logging_mixin.py:188} INFO - [2025-07-13T23:17:28.438+0300] {dagbag.py:545} INFO - Filling up the DagBag from /home/wal/.pyenv/versions/3.12.0/lib/python3.12/site-packages/airflow/example_dags/plugins/event_listener.py
[2025-07-13T23:17:28.442+0300] {processor.py:842} WARNING - No viable dags retrieved from /home/wal/.pyenv/versions/3.12.0/lib/python3.12/site-packages/airflow/example_dags/plugins/event_listener.py
[2025-07-13T23:17:28.460+0300] {processor.py:183} INFO - Processing /home/wal/.pyenv/versions/3.12.0/lib/python3.12/site-packages/airflow/example_dags/plugins/event_listener.py took 0.039 seconds
[2025-07-13T23:18:06.671+0300] {processor.py:161} INFO - Started process (PID=5445) to work on /home/wal/.pyenv/versions/3.12.0/lib/python3.12/site-packages/airflow/example_dags/plugins/event_listener.py
[2025-07-13T23:18:06.672+0300] {processor.py:830} INFO - Processing file /home/wal/.pyenv/versions/3.12.0/lib/python3.12/site-packages/airflow/example_dags/plugins/event_listener.py for tasks to queue
[2025-07-13T23:18:06.674+0300] {logging_mixin.py:188} INFO - [2025-07-13T23:18:06.674+0300] {dagbag.py:545} INFO - Filling up the DagBag from /home/wal/.pyenv/versions/3.12.0/lib/python3.12/site-packages/airflow/example_dags/plugins/event_listener.py
[2025-07-13T23:18:06.677+0300] {processor.py:842} WARNING - No viable dags retrieved from /home/wal/.pyenv/versions/3.12.0/lib/python3.12/site-packages/airflow/example_dags/plugins/event_listener.py
[2025-07-13T23:18:06.691+0300] {processor.py:183} INFO - Processing /home/wal/.pyenv/versions/3.12.0/lib/python3.12/site-packages/airflow/example_dags/plugins/event_listener.py took 0.029 seconds
[2025-07-13T23:18:39.866+0300] {processor.py:161} INFO - Started process (PID=5474) to work on /home/wal/.pyenv/versions/3.12.0/lib/python3.12/site-packages/airflow/example_dags/plugins/event_listener.py
[2025-07-13T23:18:39.875+0300] {processor.py:830} INFO - Processing file /home/wal/.pyenv/versions/3.12.0/lib/python3.12/site-packages/airflow/example_dags/plugins/event_listener.py for tasks to queue
[2025-07-13T23:18:39.887+0300] {logging_mixin.py:188} INFO - [2025-07-13T23:18:39.885+0300] {dagbag.py:545} INFO - Filling up the DagBag from /home/wal/.pyenv/versions/3.12.0/lib/python3.12/site-packages/airflow/example_dags/plugins/event_listener.py
[2025-07-13T23:18:39.903+0300] {processor.py:842} WARNING - No viable dags retrieved from /home/wal/.pyenv/versions/3.12.0/lib/python3.12/site-packages/airflow/example_dags/plugins/event_listener.py
[2025-07-13T23:18:39.981+0300] {processor.py:183} INFO - Processing /home/wal/.pyenv/versions/3.12.0/lib/python3.12/site-packages/airflow/example_dags/plugins/event_listener.py took 0.154 seconds
[2025-07-13T23:19:15.979+0300] {processor.py:161} INFO - Started process (PID=5501) to work on /home/wal/.pyenv/versions/3.12.0/lib/python3.12/site-packages/airflow/example_dags/plugins/event_listener.py
[2025-07-13T23:19:15.982+0300] {processor.py:830} INFO - Processing file /home/wal/.pyenv/versions/3.12.0/lib/python3.12/site-packages/airflow/example_dags/plugins/event_listener.py for tasks to queue
[2025-07-13T23:19:15.987+0300] {logging_mixin.py:188} INFO - [2025-07-13T23:19:15.986+0300] {dagbag.py:545} INFO - Filling up the DagBag from /home/wal/.pyenv/versions/3.12.0/lib/python3.12/site-packages/airflow/example_dags/plugins/event_listener.py
[2025-07-13T23:19:15.992+0300] {processor.py:842} WARNING - No viable dags retrieved from /home/wal/.pyenv/versions/3.12.0/lib/python3.12/site-packages/airflow/example_dags/plugins/event_listener.py
[2025-07-13T23:19:16.022+0300] {processor.py:183} INFO - Processing /home/wal/.pyenv/versions/3.12.0/lib/python3.12/site-packages/airflow/example_dags/plugins/event_listener.py took 0.063 seconds
[2025-07-13T23:20:15.136+0300] {processor.py:161} INFO - Started process (PID=5554) to work on /home/wal/.pyenv/versions/3.12.0/lib/python3.12/site-packages/airflow/example_dags/plugins/event_listener.py
[2025-07-13T23:20:15.137+0300] {processor.py:830} INFO - Processing file /home/wal/.pyenv/versions/3.12.0/lib/python3.12/site-packages/airflow/example_dags/plugins/event_listener.py for tasks to queue
[2025-07-13T23:20:15.139+0300] {logging_mixin.py:188} INFO - [2025-07-13T23:20:15.139+0300] {dagbag.py:545} INFO - Filling up the DagBag from /home/wal/.pyenv/versions/3.12.0/lib/python3.12/site-packages/airflow/example_dags/plugins/event_listener.py
[2025-07-13T23:20:15.142+0300] {processor.py:842} WARNING - No viable dags retrieved from /home/wal/.pyenv/versions/3.12.0/lib/python3.12/site-packages/airflow/example_dags/plugins/event_listener.py
[2025-07-13T23:20:15.154+0300] {processor.py:183} INFO - Processing /home/wal/.pyenv/versions/3.12.0/lib/python3.12/site-packages/airflow/example_dags/plugins/event_listener.py took 0.025 seconds
[2025-07-13T23:20:47.920+0300] {processor.py:161} INFO - Started process (PID=5583) to work on /home/wal/.pyenv/versions/3.12.0/lib/python3.12/site-packages/airflow/example_dags/plugins/event_listener.py
[2025-07-13T23:20:47.921+0300] {processor.py:830} INFO - Processing file /home/wal/.pyenv/versions/3.12.0/lib/python3.12/site-packages/airflow/example_dags/plugins/event_listener.py for tasks to queue
[2025-07-13T23:20:47.924+0300] {logging_mixin.py:188} INFO - [2025-07-13T23:20:47.924+0300] {dagbag.py:545} INFO - Filling up the DagBag from /home/wal/.pyenv/versions/3.12.0/lib/python3.12/site-packages/airflow/example_dags/plugins/event_listener.py
[2025-07-13T23:20:47.927+0300] {processor.py:842} WARNING - No viable dags retrieved from /home/wal/.pyenv/versions/3.12.0/lib/python3.12/site-packages/airflow/example_dags/plugins/event_listener.py
[2025-07-13T23:20:47.950+0300] {processor.py:183} INFO - Processing /home/wal/.pyenv/versions/3.12.0/lib/python3.12/site-packages/airflow/example_dags/plugins/event_listener.py took 0.045 seconds
[2025-07-13T23:21:18.869+0300] {processor.py:161} INFO - Started process (PID=5609) to work on /home/wal/.pyenv/versions/3.12.0/lib/python3.12/site-packages/airflow/example_dags/plugins/event_listener.py
[2025-07-13T23:21:18.872+0300] {processor.py:830} INFO - Processing file /home/wal/.pyenv/versions/3.12.0/lib/python3.12/site-packages/airflow/example_dags/plugins/event_listener.py for tasks to queue
[2025-07-13T23:21:18.876+0300] {logging_mixin.py:188} INFO - [2025-07-13T23:21:18.875+0300] {dagbag.py:545} INFO - Filling up the DagBag from /home/wal/.pyenv/versions/3.12.0/lib/python3.12/site-packages/airflow/example_dags/plugins/event_listener.py
[2025-07-13T23:21:18.879+0300] {processor.py:842} WARNING - No viable dags retrieved from /home/wal/.pyenv/versions/3.12.0/lib/python3.12/site-packages/airflow/example_dags/plugins/event_listener.py
[2025-07-13T23:21:18.896+0300] {processor.py:183} INFO - Processing /home/wal/.pyenv/versions/3.12.0/lib/python3.12/site-packages/airflow/example_dags/plugins/event_listener.py took 0.036 seconds
[2025-07-13T23:21:52.520+0300] {processor.py:161} INFO - Started process (PID=5637) to work on /home/wal/.pyenv/versions/3.12.0/lib/python3.12/site-packages/airflow/example_dags/plugins/event_listener.py
[2025-07-13T23:21:52.544+0300] {processor.py:830} INFO - Processing file /home/wal/.pyenv/versions/3.12.0/lib/python3.12/site-packages/airflow/example_dags/plugins/event_listener.py for tasks to queue
[2025-07-13T23:21:52.549+0300] {logging_mixin.py:188} INFO - [2025-07-13T23:21:52.548+0300] {dagbag.py:545} INFO - Filling up the DagBag from /home/wal/.pyenv/versions/3.12.0/lib/python3.12/site-packages/airflow/example_dags/plugins/event_listener.py
[2025-07-13T23:21:52.567+0300] {processor.py:842} WARNING - No viable dags retrieved from /home/wal/.pyenv/versions/3.12.0/lib/python3.12/site-packages/airflow/example_dags/plugins/event_listener.py
[2025-07-13T23:21:52.644+0300] {processor.py:183} INFO - Processing /home/wal/.pyenv/versions/3.12.0/lib/python3.12/site-packages/airflow/example_dags/plugins/event_listener.py took 0.163 seconds
[2025-07-13T23:22:28.540+0300] {processor.py:161} INFO - Started process (PID=5664) to work on /home/wal/.pyenv/versions/3.12.0/lib/python3.12/site-packages/airflow/example_dags/plugins/event_listener.py
[2025-07-13T23:22:28.546+0300] {processor.py:830} INFO - Processing file /home/wal/.pyenv/versions/3.12.0/lib/python3.12/site-packages/airflow/example_dags/plugins/event_listener.py for tasks to queue
[2025-07-13T23:22:28.553+0300] {logging_mixin.py:188} INFO - [2025-07-13T23:22:28.552+0300] {dagbag.py:545} INFO - Filling up the DagBag from /home/wal/.pyenv/versions/3.12.0/lib/python3.12/site-packages/airflow/example_dags/plugins/event_listener.py
[2025-07-13T23:22:28.559+0300] {processor.py:842} WARNING - No viable dags retrieved from /home/wal/.pyenv/versions/3.12.0/lib/python3.12/site-packages/airflow/example_dags/plugins/event_listener.py
[2025-07-13T23:22:28.593+0300] {processor.py:183} INFO - Processing /home/wal/.pyenv/versions/3.12.0/lib/python3.12/site-packages/airflow/example_dags/plugins/event_listener.py took 0.066 seconds
[2025-07-13T23:23:05.236+0300] {processor.py:161} INFO - Started process (PID=5694) to work on /home/wal/.pyenv/versions/3.12.0/lib/python3.12/site-packages/airflow/example_dags/plugins/event_listener.py
[2025-07-13T23:23:05.245+0300] {processor.py:830} INFO - Processing file /home/wal/.pyenv/versions/3.12.0/lib/python3.12/site-packages/airflow/example_dags/plugins/event_listener.py for tasks to queue
[2025-07-13T23:23:05.249+0300] {logging_mixin.py:188} INFO - [2025-07-13T23:23:05.248+0300] {dagbag.py:545} INFO - Filling up the DagBag from /home/wal/.pyenv/versions/3.12.0/lib/python3.12/site-packages/airflow/example_dags/plugins/event_listener.py
[2025-07-13T23:23:05.253+0300] {processor.py:842} WARNING - No viable dags retrieved from /home/wal/.pyenv/versions/3.12.0/lib/python3.12/site-packages/airflow/example_dags/plugins/event_listener.py
[2025-07-13T23:23:05.275+0300] {processor.py:183} INFO - Processing /home/wal/.pyenv/versions/3.12.0/lib/python3.12/site-packages/airflow/example_dags/plugins/event_listener.py took 0.055 seconds
[2025-07-13T23:23:41.042+0300] {processor.py:161} INFO - Started process (PID=5723) to work on /home/wal/.pyenv/versions/3.12.0/lib/python3.12/site-packages/airflow/example_dags/plugins/event_listener.py
[2025-07-13T23:23:41.048+0300] {processor.py:830} INFO - Processing file /home/wal/.pyenv/versions/3.12.0/lib/python3.12/site-packages/airflow/example_dags/plugins/event_listener.py for tasks to queue
[2025-07-13T23:23:41.052+0300] {logging_mixin.py:188} INFO - [2025-07-13T23:23:41.051+0300] {dagbag.py:545} INFO - Filling up the DagBag from /home/wal/.pyenv/versions/3.12.0/lib/python3.12/site-packages/airflow/example_dags/plugins/event_listener.py
[2025-07-13T23:23:41.056+0300] {processor.py:842} WARNING - No viable dags retrieved from /home/wal/.pyenv/versions/3.12.0/lib/python3.12/site-packages/airflow/example_dags/plugins/event_listener.py
[2025-07-13T23:23:41.072+0300] {processor.py:183} INFO - Processing /home/wal/.pyenv/versions/3.12.0/lib/python3.12/site-packages/airflow/example_dags/plugins/event_listener.py took 0.041 seconds
[2025-07-13T23:24:26.631+0300] {processor.py:161} INFO - Started process (PID=5752) to work on /home/wal/.pyenv/versions/3.12.0/lib/python3.12/site-packages/airflow/example_dags/plugins/event_listener.py
[2025-07-13T23:24:26.644+0300] {processor.py:830} INFO - Processing file /home/wal/.pyenv/versions/3.12.0/lib/python3.12/site-packages/airflow/example_dags/plugins/event_listener.py for tasks to queue
[2025-07-13T23:24:26.659+0300] {logging_mixin.py:188} INFO - [2025-07-13T23:24:26.648+0300] {dagbag.py:545} INFO - Filling up the DagBag from /home/wal/.pyenv/versions/3.12.0/lib/python3.12/site-packages/airflow/example_dags/plugins/event_listener.py
[2025-07-13T23:24:26.676+0300] {processor.py:842} WARNING - No viable dags retrieved from /home/wal/.pyenv/versions/3.12.0/lib/python3.12/site-packages/airflow/example_dags/plugins/event_listener.py
[2025-07-13T23:24:26.730+0300] {processor.py:183} INFO - Processing /home/wal/.pyenv/versions/3.12.0/lib/python3.12/site-packages/airflow/example_dags/plugins/event_listener.py took 0.146 seconds
[2025-07-13T23:25:35.097+0300] {processor.py:161} INFO - Started process (PID=5791) to work on /home/wal/.pyenv/versions/3.12.0/lib/python3.12/site-packages/airflow/example_dags/plugins/event_listener.py
[2025-07-13T23:25:35.105+0300] {processor.py:830} INFO - Processing file /home/wal/.pyenv/versions/3.12.0/lib/python3.12/site-packages/airflow/example_dags/plugins/event_listener.py for tasks to queue
[2025-07-13T23:25:35.112+0300] {logging_mixin.py:188} INFO - [2025-07-13T23:25:35.111+0300] {dagbag.py:545} INFO - Filling up the DagBag from /home/wal/.pyenv/versions/3.12.0/lib/python3.12/site-packages/airflow/example_dags/plugins/event_listener.py
[2025-07-13T23:25:35.131+0300] {processor.py:842} WARNING - No viable dags retrieved from /home/wal/.pyenv/versions/3.12.0/lib/python3.12/site-packages/airflow/example_dags/plugins/event_listener.py
[2025-07-13T23:25:35.166+0300] {processor.py:183} INFO - Processing /home/wal/.pyenv/versions/3.12.0/lib/python3.12/site-packages/airflow/example_dags/plugins/event_listener.py took 0.096 seconds
[2025-07-13T23:26:23.525+0300] {processor.py:161} INFO - Started process (PID=5829) to work on /home/wal/.pyenv/versions/3.12.0/lib/python3.12/site-packages/airflow/example_dags/plugins/event_listener.py
[2025-07-13T23:26:23.529+0300] {processor.py:830} INFO - Processing file /home/wal/.pyenv/versions/3.12.0/lib/python3.12/site-packages/airflow/example_dags/plugins/event_listener.py for tasks to queue
[2025-07-13T23:26:23.534+0300] {logging_mixin.py:188} INFO - [2025-07-13T23:26:23.533+0300] {dagbag.py:545} INFO - Filling up the DagBag from /home/wal/.pyenv/versions/3.12.0/lib/python3.12/site-packages/airflow/example_dags/plugins/event_listener.py
[2025-07-13T23:26:23.545+0300] {processor.py:842} WARNING - No viable dags retrieved from /home/wal/.pyenv/versions/3.12.0/lib/python3.12/site-packages/airflow/example_dags/plugins/event_listener.py
[2025-07-13T23:26:23.613+0300] {processor.py:183} INFO - Processing /home/wal/.pyenv/versions/3.12.0/lib/python3.12/site-packages/airflow/example_dags/plugins/event_listener.py took 0.127 seconds
[2025-07-13T23:26:59.013+0300] {processor.py:161} INFO - Started process (PID=5858) to work on /home/wal/.pyenv/versions/3.12.0/lib/python3.12/site-packages/airflow/example_dags/plugins/event_listener.py
[2025-07-13T23:26:59.018+0300] {processor.py:830} INFO - Processing file /home/wal/.pyenv/versions/3.12.0/lib/python3.12/site-packages/airflow/example_dags/plugins/event_listener.py for tasks to queue
[2025-07-13T23:26:59.021+0300] {logging_mixin.py:188} INFO - [2025-07-13T23:26:59.020+0300] {dagbag.py:545} INFO - Filling up the DagBag from /home/wal/.pyenv/versions/3.12.0/lib/python3.12/site-packages/airflow/example_dags/plugins/event_listener.py
[2025-07-13T23:26:59.024+0300] {processor.py:842} WARNING - No viable dags retrieved from /home/wal/.pyenv/versions/3.12.0/lib/python3.12/site-packages/airflow/example_dags/plugins/event_listener.py
[2025-07-13T23:26:59.051+0300] {processor.py:183} INFO - Processing /home/wal/.pyenv/versions/3.12.0/lib/python3.12/site-packages/airflow/example_dags/plugins/event_listener.py took 0.048 seconds
[2025-07-13T23:27:33.223+0300] {processor.py:161} INFO - Started process (PID=5886) to work on /home/wal/.pyenv/versions/3.12.0/lib/python3.12/site-packages/airflow/example_dags/plugins/event_listener.py
[2025-07-13T23:27:33.225+0300] {processor.py:830} INFO - Processing file /home/wal/.pyenv/versions/3.12.0/lib/python3.12/site-packages/airflow/example_dags/plugins/event_listener.py for tasks to queue
[2025-07-13T23:27:33.227+0300] {logging_mixin.py:188} INFO - [2025-07-13T23:27:33.227+0300] {dagbag.py:545} INFO - Filling up the DagBag from /home/wal/.pyenv/versions/3.12.0/lib/python3.12/site-packages/airflow/example_dags/plugins/event_listener.py
[2025-07-13T23:27:33.230+0300] {processor.py:842} WARNING - No viable dags retrieved from /home/wal/.pyenv/versions/3.12.0/lib/python3.12/site-packages/airflow/example_dags/plugins/event_listener.py
[2025-07-13T23:27:33.247+0300] {processor.py:183} INFO - Processing /home/wal/.pyenv/versions/3.12.0/lib/python3.12/site-packages/airflow/example_dags/plugins/event_listener.py took 0.036 seconds
[2025-07-13T23:28:09.498+0300] {processor.py:161} INFO - Started process (PID=5914) to work on /home/wal/.pyenv/versions/3.12.0/lib/python3.12/site-packages/airflow/example_dags/plugins/event_listener.py
[2025-07-13T23:28:09.500+0300] {processor.py:830} INFO - Processing file /home/wal/.pyenv/versions/3.12.0/lib/python3.12/site-packages/airflow/example_dags/plugins/event_listener.py for tasks to queue
[2025-07-13T23:28:09.505+0300] {logging_mixin.py:188} INFO - [2025-07-13T23:28:09.504+0300] {dagbag.py:545} INFO - Filling up the DagBag from /home/wal/.pyenv/versions/3.12.0/lib/python3.12/site-packages/airflow/example_dags/plugins/event_listener.py
[2025-07-13T23:28:09.510+0300] {processor.py:842} WARNING - No viable dags retrieved from /home/wal/.pyenv/versions/3.12.0/lib/python3.12/site-packages/airflow/example_dags/plugins/event_listener.py
[2025-07-13T23:28:09.528+0300] {processor.py:183} INFO - Processing /home/wal/.pyenv/versions/3.12.0/lib/python3.12/site-packages/airflow/example_dags/plugins/event_listener.py took 0.038 seconds
[2025-07-13T23:28:48.336+0300] {processor.py:161} INFO - Started process (PID=5944) to work on /home/wal/.pyenv/versions/3.12.0/lib/python3.12/site-packages/airflow/example_dags/plugins/event_listener.py
[2025-07-13T23:28:48.339+0300] {processor.py:830} INFO - Processing file /home/wal/.pyenv/versions/3.12.0/lib/python3.12/site-packages/airflow/example_dags/plugins/event_listener.py for tasks to queue
[2025-07-13T23:28:48.341+0300] {logging_mixin.py:188} INFO - [2025-07-13T23:28:48.340+0300] {dagbag.py:545} INFO - Filling up the DagBag from /home/wal/.pyenv/versions/3.12.0/lib/python3.12/site-packages/airflow/example_dags/plugins/event_listener.py
[2025-07-13T23:28:48.344+0300] {processor.py:842} WARNING - No viable dags retrieved from /home/wal/.pyenv/versions/3.12.0/lib/python3.12/site-packages/airflow/example_dags/plugins/event_listener.py
[2025-07-13T23:28:48.361+0300] {processor.py:183} INFO - Processing /home/wal/.pyenv/versions/3.12.0/lib/python3.12/site-packages/airflow/example_dags/plugins/event_listener.py took 0.037 seconds
[2025-07-13T23:29:20.517+0300] {processor.py:161} INFO - Started process (PID=5973) to work on /home/wal/.pyenv/versions/3.12.0/lib/python3.12/site-packages/airflow/example_dags/plugins/event_listener.py
[2025-07-13T23:29:20.518+0300] {processor.py:830} INFO - Processing file /home/wal/.pyenv/versions/3.12.0/lib/python3.12/site-packages/airflow/example_dags/plugins/event_listener.py for tasks to queue
[2025-07-13T23:29:20.521+0300] {logging_mixin.py:188} INFO - [2025-07-13T23:29:20.521+0300] {dagbag.py:545} INFO - Filling up the DagBag from /home/wal/.pyenv/versions/3.12.0/lib/python3.12/site-packages/airflow/example_dags/plugins/event_listener.py
[2025-07-13T23:29:20.524+0300] {processor.py:842} WARNING - No viable dags retrieved from /home/wal/.pyenv/versions/3.12.0/lib/python3.12/site-packages/airflow/example_dags/plugins/event_listener.py
[2025-07-13T23:29:20.542+0300] {processor.py:183} INFO - Processing /home/wal/.pyenv/versions/3.12.0/lib/python3.12/site-packages/airflow/example_dags/plugins/event_listener.py took 0.038 seconds
[2025-07-13T23:30:19.703+0300] {processor.py:161} INFO - Started process (PID=6026) to work on /home/wal/.pyenv/versions/3.12.0/lib/python3.12/site-packages/airflow/example_dags/plugins/event_listener.py
[2025-07-13T23:30:19.704+0300] {processor.py:830} INFO - Processing file /home/wal/.pyenv/versions/3.12.0/lib/python3.12/site-packages/airflow/example_dags/plugins/event_listener.py for tasks to queue
[2025-07-13T23:30:19.707+0300] {logging_mixin.py:188} INFO - [2025-07-13T23:30:19.706+0300] {dagbag.py:545} INFO - Filling up the DagBag from /home/wal/.pyenv/versions/3.12.0/lib/python3.12/site-packages/airflow/example_dags/plugins/event_listener.py
[2025-07-13T23:30:19.712+0300] {processor.py:842} WARNING - No viable dags retrieved from /home/wal/.pyenv/versions/3.12.0/lib/python3.12/site-packages/airflow/example_dags/plugins/event_listener.py
[2025-07-13T23:30:19.729+0300] {processor.py:183} INFO - Processing /home/wal/.pyenv/versions/3.12.0/lib/python3.12/site-packages/airflow/example_dags/plugins/event_listener.py took 0.036 seconds
[2025-07-13T23:31:21.255+0300] {processor.py:161} INFO - Started process (PID=6079) to work on /home/wal/.pyenv/versions/3.12.0/lib/python3.12/site-packages/airflow/example_dags/plugins/event_listener.py
[2025-07-13T23:31:21.256+0300] {processor.py:830} INFO - Processing file /home/wal/.pyenv/versions/3.12.0/lib/python3.12/site-packages/airflow/example_dags/plugins/event_listener.py for tasks to queue
[2025-07-13T23:31:21.259+0300] {logging_mixin.py:188} INFO - [2025-07-13T23:31:21.258+0300] {dagbag.py:545} INFO - Filling up the DagBag from /home/wal/.pyenv/versions/3.12.0/lib/python3.12/site-packages/airflow/example_dags/plugins/event_listener.py
[2025-07-13T23:31:21.262+0300] {processor.py:842} WARNING - No viable dags retrieved from /home/wal/.pyenv/versions/3.12.0/lib/python3.12/site-packages/airflow/example_dags/plugins/event_listener.py
[2025-07-13T23:31:21.279+0300] {processor.py:183} INFO - Processing /home/wal/.pyenv/versions/3.12.0/lib/python3.12/site-packages/airflow/example_dags/plugins/event_listener.py took 0.036 seconds
[2025-07-13T23:32:18.529+0300] {processor.py:161} INFO - Started process (PID=6128) to work on /home/wal/.pyenv/versions/3.12.0/lib/python3.12/site-packages/airflow/example_dags/plugins/event_listener.py
[2025-07-13T23:32:18.531+0300] {processor.py:830} INFO - Processing file /home/wal/.pyenv/versions/3.12.0/lib/python3.12/site-packages/airflow/example_dags/plugins/event_listener.py for tasks to queue
[2025-07-13T23:32:18.534+0300] {logging_mixin.py:188} INFO - [2025-07-13T23:32:18.533+0300] {dagbag.py:545} INFO - Filling up the DagBag from /home/wal/.pyenv/versions/3.12.0/lib/python3.12/site-packages/airflow/example_dags/plugins/event_listener.py
[2025-07-13T23:32:18.537+0300] {processor.py:842} WARNING - No viable dags retrieved from /home/wal/.pyenv/versions/3.12.0/lib/python3.12/site-packages/airflow/example_dags/plugins/event_listener.py
[2025-07-13T23:32:18.555+0300] {processor.py:183} INFO - Processing /home/wal/.pyenv/versions/3.12.0/lib/python3.12/site-packages/airflow/example_dags/plugins/event_listener.py took 0.037 seconds
[2025-07-13T23:32:50.058+0300] {processor.py:161} INFO - Started process (PID=6156) to work on /home/wal/.pyenv/versions/3.12.0/lib/python3.12/site-packages/airflow/example_dags/plugins/event_listener.py
[2025-07-13T23:32:50.060+0300] {processor.py:830} INFO - Processing file /home/wal/.pyenv/versions/3.12.0/lib/python3.12/site-packages/airflow/example_dags/plugins/event_listener.py for tasks to queue
[2025-07-13T23:32:50.063+0300] {logging_mixin.py:188} INFO - [2025-07-13T23:32:50.062+0300] {dagbag.py:545} INFO - Filling up the DagBag from /home/wal/.pyenv/versions/3.12.0/lib/python3.12/site-packages/airflow/example_dags/plugins/event_listener.py
[2025-07-13T23:32:50.066+0300] {processor.py:842} WARNING - No viable dags retrieved from /home/wal/.pyenv/versions/3.12.0/lib/python3.12/site-packages/airflow/example_dags/plugins/event_listener.py
[2025-07-13T23:32:50.087+0300] {processor.py:183} INFO - Processing /home/wal/.pyenv/versions/3.12.0/lib/python3.12/site-packages/airflow/example_dags/plugins/event_listener.py took 0.041 seconds
[2025-07-13T23:33:21.615+0300] {processor.py:161} INFO - Started process (PID=6182) to work on /home/wal/.pyenv/versions/3.12.0/lib/python3.12/site-packages/airflow/example_dags/plugins/event_listener.py
[2025-07-13T23:33:21.616+0300] {processor.py:830} INFO - Processing file /home/wal/.pyenv/versions/3.12.0/lib/python3.12/site-packages/airflow/example_dags/plugins/event_listener.py for tasks to queue
[2025-07-13T23:33:21.618+0300] {logging_mixin.py:188} INFO - [2025-07-13T23:33:21.617+0300] {dagbag.py:545} INFO - Filling up the DagBag from /home/wal/.pyenv/versions/3.12.0/lib/python3.12/site-packages/airflow/example_dags/plugins/event_listener.py
[2025-07-13T23:33:21.621+0300] {processor.py:842} WARNING - No viable dags retrieved from /home/wal/.pyenv/versions/3.12.0/lib/python3.12/site-packages/airflow/example_dags/plugins/event_listener.py
[2025-07-13T23:33:21.639+0300] {processor.py:183} INFO - Processing /home/wal/.pyenv/versions/3.12.0/lib/python3.12/site-packages/airflow/example_dags/plugins/event_listener.py took 0.033 seconds
[2025-07-13T23:33:54.042+0300] {processor.py:161} INFO - Started process (PID=6211) to work on /home/wal/.pyenv/versions/3.12.0/lib/python3.12/site-packages/airflow/example_dags/plugins/event_listener.py
[2025-07-13T23:33:54.044+0300] {processor.py:830} INFO - Processing file /home/wal/.pyenv/versions/3.12.0/lib/python3.12/site-packages/airflow/example_dags/plugins/event_listener.py for tasks to queue
[2025-07-13T23:33:54.050+0300] {logging_mixin.py:188} INFO - [2025-07-13T23:33:54.048+0300] {dagbag.py:545} INFO - Filling up the DagBag from /home/wal/.pyenv/versions/3.12.0/lib/python3.12/site-packages/airflow/example_dags/plugins/event_listener.py
[2025-07-13T23:33:54.053+0300] {processor.py:842} WARNING - No viable dags retrieved from /home/wal/.pyenv/versions/3.12.0/lib/python3.12/site-packages/airflow/example_dags/plugins/event_listener.py
[2025-07-13T23:33:54.071+0300] {processor.py:183} INFO - Processing /home/wal/.pyenv/versions/3.12.0/lib/python3.12/site-packages/airflow/example_dags/plugins/event_listener.py took 0.038 seconds
[2025-07-13T23:34:27.787+0300] {processor.py:161} INFO - Started process (PID=6237) to work on /home/wal/.pyenv/versions/3.12.0/lib/python3.12/site-packages/airflow/example_dags/plugins/event_listener.py
[2025-07-13T23:34:27.798+0300] {processor.py:830} INFO - Processing file /home/wal/.pyenv/versions/3.12.0/lib/python3.12/site-packages/airflow/example_dags/plugins/event_listener.py for tasks to queue
[2025-07-13T23:34:27.802+0300] {logging_mixin.py:188} INFO - [2025-07-13T23:34:27.801+0300] {dagbag.py:545} INFO - Filling up the DagBag from /home/wal/.pyenv/versions/3.12.0/lib/python3.12/site-packages/airflow/example_dags/plugins/event_listener.py
[2025-07-13T23:34:27.805+0300] {processor.py:842} WARNING - No viable dags retrieved from /home/wal/.pyenv/versions/3.12.0/lib/python3.12/site-packages/airflow/example_dags/plugins/event_listener.py
[2025-07-13T23:34:27.825+0300] {processor.py:183} INFO - Processing /home/wal/.pyenv/versions/3.12.0/lib/python3.12/site-packages/airflow/example_dags/plugins/event_listener.py took 0.051 seconds
[2025-07-13T23:35:09.053+0300] {processor.py:161} INFO - Started process (PID=6270) to work on /home/wal/.pyenv/versions/3.12.0/lib/python3.12/site-packages/airflow/example_dags/plugins/event_listener.py
[2025-07-13T23:35:09.069+0300] {processor.py:830} INFO - Processing file /home/wal/.pyenv/versions/3.12.0/lib/python3.12/site-packages/airflow/example_dags/plugins/event_listener.py for tasks to queue
[2025-07-13T23:35:09.077+0300] {logging_mixin.py:188} INFO - [2025-07-13T23:35:09.076+0300] {dagbag.py:545} INFO - Filling up the DagBag from /home/wal/.pyenv/versions/3.12.0/lib/python3.12/site-packages/airflow/example_dags/plugins/event_listener.py
[2025-07-13T23:35:09.097+0300] {processor.py:842} WARNING - No viable dags retrieved from /home/wal/.pyenv/versions/3.12.0/lib/python3.12/site-packages/airflow/example_dags/plugins/event_listener.py
[2025-07-13T23:35:09.207+0300] {processor.py:183} INFO - Processing /home/wal/.pyenv/versions/3.12.0/lib/python3.12/site-packages/airflow/example_dags/plugins/event_listener.py took 0.212 seconds
[2025-07-13T23:35:44.948+0300] {processor.py:161} INFO - Started process (PID=6302) to work on /home/wal/.pyenv/versions/3.12.0/lib/python3.12/site-packages/airflow/example_dags/plugins/event_listener.py
[2025-07-13T23:35:44.950+0300] {processor.py:830} INFO - Processing file /home/wal/.pyenv/versions/3.12.0/lib/python3.12/site-packages/airflow/example_dags/plugins/event_listener.py for tasks to queue
[2025-07-13T23:35:44.952+0300] {logging_mixin.py:188} INFO - [2025-07-13T23:35:44.952+0300] {dagbag.py:545} INFO - Filling up the DagBag from /home/wal/.pyenv/versions/3.12.0/lib/python3.12/site-packages/airflow/example_dags/plugins/event_listener.py
[2025-07-13T23:35:44.958+0300] {processor.py:842} WARNING - No viable dags retrieved from /home/wal/.pyenv/versions/3.12.0/lib/python3.12/site-packages/airflow/example_dags/plugins/event_listener.py
[2025-07-13T23:35:44.978+0300] {processor.py:183} INFO - Processing /home/wal/.pyenv/versions/3.12.0/lib/python3.12/site-packages/airflow/example_dags/plugins/event_listener.py took 0.041 seconds
[2025-07-13T23:36:16.381+0300] {processor.py:161} INFO - Started process (PID=6329) to work on /home/wal/.pyenv/versions/3.12.0/lib/python3.12/site-packages/airflow/example_dags/plugins/event_listener.py
[2025-07-13T23:36:16.383+0300] {processor.py:830} INFO - Processing file /home/wal/.pyenv/versions/3.12.0/lib/python3.12/site-packages/airflow/example_dags/plugins/event_listener.py for tasks to queue
[2025-07-13T23:36:16.388+0300] {logging_mixin.py:188} INFO - [2025-07-13T23:36:16.387+0300] {dagbag.py:545} INFO - Filling up the DagBag from /home/wal/.pyenv/versions/3.12.0/lib/python3.12/site-packages/airflow/example_dags/plugins/event_listener.py
[2025-07-13T23:36:16.393+0300] {processor.py:842} WARNING - No viable dags retrieved from /home/wal/.pyenv/versions/3.12.0/lib/python3.12/site-packages/airflow/example_dags/plugins/event_listener.py
[2025-07-13T23:36:16.414+0300] {processor.py:183} INFO - Processing /home/wal/.pyenv/versions/3.12.0/lib/python3.12/site-packages/airflow/example_dags/plugins/event_listener.py took 0.043 seconds
[2025-07-13T23:37:13.952+0300] {processor.py:161} INFO - Started process (PID=6380) to work on /home/wal/.pyenv/versions/3.12.0/lib/python3.12/site-packages/airflow/example_dags/plugins/event_listener.py
[2025-07-13T23:37:13.959+0300] {processor.py:830} INFO - Processing file /home/wal/.pyenv/versions/3.12.0/lib/python3.12/site-packages/airflow/example_dags/plugins/event_listener.py for tasks to queue
[2025-07-13T23:37:13.962+0300] {logging_mixin.py:188} INFO - [2025-07-13T23:37:13.961+0300] {dagbag.py:545} INFO - Filling up the DagBag from /home/wal/.pyenv/versions/3.12.0/lib/python3.12/site-packages/airflow/example_dags/plugins/event_listener.py
[2025-07-13T23:37:13.965+0300] {processor.py:842} WARNING - No viable dags retrieved from /home/wal/.pyenv/versions/3.12.0/lib/python3.12/site-packages/airflow/example_dags/plugins/event_listener.py
[2025-07-13T23:37:13.983+0300] {processor.py:183} INFO - Processing /home/wal/.pyenv/versions/3.12.0/lib/python3.12/site-packages/airflow/example_dags/plugins/event_listener.py took 0.044 seconds
[2025-07-13T23:38:13.602+0300] {processor.py:161} INFO - Started process (PID=6432) to work on /home/wal/.pyenv/versions/3.12.0/lib/python3.12/site-packages/airflow/example_dags/plugins/event_listener.py
[2025-07-13T23:38:13.610+0300] {processor.py:830} INFO - Processing file /home/wal/.pyenv/versions/3.12.0/lib/python3.12/site-packages/airflow/example_dags/plugins/event_listener.py for tasks to queue
[2025-07-13T23:38:13.612+0300] {logging_mixin.py:188} INFO - [2025-07-13T23:38:13.612+0300] {dagbag.py:545} INFO - Filling up the DagBag from /home/wal/.pyenv/versions/3.12.0/lib/python3.12/site-packages/airflow/example_dags/plugins/event_listener.py
[2025-07-13T23:38:13.615+0300] {processor.py:842} WARNING - No viable dags retrieved from /home/wal/.pyenv/versions/3.12.0/lib/python3.12/site-packages/airflow/example_dags/plugins/event_listener.py
[2025-07-13T23:38:13.629+0300] {processor.py:183} INFO - Processing /home/wal/.pyenv/versions/3.12.0/lib/python3.12/site-packages/airflow/example_dags/plugins/event_listener.py took 0.039 seconds
[2025-07-13T23:39:11.515+0300] {processor.py:161} INFO - Started process (PID=6484) to work on /home/wal/.pyenv/versions/3.12.0/lib/python3.12/site-packages/airflow/example_dags/plugins/event_listener.py
[2025-07-13T23:39:11.517+0300] {processor.py:830} INFO - Processing file /home/wal/.pyenv/versions/3.12.0/lib/python3.12/site-packages/airflow/example_dags/plugins/event_listener.py for tasks to queue
[2025-07-13T23:39:11.519+0300] {logging_mixin.py:188} INFO - [2025-07-13T23:39:11.519+0300] {dagbag.py:545} INFO - Filling up the DagBag from /home/wal/.pyenv/versions/3.12.0/lib/python3.12/site-packages/airflow/example_dags/plugins/event_listener.py
[2025-07-13T23:39:11.522+0300] {processor.py:842} WARNING - No viable dags retrieved from /home/wal/.pyenv/versions/3.12.0/lib/python3.12/site-packages/airflow/example_dags/plugins/event_listener.py
[2025-07-13T23:39:11.536+0300] {processor.py:183} INFO - Processing /home/wal/.pyenv/versions/3.12.0/lib/python3.12/site-packages/airflow/example_dags/plugins/event_listener.py took 0.033 seconds
[2025-07-13T23:40:09.047+0300] {processor.py:161} INFO - Started process (PID=6535) to work on /home/wal/.pyenv/versions/3.12.0/lib/python3.12/site-packages/airflow/example_dags/plugins/event_listener.py
[2025-07-13T23:40:09.054+0300] {processor.py:830} INFO - Processing file /home/wal/.pyenv/versions/3.12.0/lib/python3.12/site-packages/airflow/example_dags/plugins/event_listener.py for tasks to queue
[2025-07-13T23:40:09.056+0300] {logging_mixin.py:188} INFO - [2025-07-13T23:40:09.056+0300] {dagbag.py:545} INFO - Filling up the DagBag from /home/wal/.pyenv/versions/3.12.0/lib/python3.12/site-packages/airflow/example_dags/plugins/event_listener.py
[2025-07-13T23:40:09.058+0300] {processor.py:842} WARNING - No viable dags retrieved from /home/wal/.pyenv/versions/3.12.0/lib/python3.12/site-packages/airflow/example_dags/plugins/event_listener.py
[2025-07-13T23:40:09.072+0300] {processor.py:183} INFO - Processing /home/wal/.pyenv/versions/3.12.0/lib/python3.12/site-packages/airflow/example_dags/plugins/event_listener.py took 0.033 seconds
[2025-07-13T23:40:59.278+0300] {processor.py:161} INFO - Started process (PID=6584) to work on /home/wal/.pyenv/versions/3.12.0/lib/python3.12/site-packages/airflow/example_dags/plugins/event_listener.py
[2025-07-13T23:40:59.284+0300] {processor.py:830} INFO - Processing file /home/wal/.pyenv/versions/3.12.0/lib/python3.12/site-packages/airflow/example_dags/plugins/event_listener.py for tasks to queue
[2025-07-13T23:40:59.287+0300] {logging_mixin.py:188} INFO - [2025-07-13T23:40:59.287+0300] {dagbag.py:545} INFO - Filling up the DagBag from /home/wal/.pyenv/versions/3.12.0/lib/python3.12/site-packages/airflow/example_dags/plugins/event_listener.py
[2025-07-13T23:40:59.290+0300] {processor.py:842} WARNING - No viable dags retrieved from /home/wal/.pyenv/versions/3.12.0/lib/python3.12/site-packages/airflow/example_dags/plugins/event_listener.py
[2025-07-13T23:40:59.306+0300] {processor.py:183} INFO - Processing /home/wal/.pyenv/versions/3.12.0/lib/python3.12/site-packages/airflow/example_dags/plugins/event_listener.py took 0.036 seconds
[2025-07-13T23:41:49.050+0300] {processor.py:161} INFO - Started process (PID=6632) to work on /home/wal/.pyenv/versions/3.12.0/lib/python3.12/site-packages/airflow/example_dags/plugins/event_listener.py
[2025-07-13T23:41:49.052+0300] {processor.py:830} INFO - Processing file /home/wal/.pyenv/versions/3.12.0/lib/python3.12/site-packages/airflow/example_dags/plugins/event_listener.py for tasks to queue
[2025-07-13T23:41:49.058+0300] {logging_mixin.py:188} INFO - [2025-07-13T23:41:49.057+0300] {dagbag.py:545} INFO - Filling up the DagBag from /home/wal/.pyenv/versions/3.12.0/lib/python3.12/site-packages/airflow/example_dags/plugins/event_listener.py
[2025-07-13T23:41:49.061+0300] {processor.py:842} WARNING - No viable dags retrieved from /home/wal/.pyenv/versions/3.12.0/lib/python3.12/site-packages/airflow/example_dags/plugins/event_listener.py
[2025-07-13T23:41:49.079+0300] {processor.py:183} INFO - Processing /home/wal/.pyenv/versions/3.12.0/lib/python3.12/site-packages/airflow/example_dags/plugins/event_listener.py took 0.036 seconds
[2025-07-13T23:42:42.255+0300] {processor.py:161} INFO - Started process (PID=6681) to work on /home/wal/.pyenv/versions/3.12.0/lib/python3.12/site-packages/airflow/example_dags/plugins/event_listener.py
[2025-07-13T23:42:42.261+0300] {processor.py:830} INFO - Processing file /home/wal/.pyenv/versions/3.12.0/lib/python3.12/site-packages/airflow/example_dags/plugins/event_listener.py for tasks to queue
[2025-07-13T23:42:42.263+0300] {logging_mixin.py:188} INFO - [2025-07-13T23:42:42.263+0300] {dagbag.py:545} INFO - Filling up the DagBag from /home/wal/.pyenv/versions/3.12.0/lib/python3.12/site-packages/airflow/example_dags/plugins/event_listener.py
[2025-07-13T23:42:42.268+0300] {processor.py:842} WARNING - No viable dags retrieved from /home/wal/.pyenv/versions/3.12.0/lib/python3.12/site-packages/airflow/example_dags/plugins/event_listener.py
[2025-07-13T23:42:42.281+0300] {processor.py:183} INFO - Processing /home/wal/.pyenv/versions/3.12.0/lib/python3.12/site-packages/airflow/example_dags/plugins/event_listener.py took 0.040 seconds
[2025-07-13T23:43:35.943+0300] {processor.py:161} INFO - Started process (PID=6730) to work on /home/wal/.pyenv/versions/3.12.0/lib/python3.12/site-packages/airflow/example_dags/plugins/event_listener.py
[2025-07-13T23:43:35.945+0300] {processor.py:830} INFO - Processing file /home/wal/.pyenv/versions/3.12.0/lib/python3.12/site-packages/airflow/example_dags/plugins/event_listener.py for tasks to queue
[2025-07-13T23:43:35.946+0300] {logging_mixin.py:188} INFO - [2025-07-13T23:43:35.946+0300] {dagbag.py:545} INFO - Filling up the DagBag from /home/wal/.pyenv/versions/3.12.0/lib/python3.12/site-packages/airflow/example_dags/plugins/event_listener.py
[2025-07-13T23:43:35.949+0300] {processor.py:842} WARNING - No viable dags retrieved from /home/wal/.pyenv/versions/3.12.0/lib/python3.12/site-packages/airflow/example_dags/plugins/event_listener.py
[2025-07-13T23:43:35.964+0300] {processor.py:183} INFO - Processing /home/wal/.pyenv/versions/3.12.0/lib/python3.12/site-packages/airflow/example_dags/plugins/event_listener.py took 0.031 seconds
[2025-07-13T23:44:34.823+0300] {processor.py:161} INFO - Started process (PID=6782) to work on /home/wal/.pyenv/versions/3.12.0/lib/python3.12/site-packages/airflow/example_dags/plugins/event_listener.py
[2025-07-13T23:44:34.830+0300] {processor.py:830} INFO - Processing file /home/wal/.pyenv/versions/3.12.0/lib/python3.12/site-packages/airflow/example_dags/plugins/event_listener.py for tasks to queue
[2025-07-13T23:44:34.833+0300] {logging_mixin.py:188} INFO - [2025-07-13T23:44:34.832+0300] {dagbag.py:545} INFO - Filling up the DagBag from /home/wal/.pyenv/versions/3.12.0/lib/python3.12/site-packages/airflow/example_dags/plugins/event_listener.py
[2025-07-13T23:44:34.836+0300] {processor.py:842} WARNING - No viable dags retrieved from /home/wal/.pyenv/versions/3.12.0/lib/python3.12/site-packages/airflow/example_dags/plugins/event_listener.py
[2025-07-13T23:44:34.853+0300] {processor.py:183} INFO - Processing /home/wal/.pyenv/versions/3.12.0/lib/python3.12/site-packages/airflow/example_dags/plugins/event_listener.py took 0.042 seconds
[2025-07-13T23:45:29.815+0300] {processor.py:161} INFO - Started process (PID=6835) to work on /home/wal/.pyenv/versions/3.12.0/lib/python3.12/site-packages/airflow/example_dags/plugins/event_listener.py
[2025-07-13T23:45:29.817+0300] {processor.py:830} INFO - Processing file /home/wal/.pyenv/versions/3.12.0/lib/python3.12/site-packages/airflow/example_dags/plugins/event_listener.py for tasks to queue
[2025-07-13T23:45:29.821+0300] {logging_mixin.py:188} INFO - [2025-07-13T23:45:29.821+0300] {dagbag.py:545} INFO - Filling up the DagBag from /home/wal/.pyenv/versions/3.12.0/lib/python3.12/site-packages/airflow/example_dags/plugins/event_listener.py
[2025-07-13T23:45:29.824+0300] {processor.py:842} WARNING - No viable dags retrieved from /home/wal/.pyenv/versions/3.12.0/lib/python3.12/site-packages/airflow/example_dags/plugins/event_listener.py
[2025-07-13T23:45:29.838+0300] {processor.py:183} INFO - Processing /home/wal/.pyenv/versions/3.12.0/lib/python3.12/site-packages/airflow/example_dags/plugins/event_listener.py took 0.030 seconds
[2025-07-13T23:46:24.293+0300] {processor.py:161} INFO - Started process (PID=6884) to work on /home/wal/.pyenv/versions/3.12.0/lib/python3.12/site-packages/airflow/example_dags/plugins/event_listener.py
[2025-07-13T23:46:24.295+0300] {processor.py:830} INFO - Processing file /home/wal/.pyenv/versions/3.12.0/lib/python3.12/site-packages/airflow/example_dags/plugins/event_listener.py for tasks to queue
[2025-07-13T23:46:24.297+0300] {logging_mixin.py:188} INFO - [2025-07-13T23:46:24.296+0300] {dagbag.py:545} INFO - Filling up the DagBag from /home/wal/.pyenv/versions/3.12.0/lib/python3.12/site-packages/airflow/example_dags/plugins/event_listener.py
[2025-07-13T23:46:24.301+0300] {processor.py:842} WARNING - No viable dags retrieved from /home/wal/.pyenv/versions/3.12.0/lib/python3.12/site-packages/airflow/example_dags/plugins/event_listener.py
[2025-07-13T23:46:24.314+0300] {processor.py:183} INFO - Processing /home/wal/.pyenv/versions/3.12.0/lib/python3.12/site-packages/airflow/example_dags/plugins/event_listener.py took 0.033 seconds
[2025-07-13T23:47:22.429+0300] {processor.py:161} INFO - Started process (PID=6937) to work on /home/wal/.pyenv/versions/3.12.0/lib/python3.12/site-packages/airflow/example_dags/plugins/event_listener.py
[2025-07-13T23:47:22.435+0300] {processor.py:830} INFO - Processing file /home/wal/.pyenv/versions/3.12.0/lib/python3.12/site-packages/airflow/example_dags/plugins/event_listener.py for tasks to queue
[2025-07-13T23:47:22.439+0300] {logging_mixin.py:188} INFO - [2025-07-13T23:47:22.438+0300] {dagbag.py:545} INFO - Filling up the DagBag from /home/wal/.pyenv/versions/3.12.0/lib/python3.12/site-packages/airflow/example_dags/plugins/event_listener.py
[2025-07-13T23:47:22.442+0300] {processor.py:842} WARNING - No viable dags retrieved from /home/wal/.pyenv/versions/3.12.0/lib/python3.12/site-packages/airflow/example_dags/plugins/event_listener.py
[2025-07-13T23:47:22.458+0300] {processor.py:183} INFO - Processing /home/wal/.pyenv/versions/3.12.0/lib/python3.12/site-packages/airflow/example_dags/plugins/event_listener.py took 0.037 seconds
[2025-07-13T23:48:15.282+0300] {processor.py:161} INFO - Started process (PID=6986) to work on /home/wal/.pyenv/versions/3.12.0/lib/python3.12/site-packages/airflow/example_dags/plugins/event_listener.py
[2025-07-13T23:48:15.289+0300] {processor.py:830} INFO - Processing file /home/wal/.pyenv/versions/3.12.0/lib/python3.12/site-packages/airflow/example_dags/plugins/event_listener.py for tasks to queue
[2025-07-13T23:48:15.293+0300] {logging_mixin.py:188} INFO - [2025-07-13T23:48:15.292+0300] {dagbag.py:545} INFO - Filling up the DagBag from /home/wal/.pyenv/versions/3.12.0/lib/python3.12/site-packages/airflow/example_dags/plugins/event_listener.py
[2025-07-13T23:48:15.296+0300] {processor.py:842} WARNING - No viable dags retrieved from /home/wal/.pyenv/versions/3.12.0/lib/python3.12/site-packages/airflow/example_dags/plugins/event_listener.py
[2025-07-13T23:48:15.317+0300] {processor.py:183} INFO - Processing /home/wal/.pyenv/versions/3.12.0/lib/python3.12/site-packages/airflow/example_dags/plugins/event_listener.py took 0.050 seconds
[2025-07-13T23:49:11.254+0300] {processor.py:161} INFO - Started process (PID=7037) to work on /home/wal/.pyenv/versions/3.12.0/lib/python3.12/site-packages/airflow/example_dags/plugins/event_listener.py
[2025-07-13T23:49:11.257+0300] {processor.py:830} INFO - Processing file /home/wal/.pyenv/versions/3.12.0/lib/python3.12/site-packages/airflow/example_dags/plugins/event_listener.py for tasks to queue
[2025-07-13T23:49:11.259+0300] {logging_mixin.py:188} INFO - [2025-07-13T23:49:11.259+0300] {dagbag.py:545} INFO - Filling up the DagBag from /home/wal/.pyenv/versions/3.12.0/lib/python3.12/site-packages/airflow/example_dags/plugins/event_listener.py
[2025-07-13T23:49:11.265+0300] {processor.py:842} WARNING - No viable dags retrieved from /home/wal/.pyenv/versions/3.12.0/lib/python3.12/site-packages/airflow/example_dags/plugins/event_listener.py
[2025-07-13T23:49:11.282+0300] {processor.py:183} INFO - Processing /home/wal/.pyenv/versions/3.12.0/lib/python3.12/site-packages/airflow/example_dags/plugins/event_listener.py took 0.042 seconds
[2025-07-13T23:50:02.311+0300] {processor.py:161} INFO - Started process (PID=7086) to work on /home/wal/.pyenv/versions/3.12.0/lib/python3.12/site-packages/airflow/example_dags/plugins/event_listener.py
[2025-07-13T23:50:02.312+0300] {processor.py:830} INFO - Processing file /home/wal/.pyenv/versions/3.12.0/lib/python3.12/site-packages/airflow/example_dags/plugins/event_listener.py for tasks to queue
[2025-07-13T23:50:02.314+0300] {logging_mixin.py:188} INFO - [2025-07-13T23:50:02.314+0300] {dagbag.py:545} INFO - Filling up the DagBag from /home/wal/.pyenv/versions/3.12.0/lib/python3.12/site-packages/airflow/example_dags/plugins/event_listener.py
[2025-07-13T23:50:02.319+0300] {processor.py:842} WARNING - No viable dags retrieved from /home/wal/.pyenv/versions/3.12.0/lib/python3.12/site-packages/airflow/example_dags/plugins/event_listener.py
[2025-07-13T23:50:02.332+0300] {processor.py:183} INFO - Processing /home/wal/.pyenv/versions/3.12.0/lib/python3.12/site-packages/airflow/example_dags/plugins/event_listener.py took 0.028 seconds
[2025-07-13T23:50:55.698+0300] {processor.py:161} INFO - Started process (PID=7135) to work on /home/wal/.pyenv/versions/3.12.0/lib/python3.12/site-packages/airflow/example_dags/plugins/event_listener.py
[2025-07-13T23:50:55.700+0300] {processor.py:830} INFO - Processing file /home/wal/.pyenv/versions/3.12.0/lib/python3.12/site-packages/airflow/example_dags/plugins/event_listener.py for tasks to queue
[2025-07-13T23:50:55.705+0300] {logging_mixin.py:188} INFO - [2025-07-13T23:50:55.704+0300] {dagbag.py:545} INFO - Filling up the DagBag from /home/wal/.pyenv/versions/3.12.0/lib/python3.12/site-packages/airflow/example_dags/plugins/event_listener.py
[2025-07-13T23:50:55.707+0300] {processor.py:842} WARNING - No viable dags retrieved from /home/wal/.pyenv/versions/3.12.0/lib/python3.12/site-packages/airflow/example_dags/plugins/event_listener.py
[2025-07-13T23:50:55.721+0300] {processor.py:183} INFO - Processing /home/wal/.pyenv/versions/3.12.0/lib/python3.12/site-packages/airflow/example_dags/plugins/event_listener.py took 0.031 seconds
[2025-07-13T23:51:56.132+0300] {processor.py:161} INFO - Started process (PID=7187) to work on /home/wal/.pyenv/versions/3.12.0/lib/python3.12/site-packages/airflow/example_dags/plugins/event_listener.py
[2025-07-13T23:51:56.133+0300] {processor.py:830} INFO - Processing file /home/wal/.pyenv/versions/3.12.0/lib/python3.12/site-packages/airflow/example_dags/plugins/event_listener.py for tasks to queue
[2025-07-13T23:51:56.135+0300] {logging_mixin.py:188} INFO - [2025-07-13T23:51:56.134+0300] {dagbag.py:545} INFO - Filling up the DagBag from /home/wal/.pyenv/versions/3.12.0/lib/python3.12/site-packages/airflow/example_dags/plugins/event_listener.py
[2025-07-13T23:51:56.139+0300] {processor.py:842} WARNING - No viable dags retrieved from /home/wal/.pyenv/versions/3.12.0/lib/python3.12/site-packages/airflow/example_dags/plugins/event_listener.py
[2025-07-13T23:51:56.161+0300] {processor.py:183} INFO - Processing /home/wal/.pyenv/versions/3.12.0/lib/python3.12/site-packages/airflow/example_dags/plugins/event_listener.py took 0.038 seconds
[2025-07-13T23:52:27.788+0300] {processor.py:161} INFO - Started process (PID=7215) to work on /home/wal/.pyenv/versions/3.12.0/lib/python3.12/site-packages/airflow/example_dags/plugins/event_listener.py
[2025-07-13T23:52:27.789+0300] {processor.py:830} INFO - Processing file /home/wal/.pyenv/versions/3.12.0/lib/python3.12/site-packages/airflow/example_dags/plugins/event_listener.py for tasks to queue
[2025-07-13T23:52:27.792+0300] {logging_mixin.py:188} INFO - [2025-07-13T23:52:27.791+0300] {dagbag.py:545} INFO - Filling up the DagBag from /home/wal/.pyenv/versions/3.12.0/lib/python3.12/site-packages/airflow/example_dags/plugins/event_listener.py
[2025-07-13T23:52:27.794+0300] {processor.py:842} WARNING - No viable dags retrieved from /home/wal/.pyenv/versions/3.12.0/lib/python3.12/site-packages/airflow/example_dags/plugins/event_listener.py
[2025-07-13T23:52:27.809+0300] {processor.py:183} INFO - Processing /home/wal/.pyenv/versions/3.12.0/lib/python3.12/site-packages/airflow/example_dags/plugins/event_listener.py took 0.032 seconds
[2025-07-13T23:53:24.544+0300] {processor.py:161} INFO - Started process (PID=7266) to work on /home/wal/.pyenv/versions/3.12.0/lib/python3.12/site-packages/airflow/example_dags/plugins/event_listener.py
[2025-07-13T23:53:24.546+0300] {processor.py:830} INFO - Processing file /home/wal/.pyenv/versions/3.12.0/lib/python3.12/site-packages/airflow/example_dags/plugins/event_listener.py for tasks to queue
[2025-07-13T23:53:24.549+0300] {logging_mixin.py:188} INFO - [2025-07-13T23:53:24.548+0300] {dagbag.py:545} INFO - Filling up the DagBag from /home/wal/.pyenv/versions/3.12.0/lib/python3.12/site-packages/airflow/example_dags/plugins/event_listener.py
[2025-07-13T23:53:24.552+0300] {processor.py:842} WARNING - No viable dags retrieved from /home/wal/.pyenv/versions/3.12.0/lib/python3.12/site-packages/airflow/example_dags/plugins/event_listener.py
[2025-07-13T23:53:24.570+0300] {processor.py:183} INFO - Processing /home/wal/.pyenv/versions/3.12.0/lib/python3.12/site-packages/airflow/example_dags/plugins/event_listener.py took 0.040 seconds
[2025-07-13T23:54:20.392+0300] {processor.py:161} INFO - Started process (PID=7318) to work on /home/wal/.pyenv/versions/3.12.0/lib/python3.12/site-packages/airflow/example_dags/plugins/event_listener.py
[2025-07-13T23:54:20.397+0300] {processor.py:830} INFO - Processing file /home/wal/.pyenv/versions/3.12.0/lib/python3.12/site-packages/airflow/example_dags/plugins/event_listener.py for tasks to queue
[2025-07-13T23:54:20.401+0300] {logging_mixin.py:188} INFO - [2025-07-13T23:54:20.400+0300] {dagbag.py:545} INFO - Filling up the DagBag from /home/wal/.pyenv/versions/3.12.0/lib/python3.12/site-packages/airflow/example_dags/plugins/event_listener.py
[2025-07-13T23:54:20.407+0300] {processor.py:842} WARNING - No viable dags retrieved from /home/wal/.pyenv/versions/3.12.0/lib/python3.12/site-packages/airflow/example_dags/plugins/event_listener.py
[2025-07-13T23:54:20.430+0300] {processor.py:183} INFO - Processing /home/wal/.pyenv/versions/3.12.0/lib/python3.12/site-packages/airflow/example_dags/plugins/event_listener.py took 0.058 seconds
[2025-07-13T23:55:18.476+0300] {processor.py:161} INFO - Started process (PID=7371) to work on /home/wal/.pyenv/versions/3.12.0/lib/python3.12/site-packages/airflow/example_dags/plugins/event_listener.py
[2025-07-13T23:55:18.477+0300] {processor.py:830} INFO - Processing file /home/wal/.pyenv/versions/3.12.0/lib/python3.12/site-packages/airflow/example_dags/plugins/event_listener.py for tasks to queue
[2025-07-13T23:55:18.482+0300] {logging_mixin.py:188} INFO - [2025-07-13T23:55:18.480+0300] {dagbag.py:545} INFO - Filling up the DagBag from /home/wal/.pyenv/versions/3.12.0/lib/python3.12/site-packages/airflow/example_dags/plugins/event_listener.py
[2025-07-13T23:55:18.485+0300] {processor.py:842} WARNING - No viable dags retrieved from /home/wal/.pyenv/versions/3.12.0/lib/python3.12/site-packages/airflow/example_dags/plugins/event_listener.py
[2025-07-13T23:55:18.499+0300] {processor.py:183} INFO - Processing /home/wal/.pyenv/versions/3.12.0/lib/python3.12/site-packages/airflow/example_dags/plugins/event_listener.py took 0.032 seconds
[2025-07-13T23:56:12.205+0300] {processor.py:161} INFO - Started process (PID=7421) to work on /home/wal/.pyenv/versions/3.12.0/lib/python3.12/site-packages/airflow/example_dags/plugins/event_listener.py
[2025-07-13T23:56:12.214+0300] {processor.py:830} INFO - Processing file /home/wal/.pyenv/versions/3.12.0/lib/python3.12/site-packages/airflow/example_dags/plugins/event_listener.py for tasks to queue
[2025-07-13T23:56:12.225+0300] {logging_mixin.py:188} INFO - [2025-07-13T23:56:12.224+0300] {dagbag.py:545} INFO - Filling up the DagBag from /home/wal/.pyenv/versions/3.12.0/lib/python3.12/site-packages/airflow/example_dags/plugins/event_listener.py
[2025-07-13T23:56:12.234+0300] {processor.py:842} WARNING - No viable dags retrieved from /home/wal/.pyenv/versions/3.12.0/lib/python3.12/site-packages/airflow/example_dags/plugins/event_listener.py
[2025-07-13T23:56:12.260+0300] {processor.py:183} INFO - Processing /home/wal/.pyenv/versions/3.12.0/lib/python3.12/site-packages/airflow/example_dags/plugins/event_listener.py took 0.083 seconds
[2025-07-13T23:57:10.309+0300] {processor.py:161} INFO - Started process (PID=7472) to work on /home/wal/.pyenv/versions/3.12.0/lib/python3.12/site-packages/airflow/example_dags/plugins/event_listener.py
[2025-07-13T23:57:10.312+0300] {processor.py:830} INFO - Processing file /home/wal/.pyenv/versions/3.12.0/lib/python3.12/site-packages/airflow/example_dags/plugins/event_listener.py for tasks to queue
[2025-07-13T23:57:10.314+0300] {logging_mixin.py:188} INFO - [2025-07-13T23:57:10.314+0300] {dagbag.py:545} INFO - Filling up the DagBag from /home/wal/.pyenv/versions/3.12.0/lib/python3.12/site-packages/airflow/example_dags/plugins/event_listener.py
[2025-07-13T23:57:10.317+0300] {processor.py:842} WARNING - No viable dags retrieved from /home/wal/.pyenv/versions/3.12.0/lib/python3.12/site-packages/airflow/example_dags/plugins/event_listener.py
[2025-07-13T23:57:10.332+0300] {processor.py:183} INFO - Processing /home/wal/.pyenv/versions/3.12.0/lib/python3.12/site-packages/airflow/example_dags/plugins/event_listener.py took 0.035 seconds
[2025-07-13T23:58:06.953+0300] {processor.py:161} INFO - Started process (PID=7524) to work on /home/wal/.pyenv/versions/3.12.0/lib/python3.12/site-packages/airflow/example_dags/plugins/event_listener.py
[2025-07-13T23:58:06.960+0300] {processor.py:830} INFO - Processing file /home/wal/.pyenv/versions/3.12.0/lib/python3.12/site-packages/airflow/example_dags/plugins/event_listener.py for tasks to queue
[2025-07-13T23:58:06.962+0300] {logging_mixin.py:188} INFO - [2025-07-13T23:58:06.962+0300] {dagbag.py:545} INFO - Filling up the DagBag from /home/wal/.pyenv/versions/3.12.0/lib/python3.12/site-packages/airflow/example_dags/plugins/event_listener.py
[2025-07-13T23:58:06.966+0300] {processor.py:842} WARNING - No viable dags retrieved from /home/wal/.pyenv/versions/3.12.0/lib/python3.12/site-packages/airflow/example_dags/plugins/event_listener.py
[2025-07-13T23:58:06.996+0300] {processor.py:183} INFO - Processing /home/wal/.pyenv/versions/3.12.0/lib/python3.12/site-packages/airflow/example_dags/plugins/event_listener.py took 0.052 seconds
[2025-07-13T23:58:59.437+0300] {processor.py:161} INFO - Started process (PID=7572) to work on /home/wal/.pyenv/versions/3.12.0/lib/python3.12/site-packages/airflow/example_dags/plugins/event_listener.py
[2025-07-13T23:58:59.441+0300] {processor.py:830} INFO - Processing file /home/wal/.pyenv/versions/3.12.0/lib/python3.12/site-packages/airflow/example_dags/plugins/event_listener.py for tasks to queue
[2025-07-13T23:58:59.446+0300] {logging_mixin.py:188} INFO - [2025-07-13T23:58:59.444+0300] {dagbag.py:545} INFO - Filling up the DagBag from /home/wal/.pyenv/versions/3.12.0/lib/python3.12/site-packages/airflow/example_dags/plugins/event_listener.py
[2025-07-13T23:58:59.452+0300] {processor.py:842} WARNING - No viable dags retrieved from /home/wal/.pyenv/versions/3.12.0/lib/python3.12/site-packages/airflow/example_dags/plugins/event_listener.py
[2025-07-13T23:58:59.473+0300] {processor.py:183} INFO - Processing /home/wal/.pyenv/versions/3.12.0/lib/python3.12/site-packages/airflow/example_dags/plugins/event_listener.py took 0.051 seconds
[2025-07-13T23:59:59.041+0300] {processor.py:161} INFO - Started process (PID=7626) to work on /home/wal/.pyenv/versions/3.12.0/lib/python3.12/site-packages/airflow/example_dags/plugins/event_listener.py
[2025-07-13T23:59:59.044+0300] {processor.py:830} INFO - Processing file /home/wal/.pyenv/versions/3.12.0/lib/python3.12/site-packages/airflow/example_dags/plugins/event_listener.py for tasks to queue
[2025-07-13T23:59:59.051+0300] {logging_mixin.py:188} INFO - [2025-07-13T23:59:59.049+0300] {dagbag.py:545} INFO - Filling up the DagBag from /home/wal/.pyenv/versions/3.12.0/lib/python3.12/site-packages/airflow/example_dags/plugins/event_listener.py
[2025-07-13T23:59:59.056+0300] {processor.py:842} WARNING - No viable dags retrieved from /home/wal/.pyenv/versions/3.12.0/lib/python3.12/site-packages/airflow/example_dags/plugins/event_listener.py
[2025-07-13T23:59:59.087+0300] {processor.py:183} INFO - Processing /home/wal/.pyenv/versions/3.12.0/lib/python3.12/site-packages/airflow/example_dags/plugins/event_listener.py took 0.066 seconds
[2025-07-14T00:00:55.398+0300] {processor.py:161} INFO - Started process (PID=7693) to work on /home/wal/.pyenv/versions/3.12.0/lib/python3.12/site-packages/airflow/example_dags/plugins/event_listener.py
[2025-07-14T00:00:55.404+0300] {processor.py:830} INFO - Processing file /home/wal/.pyenv/versions/3.12.0/lib/python3.12/site-packages/airflow/example_dags/plugins/event_listener.py for tasks to queue
[2025-07-14T00:00:55.408+0300] {logging_mixin.py:188} INFO - [2025-07-14T00:00:55.407+0300] {dagbag.py:545} INFO - Filling up the DagBag from /home/wal/.pyenv/versions/3.12.0/lib/python3.12/site-packages/airflow/example_dags/plugins/event_listener.py
[2025-07-14T00:00:55.411+0300] {processor.py:842} WARNING - No viable dags retrieved from /home/wal/.pyenv/versions/3.12.0/lib/python3.12/site-packages/airflow/example_dags/plugins/event_listener.py
[2025-07-14T00:00:55.427+0300] {processor.py:183} INFO - Processing /home/wal/.pyenv/versions/3.12.0/lib/python3.12/site-packages/airflow/example_dags/plugins/event_listener.py took 0.043 seconds
[2025-07-14T00:01:52.254+0300] {processor.py:161} INFO - Started process (PID=7744) to work on /home/wal/.pyenv/versions/3.12.0/lib/python3.12/site-packages/airflow/example_dags/plugins/event_listener.py
[2025-07-14T00:01:52.261+0300] {processor.py:830} INFO - Processing file /home/wal/.pyenv/versions/3.12.0/lib/python3.12/site-packages/airflow/example_dags/plugins/event_listener.py for tasks to queue
[2025-07-14T00:01:52.265+0300] {logging_mixin.py:188} INFO - [2025-07-14T00:01:52.264+0300] {dagbag.py:545} INFO - Filling up the DagBag from /home/wal/.pyenv/versions/3.12.0/lib/python3.12/site-packages/airflow/example_dags/plugins/event_listener.py
[2025-07-14T00:01:52.268+0300] {processor.py:842} WARNING - No viable dags retrieved from /home/wal/.pyenv/versions/3.12.0/lib/python3.12/site-packages/airflow/example_dags/plugins/event_listener.py
[2025-07-14T00:01:52.283+0300] {processor.py:183} INFO - Processing /home/wal/.pyenv/versions/3.12.0/lib/python3.12/site-packages/airflow/example_dags/plugins/event_listener.py took 0.039 seconds
[2025-07-14T00:02:48.147+0300] {processor.py:161} INFO - Started process (PID=7793) to work on /home/wal/.pyenv/versions/3.12.0/lib/python3.12/site-packages/airflow/example_dags/plugins/event_listener.py
[2025-07-14T00:02:48.154+0300] {processor.py:830} INFO - Processing file /home/wal/.pyenv/versions/3.12.0/lib/python3.12/site-packages/airflow/example_dags/plugins/event_listener.py for tasks to queue
[2025-07-14T00:02:48.156+0300] {logging_mixin.py:188} INFO - [2025-07-14T00:02:48.156+0300] {dagbag.py:545} INFO - Filling up the DagBag from /home/wal/.pyenv/versions/3.12.0/lib/python3.12/site-packages/airflow/example_dags/plugins/event_listener.py
[2025-07-14T00:02:48.159+0300] {processor.py:842} WARNING - No viable dags retrieved from /home/wal/.pyenv/versions/3.12.0/lib/python3.12/site-packages/airflow/example_dags/plugins/event_listener.py
[2025-07-14T00:02:48.172+0300] {processor.py:183} INFO - Processing /home/wal/.pyenv/versions/3.12.0/lib/python3.12/site-packages/airflow/example_dags/plugins/event_listener.py took 0.041 seconds
[2025-07-14T00:03:41.523+0300] {processor.py:161} INFO - Started process (PID=7844) to work on /home/wal/.pyenv/versions/3.12.0/lib/python3.12/site-packages/airflow/example_dags/plugins/event_listener.py
[2025-07-14T00:03:41.530+0300] {processor.py:830} INFO - Processing file /home/wal/.pyenv/versions/3.12.0/lib/python3.12/site-packages/airflow/example_dags/plugins/event_listener.py for tasks to queue
[2025-07-14T00:03:41.533+0300] {logging_mixin.py:188} INFO - [2025-07-14T00:03:41.533+0300] {dagbag.py:545} INFO - Filling up the DagBag from /home/wal/.pyenv/versions/3.12.0/lib/python3.12/site-packages/airflow/example_dags/plugins/event_listener.py
[2025-07-14T00:03:41.537+0300] {processor.py:842} WARNING - No viable dags retrieved from /home/wal/.pyenv/versions/3.12.0/lib/python3.12/site-packages/airflow/example_dags/plugins/event_listener.py
[2025-07-14T00:03:41.562+0300] {processor.py:183} INFO - Processing /home/wal/.pyenv/versions/3.12.0/lib/python3.12/site-packages/airflow/example_dags/plugins/event_listener.py took 0.052 seconds
[2025-07-14T00:04:32.728+0300] {processor.py:161} INFO - Started process (PID=7893) to work on /home/wal/.pyenv/versions/3.12.0/lib/python3.12/site-packages/airflow/example_dags/plugins/event_listener.py
[2025-07-14T00:04:32.734+0300] {processor.py:830} INFO - Processing file /home/wal/.pyenv/versions/3.12.0/lib/python3.12/site-packages/airflow/example_dags/plugins/event_listener.py for tasks to queue
[2025-07-14T00:04:32.737+0300] {logging_mixin.py:188} INFO - [2025-07-14T00:04:32.737+0300] {dagbag.py:545} INFO - Filling up the DagBag from /home/wal/.pyenv/versions/3.12.0/lib/python3.12/site-packages/airflow/example_dags/plugins/event_listener.py
[2025-07-14T00:04:32.740+0300] {processor.py:842} WARNING - No viable dags retrieved from /home/wal/.pyenv/versions/3.12.0/lib/python3.12/site-packages/airflow/example_dags/plugins/event_listener.py
[2025-07-14T00:04:32.753+0300] {processor.py:183} INFO - Processing /home/wal/.pyenv/versions/3.12.0/lib/python3.12/site-packages/airflow/example_dags/plugins/event_listener.py took 0.033 seconds
[2025-07-14T00:05:27.823+0300] {processor.py:161} INFO - Started process (PID=7948) to work on /home/wal/.pyenv/versions/3.12.0/lib/python3.12/site-packages/airflow/example_dags/plugins/event_listener.py
[2025-07-14T00:05:27.830+0300] {processor.py:830} INFO - Processing file /home/wal/.pyenv/versions/3.12.0/lib/python3.12/site-packages/airflow/example_dags/plugins/event_listener.py for tasks to queue
[2025-07-14T00:05:27.832+0300] {logging_mixin.py:188} INFO - [2025-07-14T00:05:27.832+0300] {dagbag.py:545} INFO - Filling up the DagBag from /home/wal/.pyenv/versions/3.12.0/lib/python3.12/site-packages/airflow/example_dags/plugins/event_listener.py
[2025-07-14T00:05:27.834+0300] {processor.py:842} WARNING - No viable dags retrieved from /home/wal/.pyenv/versions/3.12.0/lib/python3.12/site-packages/airflow/example_dags/plugins/event_listener.py
[2025-07-14T00:05:27.849+0300] {processor.py:183} INFO - Processing /home/wal/.pyenv/versions/3.12.0/lib/python3.12/site-packages/airflow/example_dags/plugins/event_listener.py took 0.034 seconds
[2025-07-14T00:06:21.158+0300] {processor.py:161} INFO - Started process (PID=7998) to work on /home/wal/.pyenv/versions/3.12.0/lib/python3.12/site-packages/airflow/example_dags/plugins/event_listener.py
[2025-07-14T00:06:21.166+0300] {processor.py:830} INFO - Processing file /home/wal/.pyenv/versions/3.12.0/lib/python3.12/site-packages/airflow/example_dags/plugins/event_listener.py for tasks to queue
[2025-07-14T00:06:21.168+0300] {logging_mixin.py:188} INFO - [2025-07-14T00:06:21.168+0300] {dagbag.py:545} INFO - Filling up the DagBag from /home/wal/.pyenv/versions/3.12.0/lib/python3.12/site-packages/airflow/example_dags/plugins/event_listener.py
[2025-07-14T00:06:21.171+0300] {processor.py:842} WARNING - No viable dags retrieved from /home/wal/.pyenv/versions/3.12.0/lib/python3.12/site-packages/airflow/example_dags/plugins/event_listener.py
[2025-07-14T00:06:21.185+0300] {processor.py:183} INFO - Processing /home/wal/.pyenv/versions/3.12.0/lib/python3.12/site-packages/airflow/example_dags/plugins/event_listener.py took 0.037 seconds
[2025-07-14T00:07:12.994+0300] {processor.py:161} INFO - Started process (PID=8045) to work on /home/wal/.pyenv/versions/3.12.0/lib/python3.12/site-packages/airflow/example_dags/plugins/event_listener.py
[2025-07-14T00:07:12.996+0300] {processor.py:830} INFO - Processing file /home/wal/.pyenv/versions/3.12.0/lib/python3.12/site-packages/airflow/example_dags/plugins/event_listener.py for tasks to queue
[2025-07-14T00:07:13.001+0300] {logging_mixin.py:188} INFO - [2025-07-14T00:07:12.999+0300] {dagbag.py:545} INFO - Filling up the DagBag from /home/wal/.pyenv/versions/3.12.0/lib/python3.12/site-packages/airflow/example_dags/plugins/event_listener.py
[2025-07-14T00:07:13.007+0300] {processor.py:842} WARNING - No viable dags retrieved from /home/wal/.pyenv/versions/3.12.0/lib/python3.12/site-packages/airflow/example_dags/plugins/event_listener.py
[2025-07-14T00:07:13.026+0300] {processor.py:183} INFO - Processing /home/wal/.pyenv/versions/3.12.0/lib/python3.12/site-packages/airflow/example_dags/plugins/event_listener.py took 0.048 seconds
[2025-07-14T00:07:44.896+0300] {processor.py:161} INFO - Started process (PID=8071) to work on /home/wal/.pyenv/versions/3.12.0/lib/python3.12/site-packages/airflow/example_dags/plugins/event_listener.py
[2025-07-14T00:07:44.897+0300] {processor.py:830} INFO - Processing file /home/wal/.pyenv/versions/3.12.0/lib/python3.12/site-packages/airflow/example_dags/plugins/event_listener.py for tasks to queue
[2025-07-14T00:07:44.899+0300] {logging_mixin.py:188} INFO - [2025-07-14T00:07:44.898+0300] {dagbag.py:545} INFO - Filling up the DagBag from /home/wal/.pyenv/versions/3.12.0/lib/python3.12/site-packages/airflow/example_dags/plugins/event_listener.py
[2025-07-14T00:07:44.901+0300] {processor.py:842} WARNING - No viable dags retrieved from /home/wal/.pyenv/versions/3.12.0/lib/python3.12/site-packages/airflow/example_dags/plugins/event_listener.py
[2025-07-14T00:07:44.917+0300] {processor.py:183} INFO - Processing /home/wal/.pyenv/versions/3.12.0/lib/python3.12/site-packages/airflow/example_dags/plugins/event_listener.py took 0.032 seconds
[2025-07-14T00:08:21.302+0300] {processor.py:161} INFO - Started process (PID=8105) to work on /home/wal/.pyenv/versions/3.12.0/lib/python3.12/site-packages/airflow/example_dags/plugins/event_listener.py
[2025-07-14T00:08:21.311+0300] {processor.py:830} INFO - Processing file /home/wal/.pyenv/versions/3.12.0/lib/python3.12/site-packages/airflow/example_dags/plugins/event_listener.py for tasks to queue
[2025-07-14T00:08:21.338+0300] {logging_mixin.py:188} INFO - [2025-07-14T00:08:21.332+0300] {dagbag.py:545} INFO - Filling up the DagBag from /home/wal/.pyenv/versions/3.12.0/lib/python3.12/site-packages/airflow/example_dags/plugins/event_listener.py
[2025-07-14T00:08:21.376+0300] {processor.py:842} WARNING - No viable dags retrieved from /home/wal/.pyenv/versions/3.12.0/lib/python3.12/site-packages/airflow/example_dags/plugins/event_listener.py
[2025-07-14T00:08:21.590+0300] {processor.py:183} INFO - Processing /home/wal/.pyenv/versions/3.12.0/lib/python3.12/site-packages/airflow/example_dags/plugins/event_listener.py took 0.341 seconds
