[2025-07-13T22:55:41.999+0300] {processor.py:161} INFO - Started process (PID=3737) to work on /home/wal/.pyenv/versions/3.12.0/lib/python3.12/site-packages/airflow/example_dags/plugins/listener_plugin.py
[2025-07-13T22:55:42.003+0300] {processor.py:830} INFO - Processing file /home/wal/.pyenv/versions/3.12.0/lib/python3.12/site-packages/airflow/example_dags/plugins/listener_plugin.py for tasks to queue
[2025-07-13T22:55:42.007+0300] {logging_mixin.py:188} INFO - [2025-07-13T22:55:42.006+0300] {dagbag.py:545} INFO - Filling up the DagBag from /home/wal/.pyenv/versions/3.12.0/lib/python3.12/site-packages/airflow/example_dags/plugins/listener_plugin.py
[2025-07-13T22:55:42.013+0300] {processor.py:842} WARNING - No viable dags retrieved from /home/wal/.pyenv/versions/3.12.0/lib/python3.12/site-packages/airflow/example_dags/plugins/listener_plugin.py
[2025-07-13T22:55:42.044+0300] {processor.py:183} INFO - Processing /home/wal/.pyenv/versions/3.12.0/lib/python3.12/site-packages/airflow/example_dags/plugins/listener_plugin.py took 0.056 seconds
[2025-07-13T22:56:40.300+0300] {processor.py:161} INFO - Started process (PID=4092) to work on /home/wal/.pyenv/versions/3.12.0/lib/python3.12/site-packages/airflow/example_dags/plugins/listener_plugin.py
[2025-07-13T22:56:40.304+0300] {processor.py:830} INFO - Processing file /home/wal/.pyenv/versions/3.12.0/lib/python3.12/site-packages/airflow/example_dags/plugins/listener_plugin.py for tasks to queue
[2025-07-13T22:56:40.309+0300] {logging_mixin.py:188} INFO - [2025-07-13T22:56:40.308+0300] {dagbag.py:545} INFO - Filling up the DagBag from /home/wal/.pyenv/versions/3.12.0/lib/python3.12/site-packages/airflow/example_dags/plugins/listener_plugin.py
[2025-07-13T22:56:40.315+0300] {processor.py:842} WARNING - No viable dags retrieved from /home/wal/.pyenv/versions/3.12.0/lib/python3.12/site-packages/airflow/example_dags/plugins/listener_plugin.py
[2025-07-13T22:56:40.346+0300] {processor.py:183} INFO - Processing /home/wal/.pyenv/versions/3.12.0/lib/python3.12/site-packages/airflow/example_dags/plugins/listener_plugin.py took 0.064 seconds
[2025-07-13T22:57:37.072+0300] {processor.py:161} INFO - Started process (PID=4190) to work on /home/wal/.pyenv/versions/3.12.0/lib/python3.12/site-packages/airflow/example_dags/plugins/listener_plugin.py
[2025-07-13T22:57:37.078+0300] {processor.py:830} INFO - Processing file /home/wal/.pyenv/versions/3.12.0/lib/python3.12/site-packages/airflow/example_dags/plugins/listener_plugin.py for tasks to queue
[2025-07-13T22:57:37.080+0300] {logging_mixin.py:188} INFO - [2025-07-13T22:57:37.080+0300] {dagbag.py:545} INFO - Filling up the DagBag from /home/wal/.pyenv/versions/3.12.0/lib/python3.12/site-packages/airflow/example_dags/plugins/listener_plugin.py
[2025-07-13T22:57:37.083+0300] {processor.py:842} WARNING - No viable dags retrieved from /home/wal/.pyenv/versions/3.12.0/lib/python3.12/site-packages/airflow/example_dags/plugins/listener_plugin.py
[2025-07-13T22:57:37.094+0300] {processor.py:183} INFO - Processing /home/wal/.pyenv/versions/3.12.0/lib/python3.12/site-packages/airflow/example_dags/plugins/listener_plugin.py took 0.029 seconds
[2025-07-13T22:58:33.636+0300] {processor.py:161} INFO - Started process (PID=4299) to work on /home/wal/.pyenv/versions/3.12.0/lib/python3.12/site-packages/airflow/example_dags/plugins/listener_plugin.py
[2025-07-13T22:58:33.643+0300] {processor.py:830} INFO - Processing file /home/wal/.pyenv/versions/3.12.0/lib/python3.12/site-packages/airflow/example_dags/plugins/listener_plugin.py for tasks to queue
[2025-07-13T22:58:33.644+0300] {logging_mixin.py:188} INFO - [2025-07-13T22:58:33.644+0300] {dagbag.py:545} INFO - Filling up the DagBag from /home/wal/.pyenv/versions/3.12.0/lib/python3.12/site-packages/airflow/example_dags/plugins/listener_plugin.py
[2025-07-13T22:58:33.648+0300] {processor.py:842} WARNING - No viable dags retrieved from /home/wal/.pyenv/versions/3.12.0/lib/python3.12/site-packages/airflow/example_dags/plugins/listener_plugin.py
[2025-07-13T22:58:33.659+0300] {processor.py:183} INFO - Processing /home/wal/.pyenv/versions/3.12.0/lib/python3.12/site-packages/airflow/example_dags/plugins/listener_plugin.py took 0.029 seconds
[2025-07-13T22:59:17.959+0300] {processor.py:161} INFO - Started process (PID=4489) to work on /home/wal/.pyenv/versions/3.12.0/lib/python3.12/site-packages/airflow/example_dags/plugins/listener_plugin.py
[2025-07-13T22:59:17.961+0300] {processor.py:830} INFO - Processing file /home/wal/.pyenv/versions/3.12.0/lib/python3.12/site-packages/airflow/example_dags/plugins/listener_plugin.py for tasks to queue
[2025-07-13T22:59:17.964+0300] {logging_mixin.py:188} INFO - [2025-07-13T22:59:17.963+0300] {dagbag.py:545} INFO - Filling up the DagBag from /home/wal/.pyenv/versions/3.12.0/lib/python3.12/site-packages/airflow/example_dags/plugins/listener_plugin.py
[2025-07-13T22:59:17.970+0300] {processor.py:842} WARNING - No viable dags retrieved from /home/wal/.pyenv/versions/3.12.0/lib/python3.12/site-packages/airflow/example_dags/plugins/listener_plugin.py
[2025-07-13T22:59:17.999+0300] {processor.py:183} INFO - Processing /home/wal/.pyenv/versions/3.12.0/lib/python3.12/site-packages/airflow/example_dags/plugins/listener_plugin.py took 0.053 seconds
[2025-07-13T23:00:26.917+0300] {processor.py:161} INFO - Started process (PID=4562) to work on /home/wal/.pyenv/versions/3.12.0/lib/python3.12/site-packages/airflow/example_dags/plugins/listener_plugin.py
[2025-07-13T23:00:26.920+0300] {processor.py:830} INFO - Processing file /home/wal/.pyenv/versions/3.12.0/lib/python3.12/site-packages/airflow/example_dags/plugins/listener_plugin.py for tasks to queue
[2025-07-13T23:00:26.926+0300] {logging_mixin.py:188} INFO - [2025-07-13T23:00:26.924+0300] {dagbag.py:545} INFO - Filling up the DagBag from /home/wal/.pyenv/versions/3.12.0/lib/python3.12/site-packages/airflow/example_dags/plugins/listener_plugin.py
[2025-07-13T23:00:26.939+0300] {processor.py:842} WARNING - No viable dags retrieved from /home/wal/.pyenv/versions/3.12.0/lib/python3.12/site-packages/airflow/example_dags/plugins/listener_plugin.py
[2025-07-13T23:00:26.997+0300] {processor.py:183} INFO - Processing /home/wal/.pyenv/versions/3.12.0/lib/python3.12/site-packages/airflow/example_dags/plugins/listener_plugin.py took 0.105 seconds
[2025-07-13T23:01:14.175+0300] {processor.py:161} INFO - Started process (PID=4595) to work on /home/wal/.pyenv/versions/3.12.0/lib/python3.12/site-packages/airflow/example_dags/plugins/listener_plugin.py
[2025-07-13T23:01:14.189+0300] {processor.py:830} INFO - Processing file /home/wal/.pyenv/versions/3.12.0/lib/python3.12/site-packages/airflow/example_dags/plugins/listener_plugin.py for tasks to queue
[2025-07-13T23:01:14.205+0300] {logging_mixin.py:188} INFO - [2025-07-13T23:01:14.203+0300] {dagbag.py:545} INFO - Filling up the DagBag from /home/wal/.pyenv/versions/3.12.0/lib/python3.12/site-packages/airflow/example_dags/plugins/listener_plugin.py
[2025-07-13T23:01:14.223+0300] {processor.py:842} WARNING - No viable dags retrieved from /home/wal/.pyenv/versions/3.12.0/lib/python3.12/site-packages/airflow/example_dags/plugins/listener_plugin.py
[2025-07-13T23:01:14.293+0300] {processor.py:183} INFO - Processing /home/wal/.pyenv/versions/3.12.0/lib/python3.12/site-packages/airflow/example_dags/plugins/listener_plugin.py took 0.155 seconds
[2025-07-13T23:02:07.391+0300] {processor.py:161} INFO - Started process (PID=4627) to work on /home/wal/.pyenv/versions/3.12.0/lib/python3.12/site-packages/airflow/example_dags/plugins/listener_plugin.py
[2025-07-13T23:02:07.400+0300] {processor.py:830} INFO - Processing file /home/wal/.pyenv/versions/3.12.0/lib/python3.12/site-packages/airflow/example_dags/plugins/listener_plugin.py for tasks to queue
[2025-07-13T23:02:07.406+0300] {logging_mixin.py:188} INFO - [2025-07-13T23:02:07.404+0300] {dagbag.py:545} INFO - Filling up the DagBag from /home/wal/.pyenv/versions/3.12.0/lib/python3.12/site-packages/airflow/example_dags/plugins/listener_plugin.py
[2025-07-13T23:02:07.416+0300] {processor.py:842} WARNING - No viable dags retrieved from /home/wal/.pyenv/versions/3.12.0/lib/python3.12/site-packages/airflow/example_dags/plugins/listener_plugin.py
[2025-07-13T23:02:07.468+0300] {processor.py:183} INFO - Processing /home/wal/.pyenv/versions/3.12.0/lib/python3.12/site-packages/airflow/example_dags/plugins/listener_plugin.py took 0.105 seconds
[2025-07-13T23:03:00.217+0300] {processor.py:161} INFO - Started process (PID=4663) to work on /home/wal/.pyenv/versions/3.12.0/lib/python3.12/site-packages/airflow/example_dags/plugins/listener_plugin.py
[2025-07-13T23:03:00.224+0300] {processor.py:830} INFO - Processing file /home/wal/.pyenv/versions/3.12.0/lib/python3.12/site-packages/airflow/example_dags/plugins/listener_plugin.py for tasks to queue
[2025-07-13T23:03:00.228+0300] {logging_mixin.py:188} INFO - [2025-07-13T23:03:00.227+0300] {dagbag.py:545} INFO - Filling up the DagBag from /home/wal/.pyenv/versions/3.12.0/lib/python3.12/site-packages/airflow/example_dags/plugins/listener_plugin.py
[2025-07-13T23:03:00.234+0300] {processor.py:842} WARNING - No viable dags retrieved from /home/wal/.pyenv/versions/3.12.0/lib/python3.12/site-packages/airflow/example_dags/plugins/listener_plugin.py
[2025-07-13T23:03:00.264+0300] {processor.py:183} INFO - Processing /home/wal/.pyenv/versions/3.12.0/lib/python3.12/site-packages/airflow/example_dags/plugins/listener_plugin.py took 0.064 seconds
[2025-07-13T23:03:46.175+0300] {processor.py:161} INFO - Started process (PID=4699) to work on /home/wal/.pyenv/versions/3.12.0/lib/python3.12/site-packages/airflow/example_dags/plugins/listener_plugin.py
[2025-07-13T23:03:46.182+0300] {processor.py:830} INFO - Processing file /home/wal/.pyenv/versions/3.12.0/lib/python3.12/site-packages/airflow/example_dags/plugins/listener_plugin.py for tasks to queue
[2025-07-13T23:03:46.189+0300] {logging_mixin.py:188} INFO - [2025-07-13T23:03:46.186+0300] {dagbag.py:545} INFO - Filling up the DagBag from /home/wal/.pyenv/versions/3.12.0/lib/python3.12/site-packages/airflow/example_dags/plugins/listener_plugin.py
[2025-07-13T23:03:46.196+0300] {processor.py:842} WARNING - No viable dags retrieved from /home/wal/.pyenv/versions/3.12.0/lib/python3.12/site-packages/airflow/example_dags/plugins/listener_plugin.py
[2025-07-13T23:03:46.232+0300] {processor.py:183} INFO - Processing /home/wal/.pyenv/versions/3.12.0/lib/python3.12/site-packages/airflow/example_dags/plugins/listener_plugin.py took 0.089 seconds
[2025-07-13T23:04:25.076+0300] {processor.py:161} INFO - Started process (PID=4729) to work on /home/wal/.pyenv/versions/3.12.0/lib/python3.12/site-packages/airflow/example_dags/plugins/listener_plugin.py
[2025-07-13T23:04:25.083+0300] {processor.py:830} INFO - Processing file /home/wal/.pyenv/versions/3.12.0/lib/python3.12/site-packages/airflow/example_dags/plugins/listener_plugin.py for tasks to queue
[2025-07-13T23:04:25.089+0300] {logging_mixin.py:188} INFO - [2025-07-13T23:04:25.087+0300] {dagbag.py:545} INFO - Filling up the DagBag from /home/wal/.pyenv/versions/3.12.0/lib/python3.12/site-packages/airflow/example_dags/plugins/listener_plugin.py
[2025-07-13T23:04:25.104+0300] {processor.py:842} WARNING - No viable dags retrieved from /home/wal/.pyenv/versions/3.12.0/lib/python3.12/site-packages/airflow/example_dags/plugins/listener_plugin.py
[2025-07-13T23:04:25.142+0300] {processor.py:183} INFO - Processing /home/wal/.pyenv/versions/3.12.0/lib/python3.12/site-packages/airflow/example_dags/plugins/listener_plugin.py took 0.097 seconds
[2025-07-13T23:05:00.849+0300] {processor.py:161} INFO - Started process (PID=4760) to work on /home/wal/.pyenv/versions/3.12.0/lib/python3.12/site-packages/airflow/example_dags/plugins/listener_plugin.py
[2025-07-13T23:05:00.856+0300] {processor.py:830} INFO - Processing file /home/wal/.pyenv/versions/3.12.0/lib/python3.12/site-packages/airflow/example_dags/plugins/listener_plugin.py for tasks to queue
[2025-07-13T23:05:00.859+0300] {logging_mixin.py:188} INFO - [2025-07-13T23:05:00.859+0300] {dagbag.py:545} INFO - Filling up the DagBag from /home/wal/.pyenv/versions/3.12.0/lib/python3.12/site-packages/airflow/example_dags/plugins/listener_plugin.py
[2025-07-13T23:05:00.866+0300] {processor.py:842} WARNING - No viable dags retrieved from /home/wal/.pyenv/versions/3.12.0/lib/python3.12/site-packages/airflow/example_dags/plugins/listener_plugin.py
[2025-07-13T23:05:00.890+0300] {processor.py:183} INFO - Processing /home/wal/.pyenv/versions/3.12.0/lib/python3.12/site-packages/airflow/example_dags/plugins/listener_plugin.py took 0.056 seconds
[2025-07-13T23:05:40.164+0300] {processor.py:161} INFO - Started process (PID=4793) to work on /home/wal/.pyenv/versions/3.12.0/lib/python3.12/site-packages/airflow/example_dags/plugins/listener_plugin.py
[2025-07-13T23:05:40.168+0300] {processor.py:830} INFO - Processing file /home/wal/.pyenv/versions/3.12.0/lib/python3.12/site-packages/airflow/example_dags/plugins/listener_plugin.py for tasks to queue
[2025-07-13T23:05:40.173+0300] {logging_mixin.py:188} INFO - [2025-07-13T23:05:40.172+0300] {dagbag.py:545} INFO - Filling up the DagBag from /home/wal/.pyenv/versions/3.12.0/lib/python3.12/site-packages/airflow/example_dags/plugins/listener_plugin.py
[2025-07-13T23:05:40.182+0300] {processor.py:842} WARNING - No viable dags retrieved from /home/wal/.pyenv/versions/3.12.0/lib/python3.12/site-packages/airflow/example_dags/plugins/listener_plugin.py
[2025-07-13T23:05:40.229+0300] {processor.py:183} INFO - Processing /home/wal/.pyenv/versions/3.12.0/lib/python3.12/site-packages/airflow/example_dags/plugins/listener_plugin.py took 0.079 seconds
[2025-07-13T23:06:32.993+0300] {processor.py:161} INFO - Started process (PID=4824) to work on /home/wal/.pyenv/versions/3.12.0/lib/python3.12/site-packages/airflow/example_dags/plugins/listener_plugin.py
[2025-07-13T23:06:32.996+0300] {processor.py:830} INFO - Processing file /home/wal/.pyenv/versions/3.12.0/lib/python3.12/site-packages/airflow/example_dags/plugins/listener_plugin.py for tasks to queue
[2025-07-13T23:06:32.999+0300] {logging_mixin.py:188} INFO - [2025-07-13T23:06:32.998+0300] {dagbag.py:545} INFO - Filling up the DagBag from /home/wal/.pyenv/versions/3.12.0/lib/python3.12/site-packages/airflow/example_dags/plugins/listener_plugin.py
[2025-07-13T23:06:33.011+0300] {processor.py:842} WARNING - No viable dags retrieved from /home/wal/.pyenv/versions/3.12.0/lib/python3.12/site-packages/airflow/example_dags/plugins/listener_plugin.py
[2025-07-13T23:06:33.044+0300] {processor.py:183} INFO - Processing /home/wal/.pyenv/versions/3.12.0/lib/python3.12/site-packages/airflow/example_dags/plugins/listener_plugin.py took 0.067 seconds
[2025-07-13T23:07:21.460+0300] {processor.py:161} INFO - Started process (PID=4862) to work on /home/wal/.pyenv/versions/3.12.0/lib/python3.12/site-packages/airflow/example_dags/plugins/listener_plugin.py
[2025-07-13T23:07:21.462+0300] {processor.py:830} INFO - Processing file /home/wal/.pyenv/versions/3.12.0/lib/python3.12/site-packages/airflow/example_dags/plugins/listener_plugin.py for tasks to queue
[2025-07-13T23:07:21.465+0300] {logging_mixin.py:188} INFO - [2025-07-13T23:07:21.464+0300] {dagbag.py:545} INFO - Filling up the DagBag from /home/wal/.pyenv/versions/3.12.0/lib/python3.12/site-packages/airflow/example_dags/plugins/listener_plugin.py
[2025-07-13T23:07:21.472+0300] {processor.py:842} WARNING - No viable dags retrieved from /home/wal/.pyenv/versions/3.12.0/lib/python3.12/site-packages/airflow/example_dags/plugins/listener_plugin.py
[2025-07-13T23:07:21.492+0300] {processor.py:183} INFO - Processing /home/wal/.pyenv/versions/3.12.0/lib/python3.12/site-packages/airflow/example_dags/plugins/listener_plugin.py took 0.046 seconds
[2025-07-13T23:07:57.531+0300] {processor.py:161} INFO - Started process (PID=4893) to work on /home/wal/.pyenv/versions/3.12.0/lib/python3.12/site-packages/airflow/example_dags/plugins/listener_plugin.py
[2025-07-13T23:07:57.533+0300] {processor.py:830} INFO - Processing file /home/wal/.pyenv/versions/3.12.0/lib/python3.12/site-packages/airflow/example_dags/plugins/listener_plugin.py for tasks to queue
[2025-07-13T23:07:57.536+0300] {logging_mixin.py:188} INFO - [2025-07-13T23:07:57.535+0300] {dagbag.py:545} INFO - Filling up the DagBag from /home/wal/.pyenv/versions/3.12.0/lib/python3.12/site-packages/airflow/example_dags/plugins/listener_plugin.py
[2025-07-13T23:07:57.541+0300] {processor.py:842} WARNING - No viable dags retrieved from /home/wal/.pyenv/versions/3.12.0/lib/python3.12/site-packages/airflow/example_dags/plugins/listener_plugin.py
[2025-07-13T23:07:57.557+0300] {processor.py:183} INFO - Processing /home/wal/.pyenv/versions/3.12.0/lib/python3.12/site-packages/airflow/example_dags/plugins/listener_plugin.py took 0.035 seconds
[2025-07-13T23:08:58.107+0300] {processor.py:161} INFO - Started process (PID=4946) to work on /home/wal/.pyenv/versions/3.12.0/lib/python3.12/site-packages/airflow/example_dags/plugins/listener_plugin.py
[2025-07-13T23:08:58.114+0300] {processor.py:830} INFO - Processing file /home/wal/.pyenv/versions/3.12.0/lib/python3.12/site-packages/airflow/example_dags/plugins/listener_plugin.py for tasks to queue
[2025-07-13T23:08:58.116+0300] {logging_mixin.py:188} INFO - [2025-07-13T23:08:58.115+0300] {dagbag.py:545} INFO - Filling up the DagBag from /home/wal/.pyenv/versions/3.12.0/lib/python3.12/site-packages/airflow/example_dags/plugins/listener_plugin.py
[2025-07-13T23:08:58.119+0300] {processor.py:842} WARNING - No viable dags retrieved from /home/wal/.pyenv/versions/3.12.0/lib/python3.12/site-packages/airflow/example_dags/plugins/listener_plugin.py
[2025-07-13T23:08:58.131+0300] {processor.py:183} INFO - Processing /home/wal/.pyenv/versions/3.12.0/lib/python3.12/site-packages/airflow/example_dags/plugins/listener_plugin.py took 0.033 seconds
[2025-07-13T23:10:05.198+0300] {processor.py:161} INFO - Started process (PID=5001) to work on /home/wal/.pyenv/versions/3.12.0/lib/python3.12/site-packages/airflow/example_dags/plugins/listener_plugin.py
[2025-07-13T23:10:05.209+0300] {processor.py:830} INFO - Processing file /home/wal/.pyenv/versions/3.12.0/lib/python3.12/site-packages/airflow/example_dags/plugins/listener_plugin.py for tasks to queue
[2025-07-13T23:10:05.214+0300] {logging_mixin.py:188} INFO - [2025-07-13T23:10:05.213+0300] {dagbag.py:545} INFO - Filling up the DagBag from /home/wal/.pyenv/versions/3.12.0/lib/python3.12/site-packages/airflow/example_dags/plugins/listener_plugin.py
[2025-07-13T23:10:05.224+0300] {processor.py:842} WARNING - No viable dags retrieved from /home/wal/.pyenv/versions/3.12.0/lib/python3.12/site-packages/airflow/example_dags/plugins/listener_plugin.py
[2025-07-13T23:10:05.253+0300] {processor.py:183} INFO - Processing /home/wal/.pyenv/versions/3.12.0/lib/python3.12/site-packages/airflow/example_dags/plugins/listener_plugin.py took 0.075 seconds
[2025-07-13T23:11:04.659+0300] {processor.py:161} INFO - Started process (PID=5053) to work on /home/wal/.pyenv/versions/3.12.0/lib/python3.12/site-packages/airflow/example_dags/plugins/listener_plugin.py
[2025-07-13T23:11:04.661+0300] {processor.py:830} INFO - Processing file /home/wal/.pyenv/versions/3.12.0/lib/python3.12/site-packages/airflow/example_dags/plugins/listener_plugin.py for tasks to queue
[2025-07-13T23:11:04.664+0300] {logging_mixin.py:188} INFO - [2025-07-13T23:11:04.663+0300] {dagbag.py:545} INFO - Filling up the DagBag from /home/wal/.pyenv/versions/3.12.0/lib/python3.12/site-packages/airflow/example_dags/plugins/listener_plugin.py
[2025-07-13T23:11:04.670+0300] {processor.py:842} WARNING - No viable dags retrieved from /home/wal/.pyenv/versions/3.12.0/lib/python3.12/site-packages/airflow/example_dags/plugins/listener_plugin.py
[2025-07-13T23:11:04.688+0300] {processor.py:183} INFO - Processing /home/wal/.pyenv/versions/3.12.0/lib/python3.12/site-packages/airflow/example_dags/plugins/listener_plugin.py took 0.040 seconds
[2025-07-13T23:11:56.044+0300] {processor.py:161} INFO - Started process (PID=5103) to work on /home/wal/.pyenv/versions/3.12.0/lib/python3.12/site-packages/airflow/example_dags/plugins/listener_plugin.py
[2025-07-13T23:11:56.046+0300] {processor.py:830} INFO - Processing file /home/wal/.pyenv/versions/3.12.0/lib/python3.12/site-packages/airflow/example_dags/plugins/listener_plugin.py for tasks to queue
[2025-07-13T23:11:56.048+0300] {logging_mixin.py:188} INFO - [2025-07-13T23:11:56.047+0300] {dagbag.py:545} INFO - Filling up the DagBag from /home/wal/.pyenv/versions/3.12.0/lib/python3.12/site-packages/airflow/example_dags/plugins/listener_plugin.py
[2025-07-13T23:11:56.051+0300] {processor.py:842} WARNING - No viable dags retrieved from /home/wal/.pyenv/versions/3.12.0/lib/python3.12/site-packages/airflow/example_dags/plugins/listener_plugin.py
[2025-07-13T23:11:56.063+0300] {processor.py:183} INFO - Processing /home/wal/.pyenv/versions/3.12.0/lib/python3.12/site-packages/airflow/example_dags/plugins/listener_plugin.py took 0.027 seconds
[2025-07-13T23:13:02.651+0300] {processor.py:161} INFO - Started process (PID=5162) to work on /home/wal/.pyenv/versions/3.12.0/lib/python3.12/site-packages/airflow/example_dags/plugins/listener_plugin.py
[2025-07-13T23:13:02.657+0300] {processor.py:830} INFO - Processing file /home/wal/.pyenv/versions/3.12.0/lib/python3.12/site-packages/airflow/example_dags/plugins/listener_plugin.py for tasks to queue
[2025-07-13T23:13:02.659+0300] {logging_mixin.py:188} INFO - [2025-07-13T23:13:02.659+0300] {dagbag.py:545} INFO - Filling up the DagBag from /home/wal/.pyenv/versions/3.12.0/lib/python3.12/site-packages/airflow/example_dags/plugins/listener_plugin.py
[2025-07-13T23:13:02.663+0300] {processor.py:842} WARNING - No viable dags retrieved from /home/wal/.pyenv/versions/3.12.0/lib/python3.12/site-packages/airflow/example_dags/plugins/listener_plugin.py
[2025-07-13T23:13:02.677+0300] {processor.py:183} INFO - Processing /home/wal/.pyenv/versions/3.12.0/lib/python3.12/site-packages/airflow/example_dags/plugins/listener_plugin.py took 0.034 seconds
[2025-07-13T23:14:07.930+0300] {processor.py:161} INFO - Started process (PID=5226) to work on /home/wal/.pyenv/versions/3.12.0/lib/python3.12/site-packages/airflow/example_dags/plugins/listener_plugin.py
[2025-07-13T23:14:07.936+0300] {processor.py:830} INFO - Processing file /home/wal/.pyenv/versions/3.12.0/lib/python3.12/site-packages/airflow/example_dags/plugins/listener_plugin.py for tasks to queue
[2025-07-13T23:14:07.938+0300] {logging_mixin.py:188} INFO - [2025-07-13T23:14:07.938+0300] {dagbag.py:545} INFO - Filling up the DagBag from /home/wal/.pyenv/versions/3.12.0/lib/python3.12/site-packages/airflow/example_dags/plugins/listener_plugin.py
[2025-07-13T23:14:07.941+0300] {processor.py:842} WARNING - No viable dags retrieved from /home/wal/.pyenv/versions/3.12.0/lib/python3.12/site-packages/airflow/example_dags/plugins/listener_plugin.py
[2025-07-13T23:14:07.952+0300] {processor.py:183} INFO - Processing /home/wal/.pyenv/versions/3.12.0/lib/python3.12/site-packages/airflow/example_dags/plugins/listener_plugin.py took 0.028 seconds
[2025-07-13T23:15:02.842+0300] {processor.py:161} INFO - Started process (PID=5289) to work on /home/wal/.pyenv/versions/3.12.0/lib/python3.12/site-packages/airflow/example_dags/plugins/listener_plugin.py
[2025-07-13T23:15:02.844+0300] {processor.py:830} INFO - Processing file /home/wal/.pyenv/versions/3.12.0/lib/python3.12/site-packages/airflow/example_dags/plugins/listener_plugin.py for tasks to queue
[2025-07-13T23:15:02.846+0300] {logging_mixin.py:188} INFO - [2025-07-13T23:15:02.845+0300] {dagbag.py:545} INFO - Filling up the DagBag from /home/wal/.pyenv/versions/3.12.0/lib/python3.12/site-packages/airflow/example_dags/plugins/listener_plugin.py
[2025-07-13T23:15:02.849+0300] {processor.py:842} WARNING - No viable dags retrieved from /home/wal/.pyenv/versions/3.12.0/lib/python3.12/site-packages/airflow/example_dags/plugins/listener_plugin.py
[2025-07-13T23:15:02.861+0300] {processor.py:183} INFO - Processing /home/wal/.pyenv/versions/3.12.0/lib/python3.12/site-packages/airflow/example_dags/plugins/listener_plugin.py took 0.027 seconds
[2025-07-13T23:15:52.157+0300] {processor.py:161} INFO - Started process (PID=5334) to work on /home/wal/.pyenv/versions/3.12.0/lib/python3.12/site-packages/airflow/example_dags/plugins/listener_plugin.py
[2025-07-13T23:15:52.163+0300] {processor.py:830} INFO - Processing file /home/wal/.pyenv/versions/3.12.0/lib/python3.12/site-packages/airflow/example_dags/plugins/listener_plugin.py for tasks to queue
[2025-07-13T23:15:52.165+0300] {logging_mixin.py:188} INFO - [2025-07-13T23:15:52.165+0300] {dagbag.py:545} INFO - Filling up the DagBag from /home/wal/.pyenv/versions/3.12.0/lib/python3.12/site-packages/airflow/example_dags/plugins/listener_plugin.py
[2025-07-13T23:15:52.169+0300] {processor.py:842} WARNING - No viable dags retrieved from /home/wal/.pyenv/versions/3.12.0/lib/python3.12/site-packages/airflow/example_dags/plugins/listener_plugin.py
[2025-07-13T23:15:52.183+0300] {processor.py:183} INFO - Processing /home/wal/.pyenv/versions/3.12.0/lib/python3.12/site-packages/airflow/example_dags/plugins/listener_plugin.py took 0.033 seconds
[2025-07-13T23:16:54.636+0300] {processor.py:161} INFO - Started process (PID=5386) to work on /home/wal/.pyenv/versions/3.12.0/lib/python3.12/site-packages/airflow/example_dags/plugins/listener_plugin.py
[2025-07-13T23:16:54.643+0300] {processor.py:830} INFO - Processing file /home/wal/.pyenv/versions/3.12.0/lib/python3.12/site-packages/airflow/example_dags/plugins/listener_plugin.py for tasks to queue
[2025-07-13T23:16:54.649+0300] {logging_mixin.py:188} INFO - [2025-07-13T23:16:54.648+0300] {dagbag.py:545} INFO - Filling up the DagBag from /home/wal/.pyenv/versions/3.12.0/lib/python3.12/site-packages/airflow/example_dags/plugins/listener_plugin.py
[2025-07-13T23:16:54.655+0300] {processor.py:842} WARNING - No viable dags retrieved from /home/wal/.pyenv/versions/3.12.0/lib/python3.12/site-packages/airflow/example_dags/plugins/listener_plugin.py
[2025-07-13T23:16:54.682+0300] {processor.py:183} INFO - Processing /home/wal/.pyenv/versions/3.12.0/lib/python3.12/site-packages/airflow/example_dags/plugins/listener_plugin.py took 0.065 seconds
[2025-07-13T23:17:31.265+0300] {processor.py:161} INFO - Started process (PID=5417) to work on /home/wal/.pyenv/versions/3.12.0/lib/python3.12/site-packages/airflow/example_dags/plugins/listener_plugin.py
[2025-07-13T23:17:31.269+0300] {processor.py:830} INFO - Processing file /home/wal/.pyenv/versions/3.12.0/lib/python3.12/site-packages/airflow/example_dags/plugins/listener_plugin.py for tasks to queue
[2025-07-13T23:17:31.273+0300] {logging_mixin.py:188} INFO - [2025-07-13T23:17:31.272+0300] {dagbag.py:545} INFO - Filling up the DagBag from /home/wal/.pyenv/versions/3.12.0/lib/python3.12/site-packages/airflow/example_dags/plugins/listener_plugin.py
[2025-07-13T23:17:31.277+0300] {processor.py:842} WARNING - No viable dags retrieved from /home/wal/.pyenv/versions/3.12.0/lib/python3.12/site-packages/airflow/example_dags/plugins/listener_plugin.py
[2025-07-13T23:17:31.299+0300] {processor.py:183} INFO - Processing /home/wal/.pyenv/versions/3.12.0/lib/python3.12/site-packages/airflow/example_dags/plugins/listener_plugin.py took 0.043 seconds
[2025-07-13T23:18:09.551+0300] {processor.py:161} INFO - Started process (PID=5448) to work on /home/wal/.pyenv/versions/3.12.0/lib/python3.12/site-packages/airflow/example_dags/plugins/listener_plugin.py
[2025-07-13T23:18:09.560+0300] {processor.py:830} INFO - Processing file /home/wal/.pyenv/versions/3.12.0/lib/python3.12/site-packages/airflow/example_dags/plugins/listener_plugin.py for tasks to queue
[2025-07-13T23:18:09.566+0300] {logging_mixin.py:188} INFO - [2025-07-13T23:18:09.564+0300] {dagbag.py:545} INFO - Filling up the DagBag from /home/wal/.pyenv/versions/3.12.0/lib/python3.12/site-packages/airflow/example_dags/plugins/listener_plugin.py
[2025-07-13T23:18:09.577+0300] {processor.py:842} WARNING - No viable dags retrieved from /home/wal/.pyenv/versions/3.12.0/lib/python3.12/site-packages/airflow/example_dags/plugins/listener_plugin.py
[2025-07-13T23:18:09.613+0300] {processor.py:183} INFO - Processing /home/wal/.pyenv/versions/3.12.0/lib/python3.12/site-packages/airflow/example_dags/plugins/listener_plugin.py took 0.088 seconds
[2025-07-13T23:19:19.534+0300] {processor.py:161} INFO - Started process (PID=5504) to work on /home/wal/.pyenv/versions/3.12.0/lib/python3.12/site-packages/airflow/example_dags/plugins/listener_plugin.py
[2025-07-13T23:19:19.537+0300] {processor.py:830} INFO - Processing file /home/wal/.pyenv/versions/3.12.0/lib/python3.12/site-packages/airflow/example_dags/plugins/listener_plugin.py for tasks to queue
[2025-07-13T23:19:19.542+0300] {logging_mixin.py:188} INFO - [2025-07-13T23:19:19.541+0300] {dagbag.py:545} INFO - Filling up the DagBag from /home/wal/.pyenv/versions/3.12.0/lib/python3.12/site-packages/airflow/example_dags/plugins/listener_plugin.py
[2025-07-13T23:19:19.547+0300] {processor.py:842} WARNING - No viable dags retrieved from /home/wal/.pyenv/versions/3.12.0/lib/python3.12/site-packages/airflow/example_dags/plugins/listener_plugin.py
[2025-07-13T23:19:19.570+0300] {processor.py:183} INFO - Processing /home/wal/.pyenv/versions/3.12.0/lib/python3.12/site-packages/airflow/example_dags/plugins/listener_plugin.py took 0.046 seconds
[2025-07-13T23:20:18.604+0300] {processor.py:161} INFO - Started process (PID=5557) to work on /home/wal/.pyenv/versions/3.12.0/lib/python3.12/site-packages/airflow/example_dags/plugins/listener_plugin.py
[2025-07-13T23:20:18.606+0300] {processor.py:830} INFO - Processing file /home/wal/.pyenv/versions/3.12.0/lib/python3.12/site-packages/airflow/example_dags/plugins/listener_plugin.py for tasks to queue
[2025-07-13T23:20:18.611+0300] {logging_mixin.py:188} INFO - [2025-07-13T23:20:18.609+0300] {dagbag.py:545} INFO - Filling up the DagBag from /home/wal/.pyenv/versions/3.12.0/lib/python3.12/site-packages/airflow/example_dags/plugins/listener_plugin.py
[2025-07-13T23:20:18.616+0300] {processor.py:842} WARNING - No viable dags retrieved from /home/wal/.pyenv/versions/3.12.0/lib/python3.12/site-packages/airflow/example_dags/plugins/listener_plugin.py
[2025-07-13T23:20:18.641+0300] {processor.py:183} INFO - Processing /home/wal/.pyenv/versions/3.12.0/lib/python3.12/site-packages/airflow/example_dags/plugins/listener_plugin.py took 0.050 seconds
[2025-07-13T23:21:21.163+0300] {processor.py:161} INFO - Started process (PID=5611) to work on /home/wal/.pyenv/versions/3.12.0/lib/python3.12/site-packages/airflow/example_dags/plugins/listener_plugin.py
[2025-07-13T23:21:21.165+0300] {processor.py:830} INFO - Processing file /home/wal/.pyenv/versions/3.12.0/lib/python3.12/site-packages/airflow/example_dags/plugins/listener_plugin.py for tasks to queue
[2025-07-13T23:21:21.168+0300] {logging_mixin.py:188} INFO - [2025-07-13T23:21:21.167+0300] {dagbag.py:545} INFO - Filling up the DagBag from /home/wal/.pyenv/versions/3.12.0/lib/python3.12/site-packages/airflow/example_dags/plugins/listener_plugin.py
[2025-07-13T23:21:21.172+0300] {processor.py:842} WARNING - No viable dags retrieved from /home/wal/.pyenv/versions/3.12.0/lib/python3.12/site-packages/airflow/example_dags/plugins/listener_plugin.py
[2025-07-13T23:21:21.186+0300] {processor.py:183} INFO - Processing /home/wal/.pyenv/versions/3.12.0/lib/python3.12/site-packages/airflow/example_dags/plugins/listener_plugin.py took 0.031 seconds
[2025-07-13T23:22:31.338+0300] {processor.py:161} INFO - Started process (PID=5667) to work on /home/wal/.pyenv/versions/3.12.0/lib/python3.12/site-packages/airflow/example_dags/plugins/listener_plugin.py
[2025-07-13T23:22:31.345+0300] {processor.py:830} INFO - Processing file /home/wal/.pyenv/versions/3.12.0/lib/python3.12/site-packages/airflow/example_dags/plugins/listener_plugin.py for tasks to queue
[2025-07-13T23:22:31.351+0300] {logging_mixin.py:188} INFO - [2025-07-13T23:22:31.350+0300] {dagbag.py:545} INFO - Filling up the DagBag from /home/wal/.pyenv/versions/3.12.0/lib/python3.12/site-packages/airflow/example_dags/plugins/listener_plugin.py
[2025-07-13T23:22:31.360+0300] {processor.py:842} WARNING - No viable dags retrieved from /home/wal/.pyenv/versions/3.12.0/lib/python3.12/site-packages/airflow/example_dags/plugins/listener_plugin.py
[2025-07-13T23:22:31.391+0300] {processor.py:183} INFO - Processing /home/wal/.pyenv/versions/3.12.0/lib/python3.12/site-packages/airflow/example_dags/plugins/listener_plugin.py took 0.080 seconds
[2025-07-13T23:23:08.768+0300] {processor.py:161} INFO - Started process (PID=5698) to work on /home/wal/.pyenv/versions/3.12.0/lib/python3.12/site-packages/airflow/example_dags/plugins/listener_plugin.py
[2025-07-13T23:23:08.771+0300] {processor.py:830} INFO - Processing file /home/wal/.pyenv/versions/3.12.0/lib/python3.12/site-packages/airflow/example_dags/plugins/listener_plugin.py for tasks to queue
[2025-07-13T23:23:08.774+0300] {logging_mixin.py:188} INFO - [2025-07-13T23:23:08.773+0300] {dagbag.py:545} INFO - Filling up the DagBag from /home/wal/.pyenv/versions/3.12.0/lib/python3.12/site-packages/airflow/example_dags/plugins/listener_plugin.py
[2025-07-13T23:23:08.778+0300] {processor.py:842} WARNING - No viable dags retrieved from /home/wal/.pyenv/versions/3.12.0/lib/python3.12/site-packages/airflow/example_dags/plugins/listener_plugin.py
[2025-07-13T23:23:08.798+0300] {processor.py:183} INFO - Processing /home/wal/.pyenv/versions/3.12.0/lib/python3.12/site-packages/airflow/example_dags/plugins/listener_plugin.py took 0.042 seconds
[2025-07-13T23:23:44.759+0300] {processor.py:161} INFO - Started process (PID=5726) to work on /home/wal/.pyenv/versions/3.12.0/lib/python3.12/site-packages/airflow/example_dags/plugins/listener_plugin.py
[2025-07-13T23:23:44.766+0300] {processor.py:830} INFO - Processing file /home/wal/.pyenv/versions/3.12.0/lib/python3.12/site-packages/airflow/example_dags/plugins/listener_plugin.py for tasks to queue
[2025-07-13T23:23:44.772+0300] {logging_mixin.py:188} INFO - [2025-07-13T23:23:44.771+0300] {dagbag.py:545} INFO - Filling up the DagBag from /home/wal/.pyenv/versions/3.12.0/lib/python3.12/site-packages/airflow/example_dags/plugins/listener_plugin.py
[2025-07-13T23:23:44.779+0300] {processor.py:842} WARNING - No viable dags retrieved from /home/wal/.pyenv/versions/3.12.0/lib/python3.12/site-packages/airflow/example_dags/plugins/listener_plugin.py
[2025-07-13T23:23:44.806+0300] {processor.py:183} INFO - Processing /home/wal/.pyenv/versions/3.12.0/lib/python3.12/site-packages/airflow/example_dags/plugins/listener_plugin.py took 0.069 seconds
[2025-07-13T23:24:29.764+0300] {processor.py:161} INFO - Started process (PID=5755) to work on /home/wal/.pyenv/versions/3.12.0/lib/python3.12/site-packages/airflow/example_dags/plugins/listener_plugin.py
[2025-07-13T23:24:29.766+0300] {processor.py:830} INFO - Processing file /home/wal/.pyenv/versions/3.12.0/lib/python3.12/site-packages/airflow/example_dags/plugins/listener_plugin.py for tasks to queue
[2025-07-13T23:24:29.770+0300] {logging_mixin.py:188} INFO - [2025-07-13T23:24:29.769+0300] {dagbag.py:545} INFO - Filling up the DagBag from /home/wal/.pyenv/versions/3.12.0/lib/python3.12/site-packages/airflow/example_dags/plugins/listener_plugin.py
[2025-07-13T23:24:29.779+0300] {processor.py:842} WARNING - No viable dags retrieved from /home/wal/.pyenv/versions/3.12.0/lib/python3.12/site-packages/airflow/example_dags/plugins/listener_plugin.py
[2025-07-13T23:24:29.812+0300] {processor.py:183} INFO - Processing /home/wal/.pyenv/versions/3.12.0/lib/python3.12/site-packages/airflow/example_dags/plugins/listener_plugin.py took 0.063 seconds
[2025-07-13T23:25:38.901+0300] {processor.py:161} INFO - Started process (PID=5794) to work on /home/wal/.pyenv/versions/3.12.0/lib/python3.12/site-packages/airflow/example_dags/plugins/listener_plugin.py
[2025-07-13T23:25:38.905+0300] {processor.py:830} INFO - Processing file /home/wal/.pyenv/versions/3.12.0/lib/python3.12/site-packages/airflow/example_dags/plugins/listener_plugin.py for tasks to queue
[2025-07-13T23:25:38.918+0300] {logging_mixin.py:188} INFO - [2025-07-13T23:25:38.908+0300] {dagbag.py:545} INFO - Filling up the DagBag from /home/wal/.pyenv/versions/3.12.0/lib/python3.12/site-packages/airflow/example_dags/plugins/listener_plugin.py
[2025-07-13T23:25:38.928+0300] {processor.py:842} WARNING - No viable dags retrieved from /home/wal/.pyenv/versions/3.12.0/lib/python3.12/site-packages/airflow/example_dags/plugins/listener_plugin.py
[2025-07-13T23:25:38.975+0300] {processor.py:183} INFO - Processing /home/wal/.pyenv/versions/3.12.0/lib/python3.12/site-packages/airflow/example_dags/plugins/listener_plugin.py took 0.126 seconds
[2025-07-13T23:26:27.330+0300] {processor.py:161} INFO - Started process (PID=5832) to work on /home/wal/.pyenv/versions/3.12.0/lib/python3.12/site-packages/airflow/example_dags/plugins/listener_plugin.py
[2025-07-13T23:26:27.332+0300] {processor.py:830} INFO - Processing file /home/wal/.pyenv/versions/3.12.0/lib/python3.12/site-packages/airflow/example_dags/plugins/listener_plugin.py for tasks to queue
[2025-07-13T23:26:27.334+0300] {logging_mixin.py:188} INFO - [2025-07-13T23:26:27.334+0300] {dagbag.py:545} INFO - Filling up the DagBag from /home/wal/.pyenv/versions/3.12.0/lib/python3.12/site-packages/airflow/example_dags/plugins/listener_plugin.py
[2025-07-13T23:26:27.338+0300] {processor.py:842} WARNING - No viable dags retrieved from /home/wal/.pyenv/versions/3.12.0/lib/python3.12/site-packages/airflow/example_dags/plugins/listener_plugin.py
[2025-07-13T23:26:27.354+0300] {processor.py:183} INFO - Processing /home/wal/.pyenv/versions/3.12.0/lib/python3.12/site-packages/airflow/example_dags/plugins/listener_plugin.py took 0.035 seconds
[2025-07-13T23:27:02.560+0300] {processor.py:161} INFO - Started process (PID=5861) to work on /home/wal/.pyenv/versions/3.12.0/lib/python3.12/site-packages/airflow/example_dags/plugins/listener_plugin.py
[2025-07-13T23:27:02.567+0300] {processor.py:830} INFO - Processing file /home/wal/.pyenv/versions/3.12.0/lib/python3.12/site-packages/airflow/example_dags/plugins/listener_plugin.py for tasks to queue
[2025-07-13T23:27:02.582+0300] {logging_mixin.py:188} INFO - [2025-07-13T23:27:02.581+0300] {dagbag.py:545} INFO - Filling up the DagBag from /home/wal/.pyenv/versions/3.12.0/lib/python3.12/site-packages/airflow/example_dags/plugins/listener_plugin.py
[2025-07-13T23:27:02.594+0300] {processor.py:842} WARNING - No viable dags retrieved from /home/wal/.pyenv/versions/3.12.0/lib/python3.12/site-packages/airflow/example_dags/plugins/listener_plugin.py
[2025-07-13T23:27:02.622+0300] {processor.py:183} INFO - Processing /home/wal/.pyenv/versions/3.12.0/lib/python3.12/site-packages/airflow/example_dags/plugins/listener_plugin.py took 0.076 seconds
[2025-07-13T23:28:13.995+0300] {processor.py:161} INFO - Started process (PID=5917) to work on /home/wal/.pyenv/versions/3.12.0/lib/python3.12/site-packages/airflow/example_dags/plugins/listener_plugin.py
[2025-07-13T23:28:14.004+0300] {processor.py:830} INFO - Processing file /home/wal/.pyenv/versions/3.12.0/lib/python3.12/site-packages/airflow/example_dags/plugins/listener_plugin.py for tasks to queue
[2025-07-13T23:28:14.015+0300] {logging_mixin.py:188} INFO - [2025-07-13T23:28:14.013+0300] {dagbag.py:545} INFO - Filling up the DagBag from /home/wal/.pyenv/versions/3.12.0/lib/python3.12/site-packages/airflow/example_dags/plugins/listener_plugin.py
[2025-07-13T23:28:14.024+0300] {processor.py:842} WARNING - No viable dags retrieved from /home/wal/.pyenv/versions/3.12.0/lib/python3.12/site-packages/airflow/example_dags/plugins/listener_plugin.py
[2025-07-13T23:28:14.045+0300] {processor.py:183} INFO - Processing /home/wal/.pyenv/versions/3.12.0/lib/python3.12/site-packages/airflow/example_dags/plugins/listener_plugin.py took 0.064 seconds
[2025-07-13T23:28:51.595+0300] {processor.py:161} INFO - Started process (PID=5947) to work on /home/wal/.pyenv/versions/3.12.0/lib/python3.12/site-packages/airflow/example_dags/plugins/listener_plugin.py
[2025-07-13T23:28:51.601+0300] {processor.py:830} INFO - Processing file /home/wal/.pyenv/versions/3.12.0/lib/python3.12/site-packages/airflow/example_dags/plugins/listener_plugin.py for tasks to queue
[2025-07-13T23:28:51.605+0300] {logging_mixin.py:188} INFO - [2025-07-13T23:28:51.603+0300] {dagbag.py:545} INFO - Filling up the DagBag from /home/wal/.pyenv/versions/3.12.0/lib/python3.12/site-packages/airflow/example_dags/plugins/listener_plugin.py
[2025-07-13T23:28:51.611+0300] {processor.py:842} WARNING - No viable dags retrieved from /home/wal/.pyenv/versions/3.12.0/lib/python3.12/site-packages/airflow/example_dags/plugins/listener_plugin.py
[2025-07-13T23:28:51.632+0300] {processor.py:183} INFO - Processing /home/wal/.pyenv/versions/3.12.0/lib/python3.12/site-packages/airflow/example_dags/plugins/listener_plugin.py took 0.050 seconds
[2025-07-13T23:29:53.675+0300] {processor.py:161} INFO - Started process (PID=6000) to work on /home/wal/.pyenv/versions/3.12.0/lib/python3.12/site-packages/airflow/example_dags/plugins/listener_plugin.py
[2025-07-13T23:29:53.682+0300] {processor.py:830} INFO - Processing file /home/wal/.pyenv/versions/3.12.0/lib/python3.12/site-packages/airflow/example_dags/plugins/listener_plugin.py for tasks to queue
[2025-07-13T23:29:53.685+0300] {logging_mixin.py:188} INFO - [2025-07-13T23:29:53.684+0300] {dagbag.py:545} INFO - Filling up the DagBag from /home/wal/.pyenv/versions/3.12.0/lib/python3.12/site-packages/airflow/example_dags/plugins/listener_plugin.py
[2025-07-13T23:29:53.690+0300] {processor.py:842} WARNING - No viable dags retrieved from /home/wal/.pyenv/versions/3.12.0/lib/python3.12/site-packages/airflow/example_dags/plugins/listener_plugin.py
[2025-07-13T23:29:53.714+0300] {processor.py:183} INFO - Processing /home/wal/.pyenv/versions/3.12.0/lib/python3.12/site-packages/airflow/example_dags/plugins/listener_plugin.py took 0.051 seconds
[2025-07-13T23:30:52.167+0300] {processor.py:161} INFO - Started process (PID=6053) to work on /home/wal/.pyenv/versions/3.12.0/lib/python3.12/site-packages/airflow/example_dags/plugins/listener_plugin.py
[2025-07-13T23:30:52.177+0300] {processor.py:830} INFO - Processing file /home/wal/.pyenv/versions/3.12.0/lib/python3.12/site-packages/airflow/example_dags/plugins/listener_plugin.py for tasks to queue
[2025-07-13T23:30:52.182+0300] {logging_mixin.py:188} INFO - [2025-07-13T23:30:52.181+0300] {dagbag.py:545} INFO - Filling up the DagBag from /home/wal/.pyenv/versions/3.12.0/lib/python3.12/site-packages/airflow/example_dags/plugins/listener_plugin.py
[2025-07-13T23:30:52.192+0300] {processor.py:842} WARNING - No viable dags retrieved from /home/wal/.pyenv/versions/3.12.0/lib/python3.12/site-packages/airflow/example_dags/plugins/listener_plugin.py
[2025-07-13T23:30:52.218+0300] {processor.py:183} INFO - Processing /home/wal/.pyenv/versions/3.12.0/lib/python3.12/site-packages/airflow/example_dags/plugins/listener_plugin.py took 0.060 seconds
[2025-07-13T23:31:50.289+0300] {processor.py:161} INFO - Started process (PID=6105) to work on /home/wal/.pyenv/versions/3.12.0/lib/python3.12/site-packages/airflow/example_dags/plugins/listener_plugin.py
[2025-07-13T23:31:50.301+0300] {processor.py:830} INFO - Processing file /home/wal/.pyenv/versions/3.12.0/lib/python3.12/site-packages/airflow/example_dags/plugins/listener_plugin.py for tasks to queue
[2025-07-13T23:31:50.316+0300] {logging_mixin.py:188} INFO - [2025-07-13T23:31:50.305+0300] {dagbag.py:545} INFO - Filling up the DagBag from /home/wal/.pyenv/versions/3.12.0/lib/python3.12/site-packages/airflow/example_dags/plugins/listener_plugin.py
[2025-07-13T23:31:50.322+0300] {processor.py:842} WARNING - No viable dags retrieved from /home/wal/.pyenv/versions/3.12.0/lib/python3.12/site-packages/airflow/example_dags/plugins/listener_plugin.py
[2025-07-13T23:31:50.381+0300] {processor.py:183} INFO - Processing /home/wal/.pyenv/versions/3.12.0/lib/python3.12/site-packages/airflow/example_dags/plugins/listener_plugin.py took 0.119 seconds
[2025-07-13T23:32:52.988+0300] {processor.py:161} INFO - Started process (PID=6159) to work on /home/wal/.pyenv/versions/3.12.0/lib/python3.12/site-packages/airflow/example_dags/plugins/listener_plugin.py
[2025-07-13T23:32:52.994+0300] {processor.py:830} INFO - Processing file /home/wal/.pyenv/versions/3.12.0/lib/python3.12/site-packages/airflow/example_dags/plugins/listener_plugin.py for tasks to queue
[2025-07-13T23:32:52.996+0300] {logging_mixin.py:188} INFO - [2025-07-13T23:32:52.995+0300] {dagbag.py:545} INFO - Filling up the DagBag from /home/wal/.pyenv/versions/3.12.0/lib/python3.12/site-packages/airflow/example_dags/plugins/listener_plugin.py
[2025-07-13T23:32:53.002+0300] {processor.py:842} WARNING - No viable dags retrieved from /home/wal/.pyenv/versions/3.12.0/lib/python3.12/site-packages/airflow/example_dags/plugins/listener_plugin.py
[2025-07-13T23:32:53.018+0300] {processor.py:183} INFO - Processing /home/wal/.pyenv/versions/3.12.0/lib/python3.12/site-packages/airflow/example_dags/plugins/listener_plugin.py took 0.043 seconds
[2025-07-13T23:33:55.872+0300] {processor.py:161} INFO - Started process (PID=6213) to work on /home/wal/.pyenv/versions/3.12.0/lib/python3.12/site-packages/airflow/example_dags/plugins/listener_plugin.py
[2025-07-13T23:33:55.874+0300] {processor.py:830} INFO - Processing file /home/wal/.pyenv/versions/3.12.0/lib/python3.12/site-packages/airflow/example_dags/plugins/listener_plugin.py for tasks to queue
[2025-07-13T23:33:55.877+0300] {logging_mixin.py:188} INFO - [2025-07-13T23:33:55.876+0300] {dagbag.py:545} INFO - Filling up the DagBag from /home/wal/.pyenv/versions/3.12.0/lib/python3.12/site-packages/airflow/example_dags/plugins/listener_plugin.py
[2025-07-13T23:33:55.881+0300] {processor.py:842} WARNING - No viable dags retrieved from /home/wal/.pyenv/versions/3.12.0/lib/python3.12/site-packages/airflow/example_dags/plugins/listener_plugin.py
[2025-07-13T23:33:55.900+0300] {processor.py:183} INFO - Processing /home/wal/.pyenv/versions/3.12.0/lib/python3.12/site-packages/airflow/example_dags/plugins/listener_plugin.py took 0.040 seconds
[2025-07-13T23:34:31.663+0300] {processor.py:161} INFO - Started process (PID=6240) to work on /home/wal/.pyenv/versions/3.12.0/lib/python3.12/site-packages/airflow/example_dags/plugins/listener_plugin.py
[2025-07-13T23:34:31.667+0300] {processor.py:830} INFO - Processing file /home/wal/.pyenv/versions/3.12.0/lib/python3.12/site-packages/airflow/example_dags/plugins/listener_plugin.py for tasks to queue
[2025-07-13T23:34:31.675+0300] {logging_mixin.py:188} INFO - [2025-07-13T23:34:31.673+0300] {dagbag.py:545} INFO - Filling up the DagBag from /home/wal/.pyenv/versions/3.12.0/lib/python3.12/site-packages/airflow/example_dags/plugins/listener_plugin.py
[2025-07-13T23:34:31.691+0300] {processor.py:842} WARNING - No viable dags retrieved from /home/wal/.pyenv/versions/3.12.0/lib/python3.12/site-packages/airflow/example_dags/plugins/listener_plugin.py
[2025-07-13T23:34:31.753+0300] {processor.py:183} INFO - Processing /home/wal/.pyenv/versions/3.12.0/lib/python3.12/site-packages/airflow/example_dags/plugins/listener_plugin.py took 0.118 seconds
[2025-07-13T23:35:12.305+0300] {processor.py:161} INFO - Started process (PID=6273) to work on /home/wal/.pyenv/versions/3.12.0/lib/python3.12/site-packages/airflow/example_dags/plugins/listener_plugin.py
[2025-07-13T23:35:12.307+0300] {processor.py:830} INFO - Processing file /home/wal/.pyenv/versions/3.12.0/lib/python3.12/site-packages/airflow/example_dags/plugins/listener_plugin.py for tasks to queue
[2025-07-13T23:35:12.309+0300] {logging_mixin.py:188} INFO - [2025-07-13T23:35:12.308+0300] {dagbag.py:545} INFO - Filling up the DagBag from /home/wal/.pyenv/versions/3.12.0/lib/python3.12/site-packages/airflow/example_dags/plugins/listener_plugin.py
[2025-07-13T23:35:12.316+0300] {processor.py:842} WARNING - No viable dags retrieved from /home/wal/.pyenv/versions/3.12.0/lib/python3.12/site-packages/airflow/example_dags/plugins/listener_plugin.py
[2025-07-13T23:35:12.337+0300] {processor.py:183} INFO - Processing /home/wal/.pyenv/versions/3.12.0/lib/python3.12/site-packages/airflow/example_dags/plugins/listener_plugin.py took 0.047 seconds
[2025-07-13T23:35:48.459+0300] {processor.py:161} INFO - Started process (PID=6305) to work on /home/wal/.pyenv/versions/3.12.0/lib/python3.12/site-packages/airflow/example_dags/plugins/listener_plugin.py
[2025-07-13T23:35:48.466+0300] {processor.py:830} INFO - Processing file /home/wal/.pyenv/versions/3.12.0/lib/python3.12/site-packages/airflow/example_dags/plugins/listener_plugin.py for tasks to queue
[2025-07-13T23:35:48.469+0300] {logging_mixin.py:188} INFO - [2025-07-13T23:35:48.468+0300] {dagbag.py:545} INFO - Filling up the DagBag from /home/wal/.pyenv/versions/3.12.0/lib/python3.12/site-packages/airflow/example_dags/plugins/listener_plugin.py
[2025-07-13T23:35:48.473+0300] {processor.py:842} WARNING - No viable dags retrieved from /home/wal/.pyenv/versions/3.12.0/lib/python3.12/site-packages/airflow/example_dags/plugins/listener_plugin.py
[2025-07-13T23:35:48.491+0300] {processor.py:183} INFO - Processing /home/wal/.pyenv/versions/3.12.0/lib/python3.12/site-packages/airflow/example_dags/plugins/listener_plugin.py took 0.040 seconds
[2025-07-13T23:36:45.752+0300] {processor.py:161} INFO - Started process (PID=6357) to work on /home/wal/.pyenv/versions/3.12.0/lib/python3.12/site-packages/airflow/example_dags/plugins/listener_plugin.py
[2025-07-13T23:36:45.758+0300] {processor.py:830} INFO - Processing file /home/wal/.pyenv/versions/3.12.0/lib/python3.12/site-packages/airflow/example_dags/plugins/listener_plugin.py for tasks to queue
[2025-07-13T23:36:45.760+0300] {logging_mixin.py:188} INFO - [2025-07-13T23:36:45.759+0300] {dagbag.py:545} INFO - Filling up the DagBag from /home/wal/.pyenv/versions/3.12.0/lib/python3.12/site-packages/airflow/example_dags/plugins/listener_plugin.py
[2025-07-13T23:36:45.763+0300] {processor.py:842} WARNING - No viable dags retrieved from /home/wal/.pyenv/versions/3.12.0/lib/python3.12/site-packages/airflow/example_dags/plugins/listener_plugin.py
[2025-07-13T23:36:45.783+0300] {processor.py:183} INFO - Processing /home/wal/.pyenv/versions/3.12.0/lib/python3.12/site-packages/airflow/example_dags/plugins/listener_plugin.py took 0.042 seconds
[2025-07-13T23:37:46.617+0300] {processor.py:161} INFO - Started process (PID=6410) to work on /home/wal/.pyenv/versions/3.12.0/lib/python3.12/site-packages/airflow/example_dags/plugins/listener_plugin.py
[2025-07-13T23:37:46.623+0300] {processor.py:830} INFO - Processing file /home/wal/.pyenv/versions/3.12.0/lib/python3.12/site-packages/airflow/example_dags/plugins/listener_plugin.py for tasks to queue
[2025-07-13T23:37:46.625+0300] {logging_mixin.py:188} INFO - [2025-07-13T23:37:46.624+0300] {dagbag.py:545} INFO - Filling up the DagBag from /home/wal/.pyenv/versions/3.12.0/lib/python3.12/site-packages/airflow/example_dags/plugins/listener_plugin.py
[2025-07-13T23:37:46.630+0300] {processor.py:842} WARNING - No viable dags retrieved from /home/wal/.pyenv/versions/3.12.0/lib/python3.12/site-packages/airflow/example_dags/plugins/listener_plugin.py
[2025-07-13T23:37:46.645+0300] {processor.py:183} INFO - Processing /home/wal/.pyenv/versions/3.12.0/lib/python3.12/site-packages/airflow/example_dags/plugins/listener_plugin.py took 0.038 seconds
[2025-07-13T23:38:47.040+0300] {processor.py:161} INFO - Started process (PID=6462) to work on /home/wal/.pyenv/versions/3.12.0/lib/python3.12/site-packages/airflow/example_dags/plugins/listener_plugin.py
[2025-07-13T23:38:47.042+0300] {processor.py:830} INFO - Processing file /home/wal/.pyenv/versions/3.12.0/lib/python3.12/site-packages/airflow/example_dags/plugins/listener_plugin.py for tasks to queue
[2025-07-13T23:38:47.046+0300] {logging_mixin.py:188} INFO - [2025-07-13T23:38:47.044+0300] {dagbag.py:545} INFO - Filling up the DagBag from /home/wal/.pyenv/versions/3.12.0/lib/python3.12/site-packages/airflow/example_dags/plugins/listener_plugin.py
[2025-07-13T23:38:47.049+0300] {processor.py:842} WARNING - No viable dags retrieved from /home/wal/.pyenv/versions/3.12.0/lib/python3.12/site-packages/airflow/example_dags/plugins/listener_plugin.py
[2025-07-13T23:38:47.064+0300] {processor.py:183} INFO - Processing /home/wal/.pyenv/versions/3.12.0/lib/python3.12/site-packages/airflow/example_dags/plugins/listener_plugin.py took 0.033 seconds
[2025-07-13T23:39:42.904+0300] {processor.py:161} INFO - Started process (PID=6513) to work on /home/wal/.pyenv/versions/3.12.0/lib/python3.12/site-packages/airflow/example_dags/plugins/listener_plugin.py
[2025-07-13T23:39:42.911+0300] {processor.py:830} INFO - Processing file /home/wal/.pyenv/versions/3.12.0/lib/python3.12/site-packages/airflow/example_dags/plugins/listener_plugin.py for tasks to queue
[2025-07-13T23:39:42.916+0300] {logging_mixin.py:188} INFO - [2025-07-13T23:39:42.915+0300] {dagbag.py:545} INFO - Filling up the DagBag from /home/wal/.pyenv/versions/3.12.0/lib/python3.12/site-packages/airflow/example_dags/plugins/listener_plugin.py
[2025-07-13T23:39:42.920+0300] {processor.py:842} WARNING - No viable dags retrieved from /home/wal/.pyenv/versions/3.12.0/lib/python3.12/site-packages/airflow/example_dags/plugins/listener_plugin.py
[2025-07-13T23:39:42.937+0300] {processor.py:183} INFO - Processing /home/wal/.pyenv/versions/3.12.0/lib/python3.12/site-packages/airflow/example_dags/plugins/listener_plugin.py took 0.047 seconds
[2025-07-13T23:40:38.457+0300] {processor.py:161} INFO - Started process (PID=6564) to work on /home/wal/.pyenv/versions/3.12.0/lib/python3.12/site-packages/airflow/example_dags/plugins/listener_plugin.py
[2025-07-13T23:40:38.459+0300] {processor.py:830} INFO - Processing file /home/wal/.pyenv/versions/3.12.0/lib/python3.12/site-packages/airflow/example_dags/plugins/listener_plugin.py for tasks to queue
[2025-07-13T23:40:38.463+0300] {logging_mixin.py:188} INFO - [2025-07-13T23:40:38.462+0300] {dagbag.py:545} INFO - Filling up the DagBag from /home/wal/.pyenv/versions/3.12.0/lib/python3.12/site-packages/airflow/example_dags/plugins/listener_plugin.py
[2025-07-13T23:40:38.470+0300] {processor.py:842} WARNING - No viable dags retrieved from /home/wal/.pyenv/versions/3.12.0/lib/python3.12/site-packages/airflow/example_dags/plugins/listener_plugin.py
[2025-07-13T23:40:38.492+0300] {processor.py:183} INFO - Processing /home/wal/.pyenv/versions/3.12.0/lib/python3.12/site-packages/airflow/example_dags/plugins/listener_plugin.py took 0.050 seconds
[2025-07-13T23:41:26.749+0300] {processor.py:161} INFO - Started process (PID=6611) to work on /home/wal/.pyenv/versions/3.12.0/lib/python3.12/site-packages/airflow/example_dags/plugins/listener_plugin.py
[2025-07-13T23:41:26.750+0300] {processor.py:830} INFO - Processing file /home/wal/.pyenv/versions/3.12.0/lib/python3.12/site-packages/airflow/example_dags/plugins/listener_plugin.py for tasks to queue
[2025-07-13T23:41:26.753+0300] {logging_mixin.py:188} INFO - [2025-07-13T23:41:26.752+0300] {dagbag.py:545} INFO - Filling up the DagBag from /home/wal/.pyenv/versions/3.12.0/lib/python3.12/site-packages/airflow/example_dags/plugins/listener_plugin.py
[2025-07-13T23:41:26.758+0300] {processor.py:842} WARNING - No viable dags retrieved from /home/wal/.pyenv/versions/3.12.0/lib/python3.12/site-packages/airflow/example_dags/plugins/listener_plugin.py
[2025-07-13T23:41:26.773+0300] {processor.py:183} INFO - Processing /home/wal/.pyenv/versions/3.12.0/lib/python3.12/site-packages/airflow/example_dags/plugins/listener_plugin.py took 0.032 seconds
[2025-07-13T23:42:18.422+0300] {processor.py:161} INFO - Started process (PID=6658) to work on /home/wal/.pyenv/versions/3.12.0/lib/python3.12/site-packages/airflow/example_dags/plugins/listener_plugin.py
[2025-07-13T23:42:18.424+0300] {processor.py:830} INFO - Processing file /home/wal/.pyenv/versions/3.12.0/lib/python3.12/site-packages/airflow/example_dags/plugins/listener_plugin.py for tasks to queue
[2025-07-13T23:42:18.426+0300] {logging_mixin.py:188} INFO - [2025-07-13T23:42:18.426+0300] {dagbag.py:545} INFO - Filling up the DagBag from /home/wal/.pyenv/versions/3.12.0/lib/python3.12/site-packages/airflow/example_dags/plugins/listener_plugin.py
[2025-07-13T23:42:18.431+0300] {processor.py:842} WARNING - No viable dags retrieved from /home/wal/.pyenv/versions/3.12.0/lib/python3.12/site-packages/airflow/example_dags/plugins/listener_plugin.py
[2025-07-13T23:42:18.449+0300] {processor.py:183} INFO - Processing /home/wal/.pyenv/versions/3.12.0/lib/python3.12/site-packages/airflow/example_dags/plugins/listener_plugin.py took 0.040 seconds
[2025-07-13T23:43:10.646+0300] {processor.py:161} INFO - Started process (PID=6708) to work on /home/wal/.pyenv/versions/3.12.0/lib/python3.12/site-packages/airflow/example_dags/plugins/listener_plugin.py
[2025-07-13T23:43:10.653+0300] {processor.py:830} INFO - Processing file /home/wal/.pyenv/versions/3.12.0/lib/python3.12/site-packages/airflow/example_dags/plugins/listener_plugin.py for tasks to queue
[2025-07-13T23:43:10.657+0300] {logging_mixin.py:188} INFO - [2025-07-13T23:43:10.656+0300] {dagbag.py:545} INFO - Filling up the DagBag from /home/wal/.pyenv/versions/3.12.0/lib/python3.12/site-packages/airflow/example_dags/plugins/listener_plugin.py
[2025-07-13T23:43:10.662+0300] {processor.py:842} WARNING - No viable dags retrieved from /home/wal/.pyenv/versions/3.12.0/lib/python3.12/site-packages/airflow/example_dags/plugins/listener_plugin.py
[2025-07-13T23:43:10.679+0300] {processor.py:183} INFO - Processing /home/wal/.pyenv/versions/3.12.0/lib/python3.12/site-packages/airflow/example_dags/plugins/listener_plugin.py took 0.045 seconds
[2025-07-13T23:44:07.783+0300] {processor.py:161} INFO - Started process (PID=6758) to work on /home/wal/.pyenv/versions/3.12.0/lib/python3.12/site-packages/airflow/example_dags/plugins/listener_plugin.py
[2025-07-13T23:44:07.785+0300] {processor.py:830} INFO - Processing file /home/wal/.pyenv/versions/3.12.0/lib/python3.12/site-packages/airflow/example_dags/plugins/listener_plugin.py for tasks to queue
[2025-07-13T23:44:07.787+0300] {logging_mixin.py:188} INFO - [2025-07-13T23:44:07.786+0300] {dagbag.py:545} INFO - Filling up the DagBag from /home/wal/.pyenv/versions/3.12.0/lib/python3.12/site-packages/airflow/example_dags/plugins/listener_plugin.py
[2025-07-13T23:44:07.792+0300] {processor.py:842} WARNING - No viable dags retrieved from /home/wal/.pyenv/versions/3.12.0/lib/python3.12/site-packages/airflow/example_dags/plugins/listener_plugin.py
[2025-07-13T23:44:07.805+0300] {processor.py:183} INFO - Processing /home/wal/.pyenv/versions/3.12.0/lib/python3.12/site-packages/airflow/example_dags/plugins/listener_plugin.py took 0.037 seconds
[2025-07-13T23:45:05.304+0300] {processor.py:161} INFO - Started process (PID=6813) to work on /home/wal/.pyenv/versions/3.12.0/lib/python3.12/site-packages/airflow/example_dags/plugins/listener_plugin.py
[2025-07-13T23:45:05.310+0300] {processor.py:830} INFO - Processing file /home/wal/.pyenv/versions/3.12.0/lib/python3.12/site-packages/airflow/example_dags/plugins/listener_plugin.py for tasks to queue
[2025-07-13T23:45:05.314+0300] {logging_mixin.py:188} INFO - [2025-07-13T23:45:05.313+0300] {dagbag.py:545} INFO - Filling up the DagBag from /home/wal/.pyenv/versions/3.12.0/lib/python3.12/site-packages/airflow/example_dags/plugins/listener_plugin.py
[2025-07-13T23:45:05.317+0300] {processor.py:842} WARNING - No viable dags retrieved from /home/wal/.pyenv/versions/3.12.0/lib/python3.12/site-packages/airflow/example_dags/plugins/listener_plugin.py
[2025-07-13T23:45:05.333+0300] {processor.py:183} INFO - Processing /home/wal/.pyenv/versions/3.12.0/lib/python3.12/site-packages/airflow/example_dags/plugins/listener_plugin.py took 0.039 seconds
[2025-07-13T23:45:59.123+0300] {processor.py:161} INFO - Started process (PID=6864) to work on /home/wal/.pyenv/versions/3.12.0/lib/python3.12/site-packages/airflow/example_dags/plugins/listener_plugin.py
[2025-07-13T23:45:59.125+0300] {processor.py:830} INFO - Processing file /home/wal/.pyenv/versions/3.12.0/lib/python3.12/site-packages/airflow/example_dags/plugins/listener_plugin.py for tasks to queue
[2025-07-13T23:45:59.129+0300] {logging_mixin.py:188} INFO - [2025-07-13T23:45:59.127+0300] {dagbag.py:545} INFO - Filling up the DagBag from /home/wal/.pyenv/versions/3.12.0/lib/python3.12/site-packages/airflow/example_dags/plugins/listener_plugin.py
[2025-07-13T23:45:59.135+0300] {processor.py:842} WARNING - No viable dags retrieved from /home/wal/.pyenv/versions/3.12.0/lib/python3.12/site-packages/airflow/example_dags/plugins/listener_plugin.py
[2025-07-13T23:45:59.151+0300] {processor.py:183} INFO - Processing /home/wal/.pyenv/versions/3.12.0/lib/python3.12/site-packages/airflow/example_dags/plugins/listener_plugin.py took 0.035 seconds
[2025-07-13T23:46:57.226+0300] {processor.py:161} INFO - Started process (PID=6915) to work on /home/wal/.pyenv/versions/3.12.0/lib/python3.12/site-packages/airflow/example_dags/plugins/listener_plugin.py
[2025-07-13T23:46:57.233+0300] {processor.py:830} INFO - Processing file /home/wal/.pyenv/versions/3.12.0/lib/python3.12/site-packages/airflow/example_dags/plugins/listener_plugin.py for tasks to queue
[2025-07-13T23:46:57.241+0300] {logging_mixin.py:188} INFO - [2025-07-13T23:46:57.240+0300] {dagbag.py:545} INFO - Filling up the DagBag from /home/wal/.pyenv/versions/3.12.0/lib/python3.12/site-packages/airflow/example_dags/plugins/listener_plugin.py
[2025-07-13T23:46:57.259+0300] {processor.py:842} WARNING - No viable dags retrieved from /home/wal/.pyenv/versions/3.12.0/lib/python3.12/site-packages/airflow/example_dags/plugins/listener_plugin.py
[2025-07-13T23:46:57.329+0300] {processor.py:183} INFO - Processing /home/wal/.pyenv/versions/3.12.0/lib/python3.12/site-packages/airflow/example_dags/plugins/listener_plugin.py took 0.137 seconds
[2025-07-13T23:47:51.812+0300] {processor.py:161} INFO - Started process (PID=6965) to work on /home/wal/.pyenv/versions/3.12.0/lib/python3.12/site-packages/airflow/example_dags/plugins/listener_plugin.py
[2025-07-13T23:47:51.814+0300] {processor.py:830} INFO - Processing file /home/wal/.pyenv/versions/3.12.0/lib/python3.12/site-packages/airflow/example_dags/plugins/listener_plugin.py for tasks to queue
[2025-07-13T23:47:51.817+0300] {logging_mixin.py:188} INFO - [2025-07-13T23:47:51.816+0300] {dagbag.py:545} INFO - Filling up the DagBag from /home/wal/.pyenv/versions/3.12.0/lib/python3.12/site-packages/airflow/example_dags/plugins/listener_plugin.py
[2025-07-13T23:47:51.824+0300] {processor.py:842} WARNING - No viable dags retrieved from /home/wal/.pyenv/versions/3.12.0/lib/python3.12/site-packages/airflow/example_dags/plugins/listener_plugin.py
[2025-07-13T23:47:51.839+0300] {processor.py:183} INFO - Processing /home/wal/.pyenv/versions/3.12.0/lib/python3.12/site-packages/airflow/example_dags/plugins/listener_plugin.py took 0.042 seconds
[2025-07-13T23:48:47.202+0300] {processor.py:161} INFO - Started process (PID=7014) to work on /home/wal/.pyenv/versions/3.12.0/lib/python3.12/site-packages/airflow/example_dags/plugins/listener_plugin.py
[2025-07-13T23:48:47.208+0300] {processor.py:830} INFO - Processing file /home/wal/.pyenv/versions/3.12.0/lib/python3.12/site-packages/airflow/example_dags/plugins/listener_plugin.py for tasks to queue
[2025-07-13T23:48:47.212+0300] {logging_mixin.py:188} INFO - [2025-07-13T23:48:47.211+0300] {dagbag.py:545} INFO - Filling up the DagBag from /home/wal/.pyenv/versions/3.12.0/lib/python3.12/site-packages/airflow/example_dags/plugins/listener_plugin.py
[2025-07-13T23:48:47.217+0300] {processor.py:842} WARNING - No viable dags retrieved from /home/wal/.pyenv/versions/3.12.0/lib/python3.12/site-packages/airflow/example_dags/plugins/listener_plugin.py
[2025-07-13T23:48:47.236+0300] {processor.py:183} INFO - Processing /home/wal/.pyenv/versions/3.12.0/lib/python3.12/site-packages/airflow/example_dags/plugins/listener_plugin.py took 0.045 seconds
[2025-07-13T23:49:40.626+0300] {processor.py:161} INFO - Started process (PID=7064) to work on /home/wal/.pyenv/versions/3.12.0/lib/python3.12/site-packages/airflow/example_dags/plugins/listener_plugin.py
[2025-07-13T23:49:40.628+0300] {processor.py:830} INFO - Processing file /home/wal/.pyenv/versions/3.12.0/lib/python3.12/site-packages/airflow/example_dags/plugins/listener_plugin.py for tasks to queue
[2025-07-13T23:49:40.630+0300] {logging_mixin.py:188} INFO - [2025-07-13T23:49:40.630+0300] {dagbag.py:545} INFO - Filling up the DagBag from /home/wal/.pyenv/versions/3.12.0/lib/python3.12/site-packages/airflow/example_dags/plugins/listener_plugin.py
[2025-07-13T23:49:40.635+0300] {processor.py:842} WARNING - No viable dags retrieved from /home/wal/.pyenv/versions/3.12.0/lib/python3.12/site-packages/airflow/example_dags/plugins/listener_plugin.py
[2025-07-13T23:49:40.647+0300] {processor.py:183} INFO - Processing /home/wal/.pyenv/versions/3.12.0/lib/python3.12/site-packages/airflow/example_dags/plugins/listener_plugin.py took 0.030 seconds
[2025-07-13T23:50:31.351+0300] {processor.py:161} INFO - Started process (PID=7112) to work on /home/wal/.pyenv/versions/3.12.0/lib/python3.12/site-packages/airflow/example_dags/plugins/listener_plugin.py
[2025-07-13T23:50:31.359+0300] {processor.py:830} INFO - Processing file /home/wal/.pyenv/versions/3.12.0/lib/python3.12/site-packages/airflow/example_dags/plugins/listener_plugin.py for tasks to queue
[2025-07-13T23:50:31.362+0300] {logging_mixin.py:188} INFO - [2025-07-13T23:50:31.362+0300] {dagbag.py:545} INFO - Filling up the DagBag from /home/wal/.pyenv/versions/3.12.0/lib/python3.12/site-packages/airflow/example_dags/plugins/listener_plugin.py
[2025-07-13T23:50:31.367+0300] {processor.py:842} WARNING - No viable dags retrieved from /home/wal/.pyenv/versions/3.12.0/lib/python3.12/site-packages/airflow/example_dags/plugins/listener_plugin.py
[2025-07-13T23:50:31.382+0300] {processor.py:183} INFO - Processing /home/wal/.pyenv/versions/3.12.0/lib/python3.12/site-packages/airflow/example_dags/plugins/listener_plugin.py took 0.047 seconds
[2025-07-13T23:51:27.255+0300] {processor.py:161} INFO - Started process (PID=7162) to work on /home/wal/.pyenv/versions/3.12.0/lib/python3.12/site-packages/airflow/example_dags/plugins/listener_plugin.py
[2025-07-13T23:51:27.260+0300] {processor.py:830} INFO - Processing file /home/wal/.pyenv/versions/3.12.0/lib/python3.12/site-packages/airflow/example_dags/plugins/listener_plugin.py for tasks to queue
[2025-07-13T23:51:27.264+0300] {logging_mixin.py:188} INFO - [2025-07-13T23:51:27.263+0300] {dagbag.py:545} INFO - Filling up the DagBag from /home/wal/.pyenv/versions/3.12.0/lib/python3.12/site-packages/airflow/example_dags/plugins/listener_plugin.py
[2025-07-13T23:51:27.267+0300] {processor.py:842} WARNING - No viable dags retrieved from /home/wal/.pyenv/versions/3.12.0/lib/python3.12/site-packages/airflow/example_dags/plugins/listener_plugin.py
[2025-07-13T23:51:27.282+0300] {processor.py:183} INFO - Processing /home/wal/.pyenv/versions/3.12.0/lib/python3.12/site-packages/airflow/example_dags/plugins/listener_plugin.py took 0.038 seconds
[2025-07-13T23:52:30.169+0300] {processor.py:161} INFO - Started process (PID=7218) to work on /home/wal/.pyenv/versions/3.12.0/lib/python3.12/site-packages/airflow/example_dags/plugins/listener_plugin.py
[2025-07-13T23:52:30.172+0300] {processor.py:830} INFO - Processing file /home/wal/.pyenv/versions/3.12.0/lib/python3.12/site-packages/airflow/example_dags/plugins/listener_plugin.py for tasks to queue
[2025-07-13T23:52:30.177+0300] {logging_mixin.py:188} INFO - [2025-07-13T23:52:30.175+0300] {dagbag.py:545} INFO - Filling up the DagBag from /home/wal/.pyenv/versions/3.12.0/lib/python3.12/site-packages/airflow/example_dags/plugins/listener_plugin.py
[2025-07-13T23:52:30.180+0300] {processor.py:842} WARNING - No viable dags retrieved from /home/wal/.pyenv/versions/3.12.0/lib/python3.12/site-packages/airflow/example_dags/plugins/listener_plugin.py
[2025-07-13T23:52:30.197+0300] {processor.py:183} INFO - Processing /home/wal/.pyenv/versions/3.12.0/lib/python3.12/site-packages/airflow/example_dags/plugins/listener_plugin.py took 0.035 seconds
[2025-07-13T23:53:27.337+0300] {processor.py:161} INFO - Started process (PID=7269) to work on /home/wal/.pyenv/versions/3.12.0/lib/python3.12/site-packages/airflow/example_dags/plugins/listener_plugin.py
[2025-07-13T23:53:27.346+0300] {processor.py:830} INFO - Processing file /home/wal/.pyenv/versions/3.12.0/lib/python3.12/site-packages/airflow/example_dags/plugins/listener_plugin.py for tasks to queue
[2025-07-13T23:53:27.350+0300] {logging_mixin.py:188} INFO - [2025-07-13T23:53:27.349+0300] {dagbag.py:545} INFO - Filling up the DagBag from /home/wal/.pyenv/versions/3.12.0/lib/python3.12/site-packages/airflow/example_dags/plugins/listener_plugin.py
[2025-07-13T23:53:27.360+0300] {processor.py:842} WARNING - No viable dags retrieved from /home/wal/.pyenv/versions/3.12.0/lib/python3.12/site-packages/airflow/example_dags/plugins/listener_plugin.py
[2025-07-13T23:53:27.380+0300] {processor.py:183} INFO - Processing /home/wal/.pyenv/versions/3.12.0/lib/python3.12/site-packages/airflow/example_dags/plugins/listener_plugin.py took 0.067 seconds
[2025-07-13T23:54:23.882+0300] {processor.py:161} INFO - Started process (PID=7321) to work on /home/wal/.pyenv/versions/3.12.0/lib/python3.12/site-packages/airflow/example_dags/plugins/listener_plugin.py
[2025-07-13T23:54:23.886+0300] {processor.py:830} INFO - Processing file /home/wal/.pyenv/versions/3.12.0/lib/python3.12/site-packages/airflow/example_dags/plugins/listener_plugin.py for tasks to queue
[2025-07-13T23:54:23.889+0300] {logging_mixin.py:188} INFO - [2025-07-13T23:54:23.888+0300] {dagbag.py:545} INFO - Filling up the DagBag from /home/wal/.pyenv/versions/3.12.0/lib/python3.12/site-packages/airflow/example_dags/plugins/listener_plugin.py
[2025-07-13T23:54:23.892+0300] {processor.py:842} WARNING - No viable dags retrieved from /home/wal/.pyenv/versions/3.12.0/lib/python3.12/site-packages/airflow/example_dags/plugins/listener_plugin.py
[2025-07-13T23:54:23.909+0300] {processor.py:183} INFO - Processing /home/wal/.pyenv/versions/3.12.0/lib/python3.12/site-packages/airflow/example_dags/plugins/listener_plugin.py took 0.035 seconds
[2025-07-13T23:55:21.255+0300] {processor.py:161} INFO - Started process (PID=7374) to work on /home/wal/.pyenv/versions/3.12.0/lib/python3.12/site-packages/airflow/example_dags/plugins/listener_plugin.py
[2025-07-13T23:55:21.262+0300] {processor.py:830} INFO - Processing file /home/wal/.pyenv/versions/3.12.0/lib/python3.12/site-packages/airflow/example_dags/plugins/listener_plugin.py for tasks to queue
[2025-07-13T23:55:21.266+0300] {logging_mixin.py:188} INFO - [2025-07-13T23:55:21.265+0300] {dagbag.py:545} INFO - Filling up the DagBag from /home/wal/.pyenv/versions/3.12.0/lib/python3.12/site-packages/airflow/example_dags/plugins/listener_plugin.py
[2025-07-13T23:55:21.270+0300] {processor.py:842} WARNING - No viable dags retrieved from /home/wal/.pyenv/versions/3.12.0/lib/python3.12/site-packages/airflow/example_dags/plugins/listener_plugin.py
[2025-07-13T23:55:21.294+0300] {processor.py:183} INFO - Processing /home/wal/.pyenv/versions/3.12.0/lib/python3.12/site-packages/airflow/example_dags/plugins/listener_plugin.py took 0.058 seconds
[2025-07-13T23:56:15.507+0300] {processor.py:161} INFO - Started process (PID=7424) to work on /home/wal/.pyenv/versions/3.12.0/lib/python3.12/site-packages/airflow/example_dags/plugins/listener_plugin.py
[2025-07-13T23:56:15.510+0300] {processor.py:830} INFO - Processing file /home/wal/.pyenv/versions/3.12.0/lib/python3.12/site-packages/airflow/example_dags/plugins/listener_plugin.py for tasks to queue
[2025-07-13T23:56:15.513+0300] {logging_mixin.py:188} INFO - [2025-07-13T23:56:15.513+0300] {dagbag.py:545} INFO - Filling up the DagBag from /home/wal/.pyenv/versions/3.12.0/lib/python3.12/site-packages/airflow/example_dags/plugins/listener_plugin.py
[2025-07-13T23:56:15.520+0300] {processor.py:842} WARNING - No viable dags retrieved from /home/wal/.pyenv/versions/3.12.0/lib/python3.12/site-packages/airflow/example_dags/plugins/listener_plugin.py
[2025-07-13T23:56:15.536+0300] {processor.py:183} INFO - Processing /home/wal/.pyenv/versions/3.12.0/lib/python3.12/site-packages/airflow/example_dags/plugins/listener_plugin.py took 0.045 seconds
[2025-07-13T23:57:13.162+0300] {processor.py:161} INFO - Started process (PID=7475) to work on /home/wal/.pyenv/versions/3.12.0/lib/python3.12/site-packages/airflow/example_dags/plugins/listener_plugin.py
[2025-07-13T23:57:13.164+0300] {processor.py:830} INFO - Processing file /home/wal/.pyenv/versions/3.12.0/lib/python3.12/site-packages/airflow/example_dags/plugins/listener_plugin.py for tasks to queue
[2025-07-13T23:57:13.169+0300] {logging_mixin.py:188} INFO - [2025-07-13T23:57:13.168+0300] {dagbag.py:545} INFO - Filling up the DagBag from /home/wal/.pyenv/versions/3.12.0/lib/python3.12/site-packages/airflow/example_dags/plugins/listener_plugin.py
[2025-07-13T23:57:13.175+0300] {processor.py:842} WARNING - No viable dags retrieved from /home/wal/.pyenv/versions/3.12.0/lib/python3.12/site-packages/airflow/example_dags/plugins/listener_plugin.py
[2025-07-13T23:57:13.190+0300] {processor.py:183} INFO - Processing /home/wal/.pyenv/versions/3.12.0/lib/python3.12/site-packages/airflow/example_dags/plugins/listener_plugin.py took 0.042 seconds
[2025-07-13T23:58:09.710+0300] {processor.py:161} INFO - Started process (PID=7527) to work on /home/wal/.pyenv/versions/3.12.0/lib/python3.12/site-packages/airflow/example_dags/plugins/listener_plugin.py
[2025-07-13T23:58:09.722+0300] {processor.py:830} INFO - Processing file /home/wal/.pyenv/versions/3.12.0/lib/python3.12/site-packages/airflow/example_dags/plugins/listener_plugin.py for tasks to queue
[2025-07-13T23:58:09.726+0300] {logging_mixin.py:188} INFO - [2025-07-13T23:58:09.725+0300] {dagbag.py:545} INFO - Filling up the DagBag from /home/wal/.pyenv/versions/3.12.0/lib/python3.12/site-packages/airflow/example_dags/plugins/listener_plugin.py
[2025-07-13T23:58:09.733+0300] {processor.py:842} WARNING - No viable dags retrieved from /home/wal/.pyenv/versions/3.12.0/lib/python3.12/site-packages/airflow/example_dags/plugins/listener_plugin.py
[2025-07-13T23:58:09.752+0300] {processor.py:183} INFO - Processing /home/wal/.pyenv/versions/3.12.0/lib/python3.12/site-packages/airflow/example_dags/plugins/listener_plugin.py took 0.062 seconds
[2025-07-13T23:59:01.714+0300] {processor.py:161} INFO - Started process (PID=7575) to work on /home/wal/.pyenv/versions/3.12.0/lib/python3.12/site-packages/airflow/example_dags/plugins/listener_plugin.py
[2025-07-13T23:59:01.722+0300] {processor.py:830} INFO - Processing file /home/wal/.pyenv/versions/3.12.0/lib/python3.12/site-packages/airflow/example_dags/plugins/listener_plugin.py for tasks to queue
[2025-07-13T23:59:01.726+0300] {logging_mixin.py:188} INFO - [2025-07-13T23:59:01.725+0300] {dagbag.py:545} INFO - Filling up the DagBag from /home/wal/.pyenv/versions/3.12.0/lib/python3.12/site-packages/airflow/example_dags/plugins/listener_plugin.py
[2025-07-13T23:59:01.732+0300] {processor.py:842} WARNING - No viable dags retrieved from /home/wal/.pyenv/versions/3.12.0/lib/python3.12/site-packages/airflow/example_dags/plugins/listener_plugin.py
[2025-07-13T23:59:01.757+0300] {processor.py:183} INFO - Processing /home/wal/.pyenv/versions/3.12.0/lib/python3.12/site-packages/airflow/example_dags/plugins/listener_plugin.py took 0.063 seconds
[2025-07-14T00:00:01.252+0300] {processor.py:161} INFO - Started process (PID=7629) to work on /home/wal/.pyenv/versions/3.12.0/lib/python3.12/site-packages/airflow/example_dags/plugins/listener_plugin.py
[2025-07-14T00:00:01.253+0300] {processor.py:830} INFO - Processing file /home/wal/.pyenv/versions/3.12.0/lib/python3.12/site-packages/airflow/example_dags/plugins/listener_plugin.py for tasks to queue
[2025-07-14T00:00:01.255+0300] {logging_mixin.py:188} INFO - [2025-07-14T00:00:01.255+0300] {dagbag.py:545} INFO - Filling up the DagBag from /home/wal/.pyenv/versions/3.12.0/lib/python3.12/site-packages/airflow/example_dags/plugins/listener_plugin.py
[2025-07-14T00:00:01.258+0300] {processor.py:842} WARNING - No viable dags retrieved from /home/wal/.pyenv/versions/3.12.0/lib/python3.12/site-packages/airflow/example_dags/plugins/listener_plugin.py
[2025-07-14T00:00:01.274+0300] {processor.py:183} INFO - Processing /home/wal/.pyenv/versions/3.12.0/lib/python3.12/site-packages/airflow/example_dags/plugins/listener_plugin.py took 0.033 seconds
[2025-07-14T00:00:58.651+0300] {processor.py:161} INFO - Started process (PID=7696) to work on /home/wal/.pyenv/versions/3.12.0/lib/python3.12/site-packages/airflow/example_dags/plugins/listener_plugin.py
[2025-07-14T00:00:58.654+0300] {processor.py:830} INFO - Processing file /home/wal/.pyenv/versions/3.12.0/lib/python3.12/site-packages/airflow/example_dags/plugins/listener_plugin.py for tasks to queue
[2025-07-14T00:00:58.656+0300] {logging_mixin.py:188} INFO - [2025-07-14T00:00:58.656+0300] {dagbag.py:545} INFO - Filling up the DagBag from /home/wal/.pyenv/versions/3.12.0/lib/python3.12/site-packages/airflow/example_dags/plugins/listener_plugin.py
[2025-07-14T00:00:58.660+0300] {processor.py:842} WARNING - No viable dags retrieved from /home/wal/.pyenv/versions/3.12.0/lib/python3.12/site-packages/airflow/example_dags/plugins/listener_plugin.py
[2025-07-14T00:00:58.676+0300] {processor.py:183} INFO - Processing /home/wal/.pyenv/versions/3.12.0/lib/python3.12/site-packages/airflow/example_dags/plugins/listener_plugin.py took 0.038 seconds
[2025-07-14T00:01:56.151+0300] {processor.py:161} INFO - Started process (PID=7747) to work on /home/wal/.pyenv/versions/3.12.0/lib/python3.12/site-packages/airflow/example_dags/plugins/listener_plugin.py
[2025-07-14T00:01:56.158+0300] {processor.py:830} INFO - Processing file /home/wal/.pyenv/versions/3.12.0/lib/python3.12/site-packages/airflow/example_dags/plugins/listener_plugin.py for tasks to queue
[2025-07-14T00:01:56.162+0300] {logging_mixin.py:188} INFO - [2025-07-14T00:01:56.161+0300] {dagbag.py:545} INFO - Filling up the DagBag from /home/wal/.pyenv/versions/3.12.0/lib/python3.12/site-packages/airflow/example_dags/plugins/listener_plugin.py
[2025-07-14T00:01:56.165+0300] {processor.py:842} WARNING - No viable dags retrieved from /home/wal/.pyenv/versions/3.12.0/lib/python3.12/site-packages/airflow/example_dags/plugins/listener_plugin.py
[2025-07-14T00:01:56.180+0300] {processor.py:183} INFO - Processing /home/wal/.pyenv/versions/3.12.0/lib/python3.12/site-packages/airflow/example_dags/plugins/listener_plugin.py took 0.050 seconds
[2025-07-14T00:02:51.592+0300] {processor.py:161} INFO - Started process (PID=7796) to work on /home/wal/.pyenv/versions/3.12.0/lib/python3.12/site-packages/airflow/example_dags/plugins/listener_plugin.py
[2025-07-14T00:02:51.599+0300] {processor.py:830} INFO - Processing file /home/wal/.pyenv/versions/3.12.0/lib/python3.12/site-packages/airflow/example_dags/plugins/listener_plugin.py for tasks to queue
[2025-07-14T00:02:51.602+0300] {logging_mixin.py:188} INFO - [2025-07-14T00:02:51.601+0300] {dagbag.py:545} INFO - Filling up the DagBag from /home/wal/.pyenv/versions/3.12.0/lib/python3.12/site-packages/airflow/example_dags/plugins/listener_plugin.py
[2025-07-14T00:02:51.605+0300] {processor.py:842} WARNING - No viable dags retrieved from /home/wal/.pyenv/versions/3.12.0/lib/python3.12/site-packages/airflow/example_dags/plugins/listener_plugin.py
[2025-07-14T00:02:51.620+0300] {processor.py:183} INFO - Processing /home/wal/.pyenv/versions/3.12.0/lib/python3.12/site-packages/airflow/example_dags/plugins/listener_plugin.py took 0.043 seconds
[2025-07-14T00:03:44.841+0300] {processor.py:161} INFO - Started process (PID=7847) to work on /home/wal/.pyenv/versions/3.12.0/lib/python3.12/site-packages/airflow/example_dags/plugins/listener_plugin.py
[2025-07-14T00:03:44.844+0300] {processor.py:830} INFO - Processing file /home/wal/.pyenv/versions/3.12.0/lib/python3.12/site-packages/airflow/example_dags/plugins/listener_plugin.py for tasks to queue
[2025-07-14T00:03:44.848+0300] {logging_mixin.py:188} INFO - [2025-07-14T00:03:44.847+0300] {dagbag.py:545} INFO - Filling up the DagBag from /home/wal/.pyenv/versions/3.12.0/lib/python3.12/site-packages/airflow/example_dags/plugins/listener_plugin.py
[2025-07-14T00:03:44.854+0300] {processor.py:842} WARNING - No viable dags retrieved from /home/wal/.pyenv/versions/3.12.0/lib/python3.12/site-packages/airflow/example_dags/plugins/listener_plugin.py
[2025-07-14T00:03:44.879+0300] {processor.py:183} INFO - Processing /home/wal/.pyenv/versions/3.12.0/lib/python3.12/site-packages/airflow/example_dags/plugins/listener_plugin.py took 0.052 seconds
[2025-07-14T00:04:35.978+0300] {processor.py:161} INFO - Started process (PID=7896) to work on /home/wal/.pyenv/versions/3.12.0/lib/python3.12/site-packages/airflow/example_dags/plugins/listener_plugin.py
[2025-07-14T00:04:35.980+0300] {processor.py:830} INFO - Processing file /home/wal/.pyenv/versions/3.12.0/lib/python3.12/site-packages/airflow/example_dags/plugins/listener_plugin.py for tasks to queue
[2025-07-14T00:04:35.982+0300] {logging_mixin.py:188} INFO - [2025-07-14T00:04:35.982+0300] {dagbag.py:545} INFO - Filling up the DagBag from /home/wal/.pyenv/versions/3.12.0/lib/python3.12/site-packages/airflow/example_dags/plugins/listener_plugin.py
[2025-07-14T00:04:35.987+0300] {processor.py:842} WARNING - No viable dags retrieved from /home/wal/.pyenv/versions/3.12.0/lib/python3.12/site-packages/airflow/example_dags/plugins/listener_plugin.py
[2025-07-14T00:04:35.998+0300] {processor.py:183} INFO - Processing /home/wal/.pyenv/versions/3.12.0/lib/python3.12/site-packages/airflow/example_dags/plugins/listener_plugin.py took 0.030 seconds
[2025-07-14T00:05:30.359+0300] {processor.py:161} INFO - Started process (PID=7951) to work on /home/wal/.pyenv/versions/3.12.0/lib/python3.12/site-packages/airflow/example_dags/plugins/listener_plugin.py
[2025-07-14T00:05:30.362+0300] {processor.py:830} INFO - Processing file /home/wal/.pyenv/versions/3.12.0/lib/python3.12/site-packages/airflow/example_dags/plugins/listener_plugin.py for tasks to queue
[2025-07-14T00:05:30.365+0300] {logging_mixin.py:188} INFO - [2025-07-14T00:05:30.364+0300] {dagbag.py:545} INFO - Filling up the DagBag from /home/wal/.pyenv/versions/3.12.0/lib/python3.12/site-packages/airflow/example_dags/plugins/listener_plugin.py
[2025-07-14T00:05:30.369+0300] {processor.py:842} WARNING - No viable dags retrieved from /home/wal/.pyenv/versions/3.12.0/lib/python3.12/site-packages/airflow/example_dags/plugins/listener_plugin.py
[2025-07-14T00:05:30.382+0300] {processor.py:183} INFO - Processing /home/wal/.pyenv/versions/3.12.0/lib/python3.12/site-packages/airflow/example_dags/plugins/listener_plugin.py took 0.031 seconds
[2025-07-14T00:06:24.722+0300] {processor.py:161} INFO - Started process (PID=8001) to work on /home/wal/.pyenv/versions/3.12.0/lib/python3.12/site-packages/airflow/example_dags/plugins/listener_plugin.py
[2025-07-14T00:06:24.728+0300] {processor.py:830} INFO - Processing file /home/wal/.pyenv/versions/3.12.0/lib/python3.12/site-packages/airflow/example_dags/plugins/listener_plugin.py for tasks to queue
[2025-07-14T00:06:24.730+0300] {logging_mixin.py:188} INFO - [2025-07-14T00:06:24.730+0300] {dagbag.py:545} INFO - Filling up the DagBag from /home/wal/.pyenv/versions/3.12.0/lib/python3.12/site-packages/airflow/example_dags/plugins/listener_plugin.py
[2025-07-14T00:06:24.735+0300] {processor.py:842} WARNING - No viable dags retrieved from /home/wal/.pyenv/versions/3.12.0/lib/python3.12/site-packages/airflow/example_dags/plugins/listener_plugin.py
[2025-07-14T00:06:24.748+0300] {processor.py:183} INFO - Processing /home/wal/.pyenv/versions/3.12.0/lib/python3.12/site-packages/airflow/example_dags/plugins/listener_plugin.py took 0.035 seconds
[2025-07-14T00:07:15.755+0300] {processor.py:161} INFO - Started process (PID=8048) to work on /home/wal/.pyenv/versions/3.12.0/lib/python3.12/site-packages/airflow/example_dags/plugins/listener_plugin.py
[2025-07-14T00:07:15.764+0300] {processor.py:830} INFO - Processing file /home/wal/.pyenv/versions/3.12.0/lib/python3.12/site-packages/airflow/example_dags/plugins/listener_plugin.py for tasks to queue
[2025-07-14T00:07:15.768+0300] {logging_mixin.py:188} INFO - [2025-07-14T00:07:15.767+0300] {dagbag.py:545} INFO - Filling up the DagBag from /home/wal/.pyenv/versions/3.12.0/lib/python3.12/site-packages/airflow/example_dags/plugins/listener_plugin.py
[2025-07-14T00:07:15.781+0300] {processor.py:842} WARNING - No viable dags retrieved from /home/wal/.pyenv/versions/3.12.0/lib/python3.12/site-packages/airflow/example_dags/plugins/listener_plugin.py
[2025-07-14T00:07:15.841+0300] {processor.py:183} INFO - Processing /home/wal/.pyenv/versions/3.12.0/lib/python3.12/site-packages/airflow/example_dags/plugins/listener_plugin.py took 0.113 seconds
[2025-07-14T00:55:11.464+0300] {processor.py:161} INFO - Started process (PID=8110) to work on /home/wal/.pyenv/versions/3.12.0/lib/python3.12/site-packages/airflow/example_dags/plugins/listener_plugin.py
[2025-07-14T00:55:11.476+0300] {processor.py:830} INFO - Processing file /home/wal/.pyenv/versions/3.12.0/lib/python3.12/site-packages/airflow/example_dags/plugins/listener_plugin.py for tasks to queue
[2025-07-14T00:55:11.512+0300] {logging_mixin.py:188} INFO - [2025-07-14T00:55:11.480+0300] {dagbag.py:545} INFO - Filling up the DagBag from /home/wal/.pyenv/versions/3.12.0/lib/python3.12/site-packages/airflow/example_dags/plugins/listener_plugin.py
[2025-07-14T00:55:11.519+0300] {processor.py:842} WARNING - No viable dags retrieved from /home/wal/.pyenv/versions/3.12.0/lib/python3.12/site-packages/airflow/example_dags/plugins/listener_plugin.py
[2025-07-14T00:55:13.291+0300] {processor.py:183} INFO - Processing /home/wal/.pyenv/versions/3.12.0/lib/python3.12/site-packages/airflow/example_dags/plugins/listener_plugin.py took 1.873 seconds
