[2025-07-13T22:55:37.435+0300] {processor.py:161} INFO - Started process (PID=3314) to work on /home/wal/.pyenv/versions/3.12.0/lib/python3.12/site-packages/airflow/example_dags/subdags/subdag.py
[2025-07-13T22:55:37.437+0300] {processor.py:830} INFO - Processing file /home/wal/.pyenv/versions/3.12.0/lib/python3.12/site-packages/airflow/example_dags/subdags/subdag.py for tasks to queue
[2025-07-13T22:55:37.442+0300] {logging_mixin.py:188} INFO - [2025-07-13T22:55:37.441+0300] {dagbag.py:545} INFO - Filling up the DagBag from /home/wal/.pyenv/versions/3.12.0/lib/python3.12/site-packages/airflow/example_dags/subdags/subdag.py
[2025-07-13T22:55:37.448+0300] {processor.py:842} WARNING - No viable dags retrieved from /home/wal/.pyenv/versions/3.12.0/lib/python3.12/site-packages/airflow/example_dags/subdags/subdag.py
[2025-07-13T22:55:37.492+0300] {processor.py:183} INFO - Processing /home/wal/.pyenv/versions/3.12.0/lib/python3.12/site-packages/airflow/example_dags/subdags/subdag.py took 0.076 seconds
[2025-07-13T22:56:37.630+0300] {processor.py:161} INFO - Started process (PID=4087) to work on /home/wal/.pyenv/versions/3.12.0/lib/python3.12/site-packages/airflow/example_dags/subdags/subdag.py
[2025-07-13T22:56:37.633+0300] {processor.py:830} INFO - Processing file /home/wal/.pyenv/versions/3.12.0/lib/python3.12/site-packages/airflow/example_dags/subdags/subdag.py for tasks to queue
[2025-07-13T22:56:37.638+0300] {logging_mixin.py:188} INFO - [2025-07-13T22:56:37.637+0300] {dagbag.py:545} INFO - Filling up the DagBag from /home/wal/.pyenv/versions/3.12.0/lib/python3.12/site-packages/airflow/example_dags/subdags/subdag.py
[2025-07-13T22:56:37.644+0300] {processor.py:842} WARNING - No viable dags retrieved from /home/wal/.pyenv/versions/3.12.0/lib/python3.12/site-packages/airflow/example_dags/subdags/subdag.py
[2025-07-13T22:56:37.672+0300] {processor.py:183} INFO - Processing /home/wal/.pyenv/versions/3.12.0/lib/python3.12/site-packages/airflow/example_dags/subdags/subdag.py took 0.057 seconds
[2025-07-13T22:57:32.453+0300] {processor.py:161} INFO - Started process (PID=4185) to work on /home/wal/.pyenv/versions/3.12.0/lib/python3.12/site-packages/airflow/example_dags/subdags/subdag.py
[2025-07-13T22:57:32.455+0300] {processor.py:830} INFO - Processing file /home/wal/.pyenv/versions/3.12.0/lib/python3.12/site-packages/airflow/example_dags/subdags/subdag.py for tasks to queue
[2025-07-13T22:57:32.458+0300] {logging_mixin.py:188} INFO - [2025-07-13T22:57:32.458+0300] {dagbag.py:545} INFO - Filling up the DagBag from /home/wal/.pyenv/versions/3.12.0/lib/python3.12/site-packages/airflow/example_dags/subdags/subdag.py
[2025-07-13T22:57:32.462+0300] {processor.py:842} WARNING - No viable dags retrieved from /home/wal/.pyenv/versions/3.12.0/lib/python3.12/site-packages/airflow/example_dags/subdags/subdag.py
[2025-07-13T22:57:32.479+0300] {processor.py:183} INFO - Processing /home/wal/.pyenv/versions/3.12.0/lib/python3.12/site-packages/airflow/example_dags/subdags/subdag.py took 0.038 seconds
[2025-07-13T22:58:29.844+0300] {processor.py:161} INFO - Started process (PID=4295) to work on /home/wal/.pyenv/versions/3.12.0/lib/python3.12/site-packages/airflow/example_dags/subdags/subdag.py
[2025-07-13T22:58:29.851+0300] {processor.py:830} INFO - Processing file /home/wal/.pyenv/versions/3.12.0/lib/python3.12/site-packages/airflow/example_dags/subdags/subdag.py for tasks to queue
[2025-07-13T22:58:29.853+0300] {logging_mixin.py:188} INFO - [2025-07-13T22:58:29.852+0300] {dagbag.py:545} INFO - Filling up the DagBag from /home/wal/.pyenv/versions/3.12.0/lib/python3.12/site-packages/airflow/example_dags/subdags/subdag.py
[2025-07-13T22:58:29.855+0300] {processor.py:842} WARNING - No viable dags retrieved from /home/wal/.pyenv/versions/3.12.0/lib/python3.12/site-packages/airflow/example_dags/subdags/subdag.py
[2025-07-13T22:58:29.866+0300] {processor.py:183} INFO - Processing /home/wal/.pyenv/versions/3.12.0/lib/python3.12/site-packages/airflow/example_dags/subdags/subdag.py took 0.032 seconds
[2025-07-13T22:59:13.319+0300] {processor.py:161} INFO - Started process (PID=4446) to work on /home/wal/.pyenv/versions/3.12.0/lib/python3.12/site-packages/airflow/example_dags/subdags/subdag.py
[2025-07-13T22:59:13.321+0300] {processor.py:830} INFO - Processing file /home/wal/.pyenv/versions/3.12.0/lib/python3.12/site-packages/airflow/example_dags/subdags/subdag.py for tasks to queue
[2025-07-13T22:59:13.323+0300] {logging_mixin.py:188} INFO - [2025-07-13T22:59:13.323+0300] {dagbag.py:545} INFO - Filling up the DagBag from /home/wal/.pyenv/versions/3.12.0/lib/python3.12/site-packages/airflow/example_dags/subdags/subdag.py
[2025-07-13T22:59:13.326+0300] {processor.py:842} WARNING - No viable dags retrieved from /home/wal/.pyenv/versions/3.12.0/lib/python3.12/site-packages/airflow/example_dags/subdags/subdag.py
[2025-07-13T22:59:13.342+0300] {processor.py:183} INFO - Processing /home/wal/.pyenv/versions/3.12.0/lib/python3.12/site-packages/airflow/example_dags/subdags/subdag.py took 0.032 seconds
[2025-07-13T23:00:21.534+0300] {processor.py:161} INFO - Started process (PID=4558) to work on /home/wal/.pyenv/versions/3.12.0/lib/python3.12/site-packages/airflow/example_dags/subdags/subdag.py
[2025-07-13T23:00:21.537+0300] {processor.py:830} INFO - Processing file /home/wal/.pyenv/versions/3.12.0/lib/python3.12/site-packages/airflow/example_dags/subdags/subdag.py for tasks to queue
[2025-07-13T23:00:21.544+0300] {logging_mixin.py:188} INFO - [2025-07-13T23:00:21.543+0300] {dagbag.py:545} INFO - Filling up the DagBag from /home/wal/.pyenv/versions/3.12.0/lib/python3.12/site-packages/airflow/example_dags/subdags/subdag.py
[2025-07-13T23:00:21.556+0300] {processor.py:842} WARNING - No viable dags retrieved from /home/wal/.pyenv/versions/3.12.0/lib/python3.12/site-packages/airflow/example_dags/subdags/subdag.py
[2025-07-13T23:00:21.596+0300] {processor.py:183} INFO - Processing /home/wal/.pyenv/versions/3.12.0/lib/python3.12/site-packages/airflow/example_dags/subdags/subdag.py took 0.093 seconds
[2025-07-13T23:01:08.840+0300] {processor.py:161} INFO - Started process (PID=4591) to work on /home/wal/.pyenv/versions/3.12.0/lib/python3.12/site-packages/airflow/example_dags/subdags/subdag.py
[2025-07-13T23:01:08.854+0300] {processor.py:830} INFO - Processing file /home/wal/.pyenv/versions/3.12.0/lib/python3.12/site-packages/airflow/example_dags/subdags/subdag.py for tasks to queue
[2025-07-13T23:01:08.871+0300] {logging_mixin.py:188} INFO - [2025-07-13T23:01:08.869+0300] {dagbag.py:545} INFO - Filling up the DagBag from /home/wal/.pyenv/versions/3.12.0/lib/python3.12/site-packages/airflow/example_dags/subdags/subdag.py
[2025-07-13T23:01:08.890+0300] {processor.py:842} WARNING - No viable dags retrieved from /home/wal/.pyenv/versions/3.12.0/lib/python3.12/site-packages/airflow/example_dags/subdags/subdag.py
[2025-07-13T23:01:09.003+0300] {processor.py:183} INFO - Processing /home/wal/.pyenv/versions/3.12.0/lib/python3.12/site-packages/airflow/example_dags/subdags/subdag.py took 0.217 seconds
[2025-07-13T23:02:03.766+0300] {processor.py:161} INFO - Started process (PID=4623) to work on /home/wal/.pyenv/versions/3.12.0/lib/python3.12/site-packages/airflow/example_dags/subdags/subdag.py
[2025-07-13T23:02:03.774+0300] {processor.py:830} INFO - Processing file /home/wal/.pyenv/versions/3.12.0/lib/python3.12/site-packages/airflow/example_dags/subdags/subdag.py for tasks to queue
[2025-07-13T23:02:03.782+0300] {logging_mixin.py:188} INFO - [2025-07-13T23:02:03.781+0300] {dagbag.py:545} INFO - Filling up the DagBag from /home/wal/.pyenv/versions/3.12.0/lib/python3.12/site-packages/airflow/example_dags/subdags/subdag.py
[2025-07-13T23:02:03.795+0300] {processor.py:842} WARNING - No viable dags retrieved from /home/wal/.pyenv/versions/3.12.0/lib/python3.12/site-packages/airflow/example_dags/subdags/subdag.py
[2025-07-13T23:02:03.857+0300] {processor.py:183} INFO - Processing /home/wal/.pyenv/versions/3.12.0/lib/python3.12/site-packages/airflow/example_dags/subdags/subdag.py took 0.122 seconds
[2025-07-13T23:02:56.150+0300] {processor.py:161} INFO - Started process (PID=4659) to work on /home/wal/.pyenv/versions/3.12.0/lib/python3.12/site-packages/airflow/example_dags/subdags/subdag.py
[2025-07-13T23:02:56.157+0300] {processor.py:830} INFO - Processing file /home/wal/.pyenv/versions/3.12.0/lib/python3.12/site-packages/airflow/example_dags/subdags/subdag.py for tasks to queue
[2025-07-13T23:02:56.162+0300] {logging_mixin.py:188} INFO - [2025-07-13T23:02:56.161+0300] {dagbag.py:545} INFO - Filling up the DagBag from /home/wal/.pyenv/versions/3.12.0/lib/python3.12/site-packages/airflow/example_dags/subdags/subdag.py
[2025-07-13T23:02:56.165+0300] {processor.py:842} WARNING - No viable dags retrieved from /home/wal/.pyenv/versions/3.12.0/lib/python3.12/site-packages/airflow/example_dags/subdags/subdag.py
[2025-07-13T23:02:56.188+0300] {processor.py:183} INFO - Processing /home/wal/.pyenv/versions/3.12.0/lib/python3.12/site-packages/airflow/example_dags/subdags/subdag.py took 0.050 seconds
[2025-07-13T23:03:42.138+0300] {processor.py:161} INFO - Started process (PID=4695) to work on /home/wal/.pyenv/versions/3.12.0/lib/python3.12/site-packages/airflow/example_dags/subdags/subdag.py
[2025-07-13T23:03:42.141+0300] {processor.py:830} INFO - Processing file /home/wal/.pyenv/versions/3.12.0/lib/python3.12/site-packages/airflow/example_dags/subdags/subdag.py for tasks to queue
[2025-07-13T23:03:42.146+0300] {logging_mixin.py:188} INFO - [2025-07-13T23:03:42.145+0300] {dagbag.py:545} INFO - Filling up the DagBag from /home/wal/.pyenv/versions/3.12.0/lib/python3.12/site-packages/airflow/example_dags/subdags/subdag.py
[2025-07-13T23:03:42.152+0300] {processor.py:842} WARNING - No viable dags retrieved from /home/wal/.pyenv/versions/3.12.0/lib/python3.12/site-packages/airflow/example_dags/subdags/subdag.py
[2025-07-13T23:03:42.181+0300] {processor.py:183} INFO - Processing /home/wal/.pyenv/versions/3.12.0/lib/python3.12/site-packages/airflow/example_dags/subdags/subdag.py took 0.063 seconds
[2025-07-13T23:04:20.395+0300] {processor.py:161} INFO - Started process (PID=4725) to work on /home/wal/.pyenv/versions/3.12.0/lib/python3.12/site-packages/airflow/example_dags/subdags/subdag.py
[2025-07-13T23:04:20.401+0300] {processor.py:830} INFO - Processing file /home/wal/.pyenv/versions/3.12.0/lib/python3.12/site-packages/airflow/example_dags/subdags/subdag.py for tasks to queue
[2025-07-13T23:04:20.405+0300] {logging_mixin.py:188} INFO - [2025-07-13T23:04:20.404+0300] {dagbag.py:545} INFO - Filling up the DagBag from /home/wal/.pyenv/versions/3.12.0/lib/python3.12/site-packages/airflow/example_dags/subdags/subdag.py
[2025-07-13T23:04:20.409+0300] {processor.py:842} WARNING - No viable dags retrieved from /home/wal/.pyenv/versions/3.12.0/lib/python3.12/site-packages/airflow/example_dags/subdags/subdag.py
[2025-07-13T23:04:20.430+0300] {processor.py:183} INFO - Processing /home/wal/.pyenv/versions/3.12.0/lib/python3.12/site-packages/airflow/example_dags/subdags/subdag.py took 0.050 seconds
[2025-07-13T23:04:57.337+0300] {processor.py:161} INFO - Started process (PID=4754) to work on /home/wal/.pyenv/versions/3.12.0/lib/python3.12/site-packages/airflow/example_dags/subdags/subdag.py
[2025-07-13T23:04:57.339+0300] {processor.py:830} INFO - Processing file /home/wal/.pyenv/versions/3.12.0/lib/python3.12/site-packages/airflow/example_dags/subdags/subdag.py for tasks to queue
[2025-07-13T23:04:57.343+0300] {logging_mixin.py:188} INFO - [2025-07-13T23:04:57.342+0300] {dagbag.py:545} INFO - Filling up the DagBag from /home/wal/.pyenv/versions/3.12.0/lib/python3.12/site-packages/airflow/example_dags/subdags/subdag.py
[2025-07-13T23:04:57.348+0300] {processor.py:842} WARNING - No viable dags retrieved from /home/wal/.pyenv/versions/3.12.0/lib/python3.12/site-packages/airflow/example_dags/subdags/subdag.py
[2025-07-13T23:04:57.368+0300] {processor.py:183} INFO - Processing /home/wal/.pyenv/versions/3.12.0/lib/python3.12/site-packages/airflow/example_dags/subdags/subdag.py took 0.043 seconds
[2025-07-13T23:05:35.769+0300] {processor.py:161} INFO - Started process (PID=4789) to work on /home/wal/.pyenv/versions/3.12.0/lib/python3.12/site-packages/airflow/example_dags/subdags/subdag.py
[2025-07-13T23:05:35.772+0300] {processor.py:830} INFO - Processing file /home/wal/.pyenv/versions/3.12.0/lib/python3.12/site-packages/airflow/example_dags/subdags/subdag.py for tasks to queue
[2025-07-13T23:05:35.781+0300] {logging_mixin.py:188} INFO - [2025-07-13T23:05:35.780+0300] {dagbag.py:545} INFO - Filling up the DagBag from /home/wal/.pyenv/versions/3.12.0/lib/python3.12/site-packages/airflow/example_dags/subdags/subdag.py
[2025-07-13T23:05:35.788+0300] {processor.py:842} WARNING - No viable dags retrieved from /home/wal/.pyenv/versions/3.12.0/lib/python3.12/site-packages/airflow/example_dags/subdags/subdag.py
[2025-07-13T23:05:35.831+0300] {processor.py:183} INFO - Processing /home/wal/.pyenv/versions/3.12.0/lib/python3.12/site-packages/airflow/example_dags/subdags/subdag.py took 0.087 seconds
[2025-07-13T23:06:28.329+0300] {processor.py:161} INFO - Started process (PID=4820) to work on /home/wal/.pyenv/versions/3.12.0/lib/python3.12/site-packages/airflow/example_dags/subdags/subdag.py
[2025-07-13T23:06:28.332+0300] {processor.py:830} INFO - Processing file /home/wal/.pyenv/versions/3.12.0/lib/python3.12/site-packages/airflow/example_dags/subdags/subdag.py for tasks to queue
[2025-07-13T23:06:28.337+0300] {logging_mixin.py:188} INFO - [2025-07-13T23:06:28.336+0300] {dagbag.py:545} INFO - Filling up the DagBag from /home/wal/.pyenv/versions/3.12.0/lib/python3.12/site-packages/airflow/example_dags/subdags/subdag.py
[2025-07-13T23:06:28.342+0300] {processor.py:842} WARNING - No viable dags retrieved from /home/wal/.pyenv/versions/3.12.0/lib/python3.12/site-packages/airflow/example_dags/subdags/subdag.py
[2025-07-13T23:06:28.371+0300] {processor.py:183} INFO - Processing /home/wal/.pyenv/versions/3.12.0/lib/python3.12/site-packages/airflow/example_dags/subdags/subdag.py took 0.055 seconds
[2025-07-13T23:07:17.143+0300] {processor.py:161} INFO - Started process (PID=4858) to work on /home/wal/.pyenv/versions/3.12.0/lib/python3.12/site-packages/airflow/example_dags/subdags/subdag.py
[2025-07-13T23:07:17.150+0300] {processor.py:830} INFO - Processing file /home/wal/.pyenv/versions/3.12.0/lib/python3.12/site-packages/airflow/example_dags/subdags/subdag.py for tasks to queue
[2025-07-13T23:07:17.155+0300] {logging_mixin.py:188} INFO - [2025-07-13T23:07:17.154+0300] {dagbag.py:545} INFO - Filling up the DagBag from /home/wal/.pyenv/versions/3.12.0/lib/python3.12/site-packages/airflow/example_dags/subdags/subdag.py
[2025-07-13T23:07:17.159+0300] {processor.py:842} WARNING - No viable dags retrieved from /home/wal/.pyenv/versions/3.12.0/lib/python3.12/site-packages/airflow/example_dags/subdags/subdag.py
[2025-07-13T23:07:17.180+0300] {processor.py:183} INFO - Processing /home/wal/.pyenv/versions/3.12.0/lib/python3.12/site-packages/airflow/example_dags/subdags/subdag.py took 0.049 seconds
[2025-07-13T23:07:53.560+0300] {processor.py:161} INFO - Started process (PID=4889) to work on /home/wal/.pyenv/versions/3.12.0/lib/python3.12/site-packages/airflow/example_dags/subdags/subdag.py
[2025-07-13T23:07:53.563+0300] {processor.py:830} INFO - Processing file /home/wal/.pyenv/versions/3.12.0/lib/python3.12/site-packages/airflow/example_dags/subdags/subdag.py for tasks to queue
[2025-07-13T23:07:53.567+0300] {logging_mixin.py:188} INFO - [2025-07-13T23:07:53.566+0300] {dagbag.py:545} INFO - Filling up the DagBag from /home/wal/.pyenv/versions/3.12.0/lib/python3.12/site-packages/airflow/example_dags/subdags/subdag.py
[2025-07-13T23:07:53.572+0300] {processor.py:842} WARNING - No viable dags retrieved from /home/wal/.pyenv/versions/3.12.0/lib/python3.12/site-packages/airflow/example_dags/subdags/subdag.py
[2025-07-13T23:07:53.596+0300] {processor.py:183} INFO - Processing /home/wal/.pyenv/versions/3.12.0/lib/python3.12/site-packages/airflow/example_dags/subdags/subdag.py took 0.051 seconds
[2025-07-13T23:08:24.828+0300] {processor.py:161} INFO - Started process (PID=4916) to work on /home/wal/.pyenv/versions/3.12.0/lib/python3.12/site-packages/airflow/example_dags/subdags/subdag.py
[2025-07-13T23:08:24.830+0300] {processor.py:830} INFO - Processing file /home/wal/.pyenv/versions/3.12.0/lib/python3.12/site-packages/airflow/example_dags/subdags/subdag.py for tasks to queue
[2025-07-13T23:08:24.833+0300] {logging_mixin.py:188} INFO - [2025-07-13T23:08:24.832+0300] {dagbag.py:545} INFO - Filling up the DagBag from /home/wal/.pyenv/versions/3.12.0/lib/python3.12/site-packages/airflow/example_dags/subdags/subdag.py
[2025-07-13T23:08:24.836+0300] {processor.py:842} WARNING - No viable dags retrieved from /home/wal/.pyenv/versions/3.12.0/lib/python3.12/site-packages/airflow/example_dags/subdags/subdag.py
[2025-07-13T23:08:24.861+0300] {processor.py:183} INFO - Processing /home/wal/.pyenv/versions/3.12.0/lib/python3.12/site-packages/airflow/example_dags/subdags/subdag.py took 0.045 seconds
[2025-07-13T23:09:26.519+0300] {processor.py:161} INFO - Started process (PID=4969) to work on /home/wal/.pyenv/versions/3.12.0/lib/python3.12/site-packages/airflow/example_dags/subdags/subdag.py
[2025-07-13T23:09:26.525+0300] {processor.py:830} INFO - Processing file /home/wal/.pyenv/versions/3.12.0/lib/python3.12/site-packages/airflow/example_dags/subdags/subdag.py for tasks to queue
[2025-07-13T23:09:26.533+0300] {logging_mixin.py:188} INFO - [2025-07-13T23:09:26.532+0300] {dagbag.py:545} INFO - Filling up the DagBag from /home/wal/.pyenv/versions/3.12.0/lib/python3.12/site-packages/airflow/example_dags/subdags/subdag.py
[2025-07-13T23:09:26.538+0300] {processor.py:842} WARNING - No viable dags retrieved from /home/wal/.pyenv/versions/3.12.0/lib/python3.12/site-packages/airflow/example_dags/subdags/subdag.py
[2025-07-13T23:09:26.566+0300] {processor.py:183} INFO - Processing /home/wal/.pyenv/versions/3.12.0/lib/python3.12/site-packages/airflow/example_dags/subdags/subdag.py took 0.063 seconds
[2025-07-13T23:10:01.576+0300] {processor.py:161} INFO - Started process (PID=4997) to work on /home/wal/.pyenv/versions/3.12.0/lib/python3.12/site-packages/airflow/example_dags/subdags/subdag.py
[2025-07-13T23:10:01.587+0300] {processor.py:830} INFO - Processing file /home/wal/.pyenv/versions/3.12.0/lib/python3.12/site-packages/airflow/example_dags/subdags/subdag.py for tasks to queue
[2025-07-13T23:10:01.594+0300] {logging_mixin.py:188} INFO - [2025-07-13T23:10:01.593+0300] {dagbag.py:545} INFO - Filling up the DagBag from /home/wal/.pyenv/versions/3.12.0/lib/python3.12/site-packages/airflow/example_dags/subdags/subdag.py
[2025-07-13T23:10:01.600+0300] {processor.py:842} WARNING - No viable dags retrieved from /home/wal/.pyenv/versions/3.12.0/lib/python3.12/site-packages/airflow/example_dags/subdags/subdag.py
[2025-07-13T23:10:01.636+0300] {processor.py:183} INFO - Processing /home/wal/.pyenv/versions/3.12.0/lib/python3.12/site-packages/airflow/example_dags/subdags/subdag.py took 0.087 seconds
[2025-07-13T23:10:34.652+0300] {processor.py:161} INFO - Started process (PID=5026) to work on /home/wal/.pyenv/versions/3.12.0/lib/python3.12/site-packages/airflow/example_dags/subdags/subdag.py
[2025-07-13T23:10:34.659+0300] {processor.py:830} INFO - Processing file /home/wal/.pyenv/versions/3.12.0/lib/python3.12/site-packages/airflow/example_dags/subdags/subdag.py for tasks to queue
[2025-07-13T23:10:34.661+0300] {logging_mixin.py:188} INFO - [2025-07-13T23:10:34.660+0300] {dagbag.py:545} INFO - Filling up the DagBag from /home/wal/.pyenv/versions/3.12.0/lib/python3.12/site-packages/airflow/example_dags/subdags/subdag.py
[2025-07-13T23:10:34.664+0300] {processor.py:842} WARNING - No viable dags retrieved from /home/wal/.pyenv/versions/3.12.0/lib/python3.12/site-packages/airflow/example_dags/subdags/subdag.py
[2025-07-13T23:10:34.676+0300] {processor.py:183} INFO - Processing /home/wal/.pyenv/versions/3.12.0/lib/python3.12/site-packages/airflow/example_dags/subdags/subdag.py took 0.030 seconds
[2025-07-13T23:11:29.045+0300] {processor.py:161} INFO - Started process (PID=5076) to work on /home/wal/.pyenv/versions/3.12.0/lib/python3.12/site-packages/airflow/example_dags/subdags/subdag.py
[2025-07-13T23:11:29.051+0300] {processor.py:830} INFO - Processing file /home/wal/.pyenv/versions/3.12.0/lib/python3.12/site-packages/airflow/example_dags/subdags/subdag.py for tasks to queue
[2025-07-13T23:11:29.053+0300] {logging_mixin.py:188} INFO - [2025-07-13T23:11:29.053+0300] {dagbag.py:545} INFO - Filling up the DagBag from /home/wal/.pyenv/versions/3.12.0/lib/python3.12/site-packages/airflow/example_dags/subdags/subdag.py
[2025-07-13T23:11:29.055+0300] {processor.py:842} WARNING - No viable dags retrieved from /home/wal/.pyenv/versions/3.12.0/lib/python3.12/site-packages/airflow/example_dags/subdags/subdag.py
[2025-07-13T23:11:29.068+0300] {processor.py:183} INFO - Processing /home/wal/.pyenv/versions/3.12.0/lib/python3.12/site-packages/airflow/example_dags/subdags/subdag.py took 0.032 seconds
[2025-07-13T23:12:24.242+0300] {processor.py:161} INFO - Started process (PID=5124) to work on /home/wal/.pyenv/versions/3.12.0/lib/python3.12/site-packages/airflow/example_dags/subdags/subdag.py
[2025-07-13T23:12:24.244+0300] {processor.py:830} INFO - Processing file /home/wal/.pyenv/versions/3.12.0/lib/python3.12/site-packages/airflow/example_dags/subdags/subdag.py for tasks to queue
[2025-07-13T23:12:24.248+0300] {logging_mixin.py:188} INFO - [2025-07-13T23:12:24.246+0300] {dagbag.py:545} INFO - Filling up the DagBag from /home/wal/.pyenv/versions/3.12.0/lib/python3.12/site-packages/airflow/example_dags/subdags/subdag.py
[2025-07-13T23:12:24.252+0300] {processor.py:842} WARNING - No viable dags retrieved from /home/wal/.pyenv/versions/3.12.0/lib/python3.12/site-packages/airflow/example_dags/subdags/subdag.py
[2025-07-13T23:12:24.270+0300] {processor.py:183} INFO - Processing /home/wal/.pyenv/versions/3.12.0/lib/python3.12/site-packages/airflow/example_dags/subdags/subdag.py took 0.037 seconds
[2025-07-13T23:12:58.027+0300] {processor.py:161} INFO - Started process (PID=5158) to work on /home/wal/.pyenv/versions/3.12.0/lib/python3.12/site-packages/airflow/example_dags/subdags/subdag.py
[2025-07-13T23:12:58.034+0300] {processor.py:830} INFO - Processing file /home/wal/.pyenv/versions/3.12.0/lib/python3.12/site-packages/airflow/example_dags/subdags/subdag.py for tasks to queue
[2025-07-13T23:12:58.037+0300] {logging_mixin.py:188} INFO - [2025-07-13T23:12:58.036+0300] {dagbag.py:545} INFO - Filling up the DagBag from /home/wal/.pyenv/versions/3.12.0/lib/python3.12/site-packages/airflow/example_dags/subdags/subdag.py
[2025-07-13T23:12:58.041+0300] {processor.py:842} WARNING - No viable dags retrieved from /home/wal/.pyenv/versions/3.12.0/lib/python3.12/site-packages/airflow/example_dags/subdags/subdag.py
[2025-07-13T23:12:58.073+0300] {processor.py:183} INFO - Processing /home/wal/.pyenv/versions/3.12.0/lib/python3.12/site-packages/airflow/example_dags/subdags/subdag.py took 0.055 seconds
[2025-07-13T23:13:30.465+0300] {processor.py:161} INFO - Started process (PID=5186) to work on /home/wal/.pyenv/versions/3.12.0/lib/python3.12/site-packages/airflow/example_dags/subdags/subdag.py
[2025-07-13T23:13:30.468+0300] {processor.py:830} INFO - Processing file /home/wal/.pyenv/versions/3.12.0/lib/python3.12/site-packages/airflow/example_dags/subdags/subdag.py for tasks to queue
[2025-07-13T23:13:30.470+0300] {logging_mixin.py:188} INFO - [2025-07-13T23:13:30.470+0300] {dagbag.py:545} INFO - Filling up the DagBag from /home/wal/.pyenv/versions/3.12.0/lib/python3.12/site-packages/airflow/example_dags/subdags/subdag.py
[2025-07-13T23:13:30.473+0300] {processor.py:842} WARNING - No viable dags retrieved from /home/wal/.pyenv/versions/3.12.0/lib/python3.12/site-packages/airflow/example_dags/subdags/subdag.py
[2025-07-13T23:13:30.489+0300] {processor.py:183} INFO - Processing /home/wal/.pyenv/versions/3.12.0/lib/python3.12/site-packages/airflow/example_dags/subdags/subdag.py took 0.034 seconds
[2025-07-13T23:14:04.231+0300] {processor.py:161} INFO - Started process (PID=5222) to work on /home/wal/.pyenv/versions/3.12.0/lib/python3.12/site-packages/airflow/example_dags/subdags/subdag.py
[2025-07-13T23:14:04.232+0300] {processor.py:830} INFO - Processing file /home/wal/.pyenv/versions/3.12.0/lib/python3.12/site-packages/airflow/example_dags/subdags/subdag.py for tasks to queue
[2025-07-13T23:14:04.234+0300] {logging_mixin.py:188} INFO - [2025-07-13T23:14:04.234+0300] {dagbag.py:545} INFO - Filling up the DagBag from /home/wal/.pyenv/versions/3.12.0/lib/python3.12/site-packages/airflow/example_dags/subdags/subdag.py
[2025-07-13T23:14:04.237+0300] {processor.py:842} WARNING - No viable dags retrieved from /home/wal/.pyenv/versions/3.12.0/lib/python3.12/site-packages/airflow/example_dags/subdags/subdag.py
[2025-07-13T23:14:04.254+0300] {processor.py:183} INFO - Processing /home/wal/.pyenv/versions/3.12.0/lib/python3.12/site-packages/airflow/example_dags/subdags/subdag.py took 0.031 seconds
[2025-07-13T23:14:59.390+0300] {processor.py:161} INFO - Started process (PID=5282) to work on /home/wal/.pyenv/versions/3.12.0/lib/python3.12/site-packages/airflow/example_dags/subdags/subdag.py
[2025-07-13T23:14:59.391+0300] {processor.py:830} INFO - Processing file /home/wal/.pyenv/versions/3.12.0/lib/python3.12/site-packages/airflow/example_dags/subdags/subdag.py for tasks to queue
[2025-07-13T23:14:59.393+0300] {logging_mixin.py:188} INFO - [2025-07-13T23:14:59.392+0300] {dagbag.py:545} INFO - Filling up the DagBag from /home/wal/.pyenv/versions/3.12.0/lib/python3.12/site-packages/airflow/example_dags/subdags/subdag.py
[2025-07-13T23:14:59.395+0300] {processor.py:842} WARNING - No viable dags retrieved from /home/wal/.pyenv/versions/3.12.0/lib/python3.12/site-packages/airflow/example_dags/subdags/subdag.py
[2025-07-13T23:14:59.408+0300] {processor.py:183} INFO - Processing /home/wal/.pyenv/versions/3.12.0/lib/python3.12/site-packages/airflow/example_dags/subdags/subdag.py took 0.026 seconds
[2025-07-13T23:15:48.164+0300] {processor.py:161} INFO - Started process (PID=5330) to work on /home/wal/.pyenv/versions/3.12.0/lib/python3.12/site-packages/airflow/example_dags/subdags/subdag.py
[2025-07-13T23:15:48.165+0300] {processor.py:830} INFO - Processing file /home/wal/.pyenv/versions/3.12.0/lib/python3.12/site-packages/airflow/example_dags/subdags/subdag.py for tasks to queue
[2025-07-13T23:15:48.168+0300] {logging_mixin.py:188} INFO - [2025-07-13T23:15:48.167+0300] {dagbag.py:545} INFO - Filling up the DagBag from /home/wal/.pyenv/versions/3.12.0/lib/python3.12/site-packages/airflow/example_dags/subdags/subdag.py
[2025-07-13T23:15:48.171+0300] {processor.py:842} WARNING - No viable dags retrieved from /home/wal/.pyenv/versions/3.12.0/lib/python3.12/site-packages/airflow/example_dags/subdags/subdag.py
[2025-07-13T23:15:48.186+0300] {processor.py:183} INFO - Processing /home/wal/.pyenv/versions/3.12.0/lib/python3.12/site-packages/airflow/example_dags/subdags/subdag.py took 0.033 seconds
[2025-07-13T23:16:50.758+0300] {processor.py:161} INFO - Started process (PID=5382) to work on /home/wal/.pyenv/versions/3.12.0/lib/python3.12/site-packages/airflow/example_dags/subdags/subdag.py
[2025-07-13T23:16:50.762+0300] {processor.py:830} INFO - Processing file /home/wal/.pyenv/versions/3.12.0/lib/python3.12/site-packages/airflow/example_dags/subdags/subdag.py for tasks to queue
[2025-07-13T23:16:50.766+0300] {logging_mixin.py:188} INFO - [2025-07-13T23:16:50.765+0300] {dagbag.py:545} INFO - Filling up the DagBag from /home/wal/.pyenv/versions/3.12.0/lib/python3.12/site-packages/airflow/example_dags/subdags/subdag.py
[2025-07-13T23:16:50.774+0300] {processor.py:842} WARNING - No viable dags retrieved from /home/wal/.pyenv/versions/3.12.0/lib/python3.12/site-packages/airflow/example_dags/subdags/subdag.py
[2025-07-13T23:16:50.810+0300] {processor.py:183} INFO - Processing /home/wal/.pyenv/versions/3.12.0/lib/python3.12/site-packages/airflow/example_dags/subdags/subdag.py took 0.069 seconds
[2025-07-13T23:17:27.283+0300] {processor.py:161} INFO - Started process (PID=5413) to work on /home/wal/.pyenv/versions/3.12.0/lib/python3.12/site-packages/airflow/example_dags/subdags/subdag.py
[2025-07-13T23:17:27.284+0300] {processor.py:830} INFO - Processing file /home/wal/.pyenv/versions/3.12.0/lib/python3.12/site-packages/airflow/example_dags/subdags/subdag.py for tasks to queue
[2025-07-13T23:17:27.286+0300] {logging_mixin.py:188} INFO - [2025-07-13T23:17:27.286+0300] {dagbag.py:545} INFO - Filling up the DagBag from /home/wal/.pyenv/versions/3.12.0/lib/python3.12/site-packages/airflow/example_dags/subdags/subdag.py
[2025-07-13T23:17:27.292+0300] {processor.py:842} WARNING - No viable dags retrieved from /home/wal/.pyenv/versions/3.12.0/lib/python3.12/site-packages/airflow/example_dags/subdags/subdag.py
[2025-07-13T23:17:27.305+0300] {processor.py:183} INFO - Processing /home/wal/.pyenv/versions/3.12.0/lib/python3.12/site-packages/airflow/example_dags/subdags/subdag.py took 0.037 seconds
[2025-07-13T23:18:05.530+0300] {processor.py:161} INFO - Started process (PID=5444) to work on /home/wal/.pyenv/versions/3.12.0/lib/python3.12/site-packages/airflow/example_dags/subdags/subdag.py
[2025-07-13T23:18:05.532+0300] {processor.py:830} INFO - Processing file /home/wal/.pyenv/versions/3.12.0/lib/python3.12/site-packages/airflow/example_dags/subdags/subdag.py for tasks to queue
[2025-07-13T23:18:05.534+0300] {logging_mixin.py:188} INFO - [2025-07-13T23:18:05.534+0300] {dagbag.py:545} INFO - Filling up the DagBag from /home/wal/.pyenv/versions/3.12.0/lib/python3.12/site-packages/airflow/example_dags/subdags/subdag.py
[2025-07-13T23:18:05.538+0300] {processor.py:842} WARNING - No viable dags retrieved from /home/wal/.pyenv/versions/3.12.0/lib/python3.12/site-packages/airflow/example_dags/subdags/subdag.py
[2025-07-13T23:18:05.551+0300] {processor.py:183} INFO - Processing /home/wal/.pyenv/versions/3.12.0/lib/python3.12/site-packages/airflow/example_dags/subdags/subdag.py took 0.029 seconds
[2025-07-13T23:18:39.098+0300] {processor.py:161} INFO - Started process (PID=5473) to work on /home/wal/.pyenv/versions/3.12.0/lib/python3.12/site-packages/airflow/example_dags/subdags/subdag.py
[2025-07-13T23:18:39.099+0300] {processor.py:830} INFO - Processing file /home/wal/.pyenv/versions/3.12.0/lib/python3.12/site-packages/airflow/example_dags/subdags/subdag.py for tasks to queue
[2025-07-13T23:18:39.102+0300] {logging_mixin.py:188} INFO - [2025-07-13T23:18:39.101+0300] {dagbag.py:545} INFO - Filling up the DagBag from /home/wal/.pyenv/versions/3.12.0/lib/python3.12/site-packages/airflow/example_dags/subdags/subdag.py
[2025-07-13T23:18:39.104+0300] {processor.py:842} WARNING - No viable dags retrieved from /home/wal/.pyenv/versions/3.12.0/lib/python3.12/site-packages/airflow/example_dags/subdags/subdag.py
[2025-07-13T23:18:39.120+0300] {processor.py:183} INFO - Processing /home/wal/.pyenv/versions/3.12.0/lib/python3.12/site-packages/airflow/example_dags/subdags/subdag.py took 0.031 seconds
[2025-07-13T23:19:14.653+0300] {processor.py:161} INFO - Started process (PID=5500) to work on /home/wal/.pyenv/versions/3.12.0/lib/python3.12/site-packages/airflow/example_dags/subdags/subdag.py
[2025-07-13T23:19:14.660+0300] {processor.py:830} INFO - Processing file /home/wal/.pyenv/versions/3.12.0/lib/python3.12/site-packages/airflow/example_dags/subdags/subdag.py for tasks to queue
[2025-07-13T23:19:14.663+0300] {logging_mixin.py:188} INFO - [2025-07-13T23:19:14.662+0300] {dagbag.py:545} INFO - Filling up the DagBag from /home/wal/.pyenv/versions/3.12.0/lib/python3.12/site-packages/airflow/example_dags/subdags/subdag.py
[2025-07-13T23:19:14.669+0300] {processor.py:842} WARNING - No viable dags retrieved from /home/wal/.pyenv/versions/3.12.0/lib/python3.12/site-packages/airflow/example_dags/subdags/subdag.py
[2025-07-13T23:19:14.693+0300] {processor.py:183} INFO - Processing /home/wal/.pyenv/versions/3.12.0/lib/python3.12/site-packages/airflow/example_dags/subdags/subdag.py took 0.053 seconds
[2025-07-13T23:19:45.755+0300] {processor.py:161} INFO - Started process (PID=5530) to work on /home/wal/.pyenv/versions/3.12.0/lib/python3.12/site-packages/airflow/example_dags/subdags/subdag.py
[2025-07-13T23:19:45.758+0300] {processor.py:830} INFO - Processing file /home/wal/.pyenv/versions/3.12.0/lib/python3.12/site-packages/airflow/example_dags/subdags/subdag.py for tasks to queue
[2025-07-13T23:19:45.761+0300] {logging_mixin.py:188} INFO - [2025-07-13T23:19:45.760+0300] {dagbag.py:545} INFO - Filling up the DagBag from /home/wal/.pyenv/versions/3.12.0/lib/python3.12/site-packages/airflow/example_dags/subdags/subdag.py
[2025-07-13T23:19:45.764+0300] {processor.py:842} WARNING - No viable dags retrieved from /home/wal/.pyenv/versions/3.12.0/lib/python3.12/site-packages/airflow/example_dags/subdags/subdag.py
[2025-07-13T23:19:45.781+0300] {processor.py:183} INFO - Processing /home/wal/.pyenv/versions/3.12.0/lib/python3.12/site-packages/airflow/example_dags/subdags/subdag.py took 0.036 seconds
[2025-07-13T23:20:46.983+0300] {processor.py:161} INFO - Started process (PID=5582) to work on /home/wal/.pyenv/versions/3.12.0/lib/python3.12/site-packages/airflow/example_dags/subdags/subdag.py
[2025-07-13T23:20:46.990+0300] {processor.py:830} INFO - Processing file /home/wal/.pyenv/versions/3.12.0/lib/python3.12/site-packages/airflow/example_dags/subdags/subdag.py for tasks to queue
[2025-07-13T23:20:47.000+0300] {logging_mixin.py:188} INFO - [2025-07-13T23:20:46.999+0300] {dagbag.py:545} INFO - Filling up the DagBag from /home/wal/.pyenv/versions/3.12.0/lib/python3.12/site-packages/airflow/example_dags/subdags/subdag.py
[2025-07-13T23:20:47.006+0300] {processor.py:842} WARNING - No viable dags retrieved from /home/wal/.pyenv/versions/3.12.0/lib/python3.12/site-packages/airflow/example_dags/subdags/subdag.py
[2025-07-13T23:20:47.031+0300] {processor.py:183} INFO - Processing /home/wal/.pyenv/versions/3.12.0/lib/python3.12/site-packages/airflow/example_dags/subdags/subdag.py took 0.071 seconds
[2025-07-13T23:21:18.432+0300] {processor.py:161} INFO - Started process (PID=5608) to work on /home/wal/.pyenv/versions/3.12.0/lib/python3.12/site-packages/airflow/example_dags/subdags/subdag.py
[2025-07-13T23:21:18.434+0300] {processor.py:830} INFO - Processing file /home/wal/.pyenv/versions/3.12.0/lib/python3.12/site-packages/airflow/example_dags/subdags/subdag.py for tasks to queue
[2025-07-13T23:21:18.439+0300] {logging_mixin.py:188} INFO - [2025-07-13T23:21:18.438+0300] {dagbag.py:545} INFO - Filling up the DagBag from /home/wal/.pyenv/versions/3.12.0/lib/python3.12/site-packages/airflow/example_dags/subdags/subdag.py
[2025-07-13T23:21:18.445+0300] {processor.py:842} WARNING - No viable dags retrieved from /home/wal/.pyenv/versions/3.12.0/lib/python3.12/site-packages/airflow/example_dags/subdags/subdag.py
[2025-07-13T23:21:18.491+0300] {processor.py:183} INFO - Processing /home/wal/.pyenv/versions/3.12.0/lib/python3.12/site-packages/airflow/example_dags/subdags/subdag.py took 0.079 seconds
[2025-07-13T23:21:51.194+0300] {processor.py:161} INFO - Started process (PID=5636) to work on /home/wal/.pyenv/versions/3.12.0/lib/python3.12/site-packages/airflow/example_dags/subdags/subdag.py
[2025-07-13T23:21:51.212+0300] {processor.py:830} INFO - Processing file /home/wal/.pyenv/versions/3.12.0/lib/python3.12/site-packages/airflow/example_dags/subdags/subdag.py for tasks to queue
[2025-07-13T23:21:51.216+0300] {logging_mixin.py:188} INFO - [2025-07-13T23:21:51.215+0300] {dagbag.py:545} INFO - Filling up the DagBag from /home/wal/.pyenv/versions/3.12.0/lib/python3.12/site-packages/airflow/example_dags/subdags/subdag.py
[2025-07-13T23:21:51.222+0300] {processor.py:842} WARNING - No viable dags retrieved from /home/wal/.pyenv/versions/3.12.0/lib/python3.12/site-packages/airflow/example_dags/subdags/subdag.py
[2025-07-13T23:21:51.257+0300] {processor.py:183} INFO - Processing /home/wal/.pyenv/versions/3.12.0/lib/python3.12/site-packages/airflow/example_dags/subdags/subdag.py took 0.080 seconds
[2025-07-13T23:22:27.382+0300] {processor.py:161} INFO - Started process (PID=5663) to work on /home/wal/.pyenv/versions/3.12.0/lib/python3.12/site-packages/airflow/example_dags/subdags/subdag.py
[2025-07-13T23:22:27.384+0300] {processor.py:830} INFO - Processing file /home/wal/.pyenv/versions/3.12.0/lib/python3.12/site-packages/airflow/example_dags/subdags/subdag.py for tasks to queue
[2025-07-13T23:22:27.386+0300] {logging_mixin.py:188} INFO - [2025-07-13T23:22:27.386+0300] {dagbag.py:545} INFO - Filling up the DagBag from /home/wal/.pyenv/versions/3.12.0/lib/python3.12/site-packages/airflow/example_dags/subdags/subdag.py
[2025-07-13T23:22:27.392+0300] {processor.py:842} WARNING - No viable dags retrieved from /home/wal/.pyenv/versions/3.12.0/lib/python3.12/site-packages/airflow/example_dags/subdags/subdag.py
[2025-07-13T23:22:27.412+0300] {processor.py:183} INFO - Processing /home/wal/.pyenv/versions/3.12.0/lib/python3.12/site-packages/airflow/example_dags/subdags/subdag.py took 0.044 seconds
[2025-07-13T23:23:04.899+0300] {processor.py:161} INFO - Started process (PID=5693) to work on /home/wal/.pyenv/versions/3.12.0/lib/python3.12/site-packages/airflow/example_dags/subdags/subdag.py
[2025-07-13T23:23:04.906+0300] {processor.py:830} INFO - Processing file /home/wal/.pyenv/versions/3.12.0/lib/python3.12/site-packages/airflow/example_dags/subdags/subdag.py for tasks to queue
[2025-07-13T23:23:04.911+0300] {logging_mixin.py:188} INFO - [2025-07-13T23:23:04.910+0300] {dagbag.py:545} INFO - Filling up the DagBag from /home/wal/.pyenv/versions/3.12.0/lib/python3.12/site-packages/airflow/example_dags/subdags/subdag.py
[2025-07-13T23:23:04.918+0300] {processor.py:842} WARNING - No viable dags retrieved from /home/wal/.pyenv/versions/3.12.0/lib/python3.12/site-packages/airflow/example_dags/subdags/subdag.py
[2025-07-13T23:23:04.960+0300] {processor.py:183} INFO - Processing /home/wal/.pyenv/versions/3.12.0/lib/python3.12/site-packages/airflow/example_dags/subdags/subdag.py took 0.082 seconds
[2025-07-13T23:23:39.894+0300] {processor.py:161} INFO - Started process (PID=5722) to work on /home/wal/.pyenv/versions/3.12.0/lib/python3.12/site-packages/airflow/example_dags/subdags/subdag.py
[2025-07-13T23:23:39.899+0300] {processor.py:830} INFO - Processing file /home/wal/.pyenv/versions/3.12.0/lib/python3.12/site-packages/airflow/example_dags/subdags/subdag.py for tasks to queue
[2025-07-13T23:23:39.902+0300] {logging_mixin.py:188} INFO - [2025-07-13T23:23:39.901+0300] {dagbag.py:545} INFO - Filling up the DagBag from /home/wal/.pyenv/versions/3.12.0/lib/python3.12/site-packages/airflow/example_dags/subdags/subdag.py
[2025-07-13T23:23:39.905+0300] {processor.py:842} WARNING - No viable dags retrieved from /home/wal/.pyenv/versions/3.12.0/lib/python3.12/site-packages/airflow/example_dags/subdags/subdag.py
[2025-07-13T23:23:39.923+0300] {processor.py:183} INFO - Processing /home/wal/.pyenv/versions/3.12.0/lib/python3.12/site-packages/airflow/example_dags/subdags/subdag.py took 0.040 seconds
[2025-07-13T23:24:25.072+0300] {processor.py:161} INFO - Started process (PID=5751) to work on /home/wal/.pyenv/versions/3.12.0/lib/python3.12/site-packages/airflow/example_dags/subdags/subdag.py
[2025-07-13T23:24:25.076+0300] {processor.py:830} INFO - Processing file /home/wal/.pyenv/versions/3.12.0/lib/python3.12/site-packages/airflow/example_dags/subdags/subdag.py for tasks to queue
[2025-07-13T23:24:25.092+0300] {logging_mixin.py:188} INFO - [2025-07-13T23:24:25.090+0300] {dagbag.py:545} INFO - Filling up the DagBag from /home/wal/.pyenv/versions/3.12.0/lib/python3.12/site-packages/airflow/example_dags/subdags/subdag.py
[2025-07-13T23:24:25.108+0300] {processor.py:842} WARNING - No viable dags retrieved from /home/wal/.pyenv/versions/3.12.0/lib/python3.12/site-packages/airflow/example_dags/subdags/subdag.py
[2025-07-13T23:24:25.216+0300] {processor.py:183} INFO - Processing /home/wal/.pyenv/versions/3.12.0/lib/python3.12/site-packages/airflow/example_dags/subdags/subdag.py took 0.201 seconds
[2025-07-13T23:25:33.802+0300] {processor.py:161} INFO - Started process (PID=5790) to work on /home/wal/.pyenv/versions/3.12.0/lib/python3.12/site-packages/airflow/example_dags/subdags/subdag.py
[2025-07-13T23:25:33.810+0300] {processor.py:830} INFO - Processing file /home/wal/.pyenv/versions/3.12.0/lib/python3.12/site-packages/airflow/example_dags/subdags/subdag.py for tasks to queue
[2025-07-13T23:25:33.816+0300] {logging_mixin.py:188} INFO - [2025-07-13T23:25:33.814+0300] {dagbag.py:545} INFO - Filling up the DagBag from /home/wal/.pyenv/versions/3.12.0/lib/python3.12/site-packages/airflow/example_dags/subdags/subdag.py
[2025-07-13T23:25:33.828+0300] {processor.py:842} WARNING - No viable dags retrieved from /home/wal/.pyenv/versions/3.12.0/lib/python3.12/site-packages/airflow/example_dags/subdags/subdag.py
[2025-07-13T23:25:33.868+0300] {processor.py:183} INFO - Processing /home/wal/.pyenv/versions/3.12.0/lib/python3.12/site-packages/airflow/example_dags/subdags/subdag.py took 0.089 seconds
[2025-07-13T23:26:22.257+0300] {processor.py:161} INFO - Started process (PID=5828) to work on /home/wal/.pyenv/versions/3.12.0/lib/python3.12/site-packages/airflow/example_dags/subdags/subdag.py
[2025-07-13T23:26:22.272+0300] {processor.py:830} INFO - Processing file /home/wal/.pyenv/versions/3.12.0/lib/python3.12/site-packages/airflow/example_dags/subdags/subdag.py for tasks to queue
[2025-07-13T23:26:22.276+0300] {logging_mixin.py:188} INFO - [2025-07-13T23:26:22.275+0300] {dagbag.py:545} INFO - Filling up the DagBag from /home/wal/.pyenv/versions/3.12.0/lib/python3.12/site-packages/airflow/example_dags/subdags/subdag.py
[2025-07-13T23:26:22.283+0300] {processor.py:842} WARNING - No viable dags retrieved from /home/wal/.pyenv/versions/3.12.0/lib/python3.12/site-packages/airflow/example_dags/subdags/subdag.py
[2025-07-13T23:26:22.315+0300] {processor.py:183} INFO - Processing /home/wal/.pyenv/versions/3.12.0/lib/python3.12/site-packages/airflow/example_dags/subdags/subdag.py took 0.077 seconds
[2025-07-13T23:26:57.825+0300] {processor.py:161} INFO - Started process (PID=5857) to work on /home/wal/.pyenv/versions/3.12.0/lib/python3.12/site-packages/airflow/example_dags/subdags/subdag.py
[2025-07-13T23:26:57.827+0300] {processor.py:830} INFO - Processing file /home/wal/.pyenv/versions/3.12.0/lib/python3.12/site-packages/airflow/example_dags/subdags/subdag.py for tasks to queue
[2025-07-13T23:26:57.830+0300] {logging_mixin.py:188} INFO - [2025-07-13T23:26:57.830+0300] {dagbag.py:545} INFO - Filling up the DagBag from /home/wal/.pyenv/versions/3.12.0/lib/python3.12/site-packages/airflow/example_dags/subdags/subdag.py
[2025-07-13T23:26:57.834+0300] {processor.py:842} WARNING - No viable dags retrieved from /home/wal/.pyenv/versions/3.12.0/lib/python3.12/site-packages/airflow/example_dags/subdags/subdag.py
[2025-07-13T23:26:57.858+0300] {processor.py:183} INFO - Processing /home/wal/.pyenv/versions/3.12.0/lib/python3.12/site-packages/airflow/example_dags/subdags/subdag.py took 0.045 seconds
[2025-07-13T23:27:32.050+0300] {processor.py:161} INFO - Started process (PID=5885) to work on /home/wal/.pyenv/versions/3.12.0/lib/python3.12/site-packages/airflow/example_dags/subdags/subdag.py
[2025-07-13T23:27:32.052+0300] {processor.py:830} INFO - Processing file /home/wal/.pyenv/versions/3.12.0/lib/python3.12/site-packages/airflow/example_dags/subdags/subdag.py for tasks to queue
[2025-07-13T23:27:32.060+0300] {logging_mixin.py:188} INFO - [2025-07-13T23:27:32.059+0300] {dagbag.py:545} INFO - Filling up the DagBag from /home/wal/.pyenv/versions/3.12.0/lib/python3.12/site-packages/airflow/example_dags/subdags/subdag.py
[2025-07-13T23:27:32.064+0300] {processor.py:842} WARNING - No viable dags retrieved from /home/wal/.pyenv/versions/3.12.0/lib/python3.12/site-packages/airflow/example_dags/subdags/subdag.py
[2025-07-13T23:27:32.085+0300] {processor.py:183} INFO - Processing /home/wal/.pyenv/versions/3.12.0/lib/python3.12/site-packages/airflow/example_dags/subdags/subdag.py took 0.050 seconds
[2025-07-13T23:28:09.071+0300] {processor.py:161} INFO - Started process (PID=5913) to work on /home/wal/.pyenv/versions/3.12.0/lib/python3.12/site-packages/airflow/example_dags/subdags/subdag.py
[2025-07-13T23:28:09.078+0300] {processor.py:830} INFO - Processing file /home/wal/.pyenv/versions/3.12.0/lib/python3.12/site-packages/airflow/example_dags/subdags/subdag.py for tasks to queue
[2025-07-13T23:28:09.083+0300] {logging_mixin.py:188} INFO - [2025-07-13T23:28:09.082+0300] {dagbag.py:545} INFO - Filling up the DagBag from /home/wal/.pyenv/versions/3.12.0/lib/python3.12/site-packages/airflow/example_dags/subdags/subdag.py
[2025-07-13T23:28:09.086+0300] {processor.py:842} WARNING - No viable dags retrieved from /home/wal/.pyenv/versions/3.12.0/lib/python3.12/site-packages/airflow/example_dags/subdags/subdag.py
[2025-07-13T23:28:09.105+0300] {processor.py:183} INFO - Processing /home/wal/.pyenv/versions/3.12.0/lib/python3.12/site-packages/airflow/example_dags/subdags/subdag.py took 0.045 seconds
[2025-07-13T23:28:47.150+0300] {processor.py:161} INFO - Started process (PID=5943) to work on /home/wal/.pyenv/versions/3.12.0/lib/python3.12/site-packages/airflow/example_dags/subdags/subdag.py
[2025-07-13T23:28:47.152+0300] {processor.py:830} INFO - Processing file /home/wal/.pyenv/versions/3.12.0/lib/python3.12/site-packages/airflow/example_dags/subdags/subdag.py for tasks to queue
[2025-07-13T23:28:47.154+0300] {logging_mixin.py:188} INFO - [2025-07-13T23:28:47.153+0300] {dagbag.py:545} INFO - Filling up the DagBag from /home/wal/.pyenv/versions/3.12.0/lib/python3.12/site-packages/airflow/example_dags/subdags/subdag.py
[2025-07-13T23:28:47.157+0300] {processor.py:842} WARNING - No viable dags retrieved from /home/wal/.pyenv/versions/3.12.0/lib/python3.12/site-packages/airflow/example_dags/subdags/subdag.py
[2025-07-13T23:28:47.174+0300] {processor.py:183} INFO - Processing /home/wal/.pyenv/versions/3.12.0/lib/python3.12/site-packages/airflow/example_dags/subdags/subdag.py took 0.036 seconds
[2025-07-13T23:29:18.601+0300] {processor.py:161} INFO - Started process (PID=5972) to work on /home/wal/.pyenv/versions/3.12.0/lib/python3.12/site-packages/airflow/example_dags/subdags/subdag.py
[2025-07-13T23:29:18.605+0300] {processor.py:830} INFO - Processing file /home/wal/.pyenv/versions/3.12.0/lib/python3.12/site-packages/airflow/example_dags/subdags/subdag.py for tasks to queue
[2025-07-13T23:29:18.609+0300] {logging_mixin.py:188} INFO - [2025-07-13T23:29:18.608+0300] {dagbag.py:545} INFO - Filling up the DagBag from /home/wal/.pyenv/versions/3.12.0/lib/python3.12/site-packages/airflow/example_dags/subdags/subdag.py
[2025-07-13T23:29:18.612+0300] {processor.py:842} WARNING - No viable dags retrieved from /home/wal/.pyenv/versions/3.12.0/lib/python3.12/site-packages/airflow/example_dags/subdags/subdag.py
[2025-07-13T23:29:18.629+0300] {processor.py:183} INFO - Processing /home/wal/.pyenv/versions/3.12.0/lib/python3.12/site-packages/airflow/example_dags/subdags/subdag.py took 0.037 seconds
[2025-07-13T23:29:50.276+0300] {processor.py:161} INFO - Started process (PID=5997) to work on /home/wal/.pyenv/versions/3.12.0/lib/python3.12/site-packages/airflow/example_dags/subdags/subdag.py
[2025-07-13T23:29:50.278+0300] {processor.py:830} INFO - Processing file /home/wal/.pyenv/versions/3.12.0/lib/python3.12/site-packages/airflow/example_dags/subdags/subdag.py for tasks to queue
[2025-07-13T23:29:50.282+0300] {logging_mixin.py:188} INFO - [2025-07-13T23:29:50.281+0300] {dagbag.py:545} INFO - Filling up the DagBag from /home/wal/.pyenv/versions/3.12.0/lib/python3.12/site-packages/airflow/example_dags/subdags/subdag.py
[2025-07-13T23:29:50.285+0300] {processor.py:842} WARNING - No viable dags retrieved from /home/wal/.pyenv/versions/3.12.0/lib/python3.12/site-packages/airflow/example_dags/subdags/subdag.py
[2025-07-13T23:29:50.309+0300] {processor.py:183} INFO - Processing /home/wal/.pyenv/versions/3.12.0/lib/python3.12/site-packages/airflow/example_dags/subdags/subdag.py took 0.047 seconds
[2025-07-13T23:30:49.556+0300] {processor.py:161} INFO - Started process (PID=6050) to work on /home/wal/.pyenv/versions/3.12.0/lib/python3.12/site-packages/airflow/example_dags/subdags/subdag.py
[2025-07-13T23:30:49.558+0300] {processor.py:830} INFO - Processing file /home/wal/.pyenv/versions/3.12.0/lib/python3.12/site-packages/airflow/example_dags/subdags/subdag.py for tasks to queue
[2025-07-13T23:30:49.560+0300] {logging_mixin.py:188} INFO - [2025-07-13T23:30:49.560+0300] {dagbag.py:545} INFO - Filling up the DagBag from /home/wal/.pyenv/versions/3.12.0/lib/python3.12/site-packages/airflow/example_dags/subdags/subdag.py
[2025-07-13T23:30:49.563+0300] {processor.py:842} WARNING - No viable dags retrieved from /home/wal/.pyenv/versions/3.12.0/lib/python3.12/site-packages/airflow/example_dags/subdags/subdag.py
[2025-07-13T23:30:49.585+0300] {processor.py:183} INFO - Processing /home/wal/.pyenv/versions/3.12.0/lib/python3.12/site-packages/airflow/example_dags/subdags/subdag.py took 0.041 seconds
[2025-07-13T23:31:20.102+0300] {processor.py:161} INFO - Started process (PID=6078) to work on /home/wal/.pyenv/versions/3.12.0/lib/python3.12/site-packages/airflow/example_dags/subdags/subdag.py
[2025-07-13T23:31:20.104+0300] {processor.py:830} INFO - Processing file /home/wal/.pyenv/versions/3.12.0/lib/python3.12/site-packages/airflow/example_dags/subdags/subdag.py for tasks to queue
[2025-07-13T23:31:20.106+0300] {logging_mixin.py:188} INFO - [2025-07-13T23:31:20.105+0300] {dagbag.py:545} INFO - Filling up the DagBag from /home/wal/.pyenv/versions/3.12.0/lib/python3.12/site-packages/airflow/example_dags/subdags/subdag.py
[2025-07-13T23:31:20.109+0300] {processor.py:842} WARNING - No viable dags retrieved from /home/wal/.pyenv/versions/3.12.0/lib/python3.12/site-packages/airflow/example_dags/subdags/subdag.py
[2025-07-13T23:31:20.127+0300] {processor.py:183} INFO - Processing /home/wal/.pyenv/versions/3.12.0/lib/python3.12/site-packages/airflow/example_dags/subdags/subdag.py took 0.036 seconds
[2025-07-13T23:32:17.458+0300] {processor.py:161} INFO - Started process (PID=6127) to work on /home/wal/.pyenv/versions/3.12.0/lib/python3.12/site-packages/airflow/example_dags/subdags/subdag.py
[2025-07-13T23:32:17.460+0300] {processor.py:830} INFO - Processing file /home/wal/.pyenv/versions/3.12.0/lib/python3.12/site-packages/airflow/example_dags/subdags/subdag.py for tasks to queue
[2025-07-13T23:32:17.463+0300] {logging_mixin.py:188} INFO - [2025-07-13T23:32:17.462+0300] {dagbag.py:545} INFO - Filling up the DagBag from /home/wal/.pyenv/versions/3.12.0/lib/python3.12/site-packages/airflow/example_dags/subdags/subdag.py
[2025-07-13T23:32:17.466+0300] {processor.py:842} WARNING - No viable dags retrieved from /home/wal/.pyenv/versions/3.12.0/lib/python3.12/site-packages/airflow/example_dags/subdags/subdag.py
[2025-07-13T23:32:17.483+0300] {processor.py:183} INFO - Processing /home/wal/.pyenv/versions/3.12.0/lib/python3.12/site-packages/airflow/example_dags/subdags/subdag.py took 0.039 seconds
[2025-07-13T23:32:49.106+0300] {processor.py:161} INFO - Started process (PID=6155) to work on /home/wal/.pyenv/versions/3.12.0/lib/python3.12/site-packages/airflow/example_dags/subdags/subdag.py
[2025-07-13T23:32:49.113+0300] {processor.py:830} INFO - Processing file /home/wal/.pyenv/versions/3.12.0/lib/python3.12/site-packages/airflow/example_dags/subdags/subdag.py for tasks to queue
[2025-07-13T23:32:49.117+0300] {logging_mixin.py:188} INFO - [2025-07-13T23:32:49.116+0300] {dagbag.py:545} INFO - Filling up the DagBag from /home/wal/.pyenv/versions/3.12.0/lib/python3.12/site-packages/airflow/example_dags/subdags/subdag.py
[2025-07-13T23:32:49.121+0300] {processor.py:842} WARNING - No viable dags retrieved from /home/wal/.pyenv/versions/3.12.0/lib/python3.12/site-packages/airflow/example_dags/subdags/subdag.py
[2025-07-13T23:32:49.143+0300] {processor.py:183} INFO - Processing /home/wal/.pyenv/versions/3.12.0/lib/python3.12/site-packages/airflow/example_dags/subdags/subdag.py took 0.045 seconds
[2025-07-13T23:33:21.294+0300] {processor.py:161} INFO - Started process (PID=6181) to work on /home/wal/.pyenv/versions/3.12.0/lib/python3.12/site-packages/airflow/example_dags/subdags/subdag.py
[2025-07-13T23:33:21.301+0300] {processor.py:830} INFO - Processing file /home/wal/.pyenv/versions/3.12.0/lib/python3.12/site-packages/airflow/example_dags/subdags/subdag.py for tasks to queue
[2025-07-13T23:33:21.304+0300] {logging_mixin.py:188} INFO - [2025-07-13T23:33:21.304+0300] {dagbag.py:545} INFO - Filling up the DagBag from /home/wal/.pyenv/versions/3.12.0/lib/python3.12/site-packages/airflow/example_dags/subdags/subdag.py
[2025-07-13T23:33:21.307+0300] {processor.py:842} WARNING - No viable dags retrieved from /home/wal/.pyenv/versions/3.12.0/lib/python3.12/site-packages/airflow/example_dags/subdags/subdag.py
[2025-07-13T23:33:21.326+0300] {processor.py:183} INFO - Processing /home/wal/.pyenv/versions/3.12.0/lib/python3.12/site-packages/airflow/example_dags/subdags/subdag.py took 0.042 seconds
[2025-07-13T23:33:52.877+0300] {processor.py:161} INFO - Started process (PID=6210) to work on /home/wal/.pyenv/versions/3.12.0/lib/python3.12/site-packages/airflow/example_dags/subdags/subdag.py
[2025-07-13T23:33:52.883+0300] {processor.py:830} INFO - Processing file /home/wal/.pyenv/versions/3.12.0/lib/python3.12/site-packages/airflow/example_dags/subdags/subdag.py for tasks to queue
[2025-07-13T23:33:52.886+0300] {logging_mixin.py:188} INFO - [2025-07-13T23:33:52.885+0300] {dagbag.py:545} INFO - Filling up the DagBag from /home/wal/.pyenv/versions/3.12.0/lib/python3.12/site-packages/airflow/example_dags/subdags/subdag.py
[2025-07-13T23:33:52.889+0300] {processor.py:842} WARNING - No viable dags retrieved from /home/wal/.pyenv/versions/3.12.0/lib/python3.12/site-packages/airflow/example_dags/subdags/subdag.py
[2025-07-13T23:33:52.909+0300] {processor.py:183} INFO - Processing /home/wal/.pyenv/versions/3.12.0/lib/python3.12/site-packages/airflow/example_dags/subdags/subdag.py took 0.043 seconds
[2025-07-13T23:34:26.784+0300] {processor.py:161} INFO - Started process (PID=6236) to work on /home/wal/.pyenv/versions/3.12.0/lib/python3.12/site-packages/airflow/example_dags/subdags/subdag.py
[2025-07-13T23:34:26.791+0300] {processor.py:830} INFO - Processing file /home/wal/.pyenv/versions/3.12.0/lib/python3.12/site-packages/airflow/example_dags/subdags/subdag.py for tasks to queue
[2025-07-13T23:34:26.796+0300] {logging_mixin.py:188} INFO - [2025-07-13T23:34:26.795+0300] {dagbag.py:545} INFO - Filling up the DagBag from /home/wal/.pyenv/versions/3.12.0/lib/python3.12/site-packages/airflow/example_dags/subdags/subdag.py
[2025-07-13T23:34:26.800+0300] {processor.py:842} WARNING - No viable dags retrieved from /home/wal/.pyenv/versions/3.12.0/lib/python3.12/site-packages/airflow/example_dags/subdags/subdag.py
[2025-07-13T23:34:26.829+0300] {processor.py:183} INFO - Processing /home/wal/.pyenv/versions/3.12.0/lib/python3.12/site-packages/airflow/example_dags/subdags/subdag.py took 0.066 seconds
[2025-07-13T23:35:07.610+0300] {processor.py:161} INFO - Started process (PID=6269) to work on /home/wal/.pyenv/versions/3.12.0/lib/python3.12/site-packages/airflow/example_dags/subdags/subdag.py
[2025-07-13T23:35:07.623+0300] {processor.py:830} INFO - Processing file /home/wal/.pyenv/versions/3.12.0/lib/python3.12/site-packages/airflow/example_dags/subdags/subdag.py for tasks to queue
[2025-07-13T23:35:07.629+0300] {logging_mixin.py:188} INFO - [2025-07-13T23:35:07.627+0300] {dagbag.py:545} INFO - Filling up the DagBag from /home/wal/.pyenv/versions/3.12.0/lib/python3.12/site-packages/airflow/example_dags/subdags/subdag.py
[2025-07-13T23:35:07.647+0300] {processor.py:842} WARNING - No viable dags retrieved from /home/wal/.pyenv/versions/3.12.0/lib/python3.12/site-packages/airflow/example_dags/subdags/subdag.py
[2025-07-13T23:35:07.714+0300] {processor.py:183} INFO - Processing /home/wal/.pyenv/versions/3.12.0/lib/python3.12/site-packages/airflow/example_dags/subdags/subdag.py took 0.144 seconds
[2025-07-13T23:35:43.810+0300] {processor.py:161} INFO - Started process (PID=6301) to work on /home/wal/.pyenv/versions/3.12.0/lib/python3.12/site-packages/airflow/example_dags/subdags/subdag.py
[2025-07-13T23:35:43.811+0300] {processor.py:830} INFO - Processing file /home/wal/.pyenv/versions/3.12.0/lib/python3.12/site-packages/airflow/example_dags/subdags/subdag.py for tasks to queue
[2025-07-13T23:35:43.813+0300] {logging_mixin.py:188} INFO - [2025-07-13T23:35:43.813+0300] {dagbag.py:545} INFO - Filling up the DagBag from /home/wal/.pyenv/versions/3.12.0/lib/python3.12/site-packages/airflow/example_dags/subdags/subdag.py
[2025-07-13T23:35:43.816+0300] {processor.py:842} WARNING - No viable dags retrieved from /home/wal/.pyenv/versions/3.12.0/lib/python3.12/site-packages/airflow/example_dags/subdags/subdag.py
[2025-07-13T23:35:43.832+0300] {processor.py:183} INFO - Processing /home/wal/.pyenv/versions/3.12.0/lib/python3.12/site-packages/airflow/example_dags/subdags/subdag.py took 0.033 seconds
[2025-07-13T23:36:15.373+0300] {processor.py:161} INFO - Started process (PID=6328) to work on /home/wal/.pyenv/versions/3.12.0/lib/python3.12/site-packages/airflow/example_dags/subdags/subdag.py
[2025-07-13T23:36:15.380+0300] {processor.py:830} INFO - Processing file /home/wal/.pyenv/versions/3.12.0/lib/python3.12/site-packages/airflow/example_dags/subdags/subdag.py for tasks to queue
[2025-07-13T23:36:15.390+0300] {logging_mixin.py:188} INFO - [2025-07-13T23:36:15.389+0300] {dagbag.py:545} INFO - Filling up the DagBag from /home/wal/.pyenv/versions/3.12.0/lib/python3.12/site-packages/airflow/example_dags/subdags/subdag.py
[2025-07-13T23:36:15.396+0300] {processor.py:842} WARNING - No viable dags retrieved from /home/wal/.pyenv/versions/3.12.0/lib/python3.12/site-packages/airflow/example_dags/subdags/subdag.py
[2025-07-13T23:36:15.439+0300] {processor.py:183} INFO - Processing /home/wal/.pyenv/versions/3.12.0/lib/python3.12/site-packages/airflow/example_dags/subdags/subdag.py took 0.082 seconds
[2025-07-13T23:37:12.859+0300] {processor.py:161} INFO - Started process (PID=6379) to work on /home/wal/.pyenv/versions/3.12.0/lib/python3.12/site-packages/airflow/example_dags/subdags/subdag.py
[2025-07-13T23:37:12.861+0300] {processor.py:830} INFO - Processing file /home/wal/.pyenv/versions/3.12.0/lib/python3.12/site-packages/airflow/example_dags/subdags/subdag.py for tasks to queue
[2025-07-13T23:37:12.863+0300] {logging_mixin.py:188} INFO - [2025-07-13T23:37:12.862+0300] {dagbag.py:545} INFO - Filling up the DagBag from /home/wal/.pyenv/versions/3.12.0/lib/python3.12/site-packages/airflow/example_dags/subdags/subdag.py
[2025-07-13T23:37:12.865+0300] {processor.py:842} WARNING - No viable dags retrieved from /home/wal/.pyenv/versions/3.12.0/lib/python3.12/site-packages/airflow/example_dags/subdags/subdag.py
[2025-07-13T23:37:12.882+0300] {processor.py:183} INFO - Processing /home/wal/.pyenv/versions/3.12.0/lib/python3.12/site-packages/airflow/example_dags/subdags/subdag.py took 0.036 seconds
[2025-07-13T23:37:44.000+0300] {processor.py:161} INFO - Started process (PID=6407) to work on /home/wal/.pyenv/versions/3.12.0/lib/python3.12/site-packages/airflow/example_dags/subdags/subdag.py
[2025-07-13T23:37:44.007+0300] {processor.py:830} INFO - Processing file /home/wal/.pyenv/versions/3.12.0/lib/python3.12/site-packages/airflow/example_dags/subdags/subdag.py for tasks to queue
[2025-07-13T23:37:44.011+0300] {logging_mixin.py:188} INFO - [2025-07-13T23:37:44.010+0300] {dagbag.py:545} INFO - Filling up the DagBag from /home/wal/.pyenv/versions/3.12.0/lib/python3.12/site-packages/airflow/example_dags/subdags/subdag.py
[2025-07-13T23:37:44.015+0300] {processor.py:842} WARNING - No viable dags retrieved from /home/wal/.pyenv/versions/3.12.0/lib/python3.12/site-packages/airflow/example_dags/subdags/subdag.py
[2025-07-13T23:37:44.036+0300] {processor.py:183} INFO - Processing /home/wal/.pyenv/versions/3.12.0/lib/python3.12/site-packages/airflow/example_dags/subdags/subdag.py took 0.056 seconds
[2025-07-13T23:38:43.305+0300] {processor.py:161} INFO - Started process (PID=6459) to work on /home/wal/.pyenv/versions/3.12.0/lib/python3.12/site-packages/airflow/example_dags/subdags/subdag.py
[2025-07-13T23:38:43.306+0300] {processor.py:830} INFO - Processing file /home/wal/.pyenv/versions/3.12.0/lib/python3.12/site-packages/airflow/example_dags/subdags/subdag.py for tasks to queue
[2025-07-13T23:38:43.310+0300] {logging_mixin.py:188} INFO - [2025-07-13T23:38:43.309+0300] {dagbag.py:545} INFO - Filling up the DagBag from /home/wal/.pyenv/versions/3.12.0/lib/python3.12/site-packages/airflow/example_dags/subdags/subdag.py
[2025-07-13T23:38:43.313+0300] {processor.py:842} WARNING - No viable dags retrieved from /home/wal/.pyenv/versions/3.12.0/lib/python3.12/site-packages/airflow/example_dags/subdags/subdag.py
[2025-07-13T23:38:43.330+0300] {processor.py:183} INFO - Processing /home/wal/.pyenv/versions/3.12.0/lib/python3.12/site-packages/airflow/example_dags/subdags/subdag.py took 0.035 seconds
[2025-07-13T23:39:40.148+0300] {processor.py:161} INFO - Started process (PID=6510) to work on /home/wal/.pyenv/versions/3.12.0/lib/python3.12/site-packages/airflow/example_dags/subdags/subdag.py
[2025-07-13T23:39:40.154+0300] {processor.py:830} INFO - Processing file /home/wal/.pyenv/versions/3.12.0/lib/python3.12/site-packages/airflow/example_dags/subdags/subdag.py for tasks to queue
[2025-07-13T23:39:40.158+0300] {logging_mixin.py:188} INFO - [2025-07-13T23:39:40.157+0300] {dagbag.py:545} INFO - Filling up the DagBag from /home/wal/.pyenv/versions/3.12.0/lib/python3.12/site-packages/airflow/example_dags/subdags/subdag.py
[2025-07-13T23:39:40.163+0300] {processor.py:842} WARNING - No viable dags retrieved from /home/wal/.pyenv/versions/3.12.0/lib/python3.12/site-packages/airflow/example_dags/subdags/subdag.py
[2025-07-13T23:39:40.178+0300] {processor.py:183} INFO - Processing /home/wal/.pyenv/versions/3.12.0/lib/python3.12/site-packages/airflow/example_dags/subdags/subdag.py took 0.041 seconds
[2025-07-13T23:40:34.855+0300] {processor.py:161} INFO - Started process (PID=6561) to work on /home/wal/.pyenv/versions/3.12.0/lib/python3.12/site-packages/airflow/example_dags/subdags/subdag.py
[2025-07-13T23:40:34.861+0300] {processor.py:830} INFO - Processing file /home/wal/.pyenv/versions/3.12.0/lib/python3.12/site-packages/airflow/example_dags/subdags/subdag.py for tasks to queue
[2025-07-13T23:40:34.867+0300] {logging_mixin.py:188} INFO - [2025-07-13T23:40:34.864+0300] {dagbag.py:545} INFO - Filling up the DagBag from /home/wal/.pyenv/versions/3.12.0/lib/python3.12/site-packages/airflow/example_dags/subdags/subdag.py
[2025-07-13T23:40:34.871+0300] {processor.py:842} WARNING - No viable dags retrieved from /home/wal/.pyenv/versions/3.12.0/lib/python3.12/site-packages/airflow/example_dags/subdags/subdag.py
[2025-07-13T23:40:34.893+0300] {processor.py:183} INFO - Processing /home/wal/.pyenv/versions/3.12.0/lib/python3.12/site-packages/airflow/example_dags/subdags/subdag.py took 0.050 seconds
[2025-07-13T23:41:23.756+0300] {processor.py:161} INFO - Started process (PID=6608) to work on /home/wal/.pyenv/versions/3.12.0/lib/python3.12/site-packages/airflow/example_dags/subdags/subdag.py
[2025-07-13T23:41:23.764+0300] {processor.py:830} INFO - Processing file /home/wal/.pyenv/versions/3.12.0/lib/python3.12/site-packages/airflow/example_dags/subdags/subdag.py for tasks to queue
[2025-07-13T23:41:23.766+0300] {logging_mixin.py:188} INFO - [2025-07-13T23:41:23.766+0300] {dagbag.py:545} INFO - Filling up the DagBag from /home/wal/.pyenv/versions/3.12.0/lib/python3.12/site-packages/airflow/example_dags/subdags/subdag.py
[2025-07-13T23:41:23.769+0300] {processor.py:842} WARNING - No viable dags retrieved from /home/wal/.pyenv/versions/3.12.0/lib/python3.12/site-packages/airflow/example_dags/subdags/subdag.py
[2025-07-13T23:41:23.785+0300] {processor.py:183} INFO - Processing /home/wal/.pyenv/versions/3.12.0/lib/python3.12/site-packages/airflow/example_dags/subdags/subdag.py took 0.048 seconds
[2025-07-13T23:42:15.796+0300] {processor.py:161} INFO - Started process (PID=6655) to work on /home/wal/.pyenv/versions/3.12.0/lib/python3.12/site-packages/airflow/example_dags/subdags/subdag.py
[2025-07-13T23:42:15.802+0300] {processor.py:830} INFO - Processing file /home/wal/.pyenv/versions/3.12.0/lib/python3.12/site-packages/airflow/example_dags/subdags/subdag.py for tasks to queue
[2025-07-13T23:42:15.807+0300] {logging_mixin.py:188} INFO - [2025-07-13T23:42:15.806+0300] {dagbag.py:545} INFO - Filling up the DagBag from /home/wal/.pyenv/versions/3.12.0/lib/python3.12/site-packages/airflow/example_dags/subdags/subdag.py
[2025-07-13T23:42:15.811+0300] {processor.py:842} WARNING - No viable dags retrieved from /home/wal/.pyenv/versions/3.12.0/lib/python3.12/site-packages/airflow/example_dags/subdags/subdag.py
[2025-07-13T23:42:15.828+0300] {processor.py:183} INFO - Processing /home/wal/.pyenv/versions/3.12.0/lib/python3.12/site-packages/airflow/example_dags/subdags/subdag.py took 0.052 seconds
[2025-07-13T23:43:08.878+0300] {processor.py:161} INFO - Started process (PID=6705) to work on /home/wal/.pyenv/versions/3.12.0/lib/python3.12/site-packages/airflow/example_dags/subdags/subdag.py
[2025-07-13T23:43:08.884+0300] {processor.py:830} INFO - Processing file /home/wal/.pyenv/versions/3.12.0/lib/python3.12/site-packages/airflow/example_dags/subdags/subdag.py for tasks to queue
[2025-07-13T23:43:08.887+0300] {logging_mixin.py:188} INFO - [2025-07-13T23:43:08.887+0300] {dagbag.py:545} INFO - Filling up the DagBag from /home/wal/.pyenv/versions/3.12.0/lib/python3.12/site-packages/airflow/example_dags/subdags/subdag.py
[2025-07-13T23:43:08.891+0300] {processor.py:842} WARNING - No viable dags retrieved from /home/wal/.pyenv/versions/3.12.0/lib/python3.12/site-packages/airflow/example_dags/subdags/subdag.py
[2025-07-13T23:43:08.906+0300] {processor.py:183} INFO - Processing /home/wal/.pyenv/versions/3.12.0/lib/python3.12/site-packages/airflow/example_dags/subdags/subdag.py took 0.039 seconds
[2025-07-13T23:44:04.912+0300] {processor.py:161} INFO - Started process (PID=6755) to work on /home/wal/.pyenv/versions/3.12.0/lib/python3.12/site-packages/airflow/example_dags/subdags/subdag.py
[2025-07-13T23:44:04.914+0300] {processor.py:830} INFO - Processing file /home/wal/.pyenv/versions/3.12.0/lib/python3.12/site-packages/airflow/example_dags/subdags/subdag.py for tasks to queue
[2025-07-13T23:44:04.916+0300] {logging_mixin.py:188} INFO - [2025-07-13T23:44:04.916+0300] {dagbag.py:545} INFO - Filling up the DagBag from /home/wal/.pyenv/versions/3.12.0/lib/python3.12/site-packages/airflow/example_dags/subdags/subdag.py
[2025-07-13T23:44:04.918+0300] {processor.py:842} WARNING - No viable dags retrieved from /home/wal/.pyenv/versions/3.12.0/lib/python3.12/site-packages/airflow/example_dags/subdags/subdag.py
[2025-07-13T23:44:04.934+0300] {processor.py:183} INFO - Processing /home/wal/.pyenv/versions/3.12.0/lib/python3.12/site-packages/airflow/example_dags/subdags/subdag.py took 0.033 seconds
[2025-07-13T23:45:01.822+0300] {processor.py:161} INFO - Started process (PID=6807) to work on /home/wal/.pyenv/versions/3.12.0/lib/python3.12/site-packages/airflow/example_dags/subdags/subdag.py
[2025-07-13T23:45:01.829+0300] {processor.py:830} INFO - Processing file /home/wal/.pyenv/versions/3.12.0/lib/python3.12/site-packages/airflow/example_dags/subdags/subdag.py for tasks to queue
[2025-07-13T23:45:01.831+0300] {logging_mixin.py:188} INFO - [2025-07-13T23:45:01.831+0300] {dagbag.py:545} INFO - Filling up the DagBag from /home/wal/.pyenv/versions/3.12.0/lib/python3.12/site-packages/airflow/example_dags/subdags/subdag.py
[2025-07-13T23:45:01.834+0300] {processor.py:842} WARNING - No viable dags retrieved from /home/wal/.pyenv/versions/3.12.0/lib/python3.12/site-packages/airflow/example_dags/subdags/subdag.py
[2025-07-13T23:45:01.847+0300] {processor.py:183} INFO - Processing /home/wal/.pyenv/versions/3.12.0/lib/python3.12/site-packages/airflow/example_dags/subdags/subdag.py took 0.035 seconds
[2025-07-13T23:45:56.361+0300] {processor.py:161} INFO - Started process (PID=6861) to work on /home/wal/.pyenv/versions/3.12.0/lib/python3.12/site-packages/airflow/example_dags/subdags/subdag.py
[2025-07-13T23:45:56.364+0300] {processor.py:830} INFO - Processing file /home/wal/.pyenv/versions/3.12.0/lib/python3.12/site-packages/airflow/example_dags/subdags/subdag.py for tasks to queue
[2025-07-13T23:45:56.367+0300] {logging_mixin.py:188} INFO - [2025-07-13T23:45:56.366+0300] {dagbag.py:545} INFO - Filling up the DagBag from /home/wal/.pyenv/versions/3.12.0/lib/python3.12/site-packages/airflow/example_dags/subdags/subdag.py
[2025-07-13T23:45:56.370+0300] {processor.py:842} WARNING - No viable dags retrieved from /home/wal/.pyenv/versions/3.12.0/lib/python3.12/site-packages/airflow/example_dags/subdags/subdag.py
[2025-07-13T23:45:56.387+0300] {processor.py:183} INFO - Processing /home/wal/.pyenv/versions/3.12.0/lib/python3.12/site-packages/airflow/example_dags/subdags/subdag.py took 0.034 seconds
[2025-07-13T23:46:54.127+0300] {processor.py:161} INFO - Started process (PID=6912) to work on /home/wal/.pyenv/versions/3.12.0/lib/python3.12/site-packages/airflow/example_dags/subdags/subdag.py
[2025-07-13T23:46:54.133+0300] {processor.py:830} INFO - Processing file /home/wal/.pyenv/versions/3.12.0/lib/python3.12/site-packages/airflow/example_dags/subdags/subdag.py for tasks to queue
[2025-07-13T23:46:54.135+0300] {logging_mixin.py:188} INFO - [2025-07-13T23:46:54.135+0300] {dagbag.py:545} INFO - Filling up the DagBag from /home/wal/.pyenv/versions/3.12.0/lib/python3.12/site-packages/airflow/example_dags/subdags/subdag.py
[2025-07-13T23:46:54.139+0300] {processor.py:842} WARNING - No viable dags retrieved from /home/wal/.pyenv/versions/3.12.0/lib/python3.12/site-packages/airflow/example_dags/subdags/subdag.py
[2025-07-13T23:46:54.157+0300] {processor.py:183} INFO - Processing /home/wal/.pyenv/versions/3.12.0/lib/python3.12/site-packages/airflow/example_dags/subdags/subdag.py took 0.045 seconds
[2025-07-13T23:47:48.370+0300] {processor.py:161} INFO - Started process (PID=6962) to work on /home/wal/.pyenv/versions/3.12.0/lib/python3.12/site-packages/airflow/example_dags/subdags/subdag.py
[2025-07-13T23:47:48.377+0300] {processor.py:830} INFO - Processing file /home/wal/.pyenv/versions/3.12.0/lib/python3.12/site-packages/airflow/example_dags/subdags/subdag.py for tasks to queue
[2025-07-13T23:47:48.381+0300] {logging_mixin.py:188} INFO - [2025-07-13T23:47:48.380+0300] {dagbag.py:545} INFO - Filling up the DagBag from /home/wal/.pyenv/versions/3.12.0/lib/python3.12/site-packages/airflow/example_dags/subdags/subdag.py
[2025-07-13T23:47:48.385+0300] {processor.py:842} WARNING - No viable dags retrieved from /home/wal/.pyenv/versions/3.12.0/lib/python3.12/site-packages/airflow/example_dags/subdags/subdag.py
[2025-07-13T23:47:48.406+0300] {processor.py:183} INFO - Processing /home/wal/.pyenv/versions/3.12.0/lib/python3.12/site-packages/airflow/example_dags/subdags/subdag.py took 0.057 seconds
[2025-07-13T23:48:43.781+0300] {processor.py:161} INFO - Started process (PID=7011) to work on /home/wal/.pyenv/versions/3.12.0/lib/python3.12/site-packages/airflow/example_dags/subdags/subdag.py
[2025-07-13T23:48:43.787+0300] {processor.py:830} INFO - Processing file /home/wal/.pyenv/versions/3.12.0/lib/python3.12/site-packages/airflow/example_dags/subdags/subdag.py for tasks to queue
[2025-07-13T23:48:43.791+0300] {logging_mixin.py:188} INFO - [2025-07-13T23:48:43.790+0300] {dagbag.py:545} INFO - Filling up the DagBag from /home/wal/.pyenv/versions/3.12.0/lib/python3.12/site-packages/airflow/example_dags/subdags/subdag.py
[2025-07-13T23:48:43.794+0300] {processor.py:842} WARNING - No viable dags retrieved from /home/wal/.pyenv/versions/3.12.0/lib/python3.12/site-packages/airflow/example_dags/subdags/subdag.py
[2025-07-13T23:48:43.808+0300] {processor.py:183} INFO - Processing /home/wal/.pyenv/versions/3.12.0/lib/python3.12/site-packages/airflow/example_dags/subdags/subdag.py took 0.036 seconds
[2025-07-13T23:49:38.123+0300] {processor.py:161} INFO - Started process (PID=7061) to work on /home/wal/.pyenv/versions/3.12.0/lib/python3.12/site-packages/airflow/example_dags/subdags/subdag.py
[2025-07-13T23:49:38.126+0300] {processor.py:830} INFO - Processing file /home/wal/.pyenv/versions/3.12.0/lib/python3.12/site-packages/airflow/example_dags/subdags/subdag.py for tasks to queue
[2025-07-13T23:49:38.129+0300] {logging_mixin.py:188} INFO - [2025-07-13T23:49:38.128+0300] {dagbag.py:545} INFO - Filling up the DagBag from /home/wal/.pyenv/versions/3.12.0/lib/python3.12/site-packages/airflow/example_dags/subdags/subdag.py
[2025-07-13T23:49:38.132+0300] {processor.py:842} WARNING - No viable dags retrieved from /home/wal/.pyenv/versions/3.12.0/lib/python3.12/site-packages/airflow/example_dags/subdags/subdag.py
[2025-07-13T23:49:38.147+0300] {processor.py:183} INFO - Processing /home/wal/.pyenv/versions/3.12.0/lib/python3.12/site-packages/airflow/example_dags/subdags/subdag.py took 0.036 seconds
[2025-07-13T23:50:28.652+0300] {processor.py:161} INFO - Started process (PID=7109) to work on /home/wal/.pyenv/versions/3.12.0/lib/python3.12/site-packages/airflow/example_dags/subdags/subdag.py
[2025-07-13T23:50:28.661+0300] {processor.py:830} INFO - Processing file /home/wal/.pyenv/versions/3.12.0/lib/python3.12/site-packages/airflow/example_dags/subdags/subdag.py for tasks to queue
[2025-07-13T23:50:28.667+0300] {logging_mixin.py:188} INFO - [2025-07-13T23:50:28.665+0300] {dagbag.py:545} INFO - Filling up the DagBag from /home/wal/.pyenv/versions/3.12.0/lib/python3.12/site-packages/airflow/example_dags/subdags/subdag.py
[2025-07-13T23:50:28.679+0300] {processor.py:842} WARNING - No viable dags retrieved from /home/wal/.pyenv/versions/3.12.0/lib/python3.12/site-packages/airflow/example_dags/subdags/subdag.py
[2025-07-13T23:50:28.720+0300] {processor.py:183} INFO - Processing /home/wal/.pyenv/versions/3.12.0/lib/python3.12/site-packages/airflow/example_dags/subdags/subdag.py took 0.088 seconds
[2025-07-13T23:51:24.808+0300] {processor.py:161} INFO - Started process (PID=7159) to work on /home/wal/.pyenv/versions/3.12.0/lib/python3.12/site-packages/airflow/example_dags/subdags/subdag.py
[2025-07-13T23:51:24.810+0300] {processor.py:830} INFO - Processing file /home/wal/.pyenv/versions/3.12.0/lib/python3.12/site-packages/airflow/example_dags/subdags/subdag.py for tasks to queue
[2025-07-13T23:51:24.812+0300] {logging_mixin.py:188} INFO - [2025-07-13T23:51:24.811+0300] {dagbag.py:545} INFO - Filling up the DagBag from /home/wal/.pyenv/versions/3.12.0/lib/python3.12/site-packages/airflow/example_dags/subdags/subdag.py
[2025-07-13T23:51:24.814+0300] {processor.py:842} WARNING - No viable dags retrieved from /home/wal/.pyenv/versions/3.12.0/lib/python3.12/site-packages/airflow/example_dags/subdags/subdag.py
[2025-07-13T23:51:24.828+0300] {processor.py:183} INFO - Processing /home/wal/.pyenv/versions/3.12.0/lib/python3.12/site-packages/airflow/example_dags/subdags/subdag.py took 0.030 seconds
[2025-07-13T23:51:55.917+0300] {processor.py:161} INFO - Started process (PID=7186) to work on /home/wal/.pyenv/versions/3.12.0/lib/python3.12/site-packages/airflow/example_dags/subdags/subdag.py
[2025-07-13T23:51:55.922+0300] {processor.py:830} INFO - Processing file /home/wal/.pyenv/versions/3.12.0/lib/python3.12/site-packages/airflow/example_dags/subdags/subdag.py for tasks to queue
[2025-07-13T23:51:55.924+0300] {logging_mixin.py:188} INFO - [2025-07-13T23:51:55.924+0300] {dagbag.py:545} INFO - Filling up the DagBag from /home/wal/.pyenv/versions/3.12.0/lib/python3.12/site-packages/airflow/example_dags/subdags/subdag.py
[2025-07-13T23:51:55.928+0300] {processor.py:842} WARNING - No viable dags retrieved from /home/wal/.pyenv/versions/3.12.0/lib/python3.12/site-packages/airflow/example_dags/subdags/subdag.py
[2025-07-13T23:51:55.941+0300] {processor.py:183} INFO - Processing /home/wal/.pyenv/versions/3.12.0/lib/python3.12/site-packages/airflow/example_dags/subdags/subdag.py took 0.035 seconds
[2025-07-13T23:52:27.519+0300] {processor.py:161} INFO - Started process (PID=7214) to work on /home/wal/.pyenv/versions/3.12.0/lib/python3.12/site-packages/airflow/example_dags/subdags/subdag.py
[2025-07-13T23:52:27.522+0300] {processor.py:830} INFO - Processing file /home/wal/.pyenv/versions/3.12.0/lib/python3.12/site-packages/airflow/example_dags/subdags/subdag.py for tasks to queue
[2025-07-13T23:52:27.526+0300] {logging_mixin.py:188} INFO - [2025-07-13T23:52:27.525+0300] {dagbag.py:545} INFO - Filling up the DagBag from /home/wal/.pyenv/versions/3.12.0/lib/python3.12/site-packages/airflow/example_dags/subdags/subdag.py
[2025-07-13T23:52:27.528+0300] {processor.py:842} WARNING - No viable dags retrieved from /home/wal/.pyenv/versions/3.12.0/lib/python3.12/site-packages/airflow/example_dags/subdags/subdag.py
[2025-07-13T23:52:27.543+0300] {processor.py:183} INFO - Processing /home/wal/.pyenv/versions/3.12.0/lib/python3.12/site-packages/airflow/example_dags/subdags/subdag.py took 0.032 seconds
[2025-07-13T23:53:23.404+0300] {processor.py:161} INFO - Started process (PID=7265) to work on /home/wal/.pyenv/versions/3.12.0/lib/python3.12/site-packages/airflow/example_dags/subdags/subdag.py
[2025-07-13T23:53:23.411+0300] {processor.py:830} INFO - Processing file /home/wal/.pyenv/versions/3.12.0/lib/python3.12/site-packages/airflow/example_dags/subdags/subdag.py for tasks to queue
[2025-07-13T23:53:23.414+0300] {logging_mixin.py:188} INFO - [2025-07-13T23:53:23.413+0300] {dagbag.py:545} INFO - Filling up the DagBag from /home/wal/.pyenv/versions/3.12.0/lib/python3.12/site-packages/airflow/example_dags/subdags/subdag.py
[2025-07-13T23:53:23.417+0300] {processor.py:842} WARNING - No viable dags retrieved from /home/wal/.pyenv/versions/3.12.0/lib/python3.12/site-packages/airflow/example_dags/subdags/subdag.py
[2025-07-13T23:53:23.433+0300] {processor.py:183} INFO - Processing /home/wal/.pyenv/versions/3.12.0/lib/python3.12/site-packages/airflow/example_dags/subdags/subdag.py took 0.050 seconds
[2025-07-13T23:54:19.586+0300] {processor.py:161} INFO - Started process (PID=7317) to work on /home/wal/.pyenv/versions/3.12.0/lib/python3.12/site-packages/airflow/example_dags/subdags/subdag.py
[2025-07-13T23:54:19.588+0300] {processor.py:830} INFO - Processing file /home/wal/.pyenv/versions/3.12.0/lib/python3.12/site-packages/airflow/example_dags/subdags/subdag.py for tasks to queue
[2025-07-13T23:54:19.590+0300] {logging_mixin.py:188} INFO - [2025-07-13T23:54:19.590+0300] {dagbag.py:545} INFO - Filling up the DagBag from /home/wal/.pyenv/versions/3.12.0/lib/python3.12/site-packages/airflow/example_dags/subdags/subdag.py
[2025-07-13T23:54:19.593+0300] {processor.py:842} WARNING - No viable dags retrieved from /home/wal/.pyenv/versions/3.12.0/lib/python3.12/site-packages/airflow/example_dags/subdags/subdag.py
[2025-07-13T23:54:19.611+0300] {processor.py:183} INFO - Processing /home/wal/.pyenv/versions/3.12.0/lib/python3.12/site-packages/airflow/example_dags/subdags/subdag.py took 0.037 seconds
[2025-07-13T23:55:17.307+0300] {processor.py:161} INFO - Started process (PID=7370) to work on /home/wal/.pyenv/versions/3.12.0/lib/python3.12/site-packages/airflow/example_dags/subdags/subdag.py
[2025-07-13T23:55:17.314+0300] {processor.py:830} INFO - Processing file /home/wal/.pyenv/versions/3.12.0/lib/python3.12/site-packages/airflow/example_dags/subdags/subdag.py for tasks to queue
[2025-07-13T23:55:17.320+0300] {logging_mixin.py:188} INFO - [2025-07-13T23:55:17.319+0300] {dagbag.py:545} INFO - Filling up the DagBag from /home/wal/.pyenv/versions/3.12.0/lib/python3.12/site-packages/airflow/example_dags/subdags/subdag.py
[2025-07-13T23:55:17.324+0300] {processor.py:842} WARNING - No viable dags retrieved from /home/wal/.pyenv/versions/3.12.0/lib/python3.12/site-packages/airflow/example_dags/subdags/subdag.py
[2025-07-13T23:55:17.339+0300] {processor.py:183} INFO - Processing /home/wal/.pyenv/versions/3.12.0/lib/python3.12/site-packages/airflow/example_dags/subdags/subdag.py took 0.047 seconds
[2025-07-13T23:56:11.000+0300] {processor.py:161} INFO - Started process (PID=7420) to work on /home/wal/.pyenv/versions/3.12.0/lib/python3.12/site-packages/airflow/example_dags/subdags/subdag.py
[2025-07-13T23:56:11.007+0300] {processor.py:830} INFO - Processing file /home/wal/.pyenv/versions/3.12.0/lib/python3.12/site-packages/airflow/example_dags/subdags/subdag.py for tasks to queue
[2025-07-13T23:56:11.010+0300] {logging_mixin.py:188} INFO - [2025-07-13T23:56:11.009+0300] {dagbag.py:545} INFO - Filling up the DagBag from /home/wal/.pyenv/versions/3.12.0/lib/python3.12/site-packages/airflow/example_dags/subdags/subdag.py
[2025-07-13T23:56:11.012+0300] {processor.py:842} WARNING - No viable dags retrieved from /home/wal/.pyenv/versions/3.12.0/lib/python3.12/site-packages/airflow/example_dags/subdags/subdag.py
[2025-07-13T23:56:11.025+0300] {processor.py:183} INFO - Processing /home/wal/.pyenv/versions/3.12.0/lib/python3.12/site-packages/airflow/example_dags/subdags/subdag.py took 0.032 seconds
[2025-07-13T23:57:09.149+0300] {processor.py:161} INFO - Started process (PID=7471) to work on /home/wal/.pyenv/versions/3.12.0/lib/python3.12/site-packages/airflow/example_dags/subdags/subdag.py
[2025-07-13T23:57:09.151+0300] {processor.py:830} INFO - Processing file /home/wal/.pyenv/versions/3.12.0/lib/python3.12/site-packages/airflow/example_dags/subdags/subdag.py for tasks to queue
[2025-07-13T23:57:09.154+0300] {logging_mixin.py:188} INFO - [2025-07-13T23:57:09.153+0300] {dagbag.py:545} INFO - Filling up the DagBag from /home/wal/.pyenv/versions/3.12.0/lib/python3.12/site-packages/airflow/example_dags/subdags/subdag.py
[2025-07-13T23:57:09.159+0300] {processor.py:842} WARNING - No viable dags retrieved from /home/wal/.pyenv/versions/3.12.0/lib/python3.12/site-packages/airflow/example_dags/subdags/subdag.py
[2025-07-13T23:57:09.175+0300] {processor.py:183} INFO - Processing /home/wal/.pyenv/versions/3.12.0/lib/python3.12/site-packages/airflow/example_dags/subdags/subdag.py took 0.040 seconds
[2025-07-13T23:58:05.803+0300] {processor.py:161} INFO - Started process (PID=7523) to work on /home/wal/.pyenv/versions/3.12.0/lib/python3.12/site-packages/airflow/example_dags/subdags/subdag.py
[2025-07-13T23:58:05.809+0300] {processor.py:830} INFO - Processing file /home/wal/.pyenv/versions/3.12.0/lib/python3.12/site-packages/airflow/example_dags/subdags/subdag.py for tasks to queue
[2025-07-13T23:58:05.811+0300] {logging_mixin.py:188} INFO - [2025-07-13T23:58:05.811+0300] {dagbag.py:545} INFO - Filling up the DagBag from /home/wal/.pyenv/versions/3.12.0/lib/python3.12/site-packages/airflow/example_dags/subdags/subdag.py
[2025-07-13T23:58:05.814+0300] {processor.py:842} WARNING - No viable dags retrieved from /home/wal/.pyenv/versions/3.12.0/lib/python3.12/site-packages/airflow/example_dags/subdags/subdag.py
[2025-07-13T23:58:05.831+0300] {processor.py:183} INFO - Processing /home/wal/.pyenv/versions/3.12.0/lib/python3.12/site-packages/airflow/example_dags/subdags/subdag.py took 0.038 seconds
[2025-07-13T23:58:58.979+0300] {processor.py:161} INFO - Started process (PID=7571) to work on /home/wal/.pyenv/versions/3.12.0/lib/python3.12/site-packages/airflow/example_dags/subdags/subdag.py
[2025-07-13T23:58:58.985+0300] {processor.py:830} INFO - Processing file /home/wal/.pyenv/versions/3.12.0/lib/python3.12/site-packages/airflow/example_dags/subdags/subdag.py for tasks to queue
[2025-07-13T23:58:58.987+0300] {logging_mixin.py:188} INFO - [2025-07-13T23:58:58.986+0300] {dagbag.py:545} INFO - Filling up the DagBag from /home/wal/.pyenv/versions/3.12.0/lib/python3.12/site-packages/airflow/example_dags/subdags/subdag.py
[2025-07-13T23:58:58.990+0300] {processor.py:842} WARNING - No viable dags retrieved from /home/wal/.pyenv/versions/3.12.0/lib/python3.12/site-packages/airflow/example_dags/subdags/subdag.py
[2025-07-13T23:58:59.004+0300] {processor.py:183} INFO - Processing /home/wal/.pyenv/versions/3.12.0/lib/python3.12/site-packages/airflow/example_dags/subdags/subdag.py took 0.037 seconds
[2025-07-13T23:59:57.853+0300] {processor.py:161} INFO - Started process (PID=7625) to work on /home/wal/.pyenv/versions/3.12.0/lib/python3.12/site-packages/airflow/example_dags/subdags/subdag.py
[2025-07-13T23:59:57.855+0300] {processor.py:830} INFO - Processing file /home/wal/.pyenv/versions/3.12.0/lib/python3.12/site-packages/airflow/example_dags/subdags/subdag.py for tasks to queue
[2025-07-13T23:59:57.857+0300] {logging_mixin.py:188} INFO - [2025-07-13T23:59:57.857+0300] {dagbag.py:545} INFO - Filling up the DagBag from /home/wal/.pyenv/versions/3.12.0/lib/python3.12/site-packages/airflow/example_dags/subdags/subdag.py
[2025-07-13T23:59:57.861+0300] {processor.py:842} WARNING - No viable dags retrieved from /home/wal/.pyenv/versions/3.12.0/lib/python3.12/site-packages/airflow/example_dags/subdags/subdag.py
[2025-07-13T23:59:57.879+0300] {processor.py:183} INFO - Processing /home/wal/.pyenv/versions/3.12.0/lib/python3.12/site-packages/airflow/example_dags/subdags/subdag.py took 0.040 seconds
[2025-07-14T00:00:28.855+0300] {processor.py:161} INFO - Started process (PID=7669) to work on /home/wal/.pyenv/versions/3.12.0/lib/python3.12/site-packages/airflow/example_dags/subdags/subdag.py
[2025-07-14T00:00:28.856+0300] {processor.py:830} INFO - Processing file /home/wal/.pyenv/versions/3.12.0/lib/python3.12/site-packages/airflow/example_dags/subdags/subdag.py for tasks to queue
[2025-07-14T00:00:28.860+0300] {logging_mixin.py:188} INFO - [2025-07-14T00:00:28.859+0300] {dagbag.py:545} INFO - Filling up the DagBag from /home/wal/.pyenv/versions/3.12.0/lib/python3.12/site-packages/airflow/example_dags/subdags/subdag.py
[2025-07-14T00:00:28.864+0300] {processor.py:842} WARNING - No viable dags retrieved from /home/wal/.pyenv/versions/3.12.0/lib/python3.12/site-packages/airflow/example_dags/subdags/subdag.py
[2025-07-14T00:00:28.880+0300] {processor.py:183} INFO - Processing /home/wal/.pyenv/versions/3.12.0/lib/python3.12/site-packages/airflow/example_dags/subdags/subdag.py took 0.036 seconds
[2025-07-14T00:01:23.548+0300] {processor.py:161} INFO - Started process (PID=7718) to work on /home/wal/.pyenv/versions/3.12.0/lib/python3.12/site-packages/airflow/example_dags/subdags/subdag.py
[2025-07-14T00:01:23.554+0300] {processor.py:830} INFO - Processing file /home/wal/.pyenv/versions/3.12.0/lib/python3.12/site-packages/airflow/example_dags/subdags/subdag.py for tasks to queue
[2025-07-14T00:01:23.558+0300] {logging_mixin.py:188} INFO - [2025-07-14T00:01:23.557+0300] {dagbag.py:545} INFO - Filling up the DagBag from /home/wal/.pyenv/versions/3.12.0/lib/python3.12/site-packages/airflow/example_dags/subdags/subdag.py
[2025-07-14T00:01:23.561+0300] {processor.py:842} WARNING - No viable dags retrieved from /home/wal/.pyenv/versions/3.12.0/lib/python3.12/site-packages/airflow/example_dags/subdags/subdag.py
[2025-07-14T00:01:23.575+0300] {processor.py:183} INFO - Processing /home/wal/.pyenv/versions/3.12.0/lib/python3.12/site-packages/airflow/example_dags/subdags/subdag.py took 0.035 seconds
[2025-07-14T00:02:18.703+0300] {processor.py:161} INFO - Started process (PID=7769) to work on /home/wal/.pyenv/versions/3.12.0/lib/python3.12/site-packages/airflow/example_dags/subdags/subdag.py
[2025-07-14T00:02:18.709+0300] {processor.py:830} INFO - Processing file /home/wal/.pyenv/versions/3.12.0/lib/python3.12/site-packages/airflow/example_dags/subdags/subdag.py for tasks to queue
[2025-07-14T00:02:18.713+0300] {logging_mixin.py:188} INFO - [2025-07-14T00:02:18.712+0300] {dagbag.py:545} INFO - Filling up the DagBag from /home/wal/.pyenv/versions/3.12.0/lib/python3.12/site-packages/airflow/example_dags/subdags/subdag.py
[2025-07-14T00:02:18.717+0300] {processor.py:842} WARNING - No viable dags retrieved from /home/wal/.pyenv/versions/3.12.0/lib/python3.12/site-packages/airflow/example_dags/subdags/subdag.py
[2025-07-14T00:02:18.734+0300] {processor.py:183} INFO - Processing /home/wal/.pyenv/versions/3.12.0/lib/python3.12/site-packages/airflow/example_dags/subdags/subdag.py took 0.043 seconds
[2025-07-14T00:03:15.536+0300] {processor.py:161} INFO - Started process (PID=7822) to work on /home/wal/.pyenv/versions/3.12.0/lib/python3.12/site-packages/airflow/example_dags/subdags/subdag.py
[2025-07-14T00:03:15.542+0300] {processor.py:830} INFO - Processing file /home/wal/.pyenv/versions/3.12.0/lib/python3.12/site-packages/airflow/example_dags/subdags/subdag.py for tasks to queue
[2025-07-14T00:03:15.545+0300] {logging_mixin.py:188} INFO - [2025-07-14T00:03:15.544+0300] {dagbag.py:545} INFO - Filling up the DagBag from /home/wal/.pyenv/versions/3.12.0/lib/python3.12/site-packages/airflow/example_dags/subdags/subdag.py
[2025-07-14T00:03:15.549+0300] {processor.py:842} WARNING - No viable dags retrieved from /home/wal/.pyenv/versions/3.12.0/lib/python3.12/site-packages/airflow/example_dags/subdags/subdag.py
[2025-07-14T00:03:15.564+0300] {processor.py:183} INFO - Processing /home/wal/.pyenv/versions/3.12.0/lib/python3.12/site-packages/airflow/example_dags/subdags/subdag.py took 0.038 seconds
[2025-07-14T00:04:07.620+0300] {processor.py:161} INFO - Started process (PID=7869) to work on /home/wal/.pyenv/versions/3.12.0/lib/python3.12/site-packages/airflow/example_dags/subdags/subdag.py
[2025-07-14T00:04:07.627+0300] {processor.py:830} INFO - Processing file /home/wal/.pyenv/versions/3.12.0/lib/python3.12/site-packages/airflow/example_dags/subdags/subdag.py for tasks to queue
[2025-07-14T00:04:07.631+0300] {logging_mixin.py:188} INFO - [2025-07-14T00:04:07.630+0300] {dagbag.py:545} INFO - Filling up the DagBag from /home/wal/.pyenv/versions/3.12.0/lib/python3.12/site-packages/airflow/example_dags/subdags/subdag.py
[2025-07-14T00:04:07.633+0300] {processor.py:842} WARNING - No viable dags retrieved from /home/wal/.pyenv/versions/3.12.0/lib/python3.12/site-packages/airflow/example_dags/subdags/subdag.py
[2025-07-14T00:04:07.650+0300] {processor.py:183} INFO - Processing /home/wal/.pyenv/versions/3.12.0/lib/python3.12/site-packages/airflow/example_dags/subdags/subdag.py took 0.037 seconds
[2025-07-14T00:04:59.819+0300] {processor.py:161} INFO - Started process (PID=7917) to work on /home/wal/.pyenv/versions/3.12.0/lib/python3.12/site-packages/airflow/example_dags/subdags/subdag.py
[2025-07-14T00:04:59.825+0300] {processor.py:830} INFO - Processing file /home/wal/.pyenv/versions/3.12.0/lib/python3.12/site-packages/airflow/example_dags/subdags/subdag.py for tasks to queue
[2025-07-14T00:04:59.828+0300] {logging_mixin.py:188} INFO - [2025-07-14T00:04:59.827+0300] {dagbag.py:545} INFO - Filling up the DagBag from /home/wal/.pyenv/versions/3.12.0/lib/python3.12/site-packages/airflow/example_dags/subdags/subdag.py
[2025-07-14T00:04:59.832+0300] {processor.py:842} WARNING - No viable dags retrieved from /home/wal/.pyenv/versions/3.12.0/lib/python3.12/site-packages/airflow/example_dags/subdags/subdag.py
[2025-07-14T00:04:59.847+0300] {processor.py:183} INFO - Processing /home/wal/.pyenv/versions/3.12.0/lib/python3.12/site-packages/airflow/example_dags/subdags/subdag.py took 0.039 seconds
[2025-07-14T00:05:54.317+0300] {processor.py:161} INFO - Started process (PID=7972) to work on /home/wal/.pyenv/versions/3.12.0/lib/python3.12/site-packages/airflow/example_dags/subdags/subdag.py
[2025-07-14T00:05:54.320+0300] {processor.py:830} INFO - Processing file /home/wal/.pyenv/versions/3.12.0/lib/python3.12/site-packages/airflow/example_dags/subdags/subdag.py for tasks to queue
[2025-07-14T00:05:54.325+0300] {logging_mixin.py:188} INFO - [2025-07-14T00:05:54.324+0300] {dagbag.py:545} INFO - Filling up the DagBag from /home/wal/.pyenv/versions/3.12.0/lib/python3.12/site-packages/airflow/example_dags/subdags/subdag.py
[2025-07-14T00:05:54.328+0300] {processor.py:842} WARNING - No viable dags retrieved from /home/wal/.pyenv/versions/3.12.0/lib/python3.12/site-packages/airflow/example_dags/subdags/subdag.py
[2025-07-14T00:05:54.344+0300] {processor.py:183} INFO - Processing /home/wal/.pyenv/versions/3.12.0/lib/python3.12/site-packages/airflow/example_dags/subdags/subdag.py took 0.043 seconds
[2025-07-14T00:06:45.548+0300] {processor.py:161} INFO - Started process (PID=8021) to work on /home/wal/.pyenv/versions/3.12.0/lib/python3.12/site-packages/airflow/example_dags/subdags/subdag.py
[2025-07-14T00:06:45.550+0300] {processor.py:830} INFO - Processing file /home/wal/.pyenv/versions/3.12.0/lib/python3.12/site-packages/airflow/example_dags/subdags/subdag.py for tasks to queue
[2025-07-14T00:06:45.555+0300] {logging_mixin.py:188} INFO - [2025-07-14T00:06:45.553+0300] {dagbag.py:545} INFO - Filling up the DagBag from /home/wal/.pyenv/versions/3.12.0/lib/python3.12/site-packages/airflow/example_dags/subdags/subdag.py
[2025-07-14T00:06:45.558+0300] {processor.py:842} WARNING - No viable dags retrieved from /home/wal/.pyenv/versions/3.12.0/lib/python3.12/site-packages/airflow/example_dags/subdags/subdag.py
[2025-07-14T00:06:45.575+0300] {processor.py:183} INFO - Processing /home/wal/.pyenv/versions/3.12.0/lib/python3.12/site-packages/airflow/example_dags/subdags/subdag.py took 0.036 seconds
[2025-07-14T00:07:43.730+0300] {processor.py:161} INFO - Started process (PID=8070) to work on /home/wal/.pyenv/versions/3.12.0/lib/python3.12/site-packages/airflow/example_dags/subdags/subdag.py
[2025-07-14T00:07:43.737+0300] {processor.py:830} INFO - Processing file /home/wal/.pyenv/versions/3.12.0/lib/python3.12/site-packages/airflow/example_dags/subdags/subdag.py for tasks to queue
[2025-07-14T00:07:43.739+0300] {logging_mixin.py:188} INFO - [2025-07-14T00:07:43.739+0300] {dagbag.py:545} INFO - Filling up the DagBag from /home/wal/.pyenv/versions/3.12.0/lib/python3.12/site-packages/airflow/example_dags/subdags/subdag.py
[2025-07-14T00:07:43.742+0300] {processor.py:842} WARNING - No viable dags retrieved from /home/wal/.pyenv/versions/3.12.0/lib/python3.12/site-packages/airflow/example_dags/subdags/subdag.py
[2025-07-14T00:07:43.757+0300] {processor.py:183} INFO - Processing /home/wal/.pyenv/versions/3.12.0/lib/python3.12/site-packages/airflow/example_dags/subdags/subdag.py took 0.037 seconds
[2025-07-14T00:08:19.302+0300] {processor.py:161} INFO - Started process (PID=8102) to work on /home/wal/.pyenv/versions/3.12.0/lib/python3.12/site-packages/airflow/example_dags/subdags/subdag.py
[2025-07-14T00:08:19.811+0300] {processor.py:830} INFO - Processing file /home/wal/.pyenv/versions/3.12.0/lib/python3.12/site-packages/airflow/example_dags/subdags/subdag.py for tasks to queue
[2025-07-14T00:08:19.817+0300] {logging_mixin.py:188} INFO - [2025-07-14T00:08:19.816+0300] {dagbag.py:545} INFO - Filling up the DagBag from /home/wal/.pyenv/versions/3.12.0/lib/python3.12/site-packages/airflow/example_dags/subdags/subdag.py
[2025-07-14T00:08:19.832+0300] {processor.py:842} WARNING - No viable dags retrieved from /home/wal/.pyenv/versions/3.12.0/lib/python3.12/site-packages/airflow/example_dags/subdags/subdag.py
[2025-07-14T00:08:19.922+0300] {processor.py:183} INFO - Processing /home/wal/.pyenv/versions/3.12.0/lib/python3.12/site-packages/airflow/example_dags/subdags/subdag.py took 0.665 seconds
