[2025-07-13T22:56:24.748+0300] {processor.py:161} INFO - Started process (PID=4036) to work on /home/wal/.pyenv/versions/3.12.0/lib/python3.12/site-packages/airflow/example_dags/example_branch_labels.py
[2025-07-13T22:56:24.749+0300] {processor.py:830} INFO - Processing file /home/wal/.pyenv/versions/3.12.0/lib/python3.12/site-packages/airflow/example_dags/example_branch_labels.py for tasks to queue
[2025-07-13T22:56:24.752+0300] {logging_mixin.py:188} INFO - [2025-07-13T22:56:24.751+0300] {dagbag.py:545} INFO - Filling up the DagBag from /home/wal/.pyenv/versions/3.12.0/lib/python3.12/site-packages/airflow/example_dags/example_branch_labels.py
[2025-07-13T22:56:24.763+0300] {processor.py:840} INFO - DAG(s) 'example_branch_labels' retrieved from /home/wal/.pyenv/versions/3.12.0/lib/python3.12/site-packages/airflow/example_dags/example_branch_labels.py
[2025-07-13T22:56:24.782+0300] {logging_mixin.py:188} INFO - [2025-07-13T22:56:24.782+0300] {dag.py:3096} INFO - Sync 1 DAGs
[2025-07-13T22:56:24.809+0300] {logging_mixin.py:188} INFO - [2025-07-13T22:56:24.809+0300] {dag.py:3954} INFO - Setting next_dagrun for example_branch_labels to 2025-07-12 00:00:00+00:00, run_after=2025-07-13 00:00:00+00:00
[2025-07-13T22:56:24.847+0300] {processor.py:183} INFO - Processing /home/wal/.pyenv/versions/3.12.0/lib/python3.12/site-packages/airflow/example_dags/example_branch_labels.py took 0.106 seconds
[2025-07-13T22:57:20.896+0300] {processor.py:161} INFO - Started process (PID=4175) to work on /home/wal/.pyenv/versions/3.12.0/lib/python3.12/site-packages/airflow/example_dags/example_branch_labels.py
[2025-07-13T22:57:20.898+0300] {processor.py:830} INFO - Processing file /home/wal/.pyenv/versions/3.12.0/lib/python3.12/site-packages/airflow/example_dags/example_branch_labels.py for tasks to queue
[2025-07-13T22:57:20.901+0300] {logging_mixin.py:188} INFO - [2025-07-13T22:57:20.900+0300] {dagbag.py:545} INFO - Filling up the DagBag from /home/wal/.pyenv/versions/3.12.0/lib/python3.12/site-packages/airflow/example_dags/example_branch_labels.py
[2025-07-13T22:57:20.911+0300] {processor.py:840} INFO - DAG(s) 'example_branch_labels' retrieved from /home/wal/.pyenv/versions/3.12.0/lib/python3.12/site-packages/airflow/example_dags/example_branch_labels.py
[2025-07-13T22:57:20.928+0300] {logging_mixin.py:188} INFO - [2025-07-13T22:57:20.928+0300] {dag.py:3096} INFO - Sync 1 DAGs
[2025-07-13T22:57:20.954+0300] {logging_mixin.py:188} INFO - [2025-07-13T22:57:20.954+0300] {dag.py:3954} INFO - Setting next_dagrun for example_branch_labels to 2025-07-12 00:00:00+00:00, run_after=2025-07-13 00:00:00+00:00
[2025-07-13T22:57:20.979+0300] {processor.py:183} INFO - Processing /home/wal/.pyenv/versions/3.12.0/lib/python3.12/site-packages/airflow/example_dags/example_branch_labels.py took 0.089 seconds
[2025-07-13T22:58:17.376+0300] {processor.py:161} INFO - Started process (PID=4285) to work on /home/wal/.pyenv/versions/3.12.0/lib/python3.12/site-packages/airflow/example_dags/example_branch_labels.py
[2025-07-13T22:58:17.382+0300] {processor.py:830} INFO - Processing file /home/wal/.pyenv/versions/3.12.0/lib/python3.12/site-packages/airflow/example_dags/example_branch_labels.py for tasks to queue
[2025-07-13T22:58:17.384+0300] {logging_mixin.py:188} INFO - [2025-07-13T22:58:17.384+0300] {dagbag.py:545} INFO - Filling up the DagBag from /home/wal/.pyenv/versions/3.12.0/lib/python3.12/site-packages/airflow/example_dags/example_branch_labels.py
[2025-07-13T22:58:17.394+0300] {processor.py:840} INFO - DAG(s) 'example_branch_labels' retrieved from /home/wal/.pyenv/versions/3.12.0/lib/python3.12/site-packages/airflow/example_dags/example_branch_labels.py
[2025-07-13T22:58:17.415+0300] {logging_mixin.py:188} INFO - [2025-07-13T22:58:17.415+0300] {dag.py:3096} INFO - Sync 1 DAGs
[2025-07-13T22:58:17.438+0300] {logging_mixin.py:188} INFO - [2025-07-13T22:58:17.437+0300] {dag.py:3954} INFO - Setting next_dagrun for example_branch_labels to 2025-07-12 00:00:00+00:00, run_after=2025-07-13 00:00:00+00:00
[2025-07-13T22:58:17.465+0300] {processor.py:183} INFO - Processing /home/wal/.pyenv/versions/3.12.0/lib/python3.12/site-packages/airflow/example_dags/example_branch_labels.py took 0.099 seconds
[2025-07-13T23:00:03.525+0300] {processor.py:161} INFO - Started process (PID=4543) to work on /home/wal/.pyenv/versions/3.12.0/lib/python3.12/site-packages/airflow/example_dags/example_branch_labels.py
[2025-07-13T23:00:03.527+0300] {processor.py:830} INFO - Processing file /home/wal/.pyenv/versions/3.12.0/lib/python3.12/site-packages/airflow/example_dags/example_branch_labels.py for tasks to queue
[2025-07-13T23:00:03.532+0300] {logging_mixin.py:188} INFO - [2025-07-13T23:00:03.531+0300] {dagbag.py:545} INFO - Filling up the DagBag from /home/wal/.pyenv/versions/3.12.0/lib/python3.12/site-packages/airflow/example_dags/example_branch_labels.py
[2025-07-13T23:00:03.554+0300] {processor.py:840} INFO - DAG(s) 'example_branch_labels' retrieved from /home/wal/.pyenv/versions/3.12.0/lib/python3.12/site-packages/airflow/example_dags/example_branch_labels.py
[2025-07-13T23:00:03.773+0300] {logging_mixin.py:188} INFO - [2025-07-13T23:00:03.772+0300] {dag.py:3096} INFO - Sync 1 DAGs
[2025-07-13T23:00:03.838+0300] {logging_mixin.py:188} INFO - [2025-07-13T23:00:03.838+0300] {dag.py:3954} INFO - Setting next_dagrun for example_branch_labels to 2025-07-12 00:00:00+00:00, run_after=2025-07-13 00:00:00+00:00
[2025-07-13T23:00:03.875+0300] {processor.py:183} INFO - Processing /home/wal/.pyenv/versions/3.12.0/lib/python3.12/site-packages/airflow/example_dags/example_branch_labels.py took 0.365 seconds
[2025-07-13T23:01:43.273+0300] {processor.py:161} INFO - Started process (PID=4612) to work on /home/wal/.pyenv/versions/3.12.0/lib/python3.12/site-packages/airflow/example_dags/example_branch_labels.py
[2025-07-13T23:01:43.277+0300] {processor.py:830} INFO - Processing file /home/wal/.pyenv/versions/3.12.0/lib/python3.12/site-packages/airflow/example_dags/example_branch_labels.py for tasks to queue
[2025-07-13T23:01:43.296+0300] {logging_mixin.py:188} INFO - [2025-07-13T23:01:43.292+0300] {dagbag.py:545} INFO - Filling up the DagBag from /home/wal/.pyenv/versions/3.12.0/lib/python3.12/site-packages/airflow/example_dags/example_branch_labels.py
[2025-07-13T23:01:43.368+0300] {processor.py:840} INFO - DAG(s) 'example_branch_labels' retrieved from /home/wal/.pyenv/versions/3.12.0/lib/python3.12/site-packages/airflow/example_dags/example_branch_labels.py
[2025-07-13T23:01:43.494+0300] {logging_mixin.py:188} INFO - [2025-07-13T23:01:43.491+0300] {dag.py:3096} INFO - Sync 1 DAGs
[2025-07-13T23:01:43.735+0300] {logging_mixin.py:188} INFO - [2025-07-13T23:01:43.734+0300] {dag.py:3954} INFO - Setting next_dagrun for example_branch_labels to 2025-07-12 00:00:00+00:00, run_after=2025-07-13 00:00:00+00:00
[2025-07-13T23:01:43.958+0300] {processor.py:183} INFO - Processing /home/wal/.pyenv/versions/3.12.0/lib/python3.12/site-packages/airflow/example_dags/example_branch_labels.py took 0.740 seconds
[2025-07-13T23:03:26.556+0300] {processor.py:161} INFO - Started process (PID=4682) to work on /home/wal/.pyenv/versions/3.12.0/lib/python3.12/site-packages/airflow/example_dags/example_branch_labels.py
[2025-07-13T23:03:26.559+0300] {processor.py:830} INFO - Processing file /home/wal/.pyenv/versions/3.12.0/lib/python3.12/site-packages/airflow/example_dags/example_branch_labels.py for tasks to queue
[2025-07-13T23:03:26.565+0300] {logging_mixin.py:188} INFO - [2025-07-13T23:03:26.564+0300] {dagbag.py:545} INFO - Filling up the DagBag from /home/wal/.pyenv/versions/3.12.0/lib/python3.12/site-packages/airflow/example_dags/example_branch_labels.py
[2025-07-13T23:03:26.592+0300] {processor.py:840} INFO - DAG(s) 'example_branch_labels' retrieved from /home/wal/.pyenv/versions/3.12.0/lib/python3.12/site-packages/airflow/example_dags/example_branch_labels.py
[2025-07-13T23:03:26.639+0300] {logging_mixin.py:188} INFO - [2025-07-13T23:03:26.639+0300] {dag.py:3096} INFO - Sync 1 DAGs
[2025-07-13T23:03:26.690+0300] {logging_mixin.py:188} INFO - [2025-07-13T23:03:26.690+0300] {dag.py:3954} INFO - Setting next_dagrun for example_branch_labels to 2025-07-12 00:00:00+00:00, run_after=2025-07-13 00:00:00+00:00
[2025-07-13T23:03:26.736+0300] {processor.py:183} INFO - Processing /home/wal/.pyenv/versions/3.12.0/lib/python3.12/site-packages/airflow/example_dags/example_branch_labels.py took 0.195 seconds
[2025-07-13T23:04:40.319+0300] {processor.py:161} INFO - Started process (PID=4742) to work on /home/wal/.pyenv/versions/3.12.0/lib/python3.12/site-packages/airflow/example_dags/example_branch_labels.py
[2025-07-13T23:04:40.325+0300] {processor.py:830} INFO - Processing file /home/wal/.pyenv/versions/3.12.0/lib/python3.12/site-packages/airflow/example_dags/example_branch_labels.py for tasks to queue
[2025-07-13T23:04:40.328+0300] {logging_mixin.py:188} INFO - [2025-07-13T23:04:40.327+0300] {dagbag.py:545} INFO - Filling up the DagBag from /home/wal/.pyenv/versions/3.12.0/lib/python3.12/site-packages/airflow/example_dags/example_branch_labels.py
[2025-07-13T23:04:40.339+0300] {processor.py:840} INFO - DAG(s) 'example_branch_labels' retrieved from /home/wal/.pyenv/versions/3.12.0/lib/python3.12/site-packages/airflow/example_dags/example_branch_labels.py
[2025-07-13T23:04:40.365+0300] {logging_mixin.py:188} INFO - [2025-07-13T23:04:40.365+0300] {dag.py:3096} INFO - Sync 1 DAGs
[2025-07-13T23:04:40.399+0300] {logging_mixin.py:188} INFO - [2025-07-13T23:04:40.398+0300] {dag.py:3954} INFO - Setting next_dagrun for example_branch_labels to 2025-07-12 00:00:00+00:00, run_after=2025-07-13 00:00:00+00:00
[2025-07-13T23:04:40.433+0300] {processor.py:183} INFO - Processing /home/wal/.pyenv/versions/3.12.0/lib/python3.12/site-packages/airflow/example_dags/example_branch_labels.py took 0.124 seconds
[2025-07-13T23:06:05.083+0300] {processor.py:161} INFO - Started process (PID=4809) to work on /home/wal/.pyenv/versions/3.12.0/lib/python3.12/site-packages/airflow/example_dags/example_branch_labels.py
[2025-07-13T23:06:05.088+0300] {processor.py:830} INFO - Processing file /home/wal/.pyenv/versions/3.12.0/lib/python3.12/site-packages/airflow/example_dags/example_branch_labels.py for tasks to queue
[2025-07-13T23:06:05.105+0300] {logging_mixin.py:188} INFO - [2025-07-13T23:06:05.104+0300] {dagbag.py:545} INFO - Filling up the DagBag from /home/wal/.pyenv/versions/3.12.0/lib/python3.12/site-packages/airflow/example_dags/example_branch_labels.py
[2025-07-13T23:06:05.182+0300] {processor.py:840} INFO - DAG(s) 'example_branch_labels' retrieved from /home/wal/.pyenv/versions/3.12.0/lib/python3.12/site-packages/airflow/example_dags/example_branch_labels.py
[2025-07-13T23:06:05.352+0300] {logging_mixin.py:188} INFO - [2025-07-13T23:06:05.351+0300] {dag.py:3096} INFO - Sync 1 DAGs
[2025-07-13T23:06:05.571+0300] {logging_mixin.py:188} INFO - [2025-07-13T23:06:05.570+0300] {dag.py:3954} INFO - Setting next_dagrun for example_branch_labels to 2025-07-12 00:00:00+00:00, run_after=2025-07-13 00:00:00+00:00
[2025-07-13T23:06:05.736+0300] {processor.py:183} INFO - Processing /home/wal/.pyenv/versions/3.12.0/lib/python3.12/site-packages/airflow/example_dags/example_branch_labels.py took 0.709 seconds
[2025-07-13T23:07:38.986+0300] {processor.py:161} INFO - Started process (PID=4877) to work on /home/wal/.pyenv/versions/3.12.0/lib/python3.12/site-packages/airflow/example_dags/example_branch_labels.py
[2025-07-13T23:07:38.992+0300] {processor.py:830} INFO - Processing file /home/wal/.pyenv/versions/3.12.0/lib/python3.12/site-packages/airflow/example_dags/example_branch_labels.py for tasks to queue
[2025-07-13T23:07:39.013+0300] {logging_mixin.py:188} INFO - [2025-07-13T23:07:39.006+0300] {dagbag.py:545} INFO - Filling up the DagBag from /home/wal/.pyenv/versions/3.12.0/lib/python3.12/site-packages/airflow/example_dags/example_branch_labels.py
[2025-07-13T23:07:39.060+0300] {processor.py:840} INFO - DAG(s) 'example_branch_labels' retrieved from /home/wal/.pyenv/versions/3.12.0/lib/python3.12/site-packages/airflow/example_dags/example_branch_labels.py
[2025-07-13T23:07:39.155+0300] {logging_mixin.py:188} INFO - [2025-07-13T23:07:39.154+0300] {dag.py:3096} INFO - Sync 1 DAGs
[2025-07-13T23:07:39.292+0300] {logging_mixin.py:188} INFO - [2025-07-13T23:07:39.292+0300] {dag.py:3954} INFO - Setting next_dagrun for example_branch_labels to 2025-07-12 00:00:00+00:00, run_after=2025-07-13 00:00:00+00:00
[2025-07-13T23:07:39.360+0300] {processor.py:183} INFO - Processing /home/wal/.pyenv/versions/3.12.0/lib/python3.12/site-packages/airflow/example_dags/example_branch_labels.py took 0.411 seconds
[2025-07-13T23:08:40.312+0300] {processor.py:161} INFO - Started process (PID=4930) to work on /home/wal/.pyenv/versions/3.12.0/lib/python3.12/site-packages/airflow/example_dags/example_branch_labels.py
[2025-07-13T23:08:40.314+0300] {processor.py:830} INFO - Processing file /home/wal/.pyenv/versions/3.12.0/lib/python3.12/site-packages/airflow/example_dags/example_branch_labels.py for tasks to queue
[2025-07-13T23:08:40.316+0300] {logging_mixin.py:188} INFO - [2025-07-13T23:08:40.316+0300] {dagbag.py:545} INFO - Filling up the DagBag from /home/wal/.pyenv/versions/3.12.0/lib/python3.12/site-packages/airflow/example_dags/example_branch_labels.py
[2025-07-13T23:08:40.326+0300] {processor.py:840} INFO - DAG(s) 'example_branch_labels' retrieved from /home/wal/.pyenv/versions/3.12.0/lib/python3.12/site-packages/airflow/example_dags/example_branch_labels.py
[2025-07-13T23:08:40.347+0300] {logging_mixin.py:188} INFO - [2025-07-13T23:08:40.346+0300] {dag.py:3096} INFO - Sync 1 DAGs
[2025-07-13T23:08:40.376+0300] {logging_mixin.py:188} INFO - [2025-07-13T23:08:40.376+0300] {dag.py:3954} INFO - Setting next_dagrun for example_branch_labels to 2025-07-12 00:00:00+00:00, run_after=2025-07-13 00:00:00+00:00
[2025-07-13T23:08:40.408+0300] {processor.py:183} INFO - Processing /home/wal/.pyenv/versions/3.12.0/lib/python3.12/site-packages/airflow/example_dags/example_branch_labels.py took 0.104 seconds
[2025-07-13T23:09:44.560+0300] {processor.py:161} INFO - Started process (PID=4985) to work on /home/wal/.pyenv/versions/3.12.0/lib/python3.12/site-packages/airflow/example_dags/example_branch_labels.py
[2025-07-13T23:09:44.567+0300] {processor.py:830} INFO - Processing file /home/wal/.pyenv/versions/3.12.0/lib/python3.12/site-packages/airflow/example_dags/example_branch_labels.py for tasks to queue
[2025-07-13T23:09:44.569+0300] {logging_mixin.py:188} INFO - [2025-07-13T23:09:44.569+0300] {dagbag.py:545} INFO - Filling up the DagBag from /home/wal/.pyenv/versions/3.12.0/lib/python3.12/site-packages/airflow/example_dags/example_branch_labels.py
[2025-07-13T23:09:44.581+0300] {processor.py:840} INFO - DAG(s) 'example_branch_labels' retrieved from /home/wal/.pyenv/versions/3.12.0/lib/python3.12/site-packages/airflow/example_dags/example_branch_labels.py
[2025-07-13T23:09:44.603+0300] {logging_mixin.py:188} INFO - [2025-07-13T23:09:44.602+0300] {dag.py:3096} INFO - Sync 1 DAGs
[2025-07-13T23:09:44.635+0300] {logging_mixin.py:188} INFO - [2025-07-13T23:09:44.634+0300] {dag.py:3954} INFO - Setting next_dagrun for example_branch_labels to 2025-07-12 00:00:00+00:00, run_after=2025-07-13 00:00:00+00:00
[2025-07-13T23:09:44.669+0300] {processor.py:183} INFO - Processing /home/wal/.pyenv/versions/3.12.0/lib/python3.12/site-packages/airflow/example_dags/example_branch_labels.py took 0.117 seconds
[2025-07-13T23:10:48.774+0300] {processor.py:161} INFO - Started process (PID=5040) to work on /home/wal/.pyenv/versions/3.12.0/lib/python3.12/site-packages/airflow/example_dags/example_branch_labels.py
[2025-07-13T23:10:48.776+0300] {processor.py:830} INFO - Processing file /home/wal/.pyenv/versions/3.12.0/lib/python3.12/site-packages/airflow/example_dags/example_branch_labels.py for tasks to queue
[2025-07-13T23:10:48.778+0300] {logging_mixin.py:188} INFO - [2025-07-13T23:10:48.778+0300] {dagbag.py:545} INFO - Filling up the DagBag from /home/wal/.pyenv/versions/3.12.0/lib/python3.12/site-packages/airflow/example_dags/example_branch_labels.py
[2025-07-13T23:10:48.791+0300] {processor.py:840} INFO - DAG(s) 'example_branch_labels' retrieved from /home/wal/.pyenv/versions/3.12.0/lib/python3.12/site-packages/airflow/example_dags/example_branch_labels.py
[2025-07-13T23:10:48.823+0300] {logging_mixin.py:188} INFO - [2025-07-13T23:10:48.822+0300] {dag.py:3096} INFO - Sync 1 DAGs
[2025-07-13T23:10:48.867+0300] {logging_mixin.py:188} INFO - [2025-07-13T23:10:48.867+0300] {dag.py:3954} INFO - Setting next_dagrun for example_branch_labels to 2025-07-12 00:00:00+00:00, run_after=2025-07-13 00:00:00+00:00
[2025-07-13T23:10:48.906+0300] {processor.py:183} INFO - Processing /home/wal/.pyenv/versions/3.12.0/lib/python3.12/site-packages/airflow/example_dags/example_branch_labels.py took 0.142 seconds
[2025-07-13T23:11:46.369+0300] {processor.py:161} INFO - Started process (PID=5092) to work on /home/wal/.pyenv/versions/3.12.0/lib/python3.12/site-packages/airflow/example_dags/example_branch_labels.py
[2025-07-13T23:11:46.371+0300] {processor.py:830} INFO - Processing file /home/wal/.pyenv/versions/3.12.0/lib/python3.12/site-packages/airflow/example_dags/example_branch_labels.py for tasks to queue
[2025-07-13T23:11:46.373+0300] {logging_mixin.py:188} INFO - [2025-07-13T23:11:46.372+0300] {dagbag.py:545} INFO - Filling up the DagBag from /home/wal/.pyenv/versions/3.12.0/lib/python3.12/site-packages/airflow/example_dags/example_branch_labels.py
[2025-07-13T23:11:46.385+0300] {processor.py:840} INFO - DAG(s) 'example_branch_labels' retrieved from /home/wal/.pyenv/versions/3.12.0/lib/python3.12/site-packages/airflow/example_dags/example_branch_labels.py
[2025-07-13T23:11:46.411+0300] {logging_mixin.py:188} INFO - [2025-07-13T23:11:46.411+0300] {dag.py:3096} INFO - Sync 1 DAGs
[2025-07-13T23:11:46.437+0300] {logging_mixin.py:188} INFO - [2025-07-13T23:11:46.437+0300] {dag.py:3954} INFO - Setting next_dagrun for example_branch_labels to 2025-07-12 00:00:00+00:00, run_after=2025-07-13 00:00:00+00:00
[2025-07-13T23:11:46.469+0300] {processor.py:183} INFO - Processing /home/wal/.pyenv/versions/3.12.0/lib/python3.12/site-packages/airflow/example_dags/example_branch_labels.py took 0.109 seconds
[2025-07-13T23:12:47.330+0300] {processor.py:161} INFO - Started process (PID=5148) to work on /home/wal/.pyenv/versions/3.12.0/lib/python3.12/site-packages/airflow/example_dags/example_branch_labels.py
[2025-07-13T23:12:47.336+0300] {processor.py:830} INFO - Processing file /home/wal/.pyenv/versions/3.12.0/lib/python3.12/site-packages/airflow/example_dags/example_branch_labels.py for tasks to queue
[2025-07-13T23:12:47.339+0300] {logging_mixin.py:188} INFO - [2025-07-13T23:12:47.338+0300] {dagbag.py:545} INFO - Filling up the DagBag from /home/wal/.pyenv/versions/3.12.0/lib/python3.12/site-packages/airflow/example_dags/example_branch_labels.py
[2025-07-13T23:12:47.349+0300] {processor.py:840} INFO - DAG(s) 'example_branch_labels' retrieved from /home/wal/.pyenv/versions/3.12.0/lib/python3.12/site-packages/airflow/example_dags/example_branch_labels.py
[2025-07-13T23:12:47.374+0300] {logging_mixin.py:188} INFO - [2025-07-13T23:12:47.373+0300] {dag.py:3096} INFO - Sync 1 DAGs
[2025-07-13T23:12:47.412+0300] {logging_mixin.py:188} INFO - [2025-07-13T23:12:47.411+0300] {dag.py:3954} INFO - Setting next_dagrun for example_branch_labels to 2025-07-12 00:00:00+00:00, run_after=2025-07-13 00:00:00+00:00
[2025-07-13T23:12:47.462+0300] {processor.py:183} INFO - Processing /home/wal/.pyenv/versions/3.12.0/lib/python3.12/site-packages/airflow/example_dags/example_branch_labels.py took 0.139 seconds
[2025-07-13T23:13:53.732+0300] {processor.py:161} INFO - Started process (PID=5206) to work on /home/wal/.pyenv/versions/3.12.0/lib/python3.12/site-packages/airflow/example_dags/example_branch_labels.py
[2025-07-13T23:13:53.734+0300] {processor.py:830} INFO - Processing file /home/wal/.pyenv/versions/3.12.0/lib/python3.12/site-packages/airflow/example_dags/example_branch_labels.py for tasks to queue
[2025-07-13T23:13:53.738+0300] {logging_mixin.py:188} INFO - [2025-07-13T23:13:53.737+0300] {dagbag.py:545} INFO - Filling up the DagBag from /home/wal/.pyenv/versions/3.12.0/lib/python3.12/site-packages/airflow/example_dags/example_branch_labels.py
[2025-07-13T23:13:53.757+0300] {processor.py:840} INFO - DAG(s) 'example_branch_labels' retrieved from /home/wal/.pyenv/versions/3.12.0/lib/python3.12/site-packages/airflow/example_dags/example_branch_labels.py
[2025-07-13T23:13:53.789+0300] {logging_mixin.py:188} INFO - [2025-07-13T23:13:53.789+0300] {dag.py:3096} INFO - Sync 1 DAGs
[2025-07-13T23:13:53.826+0300] {logging_mixin.py:188} INFO - [2025-07-13T23:13:53.825+0300] {dag.py:3954} INFO - Setting next_dagrun for example_branch_labels to 2025-07-12 00:00:00+00:00, run_after=2025-07-13 00:00:00+00:00
[2025-07-13T23:13:53.864+0300] {processor.py:183} INFO - Processing /home/wal/.pyenv/versions/3.12.0/lib/python3.12/site-packages/airflow/example_dags/example_branch_labels.py took 0.144 seconds
[2025-07-13T23:14:48.975+0300] {processor.py:161} INFO - Started process (PID=5272) to work on /home/wal/.pyenv/versions/3.12.0/lib/python3.12/site-packages/airflow/example_dags/example_branch_labels.py
[2025-07-13T23:14:48.981+0300] {processor.py:830} INFO - Processing file /home/wal/.pyenv/versions/3.12.0/lib/python3.12/site-packages/airflow/example_dags/example_branch_labels.py for tasks to queue
[2025-07-13T23:14:48.983+0300] {logging_mixin.py:188} INFO - [2025-07-13T23:14:48.983+0300] {dagbag.py:545} INFO - Filling up the DagBag from /home/wal/.pyenv/versions/3.12.0/lib/python3.12/site-packages/airflow/example_dags/example_branch_labels.py
[2025-07-13T23:14:48.992+0300] {processor.py:840} INFO - DAG(s) 'example_branch_labels' retrieved from /home/wal/.pyenv/versions/3.12.0/lib/python3.12/site-packages/airflow/example_dags/example_branch_labels.py
[2025-07-13T23:14:49.013+0300] {logging_mixin.py:188} INFO - [2025-07-13T23:14:49.013+0300] {dag.py:3096} INFO - Sync 1 DAGs
[2025-07-13T23:14:49.039+0300] {logging_mixin.py:188} INFO - [2025-07-13T23:14:49.038+0300] {dag.py:3954} INFO - Setting next_dagrun for example_branch_labels to 2025-07-12 00:00:00+00:00, run_after=2025-07-13 00:00:00+00:00
[2025-07-13T23:14:49.072+0300] {processor.py:183} INFO - Processing /home/wal/.pyenv/versions/3.12.0/lib/python3.12/site-packages/airflow/example_dags/example_branch_labels.py took 0.103 seconds
[2025-07-13T23:15:41.765+0300] {processor.py:161} INFO - Started process (PID=5325) to work on /home/wal/.pyenv/versions/3.12.0/lib/python3.12/site-packages/airflow/example_dags/example_branch_labels.py
[2025-07-13T23:15:41.772+0300] {processor.py:830} INFO - Processing file /home/wal/.pyenv/versions/3.12.0/lib/python3.12/site-packages/airflow/example_dags/example_branch_labels.py for tasks to queue
[2025-07-13T23:15:41.777+0300] {logging_mixin.py:188} INFO - [2025-07-13T23:15:41.776+0300] {dagbag.py:545} INFO - Filling up the DagBag from /home/wal/.pyenv/versions/3.12.0/lib/python3.12/site-packages/airflow/example_dags/example_branch_labels.py
[2025-07-13T23:15:41.799+0300] {processor.py:840} INFO - DAG(s) 'example_branch_labels' retrieved from /home/wal/.pyenv/versions/3.12.0/lib/python3.12/site-packages/airflow/example_dags/example_branch_labels.py
[2025-07-13T23:15:41.837+0300] {logging_mixin.py:188} INFO - [2025-07-13T23:15:41.836+0300] {dag.py:3096} INFO - Sync 1 DAGs
[2025-07-13T23:15:41.878+0300] {logging_mixin.py:188} INFO - [2025-07-13T23:15:41.877+0300] {dag.py:3954} INFO - Setting next_dagrun for example_branch_labels to 2025-07-12 00:00:00+00:00, run_after=2025-07-13 00:00:00+00:00
[2025-07-13T23:15:41.917+0300] {processor.py:183} INFO - Processing /home/wal/.pyenv/versions/3.12.0/lib/python3.12/site-packages/airflow/example_dags/example_branch_labels.py took 0.163 seconds
[2025-07-13T23:16:44.353+0300] {processor.py:161} INFO - Started process (PID=5377) to work on /home/wal/.pyenv/versions/3.12.0/lib/python3.12/site-packages/airflow/example_dags/example_branch_labels.py
[2025-07-13T23:16:44.355+0300] {processor.py:830} INFO - Processing file /home/wal/.pyenv/versions/3.12.0/lib/python3.12/site-packages/airflow/example_dags/example_branch_labels.py for tasks to queue
[2025-07-13T23:16:44.358+0300] {logging_mixin.py:188} INFO - [2025-07-13T23:16:44.357+0300] {dagbag.py:545} INFO - Filling up the DagBag from /home/wal/.pyenv/versions/3.12.0/lib/python3.12/site-packages/airflow/example_dags/example_branch_labels.py
[2025-07-13T23:16:44.367+0300] {processor.py:840} INFO - DAG(s) 'example_branch_labels' retrieved from /home/wal/.pyenv/versions/3.12.0/lib/python3.12/site-packages/airflow/example_dags/example_branch_labels.py
[2025-07-13T23:16:44.389+0300] {logging_mixin.py:188} INFO - [2025-07-13T23:16:44.389+0300] {dag.py:3096} INFO - Sync 1 DAGs
[2025-07-13T23:16:44.418+0300] {logging_mixin.py:188} INFO - [2025-07-13T23:16:44.417+0300] {dag.py:3954} INFO - Setting next_dagrun for example_branch_labels to 2025-07-12 00:00:00+00:00, run_after=2025-07-13 00:00:00+00:00
[2025-07-13T23:16:44.459+0300] {processor.py:183} INFO - Processing /home/wal/.pyenv/versions/3.12.0/lib/python3.12/site-packages/airflow/example_dags/example_branch_labels.py took 0.112 seconds
[2025-07-13T23:17:58.940+0300] {processor.py:161} INFO - Started process (PID=5438) to work on /home/wal/.pyenv/versions/3.12.0/lib/python3.12/site-packages/airflow/example_dags/example_branch_labels.py
[2025-07-13T23:17:58.946+0300] {processor.py:830} INFO - Processing file /home/wal/.pyenv/versions/3.12.0/lib/python3.12/site-packages/airflow/example_dags/example_branch_labels.py for tasks to queue
[2025-07-13T23:17:58.948+0300] {logging_mixin.py:188} INFO - [2025-07-13T23:17:58.948+0300] {dagbag.py:545} INFO - Filling up the DagBag from /home/wal/.pyenv/versions/3.12.0/lib/python3.12/site-packages/airflow/example_dags/example_branch_labels.py
[2025-07-13T23:17:58.959+0300] {processor.py:840} INFO - DAG(s) 'example_branch_labels' retrieved from /home/wal/.pyenv/versions/3.12.0/lib/python3.12/site-packages/airflow/example_dags/example_branch_labels.py
[2025-07-13T23:17:58.986+0300] {logging_mixin.py:188} INFO - [2025-07-13T23:17:58.985+0300] {dag.py:3096} INFO - Sync 1 DAGs
[2025-07-13T23:17:59.019+0300] {logging_mixin.py:188} INFO - [2025-07-13T23:17:59.019+0300] {dag.py:3954} INFO - Setting next_dagrun for example_branch_labels to 2025-07-12 00:00:00+00:00, run_after=2025-07-13 00:00:00+00:00
[2025-07-13T23:17:59.057+0300] {processor.py:183} INFO - Processing /home/wal/.pyenv/versions/3.12.0/lib/python3.12/site-packages/airflow/example_dags/example_branch_labels.py took 0.126 seconds
[2025-07-13T23:19:06.717+0300] {processor.py:161} INFO - Started process (PID=5495) to work on /home/wal/.pyenv/versions/3.12.0/lib/python3.12/site-packages/airflow/example_dags/example_branch_labels.py
[2025-07-13T23:19:06.724+0300] {processor.py:830} INFO - Processing file /home/wal/.pyenv/versions/3.12.0/lib/python3.12/site-packages/airflow/example_dags/example_branch_labels.py for tasks to queue
[2025-07-13T23:19:06.726+0300] {logging_mixin.py:188} INFO - [2025-07-13T23:19:06.725+0300] {dagbag.py:545} INFO - Filling up the DagBag from /home/wal/.pyenv/versions/3.12.0/lib/python3.12/site-packages/airflow/example_dags/example_branch_labels.py
[2025-07-13T23:19:06.738+0300] {processor.py:840} INFO - DAG(s) 'example_branch_labels' retrieved from /home/wal/.pyenv/versions/3.12.0/lib/python3.12/site-packages/airflow/example_dags/example_branch_labels.py
[2025-07-13T23:19:06.764+0300] {logging_mixin.py:188} INFO - [2025-07-13T23:19:06.764+0300] {dag.py:3096} INFO - Sync 1 DAGs
[2025-07-13T23:19:06.792+0300] {logging_mixin.py:188} INFO - [2025-07-13T23:19:06.791+0300] {dag.py:3954} INFO - Setting next_dagrun for example_branch_labels to 2025-07-12 00:00:00+00:00, run_after=2025-07-13 00:00:00+00:00
[2025-07-13T23:19:06.823+0300] {processor.py:183} INFO - Processing /home/wal/.pyenv/versions/3.12.0/lib/python3.12/site-packages/airflow/example_dags/example_branch_labels.py took 0.115 seconds
[2025-07-13T23:20:09.656+0300] {processor.py:161} INFO - Started process (PID=5549) to work on /home/wal/.pyenv/versions/3.12.0/lib/python3.12/site-packages/airflow/example_dags/example_branch_labels.py
[2025-07-13T23:20:09.664+0300] {processor.py:830} INFO - Processing file /home/wal/.pyenv/versions/3.12.0/lib/python3.12/site-packages/airflow/example_dags/example_branch_labels.py for tasks to queue
[2025-07-13T23:20:09.674+0300] {logging_mixin.py:188} INFO - [2025-07-13T23:20:09.672+0300] {dagbag.py:545} INFO - Filling up the DagBag from /home/wal/.pyenv/versions/3.12.0/lib/python3.12/site-packages/airflow/example_dags/example_branch_labels.py
[2025-07-13T23:20:09.728+0300] {processor.py:840} INFO - DAG(s) 'example_branch_labels' retrieved from /home/wal/.pyenv/versions/3.12.0/lib/python3.12/site-packages/airflow/example_dags/example_branch_labels.py
[2025-07-13T23:20:09.805+0300] {logging_mixin.py:188} INFO - [2025-07-13T23:20:09.804+0300] {dag.py:3096} INFO - Sync 1 DAGs
[2025-07-13T23:20:09.920+0300] {logging_mixin.py:188} INFO - [2025-07-13T23:20:09.918+0300] {dag.py:3954} INFO - Setting next_dagrun for example_branch_labels to 2025-07-12 00:00:00+00:00, run_after=2025-07-13 00:00:00+00:00
[2025-07-13T23:20:09.984+0300] {processor.py:183} INFO - Processing /home/wal/.pyenv/versions/3.12.0/lib/python3.12/site-packages/airflow/example_dags/example_branch_labels.py took 0.360 seconds
[2025-07-13T23:21:12.081+0300] {processor.py:161} INFO - Started process (PID=5603) to work on /home/wal/.pyenv/versions/3.12.0/lib/python3.12/site-packages/airflow/example_dags/example_branch_labels.py
[2025-07-13T23:21:12.088+0300] {processor.py:830} INFO - Processing file /home/wal/.pyenv/versions/3.12.0/lib/python3.12/site-packages/airflow/example_dags/example_branch_labels.py for tasks to queue
[2025-07-13T23:21:12.090+0300] {logging_mixin.py:188} INFO - [2025-07-13T23:21:12.090+0300] {dagbag.py:545} INFO - Filling up the DagBag from /home/wal/.pyenv/versions/3.12.0/lib/python3.12/site-packages/airflow/example_dags/example_branch_labels.py
[2025-07-13T23:21:12.099+0300] {processor.py:840} INFO - DAG(s) 'example_branch_labels' retrieved from /home/wal/.pyenv/versions/3.12.0/lib/python3.12/site-packages/airflow/example_dags/example_branch_labels.py
[2025-07-13T23:21:12.121+0300] {logging_mixin.py:188} INFO - [2025-07-13T23:21:12.121+0300] {dag.py:3096} INFO - Sync 1 DAGs
[2025-07-13T23:21:12.146+0300] {logging_mixin.py:188} INFO - [2025-07-13T23:21:12.146+0300] {dag.py:3954} INFO - Setting next_dagrun for example_branch_labels to 2025-07-12 00:00:00+00:00, run_after=2025-07-13 00:00:00+00:00
[2025-07-13T23:21:12.176+0300] {processor.py:183} INFO - Processing /home/wal/.pyenv/versions/3.12.0/lib/python3.12/site-packages/airflow/example_dags/example_branch_labels.py took 0.102 seconds
[2025-07-13T23:22:20.885+0300] {processor.py:161} INFO - Started process (PID=5658) to work on /home/wal/.pyenv/versions/3.12.0/lib/python3.12/site-packages/airflow/example_dags/example_branch_labels.py
[2025-07-13T23:22:20.888+0300] {processor.py:830} INFO - Processing file /home/wal/.pyenv/versions/3.12.0/lib/python3.12/site-packages/airflow/example_dags/example_branch_labels.py for tasks to queue
[2025-07-13T23:22:20.892+0300] {logging_mixin.py:188} INFO - [2025-07-13T23:22:20.891+0300] {dagbag.py:545} INFO - Filling up the DagBag from /home/wal/.pyenv/versions/3.12.0/lib/python3.12/site-packages/airflow/example_dags/example_branch_labels.py
[2025-07-13T23:22:20.915+0300] {processor.py:840} INFO - DAG(s) 'example_branch_labels' retrieved from /home/wal/.pyenv/versions/3.12.0/lib/python3.12/site-packages/airflow/example_dags/example_branch_labels.py
[2025-07-13T23:22:20.972+0300] {logging_mixin.py:188} INFO - [2025-07-13T23:22:20.971+0300] {dag.py:3096} INFO - Sync 1 DAGs
[2025-07-13T23:22:21.075+0300] {logging_mixin.py:188} INFO - [2025-07-13T23:22:21.074+0300] {dag.py:3954} INFO - Setting next_dagrun for example_branch_labels to 2025-07-12 00:00:00+00:00, run_after=2025-07-13 00:00:00+00:00
[2025-07-13T23:22:21.179+0300] {processor.py:183} INFO - Processing /home/wal/.pyenv/versions/3.12.0/lib/python3.12/site-packages/airflow/example_dags/example_branch_labels.py took 0.314 seconds
[2025-07-13T23:23:34.051+0300] {processor.py:161} INFO - Started process (PID=5717) to work on /home/wal/.pyenv/versions/3.12.0/lib/python3.12/site-packages/airflow/example_dags/example_branch_labels.py
[2025-07-13T23:23:34.053+0300] {processor.py:830} INFO - Processing file /home/wal/.pyenv/versions/3.12.0/lib/python3.12/site-packages/airflow/example_dags/example_branch_labels.py for tasks to queue
[2025-07-13T23:23:34.056+0300] {logging_mixin.py:188} INFO - [2025-07-13T23:23:34.055+0300] {dagbag.py:545} INFO - Filling up the DagBag from /home/wal/.pyenv/versions/3.12.0/lib/python3.12/site-packages/airflow/example_dags/example_branch_labels.py
[2025-07-13T23:23:34.070+0300] {processor.py:840} INFO - DAG(s) 'example_branch_labels' retrieved from /home/wal/.pyenv/versions/3.12.0/lib/python3.12/site-packages/airflow/example_dags/example_branch_labels.py
[2025-07-13T23:23:34.102+0300] {logging_mixin.py:188} INFO - [2025-07-13T23:23:34.101+0300] {dag.py:3096} INFO - Sync 1 DAGs
[2025-07-13T23:23:34.163+0300] {logging_mixin.py:188} INFO - [2025-07-13T23:23:34.162+0300] {dag.py:3954} INFO - Setting next_dagrun for example_branch_labels to 2025-07-12 00:00:00+00:00, run_after=2025-07-13 00:00:00+00:00
[2025-07-13T23:23:34.246+0300] {processor.py:183} INFO - Processing /home/wal/.pyenv/versions/3.12.0/lib/python3.12/site-packages/airflow/example_dags/example_branch_labels.py took 0.206 seconds
[2025-07-13T23:25:20.739+0300] {processor.py:161} INFO - Started process (PID=5785) to work on /home/wal/.pyenv/versions/3.12.0/lib/python3.12/site-packages/airflow/example_dags/example_branch_labels.py
[2025-07-13T23:25:20.754+0300] {processor.py:830} INFO - Processing file /home/wal/.pyenv/versions/3.12.0/lib/python3.12/site-packages/airflow/example_dags/example_branch_labels.py for tasks to queue
[2025-07-13T23:25:20.770+0300] {logging_mixin.py:188} INFO - [2025-07-13T23:25:20.768+0300] {dagbag.py:545} INFO - Filling up the DagBag from /home/wal/.pyenv/versions/3.12.0/lib/python3.12/site-packages/airflow/example_dags/example_branch_labels.py
[2025-07-13T23:25:20.863+0300] {processor.py:840} INFO - DAG(s) 'example_branch_labels' retrieved from /home/wal/.pyenv/versions/3.12.0/lib/python3.12/site-packages/airflow/example_dags/example_branch_labels.py
[2025-07-13T23:25:21.121+0300] {logging_mixin.py:188} INFO - [2025-07-13T23:25:21.119+0300] {dag.py:3096} INFO - Sync 1 DAGs
[2025-07-13T23:25:21.433+0300] {logging_mixin.py:188} INFO - [2025-07-13T23:25:21.423+0300] {dag.py:3954} INFO - Setting next_dagrun for example_branch_labels to 2025-07-12 00:00:00+00:00, run_after=2025-07-13 00:00:00+00:00
[2025-07-13T23:25:21.661+0300] {processor.py:183} INFO - Processing /home/wal/.pyenv/versions/3.12.0/lib/python3.12/site-packages/airflow/example_dags/example_branch_labels.py took 0.986 seconds
[2025-07-13T23:26:51.743+0300] {processor.py:161} INFO - Started process (PID=5852) to work on /home/wal/.pyenv/versions/3.12.0/lib/python3.12/site-packages/airflow/example_dags/example_branch_labels.py
[2025-07-13T23:26:51.750+0300] {processor.py:830} INFO - Processing file /home/wal/.pyenv/versions/3.12.0/lib/python3.12/site-packages/airflow/example_dags/example_branch_labels.py for tasks to queue
[2025-07-13T23:26:51.753+0300] {logging_mixin.py:188} INFO - [2025-07-13T23:26:51.752+0300] {dagbag.py:545} INFO - Filling up the DagBag from /home/wal/.pyenv/versions/3.12.0/lib/python3.12/site-packages/airflow/example_dags/example_branch_labels.py
[2025-07-13T23:26:51.766+0300] {processor.py:840} INFO - DAG(s) 'example_branch_labels' retrieved from /home/wal/.pyenv/versions/3.12.0/lib/python3.12/site-packages/airflow/example_dags/example_branch_labels.py
[2025-07-13T23:26:51.793+0300] {logging_mixin.py:188} INFO - [2025-07-13T23:26:51.793+0300] {dag.py:3096} INFO - Sync 1 DAGs
[2025-07-13T23:26:51.826+0300] {logging_mixin.py:188} INFO - [2025-07-13T23:26:51.826+0300] {dag.py:3954} INFO - Setting next_dagrun for example_branch_labels to 2025-07-12 00:00:00+00:00, run_after=2025-07-13 00:00:00+00:00
[2025-07-13T23:26:51.862+0300] {processor.py:183} INFO - Processing /home/wal/.pyenv/versions/3.12.0/lib/python3.12/site-packages/airflow/example_dags/example_branch_labels.py took 0.129 seconds
[2025-07-13T23:28:02.626+0300] {processor.py:161} INFO - Started process (PID=5908) to work on /home/wal/.pyenv/versions/3.12.0/lib/python3.12/site-packages/airflow/example_dags/example_branch_labels.py
[2025-07-13T23:28:02.627+0300] {processor.py:830} INFO - Processing file /home/wal/.pyenv/versions/3.12.0/lib/python3.12/site-packages/airflow/example_dags/example_branch_labels.py for tasks to queue
[2025-07-13T23:28:02.630+0300] {logging_mixin.py:188} INFO - [2025-07-13T23:28:02.629+0300] {dagbag.py:545} INFO - Filling up the DagBag from /home/wal/.pyenv/versions/3.12.0/lib/python3.12/site-packages/airflow/example_dags/example_branch_labels.py
[2025-07-13T23:28:02.644+0300] {processor.py:840} INFO - DAG(s) 'example_branch_labels' retrieved from /home/wal/.pyenv/versions/3.12.0/lib/python3.12/site-packages/airflow/example_dags/example_branch_labels.py
[2025-07-13T23:28:02.675+0300] {logging_mixin.py:188} INFO - [2025-07-13T23:28:02.675+0300] {dag.py:3096} INFO - Sync 1 DAGs
[2025-07-13T23:28:02.888+0300] {logging_mixin.py:188} INFO - [2025-07-13T23:28:02.887+0300] {dag.py:3954} INFO - Setting next_dagrun for example_branch_labels to 2025-07-12 00:00:00+00:00, run_after=2025-07-13 00:00:00+00:00
[2025-07-13T23:28:02.933+0300] {processor.py:183} INFO - Processing /home/wal/.pyenv/versions/3.12.0/lib/python3.12/site-packages/airflow/example_dags/example_branch_labels.py took 0.319 seconds
[2025-07-13T23:29:11.906+0300] {processor.py:161} INFO - Started process (PID=5966) to work on /home/wal/.pyenv/versions/3.12.0/lib/python3.12/site-packages/airflow/example_dags/example_branch_labels.py
[2025-07-13T23:29:11.913+0300] {processor.py:830} INFO - Processing file /home/wal/.pyenv/versions/3.12.0/lib/python3.12/site-packages/airflow/example_dags/example_branch_labels.py for tasks to queue
[2025-07-13T23:29:11.916+0300] {logging_mixin.py:188} INFO - [2025-07-13T23:29:11.916+0300] {dagbag.py:545} INFO - Filling up the DagBag from /home/wal/.pyenv/versions/3.12.0/lib/python3.12/site-packages/airflow/example_dags/example_branch_labels.py
[2025-07-13T23:29:11.929+0300] {processor.py:840} INFO - DAG(s) 'example_branch_labels' retrieved from /home/wal/.pyenv/versions/3.12.0/lib/python3.12/site-packages/airflow/example_dags/example_branch_labels.py
[2025-07-13T23:29:11.957+0300] {logging_mixin.py:188} INFO - [2025-07-13T23:29:11.956+0300] {dag.py:3096} INFO - Sync 1 DAGs
[2025-07-13T23:29:11.999+0300] {logging_mixin.py:188} INFO - [2025-07-13T23:29:11.998+0300] {dag.py:3954} INFO - Setting next_dagrun for example_branch_labels to 2025-07-12 00:00:00+00:00, run_after=2025-07-13 00:00:00+00:00
[2025-07-13T23:29:12.036+0300] {processor.py:183} INFO - Processing /home/wal/.pyenv/versions/3.12.0/lib/python3.12/site-packages/airflow/example_dags/example_branch_labels.py took 0.143 seconds
[2025-07-13T23:30:13.565+0300] {processor.py:161} INFO - Started process (PID=6020) to work on /home/wal/.pyenv/versions/3.12.0/lib/python3.12/site-packages/airflow/example_dags/example_branch_labels.py
[2025-07-13T23:30:13.572+0300] {processor.py:830} INFO - Processing file /home/wal/.pyenv/versions/3.12.0/lib/python3.12/site-packages/airflow/example_dags/example_branch_labels.py for tasks to queue
[2025-07-13T23:30:13.578+0300] {logging_mixin.py:188} INFO - [2025-07-13T23:30:13.576+0300] {dagbag.py:545} INFO - Filling up the DagBag from /home/wal/.pyenv/versions/3.12.0/lib/python3.12/site-packages/airflow/example_dags/example_branch_labels.py
[2025-07-13T23:30:13.604+0300] {processor.py:840} INFO - DAG(s) 'example_branch_labels' retrieved from /home/wal/.pyenv/versions/3.12.0/lib/python3.12/site-packages/airflow/example_dags/example_branch_labels.py
[2025-07-13T23:30:13.661+0300] {logging_mixin.py:188} INFO - [2025-07-13T23:30:13.661+0300] {dag.py:3096} INFO - Sync 1 DAGs
[2025-07-13T23:30:13.697+0300] {logging_mixin.py:188} INFO - [2025-07-13T23:30:13.697+0300] {dag.py:3954} INFO - Setting next_dagrun for example_branch_labels to 2025-07-12 00:00:00+00:00, run_after=2025-07-13 00:00:00+00:00
[2025-07-13T23:30:13.730+0300] {processor.py:183} INFO - Processing /home/wal/.pyenv/versions/3.12.0/lib/python3.12/site-packages/airflow/example_dags/example_branch_labels.py took 0.194 seconds
[2025-07-13T23:31:14.833+0300] {processor.py:161} INFO - Started process (PID=6072) to work on /home/wal/.pyenv/versions/3.12.0/lib/python3.12/site-packages/airflow/example_dags/example_branch_labels.py
[2025-07-13T23:31:14.835+0300] {processor.py:830} INFO - Processing file /home/wal/.pyenv/versions/3.12.0/lib/python3.12/site-packages/airflow/example_dags/example_branch_labels.py for tasks to queue
[2025-07-13T23:31:14.840+0300] {logging_mixin.py:188} INFO - [2025-07-13T23:31:14.838+0300] {dagbag.py:545} INFO - Filling up the DagBag from /home/wal/.pyenv/versions/3.12.0/lib/python3.12/site-packages/airflow/example_dags/example_branch_labels.py
[2025-07-13T23:31:14.851+0300] {processor.py:840} INFO - DAG(s) 'example_branch_labels' retrieved from /home/wal/.pyenv/versions/3.12.0/lib/python3.12/site-packages/airflow/example_dags/example_branch_labels.py
[2025-07-13T23:31:14.880+0300] {logging_mixin.py:188} INFO - [2025-07-13T23:31:14.880+0300] {dag.py:3096} INFO - Sync 1 DAGs
[2025-07-13T23:31:14.915+0300] {logging_mixin.py:188} INFO - [2025-07-13T23:31:14.914+0300] {dag.py:3954} INFO - Setting next_dagrun for example_branch_labels to 2025-07-12 00:00:00+00:00, run_after=2025-07-13 00:00:00+00:00
[2025-07-13T23:31:14.950+0300] {processor.py:183} INFO - Processing /home/wal/.pyenv/versions/3.12.0/lib/python3.12/site-packages/airflow/example_dags/example_branch_labels.py took 0.129 seconds
[2025-07-13T23:32:13.310+0300] {processor.py:161} INFO - Started process (PID=6124) to work on /home/wal/.pyenv/versions/3.12.0/lib/python3.12/site-packages/airflow/example_dags/example_branch_labels.py
[2025-07-13T23:32:13.317+0300] {processor.py:830} INFO - Processing file /home/wal/.pyenv/versions/3.12.0/lib/python3.12/site-packages/airflow/example_dags/example_branch_labels.py for tasks to queue
[2025-07-13T23:32:13.320+0300] {logging_mixin.py:188} INFO - [2025-07-13T23:32:13.319+0300] {dagbag.py:545} INFO - Filling up the DagBag from /home/wal/.pyenv/versions/3.12.0/lib/python3.12/site-packages/airflow/example_dags/example_branch_labels.py
[2025-07-13T23:32:13.330+0300] {processor.py:840} INFO - DAG(s) 'example_branch_labels' retrieved from /home/wal/.pyenv/versions/3.12.0/lib/python3.12/site-packages/airflow/example_dags/example_branch_labels.py
[2025-07-13T23:32:13.360+0300] {logging_mixin.py:188} INFO - [2025-07-13T23:32:13.360+0300] {dag.py:3096} INFO - Sync 1 DAGs
[2025-07-13T23:32:13.397+0300] {logging_mixin.py:188} INFO - [2025-07-13T23:32:13.397+0300] {dag.py:3954} INFO - Setting next_dagrun for example_branch_labels to 2025-07-12 00:00:00+00:00, run_after=2025-07-13 00:00:00+00:00
[2025-07-13T23:32:13.435+0300] {processor.py:183} INFO - Processing /home/wal/.pyenv/versions/3.12.0/lib/python3.12/site-packages/airflow/example_dags/example_branch_labels.py took 0.136 seconds
[2025-07-13T23:33:17.542+0300] {processor.py:161} INFO - Started process (PID=6178) to work on /home/wal/.pyenv/versions/3.12.0/lib/python3.12/site-packages/airflow/example_dags/example_branch_labels.py
[2025-07-13T23:33:17.544+0300] {processor.py:830} INFO - Processing file /home/wal/.pyenv/versions/3.12.0/lib/python3.12/site-packages/airflow/example_dags/example_branch_labels.py for tasks to queue
[2025-07-13T23:33:17.546+0300] {logging_mixin.py:188} INFO - [2025-07-13T23:33:17.546+0300] {dagbag.py:545} INFO - Filling up the DagBag from /home/wal/.pyenv/versions/3.12.0/lib/python3.12/site-packages/airflow/example_dags/example_branch_labels.py
[2025-07-13T23:33:17.562+0300] {processor.py:840} INFO - DAG(s) 'example_branch_labels' retrieved from /home/wal/.pyenv/versions/3.12.0/lib/python3.12/site-packages/airflow/example_dags/example_branch_labels.py
[2025-07-13T23:33:17.589+0300] {logging_mixin.py:188} INFO - [2025-07-13T23:33:17.589+0300] {dag.py:3096} INFO - Sync 1 DAGs
[2025-07-13T23:33:17.628+0300] {logging_mixin.py:188} INFO - [2025-07-13T23:33:17.627+0300] {dag.py:3954} INFO - Setting next_dagrun for example_branch_labels to 2025-07-12 00:00:00+00:00, run_after=2025-07-13 00:00:00+00:00
[2025-07-13T23:33:17.693+0300] {processor.py:183} INFO - Processing /home/wal/.pyenv/versions/3.12.0/lib/python3.12/site-packages/airflow/example_dags/example_branch_labels.py took 0.162 seconds
[2025-07-13T23:34:21.578+0300] {processor.py:161} INFO - Started process (PID=6232) to work on /home/wal/.pyenv/versions/3.12.0/lib/python3.12/site-packages/airflow/example_dags/example_branch_labels.py
[2025-07-13T23:34:21.587+0300] {processor.py:830} INFO - Processing file /home/wal/.pyenv/versions/3.12.0/lib/python3.12/site-packages/airflow/example_dags/example_branch_labels.py for tasks to queue
[2025-07-13T23:34:21.590+0300] {logging_mixin.py:188} INFO - [2025-07-13T23:34:21.589+0300] {dagbag.py:545} INFO - Filling up the DagBag from /home/wal/.pyenv/versions/3.12.0/lib/python3.12/site-packages/airflow/example_dags/example_branch_labels.py
[2025-07-13T23:34:21.617+0300] {processor.py:840} INFO - DAG(s) 'example_branch_labels' retrieved from /home/wal/.pyenv/versions/3.12.0/lib/python3.12/site-packages/airflow/example_dags/example_branch_labels.py
[2025-07-13T23:34:21.664+0300] {logging_mixin.py:188} INFO - [2025-07-13T23:34:21.663+0300] {dag.py:3096} INFO - Sync 1 DAGs
[2025-07-13T23:34:21.734+0300] {logging_mixin.py:188} INFO - [2025-07-13T23:34:21.733+0300] {dag.py:3954} INFO - Setting next_dagrun for example_branch_labels to 2025-07-12 00:00:00+00:00, run_after=2025-07-13 00:00:00+00:00
[2025-07-13T23:34:21.796+0300] {processor.py:183} INFO - Processing /home/wal/.pyenv/versions/3.12.0/lib/python3.12/site-packages/airflow/example_dags/example_branch_labels.py took 0.233 seconds
[2025-07-13T23:35:40.735+0300] {processor.py:161} INFO - Started process (PID=6298) to work on /home/wal/.pyenv/versions/3.12.0/lib/python3.12/site-packages/airflow/example_dags/example_branch_labels.py
[2025-07-13T23:35:40.741+0300] {processor.py:830} INFO - Processing file /home/wal/.pyenv/versions/3.12.0/lib/python3.12/site-packages/airflow/example_dags/example_branch_labels.py for tasks to queue
[2025-07-13T23:35:40.746+0300] {logging_mixin.py:188} INFO - [2025-07-13T23:35:40.745+0300] {dagbag.py:545} INFO - Filling up the DagBag from /home/wal/.pyenv/versions/3.12.0/lib/python3.12/site-packages/airflow/example_dags/example_branch_labels.py
[2025-07-13T23:35:40.757+0300] {processor.py:840} INFO - DAG(s) 'example_branch_labels' retrieved from /home/wal/.pyenv/versions/3.12.0/lib/python3.12/site-packages/airflow/example_dags/example_branch_labels.py
[2025-07-13T23:35:40.786+0300] {logging_mixin.py:188} INFO - [2025-07-13T23:35:40.786+0300] {dag.py:3096} INFO - Sync 1 DAGs
[2025-07-13T23:35:40.820+0300] {logging_mixin.py:188} INFO - [2025-07-13T23:35:40.819+0300] {dag.py:3954} INFO - Setting next_dagrun for example_branch_labels to 2025-07-12 00:00:00+00:00, run_after=2025-07-13 00:00:00+00:00
[2025-07-13T23:35:40.852+0300] {processor.py:183} INFO - Processing /home/wal/.pyenv/versions/3.12.0/lib/python3.12/site-packages/airflow/example_dags/example_branch_labels.py took 0.130 seconds
[2025-07-13T23:36:40.725+0300] {processor.py:161} INFO - Started process (PID=6352) to work on /home/wal/.pyenv/versions/3.12.0/lib/python3.12/site-packages/airflow/example_dags/example_branch_labels.py
[2025-07-13T23:36:40.731+0300] {processor.py:830} INFO - Processing file /home/wal/.pyenv/versions/3.12.0/lib/python3.12/site-packages/airflow/example_dags/example_branch_labels.py for tasks to queue
[2025-07-13T23:36:40.733+0300] {logging_mixin.py:188} INFO - [2025-07-13T23:36:40.733+0300] {dagbag.py:545} INFO - Filling up the DagBag from /home/wal/.pyenv/versions/3.12.0/lib/python3.12/site-packages/airflow/example_dags/example_branch_labels.py
[2025-07-13T23:36:40.745+0300] {processor.py:840} INFO - DAG(s) 'example_branch_labels' retrieved from /home/wal/.pyenv/versions/3.12.0/lib/python3.12/site-packages/airflow/example_dags/example_branch_labels.py
[2025-07-13T23:36:40.766+0300] {logging_mixin.py:188} INFO - [2025-07-13T23:36:40.766+0300] {dag.py:3096} INFO - Sync 1 DAGs
[2025-07-13T23:36:40.796+0300] {logging_mixin.py:188} INFO - [2025-07-13T23:36:40.796+0300] {dag.py:3954} INFO - Setting next_dagrun for example_branch_labels to 2025-07-12 00:00:00+00:00, run_after=2025-07-13 00:00:00+00:00
[2025-07-13T23:36:40.828+0300] {processor.py:183} INFO - Processing /home/wal/.pyenv/versions/3.12.0/lib/python3.12/site-packages/airflow/example_dags/example_branch_labels.py took 0.112 seconds
[2025-07-13T23:37:37.809+0300] {processor.py:161} INFO - Started process (PID=6403) to work on /home/wal/.pyenv/versions/3.12.0/lib/python3.12/site-packages/airflow/example_dags/example_branch_labels.py
[2025-07-13T23:37:37.812+0300] {processor.py:830} INFO - Processing file /home/wal/.pyenv/versions/3.12.0/lib/python3.12/site-packages/airflow/example_dags/example_branch_labels.py for tasks to queue
[2025-07-13T23:37:37.814+0300] {logging_mixin.py:188} INFO - [2025-07-13T23:37:37.814+0300] {dagbag.py:545} INFO - Filling up the DagBag from /home/wal/.pyenv/versions/3.12.0/lib/python3.12/site-packages/airflow/example_dags/example_branch_labels.py
[2025-07-13T23:37:37.830+0300] {processor.py:840} INFO - DAG(s) 'example_branch_labels' retrieved from /home/wal/.pyenv/versions/3.12.0/lib/python3.12/site-packages/airflow/example_dags/example_branch_labels.py
[2025-07-13T23:37:37.859+0300] {logging_mixin.py:188} INFO - [2025-07-13T23:37:37.858+0300] {dag.py:3096} INFO - Sync 1 DAGs
[2025-07-13T23:37:37.893+0300] {logging_mixin.py:188} INFO - [2025-07-13T23:37:37.893+0300] {dag.py:3954} INFO - Setting next_dagrun for example_branch_labels to 2025-07-12 00:00:00+00:00, run_after=2025-07-13 00:00:00+00:00
[2025-07-13T23:37:37.926+0300] {processor.py:183} INFO - Processing /home/wal/.pyenv/versions/3.12.0/lib/python3.12/site-packages/airflow/example_dags/example_branch_labels.py took 0.131 seconds
[2025-07-13T23:38:38.718+0300] {processor.py:161} INFO - Started process (PID=6455) to work on /home/wal/.pyenv/versions/3.12.0/lib/python3.12/site-packages/airflow/example_dags/example_branch_labels.py
[2025-07-13T23:38:38.720+0300] {processor.py:830} INFO - Processing file /home/wal/.pyenv/versions/3.12.0/lib/python3.12/site-packages/airflow/example_dags/example_branch_labels.py for tasks to queue
[2025-07-13T23:38:38.724+0300] {logging_mixin.py:188} INFO - [2025-07-13T23:38:38.722+0300] {dagbag.py:545} INFO - Filling up the DagBag from /home/wal/.pyenv/versions/3.12.0/lib/python3.12/site-packages/airflow/example_dags/example_branch_labels.py
[2025-07-13T23:38:38.737+0300] {processor.py:840} INFO - DAG(s) 'example_branch_labels' retrieved from /home/wal/.pyenv/versions/3.12.0/lib/python3.12/site-packages/airflow/example_dags/example_branch_labels.py
[2025-07-13T23:38:38.764+0300] {logging_mixin.py:188} INFO - [2025-07-13T23:38:38.764+0300] {dag.py:3096} INFO - Sync 1 DAGs
[2025-07-13T23:38:38.791+0300] {logging_mixin.py:188} INFO - [2025-07-13T23:38:38.790+0300] {dag.py:3954} INFO - Setting next_dagrun for example_branch_labels to 2025-07-12 00:00:00+00:00, run_after=2025-07-13 00:00:00+00:00
[2025-07-13T23:38:38.817+0300] {processor.py:183} INFO - Processing /home/wal/.pyenv/versions/3.12.0/lib/python3.12/site-packages/airflow/example_dags/example_branch_labels.py took 0.110 seconds
[2025-07-13T23:39:37.041+0300] {processor.py:161} INFO - Started process (PID=6507) to work on /home/wal/.pyenv/versions/3.12.0/lib/python3.12/site-packages/airflow/example_dags/example_branch_labels.py
[2025-07-13T23:39:37.048+0300] {processor.py:830} INFO - Processing file /home/wal/.pyenv/versions/3.12.0/lib/python3.12/site-packages/airflow/example_dags/example_branch_labels.py for tasks to queue
[2025-07-13T23:39:37.052+0300] {logging_mixin.py:188} INFO - [2025-07-13T23:39:37.051+0300] {dagbag.py:545} INFO - Filling up the DagBag from /home/wal/.pyenv/versions/3.12.0/lib/python3.12/site-packages/airflow/example_dags/example_branch_labels.py
[2025-07-13T23:39:37.069+0300] {processor.py:840} INFO - DAG(s) 'example_branch_labels' retrieved from /home/wal/.pyenv/versions/3.12.0/lib/python3.12/site-packages/airflow/example_dags/example_branch_labels.py
[2025-07-13T23:39:37.100+0300] {logging_mixin.py:188} INFO - [2025-07-13T23:39:37.100+0300] {dag.py:3096} INFO - Sync 1 DAGs
[2025-07-13T23:39:37.131+0300] {logging_mixin.py:188} INFO - [2025-07-13T23:39:37.130+0300] {dag.py:3954} INFO - Setting next_dagrun for example_branch_labels to 2025-07-12 00:00:00+00:00, run_after=2025-07-13 00:00:00+00:00
[2025-07-13T23:39:37.163+0300] {processor.py:183} INFO - Processing /home/wal/.pyenv/versions/3.12.0/lib/python3.12/site-packages/airflow/example_dags/example_branch_labels.py took 0.141 seconds
[2025-07-13T23:40:32.100+0300] {processor.py:161} INFO - Started process (PID=6557) to work on /home/wal/.pyenv/versions/3.12.0/lib/python3.12/site-packages/airflow/example_dags/example_branch_labels.py
[2025-07-13T23:40:32.101+0300] {processor.py:830} INFO - Processing file /home/wal/.pyenv/versions/3.12.0/lib/python3.12/site-packages/airflow/example_dags/example_branch_labels.py for tasks to queue
[2025-07-13T23:40:32.104+0300] {logging_mixin.py:188} INFO - [2025-07-13T23:40:32.103+0300] {dagbag.py:545} INFO - Filling up the DagBag from /home/wal/.pyenv/versions/3.12.0/lib/python3.12/site-packages/airflow/example_dags/example_branch_labels.py
[2025-07-13T23:40:32.116+0300] {processor.py:840} INFO - DAG(s) 'example_branch_labels' retrieved from /home/wal/.pyenv/versions/3.12.0/lib/python3.12/site-packages/airflow/example_dags/example_branch_labels.py
[2025-07-13T23:40:32.137+0300] {logging_mixin.py:188} INFO - [2025-07-13T23:40:32.136+0300] {dag.py:3096} INFO - Sync 1 DAGs
[2025-07-13T23:40:32.167+0300] {logging_mixin.py:188} INFO - [2025-07-13T23:40:32.167+0300] {dag.py:3954} INFO - Setting next_dagrun for example_branch_labels to 2025-07-12 00:00:00+00:00, run_after=2025-07-13 00:00:00+00:00
[2025-07-13T23:40:32.201+0300] {processor.py:183} INFO - Processing /home/wal/.pyenv/versions/3.12.0/lib/python3.12/site-packages/airflow/example_dags/example_branch_labels.py took 0.111 seconds
[2025-07-13T23:41:45.628+0300] {processor.py:161} INFO - Started process (PID=6629) to work on /home/wal/.pyenv/versions/3.12.0/lib/python3.12/site-packages/airflow/example_dags/example_branch_labels.py
[2025-07-13T23:41:45.636+0300] {processor.py:830} INFO - Processing file /home/wal/.pyenv/versions/3.12.0/lib/python3.12/site-packages/airflow/example_dags/example_branch_labels.py for tasks to queue
[2025-07-13T23:41:45.648+0300] {logging_mixin.py:188} INFO - [2025-07-13T23:41:45.646+0300] {dagbag.py:545} INFO - Filling up the DagBag from /home/wal/.pyenv/versions/3.12.0/lib/python3.12/site-packages/airflow/example_dags/example_branch_labels.py
[2025-07-13T23:41:45.675+0300] {processor.py:840} INFO - DAG(s) 'example_branch_labels' retrieved from /home/wal/.pyenv/versions/3.12.0/lib/python3.12/site-packages/airflow/example_dags/example_branch_labels.py
[2025-07-13T23:41:45.702+0300] {logging_mixin.py:188} INFO - [2025-07-13T23:41:45.701+0300] {dag.py:3096} INFO - Sync 1 DAGs
[2025-07-13T23:41:45.735+0300] {logging_mixin.py:188} INFO - [2025-07-13T23:41:45.735+0300] {dag.py:3954} INFO - Setting next_dagrun for example_branch_labels to 2025-07-12 00:00:00+00:00, run_after=2025-07-13 00:00:00+00:00
[2025-07-13T23:41:45.764+0300] {processor.py:183} INFO - Processing /home/wal/.pyenv/versions/3.12.0/lib/python3.12/site-packages/airflow/example_dags/example_branch_labels.py took 0.147 seconds
[2025-07-13T23:43:02.785+0300] {processor.py:161} INFO - Started process (PID=6699) to work on /home/wal/.pyenv/versions/3.12.0/lib/python3.12/site-packages/airflow/example_dags/example_branch_labels.py
[2025-07-13T23:43:02.791+0300] {processor.py:830} INFO - Processing file /home/wal/.pyenv/versions/3.12.0/lib/python3.12/site-packages/airflow/example_dags/example_branch_labels.py for tasks to queue
[2025-07-13T23:43:02.793+0300] {logging_mixin.py:188} INFO - [2025-07-13T23:43:02.792+0300] {dagbag.py:545} INFO - Filling up the DagBag from /home/wal/.pyenv/versions/3.12.0/lib/python3.12/site-packages/airflow/example_dags/example_branch_labels.py
[2025-07-13T23:43:02.805+0300] {processor.py:840} INFO - DAG(s) 'example_branch_labels' retrieved from /home/wal/.pyenv/versions/3.12.0/lib/python3.12/site-packages/airflow/example_dags/example_branch_labels.py
[2025-07-13T23:43:02.828+0300] {logging_mixin.py:188} INFO - [2025-07-13T23:43:02.827+0300] {dag.py:3096} INFO - Sync 1 DAGs
[2025-07-13T23:43:02.856+0300] {logging_mixin.py:188} INFO - [2025-07-13T23:43:02.856+0300] {dag.py:3954} INFO - Setting next_dagrun for example_branch_labels to 2025-07-12 00:00:00+00:00, run_after=2025-07-13 00:00:00+00:00
[2025-07-13T23:43:02.889+0300] {processor.py:183} INFO - Processing /home/wal/.pyenv/versions/3.12.0/lib/python3.12/site-packages/airflow/example_dags/example_branch_labels.py took 0.114 seconds
[2025-07-13T23:43:58.506+0300] {processor.py:161} INFO - Started process (PID=6749) to work on /home/wal/.pyenv/versions/3.12.0/lib/python3.12/site-packages/airflow/example_dags/example_branch_labels.py
[2025-07-13T23:43:58.509+0300] {processor.py:830} INFO - Processing file /home/wal/.pyenv/versions/3.12.0/lib/python3.12/site-packages/airflow/example_dags/example_branch_labels.py for tasks to queue
[2025-07-13T23:43:58.513+0300] {logging_mixin.py:188} INFO - [2025-07-13T23:43:58.512+0300] {dagbag.py:545} INFO - Filling up the DagBag from /home/wal/.pyenv/versions/3.12.0/lib/python3.12/site-packages/airflow/example_dags/example_branch_labels.py
[2025-07-13T23:43:58.524+0300] {processor.py:840} INFO - DAG(s) 'example_branch_labels' retrieved from /home/wal/.pyenv/versions/3.12.0/lib/python3.12/site-packages/airflow/example_dags/example_branch_labels.py
[2025-07-13T23:43:58.550+0300] {logging_mixin.py:188} INFO - [2025-07-13T23:43:58.550+0300] {dag.py:3096} INFO - Sync 1 DAGs
[2025-07-13T23:43:58.581+0300] {logging_mixin.py:188} INFO - [2025-07-13T23:43:58.581+0300] {dag.py:3954} INFO - Setting next_dagrun for example_branch_labels to 2025-07-12 00:00:00+00:00, run_after=2025-07-13 00:00:00+00:00
[2025-07-13T23:43:58.616+0300] {processor.py:183} INFO - Processing /home/wal/.pyenv/versions/3.12.0/lib/python3.12/site-packages/airflow/example_dags/example_branch_labels.py took 0.117 seconds
[2025-07-13T23:44:54.626+0300] {processor.py:161} INFO - Started process (PID=6801) to work on /home/wal/.pyenv/versions/3.12.0/lib/python3.12/site-packages/airflow/example_dags/example_branch_labels.py
[2025-07-13T23:44:54.633+0300] {processor.py:830} INFO - Processing file /home/wal/.pyenv/versions/3.12.0/lib/python3.12/site-packages/airflow/example_dags/example_branch_labels.py for tasks to queue
[2025-07-13T23:44:54.635+0300] {logging_mixin.py:188} INFO - [2025-07-13T23:44:54.635+0300] {dagbag.py:545} INFO - Filling up the DagBag from /home/wal/.pyenv/versions/3.12.0/lib/python3.12/site-packages/airflow/example_dags/example_branch_labels.py
[2025-07-13T23:44:54.645+0300] {processor.py:840} INFO - DAG(s) 'example_branch_labels' retrieved from /home/wal/.pyenv/versions/3.12.0/lib/python3.12/site-packages/airflow/example_dags/example_branch_labels.py
[2025-07-13T23:44:54.668+0300] {logging_mixin.py:188} INFO - [2025-07-13T23:44:54.667+0300] {dag.py:3096} INFO - Sync 1 DAGs
[2025-07-13T23:44:54.695+0300] {logging_mixin.py:188} INFO - [2025-07-13T23:44:54.695+0300] {dag.py:3954} INFO - Setting next_dagrun for example_branch_labels to 2025-07-12 00:00:00+00:00, run_after=2025-07-13 00:00:00+00:00
[2025-07-13T23:44:54.729+0300] {processor.py:183} INFO - Processing /home/wal/.pyenv/versions/3.12.0/lib/python3.12/site-packages/airflow/example_dags/example_branch_labels.py took 0.110 seconds
[2025-07-13T23:45:48.839+0300] {processor.py:161} INFO - Started process (PID=6854) to work on /home/wal/.pyenv/versions/3.12.0/lib/python3.12/site-packages/airflow/example_dags/example_branch_labels.py
[2025-07-13T23:45:48.842+0300] {processor.py:830} INFO - Processing file /home/wal/.pyenv/versions/3.12.0/lib/python3.12/site-packages/airflow/example_dags/example_branch_labels.py for tasks to queue
[2025-07-13T23:45:48.845+0300] {logging_mixin.py:188} INFO - [2025-07-13T23:45:48.844+0300] {dagbag.py:545} INFO - Filling up the DagBag from /home/wal/.pyenv/versions/3.12.0/lib/python3.12/site-packages/airflow/example_dags/example_branch_labels.py
[2025-07-13T23:45:48.864+0300] {processor.py:840} INFO - DAG(s) 'example_branch_labels' retrieved from /home/wal/.pyenv/versions/3.12.0/lib/python3.12/site-packages/airflow/example_dags/example_branch_labels.py
[2025-07-13T23:45:48.892+0300] {logging_mixin.py:188} INFO - [2025-07-13T23:45:48.892+0300] {dag.py:3096} INFO - Sync 1 DAGs
[2025-07-13T23:45:48.930+0300] {logging_mixin.py:188} INFO - [2025-07-13T23:45:48.930+0300] {dag.py:3954} INFO - Setting next_dagrun for example_branch_labels to 2025-07-12 00:00:00+00:00, run_after=2025-07-13 00:00:00+00:00
[2025-07-13T23:45:48.957+0300] {processor.py:183} INFO - Processing /home/wal/.pyenv/versions/3.12.0/lib/python3.12/site-packages/airflow/example_dags/example_branch_labels.py took 0.133 seconds
[2025-07-13T23:46:42.948+0300] {processor.py:161} INFO - Started process (PID=6903) to work on /home/wal/.pyenv/versions/3.12.0/lib/python3.12/site-packages/airflow/example_dags/example_branch_labels.py
[2025-07-13T23:46:42.949+0300] {processor.py:830} INFO - Processing file /home/wal/.pyenv/versions/3.12.0/lib/python3.12/site-packages/airflow/example_dags/example_branch_labels.py for tasks to queue
[2025-07-13T23:46:42.954+0300] {logging_mixin.py:188} INFO - [2025-07-13T23:46:42.952+0300] {dagbag.py:545} INFO - Filling up the DagBag from /home/wal/.pyenv/versions/3.12.0/lib/python3.12/site-packages/airflow/example_dags/example_branch_labels.py
[2025-07-13T23:46:42.963+0300] {processor.py:840} INFO - DAG(s) 'example_branch_labels' retrieved from /home/wal/.pyenv/versions/3.12.0/lib/python3.12/site-packages/airflow/example_dags/example_branch_labels.py
[2025-07-13T23:46:42.993+0300] {logging_mixin.py:188} INFO - [2025-07-13T23:46:42.993+0300] {dag.py:3096} INFO - Sync 1 DAGs
[2025-07-13T23:46:43.023+0300] {logging_mixin.py:188} INFO - [2025-07-13T23:46:43.023+0300] {dag.py:3954} INFO - Setting next_dagrun for example_branch_labels to 2025-07-12 00:00:00+00:00, run_after=2025-07-13 00:00:00+00:00
[2025-07-13T23:46:43.056+0300] {processor.py:183} INFO - Processing /home/wal/.pyenv/versions/3.12.0/lib/python3.12/site-packages/airflow/example_dags/example_branch_labels.py took 0.116 seconds
[2025-07-13T23:47:42.696+0300] {processor.py:161} INFO - Started process (PID=6955) to work on /home/wal/.pyenv/versions/3.12.0/lib/python3.12/site-packages/airflow/example_dags/example_branch_labels.py
[2025-07-13T23:47:42.697+0300] {processor.py:830} INFO - Processing file /home/wal/.pyenv/versions/3.12.0/lib/python3.12/site-packages/airflow/example_dags/example_branch_labels.py for tasks to queue
[2025-07-13T23:47:42.700+0300] {logging_mixin.py:188} INFO - [2025-07-13T23:47:42.699+0300] {dagbag.py:545} INFO - Filling up the DagBag from /home/wal/.pyenv/versions/3.12.0/lib/python3.12/site-packages/airflow/example_dags/example_branch_labels.py
[2025-07-13T23:47:42.713+0300] {processor.py:840} INFO - DAG(s) 'example_branch_labels' retrieved from /home/wal/.pyenv/versions/3.12.0/lib/python3.12/site-packages/airflow/example_dags/example_branch_labels.py
[2025-07-13T23:47:42.737+0300] {logging_mixin.py:188} INFO - [2025-07-13T23:47:42.737+0300] {dag.py:3096} INFO - Sync 1 DAGs
[2025-07-13T23:47:42.762+0300] {logging_mixin.py:188} INFO - [2025-07-13T23:47:42.762+0300] {dag.py:3954} INFO - Setting next_dagrun for example_branch_labels to 2025-07-12 00:00:00+00:00, run_after=2025-07-13 00:00:00+00:00
[2025-07-13T23:47:42.793+0300] {processor.py:183} INFO - Processing /home/wal/.pyenv/versions/3.12.0/lib/python3.12/site-packages/airflow/example_dags/example_branch_labels.py took 0.108 seconds
[2025-07-13T23:48:36.492+0300] {processor.py:161} INFO - Started process (PID=7004) to work on /home/wal/.pyenv/versions/3.12.0/lib/python3.12/site-packages/airflow/example_dags/example_branch_labels.py
[2025-07-13T23:48:36.498+0300] {processor.py:830} INFO - Processing file /home/wal/.pyenv/versions/3.12.0/lib/python3.12/site-packages/airflow/example_dags/example_branch_labels.py for tasks to queue
[2025-07-13T23:48:36.502+0300] {logging_mixin.py:188} INFO - [2025-07-13T23:48:36.501+0300] {dagbag.py:545} INFO - Filling up the DagBag from /home/wal/.pyenv/versions/3.12.0/lib/python3.12/site-packages/airflow/example_dags/example_branch_labels.py
[2025-07-13T23:48:36.519+0300] {processor.py:840} INFO - DAG(s) 'example_branch_labels' retrieved from /home/wal/.pyenv/versions/3.12.0/lib/python3.12/site-packages/airflow/example_dags/example_branch_labels.py
[2025-07-13T23:48:36.550+0300] {logging_mixin.py:188} INFO - [2025-07-13T23:48:36.550+0300] {dag.py:3096} INFO - Sync 1 DAGs
[2025-07-13T23:48:36.583+0300] {logging_mixin.py:188} INFO - [2025-07-13T23:48:36.583+0300] {dag.py:3954} INFO - Setting next_dagrun for example_branch_labels to 2025-07-12 00:00:00+00:00, run_after=2025-07-13 00:00:00+00:00
[2025-07-13T23:48:36.617+0300] {processor.py:183} INFO - Processing /home/wal/.pyenv/versions/3.12.0/lib/python3.12/site-packages/airflow/example_dags/example_branch_labels.py took 0.136 seconds
[2025-07-13T23:49:30.478+0300] {processor.py:161} INFO - Started process (PID=7055) to work on /home/wal/.pyenv/versions/3.12.0/lib/python3.12/site-packages/airflow/example_dags/example_branch_labels.py
[2025-07-13T23:49:30.480+0300] {processor.py:830} INFO - Processing file /home/wal/.pyenv/versions/3.12.0/lib/python3.12/site-packages/airflow/example_dags/example_branch_labels.py for tasks to queue
[2025-07-13T23:49:30.482+0300] {logging_mixin.py:188} INFO - [2025-07-13T23:49:30.482+0300] {dagbag.py:545} INFO - Filling up the DagBag from /home/wal/.pyenv/versions/3.12.0/lib/python3.12/site-packages/airflow/example_dags/example_branch_labels.py
[2025-07-13T23:49:30.494+0300] {processor.py:840} INFO - DAG(s) 'example_branch_labels' retrieved from /home/wal/.pyenv/versions/3.12.0/lib/python3.12/site-packages/airflow/example_dags/example_branch_labels.py
[2025-07-13T23:49:30.519+0300] {logging_mixin.py:188} INFO - [2025-07-13T23:49:30.518+0300] {dag.py:3096} INFO - Sync 1 DAGs
[2025-07-13T23:49:30.553+0300] {logging_mixin.py:188} INFO - [2025-07-13T23:49:30.552+0300] {dag.py:3954} INFO - Setting next_dagrun for example_branch_labels to 2025-07-12 00:00:00+00:00, run_after=2025-07-13 00:00:00+00:00
[2025-07-13T23:49:30.585+0300] {processor.py:183} INFO - Processing /home/wal/.pyenv/versions/3.12.0/lib/python3.12/site-packages/airflow/example_dags/example_branch_labels.py took 0.118 seconds
[2025-07-13T23:50:22.822+0300] {processor.py:161} INFO - Started process (PID=7104) to work on /home/wal/.pyenv/versions/3.12.0/lib/python3.12/site-packages/airflow/example_dags/example_branch_labels.py
[2025-07-13T23:50:22.828+0300] {processor.py:830} INFO - Processing file /home/wal/.pyenv/versions/3.12.0/lib/python3.12/site-packages/airflow/example_dags/example_branch_labels.py for tasks to queue
[2025-07-13T23:50:22.831+0300] {logging_mixin.py:188} INFO - [2025-07-13T23:50:22.830+0300] {dagbag.py:545} INFO - Filling up the DagBag from /home/wal/.pyenv/versions/3.12.0/lib/python3.12/site-packages/airflow/example_dags/example_branch_labels.py
[2025-07-13T23:50:22.839+0300] {processor.py:840} INFO - DAG(s) 'example_branch_labels' retrieved from /home/wal/.pyenv/versions/3.12.0/lib/python3.12/site-packages/airflow/example_dags/example_branch_labels.py
[2025-07-13T23:50:22.866+0300] {logging_mixin.py:188} INFO - [2025-07-13T23:50:22.865+0300] {dag.py:3096} INFO - Sync 1 DAGs
[2025-07-13T23:50:22.900+0300] {logging_mixin.py:188} INFO - [2025-07-13T23:50:22.899+0300] {dag.py:3954} INFO - Setting next_dagrun for example_branch_labels to 2025-07-12 00:00:00+00:00, run_after=2025-07-13 00:00:00+00:00
[2025-07-13T23:50:22.936+0300] {processor.py:183} INFO - Processing /home/wal/.pyenv/versions/3.12.0/lib/python3.12/site-packages/airflow/example_dags/example_branch_labels.py took 0.120 seconds
[2025-07-13T23:51:17.246+0300] {processor.py:161} INFO - Started process (PID=7154) to work on /home/wal/.pyenv/versions/3.12.0/lib/python3.12/site-packages/airflow/example_dags/example_branch_labels.py
[2025-07-13T23:51:17.249+0300] {processor.py:830} INFO - Processing file /home/wal/.pyenv/versions/3.12.0/lib/python3.12/site-packages/airflow/example_dags/example_branch_labels.py for tasks to queue
[2025-07-13T23:51:17.253+0300] {logging_mixin.py:188} INFO - [2025-07-13T23:51:17.252+0300] {dagbag.py:545} INFO - Filling up the DagBag from /home/wal/.pyenv/versions/3.12.0/lib/python3.12/site-packages/airflow/example_dags/example_branch_labels.py
[2025-07-13T23:51:17.281+0300] {processor.py:840} INFO - DAG(s) 'example_branch_labels' retrieved from /home/wal/.pyenv/versions/3.12.0/lib/python3.12/site-packages/airflow/example_dags/example_branch_labels.py
[2025-07-13T23:51:17.339+0300] {logging_mixin.py:188} INFO - [2025-07-13T23:51:17.338+0300] {dag.py:3096} INFO - Sync 1 DAGs
[2025-07-13T23:51:17.370+0300] {logging_mixin.py:188} INFO - [2025-07-13T23:51:17.369+0300] {dag.py:3954} INFO - Setting next_dagrun for example_branch_labels to 2025-07-12 00:00:00+00:00, run_after=2025-07-13 00:00:00+00:00
[2025-07-13T23:51:17.418+0300] {processor.py:183} INFO - Processing /home/wal/.pyenv/versions/3.12.0/lib/python3.12/site-packages/airflow/example_dags/example_branch_labels.py took 0.201 seconds
[2025-07-13T23:52:18.906+0300] {processor.py:161} INFO - Started process (PID=7208) to work on /home/wal/.pyenv/versions/3.12.0/lib/python3.12/site-packages/airflow/example_dags/example_branch_labels.py
[2025-07-13T23:52:18.912+0300] {processor.py:830} INFO - Processing file /home/wal/.pyenv/versions/3.12.0/lib/python3.12/site-packages/airflow/example_dags/example_branch_labels.py for tasks to queue
[2025-07-13T23:52:18.915+0300] {logging_mixin.py:188} INFO - [2025-07-13T23:52:18.914+0300] {dagbag.py:545} INFO - Filling up the DagBag from /home/wal/.pyenv/versions/3.12.0/lib/python3.12/site-packages/airflow/example_dags/example_branch_labels.py
[2025-07-13T23:52:18.927+0300] {processor.py:840} INFO - DAG(s) 'example_branch_labels' retrieved from /home/wal/.pyenv/versions/3.12.0/lib/python3.12/site-packages/airflow/example_dags/example_branch_labels.py
[2025-07-13T23:52:18.954+0300] {logging_mixin.py:188} INFO - [2025-07-13T23:52:18.953+0300] {dag.py:3096} INFO - Sync 1 DAGs
[2025-07-13T23:52:19.000+0300] {logging_mixin.py:188} INFO - [2025-07-13T23:52:18.999+0300] {dag.py:3954} INFO - Setting next_dagrun for example_branch_labels to 2025-07-12 00:00:00+00:00, run_after=2025-07-13 00:00:00+00:00
[2025-07-13T23:52:19.032+0300] {processor.py:183} INFO - Processing /home/wal/.pyenv/versions/3.12.0/lib/python3.12/site-packages/airflow/example_dags/example_branch_labels.py took 0.137 seconds
[2025-07-13T23:53:17.122+0300] {processor.py:161} INFO - Started process (PID=7260) to work on /home/wal/.pyenv/versions/3.12.0/lib/python3.12/site-packages/airflow/example_dags/example_branch_labels.py
[2025-07-13T23:53:17.129+0300] {processor.py:830} INFO - Processing file /home/wal/.pyenv/versions/3.12.0/lib/python3.12/site-packages/airflow/example_dags/example_branch_labels.py for tasks to queue
[2025-07-13T23:53:17.131+0300] {logging_mixin.py:188} INFO - [2025-07-13T23:53:17.130+0300] {dagbag.py:545} INFO - Filling up the DagBag from /home/wal/.pyenv/versions/3.12.0/lib/python3.12/site-packages/airflow/example_dags/example_branch_labels.py
[2025-07-13T23:53:17.142+0300] {processor.py:840} INFO - DAG(s) 'example_branch_labels' retrieved from /home/wal/.pyenv/versions/3.12.0/lib/python3.12/site-packages/airflow/example_dags/example_branch_labels.py
[2025-07-13T23:53:17.163+0300] {logging_mixin.py:188} INFO - [2025-07-13T23:53:17.163+0300] {dag.py:3096} INFO - Sync 1 DAGs
[2025-07-13T23:53:17.196+0300] {logging_mixin.py:188} INFO - [2025-07-13T23:53:17.196+0300] {dag.py:3954} INFO - Setting next_dagrun for example_branch_labels to 2025-07-12 00:00:00+00:00, run_after=2025-07-13 00:00:00+00:00
[2025-07-13T23:53:17.229+0300] {processor.py:183} INFO - Processing /home/wal/.pyenv/versions/3.12.0/lib/python3.12/site-packages/airflow/example_dags/example_branch_labels.py took 0.118 seconds
[2025-07-13T23:54:12.513+0300] {processor.py:161} INFO - Started process (PID=7310) to work on /home/wal/.pyenv/versions/3.12.0/lib/python3.12/site-packages/airflow/example_dags/example_branch_labels.py
[2025-07-13T23:54:12.519+0300] {processor.py:830} INFO - Processing file /home/wal/.pyenv/versions/3.12.0/lib/python3.12/site-packages/airflow/example_dags/example_branch_labels.py for tasks to queue
[2025-07-13T23:54:12.523+0300] {logging_mixin.py:188} INFO - [2025-07-13T23:54:12.522+0300] {dagbag.py:545} INFO - Filling up the DagBag from /home/wal/.pyenv/versions/3.12.0/lib/python3.12/site-packages/airflow/example_dags/example_branch_labels.py
[2025-07-13T23:54:12.536+0300] {processor.py:840} INFO - DAG(s) 'example_branch_labels' retrieved from /home/wal/.pyenv/versions/3.12.0/lib/python3.12/site-packages/airflow/example_dags/example_branch_labels.py
[2025-07-13T23:54:12.563+0300] {logging_mixin.py:188} INFO - [2025-07-13T23:54:12.563+0300] {dag.py:3096} INFO - Sync 1 DAGs
[2025-07-13T23:54:12.594+0300] {logging_mixin.py:188} INFO - [2025-07-13T23:54:12.593+0300] {dag.py:3954} INFO - Setting next_dagrun for example_branch_labels to 2025-07-12 00:00:00+00:00, run_after=2025-07-13 00:00:00+00:00
[2025-07-13T23:54:12.631+0300] {processor.py:183} INFO - Processing /home/wal/.pyenv/versions/3.12.0/lib/python3.12/site-packages/airflow/example_dags/example_branch_labels.py took 0.129 seconds
[2025-07-13T23:55:07.714+0300] {processor.py:161} INFO - Started process (PID=7363) to work on /home/wal/.pyenv/versions/3.12.0/lib/python3.12/site-packages/airflow/example_dags/example_branch_labels.py
[2025-07-13T23:55:07.718+0300] {processor.py:830} INFO - Processing file /home/wal/.pyenv/versions/3.12.0/lib/python3.12/site-packages/airflow/example_dags/example_branch_labels.py for tasks to queue
[2025-07-13T23:55:07.720+0300] {logging_mixin.py:188} INFO - [2025-07-13T23:55:07.720+0300] {dagbag.py:545} INFO - Filling up the DagBag from /home/wal/.pyenv/versions/3.12.0/lib/python3.12/site-packages/airflow/example_dags/example_branch_labels.py
[2025-07-13T23:55:07.728+0300] {processor.py:840} INFO - DAG(s) 'example_branch_labels' retrieved from /home/wal/.pyenv/versions/3.12.0/lib/python3.12/site-packages/airflow/example_dags/example_branch_labels.py
[2025-07-13T23:55:07.754+0300] {logging_mixin.py:188} INFO - [2025-07-13T23:55:07.754+0300] {dag.py:3096} INFO - Sync 1 DAGs
[2025-07-13T23:55:07.784+0300] {logging_mixin.py:188} INFO - [2025-07-13T23:55:07.784+0300] {dag.py:3954} INFO - Setting next_dagrun for example_branch_labels to 2025-07-12 00:00:00+00:00, run_after=2025-07-13 00:00:00+00:00
[2025-07-13T23:55:07.817+0300] {processor.py:183} INFO - Processing /home/wal/.pyenv/versions/3.12.0/lib/python3.12/site-packages/airflow/example_dags/example_branch_labels.py took 0.111 seconds
[2025-07-13T23:56:05.238+0300] {processor.py:161} INFO - Started process (PID=7415) to work on /home/wal/.pyenv/versions/3.12.0/lib/python3.12/site-packages/airflow/example_dags/example_branch_labels.py
[2025-07-13T23:56:05.244+0300] {processor.py:830} INFO - Processing file /home/wal/.pyenv/versions/3.12.0/lib/python3.12/site-packages/airflow/example_dags/example_branch_labels.py for tasks to queue
[2025-07-13T23:56:05.247+0300] {logging_mixin.py:188} INFO - [2025-07-13T23:56:05.247+0300] {dagbag.py:545} INFO - Filling up the DagBag from /home/wal/.pyenv/versions/3.12.0/lib/python3.12/site-packages/airflow/example_dags/example_branch_labels.py
[2025-07-13T23:56:05.263+0300] {processor.py:840} INFO - DAG(s) 'example_branch_labels' retrieved from /home/wal/.pyenv/versions/3.12.0/lib/python3.12/site-packages/airflow/example_dags/example_branch_labels.py
[2025-07-13T23:56:05.297+0300] {logging_mixin.py:188} INFO - [2025-07-13T23:56:05.297+0300] {dag.py:3096} INFO - Sync 1 DAGs
[2025-07-13T23:56:05.330+0300] {logging_mixin.py:188} INFO - [2025-07-13T23:56:05.330+0300] {dag.py:3954} INFO - Setting next_dagrun for example_branch_labels to 2025-07-12 00:00:00+00:00, run_after=2025-07-13 00:00:00+00:00
[2025-07-13T23:56:05.368+0300] {processor.py:183} INFO - Processing /home/wal/.pyenv/versions/3.12.0/lib/python3.12/site-packages/airflow/example_dags/example_branch_labels.py took 0.142 seconds
[2025-07-13T23:56:59.898+0300] {processor.py:161} INFO - Started process (PID=7463) to work on /home/wal/.pyenv/versions/3.12.0/lib/python3.12/site-packages/airflow/example_dags/example_branch_labels.py
[2025-07-13T23:56:59.902+0300] {processor.py:830} INFO - Processing file /home/wal/.pyenv/versions/3.12.0/lib/python3.12/site-packages/airflow/example_dags/example_branch_labels.py for tasks to queue
[2025-07-13T23:56:59.906+0300] {logging_mixin.py:188} INFO - [2025-07-13T23:56:59.905+0300] {dagbag.py:545} INFO - Filling up the DagBag from /home/wal/.pyenv/versions/3.12.0/lib/python3.12/site-packages/airflow/example_dags/example_branch_labels.py
[2025-07-13T23:56:59.917+0300] {processor.py:840} INFO - DAG(s) 'example_branch_labels' retrieved from /home/wal/.pyenv/versions/3.12.0/lib/python3.12/site-packages/airflow/example_dags/example_branch_labels.py
[2025-07-13T23:56:59.940+0300] {logging_mixin.py:188} INFO - [2025-07-13T23:56:59.939+0300] {dag.py:3096} INFO - Sync 1 DAGs
[2025-07-13T23:56:59.968+0300] {logging_mixin.py:188} INFO - [2025-07-13T23:56:59.968+0300] {dag.py:3954} INFO - Setting next_dagrun for example_branch_labels to 2025-07-12 00:00:00+00:00, run_after=2025-07-13 00:00:00+00:00
[2025-07-13T23:57:00.002+0300] {processor.py:183} INFO - Processing /home/wal/.pyenv/versions/3.12.0/lib/python3.12/site-packages/airflow/example_dags/example_branch_labels.py took 0.115 seconds
[2025-07-13T23:57:56.889+0300] {processor.py:161} INFO - Started process (PID=7515) to work on /home/wal/.pyenv/versions/3.12.0/lib/python3.12/site-packages/airflow/example_dags/example_branch_labels.py
[2025-07-13T23:57:56.891+0300] {processor.py:830} INFO - Processing file /home/wal/.pyenv/versions/3.12.0/lib/python3.12/site-packages/airflow/example_dags/example_branch_labels.py for tasks to queue
[2025-07-13T23:57:56.897+0300] {logging_mixin.py:188} INFO - [2025-07-13T23:57:56.896+0300] {dagbag.py:545} INFO - Filling up the DagBag from /home/wal/.pyenv/versions/3.12.0/lib/python3.12/site-packages/airflow/example_dags/example_branch_labels.py
[2025-07-13T23:57:56.909+0300] {processor.py:840} INFO - DAG(s) 'example_branch_labels' retrieved from /home/wal/.pyenv/versions/3.12.0/lib/python3.12/site-packages/airflow/example_dags/example_branch_labels.py
[2025-07-13T23:57:56.937+0300] {logging_mixin.py:188} INFO - [2025-07-13T23:57:56.936+0300] {dag.py:3096} INFO - Sync 1 DAGs
[2025-07-13T23:57:56.971+0300] {logging_mixin.py:188} INFO - [2025-07-13T23:57:56.970+0300] {dag.py:3954} INFO - Setting next_dagrun for example_branch_labels to 2025-07-12 00:00:00+00:00, run_after=2025-07-13 00:00:00+00:00
[2025-07-13T23:57:57.002+0300] {processor.py:183} INFO - Processing /home/wal/.pyenv/versions/3.12.0/lib/python3.12/site-packages/airflow/example_dags/example_branch_labels.py took 0.122 seconds
[2025-07-13T23:58:52.311+0300] {processor.py:161} INFO - Started process (PID=7566) to work on /home/wal/.pyenv/versions/3.12.0/lib/python3.12/site-packages/airflow/example_dags/example_branch_labels.py
[2025-07-13T23:58:52.320+0300] {processor.py:830} INFO - Processing file /home/wal/.pyenv/versions/3.12.0/lib/python3.12/site-packages/airflow/example_dags/example_branch_labels.py for tasks to queue
[2025-07-13T23:58:52.325+0300] {logging_mixin.py:188} INFO - [2025-07-13T23:58:52.324+0300] {dagbag.py:545} INFO - Filling up the DagBag from /home/wal/.pyenv/versions/3.12.0/lib/python3.12/site-packages/airflow/example_dags/example_branch_labels.py
[2025-07-13T23:58:52.376+0300] {processor.py:840} INFO - DAG(s) 'example_branch_labels' retrieved from /home/wal/.pyenv/versions/3.12.0/lib/python3.12/site-packages/airflow/example_dags/example_branch_labels.py
[2025-07-13T23:58:52.464+0300] {logging_mixin.py:188} INFO - [2025-07-13T23:58:52.462+0300] {dag.py:3096} INFO - Sync 1 DAGs
[2025-07-13T23:58:52.540+0300] {logging_mixin.py:188} INFO - [2025-07-13T23:58:52.540+0300] {dag.py:3954} INFO - Setting next_dagrun for example_branch_labels to 2025-07-12 00:00:00+00:00, run_after=2025-07-13 00:00:00+00:00
[2025-07-13T23:58:52.586+0300] {processor.py:183} INFO - Processing /home/wal/.pyenv/versions/3.12.0/lib/python3.12/site-packages/airflow/example_dags/example_branch_labels.py took 0.304 seconds
[2025-07-13T23:59:49.665+0300] {processor.py:161} INFO - Started process (PID=7619) to work on /home/wal/.pyenv/versions/3.12.0/lib/python3.12/site-packages/airflow/example_dags/example_branch_labels.py
[2025-07-13T23:59:49.682+0300] {processor.py:830} INFO - Processing file /home/wal/.pyenv/versions/3.12.0/lib/python3.12/site-packages/airflow/example_dags/example_branch_labels.py for tasks to queue
[2025-07-13T23:59:49.689+0300] {logging_mixin.py:188} INFO - [2025-07-13T23:59:49.687+0300] {dagbag.py:545} INFO - Filling up the DagBag from /home/wal/.pyenv/versions/3.12.0/lib/python3.12/site-packages/airflow/example_dags/example_branch_labels.py
[2025-07-13T23:59:49.722+0300] {processor.py:840} INFO - DAG(s) 'example_branch_labels' retrieved from /home/wal/.pyenv/versions/3.12.0/lib/python3.12/site-packages/airflow/example_dags/example_branch_labels.py
[2025-07-13T23:59:49.773+0300] {logging_mixin.py:188} INFO - [2025-07-13T23:59:49.773+0300] {dag.py:3096} INFO - Sync 1 DAGs
[2025-07-13T23:59:49.855+0300] {logging_mixin.py:188} INFO - [2025-07-13T23:59:49.854+0300] {dag.py:3954} INFO - Setting next_dagrun for example_branch_labels to 2025-07-12 00:00:00+00:00, run_after=2025-07-13 00:00:00+00:00
[2025-07-13T23:59:49.916+0300] {processor.py:183} INFO - Processing /home/wal/.pyenv/versions/3.12.0/lib/python3.12/site-packages/airflow/example_dags/example_branch_labels.py took 0.297 seconds
[2025-07-14T00:00:48.598+0300] {processor.py:161} INFO - Started process (PID=7687) to work on /home/wal/.pyenv/versions/3.12.0/lib/python3.12/site-packages/airflow/example_dags/example_branch_labels.py
[2025-07-14T00:00:48.605+0300] {processor.py:830} INFO - Processing file /home/wal/.pyenv/versions/3.12.0/lib/python3.12/site-packages/airflow/example_dags/example_branch_labels.py for tasks to queue
[2025-07-14T00:00:48.607+0300] {logging_mixin.py:188} INFO - [2025-07-14T00:00:48.607+0300] {dagbag.py:545} INFO - Filling up the DagBag from /home/wal/.pyenv/versions/3.12.0/lib/python3.12/site-packages/airflow/example_dags/example_branch_labels.py
[2025-07-14T00:00:48.618+0300] {processor.py:840} INFO - DAG(s) 'example_branch_labels' retrieved from /home/wal/.pyenv/versions/3.12.0/lib/python3.12/site-packages/airflow/example_dags/example_branch_labels.py
[2025-07-14T00:00:48.646+0300] {logging_mixin.py:188} INFO - [2025-07-14T00:00:48.646+0300] {dag.py:3096} INFO - Sync 1 DAGs
[2025-07-14T00:00:48.680+0300] {logging_mixin.py:188} INFO - [2025-07-14T00:00:48.680+0300] {dag.py:3954} INFO - Setting next_dagrun for example_branch_labels to 2025-07-12 00:00:00+00:00, run_after=2025-07-13 00:00:00+00:00
[2025-07-14T00:00:48.718+0300] {processor.py:183} INFO - Processing /home/wal/.pyenv/versions/3.12.0/lib/python3.12/site-packages/airflow/example_dags/example_branch_labels.py took 0.128 seconds
[2025-07-14T00:01:42.331+0300] {processor.py:161} INFO - Started process (PID=7736) to work on /home/wal/.pyenv/versions/3.12.0/lib/python3.12/site-packages/airflow/example_dags/example_branch_labels.py
[2025-07-14T00:01:42.337+0300] {processor.py:830} INFO - Processing file /home/wal/.pyenv/versions/3.12.0/lib/python3.12/site-packages/airflow/example_dags/example_branch_labels.py for tasks to queue
[2025-07-14T00:01:42.342+0300] {logging_mixin.py:188} INFO - [2025-07-14T00:01:42.340+0300] {dagbag.py:545} INFO - Filling up the DagBag from /home/wal/.pyenv/versions/3.12.0/lib/python3.12/site-packages/airflow/example_dags/example_branch_labels.py
[2025-07-14T00:01:42.351+0300] {processor.py:840} INFO - DAG(s) 'example_branch_labels' retrieved from /home/wal/.pyenv/versions/3.12.0/lib/python3.12/site-packages/airflow/example_dags/example_branch_labels.py
[2025-07-14T00:01:42.378+0300] {logging_mixin.py:188} INFO - [2025-07-14T00:01:42.378+0300] {dag.py:3096} INFO - Sync 1 DAGs
[2025-07-14T00:01:42.411+0300] {logging_mixin.py:188} INFO - [2025-07-14T00:01:42.411+0300] {dag.py:3954} INFO - Setting next_dagrun for example_branch_labels to 2025-07-12 00:00:00+00:00, run_after=2025-07-13 00:00:00+00:00
[2025-07-14T00:01:42.445+0300] {processor.py:183} INFO - Processing /home/wal/.pyenv/versions/3.12.0/lib/python3.12/site-packages/airflow/example_dags/example_branch_labels.py took 0.123 seconds
[2025-07-14T00:02:41.506+0300] {processor.py:161} INFO - Started process (PID=7787) to work on /home/wal/.pyenv/versions/3.12.0/lib/python3.12/site-packages/airflow/example_dags/example_branch_labels.py
[2025-07-14T00:02:41.512+0300] {processor.py:830} INFO - Processing file /home/wal/.pyenv/versions/3.12.0/lib/python3.12/site-packages/airflow/example_dags/example_branch_labels.py for tasks to queue
[2025-07-14T00:02:41.514+0300] {logging_mixin.py:188} INFO - [2025-07-14T00:02:41.514+0300] {dagbag.py:545} INFO - Filling up the DagBag from /home/wal/.pyenv/versions/3.12.0/lib/python3.12/site-packages/airflow/example_dags/example_branch_labels.py
[2025-07-14T00:02:41.528+0300] {processor.py:840} INFO - DAG(s) 'example_branch_labels' retrieved from /home/wal/.pyenv/versions/3.12.0/lib/python3.12/site-packages/airflow/example_dags/example_branch_labels.py
[2025-07-14T00:02:41.553+0300] {logging_mixin.py:188} INFO - [2025-07-14T00:02:41.553+0300] {dag.py:3096} INFO - Sync 1 DAGs
[2025-07-14T00:02:41.587+0300] {logging_mixin.py:188} INFO - [2025-07-14T00:02:41.586+0300] {dag.py:3954} INFO - Setting next_dagrun for example_branch_labels to 2025-07-12 00:00:00+00:00, run_after=2025-07-13 00:00:00+00:00
[2025-07-14T00:02:41.615+0300] {processor.py:183} INFO - Processing /home/wal/.pyenv/versions/3.12.0/lib/python3.12/site-packages/airflow/example_dags/example_branch_labels.py took 0.116 seconds
[2025-07-14T00:03:35.007+0300] {processor.py:161} INFO - Started process (PID=7840) to work on /home/wal/.pyenv/versions/3.12.0/lib/python3.12/site-packages/airflow/example_dags/example_branch_labels.py
[2025-07-14T00:03:35.009+0300] {processor.py:830} INFO - Processing file /home/wal/.pyenv/versions/3.12.0/lib/python3.12/site-packages/airflow/example_dags/example_branch_labels.py for tasks to queue
[2025-07-14T00:03:35.013+0300] {logging_mixin.py:188} INFO - [2025-07-14T00:03:35.012+0300] {dagbag.py:545} INFO - Filling up the DagBag from /home/wal/.pyenv/versions/3.12.0/lib/python3.12/site-packages/airflow/example_dags/example_branch_labels.py
[2025-07-14T00:03:35.045+0300] {processor.py:840} INFO - DAG(s) 'example_branch_labels' retrieved from /home/wal/.pyenv/versions/3.12.0/lib/python3.12/site-packages/airflow/example_dags/example_branch_labels.py
[2025-07-14T00:03:35.087+0300] {logging_mixin.py:188} INFO - [2025-07-14T00:03:35.086+0300] {dag.py:3096} INFO - Sync 1 DAGs
[2025-07-14T00:03:35.142+0300] {logging_mixin.py:188} INFO - [2025-07-14T00:03:35.142+0300] {dag.py:3954} INFO - Setting next_dagrun for example_branch_labels to 2025-07-12 00:00:00+00:00, run_after=2025-07-13 00:00:00+00:00
[2025-07-14T00:03:36.310+0300] {processor.py:183} INFO - Processing /home/wal/.pyenv/versions/3.12.0/lib/python3.12/site-packages/airflow/example_dags/example_branch_labels.py took 0.201 seconds
[2025-07-14T00:04:27.939+0300] {processor.py:161} INFO - Started process (PID=7888) to work on /home/wal/.pyenv/versions/3.12.0/lib/python3.12/site-packages/airflow/example_dags/example_branch_labels.py
[2025-07-14T00:04:27.944+0300] {processor.py:830} INFO - Processing file /home/wal/.pyenv/versions/3.12.0/lib/python3.12/site-packages/airflow/example_dags/example_branch_labels.py for tasks to queue
[2025-07-14T00:04:27.947+0300] {logging_mixin.py:188} INFO - [2025-07-14T00:04:27.947+0300] {dagbag.py:545} INFO - Filling up the DagBag from /home/wal/.pyenv/versions/3.12.0/lib/python3.12/site-packages/airflow/example_dags/example_branch_labels.py
[2025-07-14T00:04:27.956+0300] {processor.py:840} INFO - DAG(s) 'example_branch_labels' retrieved from /home/wal/.pyenv/versions/3.12.0/lib/python3.12/site-packages/airflow/example_dags/example_branch_labels.py
[2025-07-14T00:04:27.980+0300] {logging_mixin.py:188} INFO - [2025-07-14T00:04:27.980+0300] {dag.py:3096} INFO - Sync 1 DAGs
[2025-07-14T00:04:28.007+0300] {logging_mixin.py:188} INFO - [2025-07-14T00:04:28.006+0300] {dag.py:3954} INFO - Setting next_dagrun for example_branch_labels to 2025-07-12 00:00:00+00:00, run_after=2025-07-13 00:00:00+00:00
[2025-07-14T00:04:28.038+0300] {processor.py:183} INFO - Processing /home/wal/.pyenv/versions/3.12.0/lib/python3.12/site-packages/airflow/example_dags/example_branch_labels.py took 0.106 seconds
[2025-07-14T00:05:20.202+0300] {processor.py:161} INFO - Started process (PID=7942) to work on /home/wal/.pyenv/versions/3.12.0/lib/python3.12/site-packages/airflow/example_dags/example_branch_labels.py
[2025-07-14T00:05:20.208+0300] {processor.py:830} INFO - Processing file /home/wal/.pyenv/versions/3.12.0/lib/python3.12/site-packages/airflow/example_dags/example_branch_labels.py for tasks to queue
[2025-07-14T00:05:20.211+0300] {logging_mixin.py:188} INFO - [2025-07-14T00:05:20.210+0300] {dagbag.py:545} INFO - Filling up the DagBag from /home/wal/.pyenv/versions/3.12.0/lib/python3.12/site-packages/airflow/example_dags/example_branch_labels.py
[2025-07-14T00:05:20.222+0300] {processor.py:840} INFO - DAG(s) 'example_branch_labels' retrieved from /home/wal/.pyenv/versions/3.12.0/lib/python3.12/site-packages/airflow/example_dags/example_branch_labels.py
[2025-07-14T00:05:20.254+0300] {logging_mixin.py:188} INFO - [2025-07-14T00:05:20.253+0300] {dag.py:3096} INFO - Sync 1 DAGs
[2025-07-14T00:05:20.296+0300] {logging_mixin.py:188} INFO - [2025-07-14T00:05:20.296+0300] {dag.py:3954} INFO - Setting next_dagrun for example_branch_labels to 2025-07-12 00:00:00+00:00, run_after=2025-07-13 00:00:00+00:00
[2025-07-14T00:05:20.360+0300] {processor.py:183} INFO - Processing /home/wal/.pyenv/versions/3.12.0/lib/python3.12/site-packages/airflow/example_dags/example_branch_labels.py took 0.169 seconds
[2025-07-14T00:06:13.508+0300] {processor.py:161} INFO - Started process (PID=7991) to work on /home/wal/.pyenv/versions/3.12.0/lib/python3.12/site-packages/airflow/example_dags/example_branch_labels.py
[2025-07-14T00:06:13.514+0300] {processor.py:830} INFO - Processing file /home/wal/.pyenv/versions/3.12.0/lib/python3.12/site-packages/airflow/example_dags/example_branch_labels.py for tasks to queue
[2025-07-14T00:06:13.516+0300] {logging_mixin.py:188} INFO - [2025-07-14T00:06:13.516+0300] {dagbag.py:545} INFO - Filling up the DagBag from /home/wal/.pyenv/versions/3.12.0/lib/python3.12/site-packages/airflow/example_dags/example_branch_labels.py
[2025-07-14T00:06:13.528+0300] {processor.py:840} INFO - DAG(s) 'example_branch_labels' retrieved from /home/wal/.pyenv/versions/3.12.0/lib/python3.12/site-packages/airflow/example_dags/example_branch_labels.py
[2025-07-14T00:06:13.549+0300] {logging_mixin.py:188} INFO - [2025-07-14T00:06:13.548+0300] {dag.py:3096} INFO - Sync 1 DAGs
[2025-07-14T00:06:13.577+0300] {logging_mixin.py:188} INFO - [2025-07-14T00:06:13.577+0300] {dag.py:3954} INFO - Setting next_dagrun for example_branch_labels to 2025-07-12 00:00:00+00:00, run_after=2025-07-13 00:00:00+00:00
[2025-07-14T00:06:13.610+0300] {processor.py:183} INFO - Processing /home/wal/.pyenv/versions/3.12.0/lib/python3.12/site-packages/airflow/example_dags/example_branch_labels.py took 0.111 seconds
[2025-07-14T00:07:07.730+0300] {processor.py:161} INFO - Started process (PID=8040) to work on /home/wal/.pyenv/versions/3.12.0/lib/python3.12/site-packages/airflow/example_dags/example_branch_labels.py
[2025-07-14T00:07:07.735+0300] {processor.py:830} INFO - Processing file /home/wal/.pyenv/versions/3.12.0/lib/python3.12/site-packages/airflow/example_dags/example_branch_labels.py for tasks to queue
[2025-07-14T00:07:07.738+0300] {logging_mixin.py:188} INFO - [2025-07-14T00:07:07.737+0300] {dagbag.py:545} INFO - Filling up the DagBag from /home/wal/.pyenv/versions/3.12.0/lib/python3.12/site-packages/airflow/example_dags/example_branch_labels.py
[2025-07-14T00:07:07.755+0300] {processor.py:840} INFO - DAG(s) 'example_branch_labels' retrieved from /home/wal/.pyenv/versions/3.12.0/lib/python3.12/site-packages/airflow/example_dags/example_branch_labels.py
[2025-07-14T00:07:07.796+0300] {logging_mixin.py:188} INFO - [2025-07-14T00:07:07.796+0300] {dag.py:3096} INFO - Sync 1 DAGs
[2025-07-14T00:07:07.826+0300] {logging_mixin.py:188} INFO - [2025-07-14T00:07:07.826+0300] {dag.py:3954} INFO - Setting next_dagrun for example_branch_labels to 2025-07-12 00:00:00+00:00, run_after=2025-07-13 00:00:00+00:00
[2025-07-14T00:07:07.858+0300] {processor.py:183} INFO - Processing /home/wal/.pyenv/versions/3.12.0/lib/python3.12/site-packages/airflow/example_dags/example_branch_labels.py took 0.142 seconds
[2025-07-14T00:08:08.912+0300] {processor.py:161} INFO - Started process (PID=8091) to work on /home/wal/.pyenv/versions/3.12.0/lib/python3.12/site-packages/airflow/example_dags/example_branch_labels.py
[2025-07-14T00:08:08.914+0300] {processor.py:830} INFO - Processing file /home/wal/.pyenv/versions/3.12.0/lib/python3.12/site-packages/airflow/example_dags/example_branch_labels.py for tasks to queue
[2025-07-14T00:08:08.919+0300] {logging_mixin.py:188} INFO - [2025-07-14T00:08:08.919+0300] {dagbag.py:545} INFO - Filling up the DagBag from /home/wal/.pyenv/versions/3.12.0/lib/python3.12/site-packages/airflow/example_dags/example_branch_labels.py
[2025-07-14T00:08:08.934+0300] {processor.py:840} INFO - DAG(s) 'example_branch_labels' retrieved from /home/wal/.pyenv/versions/3.12.0/lib/python3.12/site-packages/airflow/example_dags/example_branch_labels.py
[2025-07-14T00:08:08.970+0300] {logging_mixin.py:188} INFO - [2025-07-14T00:08:08.970+0300] {dag.py:3096} INFO - Sync 1 DAGs
[2025-07-14T00:08:09.007+0300] {logging_mixin.py:188} INFO - [2025-07-14T00:08:09.006+0300] {dag.py:3954} INFO - Setting next_dagrun for example_branch_labels to 2025-07-12 00:00:00+00:00, run_after=2025-07-13 00:00:00+00:00
[2025-07-14T00:08:09.044+0300] {processor.py:183} INFO - Processing /home/wal/.pyenv/versions/3.12.0/lib/python3.12/site-packages/airflow/example_dags/example_branch_labels.py took 0.141 seconds
