[2025-07-13T22:56:18.335+0300] {processor.py:161} INFO - Started process (PID=4030) to work on /home/wal/.pyenv/versions/3.12.0/lib/python3.12/site-packages/airflow/example_dags/example_nested_branch_dag.py
[2025-07-13T22:56:18.336+0300] {processor.py:830} INFO - Processing file /home/wal/.pyenv/versions/3.12.0/lib/python3.12/site-packages/airflow/example_dags/example_nested_branch_dag.py for tasks to queue
[2025-07-13T22:56:18.339+0300] {logging_mixin.py:188} INFO - [2025-07-13T22:56:18.338+0300] {dagbag.py:545} INFO - Filling up the DagBag from /home/wal/.pyenv/versions/3.12.0/lib/python3.12/site-packages/airflow/example_dags/example_nested_branch_dag.py
[2025-07-13T22:56:18.357+0300] {processor.py:840} INFO - DAG(s) 'example_nested_branch_dag' retrieved from /home/wal/.pyenv/versions/3.12.0/lib/python3.12/site-packages/airflow/example_dags/example_nested_branch_dag.py
[2025-07-13T22:56:18.382+0300] {logging_mixin.py:188} INFO - [2025-07-13T22:56:18.381+0300] {dag.py:3096} INFO - Sync 1 DAGs
[2025-07-13T22:56:18.408+0300] {logging_mixin.py:188} INFO - [2025-07-13T22:56:18.408+0300] {dag.py:3954} INFO - Setting next_dagrun for example_nested_branch_dag to 2025-07-12 00:00:00+00:00, run_after=2025-07-13 00:00:00+00:00
[2025-07-13T22:56:18.440+0300] {processor.py:183} INFO - Processing /home/wal/.pyenv/versions/3.12.0/lib/python3.12/site-packages/airflow/example_dags/example_nested_branch_dag.py took 0.114 seconds
[2025-07-13T22:57:15.249+0300] {processor.py:161} INFO - Started process (PID=4169) to work on /home/wal/.pyenv/versions/3.12.0/lib/python3.12/site-packages/airflow/example_dags/example_nested_branch_dag.py
[2025-07-13T22:57:15.254+0300] {processor.py:830} INFO - Processing file /home/wal/.pyenv/versions/3.12.0/lib/python3.12/site-packages/airflow/example_dags/example_nested_branch_dag.py for tasks to queue
[2025-07-13T22:57:15.256+0300] {logging_mixin.py:188} INFO - [2025-07-13T22:57:15.256+0300] {dagbag.py:545} INFO - Filling up the DagBag from /home/wal/.pyenv/versions/3.12.0/lib/python3.12/site-packages/airflow/example_dags/example_nested_branch_dag.py
[2025-07-13T22:57:15.271+0300] {processor.py:840} INFO - DAG(s) 'example_nested_branch_dag' retrieved from /home/wal/.pyenv/versions/3.12.0/lib/python3.12/site-packages/airflow/example_dags/example_nested_branch_dag.py
[2025-07-13T22:57:15.299+0300] {logging_mixin.py:188} INFO - [2025-07-13T22:57:15.298+0300] {dag.py:3096} INFO - Sync 1 DAGs
[2025-07-13T22:57:15.327+0300] {logging_mixin.py:188} INFO - [2025-07-13T22:57:15.327+0300] {dag.py:3954} INFO - Setting next_dagrun for example_nested_branch_dag to 2025-07-12 00:00:00+00:00, run_after=2025-07-13 00:00:00+00:00
[2025-07-13T22:57:15.357+0300] {processor.py:183} INFO - Processing /home/wal/.pyenv/versions/3.12.0/lib/python3.12/site-packages/airflow/example_dags/example_nested_branch_dag.py took 0.115 seconds
[2025-07-13T22:58:11.526+0300] {processor.py:161} INFO - Started process (PID=4278) to work on /home/wal/.pyenv/versions/3.12.0/lib/python3.12/site-packages/airflow/example_dags/example_nested_branch_dag.py
[2025-07-13T22:58:11.527+0300] {processor.py:830} INFO - Processing file /home/wal/.pyenv/versions/3.12.0/lib/python3.12/site-packages/airflow/example_dags/example_nested_branch_dag.py for tasks to queue
[2025-07-13T22:58:11.529+0300] {logging_mixin.py:188} INFO - [2025-07-13T22:58:11.529+0300] {dagbag.py:545} INFO - Filling up the DagBag from /home/wal/.pyenv/versions/3.12.0/lib/python3.12/site-packages/airflow/example_dags/example_nested_branch_dag.py
[2025-07-13T22:58:11.540+0300] {processor.py:840} INFO - DAG(s) 'example_nested_branch_dag' retrieved from /home/wal/.pyenv/versions/3.12.0/lib/python3.12/site-packages/airflow/example_dags/example_nested_branch_dag.py
[2025-07-13T22:58:11.562+0300] {logging_mixin.py:188} INFO - [2025-07-13T22:58:11.561+0300] {dag.py:3096} INFO - Sync 1 DAGs
[2025-07-13T22:58:11.598+0300] {logging_mixin.py:188} INFO - [2025-07-13T22:58:11.597+0300] {dag.py:3954} INFO - Setting next_dagrun for example_nested_branch_dag to 2025-07-12 00:00:00+00:00, run_after=2025-07-13 00:00:00+00:00
[2025-07-13T22:58:11.631+0300] {processor.py:183} INFO - Processing /home/wal/.pyenv/versions/3.12.0/lib/python3.12/site-packages/airflow/example_dags/example_nested_branch_dag.py took 0.112 seconds
[2025-07-13T22:59:55.075+0300] {processor.py:161} INFO - Started process (PID=4537) to work on /home/wal/.pyenv/versions/3.12.0/lib/python3.12/site-packages/airflow/example_dags/example_nested_branch_dag.py
[2025-07-13T22:59:55.077+0300] {processor.py:830} INFO - Processing file /home/wal/.pyenv/versions/3.12.0/lib/python3.12/site-packages/airflow/example_dags/example_nested_branch_dag.py for tasks to queue
[2025-07-13T22:59:55.080+0300] {logging_mixin.py:188} INFO - [2025-07-13T22:59:55.080+0300] {dagbag.py:545} INFO - Filling up the DagBag from /home/wal/.pyenv/versions/3.12.0/lib/python3.12/site-packages/airflow/example_dags/example_nested_branch_dag.py
[2025-07-13T22:59:55.102+0300] {processor.py:840} INFO - DAG(s) 'example_nested_branch_dag' retrieved from /home/wal/.pyenv/versions/3.12.0/lib/python3.12/site-packages/airflow/example_dags/example_nested_branch_dag.py
[2025-07-13T22:59:55.305+0300] {logging_mixin.py:188} INFO - [2025-07-13T22:59:55.304+0300] {dag.py:3096} INFO - Sync 1 DAGs
[2025-07-13T22:59:55.328+0300] {logging_mixin.py:188} INFO - [2025-07-13T22:59:55.328+0300] {dag.py:3954} INFO - Setting next_dagrun for example_nested_branch_dag to 2025-07-12 00:00:00+00:00, run_after=2025-07-13 00:00:00+00:00
[2025-07-13T22:59:55.361+0300] {processor.py:183} INFO - Processing /home/wal/.pyenv/versions/3.12.0/lib/python3.12/site-packages/airflow/example_dags/example_nested_branch_dag.py took 0.301 seconds
[2025-07-13T23:01:32.495+0300] {processor.py:161} INFO - Started process (PID=4605) to work on /home/wal/.pyenv/versions/3.12.0/lib/python3.12/site-packages/airflow/example_dags/example_nested_branch_dag.py
[2025-07-13T23:01:32.500+0300] {processor.py:830} INFO - Processing file /home/wal/.pyenv/versions/3.12.0/lib/python3.12/site-packages/airflow/example_dags/example_nested_branch_dag.py for tasks to queue
[2025-07-13T23:01:32.506+0300] {logging_mixin.py:188} INFO - [2025-07-13T23:01:32.505+0300] {dagbag.py:545} INFO - Filling up the DagBag from /home/wal/.pyenv/versions/3.12.0/lib/python3.12/site-packages/airflow/example_dags/example_nested_branch_dag.py
[2025-07-13T23:01:32.571+0300] {processor.py:840} INFO - DAG(s) 'example_nested_branch_dag' retrieved from /home/wal/.pyenv/versions/3.12.0/lib/python3.12/site-packages/airflow/example_dags/example_nested_branch_dag.py
[2025-07-13T23:01:32.683+0300] {logging_mixin.py:188} INFO - [2025-07-13T23:01:32.682+0300] {dag.py:3096} INFO - Sync 1 DAGs
[2025-07-13T23:01:32.869+0300] {logging_mixin.py:188} INFO - [2025-07-13T23:01:32.868+0300] {dag.py:3954} INFO - Setting next_dagrun for example_nested_branch_dag to 2025-07-12 00:00:00+00:00, run_after=2025-07-13 00:00:00+00:00
[2025-07-13T23:01:33.026+0300] {processor.py:183} INFO - Processing /home/wal/.pyenv/versions/3.12.0/lib/python3.12/site-packages/airflow/example_dags/example_nested_branch_dag.py took 0.574 seconds
[2025-07-13T23:02:55.315+0300] {processor.py:161} INFO - Started process (PID=4658) to work on /home/wal/.pyenv/versions/3.12.0/lib/python3.12/site-packages/airflow/example_dags/example_nested_branch_dag.py
[2025-07-13T23:02:55.322+0300] {processor.py:830} INFO - Processing file /home/wal/.pyenv/versions/3.12.0/lib/python3.12/site-packages/airflow/example_dags/example_nested_branch_dag.py for tasks to queue
[2025-07-13T23:02:55.326+0300] {logging_mixin.py:188} INFO - [2025-07-13T23:02:55.325+0300] {dagbag.py:545} INFO - Filling up the DagBag from /home/wal/.pyenv/versions/3.12.0/lib/python3.12/site-packages/airflow/example_dags/example_nested_branch_dag.py
[2025-07-13T23:02:55.353+0300] {processor.py:840} INFO - DAG(s) 'example_nested_branch_dag' retrieved from /home/wal/.pyenv/versions/3.12.0/lib/python3.12/site-packages/airflow/example_dags/example_nested_branch_dag.py
[2025-07-13T23:02:55.406+0300] {logging_mixin.py:188} INFO - [2025-07-13T23:02:55.405+0300] {dag.py:3096} INFO - Sync 1 DAGs
[2025-07-13T23:02:55.471+0300] {logging_mixin.py:188} INFO - [2025-07-13T23:02:55.470+0300] {dag.py:3954} INFO - Setting next_dagrun for example_nested_branch_dag to 2025-07-12 00:00:00+00:00, run_after=2025-07-13 00:00:00+00:00
[2025-07-13T23:02:55.528+0300] {processor.py:183} INFO - Processing /home/wal/.pyenv/versions/3.12.0/lib/python3.12/site-packages/airflow/example_dags/example_nested_branch_dag.py took 0.239 seconds
[2025-07-13T23:04:19.751+0300] {processor.py:161} INFO - Started process (PID=4724) to work on /home/wal/.pyenv/versions/3.12.0/lib/python3.12/site-packages/airflow/example_dags/example_nested_branch_dag.py
[2025-07-13T23:04:19.757+0300] {processor.py:830} INFO - Processing file /home/wal/.pyenv/versions/3.12.0/lib/python3.12/site-packages/airflow/example_dags/example_nested_branch_dag.py for tasks to queue
[2025-07-13T23:04:19.760+0300] {logging_mixin.py:188} INFO - [2025-07-13T23:04:19.759+0300] {dagbag.py:545} INFO - Filling up the DagBag from /home/wal/.pyenv/versions/3.12.0/lib/python3.12/site-packages/airflow/example_dags/example_nested_branch_dag.py
[2025-07-13T23:04:19.795+0300] {processor.py:840} INFO - DAG(s) 'example_nested_branch_dag' retrieved from /home/wal/.pyenv/versions/3.12.0/lib/python3.12/site-packages/airflow/example_dags/example_nested_branch_dag.py
[2025-07-13T23:04:19.865+0300] {logging_mixin.py:188} INFO - [2025-07-13T23:04:19.864+0300] {dag.py:3096} INFO - Sync 1 DAGs
[2025-07-13T23:04:19.953+0300] {logging_mixin.py:188} INFO - [2025-07-13T23:04:19.951+0300] {dag.py:3954} INFO - Setting next_dagrun for example_nested_branch_dag to 2025-07-12 00:00:00+00:00, run_after=2025-07-13 00:00:00+00:00
[2025-07-13T23:04:20.000+0300] {processor.py:183} INFO - Processing /home/wal/.pyenv/versions/3.12.0/lib/python3.12/site-packages/airflow/example_dags/example_nested_branch_dag.py took 0.264 seconds
[2025-07-13T23:05:34.068+0300] {processor.py:161} INFO - Started process (PID=4788) to work on /home/wal/.pyenv/versions/3.12.0/lib/python3.12/site-packages/airflow/example_dags/example_nested_branch_dag.py
[2025-07-13T23:05:34.072+0300] {processor.py:830} INFO - Processing file /home/wal/.pyenv/versions/3.12.0/lib/python3.12/site-packages/airflow/example_dags/example_nested_branch_dag.py for tasks to queue
[2025-07-13T23:05:34.085+0300] {logging_mixin.py:188} INFO - [2025-07-13T23:05:34.084+0300] {dagbag.py:545} INFO - Filling up the DagBag from /home/wal/.pyenv/versions/3.12.0/lib/python3.12/site-packages/airflow/example_dags/example_nested_branch_dag.py
[2025-07-13T23:05:34.161+0300] {processor.py:840} INFO - DAG(s) 'example_nested_branch_dag' retrieved from /home/wal/.pyenv/versions/3.12.0/lib/python3.12/site-packages/airflow/example_dags/example_nested_branch_dag.py
[2025-07-13T23:05:34.280+0300] {logging_mixin.py:188} INFO - [2025-07-13T23:05:34.279+0300] {dag.py:3096} INFO - Sync 1 DAGs
[2025-07-13T23:05:34.457+0300] {logging_mixin.py:188} INFO - [2025-07-13T23:05:34.455+0300] {dag.py:3954} INFO - Setting next_dagrun for example_nested_branch_dag to 2025-07-12 00:00:00+00:00, run_after=2025-07-13 00:00:00+00:00
[2025-07-13T23:05:34.590+0300] {processor.py:183} INFO - Processing /home/wal/.pyenv/versions/3.12.0/lib/python3.12/site-packages/airflow/example_dags/example_nested_branch_dag.py took 0.577 seconds
[2025-07-13T23:07:13.570+0300] {processor.py:161} INFO - Started process (PID=4855) to work on /home/wal/.pyenv/versions/3.12.0/lib/python3.12/site-packages/airflow/example_dags/example_nested_branch_dag.py
[2025-07-13T23:07:13.578+0300] {processor.py:830} INFO - Processing file /home/wal/.pyenv/versions/3.12.0/lib/python3.12/site-packages/airflow/example_dags/example_nested_branch_dag.py for tasks to queue
[2025-07-13T23:07:13.585+0300] {logging_mixin.py:188} INFO - [2025-07-13T23:07:13.583+0300] {dagbag.py:545} INFO - Filling up the DagBag from /home/wal/.pyenv/versions/3.12.0/lib/python3.12/site-packages/airflow/example_dags/example_nested_branch_dag.py
[2025-07-13T23:07:13.627+0300] {processor.py:840} INFO - DAG(s) 'example_nested_branch_dag' retrieved from /home/wal/.pyenv/versions/3.12.0/lib/python3.12/site-packages/airflow/example_dags/example_nested_branch_dag.py
[2025-07-13T23:07:13.756+0300] {logging_mixin.py:188} INFO - [2025-07-13T23:07:13.755+0300] {dag.py:3096} INFO - Sync 1 DAGs
[2025-07-13T23:07:13.885+0300] {logging_mixin.py:188} INFO - [2025-07-13T23:07:13.884+0300] {dag.py:3954} INFO - Setting next_dagrun for example_nested_branch_dag to 2025-07-12 00:00:00+00:00, run_after=2025-07-13 00:00:00+00:00
[2025-07-13T23:07:13.976+0300] {processor.py:183} INFO - Processing /home/wal/.pyenv/versions/3.12.0/lib/python3.12/site-packages/airflow/example_dags/example_nested_branch_dag.py took 0.439 seconds
[2025-07-13T23:08:21.773+0300] {processor.py:161} INFO - Started process (PID=4913) to work on /home/wal/.pyenv/versions/3.12.0/lib/python3.12/site-packages/airflow/example_dags/example_nested_branch_dag.py
[2025-07-13T23:08:21.780+0300] {processor.py:830} INFO - Processing file /home/wal/.pyenv/versions/3.12.0/lib/python3.12/site-packages/airflow/example_dags/example_nested_branch_dag.py for tasks to queue
[2025-07-13T23:08:21.784+0300] {logging_mixin.py:188} INFO - [2025-07-13T23:08:21.783+0300] {dagbag.py:545} INFO - Filling up the DagBag from /home/wal/.pyenv/versions/3.12.0/lib/python3.12/site-packages/airflow/example_dags/example_nested_branch_dag.py
[2025-07-13T23:08:21.802+0300] {processor.py:840} INFO - DAG(s) 'example_nested_branch_dag' retrieved from /home/wal/.pyenv/versions/3.12.0/lib/python3.12/site-packages/airflow/example_dags/example_nested_branch_dag.py
[2025-07-13T23:08:21.836+0300] {logging_mixin.py:188} INFO - [2025-07-13T23:08:21.836+0300] {dag.py:3096} INFO - Sync 1 DAGs
[2025-07-13T23:08:21.893+0300] {logging_mixin.py:188} INFO - [2025-07-13T23:08:21.893+0300] {dag.py:3954} INFO - Setting next_dagrun for example_nested_branch_dag to 2025-07-12 00:00:00+00:00, run_after=2025-07-13 00:00:00+00:00
[2025-07-13T23:08:21.972+0300] {processor.py:183} INFO - Processing /home/wal/.pyenv/versions/3.12.0/lib/python3.12/site-packages/airflow/example_dags/example_nested_branch_dag.py took 0.211 seconds
[2025-07-13T23:09:22.283+0300] {processor.py:161} INFO - Started process (PID=4966) to work on /home/wal/.pyenv/versions/3.12.0/lib/python3.12/site-packages/airflow/example_dags/example_nested_branch_dag.py
[2025-07-13T23:09:22.289+0300] {processor.py:830} INFO - Processing file /home/wal/.pyenv/versions/3.12.0/lib/python3.12/site-packages/airflow/example_dags/example_nested_branch_dag.py for tasks to queue
[2025-07-13T23:09:22.293+0300] {logging_mixin.py:188} INFO - [2025-07-13T23:09:22.292+0300] {dagbag.py:545} INFO - Filling up the DagBag from /home/wal/.pyenv/versions/3.12.0/lib/python3.12/site-packages/airflow/example_dags/example_nested_branch_dag.py
[2025-07-13T23:09:22.314+0300] {processor.py:840} INFO - DAG(s) 'example_nested_branch_dag' retrieved from /home/wal/.pyenv/versions/3.12.0/lib/python3.12/site-packages/airflow/example_dags/example_nested_branch_dag.py
[2025-07-13T23:09:22.347+0300] {logging_mixin.py:188} INFO - [2025-07-13T23:09:22.347+0300] {dag.py:3096} INFO - Sync 1 DAGs
[2025-07-13T23:09:22.392+0300] {logging_mixin.py:188} INFO - [2025-07-13T23:09:22.391+0300] {dag.py:3954} INFO - Setting next_dagrun for example_nested_branch_dag to 2025-07-12 00:00:00+00:00, run_after=2025-07-13 00:00:00+00:00
[2025-07-13T23:09:22.450+0300] {processor.py:183} INFO - Processing /home/wal/.pyenv/versions/3.12.0/lib/python3.12/site-packages/airflow/example_dags/example_nested_branch_dag.py took 0.178 seconds
[2025-07-13T23:10:31.949+0300] {processor.py:161} INFO - Started process (PID=5023) to work on /home/wal/.pyenv/versions/3.12.0/lib/python3.12/site-packages/airflow/example_dags/example_nested_branch_dag.py
[2025-07-13T23:10:31.951+0300] {processor.py:830} INFO - Processing file /home/wal/.pyenv/versions/3.12.0/lib/python3.12/site-packages/airflow/example_dags/example_nested_branch_dag.py for tasks to queue
[2025-07-13T23:10:31.953+0300] {logging_mixin.py:188} INFO - [2025-07-13T23:10:31.953+0300] {dagbag.py:545} INFO - Filling up the DagBag from /home/wal/.pyenv/versions/3.12.0/lib/python3.12/site-packages/airflow/example_dags/example_nested_branch_dag.py
[2025-07-13T23:10:31.967+0300] {processor.py:840} INFO - DAG(s) 'example_nested_branch_dag' retrieved from /home/wal/.pyenv/versions/3.12.0/lib/python3.12/site-packages/airflow/example_dags/example_nested_branch_dag.py
[2025-07-13T23:10:31.987+0300] {logging_mixin.py:188} INFO - [2025-07-13T23:10:31.987+0300] {dag.py:3096} INFO - Sync 1 DAGs
[2025-07-13T23:10:32.014+0300] {logging_mixin.py:188} INFO - [2025-07-13T23:10:32.014+0300] {dag.py:3954} INFO - Setting next_dagrun for example_nested_branch_dag to 2025-07-12 00:00:00+00:00, run_after=2025-07-13 00:00:00+00:00
[2025-07-13T23:10:32.044+0300] {processor.py:183} INFO - Processing /home/wal/.pyenv/versions/3.12.0/lib/python3.12/site-packages/airflow/example_dags/example_nested_branch_dag.py took 0.101 seconds
[2025-07-13T23:11:28.663+0300] {processor.py:161} INFO - Started process (PID=5075) to work on /home/wal/.pyenv/versions/3.12.0/lib/python3.12/site-packages/airflow/example_dags/example_nested_branch_dag.py
[2025-07-13T23:11:28.665+0300] {processor.py:830} INFO - Processing file /home/wal/.pyenv/versions/3.12.0/lib/python3.12/site-packages/airflow/example_dags/example_nested_branch_dag.py for tasks to queue
[2025-07-13T23:11:28.667+0300] {logging_mixin.py:188} INFO - [2025-07-13T23:11:28.667+0300] {dagbag.py:545} INFO - Filling up the DagBag from /home/wal/.pyenv/versions/3.12.0/lib/python3.12/site-packages/airflow/example_dags/example_nested_branch_dag.py
[2025-07-13T23:11:28.679+0300] {processor.py:840} INFO - DAG(s) 'example_nested_branch_dag' retrieved from /home/wal/.pyenv/versions/3.12.0/lib/python3.12/site-packages/airflow/example_dags/example_nested_branch_dag.py
[2025-07-13T23:11:28.702+0300] {logging_mixin.py:188} INFO - [2025-07-13T23:11:28.701+0300] {dag.py:3096} INFO - Sync 1 DAGs
[2025-07-13T23:11:28.725+0300] {logging_mixin.py:188} INFO - [2025-07-13T23:11:28.725+0300] {dag.py:3954} INFO - Setting next_dagrun for example_nested_branch_dag to 2025-07-12 00:00:00+00:00, run_after=2025-07-13 00:00:00+00:00
[2025-07-13T23:11:28.757+0300] {processor.py:183} INFO - Processing /home/wal/.pyenv/versions/3.12.0/lib/python3.12/site-packages/airflow/example_dags/example_nested_branch_dag.py took 0.100 seconds
[2025-07-13T23:12:39.526+0300] {processor.py:161} INFO - Started process (PID=5138) to work on /home/wal/.pyenv/versions/3.12.0/lib/python3.12/site-packages/airflow/example_dags/example_nested_branch_dag.py
[2025-07-13T23:12:39.527+0300] {processor.py:830} INFO - Processing file /home/wal/.pyenv/versions/3.12.0/lib/python3.12/site-packages/airflow/example_dags/example_nested_branch_dag.py for tasks to queue
[2025-07-13T23:12:39.529+0300] {logging_mixin.py:188} INFO - [2025-07-13T23:12:39.529+0300] {dagbag.py:545} INFO - Filling up the DagBag from /home/wal/.pyenv/versions/3.12.0/lib/python3.12/site-packages/airflow/example_dags/example_nested_branch_dag.py
[2025-07-13T23:12:39.551+0300] {processor.py:840} INFO - DAG(s) 'example_nested_branch_dag' retrieved from /home/wal/.pyenv/versions/3.12.0/lib/python3.12/site-packages/airflow/example_dags/example_nested_branch_dag.py
[2025-07-13T23:12:39.578+0300] {logging_mixin.py:188} INFO - [2025-07-13T23:12:39.578+0300] {dag.py:3096} INFO - Sync 1 DAGs
[2025-07-13T23:12:39.615+0300] {logging_mixin.py:188} INFO - [2025-07-13T23:12:39.614+0300] {dag.py:3954} INFO - Setting next_dagrun for example_nested_branch_dag to 2025-07-12 00:00:00+00:00, run_after=2025-07-13 00:00:00+00:00
[2025-07-13T23:12:39.651+0300] {processor.py:183} INFO - Processing /home/wal/.pyenv/versions/3.12.0/lib/python3.12/site-packages/airflow/example_dags/example_nested_branch_dag.py took 0.140 seconds
[2025-07-13T23:13:45.262+0300] {processor.py:161} INFO - Started process (PID=5200) to work on /home/wal/.pyenv/versions/3.12.0/lib/python3.12/site-packages/airflow/example_dags/example_nested_branch_dag.py
[2025-07-13T23:13:45.265+0300] {processor.py:830} INFO - Processing file /home/wal/.pyenv/versions/3.12.0/lib/python3.12/site-packages/airflow/example_dags/example_nested_branch_dag.py for tasks to queue
[2025-07-13T23:13:45.280+0300] {logging_mixin.py:188} INFO - [2025-07-13T23:13:45.269+0300] {dagbag.py:545} INFO - Filling up the DagBag from /home/wal/.pyenv/versions/3.12.0/lib/python3.12/site-packages/airflow/example_dags/example_nested_branch_dag.py
[2025-07-13T23:13:45.353+0300] {processor.py:840} INFO - DAG(s) 'example_nested_branch_dag' retrieved from /home/wal/.pyenv/versions/3.12.0/lib/python3.12/site-packages/airflow/example_dags/example_nested_branch_dag.py
[2025-07-13T23:13:45.479+0300] {logging_mixin.py:188} INFO - [2025-07-13T23:13:45.478+0300] {dag.py:3096} INFO - Sync 1 DAGs
[2025-07-13T23:13:45.647+0300] {logging_mixin.py:188} INFO - [2025-07-13T23:13:45.639+0300] {dag.py:3954} INFO - Setting next_dagrun for example_nested_branch_dag to 2025-07-12 00:00:00+00:00, run_after=2025-07-13 00:00:00+00:00
[2025-07-13T23:13:45.775+0300] {processor.py:183} INFO - Processing /home/wal/.pyenv/versions/3.12.0/lib/python3.12/site-packages/airflow/example_dags/example_nested_branch_dag.py took 0.551 seconds
[2025-07-13T23:14:42.975+0300] {processor.py:161} INFO - Started process (PID=5266) to work on /home/wal/.pyenv/versions/3.12.0/lib/python3.12/site-packages/airflow/example_dags/example_nested_branch_dag.py
[2025-07-13T23:14:42.977+0300] {processor.py:830} INFO - Processing file /home/wal/.pyenv/versions/3.12.0/lib/python3.12/site-packages/airflow/example_dags/example_nested_branch_dag.py for tasks to queue
[2025-07-13T23:14:42.981+0300] {logging_mixin.py:188} INFO - [2025-07-13T23:14:42.981+0300] {dagbag.py:545} INFO - Filling up the DagBag from /home/wal/.pyenv/versions/3.12.0/lib/python3.12/site-packages/airflow/example_dags/example_nested_branch_dag.py
[2025-07-13T23:14:43.013+0300] {processor.py:840} INFO - DAG(s) 'example_nested_branch_dag' retrieved from /home/wal/.pyenv/versions/3.12.0/lib/python3.12/site-packages/airflow/example_dags/example_nested_branch_dag.py
[2025-07-13T23:14:43.051+0300] {logging_mixin.py:188} INFO - [2025-07-13T23:14:43.050+0300] {dag.py:3096} INFO - Sync 1 DAGs
[2025-07-13T23:14:43.087+0300] {logging_mixin.py:188} INFO - [2025-07-13T23:14:43.087+0300] {dag.py:3954} INFO - Setting next_dagrun for example_nested_branch_dag to 2025-07-12 00:00:00+00:00, run_after=2025-07-13 00:00:00+00:00
[2025-07-13T23:14:43.119+0300] {processor.py:183} INFO - Processing /home/wal/.pyenv/versions/3.12.0/lib/python3.12/site-packages/airflow/example_dags/example_nested_branch_dag.py took 0.165 seconds
[2025-07-13T23:15:36.506+0300] {processor.py:161} INFO - Started process (PID=5319) to work on /home/wal/.pyenv/versions/3.12.0/lib/python3.12/site-packages/airflow/example_dags/example_nested_branch_dag.py
[2025-07-13T23:15:36.513+0300] {processor.py:830} INFO - Processing file /home/wal/.pyenv/versions/3.12.0/lib/python3.12/site-packages/airflow/example_dags/example_nested_branch_dag.py for tasks to queue
[2025-07-13T23:15:36.514+0300] {logging_mixin.py:188} INFO - [2025-07-13T23:15:36.514+0300] {dagbag.py:545} INFO - Filling up the DagBag from /home/wal/.pyenv/versions/3.12.0/lib/python3.12/site-packages/airflow/example_dags/example_nested_branch_dag.py
[2025-07-13T23:15:36.527+0300] {processor.py:840} INFO - DAG(s) 'example_nested_branch_dag' retrieved from /home/wal/.pyenv/versions/3.12.0/lib/python3.12/site-packages/airflow/example_dags/example_nested_branch_dag.py
[2025-07-13T23:15:36.549+0300] {logging_mixin.py:188} INFO - [2025-07-13T23:15:36.549+0300] {dag.py:3096} INFO - Sync 1 DAGs
[2025-07-13T23:15:36.577+0300] {logging_mixin.py:188} INFO - [2025-07-13T23:15:36.577+0300] {dag.py:3954} INFO - Setting next_dagrun for example_nested_branch_dag to 2025-07-12 00:00:00+00:00, run_after=2025-07-13 00:00:00+00:00
[2025-07-13T23:15:36.605+0300] {processor.py:183} INFO - Processing /home/wal/.pyenv/versions/3.12.0/lib/python3.12/site-packages/airflow/example_dags/example_nested_branch_dag.py took 0.105 seconds
[2025-07-13T23:16:37.581+0300] {processor.py:161} INFO - Started process (PID=5371) to work on /home/wal/.pyenv/versions/3.12.0/lib/python3.12/site-packages/airflow/example_dags/example_nested_branch_dag.py
[2025-07-13T23:16:37.587+0300] {processor.py:830} INFO - Processing file /home/wal/.pyenv/versions/3.12.0/lib/python3.12/site-packages/airflow/example_dags/example_nested_branch_dag.py for tasks to queue
[2025-07-13T23:16:37.590+0300] {logging_mixin.py:188} INFO - [2025-07-13T23:16:37.590+0300] {dagbag.py:545} INFO - Filling up the DagBag from /home/wal/.pyenv/versions/3.12.0/lib/python3.12/site-packages/airflow/example_dags/example_nested_branch_dag.py
[2025-07-13T23:16:37.605+0300] {processor.py:840} INFO - DAG(s) 'example_nested_branch_dag' retrieved from /home/wal/.pyenv/versions/3.12.0/lib/python3.12/site-packages/airflow/example_dags/example_nested_branch_dag.py
[2025-07-13T23:16:37.630+0300] {logging_mixin.py:188} INFO - [2025-07-13T23:16:37.630+0300] {dag.py:3096} INFO - Sync 1 DAGs
[2025-07-13T23:16:37.661+0300] {logging_mixin.py:188} INFO - [2025-07-13T23:16:37.660+0300] {dag.py:3954} INFO - Setting next_dagrun for example_nested_branch_dag to 2025-07-12 00:00:00+00:00, run_after=2025-07-13 00:00:00+00:00
[2025-07-13T23:16:37.695+0300] {processor.py:183} INFO - Processing /home/wal/.pyenv/versions/3.12.0/lib/python3.12/site-packages/airflow/example_dags/example_nested_branch_dag.py took 0.121 seconds
[2025-07-13T23:17:52.532+0300] {processor.py:161} INFO - Started process (PID=5432) to work on /home/wal/.pyenv/versions/3.12.0/lib/python3.12/site-packages/airflow/example_dags/example_nested_branch_dag.py
[2025-07-13T23:17:52.534+0300] {processor.py:830} INFO - Processing file /home/wal/.pyenv/versions/3.12.0/lib/python3.12/site-packages/airflow/example_dags/example_nested_branch_dag.py for tasks to queue
[2025-07-13T23:17:52.538+0300] {logging_mixin.py:188} INFO - [2025-07-13T23:17:52.538+0300] {dagbag.py:545} INFO - Filling up the DagBag from /home/wal/.pyenv/versions/3.12.0/lib/python3.12/site-packages/airflow/example_dags/example_nested_branch_dag.py
[2025-07-13T23:17:52.557+0300] {processor.py:840} INFO - DAG(s) 'example_nested_branch_dag' retrieved from /home/wal/.pyenv/versions/3.12.0/lib/python3.12/site-packages/airflow/example_dags/example_nested_branch_dag.py
[2025-07-13T23:17:52.590+0300] {logging_mixin.py:188} INFO - [2025-07-13T23:17:52.590+0300] {dag.py:3096} INFO - Sync 1 DAGs
[2025-07-13T23:17:52.628+0300] {logging_mixin.py:188} INFO - [2025-07-13T23:17:52.627+0300] {dag.py:3954} INFO - Setting next_dagrun for example_nested_branch_dag to 2025-07-12 00:00:00+00:00, run_after=2025-07-13 00:00:00+00:00
[2025-07-13T23:17:52.663+0300] {processor.py:183} INFO - Processing /home/wal/.pyenv/versions/3.12.0/lib/python3.12/site-packages/airflow/example_dags/example_nested_branch_dag.py took 0.145 seconds
[2025-07-13T23:18:58.959+0300] {processor.py:161} INFO - Started process (PID=5488) to work on /home/wal/.pyenv/versions/3.12.0/lib/python3.12/site-packages/airflow/example_dags/example_nested_branch_dag.py
[2025-07-13T23:18:58.961+0300] {processor.py:830} INFO - Processing file /home/wal/.pyenv/versions/3.12.0/lib/python3.12/site-packages/airflow/example_dags/example_nested_branch_dag.py for tasks to queue
[2025-07-13T23:18:58.964+0300] {logging_mixin.py:188} INFO - [2025-07-13T23:18:58.963+0300] {dagbag.py:545} INFO - Filling up the DagBag from /home/wal/.pyenv/versions/3.12.0/lib/python3.12/site-packages/airflow/example_dags/example_nested_branch_dag.py
[2025-07-13T23:18:58.977+0300] {processor.py:840} INFO - DAG(s) 'example_nested_branch_dag' retrieved from /home/wal/.pyenv/versions/3.12.0/lib/python3.12/site-packages/airflow/example_dags/example_nested_branch_dag.py
[2025-07-13T23:18:59.005+0300] {logging_mixin.py:188} INFO - [2025-07-13T23:18:59.004+0300] {dag.py:3096} INFO - Sync 1 DAGs
[2025-07-13T23:18:59.037+0300] {logging_mixin.py:188} INFO - [2025-07-13T23:18:59.037+0300] {dag.py:3954} INFO - Setting next_dagrun for example_nested_branch_dag to 2025-07-12 00:00:00+00:00, run_after=2025-07-13 00:00:00+00:00
[2025-07-13T23:18:59.068+0300] {processor.py:183} INFO - Processing /home/wal/.pyenv/versions/3.12.0/lib/python3.12/site-packages/airflow/example_dags/example_nested_branch_dag.py took 0.116 seconds
[2025-07-13T23:20:01.863+0300] {processor.py:161} INFO - Started process (PID=5542) to work on /home/wal/.pyenv/versions/3.12.0/lib/python3.12/site-packages/airflow/example_dags/example_nested_branch_dag.py
[2025-07-13T23:20:01.874+0300] {processor.py:830} INFO - Processing file /home/wal/.pyenv/versions/3.12.0/lib/python3.12/site-packages/airflow/example_dags/example_nested_branch_dag.py for tasks to queue
[2025-07-13T23:20:01.876+0300] {logging_mixin.py:188} INFO - [2025-07-13T23:20:01.876+0300] {dagbag.py:545} INFO - Filling up the DagBag from /home/wal/.pyenv/versions/3.12.0/lib/python3.12/site-packages/airflow/example_dags/example_nested_branch_dag.py
[2025-07-13T23:20:01.895+0300] {processor.py:840} INFO - DAG(s) 'example_nested_branch_dag' retrieved from /home/wal/.pyenv/versions/3.12.0/lib/python3.12/site-packages/airflow/example_dags/example_nested_branch_dag.py
[2025-07-13T23:20:01.931+0300] {logging_mixin.py:188} INFO - [2025-07-13T23:20:01.931+0300] {dag.py:3096} INFO - Sync 1 DAGs
[2025-07-13T23:20:01.971+0300] {logging_mixin.py:188} INFO - [2025-07-13T23:20:01.970+0300] {dag.py:3954} INFO - Setting next_dagrun for example_nested_branch_dag to 2025-07-12 00:00:00+00:00, run_after=2025-07-13 00:00:00+00:00
[2025-07-13T23:20:02.105+0300] {processor.py:183} INFO - Processing /home/wal/.pyenv/versions/3.12.0/lib/python3.12/site-packages/airflow/example_dags/example_nested_branch_dag.py took 0.248 seconds
[2025-07-13T23:21:04.584+0300] {processor.py:161} INFO - Started process (PID=5596) to work on /home/wal/.pyenv/versions/3.12.0/lib/python3.12/site-packages/airflow/example_dags/example_nested_branch_dag.py
[2025-07-13T23:21:04.587+0300] {processor.py:830} INFO - Processing file /home/wal/.pyenv/versions/3.12.0/lib/python3.12/site-packages/airflow/example_dags/example_nested_branch_dag.py for tasks to queue
[2025-07-13T23:21:04.591+0300] {logging_mixin.py:188} INFO - [2025-07-13T23:21:04.590+0300] {dagbag.py:545} INFO - Filling up the DagBag from /home/wal/.pyenv/versions/3.12.0/lib/python3.12/site-packages/airflow/example_dags/example_nested_branch_dag.py
[2025-07-13T23:21:04.617+0300] {processor.py:840} INFO - DAG(s) 'example_nested_branch_dag' retrieved from /home/wal/.pyenv/versions/3.12.0/lib/python3.12/site-packages/airflow/example_dags/example_nested_branch_dag.py
[2025-07-13T23:21:04.655+0300] {logging_mixin.py:188} INFO - [2025-07-13T23:21:04.654+0300] {dag.py:3096} INFO - Sync 1 DAGs
[2025-07-13T23:21:04.706+0300] {logging_mixin.py:188} INFO - [2025-07-13T23:21:04.706+0300] {dag.py:3954} INFO - Setting next_dagrun for example_nested_branch_dag to 2025-07-12 00:00:00+00:00, run_after=2025-07-13 00:00:00+00:00
[2025-07-13T23:21:04.756+0300] {processor.py:183} INFO - Processing /home/wal/.pyenv/versions/3.12.0/lib/python3.12/site-packages/airflow/example_dags/example_nested_branch_dag.py took 0.194 seconds
[2025-07-13T23:22:12.273+0300] {processor.py:161} INFO - Started process (PID=5652) to work on /home/wal/.pyenv/versions/3.12.0/lib/python3.12/site-packages/airflow/example_dags/example_nested_branch_dag.py
[2025-07-13T23:22:12.278+0300] {processor.py:830} INFO - Processing file /home/wal/.pyenv/versions/3.12.0/lib/python3.12/site-packages/airflow/example_dags/example_nested_branch_dag.py for tasks to queue
[2025-07-13T23:22:12.286+0300] {logging_mixin.py:188} INFO - [2025-07-13T23:22:12.284+0300] {dagbag.py:545} INFO - Filling up the DagBag from /home/wal/.pyenv/versions/3.12.0/lib/python3.12/site-packages/airflow/example_dags/example_nested_branch_dag.py
[2025-07-13T23:22:12.357+0300] {processor.py:840} INFO - DAG(s) 'example_nested_branch_dag' retrieved from /home/wal/.pyenv/versions/3.12.0/lib/python3.12/site-packages/airflow/example_dags/example_nested_branch_dag.py
[2025-07-13T23:22:12.474+0300] {logging_mixin.py:188} INFO - [2025-07-13T23:22:12.473+0300] {dag.py:3096} INFO - Sync 1 DAGs
[2025-07-13T23:22:12.656+0300] {logging_mixin.py:188} INFO - [2025-07-13T23:22:12.655+0300] {dag.py:3954} INFO - Setting next_dagrun for example_nested_branch_dag to 2025-07-12 00:00:00+00:00, run_after=2025-07-13 00:00:00+00:00
[2025-07-13T23:22:12.791+0300] {processor.py:183} INFO - Processing /home/wal/.pyenv/versions/3.12.0/lib/python3.12/site-packages/airflow/example_dags/example_nested_branch_dag.py took 0.552 seconds
[2025-07-13T23:23:26.733+0300] {processor.py:161} INFO - Started process (PID=5711) to work on /home/wal/.pyenv/versions/3.12.0/lib/python3.12/site-packages/airflow/example_dags/example_nested_branch_dag.py
[2025-07-13T23:23:26.740+0300] {processor.py:830} INFO - Processing file /home/wal/.pyenv/versions/3.12.0/lib/python3.12/site-packages/airflow/example_dags/example_nested_branch_dag.py for tasks to queue
[2025-07-13T23:23:26.748+0300] {logging_mixin.py:188} INFO - [2025-07-13T23:23:26.747+0300] {dagbag.py:545} INFO - Filling up the DagBag from /home/wal/.pyenv/versions/3.12.0/lib/python3.12/site-packages/airflow/example_dags/example_nested_branch_dag.py
[2025-07-13T23:23:26.786+0300] {processor.py:840} INFO - DAG(s) 'example_nested_branch_dag' retrieved from /home/wal/.pyenv/versions/3.12.0/lib/python3.12/site-packages/airflow/example_dags/example_nested_branch_dag.py
[2025-07-13T23:23:26.839+0300] {logging_mixin.py:188} INFO - [2025-07-13T23:23:26.838+0300] {dag.py:3096} INFO - Sync 1 DAGs
[2025-07-13T23:23:26.970+0300] {logging_mixin.py:188} INFO - [2025-07-13T23:23:26.969+0300] {dag.py:3954} INFO - Setting next_dagrun for example_nested_branch_dag to 2025-07-12 00:00:00+00:00, run_after=2025-07-13 00:00:00+00:00
[2025-07-13T23:23:27.058+0300] {processor.py:183} INFO - Processing /home/wal/.pyenv/versions/3.12.0/lib/python3.12/site-packages/airflow/example_dags/example_nested_branch_dag.py took 0.343 seconds
[2025-07-13T23:25:09.850+0300] {processor.py:161} INFO - Started process (PID=5779) to work on /home/wal/.pyenv/versions/3.12.0/lib/python3.12/site-packages/airflow/example_dags/example_nested_branch_dag.py
[2025-07-13T23:25:09.854+0300] {processor.py:830} INFO - Processing file /home/wal/.pyenv/versions/3.12.0/lib/python3.12/site-packages/airflow/example_dags/example_nested_branch_dag.py for tasks to queue
[2025-07-13T23:25:09.870+0300] {logging_mixin.py:188} INFO - [2025-07-13T23:25:09.858+0300] {dagbag.py:545} INFO - Filling up the DagBag from /home/wal/.pyenv/versions/3.12.0/lib/python3.12/site-packages/airflow/example_dags/example_nested_branch_dag.py
[2025-07-13T23:25:09.934+0300] {processor.py:840} INFO - DAG(s) 'example_nested_branch_dag' retrieved from /home/wal/.pyenv/versions/3.12.0/lib/python3.12/site-packages/airflow/example_dags/example_nested_branch_dag.py
[2025-07-13T23:25:10.051+0300] {logging_mixin.py:188} INFO - [2025-07-13T23:25:10.051+0300] {dag.py:3096} INFO - Sync 1 DAGs
[2025-07-13T23:25:10.226+0300] {logging_mixin.py:188} INFO - [2025-07-13T23:25:10.225+0300] {dag.py:3954} INFO - Setting next_dagrun for example_nested_branch_dag to 2025-07-12 00:00:00+00:00, run_after=2025-07-13 00:00:00+00:00
[2025-07-13T23:25:10.635+0300] {processor.py:183} INFO - Processing /home/wal/.pyenv/versions/3.12.0/lib/python3.12/site-packages/airflow/example_dags/example_nested_branch_dag.py took 0.821 seconds
[2025-07-13T23:26:44.830+0300] {processor.py:161} INFO - Started process (PID=5846) to work on /home/wal/.pyenv/versions/3.12.0/lib/python3.12/site-packages/airflow/example_dags/example_nested_branch_dag.py
[2025-07-13T23:26:44.832+0300] {processor.py:830} INFO - Processing file /home/wal/.pyenv/versions/3.12.0/lib/python3.12/site-packages/airflow/example_dags/example_nested_branch_dag.py for tasks to queue
[2025-07-13T23:26:44.835+0300] {logging_mixin.py:188} INFO - [2025-07-13T23:26:44.834+0300] {dagbag.py:545} INFO - Filling up the DagBag from /home/wal/.pyenv/versions/3.12.0/lib/python3.12/site-packages/airflow/example_dags/example_nested_branch_dag.py
[2025-07-13T23:26:44.850+0300] {processor.py:840} INFO - DAG(s) 'example_nested_branch_dag' retrieved from /home/wal/.pyenv/versions/3.12.0/lib/python3.12/site-packages/airflow/example_dags/example_nested_branch_dag.py
[2025-07-13T23:26:44.876+0300] {logging_mixin.py:188} INFO - [2025-07-13T23:26:44.876+0300] {dag.py:3096} INFO - Sync 1 DAGs
[2025-07-13T23:26:44.922+0300] {logging_mixin.py:188} INFO - [2025-07-13T23:26:44.921+0300] {dag.py:3954} INFO - Setting next_dagrun for example_nested_branch_dag to 2025-07-12 00:00:00+00:00, run_after=2025-07-13 00:00:00+00:00
[2025-07-13T23:26:44.972+0300] {processor.py:183} INFO - Processing /home/wal/.pyenv/versions/3.12.0/lib/python3.12/site-packages/airflow/example_dags/example_nested_branch_dag.py took 0.151 seconds
[2025-07-13T23:27:54.811+0300] {processor.py:161} INFO - Started process (PID=5902) to work on /home/wal/.pyenv/versions/3.12.0/lib/python3.12/site-packages/airflow/example_dags/example_nested_branch_dag.py
[2025-07-13T23:27:54.813+0300] {processor.py:830} INFO - Processing file /home/wal/.pyenv/versions/3.12.0/lib/python3.12/site-packages/airflow/example_dags/example_nested_branch_dag.py for tasks to queue
[2025-07-13T23:27:54.817+0300] {logging_mixin.py:188} INFO - [2025-07-13T23:27:54.816+0300] {dagbag.py:545} INFO - Filling up the DagBag from /home/wal/.pyenv/versions/3.12.0/lib/python3.12/site-packages/airflow/example_dags/example_nested_branch_dag.py
[2025-07-13T23:27:54.847+0300] {processor.py:840} INFO - DAG(s) 'example_nested_branch_dag' retrieved from /home/wal/.pyenv/versions/3.12.0/lib/python3.12/site-packages/airflow/example_dags/example_nested_branch_dag.py
[2025-07-13T23:27:54.890+0300] {logging_mixin.py:188} INFO - [2025-07-13T23:27:54.889+0300] {dag.py:3096} INFO - Sync 1 DAGs
[2025-07-13T23:27:55.206+0300] {logging_mixin.py:188} INFO - [2025-07-13T23:27:55.206+0300] {dag.py:3954} INFO - Setting next_dagrun for example_nested_branch_dag to 2025-07-12 00:00:00+00:00, run_after=2025-07-13 00:00:00+00:00
[2025-07-13T23:27:55.256+0300] {processor.py:183} INFO - Processing /home/wal/.pyenv/versions/3.12.0/lib/python3.12/site-packages/airflow/example_dags/example_nested_branch_dag.py took 0.459 seconds
[2025-07-13T23:29:05.356+0300] {processor.py:161} INFO - Started process (PID=5960) to work on /home/wal/.pyenv/versions/3.12.0/lib/python3.12/site-packages/airflow/example_dags/example_nested_branch_dag.py
[2025-07-13T23:29:05.362+0300] {processor.py:830} INFO - Processing file /home/wal/.pyenv/versions/3.12.0/lib/python3.12/site-packages/airflow/example_dags/example_nested_branch_dag.py for tasks to queue
[2025-07-13T23:29:05.365+0300] {logging_mixin.py:188} INFO - [2025-07-13T23:29:05.364+0300] {dagbag.py:545} INFO - Filling up the DagBag from /home/wal/.pyenv/versions/3.12.0/lib/python3.12/site-packages/airflow/example_dags/example_nested_branch_dag.py
[2025-07-13T23:29:05.385+0300] {processor.py:840} INFO - DAG(s) 'example_nested_branch_dag' retrieved from /home/wal/.pyenv/versions/3.12.0/lib/python3.12/site-packages/airflow/example_dags/example_nested_branch_dag.py
[2025-07-13T23:29:05.410+0300] {logging_mixin.py:188} INFO - [2025-07-13T23:29:05.410+0300] {dag.py:3096} INFO - Sync 1 DAGs
[2025-07-13T23:29:05.444+0300] {logging_mixin.py:188} INFO - [2025-07-13T23:29:05.444+0300] {dag.py:3954} INFO - Setting next_dagrun for example_nested_branch_dag to 2025-07-12 00:00:00+00:00, run_after=2025-07-13 00:00:00+00:00
[2025-07-13T23:29:05.482+0300] {processor.py:183} INFO - Processing /home/wal/.pyenv/versions/3.12.0/lib/python3.12/site-packages/airflow/example_dags/example_nested_branch_dag.py took 0.137 seconds
[2025-07-13T23:30:06.710+0300] {processor.py:161} INFO - Started process (PID=6013) to work on /home/wal/.pyenv/versions/3.12.0/lib/python3.12/site-packages/airflow/example_dags/example_nested_branch_dag.py
[2025-07-13T23:30:06.716+0300] {processor.py:830} INFO - Processing file /home/wal/.pyenv/versions/3.12.0/lib/python3.12/site-packages/airflow/example_dags/example_nested_branch_dag.py for tasks to queue
[2025-07-13T23:30:06.722+0300] {logging_mixin.py:188} INFO - [2025-07-13T23:30:06.721+0300] {dagbag.py:545} INFO - Filling up the DagBag from /home/wal/.pyenv/versions/3.12.0/lib/python3.12/site-packages/airflow/example_dags/example_nested_branch_dag.py
[2025-07-13T23:30:06.741+0300] {processor.py:840} INFO - DAG(s) 'example_nested_branch_dag' retrieved from /home/wal/.pyenv/versions/3.12.0/lib/python3.12/site-packages/airflow/example_dags/example_nested_branch_dag.py
[2025-07-13T23:30:06.767+0300] {logging_mixin.py:188} INFO - [2025-07-13T23:30:06.765+0300] {dag.py:3096} INFO - Sync 1 DAGs
[2025-07-13T23:30:06.803+0300] {logging_mixin.py:188} INFO - [2025-07-13T23:30:06.802+0300] {dag.py:3954} INFO - Setting next_dagrun for example_nested_branch_dag to 2025-07-12 00:00:00+00:00, run_after=2025-07-13 00:00:00+00:00
[2025-07-13T23:30:06.840+0300] {processor.py:183} INFO - Processing /home/wal/.pyenv/versions/3.12.0/lib/python3.12/site-packages/airflow/example_dags/example_nested_branch_dag.py took 0.142 seconds
[2025-07-13T23:31:07.970+0300] {processor.py:161} INFO - Started process (PID=6066) to work on /home/wal/.pyenv/versions/3.12.0/lib/python3.12/site-packages/airflow/example_dags/example_nested_branch_dag.py
[2025-07-13T23:31:07.977+0300] {processor.py:830} INFO - Processing file /home/wal/.pyenv/versions/3.12.0/lib/python3.12/site-packages/airflow/example_dags/example_nested_branch_dag.py for tasks to queue
[2025-07-13T23:31:07.980+0300] {logging_mixin.py:188} INFO - [2025-07-13T23:31:07.979+0300] {dagbag.py:545} INFO - Filling up the DagBag from /home/wal/.pyenv/versions/3.12.0/lib/python3.12/site-packages/airflow/example_dags/example_nested_branch_dag.py
[2025-07-13T23:31:07.999+0300] {processor.py:840} INFO - DAG(s) 'example_nested_branch_dag' retrieved from /home/wal/.pyenv/versions/3.12.0/lib/python3.12/site-packages/airflow/example_dags/example_nested_branch_dag.py
[2025-07-13T23:31:08.036+0300] {logging_mixin.py:188} INFO - [2025-07-13T23:31:08.035+0300] {dag.py:3096} INFO - Sync 1 DAGs
[2025-07-13T23:31:08.078+0300] {logging_mixin.py:188} INFO - [2025-07-13T23:31:08.078+0300] {dag.py:3954} INFO - Setting next_dagrun for example_nested_branch_dag to 2025-07-12 00:00:00+00:00, run_after=2025-07-13 00:00:00+00:00
[2025-07-13T23:31:08.124+0300] {processor.py:183} INFO - Processing /home/wal/.pyenv/versions/3.12.0/lib/python3.12/site-packages/airflow/example_dags/example_nested_branch_dag.py took 0.165 seconds
[2025-07-13T23:32:06.335+0300] {processor.py:161} INFO - Started process (PID=6118) to work on /home/wal/.pyenv/versions/3.12.0/lib/python3.12/site-packages/airflow/example_dags/example_nested_branch_dag.py
[2025-07-13T23:32:06.339+0300] {processor.py:830} INFO - Processing file /home/wal/.pyenv/versions/3.12.0/lib/python3.12/site-packages/airflow/example_dags/example_nested_branch_dag.py for tasks to queue
[2025-07-13T23:32:06.342+0300] {logging_mixin.py:188} INFO - [2025-07-13T23:32:06.341+0300] {dagbag.py:545} INFO - Filling up the DagBag from /home/wal/.pyenv/versions/3.12.0/lib/python3.12/site-packages/airflow/example_dags/example_nested_branch_dag.py
[2025-07-13T23:32:06.360+0300] {processor.py:840} INFO - DAG(s) 'example_nested_branch_dag' retrieved from /home/wal/.pyenv/versions/3.12.0/lib/python3.12/site-packages/airflow/example_dags/example_nested_branch_dag.py
[2025-07-13T23:32:06.389+0300] {logging_mixin.py:188} INFO - [2025-07-13T23:32:06.388+0300] {dag.py:3096} INFO - Sync 1 DAGs
[2025-07-13T23:32:06.426+0300] {logging_mixin.py:188} INFO - [2025-07-13T23:32:06.426+0300] {dag.py:3954} INFO - Setting next_dagrun for example_nested_branch_dag to 2025-07-12 00:00:00+00:00, run_after=2025-07-13 00:00:00+00:00
[2025-07-13T23:32:06.461+0300] {processor.py:183} INFO - Processing /home/wal/.pyenv/versions/3.12.0/lib/python3.12/site-packages/airflow/example_dags/example_nested_branch_dag.py took 0.138 seconds
[2025-07-13T23:33:09.592+0300] {processor.py:161} INFO - Started process (PID=6172) to work on /home/wal/.pyenv/versions/3.12.0/lib/python3.12/site-packages/airflow/example_dags/example_nested_branch_dag.py
[2025-07-13T23:33:09.601+0300] {processor.py:830} INFO - Processing file /home/wal/.pyenv/versions/3.12.0/lib/python3.12/site-packages/airflow/example_dags/example_nested_branch_dag.py for tasks to queue
[2025-07-13T23:33:09.610+0300] {logging_mixin.py:188} INFO - [2025-07-13T23:33:09.608+0300] {dagbag.py:545} INFO - Filling up the DagBag from /home/wal/.pyenv/versions/3.12.0/lib/python3.12/site-packages/airflow/example_dags/example_nested_branch_dag.py
[2025-07-13T23:33:09.641+0300] {processor.py:840} INFO - DAG(s) 'example_nested_branch_dag' retrieved from /home/wal/.pyenv/versions/3.12.0/lib/python3.12/site-packages/airflow/example_dags/example_nested_branch_dag.py
[2025-07-13T23:33:09.670+0300] {logging_mixin.py:188} INFO - [2025-07-13T23:33:09.669+0300] {dag.py:3096} INFO - Sync 1 DAGs
[2025-07-13T23:33:09.707+0300] {logging_mixin.py:188} INFO - [2025-07-13T23:33:09.707+0300] {dag.py:3954} INFO - Setting next_dagrun for example_nested_branch_dag to 2025-07-12 00:00:00+00:00, run_after=2025-07-13 00:00:00+00:00
[2025-07-13T23:33:09.742+0300] {processor.py:183} INFO - Processing /home/wal/.pyenv/versions/3.12.0/lib/python3.12/site-packages/airflow/example_dags/example_nested_branch_dag.py took 0.161 seconds
[2025-07-13T23:34:11.797+0300] {processor.py:161} INFO - Started process (PID=6226) to work on /home/wal/.pyenv/versions/3.12.0/lib/python3.12/site-packages/airflow/example_dags/example_nested_branch_dag.py
[2025-07-13T23:34:11.806+0300] {processor.py:830} INFO - Processing file /home/wal/.pyenv/versions/3.12.0/lib/python3.12/site-packages/airflow/example_dags/example_nested_branch_dag.py for tasks to queue
[2025-07-13T23:34:11.811+0300] {logging_mixin.py:188} INFO - [2025-07-13T23:34:11.809+0300] {dagbag.py:545} INFO - Filling up the DagBag from /home/wal/.pyenv/versions/3.12.0/lib/python3.12/site-packages/airflow/example_dags/example_nested_branch_dag.py
[2025-07-13T23:34:11.867+0300] {processor.py:840} INFO - DAG(s) 'example_nested_branch_dag' retrieved from /home/wal/.pyenv/versions/3.12.0/lib/python3.12/site-packages/airflow/example_dags/example_nested_branch_dag.py
[2025-07-13T23:34:11.940+0300] {logging_mixin.py:188} INFO - [2025-07-13T23:34:11.939+0300] {dag.py:3096} INFO - Sync 1 DAGs
[2025-07-13T23:34:12.047+0300] {logging_mixin.py:188} INFO - [2025-07-13T23:34:12.046+0300] {dag.py:3954} INFO - Setting next_dagrun for example_nested_branch_dag to 2025-07-12 00:00:00+00:00, run_after=2025-07-13 00:00:00+00:00
[2025-07-13T23:34:12.180+0300] {processor.py:183} INFO - Processing /home/wal/.pyenv/versions/3.12.0/lib/python3.12/site-packages/airflow/example_dags/example_nested_branch_dag.py took 0.416 seconds
[2025-07-13T23:35:33.492+0300] {processor.py:161} INFO - Started process (PID=6291) to work on /home/wal/.pyenv/versions/3.12.0/lib/python3.12/site-packages/airflow/example_dags/example_nested_branch_dag.py
[2025-07-13T23:35:33.494+0300] {processor.py:830} INFO - Processing file /home/wal/.pyenv/versions/3.12.0/lib/python3.12/site-packages/airflow/example_dags/example_nested_branch_dag.py for tasks to queue
[2025-07-13T23:35:33.497+0300] {logging_mixin.py:188} INFO - [2025-07-13T23:35:33.496+0300] {dagbag.py:545} INFO - Filling up the DagBag from /home/wal/.pyenv/versions/3.12.0/lib/python3.12/site-packages/airflow/example_dags/example_nested_branch_dag.py
[2025-07-13T23:35:33.522+0300] {processor.py:840} INFO - DAG(s) 'example_nested_branch_dag' retrieved from /home/wal/.pyenv/versions/3.12.0/lib/python3.12/site-packages/airflow/example_dags/example_nested_branch_dag.py
[2025-07-13T23:35:33.549+0300] {logging_mixin.py:188} INFO - [2025-07-13T23:35:33.549+0300] {dag.py:3096} INFO - Sync 1 DAGs
[2025-07-13T23:35:33.582+0300] {logging_mixin.py:188} INFO - [2025-07-13T23:35:33.582+0300] {dag.py:3954} INFO - Setting next_dagrun for example_nested_branch_dag to 2025-07-12 00:00:00+00:00, run_after=2025-07-13 00:00:00+00:00
[2025-07-13T23:35:33.627+0300] {processor.py:183} INFO - Processing /home/wal/.pyenv/versions/3.12.0/lib/python3.12/site-packages/airflow/example_dags/example_nested_branch_dag.py took 0.147 seconds
[2025-07-13T23:36:34.181+0300] {processor.py:161} INFO - Started process (PID=6346) to work on /home/wal/.pyenv/versions/3.12.0/lib/python3.12/site-packages/airflow/example_dags/example_nested_branch_dag.py
[2025-07-13T23:36:34.187+0300] {processor.py:830} INFO - Processing file /home/wal/.pyenv/versions/3.12.0/lib/python3.12/site-packages/airflow/example_dags/example_nested_branch_dag.py for tasks to queue
[2025-07-13T23:36:34.192+0300] {logging_mixin.py:188} INFO - [2025-07-13T23:36:34.191+0300] {dagbag.py:545} INFO - Filling up the DagBag from /home/wal/.pyenv/versions/3.12.0/lib/python3.12/site-packages/airflow/example_dags/example_nested_branch_dag.py
[2025-07-13T23:36:34.212+0300] {processor.py:840} INFO - DAG(s) 'example_nested_branch_dag' retrieved from /home/wal/.pyenv/versions/3.12.0/lib/python3.12/site-packages/airflow/example_dags/example_nested_branch_dag.py
[2025-07-13T23:36:34.236+0300] {logging_mixin.py:188} INFO - [2025-07-13T23:36:34.236+0300] {dag.py:3096} INFO - Sync 1 DAGs
[2025-07-13T23:36:34.263+0300] {logging_mixin.py:188} INFO - [2025-07-13T23:36:34.262+0300] {dag.py:3954} INFO - Setting next_dagrun for example_nested_branch_dag to 2025-07-12 00:00:00+00:00, run_after=2025-07-13 00:00:00+00:00
[2025-07-13T23:36:34.296+0300] {processor.py:183} INFO - Processing /home/wal/.pyenv/versions/3.12.0/lib/python3.12/site-packages/airflow/example_dags/example_nested_branch_dag.py took 0.128 seconds
[2025-07-13T23:37:31.225+0300] {processor.py:161} INFO - Started process (PID=6397) to work on /home/wal/.pyenv/versions/3.12.0/lib/python3.12/site-packages/airflow/example_dags/example_nested_branch_dag.py
[2025-07-13T23:37:31.229+0300] {processor.py:830} INFO - Processing file /home/wal/.pyenv/versions/3.12.0/lib/python3.12/site-packages/airflow/example_dags/example_nested_branch_dag.py for tasks to queue
[2025-07-13T23:37:31.235+0300] {logging_mixin.py:188} INFO - [2025-07-13T23:37:31.234+0300] {dagbag.py:545} INFO - Filling up the DagBag from /home/wal/.pyenv/versions/3.12.0/lib/python3.12/site-packages/airflow/example_dags/example_nested_branch_dag.py
[2025-07-13T23:37:31.255+0300] {processor.py:840} INFO - DAG(s) 'example_nested_branch_dag' retrieved from /home/wal/.pyenv/versions/3.12.0/lib/python3.12/site-packages/airflow/example_dags/example_nested_branch_dag.py
[2025-07-13T23:37:31.286+0300] {logging_mixin.py:188} INFO - [2025-07-13T23:37:31.285+0300] {dag.py:3096} INFO - Sync 1 DAGs
[2025-07-13T23:37:31.319+0300] {logging_mixin.py:188} INFO - [2025-07-13T23:37:31.319+0300] {dag.py:3954} INFO - Setting next_dagrun for example_nested_branch_dag to 2025-07-12 00:00:00+00:00, run_after=2025-07-13 00:00:00+00:00
[2025-07-13T23:37:31.356+0300] {processor.py:183} INFO - Processing /home/wal/.pyenv/versions/3.12.0/lib/python3.12/site-packages/airflow/example_dags/example_nested_branch_dag.py took 0.150 seconds
[2025-07-13T23:38:32.767+0300] {processor.py:161} INFO - Started process (PID=6449) to work on /home/wal/.pyenv/versions/3.12.0/lib/python3.12/site-packages/airflow/example_dags/example_nested_branch_dag.py
[2025-07-13T23:38:32.768+0300] {processor.py:830} INFO - Processing file /home/wal/.pyenv/versions/3.12.0/lib/python3.12/site-packages/airflow/example_dags/example_nested_branch_dag.py for tasks to queue
[2025-07-13T23:38:32.771+0300] {logging_mixin.py:188} INFO - [2025-07-13T23:38:32.770+0300] {dagbag.py:545} INFO - Filling up the DagBag from /home/wal/.pyenv/versions/3.12.0/lib/python3.12/site-packages/airflow/example_dags/example_nested_branch_dag.py
[2025-07-13T23:38:32.788+0300] {processor.py:840} INFO - DAG(s) 'example_nested_branch_dag' retrieved from /home/wal/.pyenv/versions/3.12.0/lib/python3.12/site-packages/airflow/example_dags/example_nested_branch_dag.py
[2025-07-13T23:38:32.835+0300] {logging_mixin.py:188} INFO - [2025-07-13T23:38:32.834+0300] {dag.py:3096} INFO - Sync 1 DAGs
[2025-07-13T23:38:32.867+0300] {logging_mixin.py:188} INFO - [2025-07-13T23:38:32.867+0300] {dag.py:3954} INFO - Setting next_dagrun for example_nested_branch_dag to 2025-07-12 00:00:00+00:00, run_after=2025-07-13 00:00:00+00:00
[2025-07-13T23:38:32.899+0300] {processor.py:183} INFO - Processing /home/wal/.pyenv/versions/3.12.0/lib/python3.12/site-packages/airflow/example_dags/example_nested_branch_dag.py took 0.141 seconds
[2025-07-13T23:39:30.209+0300] {processor.py:161} INFO - Started process (PID=6500) to work on /home/wal/.pyenv/versions/3.12.0/lib/python3.12/site-packages/airflow/example_dags/example_nested_branch_dag.py
[2025-07-13T23:39:30.213+0300] {processor.py:830} INFO - Processing file /home/wal/.pyenv/versions/3.12.0/lib/python3.12/site-packages/airflow/example_dags/example_nested_branch_dag.py for tasks to queue
[2025-07-13T23:39:30.219+0300] {logging_mixin.py:188} INFO - [2025-07-13T23:39:30.217+0300] {dagbag.py:545} INFO - Filling up the DagBag from /home/wal/.pyenv/versions/3.12.0/lib/python3.12/site-packages/airflow/example_dags/example_nested_branch_dag.py
[2025-07-13T23:39:30.258+0300] {processor.py:840} INFO - DAG(s) 'example_nested_branch_dag' retrieved from /home/wal/.pyenv/versions/3.12.0/lib/python3.12/site-packages/airflow/example_dags/example_nested_branch_dag.py
[2025-07-13T23:39:30.328+0300] {logging_mixin.py:188} INFO - [2025-07-13T23:39:30.327+0300] {dag.py:3096} INFO - Sync 1 DAGs
[2025-07-13T23:39:30.369+0300] {logging_mixin.py:188} INFO - [2025-07-13T23:39:30.368+0300] {dag.py:3954} INFO - Setting next_dagrun for example_nested_branch_dag to 2025-07-12 00:00:00+00:00, run_after=2025-07-13 00:00:00+00:00
[2025-07-13T23:39:30.399+0300] {processor.py:183} INFO - Processing /home/wal/.pyenv/versions/3.12.0/lib/python3.12/site-packages/airflow/example_dags/example_nested_branch_dag.py took 0.217 seconds
[2025-07-13T23:40:24.663+0300] {processor.py:161} INFO - Started process (PID=6551) to work on /home/wal/.pyenv/versions/3.12.0/lib/python3.12/site-packages/airflow/example_dags/example_nested_branch_dag.py
[2025-07-13T23:40:24.664+0300] {processor.py:830} INFO - Processing file /home/wal/.pyenv/versions/3.12.0/lib/python3.12/site-packages/airflow/example_dags/example_nested_branch_dag.py for tasks to queue
[2025-07-13T23:40:24.667+0300] {logging_mixin.py:188} INFO - [2025-07-13T23:40:24.666+0300] {dagbag.py:545} INFO - Filling up the DagBag from /home/wal/.pyenv/versions/3.12.0/lib/python3.12/site-packages/airflow/example_dags/example_nested_branch_dag.py
[2025-07-13T23:40:24.684+0300] {processor.py:840} INFO - DAG(s) 'example_nested_branch_dag' retrieved from /home/wal/.pyenv/versions/3.12.0/lib/python3.12/site-packages/airflow/example_dags/example_nested_branch_dag.py
[2025-07-13T23:40:24.710+0300] {logging_mixin.py:188} INFO - [2025-07-13T23:40:24.710+0300] {dag.py:3096} INFO - Sync 1 DAGs
[2025-07-13T23:40:24.744+0300] {logging_mixin.py:188} INFO - [2025-07-13T23:40:24.744+0300] {dag.py:3954} INFO - Setting next_dagrun for example_nested_branch_dag to 2025-07-12 00:00:00+00:00, run_after=2025-07-13 00:00:00+00:00
[2025-07-13T23:40:24.793+0300] {processor.py:183} INFO - Processing /home/wal/.pyenv/versions/3.12.0/lib/python3.12/site-packages/airflow/example_dags/example_nested_branch_dag.py took 0.145 seconds
[2025-07-13T23:41:16.598+0300] {processor.py:161} INFO - Started process (PID=6601) to work on /home/wal/.pyenv/versions/3.12.0/lib/python3.12/site-packages/airflow/example_dags/example_nested_branch_dag.py
[2025-07-13T23:41:16.604+0300] {processor.py:830} INFO - Processing file /home/wal/.pyenv/versions/3.12.0/lib/python3.12/site-packages/airflow/example_dags/example_nested_branch_dag.py for tasks to queue
[2025-07-13T23:41:16.607+0300] {logging_mixin.py:188} INFO - [2025-07-13T23:41:16.606+0300] {dagbag.py:545} INFO - Filling up the DagBag from /home/wal/.pyenv/versions/3.12.0/lib/python3.12/site-packages/airflow/example_dags/example_nested_branch_dag.py
[2025-07-13T23:41:16.622+0300] {processor.py:840} INFO - DAG(s) 'example_nested_branch_dag' retrieved from /home/wal/.pyenv/versions/3.12.0/lib/python3.12/site-packages/airflow/example_dags/example_nested_branch_dag.py
[2025-07-13T23:41:16.651+0300] {logging_mixin.py:188} INFO - [2025-07-13T23:41:16.650+0300] {dag.py:3096} INFO - Sync 1 DAGs
[2025-07-13T23:41:16.683+0300] {logging_mixin.py:188} INFO - [2025-07-13T23:41:16.682+0300] {dag.py:3954} INFO - Setting next_dagrun for example_nested_branch_dag to 2025-07-12 00:00:00+00:00, run_after=2025-07-13 00:00:00+00:00
[2025-07-13T23:41:16.719+0300] {processor.py:183} INFO - Processing /home/wal/.pyenv/versions/3.12.0/lib/python3.12/site-packages/airflow/example_dags/example_nested_branch_dag.py took 0.134 seconds
[2025-07-13T23:42:07.903+0300] {processor.py:161} INFO - Started process (PID=6648) to work on /home/wal/.pyenv/versions/3.12.0/lib/python3.12/site-packages/airflow/example_dags/example_nested_branch_dag.py
[2025-07-13T23:42:07.909+0300] {processor.py:830} INFO - Processing file /home/wal/.pyenv/versions/3.12.0/lib/python3.12/site-packages/airflow/example_dags/example_nested_branch_dag.py for tasks to queue
[2025-07-13T23:42:07.912+0300] {logging_mixin.py:188} INFO - [2025-07-13T23:42:07.911+0300] {dagbag.py:545} INFO - Filling up the DagBag from /home/wal/.pyenv/versions/3.12.0/lib/python3.12/site-packages/airflow/example_dags/example_nested_branch_dag.py
[2025-07-13T23:42:07.925+0300] {processor.py:840} INFO - DAG(s) 'example_nested_branch_dag' retrieved from /home/wal/.pyenv/versions/3.12.0/lib/python3.12/site-packages/airflow/example_dags/example_nested_branch_dag.py
[2025-07-13T23:42:07.952+0300] {logging_mixin.py:188} INFO - [2025-07-13T23:42:07.951+0300] {dag.py:3096} INFO - Sync 1 DAGs
[2025-07-13T23:42:07.979+0300] {logging_mixin.py:188} INFO - [2025-07-13T23:42:07.979+0300] {dag.py:3954} INFO - Setting next_dagrun for example_nested_branch_dag to 2025-07-12 00:00:00+00:00, run_after=2025-07-13 00:00:00+00:00
[2025-07-13T23:42:08.006+0300] {processor.py:183} INFO - Processing /home/wal/.pyenv/versions/3.12.0/lib/python3.12/site-packages/airflow/example_dags/example_nested_branch_dag.py took 0.113 seconds
[2025-07-13T23:43:00.398+0300] {processor.py:161} INFO - Started process (PID=6697) to work on /home/wal/.pyenv/versions/3.12.0/lib/python3.12/site-packages/airflow/example_dags/example_nested_branch_dag.py
[2025-07-13T23:43:00.401+0300] {processor.py:830} INFO - Processing file /home/wal/.pyenv/versions/3.12.0/lib/python3.12/site-packages/airflow/example_dags/example_nested_branch_dag.py for tasks to queue
[2025-07-13T23:43:00.404+0300] {logging_mixin.py:188} INFO - [2025-07-13T23:43:00.403+0300] {dagbag.py:545} INFO - Filling up the DagBag from /home/wal/.pyenv/versions/3.12.0/lib/python3.12/site-packages/airflow/example_dags/example_nested_branch_dag.py
[2025-07-13T23:43:00.419+0300] {processor.py:840} INFO - DAG(s) 'example_nested_branch_dag' retrieved from /home/wal/.pyenv/versions/3.12.0/lib/python3.12/site-packages/airflow/example_dags/example_nested_branch_dag.py
[2025-07-13T23:43:00.443+0300] {logging_mixin.py:188} INFO - [2025-07-13T23:43:00.442+0300] {dag.py:3096} INFO - Sync 1 DAGs
[2025-07-13T23:43:00.472+0300] {logging_mixin.py:188} INFO - [2025-07-13T23:43:00.471+0300] {dag.py:3954} INFO - Setting next_dagrun for example_nested_branch_dag to 2025-07-12 00:00:00+00:00, run_after=2025-07-13 00:00:00+00:00
[2025-07-13T23:43:00.506+0300] {processor.py:183} INFO - Processing /home/wal/.pyenv/versions/3.12.0/lib/python3.12/site-packages/airflow/example_dags/example_nested_branch_dag.py took 0.120 seconds
[2025-07-13T23:43:56.090+0300] {processor.py:161} INFO - Started process (PID=6747) to work on /home/wal/.pyenv/versions/3.12.0/lib/python3.12/site-packages/airflow/example_dags/example_nested_branch_dag.py
[2025-07-13T23:43:56.092+0300] {processor.py:830} INFO - Processing file /home/wal/.pyenv/versions/3.12.0/lib/python3.12/site-packages/airflow/example_dags/example_nested_branch_dag.py for tasks to queue
[2025-07-13T23:43:56.094+0300] {logging_mixin.py:188} INFO - [2025-07-13T23:43:56.093+0300] {dagbag.py:545} INFO - Filling up the DagBag from /home/wal/.pyenv/versions/3.12.0/lib/python3.12/site-packages/airflow/example_dags/example_nested_branch_dag.py
[2025-07-13T23:43:56.118+0300] {processor.py:840} INFO - DAG(s) 'example_nested_branch_dag' retrieved from /home/wal/.pyenv/versions/3.12.0/lib/python3.12/site-packages/airflow/example_dags/example_nested_branch_dag.py
[2025-07-13T23:43:56.156+0300] {logging_mixin.py:188} INFO - [2025-07-13T23:43:56.155+0300] {dag.py:3096} INFO - Sync 1 DAGs
[2025-07-13T23:43:56.283+0300] {logging_mixin.py:188} INFO - [2025-07-13T23:43:56.275+0300] {dag.py:3954} INFO - Setting next_dagrun for example_nested_branch_dag to 2025-07-12 00:00:00+00:00, run_after=2025-07-13 00:00:00+00:00
[2025-07-13T23:43:56.346+0300] {processor.py:183} INFO - Processing /home/wal/.pyenv/versions/3.12.0/lib/python3.12/site-packages/airflow/example_dags/example_nested_branch_dag.py took 0.270 seconds
[2025-07-13T23:44:51.598+0300] {processor.py:161} INFO - Started process (PID=6799) to work on /home/wal/.pyenv/versions/3.12.0/lib/python3.12/site-packages/airflow/example_dags/example_nested_branch_dag.py
[2025-07-13T23:44:51.604+0300] {processor.py:830} INFO - Processing file /home/wal/.pyenv/versions/3.12.0/lib/python3.12/site-packages/airflow/example_dags/example_nested_branch_dag.py for tasks to queue
[2025-07-13T23:44:51.607+0300] {logging_mixin.py:188} INFO - [2025-07-13T23:44:51.606+0300] {dagbag.py:545} INFO - Filling up the DagBag from /home/wal/.pyenv/versions/3.12.0/lib/python3.12/site-packages/airflow/example_dags/example_nested_branch_dag.py
[2025-07-13T23:44:51.622+0300] {processor.py:840} INFO - DAG(s) 'example_nested_branch_dag' retrieved from /home/wal/.pyenv/versions/3.12.0/lib/python3.12/site-packages/airflow/example_dags/example_nested_branch_dag.py
[2025-07-13T23:44:51.647+0300] {logging_mixin.py:188} INFO - [2025-07-13T23:44:51.646+0300] {dag.py:3096} INFO - Sync 1 DAGs
[2025-07-13T23:44:51.686+0300] {logging_mixin.py:188} INFO - [2025-07-13T23:44:51.686+0300] {dag.py:3954} INFO - Setting next_dagrun for example_nested_branch_dag to 2025-07-12 00:00:00+00:00, run_after=2025-07-13 00:00:00+00:00
[2025-07-13T23:44:51.719+0300] {processor.py:183} INFO - Processing /home/wal/.pyenv/versions/3.12.0/lib/python3.12/site-packages/airflow/example_dags/example_nested_branch_dag.py took 0.132 seconds
[2025-07-13T23:45:46.872+0300] {processor.py:161} INFO - Started process (PID=6852) to work on /home/wal/.pyenv/versions/3.12.0/lib/python3.12/site-packages/airflow/example_dags/example_nested_branch_dag.py
[2025-07-13T23:45:46.879+0300] {processor.py:830} INFO - Processing file /home/wal/.pyenv/versions/3.12.0/lib/python3.12/site-packages/airflow/example_dags/example_nested_branch_dag.py for tasks to queue
[2025-07-13T23:45:46.883+0300] {logging_mixin.py:188} INFO - [2025-07-13T23:45:46.882+0300] {dagbag.py:545} INFO - Filling up the DagBag from /home/wal/.pyenv/versions/3.12.0/lib/python3.12/site-packages/airflow/example_dags/example_nested_branch_dag.py
[2025-07-13T23:45:46.911+0300] {processor.py:840} INFO - DAG(s) 'example_nested_branch_dag' retrieved from /home/wal/.pyenv/versions/3.12.0/lib/python3.12/site-packages/airflow/example_dags/example_nested_branch_dag.py
[2025-07-13T23:45:46.942+0300] {logging_mixin.py:188} INFO - [2025-07-13T23:45:46.942+0300] {dag.py:3096} INFO - Sync 1 DAGs
[2025-07-13T23:45:46.973+0300] {logging_mixin.py:188} INFO - [2025-07-13T23:45:46.973+0300] {dag.py:3954} INFO - Setting next_dagrun for example_nested_branch_dag to 2025-07-12 00:00:00+00:00, run_after=2025-07-13 00:00:00+00:00
[2025-07-13T23:45:47.008+0300] {processor.py:183} INFO - Processing /home/wal/.pyenv/versions/3.12.0/lib/python3.12/site-packages/airflow/example_dags/example_nested_branch_dag.py took 0.151 seconds
[2025-07-13T23:46:41.027+0300] {processor.py:161} INFO - Started process (PID=6900) to work on /home/wal/.pyenv/versions/3.12.0/lib/python3.12/site-packages/airflow/example_dags/example_nested_branch_dag.py
[2025-07-13T23:46:41.028+0300] {processor.py:830} INFO - Processing file /home/wal/.pyenv/versions/3.12.0/lib/python3.12/site-packages/airflow/example_dags/example_nested_branch_dag.py for tasks to queue
[2025-07-13T23:46:41.032+0300] {logging_mixin.py:188} INFO - [2025-07-13T23:46:41.031+0300] {dagbag.py:545} INFO - Filling up the DagBag from /home/wal/.pyenv/versions/3.12.0/lib/python3.12/site-packages/airflow/example_dags/example_nested_branch_dag.py
[2025-07-13T23:46:41.053+0300] {processor.py:840} INFO - DAG(s) 'example_nested_branch_dag' retrieved from /home/wal/.pyenv/versions/3.12.0/lib/python3.12/site-packages/airflow/example_dags/example_nested_branch_dag.py
[2025-07-13T23:46:41.102+0300] {logging_mixin.py:188} INFO - [2025-07-13T23:46:41.101+0300] {dag.py:3096} INFO - Sync 1 DAGs
[2025-07-13T23:46:41.235+0300] {logging_mixin.py:188} INFO - [2025-07-13T23:46:41.234+0300] {dag.py:3954} INFO - Setting next_dagrun for example_nested_branch_dag to 2025-07-12 00:00:00+00:00, run_after=2025-07-13 00:00:00+00:00
[2025-07-13T23:46:41.348+0300] {processor.py:183} INFO - Processing /home/wal/.pyenv/versions/3.12.0/lib/python3.12/site-packages/airflow/example_dags/example_nested_branch_dag.py took 0.333 seconds
[2025-07-13T23:47:40.310+0300] {processor.py:161} INFO - Started process (PID=6953) to work on /home/wal/.pyenv/versions/3.12.0/lib/python3.12/site-packages/airflow/example_dags/example_nested_branch_dag.py
[2025-07-13T23:47:40.312+0300] {processor.py:830} INFO - Processing file /home/wal/.pyenv/versions/3.12.0/lib/python3.12/site-packages/airflow/example_dags/example_nested_branch_dag.py for tasks to queue
[2025-07-13T23:47:40.314+0300] {logging_mixin.py:188} INFO - [2025-07-13T23:47:40.314+0300] {dagbag.py:545} INFO - Filling up the DagBag from /home/wal/.pyenv/versions/3.12.0/lib/python3.12/site-packages/airflow/example_dags/example_nested_branch_dag.py
[2025-07-13T23:47:40.328+0300] {processor.py:840} INFO - DAG(s) 'example_nested_branch_dag' retrieved from /home/wal/.pyenv/versions/3.12.0/lib/python3.12/site-packages/airflow/example_dags/example_nested_branch_dag.py
[2025-07-13T23:47:40.348+0300] {logging_mixin.py:188} INFO - [2025-07-13T23:47:40.348+0300] {dag.py:3096} INFO - Sync 1 DAGs
[2025-07-13T23:47:40.377+0300] {logging_mixin.py:188} INFO - [2025-07-13T23:47:40.377+0300] {dag.py:3954} INFO - Setting next_dagrun for example_nested_branch_dag to 2025-07-12 00:00:00+00:00, run_after=2025-07-13 00:00:00+00:00
[2025-07-13T23:47:40.409+0300] {processor.py:183} INFO - Processing /home/wal/.pyenv/versions/3.12.0/lib/python3.12/site-packages/airflow/example_dags/example_nested_branch_dag.py took 0.110 seconds
[2025-07-13T23:48:34.089+0300] {processor.py:161} INFO - Started process (PID=7002) to work on /home/wal/.pyenv/versions/3.12.0/lib/python3.12/site-packages/airflow/example_dags/example_nested_branch_dag.py
[2025-07-13T23:48:34.095+0300] {processor.py:830} INFO - Processing file /home/wal/.pyenv/versions/3.12.0/lib/python3.12/site-packages/airflow/example_dags/example_nested_branch_dag.py for tasks to queue
[2025-07-13T23:48:34.097+0300] {logging_mixin.py:188} INFO - [2025-07-13T23:48:34.097+0300] {dagbag.py:545} INFO - Filling up the DagBag from /home/wal/.pyenv/versions/3.12.0/lib/python3.12/site-packages/airflow/example_dags/example_nested_branch_dag.py
[2025-07-13T23:48:34.109+0300] {processor.py:840} INFO - DAG(s) 'example_nested_branch_dag' retrieved from /home/wal/.pyenv/versions/3.12.0/lib/python3.12/site-packages/airflow/example_dags/example_nested_branch_dag.py
[2025-07-13T23:48:34.135+0300] {logging_mixin.py:188} INFO - [2025-07-13T23:48:34.135+0300] {dag.py:3096} INFO - Sync 1 DAGs
[2025-07-13T23:48:34.180+0300] {logging_mixin.py:188} INFO - [2025-07-13T23:48:34.180+0300] {dag.py:3954} INFO - Setting next_dagrun for example_nested_branch_dag to 2025-07-12 00:00:00+00:00, run_after=2025-07-13 00:00:00+00:00
[2025-07-13T23:48:34.221+0300] {processor.py:183} INFO - Processing /home/wal/.pyenv/versions/3.12.0/lib/python3.12/site-packages/airflow/example_dags/example_nested_branch_dag.py took 0.141 seconds
[2025-07-13T23:49:29.092+0300] {processor.py:161} INFO - Started process (PID=7053) to work on /home/wal/.pyenv/versions/3.12.0/lib/python3.12/site-packages/airflow/example_dags/example_nested_branch_dag.py
[2025-07-13T23:49:29.094+0300] {processor.py:830} INFO - Processing file /home/wal/.pyenv/versions/3.12.0/lib/python3.12/site-packages/airflow/example_dags/example_nested_branch_dag.py for tasks to queue
[2025-07-13T23:49:29.098+0300] {logging_mixin.py:188} INFO - [2025-07-13T23:49:29.097+0300] {dagbag.py:545} INFO - Filling up the DagBag from /home/wal/.pyenv/versions/3.12.0/lib/python3.12/site-packages/airflow/example_dags/example_nested_branch_dag.py
[2025-07-13T23:49:29.119+0300] {processor.py:840} INFO - DAG(s) 'example_nested_branch_dag' retrieved from /home/wal/.pyenv/versions/3.12.0/lib/python3.12/site-packages/airflow/example_dags/example_nested_branch_dag.py
[2025-07-13T23:49:29.151+0300] {logging_mixin.py:188} INFO - [2025-07-13T23:49:29.150+0300] {dag.py:3096} INFO - Sync 1 DAGs
[2025-07-13T23:49:29.183+0300] {logging_mixin.py:188} INFO - [2025-07-13T23:49:29.183+0300] {dag.py:3954} INFO - Setting next_dagrun for example_nested_branch_dag to 2025-07-12 00:00:00+00:00, run_after=2025-07-13 00:00:00+00:00
[2025-07-13T23:49:29.217+0300] {processor.py:183} INFO - Processing /home/wal/.pyenv/versions/3.12.0/lib/python3.12/site-packages/airflow/example_dags/example_nested_branch_dag.py took 0.141 seconds
[2025-07-13T23:50:20.600+0300] {processor.py:161} INFO - Started process (PID=7102) to work on /home/wal/.pyenv/versions/3.12.0/lib/python3.12/site-packages/airflow/example_dags/example_nested_branch_dag.py
[2025-07-13T23:50:20.601+0300] {processor.py:830} INFO - Processing file /home/wal/.pyenv/versions/3.12.0/lib/python3.12/site-packages/airflow/example_dags/example_nested_branch_dag.py for tasks to queue
[2025-07-13T23:50:20.603+0300] {logging_mixin.py:188} INFO - [2025-07-13T23:50:20.603+0300] {dagbag.py:545} INFO - Filling up the DagBag from /home/wal/.pyenv/versions/3.12.0/lib/python3.12/site-packages/airflow/example_dags/example_nested_branch_dag.py
[2025-07-13T23:50:20.617+0300] {processor.py:840} INFO - DAG(s) 'example_nested_branch_dag' retrieved from /home/wal/.pyenv/versions/3.12.0/lib/python3.12/site-packages/airflow/example_dags/example_nested_branch_dag.py
[2025-07-13T23:50:20.641+0300] {logging_mixin.py:188} INFO - [2025-07-13T23:50:20.640+0300] {dag.py:3096} INFO - Sync 1 DAGs
[2025-07-13T23:50:20.668+0300] {logging_mixin.py:188} INFO - [2025-07-13T23:50:20.668+0300] {dag.py:3954} INFO - Setting next_dagrun for example_nested_branch_dag to 2025-07-12 00:00:00+00:00, run_after=2025-07-13 00:00:00+00:00
[2025-07-13T23:50:20.698+0300] {processor.py:183} INFO - Processing /home/wal/.pyenv/versions/3.12.0/lib/python3.12/site-packages/airflow/example_dags/example_nested_branch_dag.py took 0.108 seconds
[2025-07-13T23:51:13.573+0300] {processor.py:161} INFO - Started process (PID=7151) to work on /home/wal/.pyenv/versions/3.12.0/lib/python3.12/site-packages/airflow/example_dags/example_nested_branch_dag.py
[2025-07-13T23:51:13.579+0300] {processor.py:830} INFO - Processing file /home/wal/.pyenv/versions/3.12.0/lib/python3.12/site-packages/airflow/example_dags/example_nested_branch_dag.py for tasks to queue
[2025-07-13T23:51:13.583+0300] {logging_mixin.py:188} INFO - [2025-07-13T23:51:13.582+0300] {dagbag.py:545} INFO - Filling up the DagBag from /home/wal/.pyenv/versions/3.12.0/lib/python3.12/site-packages/airflow/example_dags/example_nested_branch_dag.py
[2025-07-13T23:51:13.599+0300] {processor.py:840} INFO - DAG(s) 'example_nested_branch_dag' retrieved from /home/wal/.pyenv/versions/3.12.0/lib/python3.12/site-packages/airflow/example_dags/example_nested_branch_dag.py
[2025-07-13T23:51:13.621+0300] {logging_mixin.py:188} INFO - [2025-07-13T23:51:13.621+0300] {dag.py:3096} INFO - Sync 1 DAGs
[2025-07-13T23:51:13.653+0300] {logging_mixin.py:188} INFO - [2025-07-13T23:51:13.652+0300] {dag.py:3954} INFO - Setting next_dagrun for example_nested_branch_dag to 2025-07-12 00:00:00+00:00, run_after=2025-07-13 00:00:00+00:00
[2025-07-13T23:51:13.687+0300] {processor.py:183} INFO - Processing /home/wal/.pyenv/versions/3.12.0/lib/python3.12/site-packages/airflow/example_dags/example_nested_branch_dag.py took 0.122 seconds
[2025-07-13T23:52:16.062+0300] {processor.py:161} INFO - Started process (PID=7205) to work on /home/wal/.pyenv/versions/3.12.0/lib/python3.12/site-packages/airflow/example_dags/example_nested_branch_dag.py
[2025-07-13T23:52:16.070+0300] {processor.py:830} INFO - Processing file /home/wal/.pyenv/versions/3.12.0/lib/python3.12/site-packages/airflow/example_dags/example_nested_branch_dag.py for tasks to queue
[2025-07-13T23:52:16.074+0300] {logging_mixin.py:188} INFO - [2025-07-13T23:52:16.074+0300] {dagbag.py:545} INFO - Filling up the DagBag from /home/wal/.pyenv/versions/3.12.0/lib/python3.12/site-packages/airflow/example_dags/example_nested_branch_dag.py
[2025-07-13T23:52:16.093+0300] {processor.py:840} INFO - DAG(s) 'example_nested_branch_dag' retrieved from /home/wal/.pyenv/versions/3.12.0/lib/python3.12/site-packages/airflow/example_dags/example_nested_branch_dag.py
[2025-07-13T23:52:16.122+0300] {logging_mixin.py:188} INFO - [2025-07-13T23:52:16.122+0300] {dag.py:3096} INFO - Sync 1 DAGs
[2025-07-13T23:52:16.153+0300] {logging_mixin.py:188} INFO - [2025-07-13T23:52:16.152+0300] {dag.py:3954} INFO - Setting next_dagrun for example_nested_branch_dag to 2025-07-12 00:00:00+00:00, run_after=2025-07-13 00:00:00+00:00
[2025-07-13T23:52:16.189+0300] {processor.py:183} INFO - Processing /home/wal/.pyenv/versions/3.12.0/lib/python3.12/site-packages/airflow/example_dags/example_nested_branch_dag.py took 0.142 seconds
[2025-07-13T23:53:14.458+0300] {processor.py:161} INFO - Started process (PID=7257) to work on /home/wal/.pyenv/versions/3.12.0/lib/python3.12/site-packages/airflow/example_dags/example_nested_branch_dag.py
[2025-07-13T23:53:14.464+0300] {processor.py:830} INFO - Processing file /home/wal/.pyenv/versions/3.12.0/lib/python3.12/site-packages/airflow/example_dags/example_nested_branch_dag.py for tasks to queue
[2025-07-13T23:53:14.467+0300] {logging_mixin.py:188} INFO - [2025-07-13T23:53:14.466+0300] {dagbag.py:545} INFO - Filling up the DagBag from /home/wal/.pyenv/versions/3.12.0/lib/python3.12/site-packages/airflow/example_dags/example_nested_branch_dag.py
[2025-07-13T23:53:14.486+0300] {processor.py:840} INFO - DAG(s) 'example_nested_branch_dag' retrieved from /home/wal/.pyenv/versions/3.12.0/lib/python3.12/site-packages/airflow/example_dags/example_nested_branch_dag.py
[2025-07-13T23:53:14.514+0300] {logging_mixin.py:188} INFO - [2025-07-13T23:53:14.513+0300] {dag.py:3096} INFO - Sync 1 DAGs
[2025-07-13T23:53:14.546+0300] {logging_mixin.py:188} INFO - [2025-07-13T23:53:14.546+0300] {dag.py:3954} INFO - Setting next_dagrun for example_nested_branch_dag to 2025-07-12 00:00:00+00:00, run_after=2025-07-13 00:00:00+00:00
[2025-07-13T23:53:14.580+0300] {processor.py:183} INFO - Processing /home/wal/.pyenv/versions/3.12.0/lib/python3.12/site-packages/airflow/example_dags/example_nested_branch_dag.py took 0.132 seconds
[2025-07-13T23:54:09.018+0300] {processor.py:161} INFO - Started process (PID=7307) to work on /home/wal/.pyenv/versions/3.12.0/lib/python3.12/site-packages/airflow/example_dags/example_nested_branch_dag.py
[2025-07-13T23:54:09.021+0300] {processor.py:830} INFO - Processing file /home/wal/.pyenv/versions/3.12.0/lib/python3.12/site-packages/airflow/example_dags/example_nested_branch_dag.py for tasks to queue
[2025-07-13T23:54:09.024+0300] {logging_mixin.py:188} INFO - [2025-07-13T23:54:09.023+0300] {dagbag.py:545} INFO - Filling up the DagBag from /home/wal/.pyenv/versions/3.12.0/lib/python3.12/site-packages/airflow/example_dags/example_nested_branch_dag.py
[2025-07-13T23:54:09.048+0300] {processor.py:840} INFO - DAG(s) 'example_nested_branch_dag' retrieved from /home/wal/.pyenv/versions/3.12.0/lib/python3.12/site-packages/airflow/example_dags/example_nested_branch_dag.py
[2025-07-13T23:54:09.082+0300] {logging_mixin.py:188} INFO - [2025-07-13T23:54:09.082+0300] {dag.py:3096} INFO - Sync 1 DAGs
[2025-07-13T23:54:09.107+0300] {logging_mixin.py:188} INFO - [2025-07-13T23:54:09.106+0300] {dag.py:3954} INFO - Setting next_dagrun for example_nested_branch_dag to 2025-07-12 00:00:00+00:00, run_after=2025-07-13 00:00:00+00:00
[2025-07-13T23:54:09.138+0300] {processor.py:183} INFO - Processing /home/wal/.pyenv/versions/3.12.0/lib/python3.12/site-packages/airflow/example_dags/example_nested_branch_dag.py took 0.136 seconds
[2025-07-13T23:55:05.046+0300] {processor.py:161} INFO - Started process (PID=7360) to work on /home/wal/.pyenv/versions/3.12.0/lib/python3.12/site-packages/airflow/example_dags/example_nested_branch_dag.py
[2025-07-13T23:55:05.049+0300] {processor.py:830} INFO - Processing file /home/wal/.pyenv/versions/3.12.0/lib/python3.12/site-packages/airflow/example_dags/example_nested_branch_dag.py for tasks to queue
[2025-07-13T23:55:05.054+0300] {logging_mixin.py:188} INFO - [2025-07-13T23:55:05.053+0300] {dagbag.py:545} INFO - Filling up the DagBag from /home/wal/.pyenv/versions/3.12.0/lib/python3.12/site-packages/airflow/example_dags/example_nested_branch_dag.py
[2025-07-13T23:55:05.072+0300] {processor.py:840} INFO - DAG(s) 'example_nested_branch_dag' retrieved from /home/wal/.pyenv/versions/3.12.0/lib/python3.12/site-packages/airflow/example_dags/example_nested_branch_dag.py
[2025-07-13T23:55:05.095+0300] {logging_mixin.py:188} INFO - [2025-07-13T23:55:05.095+0300] {dag.py:3096} INFO - Sync 1 DAGs
[2025-07-13T23:55:05.123+0300] {logging_mixin.py:188} INFO - [2025-07-13T23:55:05.122+0300] {dag.py:3954} INFO - Setting next_dagrun for example_nested_branch_dag to 2025-07-12 00:00:00+00:00, run_after=2025-07-13 00:00:00+00:00
[2025-07-13T23:55:05.156+0300] {processor.py:183} INFO - Processing /home/wal/.pyenv/versions/3.12.0/lib/python3.12/site-packages/airflow/example_dags/example_nested_branch_dag.py took 0.125 seconds
[2025-07-13T23:56:02.004+0300] {processor.py:161} INFO - Started process (PID=7412) to work on /home/wal/.pyenv/versions/3.12.0/lib/python3.12/site-packages/airflow/example_dags/example_nested_branch_dag.py
[2025-07-13T23:56:02.006+0300] {processor.py:830} INFO - Processing file /home/wal/.pyenv/versions/3.12.0/lib/python3.12/site-packages/airflow/example_dags/example_nested_branch_dag.py for tasks to queue
[2025-07-13T23:56:02.009+0300] {logging_mixin.py:188} INFO - [2025-07-13T23:56:02.008+0300] {dagbag.py:545} INFO - Filling up the DagBag from /home/wal/.pyenv/versions/3.12.0/lib/python3.12/site-packages/airflow/example_dags/example_nested_branch_dag.py
[2025-07-13T23:56:02.028+0300] {processor.py:840} INFO - DAG(s) 'example_nested_branch_dag' retrieved from /home/wal/.pyenv/versions/3.12.0/lib/python3.12/site-packages/airflow/example_dags/example_nested_branch_dag.py
[2025-07-13T23:56:02.059+0300] {logging_mixin.py:188} INFO - [2025-07-13T23:56:02.059+0300] {dag.py:3096} INFO - Sync 1 DAGs
[2025-07-13T23:56:02.096+0300] {logging_mixin.py:188} INFO - [2025-07-13T23:56:02.096+0300] {dag.py:3954} INFO - Setting next_dagrun for example_nested_branch_dag to 2025-07-12 00:00:00+00:00, run_after=2025-07-13 00:00:00+00:00
[2025-07-13T23:56:02.129+0300] {processor.py:183} INFO - Processing /home/wal/.pyenv/versions/3.12.0/lib/python3.12/site-packages/airflow/example_dags/example_nested_branch_dag.py took 0.137 seconds
[2025-07-13T23:56:56.925+0300] {processor.py:161} INFO - Started process (PID=7460) to work on /home/wal/.pyenv/versions/3.12.0/lib/python3.12/site-packages/airflow/example_dags/example_nested_branch_dag.py
[2025-07-13T23:56:56.928+0300] {processor.py:830} INFO - Processing file /home/wal/.pyenv/versions/3.12.0/lib/python3.12/site-packages/airflow/example_dags/example_nested_branch_dag.py for tasks to queue
[2025-07-13T23:56:56.932+0300] {logging_mixin.py:188} INFO - [2025-07-13T23:56:56.931+0300] {dagbag.py:545} INFO - Filling up the DagBag from /home/wal/.pyenv/versions/3.12.0/lib/python3.12/site-packages/airflow/example_dags/example_nested_branch_dag.py
[2025-07-13T23:56:56.945+0300] {processor.py:840} INFO - DAG(s) 'example_nested_branch_dag' retrieved from /home/wal/.pyenv/versions/3.12.0/lib/python3.12/site-packages/airflow/example_dags/example_nested_branch_dag.py
[2025-07-13T23:56:56.973+0300] {logging_mixin.py:188} INFO - [2025-07-13T23:56:56.973+0300] {dag.py:3096} INFO - Sync 1 DAGs
[2025-07-13T23:56:57.004+0300] {logging_mixin.py:188} INFO - [2025-07-13T23:56:57.003+0300] {dag.py:3954} INFO - Setting next_dagrun for example_nested_branch_dag to 2025-07-12 00:00:00+00:00, run_after=2025-07-13 00:00:00+00:00
[2025-07-13T23:56:57.083+0300] {processor.py:183} INFO - Processing /home/wal/.pyenv/versions/3.12.0/lib/python3.12/site-packages/airflow/example_dags/example_nested_branch_dag.py took 0.166 seconds
[2025-07-13T23:57:53.683+0300] {processor.py:161} INFO - Started process (PID=7512) to work on /home/wal/.pyenv/versions/3.12.0/lib/python3.12/site-packages/airflow/example_dags/example_nested_branch_dag.py
[2025-07-13T23:57:53.689+0300] {processor.py:830} INFO - Processing file /home/wal/.pyenv/versions/3.12.0/lib/python3.12/site-packages/airflow/example_dags/example_nested_branch_dag.py for tasks to queue
[2025-07-13T23:57:53.692+0300] {logging_mixin.py:188} INFO - [2025-07-13T23:57:53.691+0300] {dagbag.py:545} INFO - Filling up the DagBag from /home/wal/.pyenv/versions/3.12.0/lib/python3.12/site-packages/airflow/example_dags/example_nested_branch_dag.py
[2025-07-13T23:57:53.707+0300] {processor.py:840} INFO - DAG(s) 'example_nested_branch_dag' retrieved from /home/wal/.pyenv/versions/3.12.0/lib/python3.12/site-packages/airflow/example_dags/example_nested_branch_dag.py
[2025-07-13T23:57:53.735+0300] {logging_mixin.py:188} INFO - [2025-07-13T23:57:53.734+0300] {dag.py:3096} INFO - Sync 1 DAGs
[2025-07-13T23:57:53.772+0300] {logging_mixin.py:188} INFO - [2025-07-13T23:57:53.771+0300] {dag.py:3954} INFO - Setting next_dagrun for example_nested_branch_dag to 2025-07-12 00:00:00+00:00, run_after=2025-07-13 00:00:00+00:00
[2025-07-13T23:57:53.806+0300] {processor.py:183} INFO - Processing /home/wal/.pyenv/versions/3.12.0/lib/python3.12/site-packages/airflow/example_dags/example_nested_branch_dag.py took 0.131 seconds
[2025-07-13T23:58:49.168+0300] {processor.py:161} INFO - Started process (PID=7563) to work on /home/wal/.pyenv/versions/3.12.0/lib/python3.12/site-packages/airflow/example_dags/example_nested_branch_dag.py
[2025-07-13T23:58:49.171+0300] {processor.py:830} INFO - Processing file /home/wal/.pyenv/versions/3.12.0/lib/python3.12/site-packages/airflow/example_dags/example_nested_branch_dag.py for tasks to queue
[2025-07-13T23:58:49.175+0300] {logging_mixin.py:188} INFO - [2025-07-13T23:58:49.173+0300] {dagbag.py:545} INFO - Filling up the DagBag from /home/wal/.pyenv/versions/3.12.0/lib/python3.12/site-packages/airflow/example_dags/example_nested_branch_dag.py
[2025-07-13T23:58:49.196+0300] {processor.py:840} INFO - DAG(s) 'example_nested_branch_dag' retrieved from /home/wal/.pyenv/versions/3.12.0/lib/python3.12/site-packages/airflow/example_dags/example_nested_branch_dag.py
[2025-07-13T23:58:49.226+0300] {logging_mixin.py:188} INFO - [2025-07-13T23:58:49.225+0300] {dag.py:3096} INFO - Sync 1 DAGs
[2025-07-13T23:58:49.259+0300] {logging_mixin.py:188} INFO - [2025-07-13T23:58:49.259+0300] {dag.py:3954} INFO - Setting next_dagrun for example_nested_branch_dag to 2025-07-12 00:00:00+00:00, run_after=2025-07-13 00:00:00+00:00
[2025-07-13T23:58:49.297+0300] {processor.py:183} INFO - Processing /home/wal/.pyenv/versions/3.12.0/lib/python3.12/site-packages/airflow/example_dags/example_nested_branch_dag.py took 0.142 seconds
[2025-07-13T23:59:45.623+0300] {processor.py:161} INFO - Started process (PID=7616) to work on /home/wal/.pyenv/versions/3.12.0/lib/python3.12/site-packages/airflow/example_dags/example_nested_branch_dag.py
[2025-07-13T23:59:45.632+0300] {processor.py:830} INFO - Processing file /home/wal/.pyenv/versions/3.12.0/lib/python3.12/site-packages/airflow/example_dags/example_nested_branch_dag.py for tasks to queue
[2025-07-13T23:59:45.638+0300] {logging_mixin.py:188} INFO - [2025-07-13T23:59:45.637+0300] {dagbag.py:545} INFO - Filling up the DagBag from /home/wal/.pyenv/versions/3.12.0/lib/python3.12/site-packages/airflow/example_dags/example_nested_branch_dag.py
[2025-07-13T23:59:45.680+0300] {processor.py:840} INFO - DAG(s) 'example_nested_branch_dag' retrieved from /home/wal/.pyenv/versions/3.12.0/lib/python3.12/site-packages/airflow/example_dags/example_nested_branch_dag.py
[2025-07-13T23:59:45.760+0300] {logging_mixin.py:188} INFO - [2025-07-13T23:59:45.759+0300] {dag.py:3096} INFO - Sync 1 DAGs
[2025-07-13T23:59:45.855+0300] {logging_mixin.py:188} INFO - [2025-07-13T23:59:45.853+0300] {dag.py:3954} INFO - Setting next_dagrun for example_nested_branch_dag to 2025-07-12 00:00:00+00:00, run_after=2025-07-13 00:00:00+00:00
[2025-07-13T23:59:45.936+0300] {processor.py:183} INFO - Processing /home/wal/.pyenv/versions/3.12.0/lib/python3.12/site-packages/airflow/example_dags/example_nested_branch_dag.py took 0.342 seconds
[2025-07-14T00:00:44.586+0300] {processor.py:161} INFO - Started process (PID=7684) to work on /home/wal/.pyenv/versions/3.12.0/lib/python3.12/site-packages/airflow/example_dags/example_nested_branch_dag.py
[2025-07-14T00:00:44.593+0300] {processor.py:830} INFO - Processing file /home/wal/.pyenv/versions/3.12.0/lib/python3.12/site-packages/airflow/example_dags/example_nested_branch_dag.py for tasks to queue
[2025-07-14T00:00:44.595+0300] {logging_mixin.py:188} INFO - [2025-07-14T00:00:44.595+0300] {dagbag.py:545} INFO - Filling up the DagBag from /home/wal/.pyenv/versions/3.12.0/lib/python3.12/site-packages/airflow/example_dags/example_nested_branch_dag.py
[2025-07-14T00:00:44.610+0300] {processor.py:840} INFO - DAG(s) 'example_nested_branch_dag' retrieved from /home/wal/.pyenv/versions/3.12.0/lib/python3.12/site-packages/airflow/example_dags/example_nested_branch_dag.py
[2025-07-14T00:00:44.635+0300] {logging_mixin.py:188} INFO - [2025-07-14T00:00:44.635+0300] {dag.py:3096} INFO - Sync 1 DAGs
[2025-07-14T00:00:44.668+0300] {logging_mixin.py:188} INFO - [2025-07-14T00:00:44.668+0300] {dag.py:3954} INFO - Setting next_dagrun for example_nested_branch_dag to 2025-07-12 00:00:00+00:00, run_after=2025-07-13 00:00:00+00:00
[2025-07-14T00:00:44.702+0300] {processor.py:183} INFO - Processing /home/wal/.pyenv/versions/3.12.0/lib/python3.12/site-packages/airflow/example_dags/example_nested_branch_dag.py took 0.131 seconds
[2025-07-14T00:01:38.694+0300] {processor.py:161} INFO - Started process (PID=7733) to work on /home/wal/.pyenv/versions/3.12.0/lib/python3.12/site-packages/airflow/example_dags/example_nested_branch_dag.py
[2025-07-14T00:01:38.700+0300] {processor.py:830} INFO - Processing file /home/wal/.pyenv/versions/3.12.0/lib/python3.12/site-packages/airflow/example_dags/example_nested_branch_dag.py for tasks to queue
[2025-07-14T00:01:38.703+0300] {logging_mixin.py:188} INFO - [2025-07-14T00:01:38.703+0300] {dagbag.py:545} INFO - Filling up the DagBag from /home/wal/.pyenv/versions/3.12.0/lib/python3.12/site-packages/airflow/example_dags/example_nested_branch_dag.py
[2025-07-14T00:01:38.714+0300] {processor.py:840} INFO - DAG(s) 'example_nested_branch_dag' retrieved from /home/wal/.pyenv/versions/3.12.0/lib/python3.12/site-packages/airflow/example_dags/example_nested_branch_dag.py
[2025-07-14T00:01:38.738+0300] {logging_mixin.py:188} INFO - [2025-07-14T00:01:38.738+0300] {dag.py:3096} INFO - Sync 1 DAGs
[2025-07-14T00:01:38.762+0300] {logging_mixin.py:188} INFO - [2025-07-14T00:01:38.761+0300] {dag.py:3954} INFO - Setting next_dagrun for example_nested_branch_dag to 2025-07-12 00:00:00+00:00, run_after=2025-07-13 00:00:00+00:00
[2025-07-14T00:01:38.792+0300] {processor.py:183} INFO - Processing /home/wal/.pyenv/versions/3.12.0/lib/python3.12/site-packages/airflow/example_dags/example_nested_branch_dag.py took 0.106 seconds
[2025-07-14T00:02:37.882+0300] {processor.py:161} INFO - Started process (PID=7784) to work on /home/wal/.pyenv/versions/3.12.0/lib/python3.12/site-packages/airflow/example_dags/example_nested_branch_dag.py
[2025-07-14T00:02:37.886+0300] {processor.py:830} INFO - Processing file /home/wal/.pyenv/versions/3.12.0/lib/python3.12/site-packages/airflow/example_dags/example_nested_branch_dag.py for tasks to queue
[2025-07-14T00:02:37.889+0300] {logging_mixin.py:188} INFO - [2025-07-14T00:02:37.888+0300] {dagbag.py:545} INFO - Filling up the DagBag from /home/wal/.pyenv/versions/3.12.0/lib/python3.12/site-packages/airflow/example_dags/example_nested_branch_dag.py
[2025-07-14T00:02:37.905+0300] {processor.py:840} INFO - DAG(s) 'example_nested_branch_dag' retrieved from /home/wal/.pyenv/versions/3.12.0/lib/python3.12/site-packages/airflow/example_dags/example_nested_branch_dag.py
[2025-07-14T00:02:37.928+0300] {logging_mixin.py:188} INFO - [2025-07-14T00:02:37.927+0300] {dag.py:3096} INFO - Sync 1 DAGs
[2025-07-14T00:02:37.956+0300] {logging_mixin.py:188} INFO - [2025-07-14T00:02:37.956+0300] {dag.py:3954} INFO - Setting next_dagrun for example_nested_branch_dag to 2025-07-12 00:00:00+00:00, run_after=2025-07-13 00:00:00+00:00
[2025-07-14T00:02:37.986+0300] {processor.py:183} INFO - Processing /home/wal/.pyenv/versions/3.12.0/lib/python3.12/site-packages/airflow/example_dags/example_nested_branch_dag.py took 0.111 seconds
[2025-07-14T00:03:32.253+0300] {processor.py:161} INFO - Started process (PID=7837) to work on /home/wal/.pyenv/versions/3.12.0/lib/python3.12/site-packages/airflow/example_dags/example_nested_branch_dag.py
[2025-07-14T00:03:32.256+0300] {processor.py:830} INFO - Processing file /home/wal/.pyenv/versions/3.12.0/lib/python3.12/site-packages/airflow/example_dags/example_nested_branch_dag.py for tasks to queue
[2025-07-14T00:03:32.259+0300] {logging_mixin.py:188} INFO - [2025-07-14T00:03:32.258+0300] {dagbag.py:545} INFO - Filling up the DagBag from /home/wal/.pyenv/versions/3.12.0/lib/python3.12/site-packages/airflow/example_dags/example_nested_branch_dag.py
[2025-07-14T00:03:32.281+0300] {processor.py:840} INFO - DAG(s) 'example_nested_branch_dag' retrieved from /home/wal/.pyenv/versions/3.12.0/lib/python3.12/site-packages/airflow/example_dags/example_nested_branch_dag.py
[2025-07-14T00:03:32.315+0300] {logging_mixin.py:188} INFO - [2025-07-14T00:03:32.315+0300] {dag.py:3096} INFO - Sync 1 DAGs
[2025-07-14T00:03:32.363+0300] {logging_mixin.py:188} INFO - [2025-07-14T00:03:32.363+0300] {dag.py:3954} INFO - Setting next_dagrun for example_nested_branch_dag to 2025-07-12 00:00:00+00:00, run_after=2025-07-13 00:00:00+00:00
[2025-07-14T00:03:32.398+0300] {processor.py:183} INFO - Processing /home/wal/.pyenv/versions/3.12.0/lib/python3.12/site-packages/airflow/example_dags/example_nested_branch_dag.py took 0.156 seconds
[2025-07-14T00:04:24.298+0300] {processor.py:161} INFO - Started process (PID=7885) to work on /home/wal/.pyenv/versions/3.12.0/lib/python3.12/site-packages/airflow/example_dags/example_nested_branch_dag.py
[2025-07-14T00:04:24.304+0300] {processor.py:830} INFO - Processing file /home/wal/.pyenv/versions/3.12.0/lib/python3.12/site-packages/airflow/example_dags/example_nested_branch_dag.py for tasks to queue
[2025-07-14T00:04:24.307+0300] {logging_mixin.py:188} INFO - [2025-07-14T00:04:24.306+0300] {dagbag.py:545} INFO - Filling up the DagBag from /home/wal/.pyenv/versions/3.12.0/lib/python3.12/site-packages/airflow/example_dags/example_nested_branch_dag.py
[2025-07-14T00:04:24.322+0300] {processor.py:840} INFO - DAG(s) 'example_nested_branch_dag' retrieved from /home/wal/.pyenv/versions/3.12.0/lib/python3.12/site-packages/airflow/example_dags/example_nested_branch_dag.py
[2025-07-14T00:04:24.345+0300] {logging_mixin.py:188} INFO - [2025-07-14T00:04:24.345+0300] {dag.py:3096} INFO - Sync 1 DAGs
[2025-07-14T00:04:24.372+0300] {logging_mixin.py:188} INFO - [2025-07-14T00:04:24.371+0300] {dag.py:3954} INFO - Setting next_dagrun for example_nested_branch_dag to 2025-07-12 00:00:00+00:00, run_after=2025-07-13 00:00:00+00:00
[2025-07-14T00:04:24.402+0300] {processor.py:183} INFO - Processing /home/wal/.pyenv/versions/3.12.0/lib/python3.12/site-packages/airflow/example_dags/example_nested_branch_dag.py took 0.111 seconds
[2025-07-14T00:05:17.164+0300] {processor.py:161} INFO - Started process (PID=7937) to work on /home/wal/.pyenv/versions/3.12.0/lib/python3.12/site-packages/airflow/example_dags/example_nested_branch_dag.py
[2025-07-14T00:05:17.170+0300] {processor.py:830} INFO - Processing file /home/wal/.pyenv/versions/3.12.0/lib/python3.12/site-packages/airflow/example_dags/example_nested_branch_dag.py for tasks to queue
[2025-07-14T00:05:17.174+0300] {logging_mixin.py:188} INFO - [2025-07-14T00:05:17.173+0300] {dagbag.py:545} INFO - Filling up the DagBag from /home/wal/.pyenv/versions/3.12.0/lib/python3.12/site-packages/airflow/example_dags/example_nested_branch_dag.py
[2025-07-14T00:05:17.191+0300] {processor.py:840} INFO - DAG(s) 'example_nested_branch_dag' retrieved from /home/wal/.pyenv/versions/3.12.0/lib/python3.12/site-packages/airflow/example_dags/example_nested_branch_dag.py
[2025-07-14T00:05:17.218+0300] {logging_mixin.py:188} INFO - [2025-07-14T00:05:17.218+0300] {dag.py:3096} INFO - Sync 1 DAGs
[2025-07-14T00:05:17.247+0300] {logging_mixin.py:188} INFO - [2025-07-14T00:05:17.247+0300] {dag.py:3954} INFO - Setting next_dagrun for example_nested_branch_dag to 2025-07-12 00:00:00+00:00, run_after=2025-07-13 00:00:00+00:00
[2025-07-14T00:05:17.281+0300] {processor.py:183} INFO - Processing /home/wal/.pyenv/versions/3.12.0/lib/python3.12/site-packages/airflow/example_dags/example_nested_branch_dag.py took 0.127 seconds
[2025-07-14T00:06:09.486+0300] {processor.py:161} INFO - Started process (PID=7987) to work on /home/wal/.pyenv/versions/3.12.0/lib/python3.12/site-packages/airflow/example_dags/example_nested_branch_dag.py
[2025-07-14T00:06:09.493+0300] {processor.py:830} INFO - Processing file /home/wal/.pyenv/versions/3.12.0/lib/python3.12/site-packages/airflow/example_dags/example_nested_branch_dag.py for tasks to queue
[2025-07-14T00:06:09.495+0300] {logging_mixin.py:188} INFO - [2025-07-14T00:06:09.495+0300] {dagbag.py:545} INFO - Filling up the DagBag from /home/wal/.pyenv/versions/3.12.0/lib/python3.12/site-packages/airflow/example_dags/example_nested_branch_dag.py
[2025-07-14T00:06:09.507+0300] {processor.py:840} INFO - DAG(s) 'example_nested_branch_dag' retrieved from /home/wal/.pyenv/versions/3.12.0/lib/python3.12/site-packages/airflow/example_dags/example_nested_branch_dag.py
[2025-07-14T00:06:09.530+0300] {logging_mixin.py:188} INFO - [2025-07-14T00:06:09.529+0300] {dag.py:3096} INFO - Sync 1 DAGs
[2025-07-14T00:06:09.553+0300] {logging_mixin.py:188} INFO - [2025-07-14T00:06:09.553+0300] {dag.py:3954} INFO - Setting next_dagrun for example_nested_branch_dag to 2025-07-12 00:00:00+00:00, run_after=2025-07-13 00:00:00+00:00
[2025-07-14T00:06:09.583+0300] {processor.py:183} INFO - Processing /home/wal/.pyenv/versions/3.12.0/lib/python3.12/site-packages/airflow/example_dags/example_nested_branch_dag.py took 0.103 seconds
[2025-07-14T00:07:03.776+0300] {processor.py:161} INFO - Started process (PID=8036) to work on /home/wal/.pyenv/versions/3.12.0/lib/python3.12/site-packages/airflow/example_dags/example_nested_branch_dag.py
[2025-07-14T00:07:03.782+0300] {processor.py:830} INFO - Processing file /home/wal/.pyenv/versions/3.12.0/lib/python3.12/site-packages/airflow/example_dags/example_nested_branch_dag.py for tasks to queue
[2025-07-14T00:07:03.784+0300] {logging_mixin.py:188} INFO - [2025-07-14T00:07:03.784+0300] {dagbag.py:545} INFO - Filling up the DagBag from /home/wal/.pyenv/versions/3.12.0/lib/python3.12/site-packages/airflow/example_dags/example_nested_branch_dag.py
[2025-07-14T00:07:03.799+0300] {processor.py:840} INFO - DAG(s) 'example_nested_branch_dag' retrieved from /home/wal/.pyenv/versions/3.12.0/lib/python3.12/site-packages/airflow/example_dags/example_nested_branch_dag.py
[2025-07-14T00:07:03.824+0300] {logging_mixin.py:188} INFO - [2025-07-14T00:07:03.823+0300] {dag.py:3096} INFO - Sync 1 DAGs
[2025-07-14T00:07:03.849+0300] {logging_mixin.py:188} INFO - [2025-07-14T00:07:03.848+0300] {dag.py:3954} INFO - Setting next_dagrun for example_nested_branch_dag to 2025-07-12 00:00:00+00:00, run_after=2025-07-13 00:00:00+00:00
[2025-07-14T00:07:03.879+0300] {processor.py:183} INFO - Processing /home/wal/.pyenv/versions/3.12.0/lib/python3.12/site-packages/airflow/example_dags/example_nested_branch_dag.py took 0.113 seconds
[2025-07-14T00:08:02.206+0300] {processor.py:161} INFO - Started process (PID=8086) to work on /home/wal/.pyenv/versions/3.12.0/lib/python3.12/site-packages/airflow/example_dags/example_nested_branch_dag.py
[2025-07-14T00:08:02.215+0300] {processor.py:830} INFO - Processing file /home/wal/.pyenv/versions/3.12.0/lib/python3.12/site-packages/airflow/example_dags/example_nested_branch_dag.py for tasks to queue
[2025-07-14T00:08:02.221+0300] {logging_mixin.py:188} INFO - [2025-07-14T00:08:02.219+0300] {dagbag.py:545} INFO - Filling up the DagBag from /home/wal/.pyenv/versions/3.12.0/lib/python3.12/site-packages/airflow/example_dags/example_nested_branch_dag.py
[2025-07-14T00:08:02.280+0300] {processor.py:840} INFO - DAG(s) 'example_nested_branch_dag' retrieved from /home/wal/.pyenv/versions/3.12.0/lib/python3.12/site-packages/airflow/example_dags/example_nested_branch_dag.py
[2025-07-14T00:08:02.376+0300] {logging_mixin.py:188} INFO - [2025-07-14T00:08:02.375+0300] {dag.py:3096} INFO - Sync 1 DAGs
[2025-07-14T00:08:02.523+0300] {logging_mixin.py:188} INFO - [2025-07-14T00:08:02.522+0300] {dag.py:3954} INFO - Setting next_dagrun for example_nested_branch_dag to 2025-07-12 00:00:00+00:00, run_after=2025-07-13 00:00:00+00:00
[2025-07-14T00:08:02.604+0300] {processor.py:183} INFO - Processing /home/wal/.pyenv/versions/3.12.0/lib/python3.12/site-packages/airflow/example_dags/example_nested_branch_dag.py took 0.434 seconds
