[2025-07-13T22:56:27.365+0300] {processor.py:161} INFO - Started process (PID=4038) to work on /home/wal/.pyenv/versions/3.12.0/lib/python3.12/site-packages/airflow/example_dags/example_dag_decorator.py
[2025-07-13T22:56:27.366+0300] {processor.py:830} INFO - Processing file /home/wal/.pyenv/versions/3.12.0/lib/python3.12/site-packages/airflow/example_dags/example_dag_decorator.py for tasks to queue
[2025-07-13T22:56:27.368+0300] {logging_mixin.py:188} INFO - [2025-07-13T22:56:27.368+0300] {dagbag.py:545} INFO - Filling up the DagBag from /home/wal/.pyenv/versions/3.12.0/lib/python3.12/site-packages/airflow/example_dags/example_dag_decorator.py
[2025-07-13T22:56:27.448+0300] {processor.py:840} INFO - DAG(s) 'example_dag_decorator' retrieved from /home/wal/.pyenv/versions/3.12.0/lib/python3.12/site-packages/airflow/example_dags/example_dag_decorator.py
[2025-07-13T22:56:27.586+0300] {logging_mixin.py:188} INFO - [2025-07-13T22:56:27.586+0300] {dag.py:3096} INFO - Sync 1 DAGs
[2025-07-13T22:56:27.600+0300] {logging_mixin.py:188} INFO - [2025-07-13T22:56:27.600+0300] {dag.py:3954} INFO - Setting next_dagrun for example_dag_decorator to None, run_after=None
[2025-07-13T22:56:27.628+0300] {processor.py:183} INFO - Processing /home/wal/.pyenv/versions/3.12.0/lib/python3.12/site-packages/airflow/example_dags/example_dag_decorator.py took 0.276 seconds
[2025-07-13T22:57:23.293+0300] {processor.py:161} INFO - Started process (PID=4177) to work on /home/wal/.pyenv/versions/3.12.0/lib/python3.12/site-packages/airflow/example_dags/example_dag_decorator.py
[2025-07-13T22:57:23.295+0300] {processor.py:830} INFO - Processing file /home/wal/.pyenv/versions/3.12.0/lib/python3.12/site-packages/airflow/example_dags/example_dag_decorator.py for tasks to queue
[2025-07-13T22:57:23.297+0300] {logging_mixin.py:188} INFO - [2025-07-13T22:57:23.296+0300] {dagbag.py:545} INFO - Filling up the DagBag from /home/wal/.pyenv/versions/3.12.0/lib/python3.12/site-packages/airflow/example_dags/example_dag_decorator.py
[2025-07-13T22:57:23.346+0300] {processor.py:840} INFO - DAG(s) 'example_dag_decorator' retrieved from /home/wal/.pyenv/versions/3.12.0/lib/python3.12/site-packages/airflow/example_dags/example_dag_decorator.py
[2025-07-13T22:57:23.370+0300] {logging_mixin.py:188} INFO - [2025-07-13T22:57:23.370+0300] {dag.py:3096} INFO - Sync 1 DAGs
[2025-07-13T22:57:23.385+0300] {logging_mixin.py:188} INFO - [2025-07-13T22:57:23.385+0300] {dag.py:3954} INFO - Setting next_dagrun for example_dag_decorator to None, run_after=None
[2025-07-13T22:57:23.417+0300] {processor.py:183} INFO - Processing /home/wal/.pyenv/versions/3.12.0/lib/python3.12/site-packages/airflow/example_dags/example_dag_decorator.py took 0.130 seconds
[2025-07-13T22:58:19.920+0300] {processor.py:161} INFO - Started process (PID=4287) to work on /home/wal/.pyenv/versions/3.12.0/lib/python3.12/site-packages/airflow/example_dags/example_dag_decorator.py
[2025-07-13T22:58:19.921+0300] {processor.py:830} INFO - Processing file /home/wal/.pyenv/versions/3.12.0/lib/python3.12/site-packages/airflow/example_dags/example_dag_decorator.py for tasks to queue
[2025-07-13T22:58:19.924+0300] {logging_mixin.py:188} INFO - [2025-07-13T22:58:19.923+0300] {dagbag.py:545} INFO - Filling up the DagBag from /home/wal/.pyenv/versions/3.12.0/lib/python3.12/site-packages/airflow/example_dags/example_dag_decorator.py
[2025-07-13T22:58:19.988+0300] {processor.py:840} INFO - DAG(s) 'example_dag_decorator' retrieved from /home/wal/.pyenv/versions/3.12.0/lib/python3.12/site-packages/airflow/example_dags/example_dag_decorator.py
[2025-07-13T22:58:20.160+0300] {logging_mixin.py:188} INFO - [2025-07-13T22:58:20.160+0300] {dag.py:3096} INFO - Sync 1 DAGs
[2025-07-13T22:58:20.177+0300] {logging_mixin.py:188} INFO - [2025-07-13T22:58:20.177+0300] {dag.py:3954} INFO - Setting next_dagrun for example_dag_decorator to None, run_after=None
[2025-07-13T22:58:20.214+0300] {processor.py:183} INFO - Processing /home/wal/.pyenv/versions/3.12.0/lib/python3.12/site-packages/airflow/example_dags/example_dag_decorator.py took 0.303 seconds
[2025-07-13T23:00:05.863+0300] {processor.py:161} INFO - Started process (PID=4547) to work on /home/wal/.pyenv/versions/3.12.0/lib/python3.12/site-packages/airflow/example_dags/example_dag_decorator.py
[2025-07-13T23:00:05.865+0300] {processor.py:830} INFO - Processing file /home/wal/.pyenv/versions/3.12.0/lib/python3.12/site-packages/airflow/example_dags/example_dag_decorator.py for tasks to queue
[2025-07-13T23:00:05.868+0300] {logging_mixin.py:188} INFO - [2025-07-13T23:00:05.867+0300] {dagbag.py:545} INFO - Filling up the DagBag from /home/wal/.pyenv/versions/3.12.0/lib/python3.12/site-packages/airflow/example_dags/example_dag_decorator.py
[2025-07-13T23:00:05.961+0300] {processor.py:840} INFO - DAG(s) 'example_dag_decorator' retrieved from /home/wal/.pyenv/versions/3.12.0/lib/python3.12/site-packages/airflow/example_dags/example_dag_decorator.py
[2025-07-13T23:00:06.327+0300] {logging_mixin.py:188} INFO - [2025-07-13T23:00:06.327+0300] {dag.py:3096} INFO - Sync 1 DAGs
[2025-07-13T23:00:06.351+0300] {logging_mixin.py:188} INFO - [2025-07-13T23:00:06.350+0300] {dag.py:3954} INFO - Setting next_dagrun for example_dag_decorator to None, run_after=None
[2025-07-13T23:00:06.399+0300] {processor.py:183} INFO - Processing /home/wal/.pyenv/versions/3.12.0/lib/python3.12/site-packages/airflow/example_dags/example_dag_decorator.py took 0.548 seconds
[2025-07-13T23:01:47.499+0300] {processor.py:161} INFO - Started process (PID=4614) to work on /home/wal/.pyenv/versions/3.12.0/lib/python3.12/site-packages/airflow/example_dags/example_dag_decorator.py
[2025-07-13T23:01:47.519+0300] {processor.py:830} INFO - Processing file /home/wal/.pyenv/versions/3.12.0/lib/python3.12/site-packages/airflow/example_dags/example_dag_decorator.py for tasks to queue
[2025-07-13T23:01:47.535+0300] {logging_mixin.py:188} INFO - [2025-07-13T23:01:47.533+0300] {dagbag.py:545} INFO - Filling up the DagBag from /home/wal/.pyenv/versions/3.12.0/lib/python3.12/site-packages/airflow/example_dags/example_dag_decorator.py
[2025-07-13T23:01:47.917+0300] {processor.py:840} INFO - DAG(s) 'example_dag_decorator' retrieved from /home/wal/.pyenv/versions/3.12.0/lib/python3.12/site-packages/airflow/example_dags/example_dag_decorator.py
[2025-07-13T23:01:48.814+0300] {logging_mixin.py:188} INFO - [2025-07-13T23:01:48.814+0300] {dag.py:3096} INFO - Sync 1 DAGs
[2025-07-13T23:01:48.906+0300] {logging_mixin.py:188} INFO - [2025-07-13T23:01:48.905+0300] {dag.py:3954} INFO - Setting next_dagrun for example_dag_decorator to None, run_after=None
[2025-07-13T23:01:49.072+0300] {processor.py:183} INFO - Processing /home/wal/.pyenv/versions/3.12.0/lib/python3.12/site-packages/airflow/example_dags/example_dag_decorator.py took 1.624 seconds
[2025-07-13T23:03:29.005+0300] {processor.py:161} INFO - Started process (PID=4685) to work on /home/wal/.pyenv/versions/3.12.0/lib/python3.12/site-packages/airflow/example_dags/example_dag_decorator.py
[2025-07-13T23:03:29.012+0300] {processor.py:830} INFO - Processing file /home/wal/.pyenv/versions/3.12.0/lib/python3.12/site-packages/airflow/example_dags/example_dag_decorator.py for tasks to queue
[2025-07-13T23:03:29.018+0300] {logging_mixin.py:188} INFO - [2025-07-13T23:03:29.017+0300] {dagbag.py:545} INFO - Filling up the DagBag from /home/wal/.pyenv/versions/3.12.0/lib/python3.12/site-packages/airflow/example_dags/example_dag_decorator.py
[2025-07-13T23:03:29.129+0300] {processor.py:840} INFO - DAG(s) 'example_dag_decorator' retrieved from /home/wal/.pyenv/versions/3.12.0/lib/python3.12/site-packages/airflow/example_dags/example_dag_decorator.py
[2025-07-13T23:03:29.403+0300] {logging_mixin.py:188} INFO - [2025-07-13T23:03:29.403+0300] {dag.py:3096} INFO - Sync 1 DAGs
[2025-07-13T23:03:29.429+0300] {logging_mixin.py:188} INFO - [2025-07-13T23:03:29.429+0300] {dag.py:3954} INFO - Setting next_dagrun for example_dag_decorator to None, run_after=None
[2025-07-13T23:03:29.500+0300] {processor.py:183} INFO - Processing /home/wal/.pyenv/versions/3.12.0/lib/python3.12/site-packages/airflow/example_dags/example_dag_decorator.py took 0.512 seconds
[2025-07-13T23:04:43.791+0300] {processor.py:161} INFO - Started process (PID=4745) to work on /home/wal/.pyenv/versions/3.12.0/lib/python3.12/site-packages/airflow/example_dags/example_dag_decorator.py
[2025-07-13T23:04:43.798+0300] {processor.py:830} INFO - Processing file /home/wal/.pyenv/versions/3.12.0/lib/python3.12/site-packages/airflow/example_dags/example_dag_decorator.py for tasks to queue
[2025-07-13T23:04:43.800+0300] {logging_mixin.py:188} INFO - [2025-07-13T23:04:43.799+0300] {dagbag.py:545} INFO - Filling up the DagBag from /home/wal/.pyenv/versions/3.12.0/lib/python3.12/site-packages/airflow/example_dags/example_dag_decorator.py
[2025-07-13T23:04:43.880+0300] {processor.py:840} INFO - DAG(s) 'example_dag_decorator' retrieved from /home/wal/.pyenv/versions/3.12.0/lib/python3.12/site-packages/airflow/example_dags/example_dag_decorator.py
[2025-07-13T23:04:44.124+0300] {logging_mixin.py:188} INFO - [2025-07-13T23:04:44.124+0300] {dag.py:3096} INFO - Sync 1 DAGs
[2025-07-13T23:04:44.147+0300] {logging_mixin.py:188} INFO - [2025-07-13T23:04:44.146+0300] {dag.py:3954} INFO - Setting next_dagrun for example_dag_decorator to None, run_after=None
[2025-07-13T23:04:44.195+0300] {processor.py:183} INFO - Processing /home/wal/.pyenv/versions/3.12.0/lib/python3.12/site-packages/airflow/example_dags/example_dag_decorator.py took 0.420 seconds
[2025-07-13T23:06:09.083+0300] {processor.py:161} INFO - Started process (PID=4811) to work on /home/wal/.pyenv/versions/3.12.0/lib/python3.12/site-packages/airflow/example_dags/example_dag_decorator.py
[2025-07-13T23:06:09.098+0300] {processor.py:830} INFO - Processing file /home/wal/.pyenv/versions/3.12.0/lib/python3.12/site-packages/airflow/example_dags/example_dag_decorator.py for tasks to queue
[2025-07-13T23:06:09.105+0300] {logging_mixin.py:188} INFO - [2025-07-13T23:06:09.103+0300] {dagbag.py:545} INFO - Filling up the DagBag from /home/wal/.pyenv/versions/3.12.0/lib/python3.12/site-packages/airflow/example_dags/example_dag_decorator.py
[2025-07-13T23:06:09.505+0300] {processor.py:840} INFO - DAG(s) 'example_dag_decorator' retrieved from /home/wal/.pyenv/versions/3.12.0/lib/python3.12/site-packages/airflow/example_dags/example_dag_decorator.py
[2025-07-13T23:06:10.754+0300] {logging_mixin.py:188} INFO - [2025-07-13T23:06:10.751+0300] {dag.py:3096} INFO - Sync 1 DAGs
[2025-07-13T23:06:10.862+0300] {logging_mixin.py:188} INFO - [2025-07-13T23:06:10.861+0300] {dag.py:3954} INFO - Setting next_dagrun for example_dag_decorator to None, run_after=None
[2025-07-13T23:06:11.017+0300] {processor.py:183} INFO - Processing /home/wal/.pyenv/versions/3.12.0/lib/python3.12/site-packages/airflow/example_dags/example_dag_decorator.py took 1.982 seconds
[2025-07-13T23:07:41.179+0300] {processor.py:161} INFO - Started process (PID=4879) to work on /home/wal/.pyenv/versions/3.12.0/lib/python3.12/site-packages/airflow/example_dags/example_dag_decorator.py
[2025-07-13T23:07:41.182+0300] {processor.py:830} INFO - Processing file /home/wal/.pyenv/versions/3.12.0/lib/python3.12/site-packages/airflow/example_dags/example_dag_decorator.py for tasks to queue
[2025-07-13T23:07:41.186+0300] {logging_mixin.py:188} INFO - [2025-07-13T23:07:41.185+0300] {dagbag.py:545} INFO - Filling up the DagBag from /home/wal/.pyenv/versions/3.12.0/lib/python3.12/site-packages/airflow/example_dags/example_dag_decorator.py
[2025-07-13T23:07:41.294+0300] {processor.py:840} INFO - DAG(s) 'example_dag_decorator' retrieved from /home/wal/.pyenv/versions/3.12.0/lib/python3.12/site-packages/airflow/example_dags/example_dag_decorator.py
[2025-07-13T23:07:41.623+0300] {logging_mixin.py:188} INFO - [2025-07-13T23:07:41.623+0300] {dag.py:3096} INFO - Sync 1 DAGs
[2025-07-13T23:07:41.659+0300] {logging_mixin.py:188} INFO - [2025-07-13T23:07:41.659+0300] {dag.py:3954} INFO - Setting next_dagrun for example_dag_decorator to None, run_after=None
[2025-07-13T23:07:41.706+0300] {processor.py:183} INFO - Processing /home/wal/.pyenv/versions/3.12.0/lib/python3.12/site-packages/airflow/example_dags/example_dag_decorator.py took 0.542 seconds
[2025-07-13T23:08:42.211+0300] {processor.py:161} INFO - Started process (PID=4933) to work on /home/wal/.pyenv/versions/3.12.0/lib/python3.12/site-packages/airflow/example_dags/example_dag_decorator.py
[2025-07-13T23:08:42.214+0300] {processor.py:830} INFO - Processing file /home/wal/.pyenv/versions/3.12.0/lib/python3.12/site-packages/airflow/example_dags/example_dag_decorator.py for tasks to queue
[2025-07-13T23:08:42.216+0300] {logging_mixin.py:188} INFO - [2025-07-13T23:08:42.216+0300] {dagbag.py:545} INFO - Filling up the DagBag from /home/wal/.pyenv/versions/3.12.0/lib/python3.12/site-packages/airflow/example_dags/example_dag_decorator.py
[2025-07-13T23:08:42.280+0300] {processor.py:840} INFO - DAG(s) 'example_dag_decorator' retrieved from /home/wal/.pyenv/versions/3.12.0/lib/python3.12/site-packages/airflow/example_dags/example_dag_decorator.py
[2025-07-13T23:08:42.312+0300] {logging_mixin.py:188} INFO - [2025-07-13T23:08:42.311+0300] {dag.py:3096} INFO - Sync 1 DAGs
[2025-07-13T23:08:42.330+0300] {logging_mixin.py:188} INFO - [2025-07-13T23:08:42.330+0300] {dag.py:3954} INFO - Setting next_dagrun for example_dag_decorator to None, run_after=None
[2025-07-13T23:08:42.367+0300] {processor.py:183} INFO - Processing /home/wal/.pyenv/versions/3.12.0/lib/python3.12/site-packages/airflow/example_dags/example_dag_decorator.py took 0.168 seconds
[2025-07-13T23:09:46.729+0300] {processor.py:161} INFO - Started process (PID=4987) to work on /home/wal/.pyenv/versions/3.12.0/lib/python3.12/site-packages/airflow/example_dags/example_dag_decorator.py
[2025-07-13T23:09:46.732+0300] {processor.py:830} INFO - Processing file /home/wal/.pyenv/versions/3.12.0/lib/python3.12/site-packages/airflow/example_dags/example_dag_decorator.py for tasks to queue
[2025-07-13T23:09:46.736+0300] {logging_mixin.py:188} INFO - [2025-07-13T23:09:46.735+0300] {dagbag.py:545} INFO - Filling up the DagBag from /home/wal/.pyenv/versions/3.12.0/lib/python3.12/site-packages/airflow/example_dags/example_dag_decorator.py
[2025-07-13T23:09:46.847+0300] {processor.py:840} INFO - DAG(s) 'example_dag_decorator' retrieved from /home/wal/.pyenv/versions/3.12.0/lib/python3.12/site-packages/airflow/example_dags/example_dag_decorator.py
[2025-07-13T23:09:47.422+0300] {logging_mixin.py:188} INFO - [2025-07-13T23:09:47.421+0300] {dag.py:3096} INFO - Sync 1 DAGs
[2025-07-13T23:09:47.504+0300] {logging_mixin.py:188} INFO - [2025-07-13T23:09:47.503+0300] {dag.py:3954} INFO - Setting next_dagrun for example_dag_decorator to None, run_after=None
[2025-07-13T23:09:47.677+0300] {processor.py:183} INFO - Processing /home/wal/.pyenv/versions/3.12.0/lib/python3.12/site-packages/airflow/example_dags/example_dag_decorator.py took 0.958 seconds
[2025-07-13T23:10:51.037+0300] {processor.py:161} INFO - Started process (PID=5043) to work on /home/wal/.pyenv/versions/3.12.0/lib/python3.12/site-packages/airflow/example_dags/example_dag_decorator.py
[2025-07-13T23:10:51.043+0300] {processor.py:830} INFO - Processing file /home/wal/.pyenv/versions/3.12.0/lib/python3.12/site-packages/airflow/example_dags/example_dag_decorator.py for tasks to queue
[2025-07-13T23:10:51.045+0300] {logging_mixin.py:188} INFO - [2025-07-13T23:10:51.045+0300] {dagbag.py:545} INFO - Filling up the DagBag from /home/wal/.pyenv/versions/3.12.0/lib/python3.12/site-packages/airflow/example_dags/example_dag_decorator.py
[2025-07-13T23:10:51.095+0300] {processor.py:840} INFO - DAG(s) 'example_dag_decorator' retrieved from /home/wal/.pyenv/versions/3.12.0/lib/python3.12/site-packages/airflow/example_dags/example_dag_decorator.py
[2025-07-13T23:10:51.228+0300] {logging_mixin.py:188} INFO - [2025-07-13T23:10:51.228+0300] {dag.py:3096} INFO - Sync 1 DAGs
[2025-07-13T23:10:51.242+0300] {logging_mixin.py:188} INFO - [2025-07-13T23:10:51.242+0300] {dag.py:3954} INFO - Setting next_dagrun for example_dag_decorator to None, run_after=None
[2025-07-13T23:10:51.280+0300] {processor.py:183} INFO - Processing /home/wal/.pyenv/versions/3.12.0/lib/python3.12/site-packages/airflow/example_dags/example_dag_decorator.py took 0.249 seconds
[2025-07-13T23:11:47.989+0300] {processor.py:161} INFO - Started process (PID=5094) to work on /home/wal/.pyenv/versions/3.12.0/lib/python3.12/site-packages/airflow/example_dags/example_dag_decorator.py
[2025-07-13T23:11:47.991+0300] {processor.py:830} INFO - Processing file /home/wal/.pyenv/versions/3.12.0/lib/python3.12/site-packages/airflow/example_dags/example_dag_decorator.py for tasks to queue
[2025-07-13T23:11:47.994+0300] {logging_mixin.py:188} INFO - [2025-07-13T23:11:47.993+0300] {dagbag.py:545} INFO - Filling up the DagBag from /home/wal/.pyenv/versions/3.12.0/lib/python3.12/site-packages/airflow/example_dags/example_dag_decorator.py
[2025-07-13T23:11:48.051+0300] {processor.py:840} INFO - DAG(s) 'example_dag_decorator' retrieved from /home/wal/.pyenv/versions/3.12.0/lib/python3.12/site-packages/airflow/example_dags/example_dag_decorator.py
[2025-07-13T23:11:48.497+0300] {logging_mixin.py:188} INFO - [2025-07-13T23:11:48.496+0300] {dag.py:3096} INFO - Sync 1 DAGs
[2025-07-13T23:11:48.509+0300] {logging_mixin.py:188} INFO - [2025-07-13T23:11:48.508+0300] {dag.py:3954} INFO - Setting next_dagrun for example_dag_decorator to None, run_after=None
[2025-07-13T23:11:48.543+0300] {processor.py:183} INFO - Processing /home/wal/.pyenv/versions/3.12.0/lib/python3.12/site-packages/airflow/example_dags/example_dag_decorator.py took 0.567 seconds
[2025-07-13T23:12:49.902+0300] {processor.py:161} INFO - Started process (PID=5150) to work on /home/wal/.pyenv/versions/3.12.0/lib/python3.12/site-packages/airflow/example_dags/example_dag_decorator.py
[2025-07-13T23:12:49.909+0300] {processor.py:830} INFO - Processing file /home/wal/.pyenv/versions/3.12.0/lib/python3.12/site-packages/airflow/example_dags/example_dag_decorator.py for tasks to queue
[2025-07-13T23:12:49.914+0300] {logging_mixin.py:188} INFO - [2025-07-13T23:12:49.913+0300] {dagbag.py:545} INFO - Filling up the DagBag from /home/wal/.pyenv/versions/3.12.0/lib/python3.12/site-packages/airflow/example_dags/example_dag_decorator.py
[2025-07-13T23:12:49.996+0300] {processor.py:840} INFO - DAG(s) 'example_dag_decorator' retrieved from /home/wal/.pyenv/versions/3.12.0/lib/python3.12/site-packages/airflow/example_dags/example_dag_decorator.py
[2025-07-13T23:12:50.266+0300] {logging_mixin.py:188} INFO - [2025-07-13T23:12:50.266+0300] {dag.py:3096} INFO - Sync 1 DAGs
[2025-07-13T23:12:50.294+0300] {logging_mixin.py:188} INFO - [2025-07-13T23:12:50.294+0300] {dag.py:3954} INFO - Setting next_dagrun for example_dag_decorator to None, run_after=None
[2025-07-13T23:12:50.544+0300] {processor.py:183} INFO - Processing /home/wal/.pyenv/versions/3.12.0/lib/python3.12/site-packages/airflow/example_dags/example_dag_decorator.py took 0.656 seconds
[2025-07-13T23:13:56.486+0300] {processor.py:161} INFO - Started process (PID=5209) to work on /home/wal/.pyenv/versions/3.12.0/lib/python3.12/site-packages/airflow/example_dags/example_dag_decorator.py
[2025-07-13T23:13:56.490+0300] {processor.py:830} INFO - Processing file /home/wal/.pyenv/versions/3.12.0/lib/python3.12/site-packages/airflow/example_dags/example_dag_decorator.py for tasks to queue
[2025-07-13T23:13:56.493+0300] {logging_mixin.py:188} INFO - [2025-07-13T23:13:56.492+0300] {dagbag.py:545} INFO - Filling up the DagBag from /home/wal/.pyenv/versions/3.12.0/lib/python3.12/site-packages/airflow/example_dags/example_dag_decorator.py
[2025-07-13T23:13:56.559+0300] {processor.py:840} INFO - DAG(s) 'example_dag_decorator' retrieved from /home/wal/.pyenv/versions/3.12.0/lib/python3.12/site-packages/airflow/example_dags/example_dag_decorator.py
[2025-07-13T23:13:56.722+0300] {logging_mixin.py:188} INFO - [2025-07-13T23:13:56.722+0300] {dag.py:3096} INFO - Sync 1 DAGs
[2025-07-13T23:13:56.737+0300] {logging_mixin.py:188} INFO - [2025-07-13T23:13:56.737+0300] {dag.py:3954} INFO - Setting next_dagrun for example_dag_decorator to None, run_after=None
[2025-07-13T23:13:56.765+0300] {processor.py:183} INFO - Processing /home/wal/.pyenv/versions/3.12.0/lib/python3.12/site-packages/airflow/example_dags/example_dag_decorator.py took 0.289 seconds
[2025-07-13T23:14:51.479+0300] {processor.py:161} INFO - Started process (PID=5274) to work on /home/wal/.pyenv/versions/3.12.0/lib/python3.12/site-packages/airflow/example_dags/example_dag_decorator.py
[2025-07-13T23:14:51.486+0300] {processor.py:830} INFO - Processing file /home/wal/.pyenv/versions/3.12.0/lib/python3.12/site-packages/airflow/example_dags/example_dag_decorator.py for tasks to queue
[2025-07-13T23:14:51.488+0300] {logging_mixin.py:188} INFO - [2025-07-13T23:14:51.487+0300] {dagbag.py:545} INFO - Filling up the DagBag from /home/wal/.pyenv/versions/3.12.0/lib/python3.12/site-packages/airflow/example_dags/example_dag_decorator.py
[2025-07-13T23:14:51.564+0300] {processor.py:840} INFO - DAG(s) 'example_dag_decorator' retrieved from /home/wal/.pyenv/versions/3.12.0/lib/python3.12/site-packages/airflow/example_dags/example_dag_decorator.py
[2025-07-13T23:14:51.927+0300] {logging_mixin.py:188} INFO - [2025-07-13T23:14:51.927+0300] {dag.py:3096} INFO - Sync 1 DAGs
[2025-07-13T23:14:51.941+0300] {logging_mixin.py:188} INFO - [2025-07-13T23:14:51.941+0300] {dag.py:3954} INFO - Setting next_dagrun for example_dag_decorator to None, run_after=None
[2025-07-13T23:14:51.984+0300] {processor.py:183} INFO - Processing /home/wal/.pyenv/versions/3.12.0/lib/python3.12/site-packages/airflow/example_dags/example_dag_decorator.py took 0.514 seconds
[2025-07-13T23:15:44.324+0300] {processor.py:161} INFO - Started process (PID=5327) to work on /home/wal/.pyenv/versions/3.12.0/lib/python3.12/site-packages/airflow/example_dags/example_dag_decorator.py
[2025-07-13T23:15:44.330+0300] {processor.py:830} INFO - Processing file /home/wal/.pyenv/versions/3.12.0/lib/python3.12/site-packages/airflow/example_dags/example_dag_decorator.py for tasks to queue
[2025-07-13T23:15:44.333+0300] {logging_mixin.py:188} INFO - [2025-07-13T23:15:44.332+0300] {dagbag.py:545} INFO - Filling up the DagBag from /home/wal/.pyenv/versions/3.12.0/lib/python3.12/site-packages/airflow/example_dags/example_dag_decorator.py
[2025-07-13T23:15:44.411+0300] {processor.py:840} INFO - DAG(s) 'example_dag_decorator' retrieved from /home/wal/.pyenv/versions/3.12.0/lib/python3.12/site-packages/airflow/example_dags/example_dag_decorator.py
[2025-07-13T23:15:44.599+0300] {logging_mixin.py:188} INFO - [2025-07-13T23:15:44.599+0300] {dag.py:3096} INFO - Sync 1 DAGs
[2025-07-13T23:15:44.846+0300] {logging_mixin.py:188} INFO - [2025-07-13T23:15:44.846+0300] {dag.py:3954} INFO - Setting next_dagrun for example_dag_decorator to None, run_after=None
[2025-07-13T23:15:44.874+0300] {processor.py:183} INFO - Processing /home/wal/.pyenv/versions/3.12.0/lib/python3.12/site-packages/airflow/example_dags/example_dag_decorator.py took 0.558 seconds
[2025-07-13T23:16:46.895+0300] {processor.py:161} INFO - Started process (PID=5379) to work on /home/wal/.pyenv/versions/3.12.0/lib/python3.12/site-packages/airflow/example_dags/example_dag_decorator.py
[2025-07-13T23:16:46.898+0300] {processor.py:830} INFO - Processing file /home/wal/.pyenv/versions/3.12.0/lib/python3.12/site-packages/airflow/example_dags/example_dag_decorator.py for tasks to queue
[2025-07-13T23:16:46.902+0300] {logging_mixin.py:188} INFO - [2025-07-13T23:16:46.901+0300] {dagbag.py:545} INFO - Filling up the DagBag from /home/wal/.pyenv/versions/3.12.0/lib/python3.12/site-packages/airflow/example_dags/example_dag_decorator.py
[2025-07-13T23:16:47.000+0300] {processor.py:840} INFO - DAG(s) 'example_dag_decorator' retrieved from /home/wal/.pyenv/versions/3.12.0/lib/python3.12/site-packages/airflow/example_dags/example_dag_decorator.py
[2025-07-13T23:16:47.318+0300] {logging_mixin.py:188} INFO - [2025-07-13T23:16:47.317+0300] {dag.py:3096} INFO - Sync 1 DAGs
[2025-07-13T23:16:47.337+0300] {logging_mixin.py:188} INFO - [2025-07-13T23:16:47.337+0300] {dag.py:3954} INFO - Setting next_dagrun for example_dag_decorator to None, run_after=None
[2025-07-13T23:16:47.575+0300] {processor.py:183} INFO - Processing /home/wal/.pyenv/versions/3.12.0/lib/python3.12/site-packages/airflow/example_dags/example_dag_decorator.py took 0.700 seconds
[2025-07-13T23:18:01.474+0300] {processor.py:161} INFO - Started process (PID=5441) to work on /home/wal/.pyenv/versions/3.12.0/lib/python3.12/site-packages/airflow/example_dags/example_dag_decorator.py
[2025-07-13T23:18:01.476+0300] {processor.py:830} INFO - Processing file /home/wal/.pyenv/versions/3.12.0/lib/python3.12/site-packages/airflow/example_dags/example_dag_decorator.py for tasks to queue
[2025-07-13T23:18:01.479+0300] {logging_mixin.py:188} INFO - [2025-07-13T23:18:01.478+0300] {dagbag.py:545} INFO - Filling up the DagBag from /home/wal/.pyenv/versions/3.12.0/lib/python3.12/site-packages/airflow/example_dags/example_dag_decorator.py
[2025-07-13T23:18:01.539+0300] {processor.py:840} INFO - DAG(s) 'example_dag_decorator' retrieved from /home/wal/.pyenv/versions/3.12.0/lib/python3.12/site-packages/airflow/example_dags/example_dag_decorator.py
[2025-07-13T23:18:01.867+0300] {logging_mixin.py:188} INFO - [2025-07-13T23:18:01.866+0300] {dag.py:3096} INFO - Sync 1 DAGs
[2025-07-13T23:18:01.882+0300] {logging_mixin.py:188} INFO - [2025-07-13T23:18:01.882+0300] {dag.py:3954} INFO - Setting next_dagrun for example_dag_decorator to None, run_after=None
[2025-07-13T23:18:01.917+0300] {processor.py:183} INFO - Processing /home/wal/.pyenv/versions/3.12.0/lib/python3.12/site-packages/airflow/example_dags/example_dag_decorator.py took 0.451 seconds
[2025-07-13T23:19:09.381+0300] {processor.py:161} INFO - Started process (PID=5497) to work on /home/wal/.pyenv/versions/3.12.0/lib/python3.12/site-packages/airflow/example_dags/example_dag_decorator.py
[2025-07-13T23:19:09.383+0300] {processor.py:830} INFO - Processing file /home/wal/.pyenv/versions/3.12.0/lib/python3.12/site-packages/airflow/example_dags/example_dag_decorator.py for tasks to queue
[2025-07-13T23:19:09.390+0300] {logging_mixin.py:188} INFO - [2025-07-13T23:19:09.389+0300] {dagbag.py:545} INFO - Filling up the DagBag from /home/wal/.pyenv/versions/3.12.0/lib/python3.12/site-packages/airflow/example_dags/example_dag_decorator.py
[2025-07-13T23:19:09.529+0300] {processor.py:840} INFO - DAG(s) 'example_dag_decorator' retrieved from /home/wal/.pyenv/versions/3.12.0/lib/python3.12/site-packages/airflow/example_dags/example_dag_decorator.py
[2025-07-13T23:19:10.723+0300] {logging_mixin.py:188} INFO - [2025-07-13T23:19:10.722+0300] {dag.py:3096} INFO - Sync 1 DAGs
[2025-07-13T23:19:10.784+0300] {logging_mixin.py:188} INFO - [2025-07-13T23:19:10.783+0300] {dag.py:3954} INFO - Setting next_dagrun for example_dag_decorator to None, run_after=None
[2025-07-13T23:19:10.939+0300] {processor.py:183} INFO - Processing /home/wal/.pyenv/versions/3.12.0/lib/python3.12/site-packages/airflow/example_dags/example_dag_decorator.py took 1.584 seconds
[2025-07-13T23:20:12.542+0300] {processor.py:161} INFO - Started process (PID=5551) to work on /home/wal/.pyenv/versions/3.12.0/lib/python3.12/site-packages/airflow/example_dags/example_dag_decorator.py
[2025-07-13T23:20:12.545+0300] {processor.py:830} INFO - Processing file /home/wal/.pyenv/versions/3.12.0/lib/python3.12/site-packages/airflow/example_dags/example_dag_decorator.py for tasks to queue
[2025-07-13T23:20:12.547+0300] {logging_mixin.py:188} INFO - [2025-07-13T23:20:12.547+0300] {dagbag.py:545} INFO - Filling up the DagBag from /home/wal/.pyenv/versions/3.12.0/lib/python3.12/site-packages/airflow/example_dags/example_dag_decorator.py
[2025-07-13T23:20:12.616+0300] {processor.py:840} INFO - DAG(s) 'example_dag_decorator' retrieved from /home/wal/.pyenv/versions/3.12.0/lib/python3.12/site-packages/airflow/example_dags/example_dag_decorator.py
[2025-07-13T23:20:12.963+0300] {logging_mixin.py:188} INFO - [2025-07-13T23:20:12.962+0300] {dag.py:3096} INFO - Sync 1 DAGs
[2025-07-13T23:20:12.975+0300] {logging_mixin.py:188} INFO - [2025-07-13T23:20:12.975+0300] {dag.py:3954} INFO - Setting next_dagrun for example_dag_decorator to None, run_after=None
[2025-07-13T23:20:13.008+0300] {processor.py:183} INFO - Processing /home/wal/.pyenv/versions/3.12.0/lib/python3.12/site-packages/airflow/example_dags/example_dag_decorator.py took 0.476 seconds
[2025-07-13T23:21:14.871+0300] {processor.py:161} INFO - Started process (PID=5605) to work on /home/wal/.pyenv/versions/3.12.0/lib/python3.12/site-packages/airflow/example_dags/example_dag_decorator.py
[2025-07-13T23:21:14.874+0300] {processor.py:830} INFO - Processing file /home/wal/.pyenv/versions/3.12.0/lib/python3.12/site-packages/airflow/example_dags/example_dag_decorator.py for tasks to queue
[2025-07-13T23:21:14.877+0300] {logging_mixin.py:188} INFO - [2025-07-13T23:21:14.876+0300] {dagbag.py:545} INFO - Filling up the DagBag from /home/wal/.pyenv/versions/3.12.0/lib/python3.12/site-packages/airflow/example_dags/example_dag_decorator.py
[2025-07-13T23:21:14.951+0300] {processor.py:840} INFO - DAG(s) 'example_dag_decorator' retrieved from /home/wal/.pyenv/versions/3.12.0/lib/python3.12/site-packages/airflow/example_dags/example_dag_decorator.py
[2025-07-13T23:21:15.155+0300] {logging_mixin.py:188} INFO - [2025-07-13T23:21:15.153+0300] {dag.py:3096} INFO - Sync 1 DAGs
[2025-07-13T23:21:15.173+0300] {logging_mixin.py:188} INFO - [2025-07-13T23:21:15.173+0300] {dag.py:3954} INFO - Setting next_dagrun for example_dag_decorator to None, run_after=None
[2025-07-13T23:21:15.205+0300] {processor.py:183} INFO - Processing /home/wal/.pyenv/versions/3.12.0/lib/python3.12/site-packages/airflow/example_dags/example_dag_decorator.py took 0.349 seconds
[2025-07-13T23:22:23.062+0300] {processor.py:161} INFO - Started process (PID=5660) to work on /home/wal/.pyenv/versions/3.12.0/lib/python3.12/site-packages/airflow/example_dags/example_dag_decorator.py
[2025-07-13T23:22:23.069+0300] {processor.py:830} INFO - Processing file /home/wal/.pyenv/versions/3.12.0/lib/python3.12/site-packages/airflow/example_dags/example_dag_decorator.py for tasks to queue
[2025-07-13T23:22:23.072+0300] {logging_mixin.py:188} INFO - [2025-07-13T23:22:23.071+0300] {dagbag.py:545} INFO - Filling up the DagBag from /home/wal/.pyenv/versions/3.12.0/lib/python3.12/site-packages/airflow/example_dags/example_dag_decorator.py
[2025-07-13T23:22:23.171+0300] {processor.py:840} INFO - DAG(s) 'example_dag_decorator' retrieved from /home/wal/.pyenv/versions/3.12.0/lib/python3.12/site-packages/airflow/example_dags/example_dag_decorator.py
[2025-07-13T23:22:23.628+0300] {logging_mixin.py:188} INFO - [2025-07-13T23:22:23.628+0300] {dag.py:3096} INFO - Sync 1 DAGs
[2025-07-13T23:22:23.646+0300] {logging_mixin.py:188} INFO - [2025-07-13T23:22:23.646+0300] {dag.py:3954} INFO - Setting next_dagrun for example_dag_decorator to None, run_after=None
[2025-07-13T23:22:23.685+0300] {processor.py:183} INFO - Processing /home/wal/.pyenv/versions/3.12.0/lib/python3.12/site-packages/airflow/example_dags/example_dag_decorator.py took 0.639 seconds
[2025-07-13T23:23:36.083+0300] {processor.py:161} INFO - Started process (PID=5719) to work on /home/wal/.pyenv/versions/3.12.0/lib/python3.12/site-packages/airflow/example_dags/example_dag_decorator.py
[2025-07-13T23:23:36.086+0300] {processor.py:830} INFO - Processing file /home/wal/.pyenv/versions/3.12.0/lib/python3.12/site-packages/airflow/example_dags/example_dag_decorator.py for tasks to queue
[2025-07-13T23:23:36.091+0300] {logging_mixin.py:188} INFO - [2025-07-13T23:23:36.090+0300] {dagbag.py:545} INFO - Filling up the DagBag from /home/wal/.pyenv/versions/3.12.0/lib/python3.12/site-packages/airflow/example_dags/example_dag_decorator.py
[2025-07-13T23:23:36.288+0300] {processor.py:840} INFO - DAG(s) 'example_dag_decorator' retrieved from /home/wal/.pyenv/versions/3.12.0/lib/python3.12/site-packages/airflow/example_dags/example_dag_decorator.py
[2025-07-13T23:23:36.850+0300] {logging_mixin.py:188} INFO - [2025-07-13T23:23:36.850+0300] {dag.py:3096} INFO - Sync 1 DAGs
[2025-07-13T23:23:36.875+0300] {logging_mixin.py:188} INFO - [2025-07-13T23:23:36.874+0300] {dag.py:3954} INFO - Setting next_dagrun for example_dag_decorator to None, run_after=None
[2025-07-13T23:23:36.915+0300] {processor.py:183} INFO - Processing /home/wal/.pyenv/versions/3.12.0/lib/python3.12/site-packages/airflow/example_dags/example_dag_decorator.py took 0.846 seconds
[2025-07-13T23:25:25.430+0300] {processor.py:161} INFO - Started process (PID=5787) to work on /home/wal/.pyenv/versions/3.12.0/lib/python3.12/site-packages/airflow/example_dags/example_dag_decorator.py
[2025-07-13T23:25:25.436+0300] {processor.py:830} INFO - Processing file /home/wal/.pyenv/versions/3.12.0/lib/python3.12/site-packages/airflow/example_dags/example_dag_decorator.py for tasks to queue
[2025-07-13T23:25:25.462+0300] {logging_mixin.py:188} INFO - [2025-07-13T23:25:25.452+0300] {dagbag.py:545} INFO - Filling up the DagBag from /home/wal/.pyenv/versions/3.12.0/lib/python3.12/site-packages/airflow/example_dags/example_dag_decorator.py
[2025-07-13T23:25:25.728+0300] {processor.py:840} INFO - DAG(s) 'example_dag_decorator' retrieved from /home/wal/.pyenv/versions/3.12.0/lib/python3.12/site-packages/airflow/example_dags/example_dag_decorator.py
[2025-07-13T23:25:28.338+0300] {logging_mixin.py:188} INFO - [2025-07-13T23:25:28.337+0300] {dag.py:3096} INFO - Sync 1 DAGs
[2025-07-13T23:25:28.498+0300] {logging_mixin.py:188} INFO - [2025-07-13T23:25:28.497+0300] {dag.py:3954} INFO - Setting next_dagrun for example_dag_decorator to None, run_after=None
[2025-07-13T23:25:28.742+0300] {processor.py:183} INFO - Processing /home/wal/.pyenv/versions/3.12.0/lib/python3.12/site-packages/airflow/example_dags/example_dag_decorator.py took 2.645 seconds
[2025-07-13T23:26:53.854+0300] {processor.py:161} INFO - Started process (PID=5854) to work on /home/wal/.pyenv/versions/3.12.0/lib/python3.12/site-packages/airflow/example_dags/example_dag_decorator.py
[2025-07-13T23:26:53.860+0300] {processor.py:830} INFO - Processing file /home/wal/.pyenv/versions/3.12.0/lib/python3.12/site-packages/airflow/example_dags/example_dag_decorator.py for tasks to queue
[2025-07-13T23:26:53.863+0300] {logging_mixin.py:188} INFO - [2025-07-13T23:26:53.863+0300] {dagbag.py:545} INFO - Filling up the DagBag from /home/wal/.pyenv/versions/3.12.0/lib/python3.12/site-packages/airflow/example_dags/example_dag_decorator.py
[2025-07-13T23:26:53.926+0300] {processor.py:840} INFO - DAG(s) 'example_dag_decorator' retrieved from /home/wal/.pyenv/versions/3.12.0/lib/python3.12/site-packages/airflow/example_dags/example_dag_decorator.py
[2025-07-13T23:26:54.259+0300] {logging_mixin.py:188} INFO - [2025-07-13T23:26:54.259+0300] {dag.py:3096} INFO - Sync 1 DAGs
[2025-07-13T23:26:54.274+0300] {logging_mixin.py:188} INFO - [2025-07-13T23:26:54.274+0300] {dag.py:3954} INFO - Setting next_dagrun for example_dag_decorator to None, run_after=None
[2025-07-13T23:26:54.330+0300] {processor.py:183} INFO - Processing /home/wal/.pyenv/versions/3.12.0/lib/python3.12/site-packages/airflow/example_dags/example_dag_decorator.py took 0.486 seconds
[2025-07-13T23:28:05.519+0300] {processor.py:161} INFO - Started process (PID=5910) to work on /home/wal/.pyenv/versions/3.12.0/lib/python3.12/site-packages/airflow/example_dags/example_dag_decorator.py
[2025-07-13T23:28:05.528+0300] {processor.py:830} INFO - Processing file /home/wal/.pyenv/versions/3.12.0/lib/python3.12/site-packages/airflow/example_dags/example_dag_decorator.py for tasks to queue
[2025-07-13T23:28:05.532+0300] {logging_mixin.py:188} INFO - [2025-07-13T23:28:05.531+0300] {dagbag.py:545} INFO - Filling up the DagBag from /home/wal/.pyenv/versions/3.12.0/lib/python3.12/site-packages/airflow/example_dags/example_dag_decorator.py
[2025-07-13T23:28:05.764+0300] {processor.py:840} INFO - DAG(s) 'example_dag_decorator' retrieved from /home/wal/.pyenv/versions/3.12.0/lib/python3.12/site-packages/airflow/example_dags/example_dag_decorator.py
[2025-07-13T23:28:05.936+0300] {logging_mixin.py:188} INFO - [2025-07-13T23:28:05.936+0300] {dag.py:3096} INFO - Sync 1 DAGs
[2025-07-13T23:28:05.953+0300] {logging_mixin.py:188} INFO - [2025-07-13T23:28:05.953+0300] {dag.py:3954} INFO - Setting next_dagrun for example_dag_decorator to None, run_after=None
[2025-07-13T23:28:05.993+0300] {processor.py:183} INFO - Processing /home/wal/.pyenv/versions/3.12.0/lib/python3.12/site-packages/airflow/example_dags/example_dag_decorator.py took 0.491 seconds
[2025-07-13T23:29:14.374+0300] {processor.py:161} INFO - Started process (PID=5968) to work on /home/wal/.pyenv/versions/3.12.0/lib/python3.12/site-packages/airflow/example_dags/example_dag_decorator.py
[2025-07-13T23:29:14.377+0300] {processor.py:830} INFO - Processing file /home/wal/.pyenv/versions/3.12.0/lib/python3.12/site-packages/airflow/example_dags/example_dag_decorator.py for tasks to queue
[2025-07-13T23:29:14.379+0300] {logging_mixin.py:188} INFO - [2025-07-13T23:29:14.379+0300] {dagbag.py:545} INFO - Filling up the DagBag from /home/wal/.pyenv/versions/3.12.0/lib/python3.12/site-packages/airflow/example_dags/example_dag_decorator.py
[2025-07-13T23:29:14.444+0300] {processor.py:840} INFO - DAG(s) 'example_dag_decorator' retrieved from /home/wal/.pyenv/versions/3.12.0/lib/python3.12/site-packages/airflow/example_dags/example_dag_decorator.py
[2025-07-13T23:29:14.668+0300] {logging_mixin.py:188} INFO - [2025-07-13T23:29:14.668+0300] {dag.py:3096} INFO - Sync 1 DAGs
[2025-07-13T23:29:14.685+0300] {logging_mixin.py:188} INFO - [2025-07-13T23:29:14.685+0300] {dag.py:3954} INFO - Setting next_dagrun for example_dag_decorator to None, run_after=None
[2025-07-13T23:29:14.763+0300] {processor.py:183} INFO - Processing /home/wal/.pyenv/versions/3.12.0/lib/python3.12/site-packages/airflow/example_dags/example_dag_decorator.py took 0.399 seconds
[2025-07-13T23:30:15.710+0300] {processor.py:161} INFO - Started process (PID=6022) to work on /home/wal/.pyenv/versions/3.12.0/lib/python3.12/site-packages/airflow/example_dags/example_dag_decorator.py
[2025-07-13T23:30:15.712+0300] {processor.py:830} INFO - Processing file /home/wal/.pyenv/versions/3.12.0/lib/python3.12/site-packages/airflow/example_dags/example_dag_decorator.py for tasks to queue
[2025-07-13T23:30:15.715+0300] {logging_mixin.py:188} INFO - [2025-07-13T23:30:15.714+0300] {dagbag.py:545} INFO - Filling up the DagBag from /home/wal/.pyenv/versions/3.12.0/lib/python3.12/site-packages/airflow/example_dags/example_dag_decorator.py
[2025-07-13T23:30:15.781+0300] {processor.py:840} INFO - DAG(s) 'example_dag_decorator' retrieved from /home/wal/.pyenv/versions/3.12.0/lib/python3.12/site-packages/airflow/example_dags/example_dag_decorator.py
[2025-07-13T23:30:15.945+0300] {logging_mixin.py:188} INFO - [2025-07-13T23:30:15.945+0300] {dag.py:3096} INFO - Sync 1 DAGs
[2025-07-13T23:30:15.961+0300] {logging_mixin.py:188} INFO - [2025-07-13T23:30:15.961+0300] {dag.py:3954} INFO - Setting next_dagrun for example_dag_decorator to None, run_after=None
[2025-07-13T23:30:16.000+0300] {processor.py:183} INFO - Processing /home/wal/.pyenv/versions/3.12.0/lib/python3.12/site-packages/airflow/example_dags/example_dag_decorator.py took 0.303 seconds
[2025-07-13T23:31:16.412+0300] {processor.py:161} INFO - Started process (PID=6074) to work on /home/wal/.pyenv/versions/3.12.0/lib/python3.12/site-packages/airflow/example_dags/example_dag_decorator.py
[2025-07-13T23:31:16.419+0300] {processor.py:830} INFO - Processing file /home/wal/.pyenv/versions/3.12.0/lib/python3.12/site-packages/airflow/example_dags/example_dag_decorator.py for tasks to queue
[2025-07-13T23:31:16.422+0300] {logging_mixin.py:188} INFO - [2025-07-13T23:31:16.422+0300] {dagbag.py:545} INFO - Filling up the DagBag from /home/wal/.pyenv/versions/3.12.0/lib/python3.12/site-packages/airflow/example_dags/example_dag_decorator.py
[2025-07-13T23:31:16.494+0300] {processor.py:840} INFO - DAG(s) 'example_dag_decorator' retrieved from /home/wal/.pyenv/versions/3.12.0/lib/python3.12/site-packages/airflow/example_dags/example_dag_decorator.py
[2025-07-13T23:31:16.695+0300] {logging_mixin.py:188} INFO - [2025-07-13T23:31:16.693+0300] {dag.py:3096} INFO - Sync 1 DAGs
[2025-07-13T23:31:16.740+0300] {logging_mixin.py:188} INFO - [2025-07-13T23:31:16.740+0300] {dag.py:3954} INFO - Setting next_dagrun for example_dag_decorator to None, run_after=None
[2025-07-13T23:31:16.788+0300] {processor.py:183} INFO - Processing /home/wal/.pyenv/versions/3.12.0/lib/python3.12/site-packages/airflow/example_dags/example_dag_decorator.py took 0.383 seconds
[2025-07-13T23:32:15.861+0300] {processor.py:161} INFO - Started process (PID=6126) to work on /home/wal/.pyenv/versions/3.12.0/lib/python3.12/site-packages/airflow/example_dags/example_dag_decorator.py
[2025-07-13T23:32:15.867+0300] {processor.py:830} INFO - Processing file /home/wal/.pyenv/versions/3.12.0/lib/python3.12/site-packages/airflow/example_dags/example_dag_decorator.py for tasks to queue
[2025-07-13T23:32:15.870+0300] {logging_mixin.py:188} INFO - [2025-07-13T23:32:15.869+0300] {dagbag.py:545} INFO - Filling up the DagBag from /home/wal/.pyenv/versions/3.12.0/lib/python3.12/site-packages/airflow/example_dags/example_dag_decorator.py
[2025-07-13T23:32:15.951+0300] {processor.py:840} INFO - DAG(s) 'example_dag_decorator' retrieved from /home/wal/.pyenv/versions/3.12.0/lib/python3.12/site-packages/airflow/example_dags/example_dag_decorator.py
[2025-07-13T23:32:16.181+0300] {logging_mixin.py:188} INFO - [2025-07-13T23:32:16.181+0300] {dag.py:3096} INFO - Sync 1 DAGs
[2025-07-13T23:32:16.203+0300] {logging_mixin.py:188} INFO - [2025-07-13T23:32:16.202+0300] {dag.py:3954} INFO - Setting next_dagrun for example_dag_decorator to None, run_after=None
[2025-07-13T23:32:16.244+0300] {processor.py:183} INFO - Processing /home/wal/.pyenv/versions/3.12.0/lib/python3.12/site-packages/airflow/example_dags/example_dag_decorator.py took 0.396 seconds
[2025-07-13T23:33:20.098+0300] {processor.py:161} INFO - Started process (PID=6180) to work on /home/wal/.pyenv/versions/3.12.0/lib/python3.12/site-packages/airflow/example_dags/example_dag_decorator.py
[2025-07-13T23:33:20.100+0300] {processor.py:830} INFO - Processing file /home/wal/.pyenv/versions/3.12.0/lib/python3.12/site-packages/airflow/example_dags/example_dag_decorator.py for tasks to queue
[2025-07-13T23:33:20.103+0300] {logging_mixin.py:188} INFO - [2025-07-13T23:33:20.103+0300] {dagbag.py:545} INFO - Filling up the DagBag from /home/wal/.pyenv/versions/3.12.0/lib/python3.12/site-packages/airflow/example_dags/example_dag_decorator.py
[2025-07-13T23:33:20.177+0300] {processor.py:840} INFO - DAG(s) 'example_dag_decorator' retrieved from /home/wal/.pyenv/versions/3.12.0/lib/python3.12/site-packages/airflow/example_dags/example_dag_decorator.py
[2025-07-13T23:33:20.357+0300] {logging_mixin.py:188} INFO - [2025-07-13T23:33:20.357+0300] {dag.py:3096} INFO - Sync 1 DAGs
[2025-07-13T23:33:20.378+0300] {logging_mixin.py:188} INFO - [2025-07-13T23:33:20.378+0300] {dag.py:3954} INFO - Setting next_dagrun for example_dag_decorator to None, run_after=None
[2025-07-13T23:33:20.423+0300] {processor.py:183} INFO - Processing /home/wal/.pyenv/versions/3.12.0/lib/python3.12/site-packages/airflow/example_dags/example_dag_decorator.py took 0.340 seconds
[2025-07-13T23:34:23.825+0300] {processor.py:161} INFO - Started process (PID=6235) to work on /home/wal/.pyenv/versions/3.12.0/lib/python3.12/site-packages/airflow/example_dags/example_dag_decorator.py
[2025-07-13T23:34:23.832+0300] {processor.py:830} INFO - Processing file /home/wal/.pyenv/versions/3.12.0/lib/python3.12/site-packages/airflow/example_dags/example_dag_decorator.py for tasks to queue
[2025-07-13T23:34:23.845+0300] {logging_mixin.py:188} INFO - [2025-07-13T23:34:23.840+0300] {dagbag.py:545} INFO - Filling up the DagBag from /home/wal/.pyenv/versions/3.12.0/lib/python3.12/site-packages/airflow/example_dags/example_dag_decorator.py
[2025-07-13T23:34:24.061+0300] {processor.py:840} INFO - DAG(s) 'example_dag_decorator' retrieved from /home/wal/.pyenv/versions/3.12.0/lib/python3.12/site-packages/airflow/example_dags/example_dag_decorator.py
[2025-07-13T23:34:25.103+0300] {logging_mixin.py:188} INFO - [2025-07-13T23:34:25.102+0300] {dag.py:3096} INFO - Sync 1 DAGs
[2025-07-13T23:34:25.215+0300] {logging_mixin.py:188} INFO - [2025-07-13T23:34:25.214+0300] {dag.py:3954} INFO - Setting next_dagrun for example_dag_decorator to None, run_after=None
[2025-07-13T23:34:25.435+0300] {processor.py:183} INFO - Processing /home/wal/.pyenv/versions/3.12.0/lib/python3.12/site-packages/airflow/example_dags/example_dag_decorator.py took 1.644 seconds
[2025-07-13T23:35:43.258+0300] {processor.py:161} INFO - Started process (PID=6300) to work on /home/wal/.pyenv/versions/3.12.0/lib/python3.12/site-packages/airflow/example_dags/example_dag_decorator.py
[2025-07-13T23:35:43.260+0300] {processor.py:830} INFO - Processing file /home/wal/.pyenv/versions/3.12.0/lib/python3.12/site-packages/airflow/example_dags/example_dag_decorator.py for tasks to queue
[2025-07-13T23:35:43.263+0300] {logging_mixin.py:188} INFO - [2025-07-13T23:35:43.262+0300] {dagbag.py:545} INFO - Filling up the DagBag from /home/wal/.pyenv/versions/3.12.0/lib/python3.12/site-packages/airflow/example_dags/example_dag_decorator.py
[2025-07-13T23:35:43.343+0300] {processor.py:840} INFO - DAG(s) 'example_dag_decorator' retrieved from /home/wal/.pyenv/versions/3.12.0/lib/python3.12/site-packages/airflow/example_dags/example_dag_decorator.py
[2025-07-13T23:35:43.374+0300] {logging_mixin.py:188} INFO - [2025-07-13T23:35:43.374+0300] {dag.py:3096} INFO - Sync 1 DAGs
[2025-07-13T23:35:43.392+0300] {logging_mixin.py:188} INFO - [2025-07-13T23:35:43.392+0300] {dag.py:3954} INFO - Setting next_dagrun for example_dag_decorator to None, run_after=None
[2025-07-13T23:35:43.450+0300] {processor.py:183} INFO - Processing /home/wal/.pyenv/versions/3.12.0/lib/python3.12/site-packages/airflow/example_dags/example_dag_decorator.py took 0.205 seconds
[2025-07-13T23:36:42.429+0300] {processor.py:161} INFO - Started process (PID=6354) to work on /home/wal/.pyenv/versions/3.12.0/lib/python3.12/site-packages/airflow/example_dags/example_dag_decorator.py
[2025-07-13T23:36:42.431+0300] {processor.py:830} INFO - Processing file /home/wal/.pyenv/versions/3.12.0/lib/python3.12/site-packages/airflow/example_dags/example_dag_decorator.py for tasks to queue
[2025-07-13T23:36:42.433+0300] {logging_mixin.py:188} INFO - [2025-07-13T23:36:42.432+0300] {dagbag.py:545} INFO - Filling up the DagBag from /home/wal/.pyenv/versions/3.12.0/lib/python3.12/site-packages/airflow/example_dags/example_dag_decorator.py
[2025-07-13T23:36:42.489+0300] {processor.py:840} INFO - DAG(s) 'example_dag_decorator' retrieved from /home/wal/.pyenv/versions/3.12.0/lib/python3.12/site-packages/airflow/example_dags/example_dag_decorator.py
[2025-07-13T23:36:42.636+0300] {logging_mixin.py:188} INFO - [2025-07-13T23:36:42.636+0300] {dag.py:3096} INFO - Sync 1 DAGs
[2025-07-13T23:36:42.651+0300] {logging_mixin.py:188} INFO - [2025-07-13T23:36:42.650+0300] {dag.py:3954} INFO - Setting next_dagrun for example_dag_decorator to None, run_after=None
[2025-07-13T23:36:42.684+0300] {processor.py:183} INFO - Processing /home/wal/.pyenv/versions/3.12.0/lib/python3.12/site-packages/airflow/example_dags/example_dag_decorator.py took 0.263 seconds
[2025-07-13T23:37:41.358+0300] {processor.py:161} INFO - Started process (PID=6405) to work on /home/wal/.pyenv/versions/3.12.0/lib/python3.12/site-packages/airflow/example_dags/example_dag_decorator.py
[2025-07-13T23:37:41.363+0300] {processor.py:830} INFO - Processing file /home/wal/.pyenv/versions/3.12.0/lib/python3.12/site-packages/airflow/example_dags/example_dag_decorator.py for tasks to queue
[2025-07-13T23:37:41.365+0300] {logging_mixin.py:188} INFO - [2025-07-13T23:37:41.365+0300] {dagbag.py:545} INFO - Filling up the DagBag from /home/wal/.pyenv/versions/3.12.0/lib/python3.12/site-packages/airflow/example_dags/example_dag_decorator.py
[2025-07-13T23:37:41.416+0300] {processor.py:840} INFO - DAG(s) 'example_dag_decorator' retrieved from /home/wal/.pyenv/versions/3.12.0/lib/python3.12/site-packages/airflow/example_dags/example_dag_decorator.py
[2025-07-13T23:37:41.560+0300] {logging_mixin.py:188} INFO - [2025-07-13T23:37:41.560+0300] {dag.py:3096} INFO - Sync 1 DAGs
[2025-07-13T23:37:41.575+0300] {logging_mixin.py:188} INFO - [2025-07-13T23:37:41.575+0300] {dag.py:3954} INFO - Setting next_dagrun for example_dag_decorator to None, run_after=None
[2025-07-13T23:37:41.611+0300] {processor.py:183} INFO - Processing /home/wal/.pyenv/versions/3.12.0/lib/python3.12/site-packages/airflow/example_dags/example_dag_decorator.py took 0.266 seconds
[2025-07-13T23:38:40.521+0300] {processor.py:161} INFO - Started process (PID=6457) to work on /home/wal/.pyenv/versions/3.12.0/lib/python3.12/site-packages/airflow/example_dags/example_dag_decorator.py
[2025-07-13T23:38:40.524+0300] {processor.py:830} INFO - Processing file /home/wal/.pyenv/versions/3.12.0/lib/python3.12/site-packages/airflow/example_dags/example_dag_decorator.py for tasks to queue
[2025-07-13T23:38:40.526+0300] {logging_mixin.py:188} INFO - [2025-07-13T23:38:40.525+0300] {dagbag.py:545} INFO - Filling up the DagBag from /home/wal/.pyenv/versions/3.12.0/lib/python3.12/site-packages/airflow/example_dags/example_dag_decorator.py
[2025-07-13T23:38:40.582+0300] {processor.py:840} INFO - DAG(s) 'example_dag_decorator' retrieved from /home/wal/.pyenv/versions/3.12.0/lib/python3.12/site-packages/airflow/example_dags/example_dag_decorator.py
[2025-07-13T23:38:40.827+0300] {logging_mixin.py:188} INFO - [2025-07-13T23:38:40.827+0300] {dag.py:3096} INFO - Sync 1 DAGs
[2025-07-13T23:38:40.841+0300] {logging_mixin.py:188} INFO - [2025-07-13T23:38:40.841+0300] {dag.py:3954} INFO - Setting next_dagrun for example_dag_decorator to None, run_after=None
[2025-07-13T23:38:40.893+0300] {processor.py:183} INFO - Processing /home/wal/.pyenv/versions/3.12.0/lib/python3.12/site-packages/airflow/example_dags/example_dag_decorator.py took 0.382 seconds
[2025-07-13T23:39:39.557+0300] {processor.py:161} INFO - Started process (PID=6509) to work on /home/wal/.pyenv/versions/3.12.0/lib/python3.12/site-packages/airflow/example_dags/example_dag_decorator.py
[2025-07-13T23:39:39.561+0300] {processor.py:830} INFO - Processing file /home/wal/.pyenv/versions/3.12.0/lib/python3.12/site-packages/airflow/example_dags/example_dag_decorator.py for tasks to queue
[2025-07-13T23:39:39.563+0300] {logging_mixin.py:188} INFO - [2025-07-13T23:39:39.563+0300] {dagbag.py:545} INFO - Filling up the DagBag from /home/wal/.pyenv/versions/3.12.0/lib/python3.12/site-packages/airflow/example_dags/example_dag_decorator.py
[2025-07-13T23:39:39.620+0300] {processor.py:840} INFO - DAG(s) 'example_dag_decorator' retrieved from /home/wal/.pyenv/versions/3.12.0/lib/python3.12/site-packages/airflow/example_dags/example_dag_decorator.py
[2025-07-13T23:39:39.779+0300] {logging_mixin.py:188} INFO - [2025-07-13T23:39:39.778+0300] {dag.py:3096} INFO - Sync 1 DAGs
[2025-07-13T23:39:39.795+0300] {logging_mixin.py:188} INFO - [2025-07-13T23:39:39.795+0300] {dag.py:3954} INFO - Setting next_dagrun for example_dag_decorator to None, run_after=None
[2025-07-13T23:39:39.830+0300] {processor.py:183} INFO - Processing /home/wal/.pyenv/versions/3.12.0/lib/python3.12/site-packages/airflow/example_dags/example_dag_decorator.py took 0.288 seconds
[2025-07-13T23:40:53.874+0300] {processor.py:161} INFO - Started process (PID=6579) to work on /home/wal/.pyenv/versions/3.12.0/lib/python3.12/site-packages/airflow/example_dags/example_dag_decorator.py
[2025-07-13T23:40:53.880+0300] {processor.py:830} INFO - Processing file /home/wal/.pyenv/versions/3.12.0/lib/python3.12/site-packages/airflow/example_dags/example_dag_decorator.py for tasks to queue
[2025-07-13T23:40:53.882+0300] {logging_mixin.py:188} INFO - [2025-07-13T23:40:53.881+0300] {dagbag.py:545} INFO - Filling up the DagBag from /home/wal/.pyenv/versions/3.12.0/lib/python3.12/site-packages/airflow/example_dags/example_dag_decorator.py
[2025-07-13T23:40:53.929+0300] {processor.py:840} INFO - DAG(s) 'example_dag_decorator' retrieved from /home/wal/.pyenv/versions/3.12.0/lib/python3.12/site-packages/airflow/example_dags/example_dag_decorator.py
[2025-07-13T23:40:53.958+0300] {logging_mixin.py:188} INFO - [2025-07-13T23:40:53.957+0300] {dag.py:3096} INFO - Sync 1 DAGs
[2025-07-13T23:40:53.975+0300] {logging_mixin.py:188} INFO - [2025-07-13T23:40:53.974+0300] {dag.py:3954} INFO - Setting next_dagrun for example_dag_decorator to None, run_after=None
[2025-07-13T23:40:54.025+0300] {processor.py:183} INFO - Processing /home/wal/.pyenv/versions/3.12.0/lib/python3.12/site-packages/airflow/example_dags/example_dag_decorator.py took 0.161 seconds
[2025-07-13T23:42:09.395+0300] {processor.py:161} INFO - Started process (PID=6650) to work on /home/wal/.pyenv/versions/3.12.0/lib/python3.12/site-packages/airflow/example_dags/example_dag_decorator.py
[2025-07-13T23:42:09.397+0300] {processor.py:830} INFO - Processing file /home/wal/.pyenv/versions/3.12.0/lib/python3.12/site-packages/airflow/example_dags/example_dag_decorator.py for tasks to queue
[2025-07-13T23:42:09.398+0300] {logging_mixin.py:188} INFO - [2025-07-13T23:42:09.398+0300] {dagbag.py:545} INFO - Filling up the DagBag from /home/wal/.pyenv/versions/3.12.0/lib/python3.12/site-packages/airflow/example_dags/example_dag_decorator.py
[2025-07-13T23:42:09.453+0300] {processor.py:840} INFO - DAG(s) 'example_dag_decorator' retrieved from /home/wal/.pyenv/versions/3.12.0/lib/python3.12/site-packages/airflow/example_dags/example_dag_decorator.py
[2025-07-13T23:42:09.602+0300] {logging_mixin.py:188} INFO - [2025-07-13T23:42:09.601+0300] {dag.py:3096} INFO - Sync 1 DAGs
[2025-07-13T23:42:09.617+0300] {logging_mixin.py:188} INFO - [2025-07-13T23:42:09.617+0300] {dag.py:3954} INFO - Setting next_dagrun for example_dag_decorator to None, run_after=None
[2025-07-13T23:42:09.651+0300] {processor.py:183} INFO - Processing /home/wal/.pyenv/versions/3.12.0/lib/python3.12/site-packages/airflow/example_dags/example_dag_decorator.py took 0.265 seconds
[2025-07-13T23:43:03.678+0300] {processor.py:161} INFO - Started process (PID=6701) to work on /home/wal/.pyenv/versions/3.12.0/lib/python3.12/site-packages/airflow/example_dags/example_dag_decorator.py
[2025-07-13T23:43:03.684+0300] {processor.py:830} INFO - Processing file /home/wal/.pyenv/versions/3.12.0/lib/python3.12/site-packages/airflow/example_dags/example_dag_decorator.py for tasks to queue
[2025-07-13T23:43:03.689+0300] {logging_mixin.py:188} INFO - [2025-07-13T23:43:03.688+0300] {dagbag.py:545} INFO - Filling up the DagBag from /home/wal/.pyenv/versions/3.12.0/lib/python3.12/site-packages/airflow/example_dags/example_dag_decorator.py
[2025-07-13T23:43:03.741+0300] {processor.py:840} INFO - DAG(s) 'example_dag_decorator' retrieved from /home/wal/.pyenv/versions/3.12.0/lib/python3.12/site-packages/airflow/example_dags/example_dag_decorator.py
[2025-07-13T23:43:03.874+0300] {logging_mixin.py:188} INFO - [2025-07-13T23:43:03.874+0300] {dag.py:3096} INFO - Sync 1 DAGs
[2025-07-13T23:43:03.889+0300] {logging_mixin.py:188} INFO - [2025-07-13T23:43:03.889+0300] {dag.py:3954} INFO - Setting next_dagrun for example_dag_decorator to None, run_after=None
[2025-07-13T23:43:03.923+0300] {processor.py:183} INFO - Processing /home/wal/.pyenv/versions/3.12.0/lib/python3.12/site-packages/airflow/example_dags/example_dag_decorator.py took 0.254 seconds
[2025-07-13T23:44:01.000+0300] {processor.py:161} INFO - Started process (PID=6751) to work on /home/wal/.pyenv/versions/3.12.0/lib/python3.12/site-packages/airflow/example_dags/example_dag_decorator.py
[2025-07-13T23:44:01.008+0300] {processor.py:830} INFO - Processing file /home/wal/.pyenv/versions/3.12.0/lib/python3.12/site-packages/airflow/example_dags/example_dag_decorator.py for tasks to queue
[2025-07-13T23:44:01.010+0300] {logging_mixin.py:188} INFO - [2025-07-13T23:44:01.010+0300] {dagbag.py:545} INFO - Filling up the DagBag from /home/wal/.pyenv/versions/3.12.0/lib/python3.12/site-packages/airflow/example_dags/example_dag_decorator.py
[2025-07-13T23:44:01.062+0300] {processor.py:840} INFO - DAG(s) 'example_dag_decorator' retrieved from /home/wal/.pyenv/versions/3.12.0/lib/python3.12/site-packages/airflow/example_dags/example_dag_decorator.py
[2025-07-13T23:44:01.091+0300] {logging_mixin.py:188} INFO - [2025-07-13T23:44:01.090+0300] {dag.py:3096} INFO - Sync 1 DAGs
[2025-07-13T23:44:01.110+0300] {logging_mixin.py:188} INFO - [2025-07-13T23:44:01.110+0300] {dag.py:3954} INFO - Setting next_dagrun for example_dag_decorator to None, run_after=None
[2025-07-13T23:44:01.146+0300] {processor.py:183} INFO - Processing /home/wal/.pyenv/versions/3.12.0/lib/python3.12/site-packages/airflow/example_dags/example_dag_decorator.py took 0.153 seconds
[2025-07-13T23:44:56.536+0300] {processor.py:161} INFO - Started process (PID=6803) to work on /home/wal/.pyenv/versions/3.12.0/lib/python3.12/site-packages/airflow/example_dags/example_dag_decorator.py
[2025-07-13T23:44:56.543+0300] {processor.py:830} INFO - Processing file /home/wal/.pyenv/versions/3.12.0/lib/python3.12/site-packages/airflow/example_dags/example_dag_decorator.py for tasks to queue
[2025-07-13T23:44:56.546+0300] {logging_mixin.py:188} INFO - [2025-07-13T23:44:56.546+0300] {dagbag.py:545} INFO - Filling up the DagBag from /home/wal/.pyenv/versions/3.12.0/lib/python3.12/site-packages/airflow/example_dags/example_dag_decorator.py
[2025-07-13T23:44:56.595+0300] {processor.py:840} INFO - DAG(s) 'example_dag_decorator' retrieved from /home/wal/.pyenv/versions/3.12.0/lib/python3.12/site-packages/airflow/example_dags/example_dag_decorator.py
[2025-07-13T23:44:56.619+0300] {logging_mixin.py:188} INFO - [2025-07-13T23:44:56.618+0300] {dag.py:3096} INFO - Sync 1 DAGs
[2025-07-13T23:44:56.636+0300] {logging_mixin.py:188} INFO - [2025-07-13T23:44:56.636+0300] {dag.py:3954} INFO - Setting next_dagrun for example_dag_decorator to None, run_after=None
[2025-07-13T23:44:56.668+0300] {processor.py:183} INFO - Processing /home/wal/.pyenv/versions/3.12.0/lib/python3.12/site-packages/airflow/example_dags/example_dag_decorator.py took 0.146 seconds
[2025-07-13T23:45:50.845+0300] {processor.py:161} INFO - Started process (PID=6856) to work on /home/wal/.pyenv/versions/3.12.0/lib/python3.12/site-packages/airflow/example_dags/example_dag_decorator.py
[2025-07-13T23:45:50.852+0300] {processor.py:830} INFO - Processing file /home/wal/.pyenv/versions/3.12.0/lib/python3.12/site-packages/airflow/example_dags/example_dag_decorator.py for tasks to queue
[2025-07-13T23:45:50.860+0300] {logging_mixin.py:188} INFO - [2025-07-13T23:45:50.858+0300] {dagbag.py:545} INFO - Filling up the DagBag from /home/wal/.pyenv/versions/3.12.0/lib/python3.12/site-packages/airflow/example_dags/example_dag_decorator.py
[2025-07-13T23:45:50.948+0300] {processor.py:840} INFO - DAG(s) 'example_dag_decorator' retrieved from /home/wal/.pyenv/versions/3.12.0/lib/python3.12/site-packages/airflow/example_dags/example_dag_decorator.py
[2025-07-13T23:45:51.089+0300] {logging_mixin.py:188} INFO - [2025-07-13T23:45:51.089+0300] {dag.py:3096} INFO - Sync 1 DAGs
[2025-07-13T23:45:51.103+0300] {logging_mixin.py:188} INFO - [2025-07-13T23:45:51.103+0300] {dag.py:3954} INFO - Setting next_dagrun for example_dag_decorator to None, run_after=None
[2025-07-13T23:45:51.141+0300] {processor.py:183} INFO - Processing /home/wal/.pyenv/versions/3.12.0/lib/python3.12/site-packages/airflow/example_dags/example_dag_decorator.py took 0.315 seconds
[2025-07-13T23:46:45.465+0300] {processor.py:161} INFO - Started process (PID=6906) to work on /home/wal/.pyenv/versions/3.12.0/lib/python3.12/site-packages/airflow/example_dags/example_dag_decorator.py
[2025-07-13T23:46:45.467+0300] {processor.py:830} INFO - Processing file /home/wal/.pyenv/versions/3.12.0/lib/python3.12/site-packages/airflow/example_dags/example_dag_decorator.py for tasks to queue
[2025-07-13T23:46:45.469+0300] {logging_mixin.py:188} INFO - [2025-07-13T23:46:45.468+0300] {dagbag.py:545} INFO - Filling up the DagBag from /home/wal/.pyenv/versions/3.12.0/lib/python3.12/site-packages/airflow/example_dags/example_dag_decorator.py
[2025-07-13T23:46:45.521+0300] {processor.py:840} INFO - DAG(s) 'example_dag_decorator' retrieved from /home/wal/.pyenv/versions/3.12.0/lib/python3.12/site-packages/airflow/example_dags/example_dag_decorator.py
[2025-07-13T23:46:45.686+0300] {logging_mixin.py:188} INFO - [2025-07-13T23:46:45.685+0300] {dag.py:3096} INFO - Sync 1 DAGs
[2025-07-13T23:46:45.727+0300] {logging_mixin.py:188} INFO - [2025-07-13T23:46:45.726+0300] {dag.py:3954} INFO - Setting next_dagrun for example_dag_decorator to None, run_after=None
[2025-07-13T23:46:45.766+0300] {processor.py:183} INFO - Processing /home/wal/.pyenv/versions/3.12.0/lib/python3.12/site-packages/airflow/example_dags/example_dag_decorator.py took 0.310 seconds
[2025-07-13T23:47:44.325+0300] {processor.py:161} INFO - Started process (PID=6957) to work on /home/wal/.pyenv/versions/3.12.0/lib/python3.12/site-packages/airflow/example_dags/example_dag_decorator.py
[2025-07-13T23:47:44.327+0300] {processor.py:830} INFO - Processing file /home/wal/.pyenv/versions/3.12.0/lib/python3.12/site-packages/airflow/example_dags/example_dag_decorator.py for tasks to queue
[2025-07-13T23:47:44.330+0300] {logging_mixin.py:188} INFO - [2025-07-13T23:47:44.330+0300] {dagbag.py:545} INFO - Filling up the DagBag from /home/wal/.pyenv/versions/3.12.0/lib/python3.12/site-packages/airflow/example_dags/example_dag_decorator.py
[2025-07-13T23:47:44.390+0300] {processor.py:840} INFO - DAG(s) 'example_dag_decorator' retrieved from /home/wal/.pyenv/versions/3.12.0/lib/python3.12/site-packages/airflow/example_dags/example_dag_decorator.py
[2025-07-13T23:47:44.420+0300] {logging_mixin.py:188} INFO - [2025-07-13T23:47:44.419+0300] {dag.py:3096} INFO - Sync 1 DAGs
[2025-07-13T23:47:44.439+0300] {logging_mixin.py:188} INFO - [2025-07-13T23:47:44.438+0300] {dag.py:3954} INFO - Setting next_dagrun for example_dag_decorator to None, run_after=None
[2025-07-13T23:47:44.471+0300] {processor.py:183} INFO - Processing /home/wal/.pyenv/versions/3.12.0/lib/python3.12/site-packages/airflow/example_dags/example_dag_decorator.py took 0.157 seconds
[2025-07-13T23:48:38.187+0300] {processor.py:161} INFO - Started process (PID=7006) to work on /home/wal/.pyenv/versions/3.12.0/lib/python3.12/site-packages/airflow/example_dags/example_dag_decorator.py
[2025-07-13T23:48:38.189+0300] {processor.py:830} INFO - Processing file /home/wal/.pyenv/versions/3.12.0/lib/python3.12/site-packages/airflow/example_dags/example_dag_decorator.py for tasks to queue
[2025-07-13T23:48:38.193+0300] {logging_mixin.py:188} INFO - [2025-07-13T23:48:38.192+0300] {dagbag.py:545} INFO - Filling up the DagBag from /home/wal/.pyenv/versions/3.12.0/lib/python3.12/site-packages/airflow/example_dags/example_dag_decorator.py
[2025-07-13T23:48:38.242+0300] {processor.py:840} INFO - DAG(s) 'example_dag_decorator' retrieved from /home/wal/.pyenv/versions/3.12.0/lib/python3.12/site-packages/airflow/example_dags/example_dag_decorator.py
[2025-07-13T23:48:38.268+0300] {logging_mixin.py:188} INFO - [2025-07-13T23:48:38.267+0300] {dag.py:3096} INFO - Sync 1 DAGs
[2025-07-13T23:48:38.291+0300] {logging_mixin.py:188} INFO - [2025-07-13T23:48:38.290+0300] {dag.py:3954} INFO - Setting next_dagrun for example_dag_decorator to None, run_after=None
[2025-07-13T23:48:38.325+0300] {processor.py:183} INFO - Processing /home/wal/.pyenv/versions/3.12.0/lib/python3.12/site-packages/airflow/example_dags/example_dag_decorator.py took 0.147 seconds
[2025-07-13T23:49:33.035+0300] {processor.py:161} INFO - Started process (PID=7057) to work on /home/wal/.pyenv/versions/3.12.0/lib/python3.12/site-packages/airflow/example_dags/example_dag_decorator.py
[2025-07-13T23:49:33.042+0300] {processor.py:830} INFO - Processing file /home/wal/.pyenv/versions/3.12.0/lib/python3.12/site-packages/airflow/example_dags/example_dag_decorator.py for tasks to queue
[2025-07-13T23:49:33.045+0300] {logging_mixin.py:188} INFO - [2025-07-13T23:49:33.044+0300] {dagbag.py:545} INFO - Filling up the DagBag from /home/wal/.pyenv/versions/3.12.0/lib/python3.12/site-packages/airflow/example_dags/example_dag_decorator.py
[2025-07-13T23:49:33.108+0300] {processor.py:840} INFO - DAG(s) 'example_dag_decorator' retrieved from /home/wal/.pyenv/versions/3.12.0/lib/python3.12/site-packages/airflow/example_dags/example_dag_decorator.py
[2025-07-13T23:49:33.243+0300] {logging_mixin.py:188} INFO - [2025-07-13T23:49:33.243+0300] {dag.py:3096} INFO - Sync 1 DAGs
[2025-07-13T23:49:33.258+0300] {logging_mixin.py:188} INFO - [2025-07-13T23:49:33.258+0300] {dag.py:3954} INFO - Setting next_dagrun for example_dag_decorator to None, run_after=None
[2025-07-13T23:49:33.291+0300] {processor.py:183} INFO - Processing /home/wal/.pyenv/versions/3.12.0/lib/python3.12/site-packages/airflow/example_dags/example_dag_decorator.py took 0.276 seconds
[2025-07-13T23:50:51.603+0300] {processor.py:161} INFO - Started process (PID=7130) to work on /home/wal/.pyenv/versions/3.12.0/lib/python3.12/site-packages/airflow/example_dags/example_dag_decorator.py
[2025-07-13T23:50:51.606+0300] {processor.py:830} INFO - Processing file /home/wal/.pyenv/versions/3.12.0/lib/python3.12/site-packages/airflow/example_dags/example_dag_decorator.py for tasks to queue
[2025-07-13T23:50:51.608+0300] {logging_mixin.py:188} INFO - [2025-07-13T23:50:51.608+0300] {dagbag.py:545} INFO - Filling up the DagBag from /home/wal/.pyenv/versions/3.12.0/lib/python3.12/site-packages/airflow/example_dags/example_dag_decorator.py
[2025-07-13T23:50:51.654+0300] {processor.py:840} INFO - DAG(s) 'example_dag_decorator' retrieved from /home/wal/.pyenv/versions/3.12.0/lib/python3.12/site-packages/airflow/example_dags/example_dag_decorator.py
[2025-07-13T23:50:51.798+0300] {logging_mixin.py:188} INFO - [2025-07-13T23:50:51.797+0300] {dag.py:3096} INFO - Sync 1 DAGs
[2025-07-13T23:50:51.814+0300] {logging_mixin.py:188} INFO - [2025-07-13T23:50:51.813+0300] {dag.py:3954} INFO - Setting next_dagrun for example_dag_decorator to None, run_after=None
[2025-07-13T23:50:51.850+0300] {processor.py:183} INFO - Processing /home/wal/.pyenv/versions/3.12.0/lib/python3.12/site-packages/airflow/example_dags/example_dag_decorator.py took 0.262 seconds
[2025-07-13T23:51:48.590+0300] {processor.py:161} INFO - Started process (PID=7180) to work on /home/wal/.pyenv/versions/3.12.0/lib/python3.12/site-packages/airflow/example_dags/example_dag_decorator.py
[2025-07-13T23:51:48.592+0300] {processor.py:830} INFO - Processing file /home/wal/.pyenv/versions/3.12.0/lib/python3.12/site-packages/airflow/example_dags/example_dag_decorator.py for tasks to queue
[2025-07-13T23:51:48.594+0300] {logging_mixin.py:188} INFO - [2025-07-13T23:51:48.594+0300] {dagbag.py:545} INFO - Filling up the DagBag from /home/wal/.pyenv/versions/3.12.0/lib/python3.12/site-packages/airflow/example_dags/example_dag_decorator.py
[2025-07-13T23:51:48.644+0300] {processor.py:840} INFO - DAG(s) 'example_dag_decorator' retrieved from /home/wal/.pyenv/versions/3.12.0/lib/python3.12/site-packages/airflow/example_dags/example_dag_decorator.py
[2025-07-13T23:51:48.786+0300] {logging_mixin.py:188} INFO - [2025-07-13T23:51:48.786+0300] {dag.py:3096} INFO - Sync 1 DAGs
[2025-07-13T23:51:48.800+0300] {logging_mixin.py:188} INFO - [2025-07-13T23:51:48.800+0300] {dag.py:3954} INFO - Setting next_dagrun for example_dag_decorator to None, run_after=None
[2025-07-13T23:51:48.834+0300] {processor.py:183} INFO - Processing /home/wal/.pyenv/versions/3.12.0/lib/python3.12/site-packages/airflow/example_dags/example_dag_decorator.py took 0.258 seconds
[2025-07-13T23:52:50.183+0300] {processor.py:161} INFO - Started process (PID=7236) to work on /home/wal/.pyenv/versions/3.12.0/lib/python3.12/site-packages/airflow/example_dags/example_dag_decorator.py
[2025-07-13T23:52:50.185+0300] {processor.py:830} INFO - Processing file /home/wal/.pyenv/versions/3.12.0/lib/python3.12/site-packages/airflow/example_dags/example_dag_decorator.py for tasks to queue
[2025-07-13T23:52:50.190+0300] {logging_mixin.py:188} INFO - [2025-07-13T23:52:50.189+0300] {dagbag.py:545} INFO - Filling up the DagBag from /home/wal/.pyenv/versions/3.12.0/lib/python3.12/site-packages/airflow/example_dags/example_dag_decorator.py
[2025-07-13T23:52:50.244+0300] {processor.py:840} INFO - DAG(s) 'example_dag_decorator' retrieved from /home/wal/.pyenv/versions/3.12.0/lib/python3.12/site-packages/airflow/example_dags/example_dag_decorator.py
[2025-07-13T23:52:50.390+0300] {logging_mixin.py:188} INFO - [2025-07-13T23:52:50.390+0300] {dag.py:3096} INFO - Sync 1 DAGs
[2025-07-13T23:52:50.404+0300] {logging_mixin.py:188} INFO - [2025-07-13T23:52:50.403+0300] {dag.py:3954} INFO - Setting next_dagrun for example_dag_decorator to None, run_after=None
[2025-07-13T23:52:50.440+0300] {processor.py:183} INFO - Processing /home/wal/.pyenv/versions/3.12.0/lib/python3.12/site-packages/airflow/example_dags/example_dag_decorator.py took 0.263 seconds
[2025-07-13T23:53:47.807+0300] {processor.py:161} INFO - Started process (PID=7287) to work on /home/wal/.pyenv/versions/3.12.0/lib/python3.12/site-packages/airflow/example_dags/example_dag_decorator.py
[2025-07-13T23:53:47.809+0300] {processor.py:830} INFO - Processing file /home/wal/.pyenv/versions/3.12.0/lib/python3.12/site-packages/airflow/example_dags/example_dag_decorator.py for tasks to queue
[2025-07-13T23:53:47.811+0300] {logging_mixin.py:188} INFO - [2025-07-13T23:53:47.810+0300] {dagbag.py:545} INFO - Filling up the DagBag from /home/wal/.pyenv/versions/3.12.0/lib/python3.12/site-packages/airflow/example_dags/example_dag_decorator.py
[2025-07-13T23:53:47.897+0300] {processor.py:840} INFO - DAG(s) 'example_dag_decorator' retrieved from /home/wal/.pyenv/versions/3.12.0/lib/python3.12/site-packages/airflow/example_dags/example_dag_decorator.py
[2025-07-13T23:53:48.068+0300] {logging_mixin.py:188} INFO - [2025-07-13T23:53:48.067+0300] {dag.py:3096} INFO - Sync 1 DAGs
[2025-07-13T23:53:48.087+0300] {logging_mixin.py:188} INFO - [2025-07-13T23:53:48.087+0300] {dag.py:3954} INFO - Setting next_dagrun for example_dag_decorator to None, run_after=None
[2025-07-13T23:53:48.146+0300] {processor.py:183} INFO - Processing /home/wal/.pyenv/versions/3.12.0/lib/python3.12/site-packages/airflow/example_dags/example_dag_decorator.py took 0.355 seconds
[2025-07-13T23:54:44.899+0300] {processor.py:161} INFO - Started process (PID=7339) to work on /home/wal/.pyenv/versions/3.12.0/lib/python3.12/site-packages/airflow/example_dags/example_dag_decorator.py
[2025-07-13T23:54:44.905+0300] {processor.py:830} INFO - Processing file /home/wal/.pyenv/versions/3.12.0/lib/python3.12/site-packages/airflow/example_dags/example_dag_decorator.py for tasks to queue
[2025-07-13T23:54:44.908+0300] {logging_mixin.py:188} INFO - [2025-07-13T23:54:44.908+0300] {dagbag.py:545} INFO - Filling up the DagBag from /home/wal/.pyenv/versions/3.12.0/lib/python3.12/site-packages/airflow/example_dags/example_dag_decorator.py
[2025-07-13T23:54:44.967+0300] {processor.py:840} INFO - DAG(s) 'example_dag_decorator' retrieved from /home/wal/.pyenv/versions/3.12.0/lib/python3.12/site-packages/airflow/example_dags/example_dag_decorator.py
[2025-07-13T23:54:45.100+0300] {logging_mixin.py:188} INFO - [2025-07-13T23:54:45.100+0300] {dag.py:3096} INFO - Sync 1 DAGs
[2025-07-13T23:54:45.114+0300] {logging_mixin.py:188} INFO - [2025-07-13T23:54:45.114+0300] {dag.py:3954} INFO - Setting next_dagrun for example_dag_decorator to None, run_after=None
[2025-07-13T23:54:45.147+0300] {processor.py:183} INFO - Processing /home/wal/.pyenv/versions/3.12.0/lib/python3.12/site-packages/airflow/example_dags/example_dag_decorator.py took 0.261 seconds
[2025-07-13T23:55:40.517+0300] {processor.py:161} INFO - Started process (PID=7392) to work on /home/wal/.pyenv/versions/3.12.0/lib/python3.12/site-packages/airflow/example_dags/example_dag_decorator.py
[2025-07-13T23:55:40.524+0300] {processor.py:830} INFO - Processing file /home/wal/.pyenv/versions/3.12.0/lib/python3.12/site-packages/airflow/example_dags/example_dag_decorator.py for tasks to queue
[2025-07-13T23:55:40.530+0300] {logging_mixin.py:188} INFO - [2025-07-13T23:55:40.529+0300] {dagbag.py:545} INFO - Filling up the DagBag from /home/wal/.pyenv/versions/3.12.0/lib/python3.12/site-packages/airflow/example_dags/example_dag_decorator.py
[2025-07-13T23:55:40.594+0300] {processor.py:840} INFO - DAG(s) 'example_dag_decorator' retrieved from /home/wal/.pyenv/versions/3.12.0/lib/python3.12/site-packages/airflow/example_dags/example_dag_decorator.py
[2025-07-13T23:55:40.733+0300] {logging_mixin.py:188} INFO - [2025-07-13T23:55:40.733+0300] {dag.py:3096} INFO - Sync 1 DAGs
[2025-07-13T23:55:40.747+0300] {logging_mixin.py:188} INFO - [2025-07-13T23:55:40.747+0300] {dag.py:3954} INFO - Setting next_dagrun for example_dag_decorator to None, run_after=None
[2025-07-13T23:55:40.780+0300] {processor.py:183} INFO - Processing /home/wal/.pyenv/versions/3.12.0/lib/python3.12/site-packages/airflow/example_dags/example_dag_decorator.py took 0.288 seconds
[2025-07-13T23:56:36.488+0300] {processor.py:161} INFO - Started process (PID=7442) to work on /home/wal/.pyenv/versions/3.12.0/lib/python3.12/site-packages/airflow/example_dags/example_dag_decorator.py
[2025-07-13T23:56:36.490+0300] {processor.py:830} INFO - Processing file /home/wal/.pyenv/versions/3.12.0/lib/python3.12/site-packages/airflow/example_dags/example_dag_decorator.py for tasks to queue
[2025-07-13T23:56:36.492+0300] {logging_mixin.py:188} INFO - [2025-07-13T23:56:36.492+0300] {dagbag.py:545} INFO - Filling up the DagBag from /home/wal/.pyenv/versions/3.12.0/lib/python3.12/site-packages/airflow/example_dags/example_dag_decorator.py
[2025-07-13T23:56:36.548+0300] {processor.py:840} INFO - DAG(s) 'example_dag_decorator' retrieved from /home/wal/.pyenv/versions/3.12.0/lib/python3.12/site-packages/airflow/example_dags/example_dag_decorator.py
[2025-07-13T23:56:36.722+0300] {logging_mixin.py:188} INFO - [2025-07-13T23:56:36.721+0300] {dag.py:3096} INFO - Sync 1 DAGs
[2025-07-13T23:56:36.742+0300] {logging_mixin.py:188} INFO - [2025-07-13T23:56:36.740+0300] {dag.py:3954} INFO - Setting next_dagrun for example_dag_decorator to None, run_after=None
[2025-07-13T23:56:36.782+0300] {processor.py:183} INFO - Processing /home/wal/.pyenv/versions/3.12.0/lib/python3.12/site-packages/airflow/example_dags/example_dag_decorator.py took 0.304 seconds
[2025-07-13T23:57:33.668+0300] {processor.py:161} INFO - Started process (PID=7493) to work on /home/wal/.pyenv/versions/3.12.0/lib/python3.12/site-packages/airflow/example_dags/example_dag_decorator.py
[2025-07-13T23:57:33.676+0300] {processor.py:830} INFO - Processing file /home/wal/.pyenv/versions/3.12.0/lib/python3.12/site-packages/airflow/example_dags/example_dag_decorator.py for tasks to queue
[2025-07-13T23:57:33.678+0300] {logging_mixin.py:188} INFO - [2025-07-13T23:57:33.678+0300] {dagbag.py:545} INFO - Filling up the DagBag from /home/wal/.pyenv/versions/3.12.0/lib/python3.12/site-packages/airflow/example_dags/example_dag_decorator.py
[2025-07-13T23:57:33.729+0300] {processor.py:840} INFO - DAG(s) 'example_dag_decorator' retrieved from /home/wal/.pyenv/versions/3.12.0/lib/python3.12/site-packages/airflow/example_dags/example_dag_decorator.py
[2025-07-13T23:57:33.863+0300] {logging_mixin.py:188} INFO - [2025-07-13T23:57:33.863+0300] {dag.py:3096} INFO - Sync 1 DAGs
[2025-07-13T23:57:33.877+0300] {logging_mixin.py:188} INFO - [2025-07-13T23:57:33.877+0300] {dag.py:3954} INFO - Setting next_dagrun for example_dag_decorator to None, run_after=None
[2025-07-13T23:57:33.911+0300] {processor.py:183} INFO - Processing /home/wal/.pyenv/versions/3.12.0/lib/python3.12/site-packages/airflow/example_dags/example_dag_decorator.py took 0.260 seconds
[2025-07-13T23:58:28.267+0300] {processor.py:161} INFO - Started process (PID=7545) to work on /home/wal/.pyenv/versions/3.12.0/lib/python3.12/site-packages/airflow/example_dags/example_dag_decorator.py
[2025-07-13T23:58:28.273+0300] {processor.py:830} INFO - Processing file /home/wal/.pyenv/versions/3.12.0/lib/python3.12/site-packages/airflow/example_dags/example_dag_decorator.py for tasks to queue
[2025-07-13T23:58:28.278+0300] {logging_mixin.py:188} INFO - [2025-07-13T23:58:28.277+0300] {dagbag.py:545} INFO - Filling up the DagBag from /home/wal/.pyenv/versions/3.12.0/lib/python3.12/site-packages/airflow/example_dags/example_dag_decorator.py
[2025-07-13T23:58:28.334+0300] {processor.py:840} INFO - DAG(s) 'example_dag_decorator' retrieved from /home/wal/.pyenv/versions/3.12.0/lib/python3.12/site-packages/airflow/example_dags/example_dag_decorator.py
[2025-07-13T23:58:28.517+0300] {logging_mixin.py:188} INFO - [2025-07-13T23:58:28.516+0300] {dag.py:3096} INFO - Sync 1 DAGs
[2025-07-13T23:58:28.538+0300] {logging_mixin.py:188} INFO - [2025-07-13T23:58:28.538+0300] {dag.py:3954} INFO - Setting next_dagrun for example_dag_decorator to None, run_after=None
[2025-07-13T23:58:28.584+0300] {processor.py:183} INFO - Processing /home/wal/.pyenv/versions/3.12.0/lib/python3.12/site-packages/airflow/example_dags/example_dag_decorator.py took 0.329 seconds
[2025-07-13T23:59:22.120+0300] {processor.py:161} INFO - Started process (PID=7597) to work on /home/wal/.pyenv/versions/3.12.0/lib/python3.12/site-packages/airflow/example_dags/example_dag_decorator.py
[2025-07-13T23:59:22.128+0300] {processor.py:830} INFO - Processing file /home/wal/.pyenv/versions/3.12.0/lib/python3.12/site-packages/airflow/example_dags/example_dag_decorator.py for tasks to queue
[2025-07-13T23:59:22.131+0300] {logging_mixin.py:188} INFO - [2025-07-13T23:59:22.130+0300] {dagbag.py:545} INFO - Filling up the DagBag from /home/wal/.pyenv/versions/3.12.0/lib/python3.12/site-packages/airflow/example_dags/example_dag_decorator.py
[2025-07-13T23:59:22.186+0300] {processor.py:840} INFO - DAG(s) 'example_dag_decorator' retrieved from /home/wal/.pyenv/versions/3.12.0/lib/python3.12/site-packages/airflow/example_dags/example_dag_decorator.py
[2025-07-13T23:59:22.332+0300] {logging_mixin.py:188} INFO - [2025-07-13T23:59:22.332+0300] {dag.py:3096} INFO - Sync 1 DAGs
[2025-07-13T23:59:22.348+0300] {logging_mixin.py:188} INFO - [2025-07-13T23:59:22.348+0300] {dag.py:3954} INFO - Setting next_dagrun for example_dag_decorator to None, run_after=None
[2025-07-13T23:59:22.384+0300] {processor.py:183} INFO - Processing /home/wal/.pyenv/versions/3.12.0/lib/python3.12/site-packages/airflow/example_dags/example_dag_decorator.py took 0.272 seconds
[2025-07-14T00:00:23.560+0300] {processor.py:161} INFO - Started process (PID=7664) to work on /home/wal/.pyenv/versions/3.12.0/lib/python3.12/site-packages/airflow/example_dags/example_dag_decorator.py
[2025-07-14T00:00:23.562+0300] {processor.py:830} INFO - Processing file /home/wal/.pyenv/versions/3.12.0/lib/python3.12/site-packages/airflow/example_dags/example_dag_decorator.py for tasks to queue
[2025-07-14T00:00:23.565+0300] {logging_mixin.py:188} INFO - [2025-07-14T00:00:23.564+0300] {dagbag.py:545} INFO - Filling up the DagBag from /home/wal/.pyenv/versions/3.12.0/lib/python3.12/site-packages/airflow/example_dags/example_dag_decorator.py
[2025-07-14T00:00:23.637+0300] {processor.py:840} INFO - DAG(s) 'example_dag_decorator' retrieved from /home/wal/.pyenv/versions/3.12.0/lib/python3.12/site-packages/airflow/example_dags/example_dag_decorator.py
[2025-07-14T00:00:23.858+0300] {logging_mixin.py:188} INFO - [2025-07-14T00:00:23.858+0300] {dag.py:3096} INFO - Sync 1 DAGs
[2025-07-14T00:00:23.882+0300] {logging_mixin.py:188} INFO - [2025-07-14T00:00:23.882+0300] {dag.py:3954} INFO - Setting next_dagrun for example_dag_decorator to None, run_after=None
[2025-07-14T00:00:23.924+0300] {processor.py:183} INFO - Processing /home/wal/.pyenv/versions/3.12.0/lib/python3.12/site-packages/airflow/example_dags/example_dag_decorator.py took 0.376 seconds
[2025-07-14T00:01:20.440+0300] {processor.py:161} INFO - Started process (PID=7716) to work on /home/wal/.pyenv/versions/3.12.0/lib/python3.12/site-packages/airflow/example_dags/example_dag_decorator.py
[2025-07-14T00:01:20.443+0300] {processor.py:830} INFO - Processing file /home/wal/.pyenv/versions/3.12.0/lib/python3.12/site-packages/airflow/example_dags/example_dag_decorator.py for tasks to queue
[2025-07-14T00:01:20.446+0300] {logging_mixin.py:188} INFO - [2025-07-14T00:01:20.445+0300] {dagbag.py:545} INFO - Filling up the DagBag from /home/wal/.pyenv/versions/3.12.0/lib/python3.12/site-packages/airflow/example_dags/example_dag_decorator.py
[2025-07-14T00:01:20.509+0300] {processor.py:840} INFO - DAG(s) 'example_dag_decorator' retrieved from /home/wal/.pyenv/versions/3.12.0/lib/python3.12/site-packages/airflow/example_dags/example_dag_decorator.py
[2025-07-14T00:01:20.649+0300] {logging_mixin.py:188} INFO - [2025-07-14T00:01:20.648+0300] {dag.py:3096} INFO - Sync 1 DAGs
[2025-07-14T00:01:20.663+0300] {logging_mixin.py:188} INFO - [2025-07-14T00:01:20.663+0300] {dag.py:3954} INFO - Setting next_dagrun for example_dag_decorator to None, run_after=None
[2025-07-14T00:01:20.700+0300] {processor.py:183} INFO - Processing /home/wal/.pyenv/versions/3.12.0/lib/python3.12/site-packages/airflow/example_dags/example_dag_decorator.py took 0.274 seconds
[2025-07-14T00:02:15.956+0300] {processor.py:161} INFO - Started process (PID=7767) to work on /home/wal/.pyenv/versions/3.12.0/lib/python3.12/site-packages/airflow/example_dags/example_dag_decorator.py
[2025-07-14T00:02:15.966+0300] {processor.py:830} INFO - Processing file /home/wal/.pyenv/versions/3.12.0/lib/python3.12/site-packages/airflow/example_dags/example_dag_decorator.py for tasks to queue
[2025-07-14T00:02:15.971+0300] {logging_mixin.py:188} INFO - [2025-07-14T00:02:15.970+0300] {dagbag.py:545} INFO - Filling up the DagBag from /home/wal/.pyenv/versions/3.12.0/lib/python3.12/site-packages/airflow/example_dags/example_dag_decorator.py
[2025-07-14T00:02:16.073+0300] {processor.py:840} INFO - DAG(s) 'example_dag_decorator' retrieved from /home/wal/.pyenv/versions/3.12.0/lib/python3.12/site-packages/airflow/example_dags/example_dag_decorator.py
[2025-07-14T00:02:16.232+0300] {logging_mixin.py:188} INFO - [2025-07-14T00:02:16.232+0300] {dag.py:3096} INFO - Sync 1 DAGs
[2025-07-14T00:02:16.247+0300] {logging_mixin.py:188} INFO - [2025-07-14T00:02:16.246+0300] {dag.py:3954} INFO - Setting next_dagrun for example_dag_decorator to None, run_after=None
[2025-07-14T00:02:16.282+0300] {processor.py:183} INFO - Processing /home/wal/.pyenv/versions/3.12.0/lib/python3.12/site-packages/airflow/example_dags/example_dag_decorator.py took 0.346 seconds
[2025-07-14T00:03:10.272+0300] {processor.py:161} INFO - Started process (PID=7815) to work on /home/wal/.pyenv/versions/3.12.0/lib/python3.12/site-packages/airflow/example_dags/example_dag_decorator.py
[2025-07-14T00:03:10.278+0300] {processor.py:830} INFO - Processing file /home/wal/.pyenv/versions/3.12.0/lib/python3.12/site-packages/airflow/example_dags/example_dag_decorator.py for tasks to queue
[2025-07-14T00:03:10.281+0300] {logging_mixin.py:188} INFO - [2025-07-14T00:03:10.281+0300] {dagbag.py:545} INFO - Filling up the DagBag from /home/wal/.pyenv/versions/3.12.0/lib/python3.12/site-packages/airflow/example_dags/example_dag_decorator.py
[2025-07-14T00:03:10.330+0300] {processor.py:840} INFO - DAG(s) 'example_dag_decorator' retrieved from /home/wal/.pyenv/versions/3.12.0/lib/python3.12/site-packages/airflow/example_dags/example_dag_decorator.py
[2025-07-14T00:03:10.361+0300] {logging_mixin.py:188} INFO - [2025-07-14T00:03:10.361+0300] {dag.py:3096} INFO - Sync 1 DAGs
[2025-07-14T00:03:10.377+0300] {logging_mixin.py:188} INFO - [2025-07-14T00:03:10.377+0300] {dag.py:3954} INFO - Setting next_dagrun for example_dag_decorator to None, run_after=None
[2025-07-14T00:03:10.405+0300] {processor.py:183} INFO - Processing /home/wal/.pyenv/versions/3.12.0/lib/python3.12/site-packages/airflow/example_dags/example_dag_decorator.py took 0.139 seconds
[2025-07-14T00:04:04.870+0300] {processor.py:161} INFO - Started process (PID=7866) to work on /home/wal/.pyenv/versions/3.12.0/lib/python3.12/site-packages/airflow/example_dags/example_dag_decorator.py
[2025-07-14T00:04:04.876+0300] {processor.py:830} INFO - Processing file /home/wal/.pyenv/versions/3.12.0/lib/python3.12/site-packages/airflow/example_dags/example_dag_decorator.py for tasks to queue
[2025-07-14T00:04:04.882+0300] {logging_mixin.py:188} INFO - [2025-07-14T00:04:04.880+0300] {dagbag.py:545} INFO - Filling up the DagBag from /home/wal/.pyenv/versions/3.12.0/lib/python3.12/site-packages/airflow/example_dags/example_dag_decorator.py
[2025-07-14T00:04:04.933+0300] {processor.py:840} INFO - DAG(s) 'example_dag_decorator' retrieved from /home/wal/.pyenv/versions/3.12.0/lib/python3.12/site-packages/airflow/example_dags/example_dag_decorator.py
[2025-07-14T00:04:04.963+0300] {logging_mixin.py:188} INFO - [2025-07-14T00:04:04.963+0300] {dag.py:3096} INFO - Sync 1 DAGs
[2025-07-14T00:04:04.983+0300] {logging_mixin.py:188} INFO - [2025-07-14T00:04:04.983+0300] {dag.py:3954} INFO - Setting next_dagrun for example_dag_decorator to None, run_after=None
[2025-07-14T00:04:05.019+0300] {processor.py:183} INFO - Processing /home/wal/.pyenv/versions/3.12.0/lib/python3.12/site-packages/airflow/example_dags/example_dag_decorator.py took 0.159 seconds
[2025-07-14T00:05:21.469+0300] {processor.py:161} INFO - Started process (PID=7943) to work on /home/wal/.pyenv/versions/3.12.0/lib/python3.12/site-packages/airflow/example_dags/example_dag_decorator.py
[2025-07-14T00:05:21.470+0300] {processor.py:830} INFO - Processing file /home/wal/.pyenv/versions/3.12.0/lib/python3.12/site-packages/airflow/example_dags/example_dag_decorator.py for tasks to queue
[2025-07-14T00:05:21.474+0300] {logging_mixin.py:188} INFO - [2025-07-14T00:05:21.473+0300] {dagbag.py:545} INFO - Filling up the DagBag from /home/wal/.pyenv/versions/3.12.0/lib/python3.12/site-packages/airflow/example_dags/example_dag_decorator.py
[2025-07-14T00:05:21.532+0300] {processor.py:840} INFO - DAG(s) 'example_dag_decorator' retrieved from /home/wal/.pyenv/versions/3.12.0/lib/python3.12/site-packages/airflow/example_dags/example_dag_decorator.py
[2025-07-14T00:05:21.687+0300] {logging_mixin.py:188} INFO - [2025-07-14T00:05:21.687+0300] {dag.py:3096} INFO - Sync 1 DAGs
[2025-07-14T00:05:21.699+0300] {logging_mixin.py:188} INFO - [2025-07-14T00:05:21.698+0300] {dag.py:3954} INFO - Setting next_dagrun for example_dag_decorator to None, run_after=None
[2025-07-14T00:05:21.730+0300] {processor.py:183} INFO - Processing /home/wal/.pyenv/versions/3.12.0/lib/python3.12/site-packages/airflow/example_dags/example_dag_decorator.py took 0.269 seconds
[2025-07-14T00:06:14.691+0300] {processor.py:161} INFO - Started process (PID=7992) to work on /home/wal/.pyenv/versions/3.12.0/lib/python3.12/site-packages/airflow/example_dags/example_dag_decorator.py
[2025-07-14T00:06:14.697+0300] {processor.py:830} INFO - Processing file /home/wal/.pyenv/versions/3.12.0/lib/python3.12/site-packages/airflow/example_dags/example_dag_decorator.py for tasks to queue
[2025-07-14T00:06:14.700+0300] {logging_mixin.py:188} INFO - [2025-07-14T00:06:14.699+0300] {dagbag.py:545} INFO - Filling up the DagBag from /home/wal/.pyenv/versions/3.12.0/lib/python3.12/site-packages/airflow/example_dags/example_dag_decorator.py
[2025-07-14T00:06:14.751+0300] {processor.py:840} INFO - DAG(s) 'example_dag_decorator' retrieved from /home/wal/.pyenv/versions/3.12.0/lib/python3.12/site-packages/airflow/example_dags/example_dag_decorator.py
[2025-07-14T00:06:14.889+0300] {logging_mixin.py:188} INFO - [2025-07-14T00:06:14.889+0300] {dag.py:3096} INFO - Sync 1 DAGs
[2025-07-14T00:06:14.903+0300] {logging_mixin.py:188} INFO - [2025-07-14T00:06:14.903+0300] {dag.py:3954} INFO - Setting next_dagrun for example_dag_decorator to None, run_after=None
[2025-07-14T00:06:14.938+0300] {processor.py:183} INFO - Processing /home/wal/.pyenv/versions/3.12.0/lib/python3.12/site-packages/airflow/example_dags/example_dag_decorator.py took 0.256 seconds
[2025-07-14T00:07:09.406+0300] {processor.py:161} INFO - Started process (PID=8042) to work on /home/wal/.pyenv/versions/3.12.0/lib/python3.12/site-packages/airflow/example_dags/example_dag_decorator.py
[2025-07-14T00:07:09.408+0300] {processor.py:830} INFO - Processing file /home/wal/.pyenv/versions/3.12.0/lib/python3.12/site-packages/airflow/example_dags/example_dag_decorator.py for tasks to queue
[2025-07-14T00:07:09.410+0300] {logging_mixin.py:188} INFO - [2025-07-14T00:07:09.410+0300] {dagbag.py:545} INFO - Filling up the DagBag from /home/wal/.pyenv/versions/3.12.0/lib/python3.12/site-packages/airflow/example_dags/example_dag_decorator.py
[2025-07-14T00:07:09.457+0300] {processor.py:840} INFO - DAG(s) 'example_dag_decorator' retrieved from /home/wal/.pyenv/versions/3.12.0/lib/python3.12/site-packages/airflow/example_dags/example_dag_decorator.py
[2025-07-14T00:07:09.596+0300] {logging_mixin.py:188} INFO - [2025-07-14T00:07:09.596+0300] {dag.py:3096} INFO - Sync 1 DAGs
[2025-07-14T00:07:09.613+0300] {logging_mixin.py:188} INFO - [2025-07-14T00:07:09.613+0300] {dag.py:3954} INFO - Setting next_dagrun for example_dag_decorator to None, run_after=None
[2025-07-14T00:07:09.652+0300] {processor.py:183} INFO - Processing /home/wal/.pyenv/versions/3.12.0/lib/python3.12/site-packages/airflow/example_dags/example_dag_decorator.py took 0.259 seconds
[2025-07-14T00:08:11.164+0300] {processor.py:161} INFO - Started process (PID=8095) to work on /home/wal/.pyenv/versions/3.12.0/lib/python3.12/site-packages/airflow/example_dags/example_dag_decorator.py
[2025-07-14T00:08:11.169+0300] {processor.py:830} INFO - Processing file /home/wal/.pyenv/versions/3.12.0/lib/python3.12/site-packages/airflow/example_dags/example_dag_decorator.py for tasks to queue
[2025-07-14T00:08:11.173+0300] {logging_mixin.py:188} INFO - [2025-07-14T00:08:11.172+0300] {dagbag.py:545} INFO - Filling up the DagBag from /home/wal/.pyenv/versions/3.12.0/lib/python3.12/site-packages/airflow/example_dags/example_dag_decorator.py
[2025-07-14T00:08:11.298+0300] {processor.py:840} INFO - DAG(s) 'example_dag_decorator' retrieved from /home/wal/.pyenv/versions/3.12.0/lib/python3.12/site-packages/airflow/example_dags/example_dag_decorator.py
[2025-07-14T00:08:12.275+0300] {logging_mixin.py:188} INFO - [2025-07-14T00:08:12.274+0300] {dag.py:3096} INFO - Sync 1 DAGs
[2025-07-14T00:08:12.374+0300] {logging_mixin.py:188} INFO - [2025-07-14T00:08:12.373+0300] {dag.py:3954} INFO - Setting next_dagrun for example_dag_decorator to None, run_after=None
[2025-07-14T00:08:12.500+0300] {processor.py:183} INFO - Processing /home/wal/.pyenv/versions/3.12.0/lib/python3.12/site-packages/airflow/example_dags/example_dag_decorator.py took 1.357 seconds
