[2025-07-13T22:56:36.372+0300] {processor.py:161} INFO - Started process (PID=4047) to work on /home/wal/.pyenv/versions/3.12.0/lib/python3.12/site-packages/airflow/example_dags/example_branch_python_dop_operator_3.py
[2025-07-13T22:56:36.373+0300] {processor.py:830} INFO - Processing file /home/wal/.pyenv/versions/3.12.0/lib/python3.12/site-packages/airflow/example_dags/example_branch_python_dop_operator_3.py for tasks to queue
[2025-07-13T22:56:36.377+0300] {logging_mixin.py:188} INFO - [2025-07-13T22:56:36.376+0300] {dagbag.py:545} INFO - Filling up the DagBag from /home/wal/.pyenv/versions/3.12.0/lib/python3.12/site-packages/airflow/example_dags/example_branch_python_dop_operator_3.py
[2025-07-13T22:56:36.394+0300] {processor.py:840} INFO - DAG(s) 'example_branch_dop_operator_v3' retrieved from /home/wal/.pyenv/versions/3.12.0/lib/python3.12/site-packages/airflow/example_dags/example_branch_python_dop_operator_3.py
[2025-07-13T22:56:36.420+0300] {logging_mixin.py:188} INFO - [2025-07-13T22:56:36.419+0300] {dag.py:3096} INFO - Sync 1 DAGs
[2025-07-13T22:56:36.473+0300] {logging_mixin.py:188} INFO - [2025-07-13T22:56:36.472+0300] {dag.py:3954} INFO - Setting next_dagrun for example_branch_dop_operator_v3 to 2025-07-13 19:55:00+00:00, run_after=2025-07-13 19:56:00+00:00
[2025-07-13T22:56:36.519+0300] {processor.py:183} INFO - Processing /home/wal/.pyenv/versions/3.12.0/lib/python3.12/site-packages/airflow/example_dags/example_branch_python_dop_operator_3.py took 0.161 seconds
[2025-07-13T22:58:00.419+0300] {processor.py:161} INFO - Started process (PID=4267) to work on /home/wal/.pyenv/versions/3.12.0/lib/python3.12/site-packages/airflow/example_dags/example_branch_python_dop_operator_3.py
[2025-07-13T22:58:00.421+0300] {processor.py:830} INFO - Processing file /home/wal/.pyenv/versions/3.12.0/lib/python3.12/site-packages/airflow/example_dags/example_branch_python_dop_operator_3.py for tasks to queue
[2025-07-13T22:58:00.423+0300] {logging_mixin.py:188} INFO - [2025-07-13T22:58:00.423+0300] {dagbag.py:545} INFO - Filling up the DagBag from /home/wal/.pyenv/versions/3.12.0/lib/python3.12/site-packages/airflow/example_dags/example_branch_python_dop_operator_3.py
[2025-07-13T22:58:00.439+0300] {processor.py:840} INFO - DAG(s) 'example_branch_dop_operator_v3' retrieved from /home/wal/.pyenv/versions/3.12.0/lib/python3.12/site-packages/airflow/example_dags/example_branch_python_dop_operator_3.py
[2025-07-13T22:58:00.467+0300] {logging_mixin.py:188} INFO - [2025-07-13T22:58:00.467+0300] {dag.py:3096} INFO - Sync 1 DAGs
[2025-07-13T22:58:00.500+0300] {logging_mixin.py:188} INFO - [2025-07-13T22:58:00.500+0300] {dag.py:3954} INFO - Setting next_dagrun for example_branch_dop_operator_v3 to 2025-07-13 19:57:00+00:00, run_after=2025-07-13 19:58:00+00:00
[2025-07-13T22:58:00.529+0300] {processor.py:183} INFO - Processing /home/wal/.pyenv/versions/3.12.0/lib/python3.12/site-packages/airflow/example_dags/example_branch_python_dop_operator_3.py took 0.119 seconds
[2025-07-13T23:00:19.331+0300] {processor.py:161} INFO - Started process (PID=4557) to work on /home/wal/.pyenv/versions/3.12.0/lib/python3.12/site-packages/airflow/example_dags/example_branch_python_dop_operator_3.py
[2025-07-13T23:00:19.334+0300] {processor.py:830} INFO - Processing file /home/wal/.pyenv/versions/3.12.0/lib/python3.12/site-packages/airflow/example_dags/example_branch_python_dop_operator_3.py for tasks to queue
[2025-07-13T23:00:19.348+0300] {logging_mixin.py:188} INFO - [2025-07-13T23:00:19.347+0300] {dagbag.py:545} INFO - Filling up the DagBag from /home/wal/.pyenv/versions/3.12.0/lib/python3.12/site-packages/airflow/example_dags/example_branch_python_dop_operator_3.py
[2025-07-13T23:00:19.438+0300] {processor.py:840} INFO - DAG(s) 'example_branch_dop_operator_v3' retrieved from /home/wal/.pyenv/versions/3.12.0/lib/python3.12/site-packages/airflow/example_dags/example_branch_python_dop_operator_3.py
[2025-07-13T23:00:20.116+0300] {logging_mixin.py:188} INFO - [2025-07-13T23:00:20.115+0300] {dag.py:3096} INFO - Sync 1 DAGs
[2025-07-13T23:00:20.272+0300] {logging_mixin.py:188} INFO - [2025-07-13T23:00:20.272+0300] {dag.py:3954} INFO - Setting next_dagrun for example_branch_dop_operator_v3 to 2025-07-13 19:59:00+00:00, run_after=2025-07-13 20:00:00+00:00
[2025-07-13T23:00:20.358+0300] {processor.py:183} INFO - Processing /home/wal/.pyenv/versions/3.12.0/lib/python3.12/site-packages/airflow/example_dags/example_branch_python_dop_operator_3.py took 1.077 seconds
[2025-07-13T23:02:02.097+0300] {processor.py:161} INFO - Started process (PID=4622) to work on /home/wal/.pyenv/versions/3.12.0/lib/python3.12/site-packages/airflow/example_dags/example_branch_python_dop_operator_3.py
[2025-07-13T23:02:02.102+0300] {processor.py:830} INFO - Processing file /home/wal/.pyenv/versions/3.12.0/lib/python3.12/site-packages/airflow/example_dags/example_branch_python_dop_operator_3.py for tasks to queue
[2025-07-13T23:02:02.114+0300] {logging_mixin.py:188} INFO - [2025-07-13T23:02:02.112+0300] {dagbag.py:545} INFO - Filling up the DagBag from /home/wal/.pyenv/versions/3.12.0/lib/python3.12/site-packages/airflow/example_dags/example_branch_python_dop_operator_3.py
[2025-07-13T23:02:02.178+0300] {processor.py:840} INFO - DAG(s) 'example_branch_dop_operator_v3' retrieved from /home/wal/.pyenv/versions/3.12.0/lib/python3.12/site-packages/airflow/example_dags/example_branch_python_dop_operator_3.py
[2025-07-13T23:02:02.299+0300] {logging_mixin.py:188} INFO - [2025-07-13T23:02:02.299+0300] {dag.py:3096} INFO - Sync 1 DAGs
[2025-07-13T23:02:02.414+0300] {logging_mixin.py:188} INFO - [2025-07-13T23:02:02.413+0300] {dag.py:3954} INFO - Setting next_dagrun for example_branch_dop_operator_v3 to 2025-07-13 20:01:00+00:00, run_after=2025-07-13 20:02:00+00:00
[2025-07-13T23:02:02.508+0300] {processor.py:183} INFO - Processing /home/wal/.pyenv/versions/3.12.0/lib/python3.12/site-packages/airflow/example_dags/example_branch_python_dop_operator_3.py took 0.440 seconds
[2025-07-13T23:03:41.612+0300] {processor.py:161} INFO - Started process (PID=4694) to work on /home/wal/.pyenv/versions/3.12.0/lib/python3.12/site-packages/airflow/example_dags/example_branch_python_dop_operator_3.py
[2025-07-13T23:03:41.619+0300] {processor.py:830} INFO - Processing file /home/wal/.pyenv/versions/3.12.0/lib/python3.12/site-packages/airflow/example_dags/example_branch_python_dop_operator_3.py for tasks to queue
[2025-07-13T23:03:41.625+0300] {logging_mixin.py:188} INFO - [2025-07-13T23:03:41.623+0300] {dagbag.py:545} INFO - Filling up the DagBag from /home/wal/.pyenv/versions/3.12.0/lib/python3.12/site-packages/airflow/example_dags/example_branch_python_dop_operator_3.py
[2025-07-13T23:03:41.659+0300] {processor.py:840} INFO - DAG(s) 'example_branch_dop_operator_v3' retrieved from /home/wal/.pyenv/versions/3.12.0/lib/python3.12/site-packages/airflow/example_dags/example_branch_python_dop_operator_3.py
[2025-07-13T23:03:41.709+0300] {logging_mixin.py:188} INFO - [2025-07-13T23:03:41.708+0300] {dag.py:3096} INFO - Sync 1 DAGs
[2025-07-13T23:03:41.836+0300] {logging_mixin.py:188} INFO - [2025-07-13T23:03:41.835+0300] {dag.py:3954} INFO - Setting next_dagrun for example_branch_dop_operator_v3 to 2025-07-13 20:02:00+00:00, run_after=2025-07-13 20:03:00+00:00
[2025-07-13T23:03:41.934+0300] {processor.py:183} INFO - Processing /home/wal/.pyenv/versions/3.12.0/lib/python3.12/site-packages/airflow/example_dags/example_branch_python_dop_operator_3.py took 0.351 seconds
[2025-07-13T23:04:55.699+0300] {processor.py:161} INFO - Started process (PID=4753) to work on /home/wal/.pyenv/versions/3.12.0/lib/python3.12/site-packages/airflow/example_dags/example_branch_python_dop_operator_3.py
[2025-07-13T23:04:55.707+0300] {processor.py:830} INFO - Processing file /home/wal/.pyenv/versions/3.12.0/lib/python3.12/site-packages/airflow/example_dags/example_branch_python_dop_operator_3.py for tasks to queue
[2025-07-13T23:04:55.715+0300] {logging_mixin.py:188} INFO - [2025-07-13T23:04:55.713+0300] {dagbag.py:545} INFO - Filling up the DagBag from /home/wal/.pyenv/versions/3.12.0/lib/python3.12/site-packages/airflow/example_dags/example_branch_python_dop_operator_3.py
[2025-07-13T23:04:55.788+0300] {processor.py:840} INFO - DAG(s) 'example_branch_dop_operator_v3' retrieved from /home/wal/.pyenv/versions/3.12.0/lib/python3.12/site-packages/airflow/example_dags/example_branch_python_dop_operator_3.py
[2025-07-13T23:04:55.883+0300] {logging_mixin.py:188} INFO - [2025-07-13T23:04:55.882+0300] {dag.py:3096} INFO - Sync 1 DAGs
[2025-07-13T23:04:56.026+0300] {logging_mixin.py:188} INFO - [2025-07-13T23:04:56.025+0300] {dag.py:3954} INFO - Setting next_dagrun for example_branch_dop_operator_v3 to 2025-07-13 20:03:00+00:00, run_after=2025-07-13 20:04:00+00:00
[2025-07-13T23:04:56.167+0300] {processor.py:183} INFO - Processing /home/wal/.pyenv/versions/3.12.0/lib/python3.12/site-packages/airflow/example_dags/example_branch_python_dop_operator_3.py took 0.502 seconds
[2025-07-13T23:06:26.444+0300] {processor.py:161} INFO - Started process (PID=4819) to work on /home/wal/.pyenv/versions/3.12.0/lib/python3.12/site-packages/airflow/example_dags/example_branch_python_dop_operator_3.py
[2025-07-13T23:06:26.453+0300] {processor.py:830} INFO - Processing file /home/wal/.pyenv/versions/3.12.0/lib/python3.12/site-packages/airflow/example_dags/example_branch_python_dop_operator_3.py for tasks to queue
[2025-07-13T23:06:26.468+0300] {logging_mixin.py:188} INFO - [2025-07-13T23:06:26.458+0300] {dagbag.py:545} INFO - Filling up the DagBag from /home/wal/.pyenv/versions/3.12.0/lib/python3.12/site-packages/airflow/example_dags/example_branch_python_dop_operator_3.py
[2025-07-13T23:06:26.521+0300] {processor.py:840} INFO - DAG(s) 'example_branch_dop_operator_v3' retrieved from /home/wal/.pyenv/versions/3.12.0/lib/python3.12/site-packages/airflow/example_dags/example_branch_python_dop_operator_3.py
[2025-07-13T23:06:26.641+0300] {logging_mixin.py:188} INFO - [2025-07-13T23:06:26.640+0300] {dag.py:3096} INFO - Sync 1 DAGs
[2025-07-13T23:06:26.882+0300] {logging_mixin.py:188} INFO - [2025-07-13T23:06:26.876+0300] {dag.py:3954} INFO - Setting next_dagrun for example_branch_dop_operator_v3 to 2025-07-13 20:05:00+00:00, run_after=2025-07-13 20:06:00+00:00
[2025-07-13T23:06:27.040+0300] {processor.py:183} INFO - Processing /home/wal/.pyenv/versions/3.12.0/lib/python3.12/site-packages/airflow/example_dags/example_branch_python_dop_operator_3.py took 0.626 seconds
[2025-07-13T23:07:52.176+0300] {processor.py:161} INFO - Started process (PID=4888) to work on /home/wal/.pyenv/versions/3.12.0/lib/python3.12/site-packages/airflow/example_dags/example_branch_python_dop_operator_3.py
[2025-07-13T23:07:52.179+0300] {processor.py:830} INFO - Processing file /home/wal/.pyenv/versions/3.12.0/lib/python3.12/site-packages/airflow/example_dags/example_branch_python_dop_operator_3.py for tasks to queue
[2025-07-13T23:07:52.183+0300] {logging_mixin.py:188} INFO - [2025-07-13T23:07:52.182+0300] {dagbag.py:545} INFO - Filling up the DagBag from /home/wal/.pyenv/versions/3.12.0/lib/python3.12/site-packages/airflow/example_dags/example_branch_python_dop_operator_3.py
[2025-07-13T23:07:52.211+0300] {processor.py:840} INFO - DAG(s) 'example_branch_dop_operator_v3' retrieved from /home/wal/.pyenv/versions/3.12.0/lib/python3.12/site-packages/airflow/example_dags/example_branch_python_dop_operator_3.py
[2025-07-13T23:07:52.256+0300] {logging_mixin.py:188} INFO - [2025-07-13T23:07:52.256+0300] {dag.py:3096} INFO - Sync 1 DAGs
[2025-07-13T23:07:52.334+0300] {logging_mixin.py:188} INFO - [2025-07-13T23:07:52.333+0300] {dag.py:3954} INFO - Setting next_dagrun for example_branch_dop_operator_v3 to 2025-07-13 20:06:00+00:00, run_after=2025-07-13 20:07:00+00:00
[2025-07-13T23:07:52.393+0300] {processor.py:183} INFO - Processing /home/wal/.pyenv/versions/3.12.0/lib/python3.12/site-packages/airflow/example_dags/example_branch_python_dop_operator_3.py took 0.242 seconds
[2025-07-13T23:08:53.176+0300] {processor.py:161} INFO - Started process (PID=4942) to work on /home/wal/.pyenv/versions/3.12.0/lib/python3.12/site-packages/airflow/example_dags/example_branch_python_dop_operator_3.py
[2025-07-13T23:08:53.184+0300] {processor.py:830} INFO - Processing file /home/wal/.pyenv/versions/3.12.0/lib/python3.12/site-packages/airflow/example_dags/example_branch_python_dop_operator_3.py for tasks to queue
[2025-07-13T23:08:53.191+0300] {logging_mixin.py:188} INFO - [2025-07-13T23:08:53.190+0300] {dagbag.py:545} INFO - Filling up the DagBag from /home/wal/.pyenv/versions/3.12.0/lib/python3.12/site-packages/airflow/example_dags/example_branch_python_dop_operator_3.py
[2025-07-13T23:08:53.231+0300] {processor.py:840} INFO - DAG(s) 'example_branch_dop_operator_v3' retrieved from /home/wal/.pyenv/versions/3.12.0/lib/python3.12/site-packages/airflow/example_dags/example_branch_python_dop_operator_3.py
[2025-07-13T23:08:53.329+0300] {logging_mixin.py:188} INFO - [2025-07-13T23:08:53.328+0300] {dag.py:3096} INFO - Sync 1 DAGs
[2025-07-13T23:08:53.415+0300] {logging_mixin.py:188} INFO - [2025-07-13T23:08:53.414+0300] {dag.py:3954} INFO - Setting next_dagrun for example_branch_dop_operator_v3 to 2025-07-13 20:07:00+00:00, run_after=2025-07-13 20:08:00+00:00
[2025-07-13T23:08:53.472+0300] {processor.py:183} INFO - Processing /home/wal/.pyenv/versions/3.12.0/lib/python3.12/site-packages/airflow/example_dags/example_branch_python_dop_operator_3.py took 0.327 seconds
[2025-07-13T23:10:00.268+0300] {processor.py:161} INFO - Started process (PID=4996) to work on /home/wal/.pyenv/versions/3.12.0/lib/python3.12/site-packages/airflow/example_dags/example_branch_python_dop_operator_3.py
[2025-07-13T23:10:00.271+0300] {processor.py:830} INFO - Processing file /home/wal/.pyenv/versions/3.12.0/lib/python3.12/site-packages/airflow/example_dags/example_branch_python_dop_operator_3.py for tasks to queue
[2025-07-13T23:10:00.275+0300] {logging_mixin.py:188} INFO - [2025-07-13T23:10:00.274+0300] {dagbag.py:545} INFO - Filling up the DagBag from /home/wal/.pyenv/versions/3.12.0/lib/python3.12/site-packages/airflow/example_dags/example_branch_python_dop_operator_3.py
[2025-07-13T23:10:00.296+0300] {processor.py:840} INFO - DAG(s) 'example_branch_dop_operator_v3' retrieved from /home/wal/.pyenv/versions/3.12.0/lib/python3.12/site-packages/airflow/example_dags/example_branch_python_dop_operator_3.py
[2025-07-13T23:10:00.340+0300] {logging_mixin.py:188} INFO - [2025-07-13T23:10:00.339+0300] {dag.py:3096} INFO - Sync 1 DAGs
[2025-07-13T23:10:00.393+0300] {logging_mixin.py:188} INFO - [2025-07-13T23:10:00.393+0300] {dag.py:3954} INFO - Setting next_dagrun for example_branch_dop_operator_v3 to 2025-07-13 20:09:00+00:00, run_after=2025-07-13 20:10:00+00:00
[2025-07-13T23:10:00.435+0300] {processor.py:183} INFO - Processing /home/wal/.pyenv/versions/3.12.0/lib/python3.12/site-packages/airflow/example_dags/example_branch_python_dop_operator_3.py took 0.184 seconds
[2025-07-13T23:11:00.502+0300] {processor.py:161} INFO - Started process (PID=5051) to work on /home/wal/.pyenv/versions/3.12.0/lib/python3.12/site-packages/airflow/example_dags/example_branch_python_dop_operator_3.py
[2025-07-13T23:11:00.505+0300] {processor.py:830} INFO - Processing file /home/wal/.pyenv/versions/3.12.0/lib/python3.12/site-packages/airflow/example_dags/example_branch_python_dop_operator_3.py for tasks to queue
[2025-07-13T23:11:00.522+0300] {logging_mixin.py:188} INFO - [2025-07-13T23:11:00.519+0300] {dagbag.py:545} INFO - Filling up the DagBag from /home/wal/.pyenv/versions/3.12.0/lib/python3.12/site-packages/airflow/example_dags/example_branch_python_dop_operator_3.py
[2025-07-13T23:11:00.575+0300] {processor.py:840} INFO - DAG(s) 'example_branch_dop_operator_v3' retrieved from /home/wal/.pyenv/versions/3.12.0/lib/python3.12/site-packages/airflow/example_dags/example_branch_python_dop_operator_3.py
[2025-07-13T23:11:00.737+0300] {logging_mixin.py:188} INFO - [2025-07-13T23:11:00.736+0300] {dag.py:3096} INFO - Sync 1 DAGs
[2025-07-13T23:11:01.097+0300] {logging_mixin.py:188} INFO - [2025-07-13T23:11:01.095+0300] {dag.py:3954} INFO - Setting next_dagrun for example_branch_dop_operator_v3 to 2025-07-13 20:10:00+00:00, run_after=2025-07-13 20:11:00+00:00
[2025-07-13T23:11:01.353+0300] {processor.py:183} INFO - Processing /home/wal/.pyenv/versions/3.12.0/lib/python3.12/site-packages/airflow/example_dags/example_branch_python_dop_operator_3.py took 0.889 seconds
[2025-07-13T23:12:22.772+0300] {processor.py:161} INFO - Started process (PID=5123) to work on /home/wal/.pyenv/versions/3.12.0/lib/python3.12/site-packages/airflow/example_dags/example_branch_python_dop_operator_3.py
[2025-07-13T23:12:22.775+0300] {processor.py:830} INFO - Processing file /home/wal/.pyenv/versions/3.12.0/lib/python3.12/site-packages/airflow/example_dags/example_branch_python_dop_operator_3.py for tasks to queue
[2025-07-13T23:12:22.779+0300] {logging_mixin.py:188} INFO - [2025-07-13T23:12:22.778+0300] {dagbag.py:545} INFO - Filling up the DagBag from /home/wal/.pyenv/versions/3.12.0/lib/python3.12/site-packages/airflow/example_dags/example_branch_python_dop_operator_3.py
[2025-07-13T23:12:22.813+0300] {processor.py:840} INFO - DAG(s) 'example_branch_dop_operator_v3' retrieved from /home/wal/.pyenv/versions/3.12.0/lib/python3.12/site-packages/airflow/example_dags/example_branch_python_dop_operator_3.py
[2025-07-13T23:12:22.871+0300] {logging_mixin.py:188} INFO - [2025-07-13T23:12:22.870+0300] {dag.py:3096} INFO - Sync 1 DAGs
[2025-07-13T23:12:22.956+0300] {logging_mixin.py:188} INFO - [2025-07-13T23:12:22.956+0300] {dag.py:3954} INFO - Setting next_dagrun for example_branch_dop_operator_v3 to 2025-07-13 20:11:00+00:00, run_after=2025-07-13 20:12:00+00:00
[2025-07-13T23:12:23.067+0300] {processor.py:183} INFO - Processing /home/wal/.pyenv/versions/3.12.0/lib/python3.12/site-packages/airflow/example_dags/example_branch_python_dop_operator_3.py took 0.311 seconds
[2025-07-13T23:13:29.212+0300] {processor.py:161} INFO - Started process (PID=5185) to work on /home/wal/.pyenv/versions/3.12.0/lib/python3.12/site-packages/airflow/example_dags/example_branch_python_dop_operator_3.py
[2025-07-13T23:13:29.218+0300] {processor.py:830} INFO - Processing file /home/wal/.pyenv/versions/3.12.0/lib/python3.12/site-packages/airflow/example_dags/example_branch_python_dop_operator_3.py for tasks to queue
[2025-07-13T23:13:29.220+0300] {logging_mixin.py:188} INFO - [2025-07-13T23:13:29.220+0300] {dagbag.py:545} INFO - Filling up the DagBag from /home/wal/.pyenv/versions/3.12.0/lib/python3.12/site-packages/airflow/example_dags/example_branch_python_dop_operator_3.py
[2025-07-13T23:13:29.235+0300] {processor.py:840} INFO - DAG(s) 'example_branch_dop_operator_v3' retrieved from /home/wal/.pyenv/versions/3.12.0/lib/python3.12/site-packages/airflow/example_dags/example_branch_python_dop_operator_3.py
[2025-07-13T23:13:29.265+0300] {logging_mixin.py:188} INFO - [2025-07-13T23:13:29.264+0300] {dag.py:3096} INFO - Sync 1 DAGs
[2025-07-13T23:13:29.316+0300] {logging_mixin.py:188} INFO - [2025-07-13T23:13:29.316+0300] {dag.py:3954} INFO - Setting next_dagrun for example_branch_dop_operator_v3 to 2025-07-13 20:12:00+00:00, run_after=2025-07-13 20:13:00+00:00
[2025-07-13T23:13:29.361+0300] {processor.py:183} INFO - Processing /home/wal/.pyenv/versions/3.12.0/lib/python3.12/site-packages/airflow/example_dags/example_branch_python_dop_operator_3.py took 0.160 seconds
[2025-07-13T23:14:33.695+0300] {processor.py:161} INFO - Started process (PID=5254) to work on /home/wal/.pyenv/versions/3.12.0/lib/python3.12/site-packages/airflow/example_dags/example_branch_python_dop_operator_3.py
[2025-07-13T23:14:33.697+0300] {processor.py:830} INFO - Processing file /home/wal/.pyenv/versions/3.12.0/lib/python3.12/site-packages/airflow/example_dags/example_branch_python_dop_operator_3.py for tasks to queue
[2025-07-13T23:14:33.699+0300] {logging_mixin.py:188} INFO - [2025-07-13T23:14:33.698+0300] {dagbag.py:545} INFO - Filling up the DagBag from /home/wal/.pyenv/versions/3.12.0/lib/python3.12/site-packages/airflow/example_dags/example_branch_python_dop_operator_3.py
[2025-07-13T23:14:33.710+0300] {processor.py:840} INFO - DAG(s) 'example_branch_dop_operator_v3' retrieved from /home/wal/.pyenv/versions/3.12.0/lib/python3.12/site-packages/airflow/example_dags/example_branch_python_dop_operator_3.py
[2025-07-13T23:14:33.729+0300] {logging_mixin.py:188} INFO - [2025-07-13T23:14:33.729+0300] {dag.py:3096} INFO - Sync 1 DAGs
[2025-07-13T23:14:33.759+0300] {logging_mixin.py:188} INFO - [2025-07-13T23:14:33.759+0300] {dag.py:3954} INFO - Setting next_dagrun for example_branch_dop_operator_v3 to 2025-07-13 20:13:00+00:00, run_after=2025-07-13 20:14:00+00:00
[2025-07-13T23:14:33.788+0300] {processor.py:183} INFO - Processing /home/wal/.pyenv/versions/3.12.0/lib/python3.12/site-packages/airflow/example_dags/example_branch_python_dop_operator_3.py took 0.102 seconds
[2025-07-13T23:15:46.900+0300] {processor.py:161} INFO - Started process (PID=5329) to work on /home/wal/.pyenv/versions/3.12.0/lib/python3.12/site-packages/airflow/example_dags/example_branch_python_dop_operator_3.py
[2025-07-13T23:15:46.903+0300] {processor.py:830} INFO - Processing file /home/wal/.pyenv/versions/3.12.0/lib/python3.12/site-packages/airflow/example_dags/example_branch_python_dop_operator_3.py for tasks to queue
[2025-07-13T23:15:46.906+0300] {logging_mixin.py:188} INFO - [2025-07-13T23:15:46.906+0300] {dagbag.py:545} INFO - Filling up the DagBag from /home/wal/.pyenv/versions/3.12.0/lib/python3.12/site-packages/airflow/example_dags/example_branch_python_dop_operator_3.py
[2025-07-13T23:15:46.924+0300] {processor.py:840} INFO - DAG(s) 'example_branch_dop_operator_v3' retrieved from /home/wal/.pyenv/versions/3.12.0/lib/python3.12/site-packages/airflow/example_dags/example_branch_python_dop_operator_3.py
[2025-07-13T23:15:46.950+0300] {logging_mixin.py:188} INFO - [2025-07-13T23:15:46.949+0300] {dag.py:3096} INFO - Sync 1 DAGs
[2025-07-13T23:15:46.987+0300] {logging_mixin.py:188} INFO - [2025-07-13T23:15:46.987+0300] {dag.py:3954} INFO - Setting next_dagrun for example_branch_dop_operator_v3 to 2025-07-13 20:14:00+00:00, run_after=2025-07-13 20:15:00+00:00
[2025-07-13T23:15:47.030+0300] {processor.py:183} INFO - Processing /home/wal/.pyenv/versions/3.12.0/lib/python3.12/site-packages/airflow/example_dags/example_branch_python_dop_operator_3.py took 0.143 seconds
[2025-07-13T23:16:49.457+0300] {processor.py:161} INFO - Started process (PID=5381) to work on /home/wal/.pyenv/versions/3.12.0/lib/python3.12/site-packages/airflow/example_dags/example_branch_python_dop_operator_3.py
[2025-07-13T23:16:49.459+0300] {processor.py:830} INFO - Processing file /home/wal/.pyenv/versions/3.12.0/lib/python3.12/site-packages/airflow/example_dags/example_branch_python_dop_operator_3.py for tasks to queue
[2025-07-13T23:16:49.462+0300] {logging_mixin.py:188} INFO - [2025-07-13T23:16:49.461+0300] {dagbag.py:545} INFO - Filling up the DagBag from /home/wal/.pyenv/versions/3.12.0/lib/python3.12/site-packages/airflow/example_dags/example_branch_python_dop_operator_3.py
[2025-07-13T23:16:49.481+0300] {processor.py:840} INFO - DAG(s) 'example_branch_dop_operator_v3' retrieved from /home/wal/.pyenv/versions/3.12.0/lib/python3.12/site-packages/airflow/example_dags/example_branch_python_dop_operator_3.py
[2025-07-13T23:16:49.508+0300] {logging_mixin.py:188} INFO - [2025-07-13T23:16:49.508+0300] {dag.py:3096} INFO - Sync 1 DAGs
[2025-07-13T23:16:49.551+0300] {logging_mixin.py:188} INFO - [2025-07-13T23:16:49.551+0300] {dag.py:3954} INFO - Setting next_dagrun for example_branch_dop_operator_v3 to 2025-07-13 20:15:00+00:00, run_after=2025-07-13 20:16:00+00:00
[2025-07-13T23:16:49.595+0300] {processor.py:183} INFO - Processing /home/wal/.pyenv/versions/3.12.0/lib/python3.12/site-packages/airflow/example_dags/example_branch_python_dop_operator_3.py took 0.148 seconds
[2025-07-13T23:18:04.228+0300] {processor.py:161} INFO - Started process (PID=5443) to work on /home/wal/.pyenv/versions/3.12.0/lib/python3.12/site-packages/airflow/example_dags/example_branch_python_dop_operator_3.py
[2025-07-13T23:18:04.236+0300] {processor.py:830} INFO - Processing file /home/wal/.pyenv/versions/3.12.0/lib/python3.12/site-packages/airflow/example_dags/example_branch_python_dop_operator_3.py for tasks to queue
[2025-07-13T23:18:04.240+0300] {logging_mixin.py:188} INFO - [2025-07-13T23:18:04.239+0300] {dagbag.py:545} INFO - Filling up the DagBag from /home/wal/.pyenv/versions/3.12.0/lib/python3.12/site-packages/airflow/example_dags/example_branch_python_dop_operator_3.py
[2025-07-13T23:18:04.258+0300] {processor.py:840} INFO - DAG(s) 'example_branch_dop_operator_v3' retrieved from /home/wal/.pyenv/versions/3.12.0/lib/python3.12/site-packages/airflow/example_dags/example_branch_python_dop_operator_3.py
[2025-07-13T23:18:04.292+0300] {logging_mixin.py:188} INFO - [2025-07-13T23:18:04.292+0300] {dag.py:3096} INFO - Sync 1 DAGs
[2025-07-13T23:18:04.341+0300] {logging_mixin.py:188} INFO - [2025-07-13T23:18:04.340+0300] {dag.py:3954} INFO - Setting next_dagrun for example_branch_dop_operator_v3 to 2025-07-13 20:17:00+00:00, run_after=2025-07-13 20:18:00+00:00
[2025-07-13T23:18:04.380+0300] {processor.py:183} INFO - Processing /home/wal/.pyenv/versions/3.12.0/lib/python3.12/site-packages/airflow/example_dags/example_branch_python_dop_operator_3.py took 0.162 seconds
[2025-07-13T23:19:13.200+0300] {processor.py:161} INFO - Started process (PID=5499) to work on /home/wal/.pyenv/versions/3.12.0/lib/python3.12/site-packages/airflow/example_dags/example_branch_python_dop_operator_3.py
[2025-07-13T23:19:13.209+0300] {processor.py:830} INFO - Processing file /home/wal/.pyenv/versions/3.12.0/lib/python3.12/site-packages/airflow/example_dags/example_branch_python_dop_operator_3.py for tasks to queue
[2025-07-13T23:19:13.217+0300] {logging_mixin.py:188} INFO - [2025-07-13T23:19:13.215+0300] {dagbag.py:545} INFO - Filling up the DagBag from /home/wal/.pyenv/versions/3.12.0/lib/python3.12/site-packages/airflow/example_dags/example_branch_python_dop_operator_3.py
[2025-07-13T23:19:13.244+0300] {processor.py:840} INFO - DAG(s) 'example_branch_dop_operator_v3' retrieved from /home/wal/.pyenv/versions/3.12.0/lib/python3.12/site-packages/airflow/example_dags/example_branch_python_dop_operator_3.py
[2025-07-13T23:19:13.310+0300] {logging_mixin.py:188} INFO - [2025-07-13T23:19:13.309+0300] {dag.py:3096} INFO - Sync 1 DAGs
[2025-07-13T23:19:13.449+0300] {logging_mixin.py:188} INFO - [2025-07-13T23:19:13.448+0300] {dag.py:3954} INFO - Setting next_dagrun for example_branch_dop_operator_v3 to 2025-07-13 20:18:00+00:00, run_after=2025-07-13 20:19:00+00:00
[2025-07-13T23:19:13.538+0300] {processor.py:183} INFO - Processing /home/wal/.pyenv/versions/3.12.0/lib/python3.12/site-packages/airflow/example_dags/example_branch_python_dop_operator_3.py took 0.377 seconds
[2025-07-13T23:20:14.613+0300] {processor.py:161} INFO - Started process (PID=5553) to work on /home/wal/.pyenv/versions/3.12.0/lib/python3.12/site-packages/airflow/example_dags/example_branch_python_dop_operator_3.py
[2025-07-13T23:20:14.615+0300] {processor.py:830} INFO - Processing file /home/wal/.pyenv/versions/3.12.0/lib/python3.12/site-packages/airflow/example_dags/example_branch_python_dop_operator_3.py for tasks to queue
[2025-07-13T23:20:14.617+0300] {logging_mixin.py:188} INFO - [2025-07-13T23:20:14.617+0300] {dagbag.py:545} INFO - Filling up the DagBag from /home/wal/.pyenv/versions/3.12.0/lib/python3.12/site-packages/airflow/example_dags/example_branch_python_dop_operator_3.py
[2025-07-13T23:20:14.631+0300] {processor.py:840} INFO - DAG(s) 'example_branch_dop_operator_v3' retrieved from /home/wal/.pyenv/versions/3.12.0/lib/python3.12/site-packages/airflow/example_dags/example_branch_python_dop_operator_3.py
[2025-07-13T23:20:14.654+0300] {logging_mixin.py:188} INFO - [2025-07-13T23:20:14.653+0300] {dag.py:3096} INFO - Sync 1 DAGs
[2025-07-13T23:20:14.686+0300] {logging_mixin.py:188} INFO - [2025-07-13T23:20:14.685+0300] {dag.py:3954} INFO - Setting next_dagrun for example_branch_dop_operator_v3 to 2025-07-13 20:19:00+00:00, run_after=2025-07-13 20:20:00+00:00
[2025-07-13T23:20:14.723+0300] {processor.py:183} INFO - Processing /home/wal/.pyenv/versions/3.12.0/lib/python3.12/site-packages/airflow/example_dags/example_branch_python_dop_operator_3.py took 0.118 seconds
[2025-07-13T23:21:16.864+0300] {processor.py:161} INFO - Started process (PID=5607) to work on /home/wal/.pyenv/versions/3.12.0/lib/python3.12/site-packages/airflow/example_dags/example_branch_python_dop_operator_3.py
[2025-07-13T23:21:16.868+0300] {processor.py:830} INFO - Processing file /home/wal/.pyenv/versions/3.12.0/lib/python3.12/site-packages/airflow/example_dags/example_branch_python_dop_operator_3.py for tasks to queue
[2025-07-13T23:21:16.880+0300] {logging_mixin.py:188} INFO - [2025-07-13T23:21:16.874+0300] {dagbag.py:545} INFO - Filling up the DagBag from /home/wal/.pyenv/versions/3.12.0/lib/python3.12/site-packages/airflow/example_dags/example_branch_python_dop_operator_3.py
[2025-07-13T23:21:16.934+0300] {processor.py:840} INFO - DAG(s) 'example_branch_dop_operator_v3' retrieved from /home/wal/.pyenv/versions/3.12.0/lib/python3.12/site-packages/airflow/example_dags/example_branch_python_dop_operator_3.py
[2025-07-13T23:21:17.047+0300] {logging_mixin.py:188} INFO - [2025-07-13T23:21:17.046+0300] {dag.py:3096} INFO - Sync 1 DAGs
[2025-07-13T23:21:17.180+0300] {logging_mixin.py:188} INFO - [2025-07-13T23:21:17.179+0300] {dag.py:3954} INFO - Setting next_dagrun for example_branch_dop_operator_v3 to 2025-07-13 20:20:00+00:00, run_after=2025-07-13 20:21:00+00:00
[2025-07-13T23:21:17.305+0300] {processor.py:183} INFO - Processing /home/wal/.pyenv/versions/3.12.0/lib/python3.12/site-packages/airflow/example_dags/example_branch_python_dop_operator_3.py took 0.487 seconds
[2025-07-13T23:22:26.111+0300] {processor.py:161} INFO - Started process (PID=5662) to work on /home/wal/.pyenv/versions/3.12.0/lib/python3.12/site-packages/airflow/example_dags/example_branch_python_dop_operator_3.py
[2025-07-13T23:22:26.114+0300] {processor.py:830} INFO - Processing file /home/wal/.pyenv/versions/3.12.0/lib/python3.12/site-packages/airflow/example_dags/example_branch_python_dop_operator_3.py for tasks to queue
[2025-07-13T23:22:26.119+0300] {logging_mixin.py:188} INFO - [2025-07-13T23:22:26.118+0300] {dagbag.py:545} INFO - Filling up the DagBag from /home/wal/.pyenv/versions/3.12.0/lib/python3.12/site-packages/airflow/example_dags/example_branch_python_dop_operator_3.py
[2025-07-13T23:22:26.140+0300] {processor.py:840} INFO - DAG(s) 'example_branch_dop_operator_v3' retrieved from /home/wal/.pyenv/versions/3.12.0/lib/python3.12/site-packages/airflow/example_dags/example_branch_python_dop_operator_3.py
[2025-07-13T23:22:26.174+0300] {logging_mixin.py:188} INFO - [2025-07-13T23:22:26.174+0300] {dag.py:3096} INFO - Sync 1 DAGs
[2025-07-13T23:22:26.230+0300] {logging_mixin.py:188} INFO - [2025-07-13T23:22:26.229+0300] {dag.py:3954} INFO - Setting next_dagrun for example_branch_dop_operator_v3 to 2025-07-13 20:21:00+00:00, run_after=2025-07-13 20:22:00+00:00
[2025-07-13T23:22:26.272+0300] {processor.py:183} INFO - Processing /home/wal/.pyenv/versions/3.12.0/lib/python3.12/site-packages/airflow/example_dags/example_branch_python_dop_operator_3.py took 0.172 seconds
[2025-07-13T23:23:38.608+0300] {processor.py:161} INFO - Started process (PID=5721) to work on /home/wal/.pyenv/versions/3.12.0/lib/python3.12/site-packages/airflow/example_dags/example_branch_python_dop_operator_3.py
[2025-07-13T23:23:38.614+0300] {processor.py:830} INFO - Processing file /home/wal/.pyenv/versions/3.12.0/lib/python3.12/site-packages/airflow/example_dags/example_branch_python_dop_operator_3.py for tasks to queue
[2025-07-13T23:23:38.619+0300] {logging_mixin.py:188} INFO - [2025-07-13T23:23:38.618+0300] {dagbag.py:545} INFO - Filling up the DagBag from /home/wal/.pyenv/versions/3.12.0/lib/python3.12/site-packages/airflow/example_dags/example_branch_python_dop_operator_3.py
[2025-07-13T23:23:38.638+0300] {processor.py:840} INFO - DAG(s) 'example_branch_dop_operator_v3' retrieved from /home/wal/.pyenv/versions/3.12.0/lib/python3.12/site-packages/airflow/example_dags/example_branch_python_dop_operator_3.py
[2025-07-13T23:23:38.665+0300] {logging_mixin.py:188} INFO - [2025-07-13T23:23:38.664+0300] {dag.py:3096} INFO - Sync 1 DAGs
[2025-07-13T23:23:38.714+0300] {logging_mixin.py:188} INFO - [2025-07-13T23:23:38.712+0300] {dag.py:3954} INFO - Setting next_dagrun for example_branch_dop_operator_v3 to 2025-07-13 20:22:00+00:00, run_after=2025-07-13 20:23:00+00:00
[2025-07-13T23:23:38.757+0300] {processor.py:183} INFO - Processing /home/wal/.pyenv/versions/3.12.0/lib/python3.12/site-packages/airflow/example_dags/example_branch_python_dop_operator_3.py took 0.164 seconds
[2025-07-13T23:25:32.015+0300] {processor.py:161} INFO - Started process (PID=5789) to work on /home/wal/.pyenv/versions/3.12.0/lib/python3.12/site-packages/airflow/example_dags/example_branch_python_dop_operator_3.py
[2025-07-13T23:25:32.030+0300] {processor.py:830} INFO - Processing file /home/wal/.pyenv/versions/3.12.0/lib/python3.12/site-packages/airflow/example_dags/example_branch_python_dop_operator_3.py for tasks to queue
[2025-07-13T23:25:32.050+0300] {logging_mixin.py:188} INFO - [2025-07-13T23:25:32.048+0300] {dagbag.py:545} INFO - Filling up the DagBag from /home/wal/.pyenv/versions/3.12.0/lib/python3.12/site-packages/airflow/example_dags/example_branch_python_dop_operator_3.py
[2025-07-13T23:25:32.138+0300] {processor.py:840} INFO - DAG(s) 'example_branch_dop_operator_v3' retrieved from /home/wal/.pyenv/versions/3.12.0/lib/python3.12/site-packages/airflow/example_dags/example_branch_python_dop_operator_3.py
[2025-07-13T23:25:32.271+0300] {logging_mixin.py:188} INFO - [2025-07-13T23:25:32.270+0300] {dag.py:3096} INFO - Sync 1 DAGs
[2025-07-13T23:25:32.478+0300] {logging_mixin.py:188} INFO - [2025-07-13T23:25:32.477+0300] {dag.py:3954} INFO - Setting next_dagrun for example_branch_dop_operator_v3 to 2025-07-13 20:24:00+00:00, run_after=2025-07-13 20:25:00+00:00
[2025-07-13T23:25:32.625+0300] {processor.py:183} INFO - Processing /home/wal/.pyenv/versions/3.12.0/lib/python3.12/site-packages/airflow/example_dags/example_branch_python_dop_operator_3.py took 0.657 seconds
[2025-07-13T23:26:56.708+0300] {processor.py:161} INFO - Started process (PID=5856) to work on /home/wal/.pyenv/versions/3.12.0/lib/python3.12/site-packages/airflow/example_dags/example_branch_python_dop_operator_3.py
[2025-07-13T23:26:56.711+0300] {processor.py:830} INFO - Processing file /home/wal/.pyenv/versions/3.12.0/lib/python3.12/site-packages/airflow/example_dags/example_branch_python_dop_operator_3.py for tasks to queue
[2025-07-13T23:26:56.717+0300] {logging_mixin.py:188} INFO - [2025-07-13T23:26:56.716+0300] {dagbag.py:545} INFO - Filling up the DagBag from /home/wal/.pyenv/versions/3.12.0/lib/python3.12/site-packages/airflow/example_dags/example_branch_python_dop_operator_3.py
[2025-07-13T23:26:56.733+0300] {processor.py:840} INFO - DAG(s) 'example_branch_dop_operator_v3' retrieved from /home/wal/.pyenv/versions/3.12.0/lib/python3.12/site-packages/airflow/example_dags/example_branch_python_dop_operator_3.py
[2025-07-13T23:26:56.758+0300] {logging_mixin.py:188} INFO - [2025-07-13T23:26:56.757+0300] {dag.py:3096} INFO - Sync 1 DAGs
[2025-07-13T23:26:56.799+0300] {logging_mixin.py:188} INFO - [2025-07-13T23:26:56.798+0300] {dag.py:3954} INFO - Setting next_dagrun for example_branch_dop_operator_v3 to 2025-07-13 20:25:00+00:00, run_after=2025-07-13 20:26:00+00:00
[2025-07-13T23:26:56.834+0300] {processor.py:183} INFO - Processing /home/wal/.pyenv/versions/3.12.0/lib/python3.12/site-packages/airflow/example_dags/example_branch_python_dop_operator_3.py took 0.133 seconds
[2025-07-13T23:28:07.606+0300] {processor.py:161} INFO - Started process (PID=5912) to work on /home/wal/.pyenv/versions/3.12.0/lib/python3.12/site-packages/airflow/example_dags/example_branch_python_dop_operator_3.py
[2025-07-13T23:28:07.614+0300] {processor.py:830} INFO - Processing file /home/wal/.pyenv/versions/3.12.0/lib/python3.12/site-packages/airflow/example_dags/example_branch_python_dop_operator_3.py for tasks to queue
[2025-07-13T23:28:07.618+0300] {logging_mixin.py:188} INFO - [2025-07-13T23:28:07.617+0300] {dagbag.py:545} INFO - Filling up the DagBag from /home/wal/.pyenv/versions/3.12.0/lib/python3.12/site-packages/airflow/example_dags/example_branch_python_dop_operator_3.py
[2025-07-13T23:28:07.650+0300] {processor.py:840} INFO - DAG(s) 'example_branch_dop_operator_v3' retrieved from /home/wal/.pyenv/versions/3.12.0/lib/python3.12/site-packages/airflow/example_dags/example_branch_python_dop_operator_3.py
[2025-07-13T23:28:07.704+0300] {logging_mixin.py:188} INFO - [2025-07-13T23:28:07.704+0300] {dag.py:3096} INFO - Sync 1 DAGs
[2025-07-13T23:28:07.892+0300] {logging_mixin.py:188} INFO - [2025-07-13T23:28:07.891+0300] {dag.py:3954} INFO - Setting next_dagrun for example_branch_dop_operator_v3 to 2025-07-13 20:27:00+00:00, run_after=2025-07-13 20:28:00+00:00
[2025-07-13T23:28:07.928+0300] {processor.py:183} INFO - Processing /home/wal/.pyenv/versions/3.12.0/lib/python3.12/site-packages/airflow/example_dags/example_branch_python_dop_operator_3.py took 0.337 seconds
[2025-07-13T23:29:17.288+0300] {processor.py:161} INFO - Started process (PID=5971) to work on /home/wal/.pyenv/versions/3.12.0/lib/python3.12/site-packages/airflow/example_dags/example_branch_python_dop_operator_3.py
[2025-07-13T23:29:17.295+0300] {processor.py:830} INFO - Processing file /home/wal/.pyenv/versions/3.12.0/lib/python3.12/site-packages/airflow/example_dags/example_branch_python_dop_operator_3.py for tasks to queue
[2025-07-13T23:29:17.296+0300] {logging_mixin.py:188} INFO - [2025-07-13T23:29:17.296+0300] {dagbag.py:545} INFO - Filling up the DagBag from /home/wal/.pyenv/versions/3.12.0/lib/python3.12/site-packages/airflow/example_dags/example_branch_python_dop_operator_3.py
[2025-07-13T23:29:17.311+0300] {processor.py:840} INFO - DAG(s) 'example_branch_dop_operator_v3' retrieved from /home/wal/.pyenv/versions/3.12.0/lib/python3.12/site-packages/airflow/example_dags/example_branch_python_dop_operator_3.py
[2025-07-13T23:29:17.338+0300] {logging_mixin.py:188} INFO - [2025-07-13T23:29:17.337+0300] {dag.py:3096} INFO - Sync 1 DAGs
[2025-07-13T23:29:17.378+0300] {logging_mixin.py:188} INFO - [2025-07-13T23:29:17.378+0300] {dag.py:3954} INFO - Setting next_dagrun for example_branch_dop_operator_v3 to 2025-07-13 20:28:00+00:00, run_after=2025-07-13 20:29:00+00:00
[2025-07-13T23:29:17.422+0300] {processor.py:183} INFO - Processing /home/wal/.pyenv/versions/3.12.0/lib/python3.12/site-packages/airflow/example_dags/example_branch_python_dop_operator_3.py took 0.145 seconds
[2025-07-13T23:30:18.435+0300] {processor.py:161} INFO - Started process (PID=6025) to work on /home/wal/.pyenv/versions/3.12.0/lib/python3.12/site-packages/airflow/example_dags/example_branch_python_dop_operator_3.py
[2025-07-13T23:30:18.437+0300] {processor.py:830} INFO - Processing file /home/wal/.pyenv/versions/3.12.0/lib/python3.12/site-packages/airflow/example_dags/example_branch_python_dop_operator_3.py for tasks to queue
[2025-07-13T23:30:18.441+0300] {logging_mixin.py:188} INFO - [2025-07-13T23:30:18.441+0300] {dagbag.py:545} INFO - Filling up the DagBag from /home/wal/.pyenv/versions/3.12.0/lib/python3.12/site-packages/airflow/example_dags/example_branch_python_dop_operator_3.py
[2025-07-13T23:30:18.459+0300] {processor.py:840} INFO - DAG(s) 'example_branch_dop_operator_v3' retrieved from /home/wal/.pyenv/versions/3.12.0/lib/python3.12/site-packages/airflow/example_dags/example_branch_python_dop_operator_3.py
[2025-07-13T23:30:18.481+0300] {logging_mixin.py:188} INFO - [2025-07-13T23:30:18.481+0300] {dag.py:3096} INFO - Sync 1 DAGs
[2025-07-13T23:30:18.516+0300] {logging_mixin.py:188} INFO - [2025-07-13T23:30:18.515+0300] {dag.py:3954} INFO - Setting next_dagrun for example_branch_dop_operator_v3 to 2025-07-13 20:29:00+00:00, run_after=2025-07-13 20:30:00+00:00
[2025-07-13T23:30:18.555+0300] {processor.py:183} INFO - Processing /home/wal/.pyenv/versions/3.12.0/lib/python3.12/site-packages/airflow/example_dags/example_branch_python_dop_operator_3.py took 0.131 seconds
[2025-07-13T23:31:18.831+0300] {processor.py:161} INFO - Started process (PID=6077) to work on /home/wal/.pyenv/versions/3.12.0/lib/python3.12/site-packages/airflow/example_dags/example_branch_python_dop_operator_3.py
[2025-07-13T23:31:18.837+0300] {processor.py:830} INFO - Processing file /home/wal/.pyenv/versions/3.12.0/lib/python3.12/site-packages/airflow/example_dags/example_branch_python_dop_operator_3.py for tasks to queue
[2025-07-13T23:31:18.839+0300] {logging_mixin.py:188} INFO - [2025-07-13T23:31:18.839+0300] {dagbag.py:545} INFO - Filling up the DagBag from /home/wal/.pyenv/versions/3.12.0/lib/python3.12/site-packages/airflow/example_dags/example_branch_python_dop_operator_3.py
[2025-07-13T23:31:18.853+0300] {processor.py:840} INFO - DAG(s) 'example_branch_dop_operator_v3' retrieved from /home/wal/.pyenv/versions/3.12.0/lib/python3.12/site-packages/airflow/example_dags/example_branch_python_dop_operator_3.py
[2025-07-13T23:31:18.880+0300] {logging_mixin.py:188} INFO - [2025-07-13T23:31:18.879+0300] {dag.py:3096} INFO - Sync 1 DAGs
[2025-07-13T23:31:18.920+0300] {logging_mixin.py:188} INFO - [2025-07-13T23:31:18.920+0300] {dag.py:3954} INFO - Setting next_dagrun for example_branch_dop_operator_v3 to 2025-07-13 20:30:00+00:00, run_after=2025-07-13 20:31:00+00:00
[2025-07-13T23:31:18.957+0300] {processor.py:183} INFO - Processing /home/wal/.pyenv/versions/3.12.0/lib/python3.12/site-packages/airflow/example_dags/example_branch_python_dop_operator_3.py took 0.138 seconds
[2025-07-13T23:32:47.854+0300] {processor.py:161} INFO - Started process (PID=6154) to work on /home/wal/.pyenv/versions/3.12.0/lib/python3.12/site-packages/airflow/example_dags/example_branch_python_dop_operator_3.py
[2025-07-13T23:32:47.862+0300] {processor.py:830} INFO - Processing file /home/wal/.pyenv/versions/3.12.0/lib/python3.12/site-packages/airflow/example_dags/example_branch_python_dop_operator_3.py for tasks to queue
[2025-07-13T23:32:47.865+0300] {logging_mixin.py:188} INFO - [2025-07-13T23:32:47.864+0300] {dagbag.py:545} INFO - Filling up the DagBag from /home/wal/.pyenv/versions/3.12.0/lib/python3.12/site-packages/airflow/example_dags/example_branch_python_dop_operator_3.py
[2025-07-13T23:32:47.882+0300] {processor.py:840} INFO - DAG(s) 'example_branch_dop_operator_v3' retrieved from /home/wal/.pyenv/versions/3.12.0/lib/python3.12/site-packages/airflow/example_dags/example_branch_python_dop_operator_3.py
[2025-07-13T23:32:47.912+0300] {logging_mixin.py:188} INFO - [2025-07-13T23:32:47.911+0300] {dag.py:3096} INFO - Sync 1 DAGs
[2025-07-13T23:32:47.961+0300] {logging_mixin.py:188} INFO - [2025-07-13T23:32:47.960+0300] {dag.py:3954} INFO - Setting next_dagrun for example_branch_dop_operator_v3 to 2025-07-13 20:31:00+00:00, run_after=2025-07-13 20:32:00+00:00
[2025-07-13T23:32:48.011+0300] {processor.py:183} INFO - Processing /home/wal/.pyenv/versions/3.12.0/lib/python3.12/site-packages/airflow/example_dags/example_branch_python_dop_operator_3.py took 0.169 seconds
[2025-07-13T23:33:52.478+0300] {processor.py:161} INFO - Started process (PID=6209) to work on /home/wal/.pyenv/versions/3.12.0/lib/python3.12/site-packages/airflow/example_dags/example_branch_python_dop_operator_3.py
[2025-07-13T23:33:52.485+0300] {processor.py:830} INFO - Processing file /home/wal/.pyenv/versions/3.12.0/lib/python3.12/site-packages/airflow/example_dags/example_branch_python_dop_operator_3.py for tasks to queue
[2025-07-13T23:33:52.489+0300] {logging_mixin.py:188} INFO - [2025-07-13T23:33:52.488+0300] {dagbag.py:545} INFO - Filling up the DagBag from /home/wal/.pyenv/versions/3.12.0/lib/python3.12/site-packages/airflow/example_dags/example_branch_python_dop_operator_3.py
[2025-07-13T23:33:52.504+0300] {processor.py:840} INFO - DAG(s) 'example_branch_dop_operator_v3' retrieved from /home/wal/.pyenv/versions/3.12.0/lib/python3.12/site-packages/airflow/example_dags/example_branch_python_dop_operator_3.py
[2025-07-13T23:33:52.529+0300] {logging_mixin.py:188} INFO - [2025-07-13T23:33:52.529+0300] {dag.py:3096} INFO - Sync 1 DAGs
[2025-07-13T23:33:52.574+0300] {logging_mixin.py:188} INFO - [2025-07-13T23:33:52.573+0300] {dag.py:3954} INFO - Setting next_dagrun for example_branch_dop_operator_v3 to 2025-07-13 20:32:00+00:00, run_after=2025-07-13 20:33:00+00:00
[2025-07-13T23:33:52.611+0300] {processor.py:183} INFO - Processing /home/wal/.pyenv/versions/3.12.0/lib/python3.12/site-packages/airflow/example_dags/example_branch_python_dop_operator_3.py took 0.142 seconds
[2025-07-13T23:35:05.882+0300] {processor.py:161} INFO - Started process (PID=6268) to work on /home/wal/.pyenv/versions/3.12.0/lib/python3.12/site-packages/airflow/example_dags/example_branch_python_dop_operator_3.py
[2025-07-13T23:35:05.887+0300] {processor.py:830} INFO - Processing file /home/wal/.pyenv/versions/3.12.0/lib/python3.12/site-packages/airflow/example_dags/example_branch_python_dop_operator_3.py for tasks to queue
[2025-07-13T23:35:05.892+0300] {logging_mixin.py:188} INFO - [2025-07-13T23:35:05.891+0300] {dagbag.py:545} INFO - Filling up the DagBag from /home/wal/.pyenv/versions/3.12.0/lib/python3.12/site-packages/airflow/example_dags/example_branch_python_dop_operator_3.py
[2025-07-13T23:35:05.932+0300] {processor.py:840} INFO - DAG(s) 'example_branch_dop_operator_v3' retrieved from /home/wal/.pyenv/versions/3.12.0/lib/python3.12/site-packages/airflow/example_dags/example_branch_python_dop_operator_3.py
[2025-07-13T23:35:06.053+0300] {logging_mixin.py:188} INFO - [2025-07-13T23:35:06.052+0300] {dag.py:3096} INFO - Sync 1 DAGs
[2025-07-13T23:35:06.221+0300] {logging_mixin.py:188} INFO - [2025-07-13T23:35:06.220+0300] {dag.py:3954} INFO - Setting next_dagrun for example_branch_dop_operator_v3 to 2025-07-13 20:34:00+00:00, run_after=2025-07-13 20:35:00+00:00
[2025-07-13T23:35:06.364+0300] {processor.py:183} INFO - Processing /home/wal/.pyenv/versions/3.12.0/lib/python3.12/site-packages/airflow/example_dags/example_branch_python_dop_operator_3.py took 0.501 seconds
[2025-07-13T23:36:13.963+0300] {processor.py:161} INFO - Started process (PID=6327) to work on /home/wal/.pyenv/versions/3.12.0/lib/python3.12/site-packages/airflow/example_dags/example_branch_python_dop_operator_3.py
[2025-07-13T23:36:13.966+0300] {processor.py:830} INFO - Processing file /home/wal/.pyenv/versions/3.12.0/lib/python3.12/site-packages/airflow/example_dags/example_branch_python_dop_operator_3.py for tasks to queue
[2025-07-13T23:36:13.972+0300] {logging_mixin.py:188} INFO - [2025-07-13T23:36:13.971+0300] {dagbag.py:545} INFO - Filling up the DagBag from /home/wal/.pyenv/versions/3.12.0/lib/python3.12/site-packages/airflow/example_dags/example_branch_python_dop_operator_3.py
[2025-07-13T23:36:13.990+0300] {processor.py:840} INFO - DAG(s) 'example_branch_dop_operator_v3' retrieved from /home/wal/.pyenv/versions/3.12.0/lib/python3.12/site-packages/airflow/example_dags/example_branch_python_dop_operator_3.py
[2025-07-13T23:36:14.035+0300] {logging_mixin.py:188} INFO - [2025-07-13T23:36:14.034+0300] {dag.py:3096} INFO - Sync 1 DAGs
[2025-07-13T23:36:14.109+0300] {logging_mixin.py:188} INFO - [2025-07-13T23:36:14.108+0300] {dag.py:3954} INFO - Setting next_dagrun for example_branch_dop_operator_v3 to 2025-07-13 20:35:00+00:00, run_after=2025-07-13 20:36:00+00:00
[2025-07-13T23:36:14.230+0300] {processor.py:183} INFO - Processing /home/wal/.pyenv/versions/3.12.0/lib/python3.12/site-packages/airflow/example_dags/example_branch_python_dop_operator_3.py took 0.286 seconds
[2025-07-13T23:37:42.719+0300] {processor.py:161} INFO - Started process (PID=6406) to work on /home/wal/.pyenv/versions/3.12.0/lib/python3.12/site-packages/airflow/example_dags/example_branch_python_dop_operator_3.py
[2025-07-13T23:37:42.722+0300] {processor.py:830} INFO - Processing file /home/wal/.pyenv/versions/3.12.0/lib/python3.12/site-packages/airflow/example_dags/example_branch_python_dop_operator_3.py for tasks to queue
[2025-07-13T23:37:42.727+0300] {logging_mixin.py:188} INFO - [2025-07-13T23:37:42.726+0300] {dagbag.py:545} INFO - Filling up the DagBag from /home/wal/.pyenv/versions/3.12.0/lib/python3.12/site-packages/airflow/example_dags/example_branch_python_dop_operator_3.py
[2025-07-13T23:37:42.742+0300] {processor.py:840} INFO - DAG(s) 'example_branch_dop_operator_v3' retrieved from /home/wal/.pyenv/versions/3.12.0/lib/python3.12/site-packages/airflow/example_dags/example_branch_python_dop_operator_3.py
[2025-07-13T23:37:42.764+0300] {logging_mixin.py:188} INFO - [2025-07-13T23:37:42.764+0300] {dag.py:3096} INFO - Sync 1 DAGs
[2025-07-13T23:37:42.796+0300] {logging_mixin.py:188} INFO - [2025-07-13T23:37:42.796+0300] {dag.py:3954} INFO - Setting next_dagrun for example_branch_dop_operator_v3 to 2025-07-13 20:36:00+00:00, run_after=2025-07-13 20:37:00+00:00
[2025-07-13T23:37:42.833+0300] {processor.py:183} INFO - Processing /home/wal/.pyenv/versions/3.12.0/lib/python3.12/site-packages/airflow/example_dags/example_branch_python_dop_operator_3.py took 0.130 seconds
[2025-07-13T23:38:42.013+0300] {processor.py:161} INFO - Started process (PID=6458) to work on /home/wal/.pyenv/versions/3.12.0/lib/python3.12/site-packages/airflow/example_dags/example_branch_python_dop_operator_3.py
[2025-07-13T23:38:42.015+0300] {processor.py:830} INFO - Processing file /home/wal/.pyenv/versions/3.12.0/lib/python3.12/site-packages/airflow/example_dags/example_branch_python_dop_operator_3.py for tasks to queue
[2025-07-13T23:38:42.017+0300] {logging_mixin.py:188} INFO - [2025-07-13T23:38:42.017+0300] {dagbag.py:545} INFO - Filling up the DagBag from /home/wal/.pyenv/versions/3.12.0/lib/python3.12/site-packages/airflow/example_dags/example_branch_python_dop_operator_3.py
[2025-07-13T23:38:42.032+0300] {processor.py:840} INFO - DAG(s) 'example_branch_dop_operator_v3' retrieved from /home/wal/.pyenv/versions/3.12.0/lib/python3.12/site-packages/airflow/example_dags/example_branch_python_dop_operator_3.py
[2025-07-13T23:38:42.060+0300] {logging_mixin.py:188} INFO - [2025-07-13T23:38:42.060+0300] {dag.py:3096} INFO - Sync 1 DAGs
[2025-07-13T23:38:42.092+0300] {logging_mixin.py:188} INFO - [2025-07-13T23:38:42.092+0300] {dag.py:3954} INFO - Setting next_dagrun for example_branch_dop_operator_v3 to 2025-07-13 20:37:00+00:00, run_after=2025-07-13 20:38:00+00:00
[2025-07-13T23:38:42.119+0300] {processor.py:183} INFO - Processing /home/wal/.pyenv/versions/3.12.0/lib/python3.12/site-packages/airflow/example_dags/example_branch_python_dop_operator_3.py took 0.116 seconds
[2025-07-13T23:40:07.784+0300] {processor.py:161} INFO - Started process (PID=6534) to work on /home/wal/.pyenv/versions/3.12.0/lib/python3.12/site-packages/airflow/example_dags/example_branch_python_dop_operator_3.py
[2025-07-13T23:40:07.790+0300] {processor.py:830} INFO - Processing file /home/wal/.pyenv/versions/3.12.0/lib/python3.12/site-packages/airflow/example_dags/example_branch_python_dop_operator_3.py for tasks to queue
[2025-07-13T23:40:07.793+0300] {logging_mixin.py:188} INFO - [2025-07-13T23:40:07.792+0300] {dagbag.py:545} INFO - Filling up the DagBag from /home/wal/.pyenv/versions/3.12.0/lib/python3.12/site-packages/airflow/example_dags/example_branch_python_dop_operator_3.py
[2025-07-13T23:40:07.807+0300] {processor.py:840} INFO - DAG(s) 'example_branch_dop_operator_v3' retrieved from /home/wal/.pyenv/versions/3.12.0/lib/python3.12/site-packages/airflow/example_dags/example_branch_python_dop_operator_3.py
[2025-07-13T23:40:07.829+0300] {logging_mixin.py:188} INFO - [2025-07-13T23:40:07.828+0300] {dag.py:3096} INFO - Sync 1 DAGs
[2025-07-13T23:40:07.861+0300] {logging_mixin.py:188} INFO - [2025-07-13T23:40:07.861+0300] {dag.py:3954} INFO - Setting next_dagrun for example_branch_dop_operator_v3 to 2025-07-13 20:39:00+00:00, run_after=2025-07-13 20:40:00+00:00
[2025-07-13T23:40:07.896+0300] {processor.py:183} INFO - Processing /home/wal/.pyenv/versions/3.12.0/lib/python3.12/site-packages/airflow/example_dags/example_branch_python_dop_operator_3.py took 0.120 seconds
[2025-07-13T23:41:23.117+0300] {processor.py:161} INFO - Started process (PID=6607) to work on /home/wal/.pyenv/versions/3.12.0/lib/python3.12/site-packages/airflow/example_dags/example_branch_python_dop_operator_3.py
[2025-07-13T23:41:23.118+0300] {processor.py:830} INFO - Processing file /home/wal/.pyenv/versions/3.12.0/lib/python3.12/site-packages/airflow/example_dags/example_branch_python_dop_operator_3.py for tasks to queue
[2025-07-13T23:41:23.120+0300] {logging_mixin.py:188} INFO - [2025-07-13T23:41:23.120+0300] {dagbag.py:545} INFO - Filling up the DagBag from /home/wal/.pyenv/versions/3.12.0/lib/python3.12/site-packages/airflow/example_dags/example_branch_python_dop_operator_3.py
[2025-07-13T23:41:23.134+0300] {processor.py:840} INFO - DAG(s) 'example_branch_dop_operator_v3' retrieved from /home/wal/.pyenv/versions/3.12.0/lib/python3.12/site-packages/airflow/example_dags/example_branch_python_dop_operator_3.py
[2025-07-13T23:41:23.161+0300] {logging_mixin.py:188} INFO - [2025-07-13T23:41:23.160+0300] {dag.py:3096} INFO - Sync 1 DAGs
[2025-07-13T23:41:23.200+0300] {logging_mixin.py:188} INFO - [2025-07-13T23:41:23.200+0300] {dag.py:3954} INFO - Setting next_dagrun for example_branch_dop_operator_v3 to 2025-07-13 20:40:00+00:00, run_after=2025-07-13 20:41:00+00:00
[2025-07-13T23:41:23.233+0300] {processor.py:183} INFO - Processing /home/wal/.pyenv/versions/3.12.0/lib/python3.12/site-packages/airflow/example_dags/example_branch_python_dop_operator_3.py took 0.127 seconds
[2025-07-13T23:42:41.005+0300] {processor.py:161} INFO - Started process (PID=6680) to work on /home/wal/.pyenv/versions/3.12.0/lib/python3.12/site-packages/airflow/example_dags/example_branch_python_dop_operator_3.py
[2025-07-13T23:42:41.011+0300] {processor.py:830} INFO - Processing file /home/wal/.pyenv/versions/3.12.0/lib/python3.12/site-packages/airflow/example_dags/example_branch_python_dop_operator_3.py for tasks to queue
[2025-07-13T23:42:41.013+0300] {logging_mixin.py:188} INFO - [2025-07-13T23:42:41.012+0300] {dagbag.py:545} INFO - Filling up the DagBag from /home/wal/.pyenv/versions/3.12.0/lib/python3.12/site-packages/airflow/example_dags/example_branch_python_dop_operator_3.py
[2025-07-13T23:42:41.025+0300] {processor.py:840} INFO - DAG(s) 'example_branch_dop_operator_v3' retrieved from /home/wal/.pyenv/versions/3.12.0/lib/python3.12/site-packages/airflow/example_dags/example_branch_python_dop_operator_3.py
[2025-07-13T23:42:41.044+0300] {logging_mixin.py:188} INFO - [2025-07-13T23:42:41.043+0300] {dag.py:3096} INFO - Sync 1 DAGs
[2025-07-13T23:42:41.076+0300] {logging_mixin.py:188} INFO - [2025-07-13T23:42:41.076+0300] {dag.py:3954} INFO - Setting next_dagrun for example_branch_dop_operator_v3 to 2025-07-13 20:41:00+00:00, run_after=2025-07-13 20:42:00+00:00
[2025-07-13T23:42:41.109+0300] {processor.py:183} INFO - Processing /home/wal/.pyenv/versions/3.12.0/lib/python3.12/site-packages/airflow/example_dags/example_branch_python_dop_operator_3.py took 0.115 seconds
[2025-07-13T23:44:03.636+0300] {processor.py:161} INFO - Started process (PID=6754) to work on /home/wal/.pyenv/versions/3.12.0/lib/python3.12/site-packages/airflow/example_dags/example_branch_python_dop_operator_3.py
[2025-07-13T23:44:03.638+0300] {processor.py:830} INFO - Processing file /home/wal/.pyenv/versions/3.12.0/lib/python3.12/site-packages/airflow/example_dags/example_branch_python_dop_operator_3.py for tasks to queue
[2025-07-13T23:44:03.640+0300] {logging_mixin.py:188} INFO - [2025-07-13T23:44:03.640+0300] {dagbag.py:545} INFO - Filling up the DagBag from /home/wal/.pyenv/versions/3.12.0/lib/python3.12/site-packages/airflow/example_dags/example_branch_python_dop_operator_3.py
[2025-07-13T23:44:03.654+0300] {processor.py:840} INFO - DAG(s) 'example_branch_dop_operator_v3' retrieved from /home/wal/.pyenv/versions/3.12.0/lib/python3.12/site-packages/airflow/example_dags/example_branch_python_dop_operator_3.py
[2025-07-13T23:44:03.683+0300] {logging_mixin.py:188} INFO - [2025-07-13T23:44:03.682+0300] {dag.py:3096} INFO - Sync 1 DAGs
[2025-07-13T23:44:03.717+0300] {logging_mixin.py:188} INFO - [2025-07-13T23:44:03.716+0300] {dag.py:3954} INFO - Setting next_dagrun for example_branch_dop_operator_v3 to 2025-07-13 20:43:00+00:00, run_after=2025-07-13 20:44:00+00:00
[2025-07-13T23:44:03.766+0300] {processor.py:183} INFO - Processing /home/wal/.pyenv/versions/3.12.0/lib/python3.12/site-packages/airflow/example_dags/example_branch_python_dop_operator_3.py took 0.145 seconds
[2025-07-13T23:45:00.721+0300] {processor.py:161} INFO - Started process (PID=6806) to work on /home/wal/.pyenv/versions/3.12.0/lib/python3.12/site-packages/airflow/example_dags/example_branch_python_dop_operator_3.py
[2025-07-13T23:45:00.727+0300] {processor.py:830} INFO - Processing file /home/wal/.pyenv/versions/3.12.0/lib/python3.12/site-packages/airflow/example_dags/example_branch_python_dop_operator_3.py for tasks to queue
[2025-07-13T23:45:00.731+0300] {logging_mixin.py:188} INFO - [2025-07-13T23:45:00.730+0300] {dagbag.py:545} INFO - Filling up the DagBag from /home/wal/.pyenv/versions/3.12.0/lib/python3.12/site-packages/airflow/example_dags/example_branch_python_dop_operator_3.py
[2025-07-13T23:45:00.764+0300] {processor.py:840} INFO - DAG(s) 'example_branch_dop_operator_v3' retrieved from /home/wal/.pyenv/versions/3.12.0/lib/python3.12/site-packages/airflow/example_dags/example_branch_python_dop_operator_3.py
[2025-07-13T23:45:00.794+0300] {logging_mixin.py:188} INFO - [2025-07-13T23:45:00.794+0300] {dag.py:3096} INFO - Sync 1 DAGs
[2025-07-13T23:45:00.831+0300] {logging_mixin.py:188} INFO - [2025-07-13T23:45:00.831+0300] {dag.py:3954} INFO - Setting next_dagrun for example_branch_dop_operator_v3 to 2025-07-13 20:44:00+00:00, run_after=2025-07-13 20:45:00+00:00
[2025-07-13T23:45:00.868+0300] {processor.py:183} INFO - Processing /home/wal/.pyenv/versions/3.12.0/lib/python3.12/site-packages/airflow/example_dags/example_branch_python_dop_operator_3.py took 0.180 seconds
[2025-07-13T23:46:23.031+0300] {processor.py:161} INFO - Started process (PID=6883) to work on /home/wal/.pyenv/versions/3.12.0/lib/python3.12/site-packages/airflow/example_dags/example_branch_python_dop_operator_3.py
[2025-07-13T23:46:23.033+0300] {processor.py:830} INFO - Processing file /home/wal/.pyenv/versions/3.12.0/lib/python3.12/site-packages/airflow/example_dags/example_branch_python_dop_operator_3.py for tasks to queue
[2025-07-13T23:46:23.035+0300] {logging_mixin.py:188} INFO - [2025-07-13T23:46:23.034+0300] {dagbag.py:545} INFO - Filling up the DagBag from /home/wal/.pyenv/versions/3.12.0/lib/python3.12/site-packages/airflow/example_dags/example_branch_python_dop_operator_3.py
[2025-07-13T23:46:23.051+0300] {processor.py:840} INFO - DAG(s) 'example_branch_dop_operator_v3' retrieved from /home/wal/.pyenv/versions/3.12.0/lib/python3.12/site-packages/airflow/example_dags/example_branch_python_dop_operator_3.py
[2025-07-13T23:46:23.078+0300] {logging_mixin.py:188} INFO - [2025-07-13T23:46:23.077+0300] {dag.py:3096} INFO - Sync 1 DAGs
[2025-07-13T23:46:23.116+0300] {logging_mixin.py:188} INFO - [2025-07-13T23:46:23.115+0300] {dag.py:3954} INFO - Setting next_dagrun for example_branch_dop_operator_v3 to 2025-07-13 20:45:00+00:00, run_after=2025-07-13 20:46:00+00:00
[2025-07-13T23:46:23.150+0300] {processor.py:183} INFO - Processing /home/wal/.pyenv/versions/3.12.0/lib/python3.12/site-packages/airflow/example_dags/example_branch_python_dop_operator_3.py took 0.130 seconds
[2025-07-13T23:47:21.179+0300] {processor.py:161} INFO - Started process (PID=6936) to work on /home/wal/.pyenv/versions/3.12.0/lib/python3.12/site-packages/airflow/example_dags/example_branch_python_dop_operator_3.py
[2025-07-13T23:47:21.181+0300] {processor.py:830} INFO - Processing file /home/wal/.pyenv/versions/3.12.0/lib/python3.12/site-packages/airflow/example_dags/example_branch_python_dop_operator_3.py for tasks to queue
[2025-07-13T23:47:21.184+0300] {logging_mixin.py:188} INFO - [2025-07-13T23:47:21.184+0300] {dagbag.py:545} INFO - Filling up the DagBag from /home/wal/.pyenv/versions/3.12.0/lib/python3.12/site-packages/airflow/example_dags/example_branch_python_dop_operator_3.py
[2025-07-13T23:47:21.200+0300] {processor.py:840} INFO - DAG(s) 'example_branch_dop_operator_v3' retrieved from /home/wal/.pyenv/versions/3.12.0/lib/python3.12/site-packages/airflow/example_dags/example_branch_python_dop_operator_3.py
[2025-07-13T23:47:21.226+0300] {logging_mixin.py:188} INFO - [2025-07-13T23:47:21.225+0300] {dag.py:3096} INFO - Sync 1 DAGs
[2025-07-13T23:47:21.263+0300] {logging_mixin.py:188} INFO - [2025-07-13T23:47:21.263+0300] {dag.py:3954} INFO - Setting next_dagrun for example_branch_dop_operator_v3 to 2025-07-13 20:46:00+00:00, run_after=2025-07-13 20:47:00+00:00
[2025-07-13T23:47:21.298+0300] {processor.py:183} INFO - Processing /home/wal/.pyenv/versions/3.12.0/lib/python3.12/site-packages/airflow/example_dags/example_branch_python_dop_operator_3.py took 0.136 seconds
[2025-07-13T23:48:42.532+0300] {processor.py:161} INFO - Started process (PID=7010) to work on /home/wal/.pyenv/versions/3.12.0/lib/python3.12/site-packages/airflow/example_dags/example_branch_python_dop_operator_3.py
[2025-07-13T23:48:42.538+0300] {processor.py:830} INFO - Processing file /home/wal/.pyenv/versions/3.12.0/lib/python3.12/site-packages/airflow/example_dags/example_branch_python_dop_operator_3.py for tasks to queue
[2025-07-13T23:48:42.542+0300] {logging_mixin.py:188} INFO - [2025-07-13T23:48:42.541+0300] {dagbag.py:545} INFO - Filling up the DagBag from /home/wal/.pyenv/versions/3.12.0/lib/python3.12/site-packages/airflow/example_dags/example_branch_python_dop_operator_3.py
[2025-07-13T23:48:42.552+0300] {processor.py:840} INFO - DAG(s) 'example_branch_dop_operator_v3' retrieved from /home/wal/.pyenv/versions/3.12.0/lib/python3.12/site-packages/airflow/example_dags/example_branch_python_dop_operator_3.py
[2025-07-13T23:48:42.574+0300] {logging_mixin.py:188} INFO - [2025-07-13T23:48:42.573+0300] {dag.py:3096} INFO - Sync 1 DAGs
[2025-07-13T23:48:42.602+0300] {logging_mixin.py:188} INFO - [2025-07-13T23:48:42.601+0300] {dag.py:3954} INFO - Setting next_dagrun for example_branch_dop_operator_v3 to 2025-07-13 20:47:00+00:00, run_after=2025-07-13 20:48:00+00:00
[2025-07-13T23:48:42.632+0300] {processor.py:183} INFO - Processing /home/wal/.pyenv/versions/3.12.0/lib/python3.12/site-packages/airflow/example_dags/example_branch_python_dop_operator_3.py took 0.108 seconds
[2025-07-13T23:50:01.261+0300] {processor.py:161} INFO - Started process (PID=7085) to work on /home/wal/.pyenv/versions/3.12.0/lib/python3.12/site-packages/airflow/example_dags/example_branch_python_dop_operator_3.py
[2025-07-13T23:50:01.267+0300] {processor.py:830} INFO - Processing file /home/wal/.pyenv/versions/3.12.0/lib/python3.12/site-packages/airflow/example_dags/example_branch_python_dop_operator_3.py for tasks to queue
[2025-07-13T23:50:01.269+0300] {logging_mixin.py:188} INFO - [2025-07-13T23:50:01.269+0300] {dagbag.py:545} INFO - Filling up the DagBag from /home/wal/.pyenv/versions/3.12.0/lib/python3.12/site-packages/airflow/example_dags/example_branch_python_dop_operator_3.py
[2025-07-13T23:50:01.280+0300] {processor.py:840} INFO - DAG(s) 'example_branch_dop_operator_v3' retrieved from /home/wal/.pyenv/versions/3.12.0/lib/python3.12/site-packages/airflow/example_dags/example_branch_python_dop_operator_3.py
[2025-07-13T23:50:01.302+0300] {logging_mixin.py:188} INFO - [2025-07-13T23:50:01.302+0300] {dag.py:3096} INFO - Sync 1 DAGs
[2025-07-13T23:50:01.336+0300] {logging_mixin.py:188} INFO - [2025-07-13T23:50:01.336+0300] {dag.py:3954} INFO - Setting next_dagrun for example_branch_dop_operator_v3 to 2025-07-13 20:49:00+00:00, run_after=2025-07-13 20:50:00+00:00
[2025-07-13T23:50:01.370+0300] {processor.py:183} INFO - Processing /home/wal/.pyenv/versions/3.12.0/lib/python3.12/site-packages/airflow/example_dags/example_branch_python_dop_operator_3.py took 0.117 seconds
[2025-07-13T23:51:23.541+0300] {processor.py:161} INFO - Started process (PID=7158) to work on /home/wal/.pyenv/versions/3.12.0/lib/python3.12/site-packages/airflow/example_dags/example_branch_python_dop_operator_3.py
[2025-07-13T23:51:23.544+0300] {processor.py:830} INFO - Processing file /home/wal/.pyenv/versions/3.12.0/lib/python3.12/site-packages/airflow/example_dags/example_branch_python_dop_operator_3.py for tasks to queue
[2025-07-13T23:51:23.546+0300] {logging_mixin.py:188} INFO - [2025-07-13T23:51:23.545+0300] {dagbag.py:545} INFO - Filling up the DagBag from /home/wal/.pyenv/versions/3.12.0/lib/python3.12/site-packages/airflow/example_dags/example_branch_python_dop_operator_3.py
[2025-07-13T23:51:23.559+0300] {processor.py:840} INFO - DAG(s) 'example_branch_dop_operator_v3' retrieved from /home/wal/.pyenv/versions/3.12.0/lib/python3.12/site-packages/airflow/example_dags/example_branch_python_dop_operator_3.py
[2025-07-13T23:51:23.578+0300] {logging_mixin.py:188} INFO - [2025-07-13T23:51:23.577+0300] {dag.py:3096} INFO - Sync 1 DAGs
[2025-07-13T23:51:23.610+0300] {logging_mixin.py:188} INFO - [2025-07-13T23:51:23.609+0300] {dag.py:3954} INFO - Setting next_dagrun for example_branch_dop_operator_v3 to 2025-07-13 20:50:00+00:00, run_after=2025-07-13 20:51:00+00:00
[2025-07-13T23:51:23.648+0300] {processor.py:183} INFO - Processing /home/wal/.pyenv/versions/3.12.0/lib/python3.12/site-packages/airflow/example_dags/example_branch_python_dop_operator_3.py took 0.117 seconds
[2025-07-13T23:52:26.273+0300] {processor.py:161} INFO - Started process (PID=7213) to work on /home/wal/.pyenv/versions/3.12.0/lib/python3.12/site-packages/airflow/example_dags/example_branch_python_dop_operator_3.py
[2025-07-13T23:52:26.279+0300] {processor.py:830} INFO - Processing file /home/wal/.pyenv/versions/3.12.0/lib/python3.12/site-packages/airflow/example_dags/example_branch_python_dop_operator_3.py for tasks to queue
[2025-07-13T23:52:26.282+0300] {logging_mixin.py:188} INFO - [2025-07-13T23:52:26.281+0300] {dagbag.py:545} INFO - Filling up the DagBag from /home/wal/.pyenv/versions/3.12.0/lib/python3.12/site-packages/airflow/example_dags/example_branch_python_dop_operator_3.py
[2025-07-13T23:52:26.293+0300] {processor.py:840} INFO - DAG(s) 'example_branch_dop_operator_v3' retrieved from /home/wal/.pyenv/versions/3.12.0/lib/python3.12/site-packages/airflow/example_dags/example_branch_python_dop_operator_3.py
[2025-07-13T23:52:26.319+0300] {logging_mixin.py:188} INFO - [2025-07-13T23:52:26.319+0300] {dag.py:3096} INFO - Sync 1 DAGs
[2025-07-13T23:52:26.358+0300] {logging_mixin.py:188} INFO - [2025-07-13T23:52:26.357+0300] {dag.py:3954} INFO - Setting next_dagrun for example_branch_dop_operator_v3 to 2025-07-13 20:51:00+00:00, run_after=2025-07-13 20:52:00+00:00
[2025-07-13T23:52:26.387+0300] {processor.py:183} INFO - Processing /home/wal/.pyenv/versions/3.12.0/lib/python3.12/site-packages/airflow/example_dags/example_branch_python_dop_operator_3.py took 0.121 seconds
[2025-07-13T23:53:51.395+0300] {processor.py:161} INFO - Started process (PID=7290) to work on /home/wal/.pyenv/versions/3.12.0/lib/python3.12/site-packages/airflow/example_dags/example_branch_python_dop_operator_3.py
[2025-07-13T23:53:51.397+0300] {processor.py:830} INFO - Processing file /home/wal/.pyenv/versions/3.12.0/lib/python3.12/site-packages/airflow/example_dags/example_branch_python_dop_operator_3.py for tasks to queue
[2025-07-13T23:53:51.400+0300] {logging_mixin.py:188} INFO - [2025-07-13T23:53:51.399+0300] {dagbag.py:545} INFO - Filling up the DagBag from /home/wal/.pyenv/versions/3.12.0/lib/python3.12/site-packages/airflow/example_dags/example_branch_python_dop_operator_3.py
[2025-07-13T23:53:51.415+0300] {processor.py:840} INFO - DAG(s) 'example_branch_dop_operator_v3' retrieved from /home/wal/.pyenv/versions/3.12.0/lib/python3.12/site-packages/airflow/example_dags/example_branch_python_dop_operator_3.py
[2025-07-13T23:53:51.436+0300] {logging_mixin.py:188} INFO - [2025-07-13T23:53:51.436+0300] {dag.py:3096} INFO - Sync 1 DAGs
[2025-07-13T23:53:51.468+0300] {logging_mixin.py:188} INFO - [2025-07-13T23:53:51.467+0300] {dag.py:3954} INFO - Setting next_dagrun for example_branch_dop_operator_v3 to 2025-07-13 20:52:00+00:00, run_after=2025-07-13 20:53:00+00:00
[2025-07-13T23:53:51.501+0300] {processor.py:183} INFO - Processing /home/wal/.pyenv/versions/3.12.0/lib/python3.12/site-packages/airflow/example_dags/example_branch_python_dop_operator_3.py took 0.127 seconds
[2025-07-13T23:55:16.065+0300] {processor.py:161} INFO - Started process (PID=7369) to work on /home/wal/.pyenv/versions/3.12.0/lib/python3.12/site-packages/airflow/example_dags/example_branch_python_dop_operator_3.py
[2025-07-13T23:55:16.074+0300] {processor.py:830} INFO - Processing file /home/wal/.pyenv/versions/3.12.0/lib/python3.12/site-packages/airflow/example_dags/example_branch_python_dop_operator_3.py for tasks to queue
[2025-07-13T23:55:16.079+0300] {logging_mixin.py:188} INFO - [2025-07-13T23:55:16.078+0300] {dagbag.py:545} INFO - Filling up the DagBag from /home/wal/.pyenv/versions/3.12.0/lib/python3.12/site-packages/airflow/example_dags/example_branch_python_dop_operator_3.py
[2025-07-13T23:55:16.102+0300] {processor.py:840} INFO - DAG(s) 'example_branch_dop_operator_v3' retrieved from /home/wal/.pyenv/versions/3.12.0/lib/python3.12/site-packages/airflow/example_dags/example_branch_python_dop_operator_3.py
[2025-07-13T23:55:16.143+0300] {logging_mixin.py:188} INFO - [2025-07-13T23:55:16.143+0300] {dag.py:3096} INFO - Sync 1 DAGs
[2025-07-13T23:55:16.179+0300] {logging_mixin.py:188} INFO - [2025-07-13T23:55:16.178+0300] {dag.py:3954} INFO - Setting next_dagrun for example_branch_dop_operator_v3 to 2025-07-13 20:54:00+00:00, run_after=2025-07-13 20:55:00+00:00
[2025-07-13T23:55:16.218+0300] {processor.py:183} INFO - Processing /home/wal/.pyenv/versions/3.12.0/lib/python3.12/site-packages/airflow/example_dags/example_branch_python_dop_operator_3.py took 0.175 seconds
[2025-07-13T23:56:39.215+0300] {processor.py:161} INFO - Started process (PID=7444) to work on /home/wal/.pyenv/versions/3.12.0/lib/python3.12/site-packages/airflow/example_dags/example_branch_python_dop_operator_3.py
[2025-07-13T23:56:39.218+0300] {processor.py:830} INFO - Processing file /home/wal/.pyenv/versions/3.12.0/lib/python3.12/site-packages/airflow/example_dags/example_branch_python_dop_operator_3.py for tasks to queue
[2025-07-13T23:56:39.223+0300] {logging_mixin.py:188} INFO - [2025-07-13T23:56:39.222+0300] {dagbag.py:545} INFO - Filling up the DagBag from /home/wal/.pyenv/versions/3.12.0/lib/python3.12/site-packages/airflow/example_dags/example_branch_python_dop_operator_3.py
[2025-07-13T23:56:39.246+0300] {processor.py:840} INFO - DAG(s) 'example_branch_dop_operator_v3' retrieved from /home/wal/.pyenv/versions/3.12.0/lib/python3.12/site-packages/airflow/example_dags/example_branch_python_dop_operator_3.py
[2025-07-13T23:56:39.293+0300] {logging_mixin.py:188} INFO - [2025-07-13T23:56:39.291+0300] {dag.py:3096} INFO - Sync 1 DAGs
[2025-07-13T23:56:39.401+0300] {logging_mixin.py:188} INFO - [2025-07-13T23:56:39.400+0300] {dag.py:3954} INFO - Setting next_dagrun for example_branch_dop_operator_v3 to 2025-07-13 20:55:00+00:00, run_after=2025-07-13 20:56:00+00:00
[2025-07-13T23:56:39.479+0300] {processor.py:183} INFO - Processing /home/wal/.pyenv/versions/3.12.0/lib/python3.12/site-packages/airflow/example_dags/example_branch_python_dop_operator_3.py took 0.287 seconds
[2025-07-13T23:58:04.549+0300] {processor.py:161} INFO - Started process (PID=7521) to work on /home/wal/.pyenv/versions/3.12.0/lib/python3.12/site-packages/airflow/example_dags/example_branch_python_dop_operator_3.py
[2025-07-13T23:58:04.551+0300] {processor.py:830} INFO - Processing file /home/wal/.pyenv/versions/3.12.0/lib/python3.12/site-packages/airflow/example_dags/example_branch_python_dop_operator_3.py for tasks to queue
[2025-07-13T23:58:04.553+0300] {logging_mixin.py:188} INFO - [2025-07-13T23:58:04.552+0300] {dagbag.py:545} INFO - Filling up the DagBag from /home/wal/.pyenv/versions/3.12.0/lib/python3.12/site-packages/airflow/example_dags/example_branch_python_dop_operator_3.py
[2025-07-13T23:58:04.565+0300] {processor.py:840} INFO - DAG(s) 'example_branch_dop_operator_v3' retrieved from /home/wal/.pyenv/versions/3.12.0/lib/python3.12/site-packages/airflow/example_dags/example_branch_python_dop_operator_3.py
[2025-07-13T23:58:04.584+0300] {logging_mixin.py:188} INFO - [2025-07-13T23:58:04.584+0300] {dag.py:3096} INFO - Sync 1 DAGs
[2025-07-13T23:58:04.617+0300] {logging_mixin.py:188} INFO - [2025-07-13T23:58:04.617+0300] {dag.py:3954} INFO - Setting next_dagrun for example_branch_dop_operator_v3 to 2025-07-13 20:57:00+00:00, run_after=2025-07-13 20:58:00+00:00
[2025-07-13T23:58:04.652+0300] {processor.py:183} INFO - Processing /home/wal/.pyenv/versions/3.12.0/lib/python3.12/site-packages/airflow/example_dags/example_branch_python_dop_operator_3.py took 0.114 seconds
[2025-07-13T23:59:25.995+0300] {processor.py:161} INFO - Started process (PID=7600) to work on /home/wal/.pyenv/versions/3.12.0/lib/python3.12/site-packages/airflow/example_dags/example_branch_python_dop_operator_3.py
[2025-07-13T23:59:25.998+0300] {processor.py:830} INFO - Processing file /home/wal/.pyenv/versions/3.12.0/lib/python3.12/site-packages/airflow/example_dags/example_branch_python_dop_operator_3.py for tasks to queue
[2025-07-13T23:59:26.001+0300] {logging_mixin.py:188} INFO - [2025-07-13T23:59:26.000+0300] {dagbag.py:545} INFO - Filling up the DagBag from /home/wal/.pyenv/versions/3.12.0/lib/python3.12/site-packages/airflow/example_dags/example_branch_python_dop_operator_3.py
[2025-07-13T23:59:26.020+0300] {processor.py:840} INFO - DAG(s) 'example_branch_dop_operator_v3' retrieved from /home/wal/.pyenv/versions/3.12.0/lib/python3.12/site-packages/airflow/example_dags/example_branch_python_dop_operator_3.py
[2025-07-13T23:59:26.096+0300] {logging_mixin.py:188} INFO - [2025-07-13T23:59:26.095+0300] {dag.py:3096} INFO - Sync 1 DAGs
[2025-07-13T23:59:26.180+0300] {logging_mixin.py:188} INFO - [2025-07-13T23:59:26.180+0300] {dag.py:3954} INFO - Setting next_dagrun for example_branch_dop_operator_v3 to 2025-07-13 20:58:00+00:00, run_after=2025-07-13 20:59:00+00:00
[2025-07-13T23:59:26.243+0300] {processor.py:183} INFO - Processing /home/wal/.pyenv/versions/3.12.0/lib/python3.12/site-packages/airflow/example_dags/example_branch_python_dop_operator_3.py took 0.263 seconds
[2025-07-14T00:00:27.545+0300] {processor.py:161} INFO - Started process (PID=7668) to work on /home/wal/.pyenv/versions/3.12.0/lib/python3.12/site-packages/airflow/example_dags/example_branch_python_dop_operator_3.py
[2025-07-14T00:00:27.554+0300] {processor.py:830} INFO - Processing file /home/wal/.pyenv/versions/3.12.0/lib/python3.12/site-packages/airflow/example_dags/example_branch_python_dop_operator_3.py for tasks to queue
[2025-07-14T00:00:27.556+0300] {logging_mixin.py:188} INFO - [2025-07-14T00:00:27.556+0300] {dagbag.py:545} INFO - Filling up the DagBag from /home/wal/.pyenv/versions/3.12.0/lib/python3.12/site-packages/airflow/example_dags/example_branch_python_dop_operator_3.py
[2025-07-14T00:00:27.570+0300] {processor.py:840} INFO - DAG(s) 'example_branch_dop_operator_v3' retrieved from /home/wal/.pyenv/versions/3.12.0/lib/python3.12/site-packages/airflow/example_dags/example_branch_python_dop_operator_3.py
[2025-07-14T00:00:27.593+0300] {logging_mixin.py:188} INFO - [2025-07-14T00:00:27.593+0300] {dag.py:3096} INFO - Sync 1 DAGs
[2025-07-14T00:00:27.628+0300] {logging_mixin.py:188} INFO - [2025-07-14T00:00:27.627+0300] {dag.py:3954} INFO - Setting next_dagrun for example_branch_dop_operator_v3 to 2025-07-13 20:59:00+00:00, run_after=2025-07-13 21:00:00+00:00
[2025-07-14T00:00:27.718+0300] {processor.py:183} INFO - Processing /home/wal/.pyenv/versions/3.12.0/lib/python3.12/site-packages/airflow/example_dags/example_branch_python_dop_operator_3.py took 0.182 seconds
[2025-07-14T00:01:51.004+0300] {processor.py:161} INFO - Started process (PID=7743) to work on /home/wal/.pyenv/versions/3.12.0/lib/python3.12/site-packages/airflow/example_dags/example_branch_python_dop_operator_3.py
[2025-07-14T00:01:51.011+0300] {processor.py:830} INFO - Processing file /home/wal/.pyenv/versions/3.12.0/lib/python3.12/site-packages/airflow/example_dags/example_branch_python_dop_operator_3.py for tasks to queue
[2025-07-14T00:01:51.015+0300] {logging_mixin.py:188} INFO - [2025-07-14T00:01:51.014+0300] {dagbag.py:545} INFO - Filling up the DagBag from /home/wal/.pyenv/versions/3.12.0/lib/python3.12/site-packages/airflow/example_dags/example_branch_python_dop_operator_3.py
[2025-07-14T00:01:51.032+0300] {processor.py:840} INFO - DAG(s) 'example_branch_dop_operator_v3' retrieved from /home/wal/.pyenv/versions/3.12.0/lib/python3.12/site-packages/airflow/example_dags/example_branch_python_dop_operator_3.py
[2025-07-14T00:01:51.057+0300] {logging_mixin.py:188} INFO - [2025-07-14T00:01:51.057+0300] {dag.py:3096} INFO - Sync 1 DAGs
[2025-07-14T00:01:51.099+0300] {logging_mixin.py:188} INFO - [2025-07-14T00:01:51.099+0300] {dag.py:3954} INFO - Setting next_dagrun for example_branch_dop_operator_v3 to 2025-07-13 21:00:00+00:00, run_after=2025-07-13 21:01:00+00:00
[2025-07-14T00:01:51.136+0300] {processor.py:183} INFO - Processing /home/wal/.pyenv/versions/3.12.0/lib/python3.12/site-packages/airflow/example_dags/example_branch_python_dop_operator_3.py took 0.141 seconds
[2025-07-14T00:03:14.278+0300] {processor.py:161} INFO - Started process (PID=7820) to work on /home/wal/.pyenv/versions/3.12.0/lib/python3.12/site-packages/airflow/example_dags/example_branch_python_dop_operator_3.py
[2025-07-14T00:03:14.284+0300] {processor.py:830} INFO - Processing file /home/wal/.pyenv/versions/3.12.0/lib/python3.12/site-packages/airflow/example_dags/example_branch_python_dop_operator_3.py for tasks to queue
[2025-07-14T00:03:14.288+0300] {logging_mixin.py:188} INFO - [2025-07-14T00:03:14.287+0300] {dagbag.py:545} INFO - Filling up the DagBag from /home/wal/.pyenv/versions/3.12.0/lib/python3.12/site-packages/airflow/example_dags/example_branch_python_dop_operator_3.py
[2025-07-14T00:03:14.301+0300] {processor.py:840} INFO - DAG(s) 'example_branch_dop_operator_v3' retrieved from /home/wal/.pyenv/versions/3.12.0/lib/python3.12/site-packages/airflow/example_dags/example_branch_python_dop_operator_3.py
[2025-07-14T00:03:14.320+0300] {logging_mixin.py:188} INFO - [2025-07-14T00:03:14.319+0300] {dag.py:3096} INFO - Sync 1 DAGs
[2025-07-14T00:03:14.349+0300] {logging_mixin.py:188} INFO - [2025-07-14T00:03:14.349+0300] {dag.py:3954} INFO - Setting next_dagrun for example_branch_dop_operator_v3 to 2025-07-13 21:02:00+00:00, run_after=2025-07-13 21:03:00+00:00
[2025-07-14T00:03:14.374+0300] {processor.py:183} INFO - Processing /home/wal/.pyenv/versions/3.12.0/lib/python3.12/site-packages/airflow/example_dags/example_branch_python_dop_operator_3.py took 0.104 seconds
[2025-07-14T00:04:31.483+0300] {processor.py:161} INFO - Started process (PID=7892) to work on /home/wal/.pyenv/versions/3.12.0/lib/python3.12/site-packages/airflow/example_dags/example_branch_python_dop_operator_3.py
[2025-07-14T00:04:31.485+0300] {processor.py:830} INFO - Processing file /home/wal/.pyenv/versions/3.12.0/lib/python3.12/site-packages/airflow/example_dags/example_branch_python_dop_operator_3.py for tasks to queue
[2025-07-14T00:04:31.490+0300] {logging_mixin.py:188} INFO - [2025-07-14T00:04:31.489+0300] {dagbag.py:545} INFO - Filling up the DagBag from /home/wal/.pyenv/versions/3.12.0/lib/python3.12/site-packages/airflow/example_dags/example_branch_python_dop_operator_3.py
[2025-07-14T00:04:31.504+0300] {processor.py:840} INFO - DAG(s) 'example_branch_dop_operator_v3' retrieved from /home/wal/.pyenv/versions/3.12.0/lib/python3.12/site-packages/airflow/example_dags/example_branch_python_dop_operator_3.py
[2025-07-14T00:04:31.527+0300] {logging_mixin.py:188} INFO - [2025-07-14T00:04:31.527+0300] {dag.py:3096} INFO - Sync 1 DAGs
[2025-07-14T00:04:31.560+0300] {logging_mixin.py:188} INFO - [2025-07-14T00:04:31.559+0300] {dag.py:3954} INFO - Setting next_dagrun for example_branch_dop_operator_v3 to 2025-07-13 21:03:00+00:00, run_after=2025-07-13 21:04:00+00:00
[2025-07-14T00:04:31.594+0300] {processor.py:183} INFO - Processing /home/wal/.pyenv/versions/3.12.0/lib/python3.12/site-packages/airflow/example_dags/example_branch_python_dop_operator_3.py took 0.119 seconds
[2025-07-14T00:05:53.050+0300] {processor.py:161} INFO - Started process (PID=7971) to work on /home/wal/.pyenv/versions/3.12.0/lib/python3.12/site-packages/airflow/example_dags/example_branch_python_dop_operator_3.py
[2025-07-14T00:05:53.051+0300] {processor.py:830} INFO - Processing file /home/wal/.pyenv/versions/3.12.0/lib/python3.12/site-packages/airflow/example_dags/example_branch_python_dop_operator_3.py for tasks to queue
[2025-07-14T00:05:53.054+0300] {logging_mixin.py:188} INFO - [2025-07-14T00:05:53.053+0300] {dagbag.py:545} INFO - Filling up the DagBag from /home/wal/.pyenv/versions/3.12.0/lib/python3.12/site-packages/airflow/example_dags/example_branch_python_dop_operator_3.py
[2025-07-14T00:05:53.069+0300] {processor.py:840} INFO - DAG(s) 'example_branch_dop_operator_v3' retrieved from /home/wal/.pyenv/versions/3.12.0/lib/python3.12/site-packages/airflow/example_dags/example_branch_python_dop_operator_3.py
[2025-07-14T00:05:53.117+0300] {logging_mixin.py:188} INFO - [2025-07-14T00:05:53.116+0300] {dag.py:3096} INFO - Sync 1 DAGs
[2025-07-14T00:05:53.170+0300] {logging_mixin.py:188} INFO - [2025-07-14T00:05:53.170+0300] {dag.py:3954} INFO - Setting next_dagrun for example_branch_dop_operator_v3 to 2025-07-13 21:04:00+00:00, run_after=2025-07-13 21:05:00+00:00
[2025-07-14T00:05:53.205+0300] {processor.py:183} INFO - Processing /home/wal/.pyenv/versions/3.12.0/lib/python3.12/site-packages/airflow/example_dags/example_branch_python_dop_operator_3.py took 0.165 seconds
[2025-07-14T00:07:11.690+0300] {processor.py:161} INFO - Started process (PID=8044) to work on /home/wal/.pyenv/versions/3.12.0/lib/python3.12/site-packages/airflow/example_dags/example_branch_python_dop_operator_3.py
[2025-07-14T00:07:11.692+0300] {processor.py:830} INFO - Processing file /home/wal/.pyenv/versions/3.12.0/lib/python3.12/site-packages/airflow/example_dags/example_branch_python_dop_operator_3.py for tasks to queue
[2025-07-14T00:07:11.696+0300] {logging_mixin.py:188} INFO - [2025-07-14T00:07:11.696+0300] {dagbag.py:545} INFO - Filling up the DagBag from /home/wal/.pyenv/versions/3.12.0/lib/python3.12/site-packages/airflow/example_dags/example_branch_python_dop_operator_3.py
[2025-07-14T00:07:11.707+0300] {processor.py:840} INFO - DAG(s) 'example_branch_dop_operator_v3' retrieved from /home/wal/.pyenv/versions/3.12.0/lib/python3.12/site-packages/airflow/example_dags/example_branch_python_dop_operator_3.py
[2025-07-14T00:07:11.730+0300] {logging_mixin.py:188} INFO - [2025-07-14T00:07:11.729+0300] {dag.py:3096} INFO - Sync 1 DAGs
[2025-07-14T00:07:11.762+0300] {logging_mixin.py:188} INFO - [2025-07-14T00:07:11.762+0300] {dag.py:3954} INFO - Setting next_dagrun for example_branch_dop_operator_v3 to 2025-07-13 21:06:00+00:00, run_after=2025-07-13 21:07:00+00:00
[2025-07-14T00:07:11.796+0300] {processor.py:183} INFO - Processing /home/wal/.pyenv/versions/3.12.0/lib/python3.12/site-packages/airflow/example_dags/example_branch_python_dop_operator_3.py took 0.114 seconds
[2025-07-14T00:08:17.771+0300] {processor.py:161} INFO - Started process (PID=8099) to work on /home/wal/.pyenv/versions/3.12.0/lib/python3.12/site-packages/airflow/example_dags/example_branch_python_dop_operator_3.py
[2025-07-14T00:08:17.787+0300] {processor.py:830} INFO - Processing file /home/wal/.pyenv/versions/3.12.0/lib/python3.12/site-packages/airflow/example_dags/example_branch_python_dop_operator_3.py for tasks to queue
[2025-07-14T00:08:17.801+0300] {logging_mixin.py:188} INFO - [2025-07-14T00:08:17.796+0300] {dagbag.py:545} INFO - Filling up the DagBag from /home/wal/.pyenv/versions/3.12.0/lib/python3.12/site-packages/airflow/example_dags/example_branch_python_dop_operator_3.py
[2025-07-14T00:08:17.917+0300] {processor.py:840} INFO - DAG(s) 'example_branch_dop_operator_v3' retrieved from /home/wal/.pyenv/versions/3.12.0/lib/python3.12/site-packages/airflow/example_dags/example_branch_python_dop_operator_3.py
[2025-07-14T00:08:17.953+0300] {logging_mixin.py:188} INFO - [2025-07-14T00:08:17.953+0300] {dag.py:3096} INFO - Sync 1 DAGs
[2025-07-14T00:08:18.000+0300] {logging_mixin.py:188} INFO - [2025-07-14T00:08:17.999+0300] {dag.py:3954} INFO - Setting next_dagrun for example_branch_dop_operator_v3 to 2025-07-13 21:07:00+00:00, run_after=2025-07-13 21:08:00+00:00
[2025-07-14T00:08:18.064+0300] {processor.py:183} INFO - Processing /home/wal/.pyenv/versions/3.12.0/lib/python3.12/site-packages/airflow/example_dags/example_branch_python_dop_operator_3.py took 0.347 seconds
