[2025-07-13T22:56:33.474+0300] {processor.py:161} INFO - Started process (PID=4044) to work on /home/wal/.pyenv/versions/3.12.0/lib/python3.12/site-packages/airflow/example_dags/example_branch_operator.py
[2025-07-13T22:56:33.475+0300] {processor.py:830} INFO - Processing file /home/wal/.pyenv/versions/3.12.0/lib/python3.12/site-packages/airflow/example_dags/example_branch_operator.py for tasks to queue
[2025-07-13T22:56:33.478+0300] {logging_mixin.py:188} INFO - [2025-07-13T22:56:33.477+0300] {dagbag.py:545} INFO - Filling up the DagBag from /home/wal/.pyenv/versions/3.12.0/lib/python3.12/site-packages/airflow/example_dags/example_branch_operator.py
[2025-07-13T22:56:33.502+0300] {processor.py:840} INFO - DAG(s) 'example_branch_operator' retrieved from /home/wal/.pyenv/versions/3.12.0/lib/python3.12/site-packages/airflow/example_dags/example_branch_operator.py
[2025-07-13T22:56:33.634+0300] {logging_mixin.py:188} INFO - [2025-07-13T22:56:33.634+0300] {dag.py:3096} INFO - Sync 1 DAGs
[2025-07-13T22:56:33.656+0300] {logging_mixin.py:188} INFO - [2025-07-13T22:56:33.656+0300] {dag.py:3954} INFO - Setting next_dagrun for example_branch_operator to 2025-07-12 00:00:00+00:00, run_after=2025-07-13 00:00:00+00:00
[2025-07-13T22:56:33.688+0300] {processor.py:183} INFO - Processing /home/wal/.pyenv/versions/3.12.0/lib/python3.12/site-packages/airflow/example_dags/example_branch_operator.py took 0.220 seconds
[2025-07-13T22:57:28.448+0300] {processor.py:161} INFO - Started process (PID=4182) to work on /home/wal/.pyenv/versions/3.12.0/lib/python3.12/site-packages/airflow/example_dags/example_branch_operator.py
[2025-07-13T22:57:28.451+0300] {processor.py:830} INFO - Processing file /home/wal/.pyenv/versions/3.12.0/lib/python3.12/site-packages/airflow/example_dags/example_branch_operator.py for tasks to queue
[2025-07-13T22:57:28.454+0300] {logging_mixin.py:188} INFO - [2025-07-13T22:57:28.453+0300] {dagbag.py:545} INFO - Filling up the DagBag from /home/wal/.pyenv/versions/3.12.0/lib/python3.12/site-packages/airflow/example_dags/example_branch_operator.py
[2025-07-13T22:57:28.474+0300] {processor.py:840} INFO - DAG(s) 'example_branch_operator' retrieved from /home/wal/.pyenv/versions/3.12.0/lib/python3.12/site-packages/airflow/example_dags/example_branch_operator.py
[2025-07-13T22:57:28.502+0300] {logging_mixin.py:188} INFO - [2025-07-13T22:57:28.501+0300] {dag.py:3096} INFO - Sync 1 DAGs
[2025-07-13T22:57:28.527+0300] {logging_mixin.py:188} INFO - [2025-07-13T22:57:28.527+0300] {dag.py:3954} INFO - Setting next_dagrun for example_branch_operator to 2025-07-12 00:00:00+00:00, run_after=2025-07-13 00:00:00+00:00
[2025-07-13T22:57:28.554+0300] {processor.py:183} INFO - Processing /home/wal/.pyenv/versions/3.12.0/lib/python3.12/site-packages/airflow/example_dags/example_branch_operator.py took 0.114 seconds
[2025-07-13T22:58:26.070+0300] {processor.py:161} INFO - Started process (PID=4292) to work on /home/wal/.pyenv/versions/3.12.0/lib/python3.12/site-packages/airflow/example_dags/example_branch_operator.py
[2025-07-13T22:58:26.072+0300] {processor.py:830} INFO - Processing file /home/wal/.pyenv/versions/3.12.0/lib/python3.12/site-packages/airflow/example_dags/example_branch_operator.py for tasks to queue
[2025-07-13T22:58:26.074+0300] {logging_mixin.py:188} INFO - [2025-07-13T22:58:26.074+0300] {dagbag.py:545} INFO - Filling up the DagBag from /home/wal/.pyenv/versions/3.12.0/lib/python3.12/site-packages/airflow/example_dags/example_branch_operator.py
[2025-07-13T22:58:26.093+0300] {processor.py:840} INFO - DAG(s) 'example_branch_operator' retrieved from /home/wal/.pyenv/versions/3.12.0/lib/python3.12/site-packages/airflow/example_dags/example_branch_operator.py
[2025-07-13T22:58:26.120+0300] {logging_mixin.py:188} INFO - [2025-07-13T22:58:26.120+0300] {dag.py:3096} INFO - Sync 1 DAGs
[2025-07-13T22:58:26.149+0300] {logging_mixin.py:188} INFO - [2025-07-13T22:58:26.148+0300] {dag.py:3954} INFO - Setting next_dagrun for example_branch_operator to 2025-07-12 00:00:00+00:00, run_after=2025-07-13 00:00:00+00:00
[2025-07-13T22:58:26.182+0300] {processor.py:183} INFO - Processing /home/wal/.pyenv/versions/3.12.0/lib/python3.12/site-packages/airflow/example_dags/example_branch_operator.py took 0.118 seconds
[2025-07-13T23:00:12.880+0300] {processor.py:161} INFO - Started process (PID=4552) to work on /home/wal/.pyenv/versions/3.12.0/lib/python3.12/site-packages/airflow/example_dags/example_branch_operator.py
[2025-07-13T23:00:12.883+0300] {processor.py:830} INFO - Processing file /home/wal/.pyenv/versions/3.12.0/lib/python3.12/site-packages/airflow/example_dags/example_branch_operator.py for tasks to queue
[2025-07-13T23:00:12.888+0300] {logging_mixin.py:188} INFO - [2025-07-13T23:00:12.887+0300] {dagbag.py:545} INFO - Filling up the DagBag from /home/wal/.pyenv/versions/3.12.0/lib/python3.12/site-packages/airflow/example_dags/example_branch_operator.py
[2025-07-13T23:00:12.937+0300] {processor.py:840} INFO - DAG(s) 'example_branch_operator' retrieved from /home/wal/.pyenv/versions/3.12.0/lib/python3.12/site-packages/airflow/example_dags/example_branch_operator.py
[2025-07-13T23:00:13.284+0300] {logging_mixin.py:188} INFO - [2025-07-13T23:00:13.284+0300] {dag.py:3096} INFO - Sync 1 DAGs
[2025-07-13T23:00:13.335+0300] {logging_mixin.py:188} INFO - [2025-07-13T23:00:13.334+0300] {dag.py:3954} INFO - Setting next_dagrun for example_branch_operator to 2025-07-12 00:00:00+00:00, run_after=2025-07-13 00:00:00+00:00
[2025-07-13T23:00:13.432+0300] {processor.py:183} INFO - Processing /home/wal/.pyenv/versions/3.12.0/lib/python3.12/site-packages/airflow/example_dags/example_branch_operator.py took 0.566 seconds
[2025-07-13T23:01:58.002+0300] {processor.py:161} INFO - Started process (PID=4619) to work on /home/wal/.pyenv/versions/3.12.0/lib/python3.12/site-packages/airflow/example_dags/example_branch_operator.py
[2025-07-13T23:01:58.005+0300] {processor.py:830} INFO - Processing file /home/wal/.pyenv/versions/3.12.0/lib/python3.12/site-packages/airflow/example_dags/example_branch_operator.py for tasks to queue
[2025-07-13T23:01:58.008+0300] {logging_mixin.py:188} INFO - [2025-07-13T23:01:58.007+0300] {dagbag.py:545} INFO - Filling up the DagBag from /home/wal/.pyenv/versions/3.12.0/lib/python3.12/site-packages/airflow/example_dags/example_branch_operator.py
[2025-07-13T23:01:58.088+0300] {processor.py:840} INFO - DAG(s) 'example_branch_operator' retrieved from /home/wal/.pyenv/versions/3.12.0/lib/python3.12/site-packages/airflow/example_dags/example_branch_operator.py
[2025-07-13T23:01:58.317+0300] {logging_mixin.py:188} INFO - [2025-07-13T23:01:58.316+0300] {dag.py:3096} INFO - Sync 1 DAGs
[2025-07-13T23:01:58.432+0300] {logging_mixin.py:188} INFO - [2025-07-13T23:01:58.429+0300] {dag.py:3954} INFO - Setting next_dagrun for example_branch_operator to 2025-07-12 00:00:00+00:00, run_after=2025-07-13 00:00:00+00:00
[2025-07-13T23:01:58.548+0300] {processor.py:183} INFO - Processing /home/wal/.pyenv/versions/3.12.0/lib/python3.12/site-packages/airflow/example_dags/example_branch_operator.py took 0.582 seconds
[2025-07-13T23:03:36.368+0300] {processor.py:161} INFO - Started process (PID=4690) to work on /home/wal/.pyenv/versions/3.12.0/lib/python3.12/site-packages/airflow/example_dags/example_branch_operator.py
[2025-07-13T23:03:36.373+0300] {processor.py:830} INFO - Processing file /home/wal/.pyenv/versions/3.12.0/lib/python3.12/site-packages/airflow/example_dags/example_branch_operator.py for tasks to queue
[2025-07-13T23:03:36.381+0300] {logging_mixin.py:188} INFO - [2025-07-13T23:03:36.380+0300] {dagbag.py:545} INFO - Filling up the DagBag from /home/wal/.pyenv/versions/3.12.0/lib/python3.12/site-packages/airflow/example_dags/example_branch_operator.py
[2025-07-13T23:03:36.492+0300] {processor.py:840} INFO - DAG(s) 'example_branch_operator' retrieved from /home/wal/.pyenv/versions/3.12.0/lib/python3.12/site-packages/airflow/example_dags/example_branch_operator.py
[2025-07-13T23:03:36.697+0300] {logging_mixin.py:188} INFO - [2025-07-13T23:03:36.696+0300] {dag.py:3096} INFO - Sync 1 DAGs
[2025-07-13T23:03:36.870+0300] {logging_mixin.py:188} INFO - [2025-07-13T23:03:36.869+0300] {dag.py:3954} INFO - Setting next_dagrun for example_branch_operator to 2025-07-12 00:00:00+00:00, run_after=2025-07-13 00:00:00+00:00
[2025-07-13T23:03:36.966+0300] {processor.py:183} INFO - Processing /home/wal/.pyenv/versions/3.12.0/lib/python3.12/site-packages/airflow/example_dags/example_branch_operator.py took 0.630 seconds
[2025-07-13T23:04:50.798+0300] {processor.py:161} INFO - Started process (PID=4750) to work on /home/wal/.pyenv/versions/3.12.0/lib/python3.12/site-packages/airflow/example_dags/example_branch_operator.py
[2025-07-13T23:04:50.800+0300] {processor.py:830} INFO - Processing file /home/wal/.pyenv/versions/3.12.0/lib/python3.12/site-packages/airflow/example_dags/example_branch_operator.py for tasks to queue
[2025-07-13T23:04:50.803+0300] {logging_mixin.py:188} INFO - [2025-07-13T23:04:50.802+0300] {dagbag.py:545} INFO - Filling up the DagBag from /home/wal/.pyenv/versions/3.12.0/lib/python3.12/site-packages/airflow/example_dags/example_branch_operator.py
[2025-07-13T23:04:50.832+0300] {processor.py:840} INFO - DAG(s) 'example_branch_operator' retrieved from /home/wal/.pyenv/versions/3.12.0/lib/python3.12/site-packages/airflow/example_dags/example_branch_operator.py
[2025-07-13T23:04:50.896+0300] {logging_mixin.py:188} INFO - [2025-07-13T23:04:50.896+0300] {dag.py:3096} INFO - Sync 1 DAGs
[2025-07-13T23:04:51.000+0300] {logging_mixin.py:188} INFO - [2025-07-13T23:04:50.995+0300] {dag.py:3954} INFO - Setting next_dagrun for example_branch_operator to 2025-07-12 00:00:00+00:00, run_after=2025-07-13 00:00:00+00:00
[2025-07-13T23:04:51.066+0300] {processor.py:183} INFO - Processing /home/wal/.pyenv/versions/3.12.0/lib/python3.12/site-packages/airflow/example_dags/example_branch_operator.py took 0.277 seconds
[2025-07-13T23:06:20.395+0300] {processor.py:161} INFO - Started process (PID=4816) to work on /home/wal/.pyenv/versions/3.12.0/lib/python3.12/site-packages/airflow/example_dags/example_branch_operator.py
[2025-07-13T23:06:20.398+0300] {processor.py:830} INFO - Processing file /home/wal/.pyenv/versions/3.12.0/lib/python3.12/site-packages/airflow/example_dags/example_branch_operator.py for tasks to queue
[2025-07-13T23:06:20.413+0300] {logging_mixin.py:188} INFO - [2025-07-13T23:06:20.404+0300] {dagbag.py:545} INFO - Filling up the DagBag from /home/wal/.pyenv/versions/3.12.0/lib/python3.12/site-packages/airflow/example_dags/example_branch_operator.py
[2025-07-13T23:06:20.557+0300] {processor.py:840} INFO - DAG(s) 'example_branch_operator' retrieved from /home/wal/.pyenv/versions/3.12.0/lib/python3.12/site-packages/airflow/example_dags/example_branch_operator.py
[2025-07-13T23:06:20.750+0300] {logging_mixin.py:188} INFO - [2025-07-13T23:06:20.749+0300] {dag.py:3096} INFO - Sync 1 DAGs
[2025-07-13T23:06:21.019+0300] {logging_mixin.py:188} INFO - [2025-07-13T23:06:21.018+0300] {dag.py:3954} INFO - Setting next_dagrun for example_branch_operator to 2025-07-12 00:00:00+00:00, run_after=2025-07-13 00:00:00+00:00
[2025-07-13T23:06:21.260+0300] {processor.py:183} INFO - Processing /home/wal/.pyenv/versions/3.12.0/lib/python3.12/site-packages/airflow/example_dags/example_branch_operator.py took 0.909 seconds
[2025-07-13T23:07:48.753+0300] {processor.py:161} INFO - Started process (PID=4885) to work on /home/wal/.pyenv/versions/3.12.0/lib/python3.12/site-packages/airflow/example_dags/example_branch_operator.py
[2025-07-13T23:07:48.760+0300] {processor.py:830} INFO - Processing file /home/wal/.pyenv/versions/3.12.0/lib/python3.12/site-packages/airflow/example_dags/example_branch_operator.py for tasks to queue
[2025-07-13T23:07:48.767+0300] {logging_mixin.py:188} INFO - [2025-07-13T23:07:48.766+0300] {dagbag.py:545} INFO - Filling up the DagBag from /home/wal/.pyenv/versions/3.12.0/lib/python3.12/site-packages/airflow/example_dags/example_branch_operator.py
[2025-07-13T23:07:48.811+0300] {processor.py:840} INFO - DAG(s) 'example_branch_operator' retrieved from /home/wal/.pyenv/versions/3.12.0/lib/python3.12/site-packages/airflow/example_dags/example_branch_operator.py
[2025-07-13T23:07:48.875+0300] {logging_mixin.py:188} INFO - [2025-07-13T23:07:48.874+0300] {dag.py:3096} INFO - Sync 1 DAGs
[2025-07-13T23:07:48.932+0300] {logging_mixin.py:188} INFO - [2025-07-13T23:07:48.932+0300] {dag.py:3954} INFO - Setting next_dagrun for example_branch_operator to 2025-07-12 00:00:00+00:00, run_after=2025-07-13 00:00:00+00:00
[2025-07-13T23:07:48.982+0300] {processor.py:183} INFO - Processing /home/wal/.pyenv/versions/3.12.0/lib/python3.12/site-packages/airflow/example_dags/example_branch_operator.py took 0.248 seconds
[2025-07-13T23:08:48.466+0300] {processor.py:161} INFO - Started process (PID=4939) to work on /home/wal/.pyenv/versions/3.12.0/lib/python3.12/site-packages/airflow/example_dags/example_branch_operator.py
[2025-07-13T23:08:48.470+0300] {processor.py:830} INFO - Processing file /home/wal/.pyenv/versions/3.12.0/lib/python3.12/site-packages/airflow/example_dags/example_branch_operator.py for tasks to queue
[2025-07-13T23:08:48.475+0300] {logging_mixin.py:188} INFO - [2025-07-13T23:08:48.474+0300] {dagbag.py:545} INFO - Filling up the DagBag from /home/wal/.pyenv/versions/3.12.0/lib/python3.12/site-packages/airflow/example_dags/example_branch_operator.py
[2025-07-13T23:08:48.530+0300] {processor.py:840} INFO - DAG(s) 'example_branch_operator' retrieved from /home/wal/.pyenv/versions/3.12.0/lib/python3.12/site-packages/airflow/example_dags/example_branch_operator.py
[2025-07-13T23:08:48.597+0300] {logging_mixin.py:188} INFO - [2025-07-13T23:08:48.596+0300] {dag.py:3096} INFO - Sync 1 DAGs
[2025-07-13T23:08:48.645+0300] {logging_mixin.py:188} INFO - [2025-07-13T23:08:48.645+0300] {dag.py:3954} INFO - Setting next_dagrun for example_branch_operator to 2025-07-12 00:00:00+00:00, run_after=2025-07-13 00:00:00+00:00
[2025-07-13T23:08:48.698+0300] {processor.py:183} INFO - Processing /home/wal/.pyenv/versions/3.12.0/lib/python3.12/site-packages/airflow/example_dags/example_branch_operator.py took 0.249 seconds
[2025-07-13T23:09:55.481+0300] {processor.py:161} INFO - Started process (PID=4993) to work on /home/wal/.pyenv/versions/3.12.0/lib/python3.12/site-packages/airflow/example_dags/example_branch_operator.py
[2025-07-13T23:09:55.486+0300] {processor.py:830} INFO - Processing file /home/wal/.pyenv/versions/3.12.0/lib/python3.12/site-packages/airflow/example_dags/example_branch_operator.py for tasks to queue
[2025-07-13T23:09:55.491+0300] {logging_mixin.py:188} INFO - [2025-07-13T23:09:55.489+0300] {dagbag.py:545} INFO - Filling up the DagBag from /home/wal/.pyenv/versions/3.12.0/lib/python3.12/site-packages/airflow/example_dags/example_branch_operator.py
[2025-07-13T23:09:55.533+0300] {processor.py:840} INFO - DAG(s) 'example_branch_operator' retrieved from /home/wal/.pyenv/versions/3.12.0/lib/python3.12/site-packages/airflow/example_dags/example_branch_operator.py
[2025-07-13T23:09:55.580+0300] {logging_mixin.py:188} INFO - [2025-07-13T23:09:55.580+0300] {dag.py:3096} INFO - Sync 1 DAGs
[2025-07-13T23:09:55.657+0300] {logging_mixin.py:188} INFO - [2025-07-13T23:09:55.656+0300] {dag.py:3954} INFO - Setting next_dagrun for example_branch_operator to 2025-07-12 00:00:00+00:00, run_after=2025-07-13 00:00:00+00:00
[2025-07-13T23:09:55.771+0300] {processor.py:183} INFO - Processing /home/wal/.pyenv/versions/3.12.0/lib/python3.12/site-packages/airflow/example_dags/example_branch_operator.py took 0.307 seconds
[2025-07-13T23:10:56.605+0300] {processor.py:161} INFO - Started process (PID=5048) to work on /home/wal/.pyenv/versions/3.12.0/lib/python3.12/site-packages/airflow/example_dags/example_branch_operator.py
[2025-07-13T23:10:56.607+0300] {processor.py:830} INFO - Processing file /home/wal/.pyenv/versions/3.12.0/lib/python3.12/site-packages/airflow/example_dags/example_branch_operator.py for tasks to queue
[2025-07-13T23:10:56.610+0300] {logging_mixin.py:188} INFO - [2025-07-13T23:10:56.609+0300] {dagbag.py:545} INFO - Filling up the DagBag from /home/wal/.pyenv/versions/3.12.0/lib/python3.12/site-packages/airflow/example_dags/example_branch_operator.py
[2025-07-13T23:10:56.651+0300] {processor.py:840} INFO - DAG(s) 'example_branch_operator' retrieved from /home/wal/.pyenv/versions/3.12.0/lib/python3.12/site-packages/airflow/example_dags/example_branch_operator.py
[2025-07-13T23:10:56.710+0300] {logging_mixin.py:188} INFO - [2025-07-13T23:10:56.709+0300] {dag.py:3096} INFO - Sync 1 DAGs
[2025-07-13T23:10:56.756+0300] {logging_mixin.py:188} INFO - [2025-07-13T23:10:56.756+0300] {dag.py:3954} INFO - Setting next_dagrun for example_branch_operator to 2025-07-12 00:00:00+00:00, run_after=2025-07-13 00:00:00+00:00
[2025-07-13T23:10:56.823+0300] {processor.py:183} INFO - Processing /home/wal/.pyenv/versions/3.12.0/lib/python3.12/site-packages/airflow/example_dags/example_branch_operator.py took 0.231 seconds
[2025-07-13T23:11:53.330+0300] {processor.py:161} INFO - Started process (PID=5100) to work on /home/wal/.pyenv/versions/3.12.0/lib/python3.12/site-packages/airflow/example_dags/example_branch_operator.py
[2025-07-13T23:11:53.332+0300] {processor.py:830} INFO - Processing file /home/wal/.pyenv/versions/3.12.0/lib/python3.12/site-packages/airflow/example_dags/example_branch_operator.py for tasks to queue
[2025-07-13T23:11:53.334+0300] {logging_mixin.py:188} INFO - [2025-07-13T23:11:53.334+0300] {dagbag.py:545} INFO - Filling up the DagBag from /home/wal/.pyenv/versions/3.12.0/lib/python3.12/site-packages/airflow/example_dags/example_branch_operator.py
[2025-07-13T23:11:53.358+0300] {processor.py:840} INFO - DAG(s) 'example_branch_operator' retrieved from /home/wal/.pyenv/versions/3.12.0/lib/python3.12/site-packages/airflow/example_dags/example_branch_operator.py
[2025-07-13T23:11:53.390+0300] {logging_mixin.py:188} INFO - [2025-07-13T23:11:53.389+0300] {dag.py:3096} INFO - Sync 1 DAGs
[2025-07-13T23:11:53.418+0300] {logging_mixin.py:188} INFO - [2025-07-13T23:11:53.417+0300] {dag.py:3954} INFO - Setting next_dagrun for example_branch_operator to 2025-07-12 00:00:00+00:00, run_after=2025-07-13 00:00:00+00:00
[2025-07-13T23:11:53.448+0300] {processor.py:183} INFO - Processing /home/wal/.pyenv/versions/3.12.0/lib/python3.12/site-packages/airflow/example_dags/example_branch_operator.py took 0.126 seconds
[2025-07-13T23:12:55.491+0300] {processor.py:161} INFO - Started process (PID=5156) to work on /home/wal/.pyenv/versions/3.12.0/lib/python3.12/site-packages/airflow/example_dags/example_branch_operator.py
[2025-07-13T23:12:55.499+0300] {processor.py:830} INFO - Processing file /home/wal/.pyenv/versions/3.12.0/lib/python3.12/site-packages/airflow/example_dags/example_branch_operator.py for tasks to queue
[2025-07-13T23:12:55.505+0300] {logging_mixin.py:188} INFO - [2025-07-13T23:12:55.504+0300] {dagbag.py:545} INFO - Filling up the DagBag from /home/wal/.pyenv/versions/3.12.0/lib/python3.12/site-packages/airflow/example_dags/example_branch_operator.py
[2025-07-13T23:12:55.543+0300] {processor.py:840} INFO - DAG(s) 'example_branch_operator' retrieved from /home/wal/.pyenv/versions/3.12.0/lib/python3.12/site-packages/airflow/example_dags/example_branch_operator.py
[2025-07-13T23:12:55.578+0300] {logging_mixin.py:188} INFO - [2025-07-13T23:12:55.578+0300] {dag.py:3096} INFO - Sync 1 DAGs
[2025-07-13T23:12:55.613+0300] {logging_mixin.py:188} INFO - [2025-07-13T23:12:55.613+0300] {dag.py:3954} INFO - Setting next_dagrun for example_branch_operator to 2025-07-12 00:00:00+00:00, run_after=2025-07-13 00:00:00+00:00
[2025-07-13T23:12:55.646+0300] {processor.py:183} INFO - Processing /home/wal/.pyenv/versions/3.12.0/lib/python3.12/site-packages/airflow/example_dags/example_branch_operator.py took 0.164 seconds
[2025-07-13T23:14:01.636+0300] {processor.py:161} INFO - Started process (PID=5215) to work on /home/wal/.pyenv/versions/3.12.0/lib/python3.12/site-packages/airflow/example_dags/example_branch_operator.py
[2025-07-13T23:14:01.638+0300] {processor.py:830} INFO - Processing file /home/wal/.pyenv/versions/3.12.0/lib/python3.12/site-packages/airflow/example_dags/example_branch_operator.py for tasks to queue
[2025-07-13T23:14:01.642+0300] {logging_mixin.py:188} INFO - [2025-07-13T23:14:01.641+0300] {dagbag.py:545} INFO - Filling up the DagBag from /home/wal/.pyenv/versions/3.12.0/lib/python3.12/site-packages/airflow/example_dags/example_branch_operator.py
[2025-07-13T23:14:01.676+0300] {processor.py:840} INFO - DAG(s) 'example_branch_operator' retrieved from /home/wal/.pyenv/versions/3.12.0/lib/python3.12/site-packages/airflow/example_dags/example_branch_operator.py
[2025-07-13T23:14:01.720+0300] {logging_mixin.py:188} INFO - [2025-07-13T23:14:01.719+0300] {dag.py:3096} INFO - Sync 1 DAGs
[2025-07-13T23:14:01.772+0300] {logging_mixin.py:188} INFO - [2025-07-13T23:14:01.771+0300] {dag.py:3954} INFO - Setting next_dagrun for example_branch_operator to 2025-07-12 00:00:00+00:00, run_after=2025-07-13 00:00:00+00:00
[2025-07-13T23:14:01.820+0300] {processor.py:183} INFO - Processing /home/wal/.pyenv/versions/3.12.0/lib/python3.12/site-packages/airflow/example_dags/example_branch_operator.py took 0.196 seconds
[2025-07-13T23:14:57.877+0300] {processor.py:161} INFO - Started process (PID=5280) to work on /home/wal/.pyenv/versions/3.12.0/lib/python3.12/site-packages/airflow/example_dags/example_branch_operator.py
[2025-07-13T23:14:57.879+0300] {processor.py:830} INFO - Processing file /home/wal/.pyenv/versions/3.12.0/lib/python3.12/site-packages/airflow/example_dags/example_branch_operator.py for tasks to queue
[2025-07-13T23:14:57.881+0300] {logging_mixin.py:188} INFO - [2025-07-13T23:14:57.881+0300] {dagbag.py:545} INFO - Filling up the DagBag from /home/wal/.pyenv/versions/3.12.0/lib/python3.12/site-packages/airflow/example_dags/example_branch_operator.py
[2025-07-13T23:14:57.904+0300] {processor.py:840} INFO - DAG(s) 'example_branch_operator' retrieved from /home/wal/.pyenv/versions/3.12.0/lib/python3.12/site-packages/airflow/example_dags/example_branch_operator.py
[2025-07-13T23:14:57.938+0300] {logging_mixin.py:188} INFO - [2025-07-13T23:14:57.938+0300] {dag.py:3096} INFO - Sync 1 DAGs
[2025-07-13T23:14:57.970+0300] {logging_mixin.py:188} INFO - [2025-07-13T23:14:57.969+0300] {dag.py:3954} INFO - Setting next_dagrun for example_branch_operator to 2025-07-12 00:00:00+00:00, run_after=2025-07-13 00:00:00+00:00
[2025-07-13T23:14:58.004+0300] {processor.py:183} INFO - Processing /home/wal/.pyenv/versions/3.12.0/lib/python3.12/site-packages/airflow/example_dags/example_branch_operator.py took 0.134 seconds
[2025-07-13T23:16:15.797+0300] {processor.py:161} INFO - Started process (PID=5353) to work on /home/wal/.pyenv/versions/3.12.0/lib/python3.12/site-packages/airflow/example_dags/example_branch_operator.py
[2025-07-13T23:16:15.803+0300] {processor.py:830} INFO - Processing file /home/wal/.pyenv/versions/3.12.0/lib/python3.12/site-packages/airflow/example_dags/example_branch_operator.py for tasks to queue
[2025-07-13T23:16:15.808+0300] {logging_mixin.py:188} INFO - [2025-07-13T23:16:15.807+0300] {dagbag.py:545} INFO - Filling up the DagBag from /home/wal/.pyenv/versions/3.12.0/lib/python3.12/site-packages/airflow/example_dags/example_branch_operator.py
[2025-07-13T23:16:15.852+0300] {processor.py:840} INFO - DAG(s) 'example_branch_operator' retrieved from /home/wal/.pyenv/versions/3.12.0/lib/python3.12/site-packages/airflow/example_dags/example_branch_operator.py
[2025-07-13T23:16:15.918+0300] {logging_mixin.py:188} INFO - [2025-07-13T23:16:15.917+0300] {dag.py:3096} INFO - Sync 1 DAGs
[2025-07-13T23:16:15.969+0300] {logging_mixin.py:188} INFO - [2025-07-13T23:16:15.969+0300] {dag.py:3954} INFO - Setting next_dagrun for example_branch_operator to 2025-07-12 00:00:00+00:00, run_after=2025-07-13 00:00:00+00:00
[2025-07-13T23:16:16.016+0300] {processor.py:183} INFO - Processing /home/wal/.pyenv/versions/3.12.0/lib/python3.12/site-packages/airflow/example_dags/example_branch_operator.py took 0.233 seconds
[2025-07-13T23:17:24.735+0300] {processor.py:161} INFO - Started process (PID=5411) to work on /home/wal/.pyenv/versions/3.12.0/lib/python3.12/site-packages/airflow/example_dags/example_branch_operator.py
[2025-07-13T23:17:24.737+0300] {processor.py:830} INFO - Processing file /home/wal/.pyenv/versions/3.12.0/lib/python3.12/site-packages/airflow/example_dags/example_branch_operator.py for tasks to queue
[2025-07-13T23:17:24.742+0300] {logging_mixin.py:188} INFO - [2025-07-13T23:17:24.741+0300] {dagbag.py:545} INFO - Filling up the DagBag from /home/wal/.pyenv/versions/3.12.0/lib/python3.12/site-packages/airflow/example_dags/example_branch_operator.py
[2025-07-13T23:17:24.779+0300] {processor.py:840} INFO - DAG(s) 'example_branch_operator' retrieved from /home/wal/.pyenv/versions/3.12.0/lib/python3.12/site-packages/airflow/example_dags/example_branch_operator.py
[2025-07-13T23:17:24.825+0300] {logging_mixin.py:188} INFO - [2025-07-13T23:17:24.825+0300] {dag.py:3096} INFO - Sync 1 DAGs
[2025-07-13T23:17:24.860+0300] {logging_mixin.py:188} INFO - [2025-07-13T23:17:24.859+0300] {dag.py:3954} INFO - Setting next_dagrun for example_branch_operator to 2025-07-12 00:00:00+00:00, run_after=2025-07-13 00:00:00+00:00
[2025-07-13T23:17:24.906+0300] {processor.py:183} INFO - Processing /home/wal/.pyenv/versions/3.12.0/lib/python3.12/site-packages/airflow/example_dags/example_branch_operator.py took 0.184 seconds
[2025-07-13T23:18:37.225+0300] {processor.py:161} INFO - Started process (PID=5471) to work on /home/wal/.pyenv/versions/3.12.0/lib/python3.12/site-packages/airflow/example_dags/example_branch_operator.py
[2025-07-13T23:18:37.232+0300] {processor.py:830} INFO - Processing file /home/wal/.pyenv/versions/3.12.0/lib/python3.12/site-packages/airflow/example_dags/example_branch_operator.py for tasks to queue
[2025-07-13T23:18:37.235+0300] {logging_mixin.py:188} INFO - [2025-07-13T23:18:37.234+0300] {dagbag.py:545} INFO - Filling up the DagBag from /home/wal/.pyenv/versions/3.12.0/lib/python3.12/site-packages/airflow/example_dags/example_branch_operator.py
[2025-07-13T23:18:37.255+0300] {processor.py:840} INFO - DAG(s) 'example_branch_operator' retrieved from /home/wal/.pyenv/versions/3.12.0/lib/python3.12/site-packages/airflow/example_dags/example_branch_operator.py
[2025-07-13T23:18:37.286+0300] {logging_mixin.py:188} INFO - [2025-07-13T23:18:37.286+0300] {dag.py:3096} INFO - Sync 1 DAGs
[2025-07-13T23:18:37.312+0300] {logging_mixin.py:188} INFO - [2025-07-13T23:18:37.312+0300] {dag.py:3954} INFO - Setting next_dagrun for example_branch_operator to 2025-07-12 00:00:00+00:00, run_after=2025-07-13 00:00:00+00:00
[2025-07-13T23:18:37.347+0300] {processor.py:183} INFO - Processing /home/wal/.pyenv/versions/3.12.0/lib/python3.12/site-packages/airflow/example_dags/example_branch_operator.py took 0.129 seconds
[2025-07-13T23:19:43.136+0300] {processor.py:161} INFO - Started process (PID=5528) to work on /home/wal/.pyenv/versions/3.12.0/lib/python3.12/site-packages/airflow/example_dags/example_branch_operator.py
[2025-07-13T23:19:43.138+0300] {processor.py:830} INFO - Processing file /home/wal/.pyenv/versions/3.12.0/lib/python3.12/site-packages/airflow/example_dags/example_branch_operator.py for tasks to queue
[2025-07-13T23:19:43.143+0300] {logging_mixin.py:188} INFO - [2025-07-13T23:19:43.142+0300] {dagbag.py:545} INFO - Filling up the DagBag from /home/wal/.pyenv/versions/3.12.0/lib/python3.12/site-packages/airflow/example_dags/example_branch_operator.py
[2025-07-13T23:19:43.180+0300] {processor.py:840} INFO - DAG(s) 'example_branch_operator' retrieved from /home/wal/.pyenv/versions/3.12.0/lib/python3.12/site-packages/airflow/example_dags/example_branch_operator.py
[2025-07-13T23:19:43.242+0300] {logging_mixin.py:188} INFO - [2025-07-13T23:19:43.241+0300] {dag.py:3096} INFO - Sync 1 DAGs
[2025-07-13T23:19:43.285+0300] {logging_mixin.py:188} INFO - [2025-07-13T23:19:43.285+0300] {dag.py:3954} INFO - Setting next_dagrun for example_branch_operator to 2025-07-12 00:00:00+00:00, run_after=2025-07-13 00:00:00+00:00
[2025-07-13T23:19:43.343+0300] {processor.py:183} INFO - Processing /home/wal/.pyenv/versions/3.12.0/lib/python3.12/site-packages/airflow/example_dags/example_branch_operator.py took 0.219 seconds
[2025-07-13T23:20:45.625+0300] {processor.py:161} INFO - Started process (PID=5580) to work on /home/wal/.pyenv/versions/3.12.0/lib/python3.12/site-packages/airflow/example_dags/example_branch_operator.py
[2025-07-13T23:20:45.628+0300] {processor.py:830} INFO - Processing file /home/wal/.pyenv/versions/3.12.0/lib/python3.12/site-packages/airflow/example_dags/example_branch_operator.py for tasks to queue
[2025-07-13T23:20:45.633+0300] {logging_mixin.py:188} INFO - [2025-07-13T23:20:45.632+0300] {dagbag.py:545} INFO - Filling up the DagBag from /home/wal/.pyenv/versions/3.12.0/lib/python3.12/site-packages/airflow/example_dags/example_branch_operator.py
[2025-07-13T23:20:45.666+0300] {processor.py:840} INFO - DAG(s) 'example_branch_operator' retrieved from /home/wal/.pyenv/versions/3.12.0/lib/python3.12/site-packages/airflow/example_dags/example_branch_operator.py
[2025-07-13T23:20:45.704+0300] {logging_mixin.py:188} INFO - [2025-07-13T23:20:45.704+0300] {dag.py:3096} INFO - Sync 1 DAGs
[2025-07-13T23:20:45.738+0300] {logging_mixin.py:188} INFO - [2025-07-13T23:20:45.737+0300] {dag.py:3954} INFO - Setting next_dagrun for example_branch_operator to 2025-07-12 00:00:00+00:00, run_after=2025-07-13 00:00:00+00:00
[2025-07-13T23:20:45.775+0300] {processor.py:183} INFO - Processing /home/wal/.pyenv/versions/3.12.0/lib/python3.12/site-packages/airflow/example_dags/example_branch_operator.py took 0.166 seconds
[2025-07-13T23:21:49.486+0300] {processor.py:161} INFO - Started process (PID=5634) to work on /home/wal/.pyenv/versions/3.12.0/lib/python3.12/site-packages/airflow/example_dags/example_branch_operator.py
[2025-07-13T23:21:49.488+0300] {processor.py:830} INFO - Processing file /home/wal/.pyenv/versions/3.12.0/lib/python3.12/site-packages/airflow/example_dags/example_branch_operator.py for tasks to queue
[2025-07-13T23:21:49.493+0300] {logging_mixin.py:188} INFO - [2025-07-13T23:21:49.492+0300] {dagbag.py:545} INFO - Filling up the DagBag from /home/wal/.pyenv/versions/3.12.0/lib/python3.12/site-packages/airflow/example_dags/example_branch_operator.py
[2025-07-13T23:21:49.534+0300] {processor.py:840} INFO - DAG(s) 'example_branch_operator' retrieved from /home/wal/.pyenv/versions/3.12.0/lib/python3.12/site-packages/airflow/example_dags/example_branch_operator.py
[2025-07-13T23:21:49.642+0300] {logging_mixin.py:188} INFO - [2025-07-13T23:21:49.642+0300] {dag.py:3096} INFO - Sync 1 DAGs
[2025-07-13T23:21:49.730+0300] {logging_mixin.py:188} INFO - [2025-07-13T23:21:49.730+0300] {dag.py:3954} INFO - Setting next_dagrun for example_branch_operator to 2025-07-12 00:00:00+00:00, run_after=2025-07-13 00:00:00+00:00
[2025-07-13T23:21:49.777+0300] {processor.py:183} INFO - Processing /home/wal/.pyenv/versions/3.12.0/lib/python3.12/site-packages/airflow/example_dags/example_branch_operator.py took 0.302 seconds
[2025-07-13T23:23:02.379+0300] {processor.py:161} INFO - Started process (PID=5691) to work on /home/wal/.pyenv/versions/3.12.0/lib/python3.12/site-packages/airflow/example_dags/example_branch_operator.py
[2025-07-13T23:23:02.382+0300] {processor.py:830} INFO - Processing file /home/wal/.pyenv/versions/3.12.0/lib/python3.12/site-packages/airflow/example_dags/example_branch_operator.py for tasks to queue
[2025-07-13T23:23:02.387+0300] {logging_mixin.py:188} INFO - [2025-07-13T23:23:02.385+0300] {dagbag.py:545} INFO - Filling up the DagBag from /home/wal/.pyenv/versions/3.12.0/lib/python3.12/site-packages/airflow/example_dags/example_branch_operator.py
[2025-07-13T23:23:02.422+0300] {processor.py:840} INFO - DAG(s) 'example_branch_operator' retrieved from /home/wal/.pyenv/versions/3.12.0/lib/python3.12/site-packages/airflow/example_dags/example_branch_operator.py
[2025-07-13T23:23:02.474+0300] {logging_mixin.py:188} INFO - [2025-07-13T23:23:02.474+0300] {dag.py:3096} INFO - Sync 1 DAGs
[2025-07-13T23:23:02.540+0300] {logging_mixin.py:188} INFO - [2025-07-13T23:23:02.540+0300] {dag.py:3954} INFO - Setting next_dagrun for example_branch_operator to 2025-07-12 00:00:00+00:00, run_after=2025-07-13 00:00:00+00:00
[2025-07-13T23:23:02.613+0300] {processor.py:183} INFO - Processing /home/wal/.pyenv/versions/3.12.0/lib/python3.12/site-packages/airflow/example_dags/example_branch_operator.py took 0.243 seconds
[2025-07-13T23:24:20.978+0300] {processor.py:161} INFO - Started process (PID=5749) to work on /home/wal/.pyenv/versions/3.12.0/lib/python3.12/site-packages/airflow/example_dags/example_branch_operator.py
[2025-07-13T23:24:20.981+0300] {processor.py:830} INFO - Processing file /home/wal/.pyenv/versions/3.12.0/lib/python3.12/site-packages/airflow/example_dags/example_branch_operator.py for tasks to queue
[2025-07-13T23:24:20.996+0300] {logging_mixin.py:188} INFO - [2025-07-13T23:24:20.995+0300] {dagbag.py:545} INFO - Filling up the DagBag from /home/wal/.pyenv/versions/3.12.0/lib/python3.12/site-packages/airflow/example_dags/example_branch_operator.py
[2025-07-13T23:24:21.181+0300] {processor.py:840} INFO - DAG(s) 'example_branch_operator' retrieved from /home/wal/.pyenv/versions/3.12.0/lib/python3.12/site-packages/airflow/example_dags/example_branch_operator.py
[2025-07-13T23:24:21.454+0300] {logging_mixin.py:188} INFO - [2025-07-13T23:24:21.453+0300] {dag.py:3096} INFO - Sync 1 DAGs
[2025-07-13T23:24:21.752+0300] {logging_mixin.py:188} INFO - [2025-07-13T23:24:21.752+0300] {dag.py:3954} INFO - Setting next_dagrun for example_branch_operator to 2025-07-12 00:00:00+00:00, run_after=2025-07-13 00:00:00+00:00
[2025-07-13T23:24:21.978+0300] {processor.py:183} INFO - Processing /home/wal/.pyenv/versions/3.12.0/lib/python3.12/site-packages/airflow/example_dags/example_branch_operator.py took 1.062 seconds
[2025-07-13T23:26:18.997+0300] {processor.py:161} INFO - Started process (PID=5826) to work on /home/wal/.pyenv/versions/3.12.0/lib/python3.12/site-packages/airflow/example_dags/example_branch_operator.py
[2025-07-13T23:26:19.000+0300] {processor.py:830} INFO - Processing file /home/wal/.pyenv/versions/3.12.0/lib/python3.12/site-packages/airflow/example_dags/example_branch_operator.py for tasks to queue
[2025-07-13T23:26:19.003+0300] {logging_mixin.py:188} INFO - [2025-07-13T23:26:19.002+0300] {dagbag.py:545} INFO - Filling up the DagBag from /home/wal/.pyenv/versions/3.12.0/lib/python3.12/site-packages/airflow/example_dags/example_branch_operator.py
[2025-07-13T23:26:19.040+0300] {processor.py:840} INFO - DAG(s) 'example_branch_operator' retrieved from /home/wal/.pyenv/versions/3.12.0/lib/python3.12/site-packages/airflow/example_dags/example_branch_operator.py
[2025-07-13T23:26:19.262+0300] {logging_mixin.py:188} INFO - [2025-07-13T23:26:19.261+0300] {dag.py:3096} INFO - Sync 1 DAGs
[2025-07-13T23:26:19.298+0300] {logging_mixin.py:188} INFO - [2025-07-13T23:26:19.298+0300] {dag.py:3954} INFO - Setting next_dagrun for example_branch_operator to 2025-07-12 00:00:00+00:00, run_after=2025-07-13 00:00:00+00:00
[2025-07-13T23:26:19.329+0300] {processor.py:183} INFO - Processing /home/wal/.pyenv/versions/3.12.0/lib/python3.12/site-packages/airflow/example_dags/example_branch_operator.py took 0.347 seconds
[2025-07-13T23:27:28.705+0300] {processor.py:161} INFO - Started process (PID=5883) to work on /home/wal/.pyenv/versions/3.12.0/lib/python3.12/site-packages/airflow/example_dags/example_branch_operator.py
[2025-07-13T23:27:28.708+0300] {processor.py:830} INFO - Processing file /home/wal/.pyenv/versions/3.12.0/lib/python3.12/site-packages/airflow/example_dags/example_branch_operator.py for tasks to queue
[2025-07-13T23:27:28.718+0300] {logging_mixin.py:188} INFO - [2025-07-13T23:27:28.716+0300] {dagbag.py:545} INFO - Filling up the DagBag from /home/wal/.pyenv/versions/3.12.0/lib/python3.12/site-packages/airflow/example_dags/example_branch_operator.py
[2025-07-13T23:27:28.900+0300] {processor.py:840} INFO - DAG(s) 'example_branch_operator' retrieved from /home/wal/.pyenv/versions/3.12.0/lib/python3.12/site-packages/airflow/example_dags/example_branch_operator.py
[2025-07-13T23:27:29.035+0300] {logging_mixin.py:188} INFO - [2025-07-13T23:27:29.034+0300] {dag.py:3096} INFO - Sync 1 DAGs
[2025-07-13T23:27:29.643+0300] {logging_mixin.py:188} INFO - [2025-07-13T23:27:29.642+0300] {dag.py:3954} INFO - Setting next_dagrun for example_branch_operator to 2025-07-12 00:00:00+00:00, run_after=2025-07-13 00:00:00+00:00
[2025-07-13T23:27:29.804+0300] {processor.py:183} INFO - Processing /home/wal/.pyenv/versions/3.12.0/lib/python3.12/site-packages/airflow/example_dags/example_branch_operator.py took 1.131 seconds
[2025-07-13T23:28:43.774+0300] {processor.py:161} INFO - Started process (PID=5941) to work on /home/wal/.pyenv/versions/3.12.0/lib/python3.12/site-packages/airflow/example_dags/example_branch_operator.py
[2025-07-13T23:28:43.776+0300] {processor.py:830} INFO - Processing file /home/wal/.pyenv/versions/3.12.0/lib/python3.12/site-packages/airflow/example_dags/example_branch_operator.py for tasks to queue
[2025-07-13T23:28:43.782+0300] {logging_mixin.py:188} INFO - [2025-07-13T23:28:43.780+0300] {dagbag.py:545} INFO - Filling up the DagBag from /home/wal/.pyenv/versions/3.12.0/lib/python3.12/site-packages/airflow/example_dags/example_branch_operator.py
[2025-07-13T23:28:43.857+0300] {processor.py:840} INFO - DAG(s) 'example_branch_operator' retrieved from /home/wal/.pyenv/versions/3.12.0/lib/python3.12/site-packages/airflow/example_dags/example_branch_operator.py
[2025-07-13T23:28:43.961+0300] {logging_mixin.py:188} INFO - [2025-07-13T23:28:43.959+0300] {dag.py:3096} INFO - Sync 1 DAGs
[2025-07-13T23:28:44.015+0300] {logging_mixin.py:188} INFO - [2025-07-13T23:28:44.014+0300] {dag.py:3954} INFO - Setting next_dagrun for example_branch_operator to 2025-07-12 00:00:00+00:00, run_after=2025-07-13 00:00:00+00:00
[2025-07-13T23:28:44.074+0300] {processor.py:183} INFO - Processing /home/wal/.pyenv/versions/3.12.0/lib/python3.12/site-packages/airflow/example_dags/example_branch_operator.py took 0.311 seconds
[2025-07-13T23:29:47.524+0300] {processor.py:161} INFO - Started process (PID=5995) to work on /home/wal/.pyenv/versions/3.12.0/lib/python3.12/site-packages/airflow/example_dags/example_branch_operator.py
[2025-07-13T23:29:47.528+0300] {processor.py:830} INFO - Processing file /home/wal/.pyenv/versions/3.12.0/lib/python3.12/site-packages/airflow/example_dags/example_branch_operator.py for tasks to queue
[2025-07-13T23:29:47.530+0300] {logging_mixin.py:188} INFO - [2025-07-13T23:29:47.530+0300] {dagbag.py:545} INFO - Filling up the DagBag from /home/wal/.pyenv/versions/3.12.0/lib/python3.12/site-packages/airflow/example_dags/example_branch_operator.py
[2025-07-13T23:29:47.564+0300] {processor.py:840} INFO - DAG(s) 'example_branch_operator' retrieved from /home/wal/.pyenv/versions/3.12.0/lib/python3.12/site-packages/airflow/example_dags/example_branch_operator.py
[2025-07-13T23:29:47.611+0300] {logging_mixin.py:188} INFO - [2025-07-13T23:29:47.611+0300] {dag.py:3096} INFO - Sync 1 DAGs
[2025-07-13T23:29:47.646+0300] {logging_mixin.py:188} INFO - [2025-07-13T23:29:47.646+0300] {dag.py:3954} INFO - Setting next_dagrun for example_branch_operator to 2025-07-12 00:00:00+00:00, run_after=2025-07-13 00:00:00+00:00
[2025-07-13T23:29:47.698+0300] {processor.py:183} INFO - Processing /home/wal/.pyenv/versions/3.12.0/lib/python3.12/site-packages/airflow/example_dags/example_branch_operator.py took 0.194 seconds
[2025-07-13T23:30:46.413+0300] {processor.py:161} INFO - Started process (PID=6048) to work on /home/wal/.pyenv/versions/3.12.0/lib/python3.12/site-packages/airflow/example_dags/example_branch_operator.py
[2025-07-13T23:30:46.417+0300] {processor.py:830} INFO - Processing file /home/wal/.pyenv/versions/3.12.0/lib/python3.12/site-packages/airflow/example_dags/example_branch_operator.py for tasks to queue
[2025-07-13T23:30:46.428+0300] {logging_mixin.py:188} INFO - [2025-07-13T23:30:46.422+0300] {dagbag.py:545} INFO - Filling up the DagBag from /home/wal/.pyenv/versions/3.12.0/lib/python3.12/site-packages/airflow/example_dags/example_branch_operator.py
[2025-07-13T23:30:46.505+0300] {processor.py:840} INFO - DAG(s) 'example_branch_operator' retrieved from /home/wal/.pyenv/versions/3.12.0/lib/python3.12/site-packages/airflow/example_dags/example_branch_operator.py
[2025-07-13T23:30:46.693+0300] {logging_mixin.py:188} INFO - [2025-07-13T23:30:46.692+0300] {dag.py:3096} INFO - Sync 1 DAGs
[2025-07-13T23:30:46.835+0300] {logging_mixin.py:188} INFO - [2025-07-13T23:30:46.827+0300] {dag.py:3954} INFO - Setting next_dagrun for example_branch_operator to 2025-07-12 00:00:00+00:00, run_after=2025-07-13 00:00:00+00:00
[2025-07-13T23:30:46.954+0300] {processor.py:183} INFO - Processing /home/wal/.pyenv/versions/3.12.0/lib/python3.12/site-packages/airflow/example_dags/example_branch_operator.py took 0.569 seconds
[2025-07-13T23:31:45.878+0300] {processor.py:161} INFO - Started process (PID=6101) to work on /home/wal/.pyenv/versions/3.12.0/lib/python3.12/site-packages/airflow/example_dags/example_branch_operator.py
[2025-07-13T23:31:45.879+0300] {processor.py:830} INFO - Processing file /home/wal/.pyenv/versions/3.12.0/lib/python3.12/site-packages/airflow/example_dags/example_branch_operator.py for tasks to queue
[2025-07-13T23:31:45.883+0300] {logging_mixin.py:188} INFO - [2025-07-13T23:31:45.881+0300] {dagbag.py:545} INFO - Filling up the DagBag from /home/wal/.pyenv/versions/3.12.0/lib/python3.12/site-packages/airflow/example_dags/example_branch_operator.py
[2025-07-13T23:31:45.914+0300] {processor.py:840} INFO - DAG(s) 'example_branch_operator' retrieved from /home/wal/.pyenv/versions/3.12.0/lib/python3.12/site-packages/airflow/example_dags/example_branch_operator.py
[2025-07-13T23:31:45.961+0300] {logging_mixin.py:188} INFO - [2025-07-13T23:31:45.961+0300] {dag.py:3096} INFO - Sync 1 DAGs
[2025-07-13T23:31:46.003+0300] {logging_mixin.py:188} INFO - [2025-07-13T23:31:46.003+0300] {dag.py:3954} INFO - Setting next_dagrun for example_branch_operator to 2025-07-12 00:00:00+00:00, run_after=2025-07-13 00:00:00+00:00
[2025-07-13T23:31:46.045+0300] {processor.py:183} INFO - Processing /home/wal/.pyenv/versions/3.12.0/lib/python3.12/site-packages/airflow/example_dags/example_branch_operator.py took 0.180 seconds
[2025-07-13T23:32:44.068+0300] {processor.py:161} INFO - Started process (PID=6151) to work on /home/wal/.pyenv/versions/3.12.0/lib/python3.12/site-packages/airflow/example_dags/example_branch_operator.py
[2025-07-13T23:32:44.070+0300] {processor.py:830} INFO - Processing file /home/wal/.pyenv/versions/3.12.0/lib/python3.12/site-packages/airflow/example_dags/example_branch_operator.py for tasks to queue
[2025-07-13T23:32:44.072+0300] {logging_mixin.py:188} INFO - [2025-07-13T23:32:44.072+0300] {dagbag.py:545} INFO - Filling up the DagBag from /home/wal/.pyenv/versions/3.12.0/lib/python3.12/site-packages/airflow/example_dags/example_branch_operator.py
[2025-07-13T23:32:44.099+0300] {processor.py:840} INFO - DAG(s) 'example_branch_operator' retrieved from /home/wal/.pyenv/versions/3.12.0/lib/python3.12/site-packages/airflow/example_dags/example_branch_operator.py
[2025-07-13T23:32:44.139+0300] {logging_mixin.py:188} INFO - [2025-07-13T23:32:44.139+0300] {dag.py:3096} INFO - Sync 1 DAGs
[2025-07-13T23:32:44.176+0300] {logging_mixin.py:188} INFO - [2025-07-13T23:32:44.176+0300] {dag.py:3954} INFO - Setting next_dagrun for example_branch_operator to 2025-07-12 00:00:00+00:00, run_after=2025-07-13 00:00:00+00:00
[2025-07-13T23:32:44.221+0300] {processor.py:183} INFO - Processing /home/wal/.pyenv/versions/3.12.0/lib/python3.12/site-packages/airflow/example_dags/example_branch_operator.py took 0.165 seconds
[2025-07-13T23:33:49.366+0300] {processor.py:161} INFO - Started process (PID=6206) to work on /home/wal/.pyenv/versions/3.12.0/lib/python3.12/site-packages/airflow/example_dags/example_branch_operator.py
[2025-07-13T23:33:49.373+0300] {processor.py:830} INFO - Processing file /home/wal/.pyenv/versions/3.12.0/lib/python3.12/site-packages/airflow/example_dags/example_branch_operator.py for tasks to queue
[2025-07-13T23:33:49.379+0300] {logging_mixin.py:188} INFO - [2025-07-13T23:33:49.377+0300] {dagbag.py:545} INFO - Filling up the DagBag from /home/wal/.pyenv/versions/3.12.0/lib/python3.12/site-packages/airflow/example_dags/example_branch_operator.py
[2025-07-13T23:33:49.412+0300] {processor.py:840} INFO - DAG(s) 'example_branch_operator' retrieved from /home/wal/.pyenv/versions/3.12.0/lib/python3.12/site-packages/airflow/example_dags/example_branch_operator.py
[2025-07-13T23:33:49.460+0300] {logging_mixin.py:188} INFO - [2025-07-13T23:33:49.459+0300] {dag.py:3096} INFO - Sync 1 DAGs
[2025-07-13T23:33:49.500+0300] {logging_mixin.py:188} INFO - [2025-07-13T23:33:49.500+0300] {dag.py:3954} INFO - Setting next_dagrun for example_branch_operator to 2025-07-12 00:00:00+00:00, run_after=2025-07-13 00:00:00+00:00
[2025-07-13T23:33:49.548+0300] {processor.py:183} INFO - Processing /home/wal/.pyenv/versions/3.12.0/lib/python3.12/site-packages/airflow/example_dags/example_branch_operator.py took 0.194 seconds
[2025-07-13T23:35:02.305+0300] {processor.py:161} INFO - Started process (PID=6262) to work on /home/wal/.pyenv/versions/3.12.0/lib/python3.12/site-packages/airflow/example_dags/example_branch_operator.py
[2025-07-13T23:35:02.307+0300] {processor.py:830} INFO - Processing file /home/wal/.pyenv/versions/3.12.0/lib/python3.12/site-packages/airflow/example_dags/example_branch_operator.py for tasks to queue
[2025-07-13T23:35:02.315+0300] {logging_mixin.py:188} INFO - [2025-07-13T23:35:02.314+0300] {dagbag.py:545} INFO - Filling up the DagBag from /home/wal/.pyenv/versions/3.12.0/lib/python3.12/site-packages/airflow/example_dags/example_branch_operator.py
[2025-07-13T23:35:02.366+0300] {processor.py:840} INFO - DAG(s) 'example_branch_operator' retrieved from /home/wal/.pyenv/versions/3.12.0/lib/python3.12/site-packages/airflow/example_dags/example_branch_operator.py
[2025-07-13T23:35:02.463+0300] {logging_mixin.py:188} INFO - [2025-07-13T23:35:02.461+0300] {dag.py:3096} INFO - Sync 1 DAGs
[2025-07-13T23:35:02.533+0300] {logging_mixin.py:188} INFO - [2025-07-13T23:35:02.532+0300] {dag.py:3954} INFO - Setting next_dagrun for example_branch_operator to 2025-07-12 00:00:00+00:00, run_after=2025-07-13 00:00:00+00:00
[2025-07-13T23:35:02.607+0300] {processor.py:183} INFO - Processing /home/wal/.pyenv/versions/3.12.0/lib/python3.12/site-packages/airflow/example_dags/example_branch_operator.py took 0.322 seconds
[2025-07-13T23:36:10.779+0300] {processor.py:161} INFO - Started process (PID=6324) to work on /home/wal/.pyenv/versions/3.12.0/lib/python3.12/site-packages/airflow/example_dags/example_branch_operator.py
[2025-07-13T23:36:10.787+0300] {processor.py:830} INFO - Processing file /home/wal/.pyenv/versions/3.12.0/lib/python3.12/site-packages/airflow/example_dags/example_branch_operator.py for tasks to queue
[2025-07-13T23:36:10.790+0300] {logging_mixin.py:188} INFO - [2025-07-13T23:36:10.789+0300] {dagbag.py:545} INFO - Filling up the DagBag from /home/wal/.pyenv/versions/3.12.0/lib/python3.12/site-packages/airflow/example_dags/example_branch_operator.py
[2025-07-13T23:36:10.822+0300] {processor.py:840} INFO - DAG(s) 'example_branch_operator' retrieved from /home/wal/.pyenv/versions/3.12.0/lib/python3.12/site-packages/airflow/example_dags/example_branch_operator.py
[2025-07-13T23:36:10.865+0300] {logging_mixin.py:188} INFO - [2025-07-13T23:36:10.865+0300] {dag.py:3096} INFO - Sync 1 DAGs
[2025-07-13T23:36:10.891+0300] {logging_mixin.py:188} INFO - [2025-07-13T23:36:10.890+0300] {dag.py:3954} INFO - Setting next_dagrun for example_branch_operator to 2025-07-12 00:00:00+00:00, run_after=2025-07-13 00:00:00+00:00
[2025-07-13T23:36:10.924+0300] {processor.py:183} INFO - Processing /home/wal/.pyenv/versions/3.12.0/lib/python3.12/site-packages/airflow/example_dags/example_branch_operator.py took 0.166 seconds
[2025-07-13T23:37:09.083+0300] {processor.py:161} INFO - Started process (PID=6376) to work on /home/wal/.pyenv/versions/3.12.0/lib/python3.12/site-packages/airflow/example_dags/example_branch_operator.py
[2025-07-13T23:37:09.090+0300] {processor.py:830} INFO - Processing file /home/wal/.pyenv/versions/3.12.0/lib/python3.12/site-packages/airflow/example_dags/example_branch_operator.py for tasks to queue
[2025-07-13T23:37:09.092+0300] {logging_mixin.py:188} INFO - [2025-07-13T23:37:09.091+0300] {dagbag.py:545} INFO - Filling up the DagBag from /home/wal/.pyenv/versions/3.12.0/lib/python3.12/site-packages/airflow/example_dags/example_branch_operator.py
[2025-07-13T23:37:09.118+0300] {processor.py:840} INFO - DAG(s) 'example_branch_operator' retrieved from /home/wal/.pyenv/versions/3.12.0/lib/python3.12/site-packages/airflow/example_dags/example_branch_operator.py
[2025-07-13T23:37:09.154+0300] {logging_mixin.py:188} INFO - [2025-07-13T23:37:09.154+0300] {dag.py:3096} INFO - Sync 1 DAGs
[2025-07-13T23:37:09.189+0300] {logging_mixin.py:188} INFO - [2025-07-13T23:37:09.189+0300] {dag.py:3954} INFO - Setting next_dagrun for example_branch_operator to 2025-07-12 00:00:00+00:00, run_after=2025-07-13 00:00:00+00:00
[2025-07-13T23:37:09.226+0300] {processor.py:183} INFO - Processing /home/wal/.pyenv/versions/3.12.0/lib/python3.12/site-packages/airflow/example_dags/example_branch_operator.py took 0.159 seconds
[2025-07-13T23:38:09.528+0300] {processor.py:161} INFO - Started process (PID=6429) to work on /home/wal/.pyenv/versions/3.12.0/lib/python3.12/site-packages/airflow/example_dags/example_branch_operator.py
[2025-07-13T23:38:09.534+0300] {processor.py:830} INFO - Processing file /home/wal/.pyenv/versions/3.12.0/lib/python3.12/site-packages/airflow/example_dags/example_branch_operator.py for tasks to queue
[2025-07-13T23:38:09.537+0300] {logging_mixin.py:188} INFO - [2025-07-13T23:38:09.536+0300] {dagbag.py:545} INFO - Filling up the DagBag from /home/wal/.pyenv/versions/3.12.0/lib/python3.12/site-packages/airflow/example_dags/example_branch_operator.py
[2025-07-13T23:38:09.559+0300] {processor.py:840} INFO - DAG(s) 'example_branch_operator' retrieved from /home/wal/.pyenv/versions/3.12.0/lib/python3.12/site-packages/airflow/example_dags/example_branch_operator.py
[2025-07-13T23:38:09.594+0300] {logging_mixin.py:188} INFO - [2025-07-13T23:38:09.593+0300] {dag.py:3096} INFO - Sync 1 DAGs
[2025-07-13T23:38:09.623+0300] {logging_mixin.py:188} INFO - [2025-07-13T23:38:09.623+0300] {dag.py:3954} INFO - Setting next_dagrun for example_branch_operator to 2025-07-12 00:00:00+00:00, run_after=2025-07-13 00:00:00+00:00
[2025-07-13T23:38:09.701+0300] {processor.py:183} INFO - Processing /home/wal/.pyenv/versions/3.12.0/lib/python3.12/site-packages/airflow/example_dags/example_branch_operator.py took 0.181 seconds
[2025-07-13T23:39:08.743+0300] {processor.py:161} INFO - Started process (PID=6481) to work on /home/wal/.pyenv/versions/3.12.0/lib/python3.12/site-packages/airflow/example_dags/example_branch_operator.py
[2025-07-13T23:39:08.750+0300] {processor.py:830} INFO - Processing file /home/wal/.pyenv/versions/3.12.0/lib/python3.12/site-packages/airflow/example_dags/example_branch_operator.py for tasks to queue
[2025-07-13T23:39:08.752+0300] {logging_mixin.py:188} INFO - [2025-07-13T23:39:08.751+0300] {dagbag.py:545} INFO - Filling up the DagBag from /home/wal/.pyenv/versions/3.12.0/lib/python3.12/site-packages/airflow/example_dags/example_branch_operator.py
[2025-07-13T23:39:08.775+0300] {processor.py:840} INFO - DAG(s) 'example_branch_operator' retrieved from /home/wal/.pyenv/versions/3.12.0/lib/python3.12/site-packages/airflow/example_dags/example_branch_operator.py
[2025-07-13T23:39:08.808+0300] {logging_mixin.py:188} INFO - [2025-07-13T23:39:08.808+0300] {dag.py:3096} INFO - Sync 1 DAGs
[2025-07-13T23:39:08.838+0300] {logging_mixin.py:188} INFO - [2025-07-13T23:39:08.838+0300] {dag.py:3954} INFO - Setting next_dagrun for example_branch_operator to 2025-07-12 00:00:00+00:00, run_after=2025-07-13 00:00:00+00:00
[2025-07-13T23:39:08.871+0300] {processor.py:183} INFO - Processing /home/wal/.pyenv/versions/3.12.0/lib/python3.12/site-packages/airflow/example_dags/example_branch_operator.py took 0.137 seconds
[2025-07-13T23:40:05.548+0300] {processor.py:161} INFO - Started process (PID=6532) to work on /home/wal/.pyenv/versions/3.12.0/lib/python3.12/site-packages/airflow/example_dags/example_branch_operator.py
[2025-07-13T23:40:05.549+0300] {processor.py:830} INFO - Processing file /home/wal/.pyenv/versions/3.12.0/lib/python3.12/site-packages/airflow/example_dags/example_branch_operator.py for tasks to queue
[2025-07-13T23:40:05.556+0300] {logging_mixin.py:188} INFO - [2025-07-13T23:40:05.555+0300] {dagbag.py:545} INFO - Filling up the DagBag from /home/wal/.pyenv/versions/3.12.0/lib/python3.12/site-packages/airflow/example_dags/example_branch_operator.py
[2025-07-13T23:40:05.579+0300] {processor.py:840} INFO - DAG(s) 'example_branch_operator' retrieved from /home/wal/.pyenv/versions/3.12.0/lib/python3.12/site-packages/airflow/example_dags/example_branch_operator.py
[2025-07-13T23:40:05.619+0300] {logging_mixin.py:188} INFO - [2025-07-13T23:40:05.618+0300] {dag.py:3096} INFO - Sync 1 DAGs
[2025-07-13T23:40:05.645+0300] {logging_mixin.py:188} INFO - [2025-07-13T23:40:05.645+0300] {dag.py:3954} INFO - Setting next_dagrun for example_branch_operator to 2025-07-12 00:00:00+00:00, run_after=2025-07-13 00:00:00+00:00
[2025-07-13T23:40:05.678+0300] {processor.py:183} INFO - Processing /home/wal/.pyenv/versions/3.12.0/lib/python3.12/site-packages/airflow/example_dags/example_branch_operator.py took 0.140 seconds
[2025-07-13T23:41:21.565+0300] {processor.py:161} INFO - Started process (PID=6605) to work on /home/wal/.pyenv/versions/3.12.0/lib/python3.12/site-packages/airflow/example_dags/example_branch_operator.py
[2025-07-13T23:41:21.571+0300] {processor.py:830} INFO - Processing file /home/wal/.pyenv/versions/3.12.0/lib/python3.12/site-packages/airflow/example_dags/example_branch_operator.py for tasks to queue
[2025-07-13T23:41:21.573+0300] {logging_mixin.py:188} INFO - [2025-07-13T23:41:21.573+0300] {dagbag.py:545} INFO - Filling up the DagBag from /home/wal/.pyenv/versions/3.12.0/lib/python3.12/site-packages/airflow/example_dags/example_branch_operator.py
[2025-07-13T23:41:21.596+0300] {processor.py:840} INFO - DAG(s) 'example_branch_operator' retrieved from /home/wal/.pyenv/versions/3.12.0/lib/python3.12/site-packages/airflow/example_dags/example_branch_operator.py
[2025-07-13T23:41:21.637+0300] {logging_mixin.py:188} INFO - [2025-07-13T23:41:21.636+0300] {dag.py:3096} INFO - Sync 1 DAGs
[2025-07-13T23:41:21.661+0300] {logging_mixin.py:188} INFO - [2025-07-13T23:41:21.661+0300] {dag.py:3954} INFO - Setting next_dagrun for example_branch_operator to 2025-07-12 00:00:00+00:00, run_after=2025-07-13 00:00:00+00:00
[2025-07-13T23:41:21.693+0300] {processor.py:183} INFO - Processing /home/wal/.pyenv/versions/3.12.0/lib/python3.12/site-packages/airflow/example_dags/example_branch_operator.py took 0.138 seconds
[2025-07-13T23:42:37.942+0300] {processor.py:161} INFO - Started process (PID=6678) to work on /home/wal/.pyenv/versions/3.12.0/lib/python3.12/site-packages/airflow/example_dags/example_branch_operator.py
[2025-07-13T23:42:37.949+0300] {processor.py:830} INFO - Processing file /home/wal/.pyenv/versions/3.12.0/lib/python3.12/site-packages/airflow/example_dags/example_branch_operator.py for tasks to queue
[2025-07-13T23:42:37.953+0300] {logging_mixin.py:188} INFO - [2025-07-13T23:42:37.951+0300] {dagbag.py:545} INFO - Filling up the DagBag from /home/wal/.pyenv/versions/3.12.0/lib/python3.12/site-packages/airflow/example_dags/example_branch_operator.py
[2025-07-13T23:42:37.989+0300] {processor.py:840} INFO - DAG(s) 'example_branch_operator' retrieved from /home/wal/.pyenv/versions/3.12.0/lib/python3.12/site-packages/airflow/example_dags/example_branch_operator.py
[2025-07-13T23:42:38.026+0300] {logging_mixin.py:188} INFO - [2025-07-13T23:42:38.026+0300] {dag.py:3096} INFO - Sync 1 DAGs
[2025-07-13T23:42:38.059+0300] {logging_mixin.py:188} INFO - [2025-07-13T23:42:38.058+0300] {dag.py:3954} INFO - Setting next_dagrun for example_branch_operator to 2025-07-12 00:00:00+00:00, run_after=2025-07-13 00:00:00+00:00
[2025-07-13T23:42:38.091+0300] {processor.py:183} INFO - Processing /home/wal/.pyenv/versions/3.12.0/lib/python3.12/site-packages/airflow/example_dags/example_branch_operator.py took 0.158 seconds
[2025-07-13T23:43:34.690+0300] {processor.py:161} INFO - Started process (PID=6729) to work on /home/wal/.pyenv/versions/3.12.0/lib/python3.12/site-packages/airflow/example_dags/example_branch_operator.py
[2025-07-13T23:43:34.694+0300] {processor.py:830} INFO - Processing file /home/wal/.pyenv/versions/3.12.0/lib/python3.12/site-packages/airflow/example_dags/example_branch_operator.py for tasks to queue
[2025-07-13T23:43:34.698+0300] {logging_mixin.py:188} INFO - [2025-07-13T23:43:34.697+0300] {dagbag.py:545} INFO - Filling up the DagBag from /home/wal/.pyenv/versions/3.12.0/lib/python3.12/site-packages/airflow/example_dags/example_branch_operator.py
[2025-07-13T23:43:34.731+0300] {processor.py:840} INFO - DAG(s) 'example_branch_operator' retrieved from /home/wal/.pyenv/versions/3.12.0/lib/python3.12/site-packages/airflow/example_dags/example_branch_operator.py
[2025-07-13T23:43:34.771+0300] {logging_mixin.py:188} INFO - [2025-07-13T23:43:34.770+0300] {dag.py:3096} INFO - Sync 1 DAGs
[2025-07-13T23:43:34.800+0300] {logging_mixin.py:188} INFO - [2025-07-13T23:43:34.800+0300] {dag.py:3954} INFO - Setting next_dagrun for example_branch_operator to 2025-07-12 00:00:00+00:00, run_after=2025-07-13 00:00:00+00:00
[2025-07-13T23:43:34.834+0300] {processor.py:183} INFO - Processing /home/wal/.pyenv/versions/3.12.0/lib/python3.12/site-packages/airflow/example_dags/example_branch_operator.py took 0.154 seconds
[2025-07-13T23:44:32.411+0300] {processor.py:161} INFO - Started process (PID=6780) to work on /home/wal/.pyenv/versions/3.12.0/lib/python3.12/site-packages/airflow/example_dags/example_branch_operator.py
[2025-07-13T23:44:32.413+0300] {processor.py:830} INFO - Processing file /home/wal/.pyenv/versions/3.12.0/lib/python3.12/site-packages/airflow/example_dags/example_branch_operator.py for tasks to queue
[2025-07-13T23:44:32.417+0300] {logging_mixin.py:188} INFO - [2025-07-13T23:44:32.417+0300] {dagbag.py:545} INFO - Filling up the DagBag from /home/wal/.pyenv/versions/3.12.0/lib/python3.12/site-packages/airflow/example_dags/example_branch_operator.py
[2025-07-13T23:44:32.441+0300] {processor.py:840} INFO - DAG(s) 'example_branch_operator' retrieved from /home/wal/.pyenv/versions/3.12.0/lib/python3.12/site-packages/airflow/example_dags/example_branch_operator.py
[2025-07-13T23:44:32.487+0300] {logging_mixin.py:188} INFO - [2025-07-13T23:44:32.486+0300] {dag.py:3096} INFO - Sync 1 DAGs
[2025-07-13T23:44:32.516+0300] {logging_mixin.py:188} INFO - [2025-07-13T23:44:32.516+0300] {dag.py:3954} INFO - Setting next_dagrun for example_branch_operator to 2025-07-12 00:00:00+00:00, run_after=2025-07-13 00:00:00+00:00
[2025-07-13T23:44:32.541+0300] {processor.py:183} INFO - Processing /home/wal/.pyenv/versions/3.12.0/lib/python3.12/site-packages/airflow/example_dags/example_branch_operator.py took 0.141 seconds
[2025-07-13T23:45:53.547+0300] {processor.py:161} INFO - Started process (PID=6858) to work on /home/wal/.pyenv/versions/3.12.0/lib/python3.12/site-packages/airflow/example_dags/example_branch_operator.py
[2025-07-13T23:45:53.554+0300] {processor.py:830} INFO - Processing file /home/wal/.pyenv/versions/3.12.0/lib/python3.12/site-packages/airflow/example_dags/example_branch_operator.py for tasks to queue
[2025-07-13T23:45:53.558+0300] {logging_mixin.py:188} INFO - [2025-07-13T23:45:53.557+0300] {dagbag.py:545} INFO - Filling up the DagBag from /home/wal/.pyenv/versions/3.12.0/lib/python3.12/site-packages/airflow/example_dags/example_branch_operator.py
[2025-07-13T23:45:53.592+0300] {processor.py:840} INFO - DAG(s) 'example_branch_operator' retrieved from /home/wal/.pyenv/versions/3.12.0/lib/python3.12/site-packages/airflow/example_dags/example_branch_operator.py
[2025-07-13T23:45:53.633+0300] {logging_mixin.py:188} INFO - [2025-07-13T23:45:53.632+0300] {dag.py:3096} INFO - Sync 1 DAGs
[2025-07-13T23:45:53.658+0300] {logging_mixin.py:188} INFO - [2025-07-13T23:45:53.658+0300] {dag.py:3954} INFO - Setting next_dagrun for example_branch_operator to 2025-07-12 00:00:00+00:00, run_after=2025-07-13 00:00:00+00:00
[2025-07-13T23:45:53.693+0300] {processor.py:183} INFO - Processing /home/wal/.pyenv/versions/3.12.0/lib/python3.12/site-packages/airflow/example_dags/example_branch_operator.py took 0.165 seconds
[2025-07-13T23:46:52.844+0300] {processor.py:161} INFO - Started process (PID=6911) to work on /home/wal/.pyenv/versions/3.12.0/lib/python3.12/site-packages/airflow/example_dags/example_branch_operator.py
[2025-07-13T23:46:52.850+0300] {processor.py:830} INFO - Processing file /home/wal/.pyenv/versions/3.12.0/lib/python3.12/site-packages/airflow/example_dags/example_branch_operator.py for tasks to queue
[2025-07-13T23:46:52.852+0300] {logging_mixin.py:188} INFO - [2025-07-13T23:46:52.852+0300] {dagbag.py:545} INFO - Filling up the DagBag from /home/wal/.pyenv/versions/3.12.0/lib/python3.12/site-packages/airflow/example_dags/example_branch_operator.py
[2025-07-13T23:46:52.882+0300] {processor.py:840} INFO - DAG(s) 'example_branch_operator' retrieved from /home/wal/.pyenv/versions/3.12.0/lib/python3.12/site-packages/airflow/example_dags/example_branch_operator.py
[2025-07-13T23:46:52.922+0300] {logging_mixin.py:188} INFO - [2025-07-13T23:46:52.921+0300] {dag.py:3096} INFO - Sync 1 DAGs
[2025-07-13T23:46:52.958+0300] {logging_mixin.py:188} INFO - [2025-07-13T23:46:52.958+0300] {dag.py:3954} INFO - Setting next_dagrun for example_branch_operator to 2025-07-12 00:00:00+00:00, run_after=2025-07-13 00:00:00+00:00
[2025-07-13T23:46:52.997+0300] {processor.py:183} INFO - Processing /home/wal/.pyenv/versions/3.12.0/lib/python3.12/site-packages/airflow/example_dags/example_branch_operator.py took 0.165 seconds
[2025-07-13T23:48:13.908+0300] {processor.py:161} INFO - Started process (PID=6985) to work on /home/wal/.pyenv/versions/3.12.0/lib/python3.12/site-packages/airflow/example_dags/example_branch_operator.py
[2025-07-13T23:48:13.916+0300] {processor.py:830} INFO - Processing file /home/wal/.pyenv/versions/3.12.0/lib/python3.12/site-packages/airflow/example_dags/example_branch_operator.py for tasks to queue
[2025-07-13T23:48:13.933+0300] {logging_mixin.py:188} INFO - [2025-07-13T23:48:13.931+0300] {dagbag.py:545} INFO - Filling up the DagBag from /home/wal/.pyenv/versions/3.12.0/lib/python3.12/site-packages/airflow/example_dags/example_branch_operator.py
[2025-07-13T23:48:13.978+0300] {processor.py:840} INFO - DAG(s) 'example_branch_operator' retrieved from /home/wal/.pyenv/versions/3.12.0/lib/python3.12/site-packages/airflow/example_dags/example_branch_operator.py
[2025-07-13T23:48:14.021+0300] {logging_mixin.py:188} INFO - [2025-07-13T23:48:14.021+0300] {dag.py:3096} INFO - Sync 1 DAGs
[2025-07-13T23:48:14.057+0300] {logging_mixin.py:188} INFO - [2025-07-13T23:48:14.056+0300] {dag.py:3954} INFO - Setting next_dagrun for example_branch_operator to 2025-07-12 00:00:00+00:00, run_after=2025-07-13 00:00:00+00:00
[2025-07-13T23:48:14.089+0300] {processor.py:183} INFO - Processing /home/wal/.pyenv/versions/3.12.0/lib/python3.12/site-packages/airflow/example_dags/example_branch_operator.py took 0.194 seconds
[2025-07-13T23:49:34.844+0300] {processor.py:161} INFO - Started process (PID=7059) to work on /home/wal/.pyenv/versions/3.12.0/lib/python3.12/site-packages/airflow/example_dags/example_branch_operator.py
[2025-07-13T23:49:34.850+0300] {processor.py:830} INFO - Processing file /home/wal/.pyenv/versions/3.12.0/lib/python3.12/site-packages/airflow/example_dags/example_branch_operator.py for tasks to queue
[2025-07-13T23:49:34.853+0300] {logging_mixin.py:188} INFO - [2025-07-13T23:49:34.852+0300] {dagbag.py:545} INFO - Filling up the DagBag from /home/wal/.pyenv/versions/3.12.0/lib/python3.12/site-packages/airflow/example_dags/example_branch_operator.py
[2025-07-13T23:49:34.875+0300] {processor.py:840} INFO - DAG(s) 'example_branch_operator' retrieved from /home/wal/.pyenv/versions/3.12.0/lib/python3.12/site-packages/airflow/example_dags/example_branch_operator.py
[2025-07-13T23:49:34.906+0300] {logging_mixin.py:188} INFO - [2025-07-13T23:49:34.906+0300] {dag.py:3096} INFO - Sync 1 DAGs
[2025-07-13T23:49:34.935+0300] {logging_mixin.py:188} INFO - [2025-07-13T23:49:34.935+0300] {dag.py:3954} INFO - Setting next_dagrun for example_branch_operator to 2025-07-12 00:00:00+00:00, run_after=2025-07-13 00:00:00+00:00
[2025-07-13T23:49:34.968+0300] {processor.py:183} INFO - Processing /home/wal/.pyenv/versions/3.12.0/lib/python3.12/site-packages/airflow/example_dags/example_branch_operator.py took 0.132 seconds
[2025-07-13T23:50:54.199+0300] {processor.py:161} INFO - Started process (PID=7133) to work on /home/wal/.pyenv/versions/3.12.0/lib/python3.12/site-packages/airflow/example_dags/example_branch_operator.py
[2025-07-13T23:50:54.205+0300] {processor.py:830} INFO - Processing file /home/wal/.pyenv/versions/3.12.0/lib/python3.12/site-packages/airflow/example_dags/example_branch_operator.py for tasks to queue
[2025-07-13T23:50:54.208+0300] {logging_mixin.py:188} INFO - [2025-07-13T23:50:54.207+0300] {dagbag.py:545} INFO - Filling up the DagBag from /home/wal/.pyenv/versions/3.12.0/lib/python3.12/site-packages/airflow/example_dags/example_branch_operator.py
[2025-07-13T23:50:54.230+0300] {processor.py:840} INFO - DAG(s) 'example_branch_operator' retrieved from /home/wal/.pyenv/versions/3.12.0/lib/python3.12/site-packages/airflow/example_dags/example_branch_operator.py
[2025-07-13T23:50:54.262+0300] {logging_mixin.py:188} INFO - [2025-07-13T23:50:54.262+0300] {dag.py:3096} INFO - Sync 1 DAGs
[2025-07-13T23:50:54.290+0300] {logging_mixin.py:188} INFO - [2025-07-13T23:50:54.290+0300] {dag.py:3954} INFO - Setting next_dagrun for example_branch_operator to 2025-07-12 00:00:00+00:00, run_after=2025-07-13 00:00:00+00:00
[2025-07-13T23:50:54.324+0300] {processor.py:183} INFO - Processing /home/wal/.pyenv/versions/3.12.0/lib/python3.12/site-packages/airflow/example_dags/example_branch_operator.py took 0.133 seconds
[2025-07-13T23:51:54.651+0300] {processor.py:161} INFO - Started process (PID=7185) to work on /home/wal/.pyenv/versions/3.12.0/lib/python3.12/site-packages/airflow/example_dags/example_branch_operator.py
[2025-07-13T23:51:54.654+0300] {processor.py:830} INFO - Processing file /home/wal/.pyenv/versions/3.12.0/lib/python3.12/site-packages/airflow/example_dags/example_branch_operator.py for tasks to queue
[2025-07-13T23:51:54.657+0300] {logging_mixin.py:188} INFO - [2025-07-13T23:51:54.656+0300] {dagbag.py:545} INFO - Filling up the DagBag from /home/wal/.pyenv/versions/3.12.0/lib/python3.12/site-packages/airflow/example_dags/example_branch_operator.py
[2025-07-13T23:51:54.688+0300] {processor.py:840} INFO - DAG(s) 'example_branch_operator' retrieved from /home/wal/.pyenv/versions/3.12.0/lib/python3.12/site-packages/airflow/example_dags/example_branch_operator.py
[2025-07-13T23:51:54.734+0300] {logging_mixin.py:188} INFO - [2025-07-13T23:51:54.733+0300] {dag.py:3096} INFO - Sync 1 DAGs
[2025-07-13T23:51:54.768+0300] {logging_mixin.py:188} INFO - [2025-07-13T23:51:54.767+0300] {dag.py:3954} INFO - Setting next_dagrun for example_branch_operator to 2025-07-12 00:00:00+00:00, run_after=2025-07-13 00:00:00+00:00
[2025-07-13T23:51:54.803+0300] {processor.py:183} INFO - Processing /home/wal/.pyenv/versions/3.12.0/lib/python3.12/site-packages/airflow/example_dags/example_branch_operator.py took 0.166 seconds
[2025-07-13T23:52:54.186+0300] {processor.py:161} INFO - Started process (PID=7240) to work on /home/wal/.pyenv/versions/3.12.0/lib/python3.12/site-packages/airflow/example_dags/example_branch_operator.py
[2025-07-13T23:52:54.192+0300] {processor.py:830} INFO - Processing file /home/wal/.pyenv/versions/3.12.0/lib/python3.12/site-packages/airflow/example_dags/example_branch_operator.py for tasks to queue
[2025-07-13T23:52:54.195+0300] {logging_mixin.py:188} INFO - [2025-07-13T23:52:54.194+0300] {dagbag.py:545} INFO - Filling up the DagBag from /home/wal/.pyenv/versions/3.12.0/lib/python3.12/site-packages/airflow/example_dags/example_branch_operator.py
[2025-07-13T23:52:54.221+0300] {processor.py:840} INFO - DAG(s) 'example_branch_operator' retrieved from /home/wal/.pyenv/versions/3.12.0/lib/python3.12/site-packages/airflow/example_dags/example_branch_operator.py
[2025-07-13T23:52:54.262+0300] {logging_mixin.py:188} INFO - [2025-07-13T23:52:54.262+0300] {dag.py:3096} INFO - Sync 1 DAGs
[2025-07-13T23:52:54.369+0300] {logging_mixin.py:188} INFO - [2025-07-13T23:52:54.359+0300] {dag.py:3954} INFO - Setting next_dagrun for example_branch_operator to 2025-07-12 00:00:00+00:00, run_after=2025-07-13 00:00:00+00:00
[2025-07-13T23:52:54.458+0300] {processor.py:183} INFO - Processing /home/wal/.pyenv/versions/3.12.0/lib/python3.12/site-packages/airflow/example_dags/example_branch_operator.py took 0.283 seconds
[2025-07-13T23:54:16.715+0300] {processor.py:161} INFO - Started process (PID=7314) to work on /home/wal/.pyenv/versions/3.12.0/lib/python3.12/site-packages/airflow/example_dags/example_branch_operator.py
[2025-07-13T23:54:16.722+0300] {processor.py:830} INFO - Processing file /home/wal/.pyenv/versions/3.12.0/lib/python3.12/site-packages/airflow/example_dags/example_branch_operator.py for tasks to queue
[2025-07-13T23:54:16.727+0300] {logging_mixin.py:188} INFO - [2025-07-13T23:54:16.726+0300] {dagbag.py:545} INFO - Filling up the DagBag from /home/wal/.pyenv/versions/3.12.0/lib/python3.12/site-packages/airflow/example_dags/example_branch_operator.py
[2025-07-13T23:54:16.751+0300] {processor.py:840} INFO - DAG(s) 'example_branch_operator' retrieved from /home/wal/.pyenv/versions/3.12.0/lib/python3.12/site-packages/airflow/example_dags/example_branch_operator.py
[2025-07-13T23:54:16.785+0300] {logging_mixin.py:188} INFO - [2025-07-13T23:54:16.785+0300] {dag.py:3096} INFO - Sync 1 DAGs
[2025-07-13T23:54:16.815+0300] {logging_mixin.py:188} INFO - [2025-07-13T23:54:16.815+0300] {dag.py:3954} INFO - Setting next_dagrun for example_branch_operator to 2025-07-12 00:00:00+00:00, run_after=2025-07-13 00:00:00+00:00
[2025-07-13T23:54:16.850+0300] {processor.py:183} INFO - Processing /home/wal/.pyenv/versions/3.12.0/lib/python3.12/site-packages/airflow/example_dags/example_branch_operator.py took 0.147 seconds
[2025-07-13T23:55:14.672+0300] {processor.py:161} INFO - Started process (PID=7368) to work on /home/wal/.pyenv/versions/3.12.0/lib/python3.12/site-packages/airflow/example_dags/example_branch_operator.py
[2025-07-13T23:55:14.674+0300] {processor.py:830} INFO - Processing file /home/wal/.pyenv/versions/3.12.0/lib/python3.12/site-packages/airflow/example_dags/example_branch_operator.py for tasks to queue
[2025-07-13T23:55:14.677+0300] {logging_mixin.py:188} INFO - [2025-07-13T23:55:14.677+0300] {dagbag.py:545} INFO - Filling up the DagBag from /home/wal/.pyenv/versions/3.12.0/lib/python3.12/site-packages/airflow/example_dags/example_branch_operator.py
[2025-07-13T23:55:14.719+0300] {processor.py:840} INFO - DAG(s) 'example_branch_operator' retrieved from /home/wal/.pyenv/versions/3.12.0/lib/python3.12/site-packages/airflow/example_dags/example_branch_operator.py
[2025-07-13T23:55:14.783+0300] {logging_mixin.py:188} INFO - [2025-07-13T23:55:14.777+0300] {dag.py:3096} INFO - Sync 1 DAGs
[2025-07-13T23:55:14.838+0300] {logging_mixin.py:188} INFO - [2025-07-13T23:55:14.837+0300] {dag.py:3954} INFO - Setting next_dagrun for example_branch_operator to 2025-07-12 00:00:00+00:00, run_after=2025-07-13 00:00:00+00:00
[2025-07-13T23:55:14.872+0300] {processor.py:183} INFO - Processing /home/wal/.pyenv/versions/3.12.0/lib/python3.12/site-packages/airflow/example_dags/example_branch_operator.py took 0.216 seconds
[2025-07-13T23:56:37.949+0300] {processor.py:161} INFO - Started process (PID=7443) to work on /home/wal/.pyenv/versions/3.12.0/lib/python3.12/site-packages/airflow/example_dags/example_branch_operator.py
[2025-07-13T23:56:37.951+0300] {processor.py:830} INFO - Processing file /home/wal/.pyenv/versions/3.12.0/lib/python3.12/site-packages/airflow/example_dags/example_branch_operator.py for tasks to queue
[2025-07-13T23:56:37.953+0300] {logging_mixin.py:188} INFO - [2025-07-13T23:56:37.953+0300] {dagbag.py:545} INFO - Filling up the DagBag from /home/wal/.pyenv/versions/3.12.0/lib/python3.12/site-packages/airflow/example_dags/example_branch_operator.py
[2025-07-13T23:56:37.984+0300] {processor.py:840} INFO - DAG(s) 'example_branch_operator' retrieved from /home/wal/.pyenv/versions/3.12.0/lib/python3.12/site-packages/airflow/example_dags/example_branch_operator.py
[2025-07-13T23:56:38.026+0300] {logging_mixin.py:188} INFO - [2025-07-13T23:56:38.026+0300] {dag.py:3096} INFO - Sync 1 DAGs
[2025-07-13T23:56:38.064+0300] {logging_mixin.py:188} INFO - [2025-07-13T23:56:38.064+0300] {dag.py:3954} INFO - Setting next_dagrun for example_branch_operator to 2025-07-12 00:00:00+00:00, run_after=2025-07-13 00:00:00+00:00
[2025-07-13T23:56:38.107+0300] {processor.py:183} INFO - Processing /home/wal/.pyenv/versions/3.12.0/lib/python3.12/site-packages/airflow/example_dags/example_branch_operator.py took 0.168 seconds
[2025-07-13T23:57:35.792+0300] {processor.py:161} INFO - Started process (PID=7496) to work on /home/wal/.pyenv/versions/3.12.0/lib/python3.12/site-packages/airflow/example_dags/example_branch_operator.py
[2025-07-13T23:57:35.795+0300] {processor.py:830} INFO - Processing file /home/wal/.pyenv/versions/3.12.0/lib/python3.12/site-packages/airflow/example_dags/example_branch_operator.py for tasks to queue
[2025-07-13T23:57:35.797+0300] {logging_mixin.py:188} INFO - [2025-07-13T23:57:35.797+0300] {dagbag.py:545} INFO - Filling up the DagBag from /home/wal/.pyenv/versions/3.12.0/lib/python3.12/site-packages/airflow/example_dags/example_branch_operator.py
[2025-07-13T23:57:35.821+0300] {processor.py:840} INFO - DAG(s) 'example_branch_operator' retrieved from /home/wal/.pyenv/versions/3.12.0/lib/python3.12/site-packages/airflow/example_dags/example_branch_operator.py
[2025-07-13T23:57:35.857+0300] {logging_mixin.py:188} INFO - [2025-07-13T23:57:35.856+0300] {dag.py:3096} INFO - Sync 1 DAGs
[2025-07-13T23:57:35.889+0300] {logging_mixin.py:188} INFO - [2025-07-13T23:57:35.889+0300] {dag.py:3954} INFO - Setting next_dagrun for example_branch_operator to 2025-07-12 00:00:00+00:00, run_after=2025-07-13 00:00:00+00:00
[2025-07-13T23:57:35.923+0300] {processor.py:183} INFO - Processing /home/wal/.pyenv/versions/3.12.0/lib/python3.12/site-packages/airflow/example_dags/example_branch_operator.py took 0.141 seconds
[2025-07-13T23:58:57.914+0300] {processor.py:161} INFO - Started process (PID=7570) to work on /home/wal/.pyenv/versions/3.12.0/lib/python3.12/site-packages/airflow/example_dags/example_branch_operator.py
[2025-07-13T23:58:57.915+0300] {processor.py:830} INFO - Processing file /home/wal/.pyenv/versions/3.12.0/lib/python3.12/site-packages/airflow/example_dags/example_branch_operator.py for tasks to queue
[2025-07-13T23:58:57.921+0300] {logging_mixin.py:188} INFO - [2025-07-13T23:58:57.918+0300] {dagbag.py:545} INFO - Filling up the DagBag from /home/wal/.pyenv/versions/3.12.0/lib/python3.12/site-packages/airflow/example_dags/example_branch_operator.py
[2025-07-13T23:58:57.946+0300] {processor.py:840} INFO - DAG(s) 'example_branch_operator' retrieved from /home/wal/.pyenv/versions/3.12.0/lib/python3.12/site-packages/airflow/example_dags/example_branch_operator.py
[2025-07-13T23:58:57.983+0300] {logging_mixin.py:188} INFO - [2025-07-13T23:58:57.983+0300] {dag.py:3096} INFO - Sync 1 DAGs
[2025-07-13T23:58:58.017+0300] {logging_mixin.py:188} INFO - [2025-07-13T23:58:58.016+0300] {dag.py:3954} INFO - Setting next_dagrun for example_branch_operator to 2025-07-12 00:00:00+00:00, run_after=2025-07-13 00:00:00+00:00
[2025-07-13T23:58:58.052+0300] {processor.py:183} INFO - Processing /home/wal/.pyenv/versions/3.12.0/lib/python3.12/site-packages/airflow/example_dags/example_branch_operator.py took 0.150 seconds
[2025-07-14T00:00:25.809+0300] {processor.py:161} INFO - Started process (PID=7666) to work on /home/wal/.pyenv/versions/3.12.0/lib/python3.12/site-packages/airflow/example_dags/example_branch_operator.py
[2025-07-14T00:00:25.817+0300] {processor.py:830} INFO - Processing file /home/wal/.pyenv/versions/3.12.0/lib/python3.12/site-packages/airflow/example_dags/example_branch_operator.py for tasks to queue
[2025-07-14T00:00:25.826+0300] {logging_mixin.py:188} INFO - [2025-07-14T00:00:25.825+0300] {dagbag.py:545} INFO - Filling up the DagBag from /home/wal/.pyenv/versions/3.12.0/lib/python3.12/site-packages/airflow/example_dags/example_branch_operator.py
[2025-07-14T00:00:25.873+0300] {processor.py:840} INFO - DAG(s) 'example_branch_operator' retrieved from /home/wal/.pyenv/versions/3.12.0/lib/python3.12/site-packages/airflow/example_dags/example_branch_operator.py
[2025-07-14T00:00:25.923+0300] {logging_mixin.py:188} INFO - [2025-07-14T00:00:25.922+0300] {dag.py:3096} INFO - Sync 1 DAGs
[2025-07-14T00:00:25.956+0300] {logging_mixin.py:188} INFO - [2025-07-14T00:00:25.956+0300] {dag.py:3954} INFO - Setting next_dagrun for example_branch_operator to 2025-07-12 00:00:00+00:00, run_after=2025-07-13 00:00:00+00:00
[2025-07-14T00:00:26.000+0300] {processor.py:183} INFO - Processing /home/wal/.pyenv/versions/3.12.0/lib/python3.12/site-packages/airflow/example_dags/example_branch_operator.py took 0.203 seconds
[2025-07-14T00:01:48.513+0300] {processor.py:161} INFO - Started process (PID=7741) to work on /home/wal/.pyenv/versions/3.12.0/lib/python3.12/site-packages/airflow/example_dags/example_branch_operator.py
[2025-07-14T00:01:48.519+0300] {processor.py:830} INFO - Processing file /home/wal/.pyenv/versions/3.12.0/lib/python3.12/site-packages/airflow/example_dags/example_branch_operator.py for tasks to queue
[2025-07-14T00:01:48.522+0300] {logging_mixin.py:188} INFO - [2025-07-14T00:01:48.522+0300] {dagbag.py:545} INFO - Filling up the DagBag from /home/wal/.pyenv/versions/3.12.0/lib/python3.12/site-packages/airflow/example_dags/example_branch_operator.py
[2025-07-14T00:01:48.545+0300] {processor.py:840} INFO - DAG(s) 'example_branch_operator' retrieved from /home/wal/.pyenv/versions/3.12.0/lib/python3.12/site-packages/airflow/example_dags/example_branch_operator.py
[2025-07-14T00:01:48.579+0300] {logging_mixin.py:188} INFO - [2025-07-14T00:01:48.578+0300] {dag.py:3096} INFO - Sync 1 DAGs
[2025-07-14T00:01:48.608+0300] {logging_mixin.py:188} INFO - [2025-07-14T00:01:48.608+0300] {dag.py:3954} INFO - Setting next_dagrun for example_branch_operator to 2025-07-12 00:00:00+00:00, run_after=2025-07-13 00:00:00+00:00
[2025-07-14T00:01:48.645+0300] {processor.py:183} INFO - Processing /home/wal/.pyenv/versions/3.12.0/lib/python3.12/site-packages/airflow/example_dags/example_branch_operator.py took 0.141 seconds
[2025-07-14T00:03:11.520+0300] {processor.py:161} INFO - Started process (PID=7817) to work on /home/wal/.pyenv/versions/3.12.0/lib/python3.12/site-packages/airflow/example_dags/example_branch_operator.py
[2025-07-14T00:03:11.526+0300] {processor.py:830} INFO - Processing file /home/wal/.pyenv/versions/3.12.0/lib/python3.12/site-packages/airflow/example_dags/example_branch_operator.py for tasks to queue
[2025-07-14T00:03:11.528+0300] {logging_mixin.py:188} INFO - [2025-07-14T00:03:11.527+0300] {dagbag.py:545} INFO - Filling up the DagBag from /home/wal/.pyenv/versions/3.12.0/lib/python3.12/site-packages/airflow/example_dags/example_branch_operator.py
[2025-07-14T00:03:11.550+0300] {processor.py:840} INFO - DAG(s) 'example_branch_operator' retrieved from /home/wal/.pyenv/versions/3.12.0/lib/python3.12/site-packages/airflow/example_dags/example_branch_operator.py
[2025-07-14T00:03:11.585+0300] {logging_mixin.py:188} INFO - [2025-07-14T00:03:11.585+0300] {dag.py:3096} INFO - Sync 1 DAGs
[2025-07-14T00:03:11.609+0300] {logging_mixin.py:188} INFO - [2025-07-14T00:03:11.609+0300] {dag.py:3954} INFO - Setting next_dagrun for example_branch_operator to 2025-07-12 00:00:00+00:00, run_after=2025-07-13 00:00:00+00:00
[2025-07-14T00:03:11.640+0300] {processor.py:183} INFO - Processing /home/wal/.pyenv/versions/3.12.0/lib/python3.12/site-packages/airflow/example_dags/example_branch_operator.py took 0.131 seconds
[2025-07-14T00:04:29.183+0300] {processor.py:161} INFO - Started process (PID=7889) to work on /home/wal/.pyenv/versions/3.12.0/lib/python3.12/site-packages/airflow/example_dags/example_branch_operator.py
[2025-07-14T00:04:29.186+0300] {processor.py:830} INFO - Processing file /home/wal/.pyenv/versions/3.12.0/lib/python3.12/site-packages/airflow/example_dags/example_branch_operator.py for tasks to queue
[2025-07-14T00:04:29.188+0300] {logging_mixin.py:188} INFO - [2025-07-14T00:04:29.187+0300] {dagbag.py:545} INFO - Filling up the DagBag from /home/wal/.pyenv/versions/3.12.0/lib/python3.12/site-packages/airflow/example_dags/example_branch_operator.py
[2025-07-14T00:04:29.212+0300] {processor.py:840} INFO - DAG(s) 'example_branch_operator' retrieved from /home/wal/.pyenv/versions/3.12.0/lib/python3.12/site-packages/airflow/example_dags/example_branch_operator.py
[2025-07-14T00:04:29.251+0300] {logging_mixin.py:188} INFO - [2025-07-14T00:04:29.251+0300] {dag.py:3096} INFO - Sync 1 DAGs
[2025-07-14T00:04:29.284+0300] {logging_mixin.py:188} INFO - [2025-07-14T00:04:29.284+0300] {dag.py:3954} INFO - Setting next_dagrun for example_branch_operator to 2025-07-12 00:00:00+00:00, run_after=2025-07-13 00:00:00+00:00
[2025-07-14T00:04:29.317+0300] {processor.py:183} INFO - Processing /home/wal/.pyenv/versions/3.12.0/lib/python3.12/site-packages/airflow/example_dags/example_branch_operator.py took 0.143 seconds
[2025-07-14T00:05:25.213+0300] {processor.py:161} INFO - Started process (PID=7946) to work on /home/wal/.pyenv/versions/3.12.0/lib/python3.12/site-packages/airflow/example_dags/example_branch_operator.py
[2025-07-14T00:05:25.219+0300] {processor.py:830} INFO - Processing file /home/wal/.pyenv/versions/3.12.0/lib/python3.12/site-packages/airflow/example_dags/example_branch_operator.py for tasks to queue
[2025-07-14T00:05:25.225+0300] {logging_mixin.py:188} INFO - [2025-07-14T00:05:25.223+0300] {dagbag.py:545} INFO - Filling up the DagBag from /home/wal/.pyenv/versions/3.12.0/lib/python3.12/site-packages/airflow/example_dags/example_branch_operator.py
[2025-07-14T00:05:25.279+0300] {processor.py:840} INFO - DAG(s) 'example_branch_operator' retrieved from /home/wal/.pyenv/versions/3.12.0/lib/python3.12/site-packages/airflow/example_dags/example_branch_operator.py
[2025-07-14T00:05:25.342+0300] {logging_mixin.py:188} INFO - [2025-07-14T00:05:25.342+0300] {dag.py:3096} INFO - Sync 1 DAGs
[2025-07-14T00:05:25.381+0300] {logging_mixin.py:188} INFO - [2025-07-14T00:05:25.380+0300] {dag.py:3954} INFO - Setting next_dagrun for example_branch_operator to 2025-07-12 00:00:00+00:00, run_after=2025-07-13 00:00:00+00:00
[2025-07-14T00:05:25.423+0300] {processor.py:183} INFO - Processing /home/wal/.pyenv/versions/3.12.0/lib/python3.12/site-packages/airflow/example_dags/example_branch_operator.py took 0.223 seconds
[2025-07-14T00:06:43.837+0300] {processor.py:161} INFO - Started process (PID=8019) to work on /home/wal/.pyenv/versions/3.12.0/lib/python3.12/site-packages/airflow/example_dags/example_branch_operator.py
[2025-07-14T00:06:43.843+0300] {processor.py:830} INFO - Processing file /home/wal/.pyenv/versions/3.12.0/lib/python3.12/site-packages/airflow/example_dags/example_branch_operator.py for tasks to queue
[2025-07-14T00:06:43.846+0300] {logging_mixin.py:188} INFO - [2025-07-14T00:06:43.845+0300] {dagbag.py:545} INFO - Filling up the DagBag from /home/wal/.pyenv/versions/3.12.0/lib/python3.12/site-packages/airflow/example_dags/example_branch_operator.py
[2025-07-14T00:06:43.868+0300] {processor.py:840} INFO - DAG(s) 'example_branch_operator' retrieved from /home/wal/.pyenv/versions/3.12.0/lib/python3.12/site-packages/airflow/example_dags/example_branch_operator.py
[2025-07-14T00:06:43.901+0300] {logging_mixin.py:188} INFO - [2025-07-14T00:06:43.901+0300] {dag.py:3096} INFO - Sync 1 DAGs
[2025-07-14T00:06:43.932+0300] {logging_mixin.py:188} INFO - [2025-07-14T00:06:43.932+0300] {dag.py:3954} INFO - Setting next_dagrun for example_branch_operator to 2025-07-12 00:00:00+00:00, run_after=2025-07-13 00:00:00+00:00
[2025-07-14T00:06:43.968+0300] {processor.py:183} INFO - Processing /home/wal/.pyenv/versions/3.12.0/lib/python3.12/site-packages/airflow/example_dags/example_branch_operator.py took 0.141 seconds
[2025-07-14T00:08:12.960+0300] {processor.py:161} INFO - Started process (PID=8096) to work on /home/wal/.pyenv/versions/3.12.0/lib/python3.12/site-packages/airflow/example_dags/example_branch_operator.py
[2025-07-14T00:08:12.964+0300] {processor.py:830} INFO - Processing file /home/wal/.pyenv/versions/3.12.0/lib/python3.12/site-packages/airflow/example_dags/example_branch_operator.py for tasks to queue
[2025-07-14T00:08:12.971+0300] {logging_mixin.py:188} INFO - [2025-07-14T00:08:12.968+0300] {dagbag.py:545} INFO - Filling up the DagBag from /home/wal/.pyenv/versions/3.12.0/lib/python3.12/site-packages/airflow/example_dags/example_branch_operator.py
[2025-07-14T00:08:13.077+0300] {processor.py:840} INFO - DAG(s) 'example_branch_operator' retrieved from /home/wal/.pyenv/versions/3.12.0/lib/python3.12/site-packages/airflow/example_dags/example_branch_operator.py
[2025-07-14T00:08:13.204+0300] {logging_mixin.py:188} INFO - [2025-07-14T00:08:13.203+0300] {dag.py:3096} INFO - Sync 1 DAGs
[2025-07-14T00:08:13.284+0300] {logging_mixin.py:188} INFO - [2025-07-14T00:08:13.283+0300] {dag.py:3954} INFO - Setting next_dagrun for example_branch_operator to 2025-07-12 00:00:00+00:00, run_after=2025-07-13 00:00:00+00:00
[2025-07-14T00:08:13.362+0300] {processor.py:183} INFO - Processing /home/wal/.pyenv/versions/3.12.0/lib/python3.12/site-packages/airflow/example_dags/example_branch_operator.py took 0.446 seconds
