[2025-07-13T22:56:32.336+0300] {processor.py:161} INFO - Started process (PID=4043) to work on /home/wal/.pyenv/versions/3.12.0/lib/python3.12/site-packages/airflow/example_dags/example_branch_day_of_week_operator.py
[2025-07-13T22:56:32.337+0300] {processor.py:830} INFO - Processing file /home/wal/.pyenv/versions/3.12.0/lib/python3.12/site-packages/airflow/example_dags/example_branch_day_of_week_operator.py for tasks to queue
[2025-07-13T22:56:32.339+0300] {logging_mixin.py:188} INFO - [2025-07-13T22:56:32.338+0300] {dagbag.py:545} INFO - Filling up the DagBag from /home/wal/.pyenv/versions/3.12.0/lib/python3.12/site-packages/airflow/example_dags/example_branch_day_of_week_operator.py
[2025-07-13T22:56:32.347+0300] {processor.py:840} INFO - DAG(s) 'example_weekday_branch_operator' retrieved from /home/wal/.pyenv/versions/3.12.0/lib/python3.12/site-packages/airflow/example_dags/example_branch_day_of_week_operator.py
[2025-07-13T22:56:32.367+0300] {logging_mixin.py:188} INFO - [2025-07-13T22:56:32.366+0300] {dag.py:3096} INFO - Sync 1 DAGs
[2025-07-13T22:56:32.390+0300] {logging_mixin.py:188} INFO - [2025-07-13T22:56:32.390+0300] {dag.py:3954} INFO - Setting next_dagrun for example_weekday_branch_operator to 2025-07-12 00:00:00+00:00, run_after=2025-07-13 00:00:00+00:00
[2025-07-13T22:56:32.416+0300] {processor.py:183} INFO - Processing /home/wal/.pyenv/versions/3.12.0/lib/python3.12/site-packages/airflow/example_dags/example_branch_day_of_week_operator.py took 0.088 seconds
[2025-07-13T22:57:27.293+0300] {processor.py:161} INFO - Started process (PID=4181) to work on /home/wal/.pyenv/versions/3.12.0/lib/python3.12/site-packages/airflow/example_dags/example_branch_day_of_week_operator.py
[2025-07-13T22:57:27.294+0300] {processor.py:830} INFO - Processing file /home/wal/.pyenv/versions/3.12.0/lib/python3.12/site-packages/airflow/example_dags/example_branch_day_of_week_operator.py for tasks to queue
[2025-07-13T22:57:27.296+0300] {logging_mixin.py:188} INFO - [2025-07-13T22:57:27.296+0300] {dagbag.py:545} INFO - Filling up the DagBag from /home/wal/.pyenv/versions/3.12.0/lib/python3.12/site-packages/airflow/example_dags/example_branch_day_of_week_operator.py
[2025-07-13T22:57:27.306+0300] {processor.py:840} INFO - DAG(s) 'example_weekday_branch_operator' retrieved from /home/wal/.pyenv/versions/3.12.0/lib/python3.12/site-packages/airflow/example_dags/example_branch_day_of_week_operator.py
[2025-07-13T22:57:27.325+0300] {logging_mixin.py:188} INFO - [2025-07-13T22:57:27.325+0300] {dag.py:3096} INFO - Sync 1 DAGs
[2025-07-13T22:57:27.350+0300] {logging_mixin.py:188} INFO - [2025-07-13T22:57:27.349+0300] {dag.py:3954} INFO - Setting next_dagrun for example_weekday_branch_operator to 2025-07-12 00:00:00+00:00, run_after=2025-07-13 00:00:00+00:00
[2025-07-13T22:57:27.376+0300] {processor.py:183} INFO - Processing /home/wal/.pyenv/versions/3.12.0/lib/python3.12/site-packages/airflow/example_dags/example_branch_day_of_week_operator.py took 0.090 seconds
[2025-07-13T22:58:25.005+0300] {processor.py:161} INFO - Started process (PID=4291) to work on /home/wal/.pyenv/versions/3.12.0/lib/python3.12/site-packages/airflow/example_dags/example_branch_day_of_week_operator.py
[2025-07-13T22:58:25.007+0300] {processor.py:830} INFO - Processing file /home/wal/.pyenv/versions/3.12.0/lib/python3.12/site-packages/airflow/example_dags/example_branch_day_of_week_operator.py for tasks to queue
[2025-07-13T22:58:25.009+0300] {logging_mixin.py:188} INFO - [2025-07-13T22:58:25.009+0300] {dagbag.py:545} INFO - Filling up the DagBag from /home/wal/.pyenv/versions/3.12.0/lib/python3.12/site-packages/airflow/example_dags/example_branch_day_of_week_operator.py
[2025-07-13T22:58:25.018+0300] {processor.py:840} INFO - DAG(s) 'example_weekday_branch_operator' retrieved from /home/wal/.pyenv/versions/3.12.0/lib/python3.12/site-packages/airflow/example_dags/example_branch_day_of_week_operator.py
[2025-07-13T22:58:25.042+0300] {logging_mixin.py:188} INFO - [2025-07-13T22:58:25.041+0300] {dag.py:3096} INFO - Sync 1 DAGs
[2025-07-13T22:58:25.071+0300] {logging_mixin.py:188} INFO - [2025-07-13T22:58:25.071+0300] {dag.py:3954} INFO - Setting next_dagrun for example_weekday_branch_operator to 2025-07-12 00:00:00+00:00, run_after=2025-07-13 00:00:00+00:00
[2025-07-13T22:58:25.114+0300] {processor.py:183} INFO - Processing /home/wal/.pyenv/versions/3.12.0/lib/python3.12/site-packages/airflow/example_dags/example_branch_day_of_week_operator.py took 0.118 seconds
[2025-07-13T23:00:11.918+0300] {processor.py:161} INFO - Started process (PID=4551) to work on /home/wal/.pyenv/versions/3.12.0/lib/python3.12/site-packages/airflow/example_dags/example_branch_day_of_week_operator.py
[2025-07-13T23:00:11.919+0300] {processor.py:830} INFO - Processing file /home/wal/.pyenv/versions/3.12.0/lib/python3.12/site-packages/airflow/example_dags/example_branch_day_of_week_operator.py for tasks to queue
[2025-07-13T23:00:11.923+0300] {logging_mixin.py:188} INFO - [2025-07-13T23:00:11.922+0300] {dagbag.py:545} INFO - Filling up the DagBag from /home/wal/.pyenv/versions/3.12.0/lib/python3.12/site-packages/airflow/example_dags/example_branch_day_of_week_operator.py
[2025-07-13T23:00:11.944+0300] {processor.py:840} INFO - DAG(s) 'example_weekday_branch_operator' retrieved from /home/wal/.pyenv/versions/3.12.0/lib/python3.12/site-packages/airflow/example_dags/example_branch_day_of_week_operator.py
[2025-07-13T23:00:12.297+0300] {logging_mixin.py:188} INFO - [2025-07-13T23:00:12.297+0300] {dag.py:3096} INFO - Sync 1 DAGs
[2025-07-13T23:00:12.353+0300] {logging_mixin.py:188} INFO - [2025-07-13T23:00:12.353+0300] {dag.py:3954} INFO - Setting next_dagrun for example_weekday_branch_operator to 2025-07-12 00:00:00+00:00, run_after=2025-07-13 00:00:00+00:00
[2025-07-13T23:00:12.397+0300] {processor.py:183} INFO - Processing /home/wal/.pyenv/versions/3.12.0/lib/python3.12/site-packages/airflow/example_dags/example_branch_day_of_week_operator.py took 0.490 seconds
[2025-07-13T23:01:56.542+0300] {processor.py:161} INFO - Started process (PID=4618) to work on /home/wal/.pyenv/versions/3.12.0/lib/python3.12/site-packages/airflow/example_dags/example_branch_day_of_week_operator.py
[2025-07-13T23:01:56.544+0300] {processor.py:830} INFO - Processing file /home/wal/.pyenv/versions/3.12.0/lib/python3.12/site-packages/airflow/example_dags/example_branch_day_of_week_operator.py for tasks to queue
[2025-07-13T23:01:56.547+0300] {logging_mixin.py:188} INFO - [2025-07-13T23:01:56.546+0300] {dagbag.py:545} INFO - Filling up the DagBag from /home/wal/.pyenv/versions/3.12.0/lib/python3.12/site-packages/airflow/example_dags/example_branch_day_of_week_operator.py
[2025-07-13T23:01:56.562+0300] {processor.py:840} INFO - DAG(s) 'example_weekday_branch_operator' retrieved from /home/wal/.pyenv/versions/3.12.0/lib/python3.12/site-packages/airflow/example_dags/example_branch_day_of_week_operator.py
[2025-07-13T23:01:56.600+0300] {logging_mixin.py:188} INFO - [2025-07-13T23:01:56.599+0300] {dag.py:3096} INFO - Sync 1 DAGs
[2025-07-13T23:01:56.670+0300] {logging_mixin.py:188} INFO - [2025-07-13T23:01:56.669+0300] {dag.py:3954} INFO - Setting next_dagrun for example_weekday_branch_operator to 2025-07-12 00:00:00+00:00, run_after=2025-07-13 00:00:00+00:00
[2025-07-13T23:01:56.771+0300] {processor.py:183} INFO - Processing /home/wal/.pyenv/versions/3.12.0/lib/python3.12/site-packages/airflow/example_dags/example_branch_day_of_week_operator.py took 0.240 seconds
[2025-07-13T23:03:34.137+0300] {processor.py:161} INFO - Started process (PID=4689) to work on /home/wal/.pyenv/versions/3.12.0/lib/python3.12/site-packages/airflow/example_dags/example_branch_day_of_week_operator.py
[2025-07-13T23:03:34.144+0300] {processor.py:830} INFO - Processing file /home/wal/.pyenv/versions/3.12.0/lib/python3.12/site-packages/airflow/example_dags/example_branch_day_of_week_operator.py for tasks to queue
[2025-07-13T23:03:34.148+0300] {logging_mixin.py:188} INFO - [2025-07-13T23:03:34.147+0300] {dagbag.py:545} INFO - Filling up the DagBag from /home/wal/.pyenv/versions/3.12.0/lib/python3.12/site-packages/airflow/example_dags/example_branch_day_of_week_operator.py
[2025-07-13T23:03:34.169+0300] {processor.py:840} INFO - DAG(s) 'example_weekday_branch_operator' retrieved from /home/wal/.pyenv/versions/3.12.0/lib/python3.12/site-packages/airflow/example_dags/example_branch_day_of_week_operator.py
[2025-07-13T23:03:34.222+0300] {logging_mixin.py:188} INFO - [2025-07-13T23:03:34.222+0300] {dag.py:3096} INFO - Sync 1 DAGs
[2025-07-13T23:03:34.326+0300] {logging_mixin.py:188} INFO - [2025-07-13T23:03:34.325+0300] {dag.py:3954} INFO - Setting next_dagrun for example_weekday_branch_operator to 2025-07-12 00:00:00+00:00, run_after=2025-07-13 00:00:00+00:00
[2025-07-13T23:03:34.415+0300] {processor.py:183} INFO - Processing /home/wal/.pyenv/versions/3.12.0/lib/python3.12/site-packages/airflow/example_dags/example_branch_day_of_week_operator.py took 0.292 seconds
[2025-07-13T23:04:49.531+0300] {processor.py:161} INFO - Started process (PID=4749) to work on /home/wal/.pyenv/versions/3.12.0/lib/python3.12/site-packages/airflow/example_dags/example_branch_day_of_week_operator.py
[2025-07-13T23:04:49.533+0300] {processor.py:830} INFO - Processing file /home/wal/.pyenv/versions/3.12.0/lib/python3.12/site-packages/airflow/example_dags/example_branch_day_of_week_operator.py for tasks to queue
[2025-07-13T23:04:49.535+0300] {logging_mixin.py:188} INFO - [2025-07-13T23:04:49.535+0300] {dagbag.py:545} INFO - Filling up the DagBag from /home/wal/.pyenv/versions/3.12.0/lib/python3.12/site-packages/airflow/example_dags/example_branch_day_of_week_operator.py
[2025-07-13T23:04:49.549+0300] {processor.py:840} INFO - DAG(s) 'example_weekday_branch_operator' retrieved from /home/wal/.pyenv/versions/3.12.0/lib/python3.12/site-packages/airflow/example_dags/example_branch_day_of_week_operator.py
[2025-07-13T23:04:49.579+0300] {logging_mixin.py:188} INFO - [2025-07-13T23:04:49.579+0300] {dag.py:3096} INFO - Sync 1 DAGs
[2025-07-13T23:04:49.617+0300] {logging_mixin.py:188} INFO - [2025-07-13T23:04:49.617+0300] {dag.py:3954} INFO - Setting next_dagrun for example_weekday_branch_operator to 2025-07-12 00:00:00+00:00, run_after=2025-07-13 00:00:00+00:00
[2025-07-13T23:04:49.659+0300] {processor.py:183} INFO - Processing /home/wal/.pyenv/versions/3.12.0/lib/python3.12/site-packages/airflow/example_dags/example_branch_day_of_week_operator.py took 0.137 seconds
[2025-07-13T23:06:18.489+0300] {processor.py:161} INFO - Started process (PID=4815) to work on /home/wal/.pyenv/versions/3.12.0/lib/python3.12/site-packages/airflow/example_dags/example_branch_day_of_week_operator.py
[2025-07-13T23:06:18.502+0300] {processor.py:830} INFO - Processing file /home/wal/.pyenv/versions/3.12.0/lib/python3.12/site-packages/airflow/example_dags/example_branch_day_of_week_operator.py for tasks to queue
[2025-07-13T23:06:18.508+0300] {logging_mixin.py:188} INFO - [2025-07-13T23:06:18.506+0300] {dagbag.py:545} INFO - Filling up the DagBag from /home/wal/.pyenv/versions/3.12.0/lib/python3.12/site-packages/airflow/example_dags/example_branch_day_of_week_operator.py
[2025-07-13T23:06:18.577+0300] {processor.py:840} INFO - DAG(s) 'example_weekday_branch_operator' retrieved from /home/wal/.pyenv/versions/3.12.0/lib/python3.12/site-packages/airflow/example_dags/example_branch_day_of_week_operator.py
[2025-07-13T23:06:18.698+0300] {logging_mixin.py:188} INFO - [2025-07-13T23:06:18.697+0300] {dag.py:3096} INFO - Sync 1 DAGs
[2025-07-13T23:06:18.914+0300] {logging_mixin.py:188} INFO - [2025-07-13T23:06:18.913+0300] {dag.py:3954} INFO - Setting next_dagrun for example_weekday_branch_operator to 2025-07-12 00:00:00+00:00, run_after=2025-07-13 00:00:00+00:00
[2025-07-13T23:06:19.048+0300] {processor.py:183} INFO - Processing /home/wal/.pyenv/versions/3.12.0/lib/python3.12/site-packages/airflow/example_dags/example_branch_day_of_week_operator.py took 0.613 seconds
[2025-07-13T23:07:48.167+0300] {processor.py:161} INFO - Started process (PID=4884) to work on /home/wal/.pyenv/versions/3.12.0/lib/python3.12/site-packages/airflow/example_dags/example_branch_day_of_week_operator.py
[2025-07-13T23:07:48.174+0300] {processor.py:830} INFO - Processing file /home/wal/.pyenv/versions/3.12.0/lib/python3.12/site-packages/airflow/example_dags/example_branch_day_of_week_operator.py for tasks to queue
[2025-07-13T23:07:48.179+0300] {logging_mixin.py:188} INFO - [2025-07-13T23:07:48.178+0300] {dagbag.py:545} INFO - Filling up the DagBag from /home/wal/.pyenv/versions/3.12.0/lib/python3.12/site-packages/airflow/example_dags/example_branch_day_of_week_operator.py
[2025-07-13T23:07:48.205+0300] {processor.py:840} INFO - DAG(s) 'example_weekday_branch_operator' retrieved from /home/wal/.pyenv/versions/3.12.0/lib/python3.12/site-packages/airflow/example_dags/example_branch_day_of_week_operator.py
[2025-07-13T23:07:48.286+0300] {logging_mixin.py:188} INFO - [2025-07-13T23:07:48.285+0300] {dag.py:3096} INFO - Sync 1 DAGs
[2025-07-13T23:07:48.366+0300] {logging_mixin.py:188} INFO - [2025-07-13T23:07:48.365+0300] {dag.py:3954} INFO - Setting next_dagrun for example_weekday_branch_operator to 2025-07-12 00:00:00+00:00, run_after=2025-07-13 00:00:00+00:00
[2025-07-13T23:07:48.432+0300] {processor.py:183} INFO - Processing /home/wal/.pyenv/versions/3.12.0/lib/python3.12/site-packages/airflow/example_dags/example_branch_day_of_week_operator.py took 0.283 seconds
[2025-07-13T23:08:47.034+0300] {processor.py:161} INFO - Started process (PID=4937) to work on /home/wal/.pyenv/versions/3.12.0/lib/python3.12/site-packages/airflow/example_dags/example_branch_day_of_week_operator.py
[2025-07-13T23:08:47.037+0300] {processor.py:830} INFO - Processing file /home/wal/.pyenv/versions/3.12.0/lib/python3.12/site-packages/airflow/example_dags/example_branch_day_of_week_operator.py for tasks to queue
[2025-07-13T23:08:47.040+0300] {logging_mixin.py:188} INFO - [2025-07-13T23:08:47.040+0300] {dagbag.py:545} INFO - Filling up the DagBag from /home/wal/.pyenv/versions/3.12.0/lib/python3.12/site-packages/airflow/example_dags/example_branch_day_of_week_operator.py
[2025-07-13T23:08:47.062+0300] {processor.py:840} INFO - DAG(s) 'example_weekday_branch_operator' retrieved from /home/wal/.pyenv/versions/3.12.0/lib/python3.12/site-packages/airflow/example_dags/example_branch_day_of_week_operator.py
[2025-07-13T23:08:47.098+0300] {logging_mixin.py:188} INFO - [2025-07-13T23:08:47.098+0300] {dag.py:3096} INFO - Sync 1 DAGs
[2025-07-13T23:08:47.148+0300] {logging_mixin.py:188} INFO - [2025-07-13T23:08:47.147+0300] {dag.py:3954} INFO - Setting next_dagrun for example_weekday_branch_operator to 2025-07-12 00:00:00+00:00, run_after=2025-07-13 00:00:00+00:00
[2025-07-13T23:08:47.282+0300] {processor.py:183} INFO - Processing /home/wal/.pyenv/versions/3.12.0/lib/python3.12/site-packages/airflow/example_dags/example_branch_day_of_week_operator.py took 0.263 seconds
[2025-07-13T23:09:53.656+0300] {processor.py:161} INFO - Started process (PID=4992) to work on /home/wal/.pyenv/versions/3.12.0/lib/python3.12/site-packages/airflow/example_dags/example_branch_day_of_week_operator.py
[2025-07-13T23:09:53.674+0300] {processor.py:830} INFO - Processing file /home/wal/.pyenv/versions/3.12.0/lib/python3.12/site-packages/airflow/example_dags/example_branch_day_of_week_operator.py for tasks to queue
[2025-07-13T23:09:53.690+0300] {logging_mixin.py:188} INFO - [2025-07-13T23:09:53.687+0300] {dagbag.py:545} INFO - Filling up the DagBag from /home/wal/.pyenv/versions/3.12.0/lib/python3.12/site-packages/airflow/example_dags/example_branch_day_of_week_operator.py
[2025-07-13T23:09:53.777+0300] {processor.py:840} INFO - DAG(s) 'example_weekday_branch_operator' retrieved from /home/wal/.pyenv/versions/3.12.0/lib/python3.12/site-packages/airflow/example_dags/example_branch_day_of_week_operator.py
[2025-07-13T23:09:53.926+0300] {logging_mixin.py:188} INFO - [2025-07-13T23:09:53.925+0300] {dag.py:3096} INFO - Sync 1 DAGs
[2025-07-13T23:09:54.118+0300] {logging_mixin.py:188} INFO - [2025-07-13T23:09:54.117+0300] {dag.py:3954} INFO - Setting next_dagrun for example_weekday_branch_operator to 2025-07-12 00:00:00+00:00, run_after=2025-07-13 00:00:00+00:00
[2025-07-13T23:09:54.248+0300] {processor.py:183} INFO - Processing /home/wal/.pyenv/versions/3.12.0/lib/python3.12/site-packages/airflow/example_dags/example_branch_day_of_week_operator.py took 0.630 seconds
[2025-07-13T23:10:55.333+0300] {processor.py:161} INFO - Started process (PID=5047) to work on /home/wal/.pyenv/versions/3.12.0/lib/python3.12/site-packages/airflow/example_dags/example_branch_day_of_week_operator.py
[2025-07-13T23:10:55.340+0300] {processor.py:830} INFO - Processing file /home/wal/.pyenv/versions/3.12.0/lib/python3.12/site-packages/airflow/example_dags/example_branch_day_of_week_operator.py for tasks to queue
[2025-07-13T23:10:55.343+0300] {logging_mixin.py:188} INFO - [2025-07-13T23:10:55.342+0300] {dagbag.py:545} INFO - Filling up the DagBag from /home/wal/.pyenv/versions/3.12.0/lib/python3.12/site-packages/airflow/example_dags/example_branch_day_of_week_operator.py
[2025-07-13T23:10:55.352+0300] {processor.py:840} INFO - DAG(s) 'example_weekday_branch_operator' retrieved from /home/wal/.pyenv/versions/3.12.0/lib/python3.12/site-packages/airflow/example_dags/example_branch_day_of_week_operator.py
[2025-07-13T23:10:55.383+0300] {logging_mixin.py:188} INFO - [2025-07-13T23:10:55.383+0300] {dag.py:3096} INFO - Sync 1 DAGs
[2025-07-13T23:10:55.441+0300] {logging_mixin.py:188} INFO - [2025-07-13T23:10:55.441+0300] {dag.py:3954} INFO - Setting next_dagrun for example_weekday_branch_operator to 2025-07-12 00:00:00+00:00, run_after=2025-07-13 00:00:00+00:00
[2025-07-13T23:10:55.476+0300] {processor.py:183} INFO - Processing /home/wal/.pyenv/versions/3.12.0/lib/python3.12/site-packages/airflow/example_dags/example_branch_day_of_week_operator.py took 0.153 seconds
[2025-07-13T23:11:52.089+0300] {processor.py:161} INFO - Started process (PID=5098) to work on /home/wal/.pyenv/versions/3.12.0/lib/python3.12/site-packages/airflow/example_dags/example_branch_day_of_week_operator.py
[2025-07-13T23:11:52.091+0300] {processor.py:830} INFO - Processing file /home/wal/.pyenv/versions/3.12.0/lib/python3.12/site-packages/airflow/example_dags/example_branch_day_of_week_operator.py for tasks to queue
[2025-07-13T23:11:52.093+0300] {logging_mixin.py:188} INFO - [2025-07-13T23:11:52.093+0300] {dagbag.py:545} INFO - Filling up the DagBag from /home/wal/.pyenv/versions/3.12.0/lib/python3.12/site-packages/airflow/example_dags/example_branch_day_of_week_operator.py
[2025-07-13T23:11:52.102+0300] {processor.py:840} INFO - DAG(s) 'example_weekday_branch_operator' retrieved from /home/wal/.pyenv/versions/3.12.0/lib/python3.12/site-packages/airflow/example_dags/example_branch_day_of_week_operator.py
[2025-07-13T23:11:52.123+0300] {logging_mixin.py:188} INFO - [2025-07-13T23:11:52.123+0300] {dag.py:3096} INFO - Sync 1 DAGs
[2025-07-13T23:11:52.151+0300] {logging_mixin.py:188} INFO - [2025-07-13T23:11:52.151+0300] {dag.py:3954} INFO - Setting next_dagrun for example_weekday_branch_operator to 2025-07-12 00:00:00+00:00, run_after=2025-07-13 00:00:00+00:00
[2025-07-13T23:11:52.184+0300] {processor.py:183} INFO - Processing /home/wal/.pyenv/versions/3.12.0/lib/python3.12/site-packages/airflow/example_dags/example_branch_day_of_week_operator.py took 0.102 seconds
[2025-07-13T23:12:54.222+0300] {processor.py:161} INFO - Started process (PID=5155) to work on /home/wal/.pyenv/versions/3.12.0/lib/python3.12/site-packages/airflow/example_dags/example_branch_day_of_week_operator.py
[2025-07-13T23:12:54.224+0300] {processor.py:830} INFO - Processing file /home/wal/.pyenv/versions/3.12.0/lib/python3.12/site-packages/airflow/example_dags/example_branch_day_of_week_operator.py for tasks to queue
[2025-07-13T23:12:54.227+0300] {logging_mixin.py:188} INFO - [2025-07-13T23:12:54.226+0300] {dagbag.py:545} INFO - Filling up the DagBag from /home/wal/.pyenv/versions/3.12.0/lib/python3.12/site-packages/airflow/example_dags/example_branch_day_of_week_operator.py
[2025-07-13T23:12:54.242+0300] {processor.py:840} INFO - DAG(s) 'example_weekday_branch_operator' retrieved from /home/wal/.pyenv/versions/3.12.0/lib/python3.12/site-packages/airflow/example_dags/example_branch_day_of_week_operator.py
[2025-07-13T23:12:54.276+0300] {logging_mixin.py:188} INFO - [2025-07-13T23:12:54.275+0300] {dag.py:3096} INFO - Sync 1 DAGs
[2025-07-13T23:12:54.318+0300] {logging_mixin.py:188} INFO - [2025-07-13T23:12:54.318+0300] {dag.py:3954} INFO - Setting next_dagrun for example_weekday_branch_operator to 2025-07-12 00:00:00+00:00, run_after=2025-07-13 00:00:00+00:00
[2025-07-13T23:12:54.366+0300] {processor.py:183} INFO - Processing /home/wal/.pyenv/versions/3.12.0/lib/python3.12/site-packages/airflow/example_dags/example_branch_day_of_week_operator.py took 0.156 seconds
[2025-07-13T23:14:00.472+0300] {processor.py:161} INFO - Started process (PID=5214) to work on /home/wal/.pyenv/versions/3.12.0/lib/python3.12/site-packages/airflow/example_dags/example_branch_day_of_week_operator.py
[2025-07-13T23:14:00.474+0300] {processor.py:830} INFO - Processing file /home/wal/.pyenv/versions/3.12.0/lib/python3.12/site-packages/airflow/example_dags/example_branch_day_of_week_operator.py for tasks to queue
[2025-07-13T23:14:00.476+0300] {logging_mixin.py:188} INFO - [2025-07-13T23:14:00.475+0300] {dagbag.py:545} INFO - Filling up the DagBag from /home/wal/.pyenv/versions/3.12.0/lib/python3.12/site-packages/airflow/example_dags/example_branch_day_of_week_operator.py
[2025-07-13T23:14:00.486+0300] {processor.py:840} INFO - DAG(s) 'example_weekday_branch_operator' retrieved from /home/wal/.pyenv/versions/3.12.0/lib/python3.12/site-packages/airflow/example_dags/example_branch_day_of_week_operator.py
[2025-07-13T23:14:00.503+0300] {logging_mixin.py:188} INFO - [2025-07-13T23:14:00.503+0300] {dag.py:3096} INFO - Sync 1 DAGs
[2025-07-13T23:14:00.526+0300] {logging_mixin.py:188} INFO - [2025-07-13T23:14:00.525+0300] {dag.py:3954} INFO - Setting next_dagrun for example_weekday_branch_operator to 2025-07-12 00:00:00+00:00, run_after=2025-07-13 00:00:00+00:00
[2025-07-13T23:14:00.551+0300] {processor.py:183} INFO - Processing /home/wal/.pyenv/versions/3.12.0/lib/python3.12/site-packages/airflow/example_dags/example_branch_day_of_week_operator.py took 0.085 seconds
[2025-07-13T23:14:56.634+0300] {processor.py:161} INFO - Started process (PID=5279) to work on /home/wal/.pyenv/versions/3.12.0/lib/python3.12/site-packages/airflow/example_dags/example_branch_day_of_week_operator.py
[2025-07-13T23:14:56.636+0300] {processor.py:830} INFO - Processing file /home/wal/.pyenv/versions/3.12.0/lib/python3.12/site-packages/airflow/example_dags/example_branch_day_of_week_operator.py for tasks to queue
[2025-07-13T23:14:56.638+0300] {logging_mixin.py:188} INFO - [2025-07-13T23:14:56.638+0300] {dagbag.py:545} INFO - Filling up the DagBag from /home/wal/.pyenv/versions/3.12.0/lib/python3.12/site-packages/airflow/example_dags/example_branch_day_of_week_operator.py
[2025-07-13T23:14:56.649+0300] {processor.py:840} INFO - DAG(s) 'example_weekday_branch_operator' retrieved from /home/wal/.pyenv/versions/3.12.0/lib/python3.12/site-packages/airflow/example_dags/example_branch_day_of_week_operator.py
[2025-07-13T23:14:56.672+0300] {logging_mixin.py:188} INFO - [2025-07-13T23:14:56.672+0300] {dag.py:3096} INFO - Sync 1 DAGs
[2025-07-13T23:14:56.735+0300] {logging_mixin.py:188} INFO - [2025-07-13T23:14:56.735+0300] {dag.py:3954} INFO - Setting next_dagrun for example_weekday_branch_operator to 2025-07-12 00:00:00+00:00, run_after=2025-07-13 00:00:00+00:00
[2025-07-13T23:14:56.770+0300] {processor.py:183} INFO - Processing /home/wal/.pyenv/versions/3.12.0/lib/python3.12/site-packages/airflow/example_dags/example_branch_day_of_week_operator.py took 0.144 seconds
[2025-07-13T23:16:14.195+0300] {processor.py:161} INFO - Started process (PID=5352) to work on /home/wal/.pyenv/versions/3.12.0/lib/python3.12/site-packages/airflow/example_dags/example_branch_day_of_week_operator.py
[2025-07-13T23:16:14.199+0300] {processor.py:830} INFO - Processing file /home/wal/.pyenv/versions/3.12.0/lib/python3.12/site-packages/airflow/example_dags/example_branch_day_of_week_operator.py for tasks to queue
[2025-07-13T23:16:14.211+0300] {logging_mixin.py:188} INFO - [2025-07-13T23:16:14.209+0300] {dagbag.py:545} INFO - Filling up the DagBag from /home/wal/.pyenv/versions/3.12.0/lib/python3.12/site-packages/airflow/example_dags/example_branch_day_of_week_operator.py
[2025-07-13T23:16:14.281+0300] {processor.py:840} INFO - DAG(s) 'example_weekday_branch_operator' retrieved from /home/wal/.pyenv/versions/3.12.0/lib/python3.12/site-packages/airflow/example_dags/example_branch_day_of_week_operator.py
[2025-07-13T23:16:14.411+0300] {logging_mixin.py:188} INFO - [2025-07-13T23:16:14.410+0300] {dag.py:3096} INFO - Sync 1 DAGs
[2025-07-13T23:16:14.529+0300] {logging_mixin.py:188} INFO - [2025-07-13T23:16:14.528+0300] {dag.py:3954} INFO - Setting next_dagrun for example_weekday_branch_operator to 2025-07-12 00:00:00+00:00, run_after=2025-07-13 00:00:00+00:00
[2025-07-13T23:16:14.631+0300] {processor.py:183} INFO - Processing /home/wal/.pyenv/versions/3.12.0/lib/python3.12/site-packages/airflow/example_dags/example_branch_day_of_week_operator.py took 0.477 seconds
[2025-07-13T23:17:23.477+0300] {processor.py:161} INFO - Started process (PID=5410) to work on /home/wal/.pyenv/versions/3.12.0/lib/python3.12/site-packages/airflow/example_dags/example_branch_day_of_week_operator.py
[2025-07-13T23:17:23.484+0300] {processor.py:830} INFO - Processing file /home/wal/.pyenv/versions/3.12.0/lib/python3.12/site-packages/airflow/example_dags/example_branch_day_of_week_operator.py for tasks to queue
[2025-07-13T23:17:23.489+0300] {logging_mixin.py:188} INFO - [2025-07-13T23:17:23.488+0300] {dagbag.py:545} INFO - Filling up the DagBag from /home/wal/.pyenv/versions/3.12.0/lib/python3.12/site-packages/airflow/example_dags/example_branch_day_of_week_operator.py
[2025-07-13T23:17:23.502+0300] {processor.py:840} INFO - DAG(s) 'example_weekday_branch_operator' retrieved from /home/wal/.pyenv/versions/3.12.0/lib/python3.12/site-packages/airflow/example_dags/example_branch_day_of_week_operator.py
[2025-07-13T23:17:23.529+0300] {logging_mixin.py:188} INFO - [2025-07-13T23:17:23.528+0300] {dag.py:3096} INFO - Sync 1 DAGs
[2025-07-13T23:17:23.560+0300] {logging_mixin.py:188} INFO - [2025-07-13T23:17:23.560+0300] {dag.py:3954} INFO - Setting next_dagrun for example_weekday_branch_operator to 2025-07-12 00:00:00+00:00, run_after=2025-07-13 00:00:00+00:00
[2025-07-13T23:17:23.595+0300] {processor.py:183} INFO - Processing /home/wal/.pyenv/versions/3.12.0/lib/python3.12/site-packages/airflow/example_dags/example_branch_day_of_week_operator.py took 0.127 seconds
[2025-07-13T23:18:36.041+0300] {processor.py:161} INFO - Started process (PID=5470) to work on /home/wal/.pyenv/versions/3.12.0/lib/python3.12/site-packages/airflow/example_dags/example_branch_day_of_week_operator.py
[2025-07-13T23:18:36.047+0300] {processor.py:830} INFO - Processing file /home/wal/.pyenv/versions/3.12.0/lib/python3.12/site-packages/airflow/example_dags/example_branch_day_of_week_operator.py for tasks to queue
[2025-07-13T23:18:36.049+0300] {logging_mixin.py:188} INFO - [2025-07-13T23:18:36.049+0300] {dagbag.py:545} INFO - Filling up the DagBag from /home/wal/.pyenv/versions/3.12.0/lib/python3.12/site-packages/airflow/example_dags/example_branch_day_of_week_operator.py
[2025-07-13T23:18:36.058+0300] {processor.py:840} INFO - DAG(s) 'example_weekday_branch_operator' retrieved from /home/wal/.pyenv/versions/3.12.0/lib/python3.12/site-packages/airflow/example_dags/example_branch_day_of_week_operator.py
[2025-07-13T23:18:36.081+0300] {logging_mixin.py:188} INFO - [2025-07-13T23:18:36.080+0300] {dag.py:3096} INFO - Sync 1 DAGs
[2025-07-13T23:18:36.114+0300] {logging_mixin.py:188} INFO - [2025-07-13T23:18:36.114+0300] {dag.py:3954} INFO - Setting next_dagrun for example_weekday_branch_operator to 2025-07-12 00:00:00+00:00, run_after=2025-07-13 00:00:00+00:00
[2025-07-13T23:18:36.146+0300] {processor.py:183} INFO - Processing /home/wal/.pyenv/versions/3.12.0/lib/python3.12/site-packages/airflow/example_dags/example_branch_day_of_week_operator.py took 0.112 seconds
[2025-07-13T23:19:42.739+0300] {processor.py:161} INFO - Started process (PID=5527) to work on /home/wal/.pyenv/versions/3.12.0/lib/python3.12/site-packages/airflow/example_dags/example_branch_day_of_week_operator.py
[2025-07-13T23:19:42.741+0300] {processor.py:830} INFO - Processing file /home/wal/.pyenv/versions/3.12.0/lib/python3.12/site-packages/airflow/example_dags/example_branch_day_of_week_operator.py for tasks to queue
[2025-07-13T23:19:42.745+0300] {logging_mixin.py:188} INFO - [2025-07-13T23:19:42.744+0300] {dagbag.py:545} INFO - Filling up the DagBag from /home/wal/.pyenv/versions/3.12.0/lib/python3.12/site-packages/airflow/example_dags/example_branch_day_of_week_operator.py
[2025-07-13T23:19:42.760+0300] {processor.py:840} INFO - DAG(s) 'example_weekday_branch_operator' retrieved from /home/wal/.pyenv/versions/3.12.0/lib/python3.12/site-packages/airflow/example_dags/example_branch_day_of_week_operator.py
[2025-07-13T23:19:42.789+0300] {logging_mixin.py:188} INFO - [2025-07-13T23:19:42.788+0300] {dag.py:3096} INFO - Sync 1 DAGs
[2025-07-13T23:19:42.826+0300] {logging_mixin.py:188} INFO - [2025-07-13T23:19:42.825+0300] {dag.py:3954} INFO - Setting next_dagrun for example_weekday_branch_operator to 2025-07-12 00:00:00+00:00, run_after=2025-07-13 00:00:00+00:00
[2025-07-13T23:19:42.886+0300] {processor.py:183} INFO - Processing /home/wal/.pyenv/versions/3.12.0/lib/python3.12/site-packages/airflow/example_dags/example_branch_day_of_week_operator.py took 0.158 seconds
[2025-07-13T23:20:44.360+0300] {processor.py:161} INFO - Started process (PID=5579) to work on /home/wal/.pyenv/versions/3.12.0/lib/python3.12/site-packages/airflow/example_dags/example_branch_day_of_week_operator.py
[2025-07-13T23:20:44.367+0300] {processor.py:830} INFO - Processing file /home/wal/.pyenv/versions/3.12.0/lib/python3.12/site-packages/airflow/example_dags/example_branch_day_of_week_operator.py for tasks to queue
[2025-07-13T23:20:44.371+0300] {logging_mixin.py:188} INFO - [2025-07-13T23:20:44.370+0300] {dagbag.py:545} INFO - Filling up the DagBag from /home/wal/.pyenv/versions/3.12.0/lib/python3.12/site-packages/airflow/example_dags/example_branch_day_of_week_operator.py
[2025-07-13T23:20:44.386+0300] {processor.py:840} INFO - DAG(s) 'example_weekday_branch_operator' retrieved from /home/wal/.pyenv/versions/3.12.0/lib/python3.12/site-packages/airflow/example_dags/example_branch_day_of_week_operator.py
[2025-07-13T23:20:44.415+0300] {logging_mixin.py:188} INFO - [2025-07-13T23:20:44.414+0300] {dag.py:3096} INFO - Sync 1 DAGs
[2025-07-13T23:20:44.456+0300] {logging_mixin.py:188} INFO - [2025-07-13T23:20:44.455+0300] {dag.py:3954} INFO - Setting next_dagrun for example_weekday_branch_operator to 2025-07-12 00:00:00+00:00, run_after=2025-07-13 00:00:00+00:00
[2025-07-13T23:20:44.489+0300] {processor.py:183} INFO - Processing /home/wal/.pyenv/versions/3.12.0/lib/python3.12/site-packages/airflow/example_dags/example_branch_day_of_week_operator.py took 0.142 seconds
[2025-07-13T23:21:48.147+0300] {processor.py:161} INFO - Started process (PID=5633) to work on /home/wal/.pyenv/versions/3.12.0/lib/python3.12/site-packages/airflow/example_dags/example_branch_day_of_week_operator.py
[2025-07-13T23:21:48.150+0300] {processor.py:830} INFO - Processing file /home/wal/.pyenv/versions/3.12.0/lib/python3.12/site-packages/airflow/example_dags/example_branch_day_of_week_operator.py for tasks to queue
[2025-07-13T23:21:48.155+0300] {logging_mixin.py:188} INFO - [2025-07-13T23:21:48.154+0300] {dagbag.py:545} INFO - Filling up the DagBag from /home/wal/.pyenv/versions/3.12.0/lib/python3.12/site-packages/airflow/example_dags/example_branch_day_of_week_operator.py
[2025-07-13T23:21:48.209+0300] {processor.py:840} INFO - DAG(s) 'example_weekday_branch_operator' retrieved from /home/wal/.pyenv/versions/3.12.0/lib/python3.12/site-packages/airflow/example_dags/example_branch_day_of_week_operator.py
[2025-07-13T23:21:48.278+0300] {logging_mixin.py:188} INFO - [2025-07-13T23:21:48.277+0300] {dag.py:3096} INFO - Sync 1 DAGs
[2025-07-13T23:21:48.363+0300] {logging_mixin.py:188} INFO - [2025-07-13T23:21:48.362+0300] {dag.py:3954} INFO - Setting next_dagrun for example_weekday_branch_operator to 2025-07-12 00:00:00+00:00, run_after=2025-07-13 00:00:00+00:00
[2025-07-13T23:21:48.474+0300] {processor.py:183} INFO - Processing /home/wal/.pyenv/versions/3.12.0/lib/python3.12/site-packages/airflow/example_dags/example_branch_day_of_week_operator.py took 0.375 seconds
[2025-07-13T23:23:01.022+0300] {processor.py:161} INFO - Started process (PID=5690) to work on /home/wal/.pyenv/versions/3.12.0/lib/python3.12/site-packages/airflow/example_dags/example_branch_day_of_week_operator.py
[2025-07-13T23:23:01.029+0300] {processor.py:830} INFO - Processing file /home/wal/.pyenv/versions/3.12.0/lib/python3.12/site-packages/airflow/example_dags/example_branch_day_of_week_operator.py for tasks to queue
[2025-07-13T23:23:01.034+0300] {logging_mixin.py:188} INFO - [2025-07-13T23:23:01.033+0300] {dagbag.py:545} INFO - Filling up the DagBag from /home/wal/.pyenv/versions/3.12.0/lib/python3.12/site-packages/airflow/example_dags/example_branch_day_of_week_operator.py
[2025-07-13T23:23:01.057+0300] {processor.py:840} INFO - DAG(s) 'example_weekday_branch_operator' retrieved from /home/wal/.pyenv/versions/3.12.0/lib/python3.12/site-packages/airflow/example_dags/example_branch_day_of_week_operator.py
[2025-07-13T23:23:01.118+0300] {logging_mixin.py:188} INFO - [2025-07-13T23:23:01.117+0300] {dag.py:3096} INFO - Sync 1 DAGs
[2025-07-13T23:23:01.181+0300] {logging_mixin.py:188} INFO - [2025-07-13T23:23:01.181+0300] {dag.py:3954} INFO - Setting next_dagrun for example_weekday_branch_operator to 2025-07-12 00:00:00+00:00, run_after=2025-07-13 00:00:00+00:00
[2025-07-13T23:23:01.234+0300] {processor.py:183} INFO - Processing /home/wal/.pyenv/versions/3.12.0/lib/python3.12/site-packages/airflow/example_dags/example_branch_day_of_week_operator.py took 0.229 seconds
[2025-07-13T23:24:18.730+0300] {processor.py:161} INFO - Started process (PID=5748) to work on /home/wal/.pyenv/versions/3.12.0/lib/python3.12/site-packages/airflow/example_dags/example_branch_day_of_week_operator.py
[2025-07-13T23:24:18.734+0300] {processor.py:830} INFO - Processing file /home/wal/.pyenv/versions/3.12.0/lib/python3.12/site-packages/airflow/example_dags/example_branch_day_of_week_operator.py for tasks to queue
[2025-07-13T23:24:18.748+0300] {logging_mixin.py:188} INFO - [2025-07-13T23:24:18.747+0300] {dagbag.py:545} INFO - Filling up the DagBag from /home/wal/.pyenv/versions/3.12.0/lib/python3.12/site-packages/airflow/example_dags/example_branch_day_of_week_operator.py
[2025-07-13T23:24:18.816+0300] {processor.py:840} INFO - DAG(s) 'example_weekday_branch_operator' retrieved from /home/wal/.pyenv/versions/3.12.0/lib/python3.12/site-packages/airflow/example_dags/example_branch_day_of_week_operator.py
[2025-07-13T23:24:18.932+0300] {logging_mixin.py:188} INFO - [2025-07-13T23:24:18.931+0300] {dag.py:3096} INFO - Sync 1 DAGs
[2025-07-13T23:24:19.129+0300] {logging_mixin.py:188} INFO - [2025-07-13T23:24:19.127+0300] {dag.py:3954} INFO - Setting next_dagrun for example_weekday_branch_operator to 2025-07-12 00:00:00+00:00, run_after=2025-07-13 00:00:00+00:00
[2025-07-13T23:24:19.285+0300] {processor.py:183} INFO - Processing /home/wal/.pyenv/versions/3.12.0/lib/python3.12/site-packages/airflow/example_dags/example_branch_day_of_week_operator.py took 0.601 seconds
[2025-07-13T23:26:17.371+0300] {processor.py:161} INFO - Started process (PID=5825) to work on /home/wal/.pyenv/versions/3.12.0/lib/python3.12/site-packages/airflow/example_dags/example_branch_day_of_week_operator.py
[2025-07-13T23:26:17.373+0300] {processor.py:830} INFO - Processing file /home/wal/.pyenv/versions/3.12.0/lib/python3.12/site-packages/airflow/example_dags/example_branch_day_of_week_operator.py for tasks to queue
[2025-07-13T23:26:17.378+0300] {logging_mixin.py:188} INFO - [2025-07-13T23:26:17.376+0300] {dagbag.py:545} INFO - Filling up the DagBag from /home/wal/.pyenv/versions/3.12.0/lib/python3.12/site-packages/airflow/example_dags/example_branch_day_of_week_operator.py
[2025-07-13T23:26:17.393+0300] {processor.py:840} INFO - DAG(s) 'example_weekday_branch_operator' retrieved from /home/wal/.pyenv/versions/3.12.0/lib/python3.12/site-packages/airflow/example_dags/example_branch_day_of_week_operator.py
[2025-07-13T23:26:17.420+0300] {logging_mixin.py:188} INFO - [2025-07-13T23:26:17.419+0300] {dag.py:3096} INFO - Sync 1 DAGs
[2025-07-13T23:26:17.701+0300] {logging_mixin.py:188} INFO - [2025-07-13T23:26:17.699+0300] {dag.py:3954} INFO - Setting next_dagrun for example_weekday_branch_operator to 2025-07-12 00:00:00+00:00, run_after=2025-07-13 00:00:00+00:00
[2025-07-13T23:26:17.835+0300] {processor.py:183} INFO - Processing /home/wal/.pyenv/versions/3.12.0/lib/python3.12/site-packages/airflow/example_dags/example_branch_day_of_week_operator.py took 0.477 seconds
[2025-07-13T23:27:26.167+0300] {processor.py:161} INFO - Started process (PID=5882) to work on /home/wal/.pyenv/versions/3.12.0/lib/python3.12/site-packages/airflow/example_dags/example_branch_day_of_week_operator.py
[2025-07-13T23:27:26.180+0300] {processor.py:830} INFO - Processing file /home/wal/.pyenv/versions/3.12.0/lib/python3.12/site-packages/airflow/example_dags/example_branch_day_of_week_operator.py for tasks to queue
[2025-07-13T23:27:26.196+0300] {logging_mixin.py:188} INFO - [2025-07-13T23:27:26.194+0300] {dagbag.py:545} INFO - Filling up the DagBag from /home/wal/.pyenv/versions/3.12.0/lib/python3.12/site-packages/airflow/example_dags/example_branch_day_of_week_operator.py
[2025-07-13T23:27:26.270+0300] {processor.py:840} INFO - DAG(s) 'example_weekday_branch_operator' retrieved from /home/wal/.pyenv/versions/3.12.0/lib/python3.12/site-packages/airflow/example_dags/example_branch_day_of_week_operator.py
[2025-07-13T23:27:26.491+0300] {logging_mixin.py:188} INFO - [2025-07-13T23:27:26.481+0300] {dag.py:3096} INFO - Sync 1 DAGs
[2025-07-13T23:27:26.732+0300] {logging_mixin.py:188} INFO - [2025-07-13T23:27:26.724+0300] {dag.py:3954} INFO - Setting next_dagrun for example_weekday_branch_operator to 2025-07-12 00:00:00+00:00, run_after=2025-07-13 00:00:00+00:00
[2025-07-13T23:27:27.473+0300] {processor.py:183} INFO - Processing /home/wal/.pyenv/versions/3.12.0/lib/python3.12/site-packages/airflow/example_dags/example_branch_day_of_week_operator.py took 1.354 seconds
[2025-07-13T23:28:42.478+0300] {processor.py:161} INFO - Started process (PID=5940) to work on /home/wal/.pyenv/versions/3.12.0/lib/python3.12/site-packages/airflow/example_dags/example_branch_day_of_week_operator.py
[2025-07-13T23:28:42.480+0300] {processor.py:830} INFO - Processing file /home/wal/.pyenv/versions/3.12.0/lib/python3.12/site-packages/airflow/example_dags/example_branch_day_of_week_operator.py for tasks to queue
[2025-07-13T23:28:42.483+0300] {logging_mixin.py:188} INFO - [2025-07-13T23:28:42.482+0300] {dagbag.py:545} INFO - Filling up the DagBag from /home/wal/.pyenv/versions/3.12.0/lib/python3.12/site-packages/airflow/example_dags/example_branch_day_of_week_operator.py
[2025-07-13T23:28:42.498+0300] {processor.py:840} INFO - DAG(s) 'example_weekday_branch_operator' retrieved from /home/wal/.pyenv/versions/3.12.0/lib/python3.12/site-packages/airflow/example_dags/example_branch_day_of_week_operator.py
[2025-07-13T23:28:42.529+0300] {logging_mixin.py:188} INFO - [2025-07-13T23:28:42.529+0300] {dag.py:3096} INFO - Sync 1 DAGs
[2025-07-13T23:28:42.570+0300] {logging_mixin.py:188} INFO - [2025-07-13T23:28:42.569+0300] {dag.py:3954} INFO - Setting next_dagrun for example_weekday_branch_operator to 2025-07-12 00:00:00+00:00, run_after=2025-07-13 00:00:00+00:00
[2025-07-13T23:28:42.632+0300] {processor.py:183} INFO - Processing /home/wal/.pyenv/versions/3.12.0/lib/python3.12/site-packages/airflow/example_dags/example_branch_day_of_week_operator.py took 0.165 seconds
[2025-07-13T23:29:46.379+0300] {processor.py:161} INFO - Started process (PID=5994) to work on /home/wal/.pyenv/versions/3.12.0/lib/python3.12/site-packages/airflow/example_dags/example_branch_day_of_week_operator.py
[2025-07-13T23:29:46.382+0300] {processor.py:830} INFO - Processing file /home/wal/.pyenv/versions/3.12.0/lib/python3.12/site-packages/airflow/example_dags/example_branch_day_of_week_operator.py for tasks to queue
[2025-07-13T23:29:46.386+0300] {logging_mixin.py:188} INFO - [2025-07-13T23:29:46.386+0300] {dagbag.py:545} INFO - Filling up the DagBag from /home/wal/.pyenv/versions/3.12.0/lib/python3.12/site-packages/airflow/example_dags/example_branch_day_of_week_operator.py
[2025-07-13T23:29:46.400+0300] {processor.py:840} INFO - DAG(s) 'example_weekday_branch_operator' retrieved from /home/wal/.pyenv/versions/3.12.0/lib/python3.12/site-packages/airflow/example_dags/example_branch_day_of_week_operator.py
[2025-07-13T23:29:46.429+0300] {logging_mixin.py:188} INFO - [2025-07-13T23:29:46.429+0300] {dag.py:3096} INFO - Sync 1 DAGs
[2025-07-13T23:29:46.473+0300] {logging_mixin.py:188} INFO - [2025-07-13T23:29:46.472+0300] {dag.py:3954} INFO - Setting next_dagrun for example_weekday_branch_operator to 2025-07-12 00:00:00+00:00, run_after=2025-07-13 00:00:00+00:00
[2025-07-13T23:29:46.516+0300] {processor.py:183} INFO - Processing /home/wal/.pyenv/versions/3.12.0/lib/python3.12/site-packages/airflow/example_dags/example_branch_day_of_week_operator.py took 0.145 seconds
[2025-07-13T23:30:44.851+0300] {processor.py:161} INFO - Started process (PID=6047) to work on /home/wal/.pyenv/versions/3.12.0/lib/python3.12/site-packages/airflow/example_dags/example_branch_day_of_week_operator.py
[2025-07-13T23:30:44.858+0300] {processor.py:830} INFO - Processing file /home/wal/.pyenv/versions/3.12.0/lib/python3.12/site-packages/airflow/example_dags/example_branch_day_of_week_operator.py for tasks to queue
[2025-07-13T23:30:44.861+0300] {logging_mixin.py:188} INFO - [2025-07-13T23:30:44.860+0300] {dagbag.py:545} INFO - Filling up the DagBag from /home/wal/.pyenv/versions/3.12.0/lib/python3.12/site-packages/airflow/example_dags/example_branch_day_of_week_operator.py
[2025-07-13T23:30:44.899+0300] {processor.py:840} INFO - DAG(s) 'example_weekday_branch_operator' retrieved from /home/wal/.pyenv/versions/3.12.0/lib/python3.12/site-packages/airflow/example_dags/example_branch_day_of_week_operator.py
[2025-07-13T23:30:44.993+0300] {logging_mixin.py:188} INFO - [2025-07-13T23:30:44.992+0300] {dag.py:3096} INFO - Sync 1 DAGs
[2025-07-13T23:30:45.112+0300] {logging_mixin.py:188} INFO - [2025-07-13T23:30:45.111+0300] {dag.py:3954} INFO - Setting next_dagrun for example_weekday_branch_operator to 2025-07-12 00:00:00+00:00, run_after=2025-07-13 00:00:00+00:00
[2025-07-13T23:30:45.166+0300] {processor.py:183} INFO - Processing /home/wal/.pyenv/versions/3.12.0/lib/python3.12/site-packages/airflow/example_dags/example_branch_day_of_week_operator.py took 0.341 seconds
[2025-07-13T23:31:44.627+0300] {processor.py:161} INFO - Started process (PID=6100) to work on /home/wal/.pyenv/versions/3.12.0/lib/python3.12/site-packages/airflow/example_dags/example_branch_day_of_week_operator.py
[2025-07-13T23:31:44.633+0300] {processor.py:830} INFO - Processing file /home/wal/.pyenv/versions/3.12.0/lib/python3.12/site-packages/airflow/example_dags/example_branch_day_of_week_operator.py for tasks to queue
[2025-07-13T23:31:44.635+0300] {logging_mixin.py:188} INFO - [2025-07-13T23:31:44.635+0300] {dagbag.py:545} INFO - Filling up the DagBag from /home/wal/.pyenv/versions/3.12.0/lib/python3.12/site-packages/airflow/example_dags/example_branch_day_of_week_operator.py
[2025-07-13T23:31:44.648+0300] {processor.py:840} INFO - DAG(s) 'example_weekday_branch_operator' retrieved from /home/wal/.pyenv/versions/3.12.0/lib/python3.12/site-packages/airflow/example_dags/example_branch_day_of_week_operator.py
[2025-07-13T23:31:44.675+0300] {logging_mixin.py:188} INFO - [2025-07-13T23:31:44.675+0300] {dag.py:3096} INFO - Sync 1 DAGs
[2025-07-13T23:31:44.717+0300] {logging_mixin.py:188} INFO - [2025-07-13T23:31:44.716+0300] {dag.py:3954} INFO - Setting next_dagrun for example_weekday_branch_operator to 2025-07-12 00:00:00+00:00, run_after=2025-07-13 00:00:00+00:00
[2025-07-13T23:31:44.757+0300] {processor.py:183} INFO - Processing /home/wal/.pyenv/versions/3.12.0/lib/python3.12/site-packages/airflow/example_dags/example_branch_day_of_week_operator.py took 0.140 seconds
[2025-07-13T23:32:42.766+0300] {processor.py:161} INFO - Started process (PID=6150) to work on /home/wal/.pyenv/versions/3.12.0/lib/python3.12/site-packages/airflow/example_dags/example_branch_day_of_week_operator.py
[2025-07-13T23:32:42.767+0300] {processor.py:830} INFO - Processing file /home/wal/.pyenv/versions/3.12.0/lib/python3.12/site-packages/airflow/example_dags/example_branch_day_of_week_operator.py for tasks to queue
[2025-07-13T23:32:42.770+0300] {logging_mixin.py:188} INFO - [2025-07-13T23:32:42.769+0300] {dagbag.py:545} INFO - Filling up the DagBag from /home/wal/.pyenv/versions/3.12.0/lib/python3.12/site-packages/airflow/example_dags/example_branch_day_of_week_operator.py
[2025-07-13T23:32:42.783+0300] {processor.py:840} INFO - DAG(s) 'example_weekday_branch_operator' retrieved from /home/wal/.pyenv/versions/3.12.0/lib/python3.12/site-packages/airflow/example_dags/example_branch_day_of_week_operator.py
[2025-07-13T23:32:42.808+0300] {logging_mixin.py:188} INFO - [2025-07-13T23:32:42.807+0300] {dag.py:3096} INFO - Sync 1 DAGs
[2025-07-13T23:32:42.844+0300] {logging_mixin.py:188} INFO - [2025-07-13T23:32:42.843+0300] {dag.py:3954} INFO - Setting next_dagrun for example_weekday_branch_operator to 2025-07-12 00:00:00+00:00, run_after=2025-07-13 00:00:00+00:00
[2025-07-13T23:32:42.877+0300] {processor.py:183} INFO - Processing /home/wal/.pyenv/versions/3.12.0/lib/python3.12/site-packages/airflow/example_dags/example_branch_day_of_week_operator.py took 0.122 seconds
[2025-07-13T23:33:48.092+0300] {processor.py:161} INFO - Started process (PID=6205) to work on /home/wal/.pyenv/versions/3.12.0/lib/python3.12/site-packages/airflow/example_dags/example_branch_day_of_week_operator.py
[2025-07-13T23:33:48.099+0300] {processor.py:830} INFO - Processing file /home/wal/.pyenv/versions/3.12.0/lib/python3.12/site-packages/airflow/example_dags/example_branch_day_of_week_operator.py for tasks to queue
[2025-07-13T23:33:48.101+0300] {logging_mixin.py:188} INFO - [2025-07-13T23:33:48.101+0300] {dagbag.py:545} INFO - Filling up the DagBag from /home/wal/.pyenv/versions/3.12.0/lib/python3.12/site-packages/airflow/example_dags/example_branch_day_of_week_operator.py
[2025-07-13T23:33:48.118+0300] {processor.py:840} INFO - DAG(s) 'example_weekday_branch_operator' retrieved from /home/wal/.pyenv/versions/3.12.0/lib/python3.12/site-packages/airflow/example_dags/example_branch_day_of_week_operator.py
[2025-07-13T23:33:48.158+0300] {logging_mixin.py:188} INFO - [2025-07-13T23:33:48.158+0300] {dag.py:3096} INFO - Sync 1 DAGs
[2025-07-13T23:33:48.193+0300] {logging_mixin.py:188} INFO - [2025-07-13T23:33:48.192+0300] {dag.py:3954} INFO - Setting next_dagrun for example_weekday_branch_operator to 2025-07-12 00:00:00+00:00, run_after=2025-07-13 00:00:00+00:00
[2025-07-13T23:33:48.232+0300] {processor.py:183} INFO - Processing /home/wal/.pyenv/versions/3.12.0/lib/python3.12/site-packages/airflow/example_dags/example_branch_day_of_week_operator.py took 0.164 seconds
[2025-07-13T23:35:01.012+0300] {processor.py:161} INFO - Started process (PID=6261) to work on /home/wal/.pyenv/versions/3.12.0/lib/python3.12/site-packages/airflow/example_dags/example_branch_day_of_week_operator.py
[2025-07-13T23:35:01.018+0300] {processor.py:830} INFO - Processing file /home/wal/.pyenv/versions/3.12.0/lib/python3.12/site-packages/airflow/example_dags/example_branch_day_of_week_operator.py for tasks to queue
[2025-07-13T23:35:01.021+0300] {logging_mixin.py:188} INFO - [2025-07-13T23:35:01.020+0300] {dagbag.py:545} INFO - Filling up the DagBag from /home/wal/.pyenv/versions/3.12.0/lib/python3.12/site-packages/airflow/example_dags/example_branch_day_of_week_operator.py
[2025-07-13T23:35:01.036+0300] {processor.py:840} INFO - DAG(s) 'example_weekday_branch_operator' retrieved from /home/wal/.pyenv/versions/3.12.0/lib/python3.12/site-packages/airflow/example_dags/example_branch_day_of_week_operator.py
[2025-07-13T23:35:01.067+0300] {logging_mixin.py:188} INFO - [2025-07-13T23:35:01.066+0300] {dag.py:3096} INFO - Sync 1 DAGs
[2025-07-13T23:35:01.109+0300] {logging_mixin.py:188} INFO - [2025-07-13T23:35:01.109+0300] {dag.py:3954} INFO - Setting next_dagrun for example_weekday_branch_operator to 2025-07-12 00:00:00+00:00, run_after=2025-07-13 00:00:00+00:00
[2025-07-13T23:35:01.147+0300] {processor.py:183} INFO - Processing /home/wal/.pyenv/versions/3.12.0/lib/python3.12/site-packages/airflow/example_dags/example_branch_day_of_week_operator.py took 0.149 seconds
[2025-07-13T23:36:09.499+0300] {processor.py:161} INFO - Started process (PID=6323) to work on /home/wal/.pyenv/versions/3.12.0/lib/python3.12/site-packages/airflow/example_dags/example_branch_day_of_week_operator.py
[2025-07-13T23:36:09.506+0300] {processor.py:830} INFO - Processing file /home/wal/.pyenv/versions/3.12.0/lib/python3.12/site-packages/airflow/example_dags/example_branch_day_of_week_operator.py for tasks to queue
[2025-07-13T23:36:09.513+0300] {logging_mixin.py:188} INFO - [2025-07-13T23:36:09.512+0300] {dagbag.py:545} INFO - Filling up the DagBag from /home/wal/.pyenv/versions/3.12.0/lib/python3.12/site-packages/airflow/example_dags/example_branch_day_of_week_operator.py
[2025-07-13T23:36:09.534+0300] {processor.py:840} INFO - DAG(s) 'example_weekday_branch_operator' retrieved from /home/wal/.pyenv/versions/3.12.0/lib/python3.12/site-packages/airflow/example_dags/example_branch_day_of_week_operator.py
[2025-07-13T23:36:09.566+0300] {logging_mixin.py:188} INFO - [2025-07-13T23:36:09.566+0300] {dag.py:3096} INFO - Sync 1 DAGs
[2025-07-13T23:36:09.598+0300] {logging_mixin.py:188} INFO - [2025-07-13T23:36:09.597+0300] {dag.py:3954} INFO - Setting next_dagrun for example_weekday_branch_operator to 2025-07-12 00:00:00+00:00, run_after=2025-07-13 00:00:00+00:00
[2025-07-13T23:36:09.632+0300] {processor.py:183} INFO - Processing /home/wal/.pyenv/versions/3.12.0/lib/python3.12/site-packages/airflow/example_dags/example_branch_day_of_week_operator.py took 0.150 seconds
[2025-07-13T23:37:07.818+0300] {processor.py:161} INFO - Started process (PID=6375) to work on /home/wal/.pyenv/versions/3.12.0/lib/python3.12/site-packages/airflow/example_dags/example_branch_day_of_week_operator.py
[2025-07-13T23:37:07.825+0300] {processor.py:830} INFO - Processing file /home/wal/.pyenv/versions/3.12.0/lib/python3.12/site-packages/airflow/example_dags/example_branch_day_of_week_operator.py for tasks to queue
[2025-07-13T23:37:07.832+0300] {logging_mixin.py:188} INFO - [2025-07-13T23:37:07.830+0300] {dagbag.py:545} INFO - Filling up the DagBag from /home/wal/.pyenv/versions/3.12.0/lib/python3.12/site-packages/airflow/example_dags/example_branch_day_of_week_operator.py
[2025-07-13T23:37:07.851+0300] {processor.py:840} INFO - DAG(s) 'example_weekday_branch_operator' retrieved from /home/wal/.pyenv/versions/3.12.0/lib/python3.12/site-packages/airflow/example_dags/example_branch_day_of_week_operator.py
[2025-07-13T23:37:07.881+0300] {logging_mixin.py:188} INFO - [2025-07-13T23:37:07.881+0300] {dag.py:3096} INFO - Sync 1 DAGs
[2025-07-13T23:37:07.908+0300] {logging_mixin.py:188} INFO - [2025-07-13T23:37:07.908+0300] {dag.py:3954} INFO - Setting next_dagrun for example_weekday_branch_operator to 2025-07-12 00:00:00+00:00, run_after=2025-07-13 00:00:00+00:00
[2025-07-13T23:37:07.939+0300] {processor.py:183} INFO - Processing /home/wal/.pyenv/versions/3.12.0/lib/python3.12/site-packages/airflow/example_dags/example_branch_day_of_week_operator.py took 0.137 seconds
[2025-07-13T23:38:08.267+0300] {processor.py:161} INFO - Started process (PID=6428) to work on /home/wal/.pyenv/versions/3.12.0/lib/python3.12/site-packages/airflow/example_dags/example_branch_day_of_week_operator.py
[2025-07-13T23:38:08.274+0300] {processor.py:830} INFO - Processing file /home/wal/.pyenv/versions/3.12.0/lib/python3.12/site-packages/airflow/example_dags/example_branch_day_of_week_operator.py for tasks to queue
[2025-07-13T23:38:08.276+0300] {logging_mixin.py:188} INFO - [2025-07-13T23:38:08.275+0300] {dagbag.py:545} INFO - Filling up the DagBag from /home/wal/.pyenv/versions/3.12.0/lib/python3.12/site-packages/airflow/example_dags/example_branch_day_of_week_operator.py
[2025-07-13T23:38:08.289+0300] {processor.py:840} INFO - DAG(s) 'example_weekday_branch_operator' retrieved from /home/wal/.pyenv/versions/3.12.0/lib/python3.12/site-packages/airflow/example_dags/example_branch_day_of_week_operator.py
[2025-07-13T23:38:08.314+0300] {logging_mixin.py:188} INFO - [2025-07-13T23:38:08.314+0300] {dag.py:3096} INFO - Sync 1 DAGs
[2025-07-13T23:38:08.345+0300] {logging_mixin.py:188} INFO - [2025-07-13T23:38:08.345+0300] {dag.py:3954} INFO - Setting next_dagrun for example_weekday_branch_operator to 2025-07-12 00:00:00+00:00, run_after=2025-07-13 00:00:00+00:00
[2025-07-13T23:38:08.376+0300] {processor.py:183} INFO - Processing /home/wal/.pyenv/versions/3.12.0/lib/python3.12/site-packages/airflow/example_dags/example_branch_day_of_week_operator.py took 0.119 seconds
[2025-07-13T23:39:07.647+0300] {processor.py:161} INFO - Started process (PID=6480) to work on /home/wal/.pyenv/versions/3.12.0/lib/python3.12/site-packages/airflow/example_dags/example_branch_day_of_week_operator.py
[2025-07-13T23:39:07.654+0300] {processor.py:830} INFO - Processing file /home/wal/.pyenv/versions/3.12.0/lib/python3.12/site-packages/airflow/example_dags/example_branch_day_of_week_operator.py for tasks to queue
[2025-07-13T23:39:07.658+0300] {logging_mixin.py:188} INFO - [2025-07-13T23:39:07.656+0300] {dagbag.py:545} INFO - Filling up the DagBag from /home/wal/.pyenv/versions/3.12.0/lib/python3.12/site-packages/airflow/example_dags/example_branch_day_of_week_operator.py
[2025-07-13T23:39:07.674+0300] {processor.py:840} INFO - DAG(s) 'example_weekday_branch_operator' retrieved from /home/wal/.pyenv/versions/3.12.0/lib/python3.12/site-packages/airflow/example_dags/example_branch_day_of_week_operator.py
[2025-07-13T23:39:07.710+0300] {logging_mixin.py:188} INFO - [2025-07-13T23:39:07.710+0300] {dag.py:3096} INFO - Sync 1 DAGs
[2025-07-13T23:39:07.740+0300] {logging_mixin.py:188} INFO - [2025-07-13T23:39:07.740+0300] {dag.py:3954} INFO - Setting next_dagrun for example_weekday_branch_operator to 2025-07-12 00:00:00+00:00, run_after=2025-07-13 00:00:00+00:00
[2025-07-13T23:39:07.773+0300] {processor.py:183} INFO - Processing /home/wal/.pyenv/versions/3.12.0/lib/python3.12/site-packages/airflow/example_dags/example_branch_day_of_week_operator.py took 0.132 seconds
[2025-07-13T23:40:04.290+0300] {processor.py:161} INFO - Started process (PID=6531) to work on /home/wal/.pyenv/versions/3.12.0/lib/python3.12/site-packages/airflow/example_dags/example_branch_day_of_week_operator.py
[2025-07-13T23:40:04.292+0300] {processor.py:830} INFO - Processing file /home/wal/.pyenv/versions/3.12.0/lib/python3.12/site-packages/airflow/example_dags/example_branch_day_of_week_operator.py for tasks to queue
[2025-07-13T23:40:04.296+0300] {logging_mixin.py:188} INFO - [2025-07-13T23:40:04.295+0300] {dagbag.py:545} INFO - Filling up the DagBag from /home/wal/.pyenv/versions/3.12.0/lib/python3.12/site-packages/airflow/example_dags/example_branch_day_of_week_operator.py
[2025-07-13T23:40:04.311+0300] {processor.py:840} INFO - DAG(s) 'example_weekday_branch_operator' retrieved from /home/wal/.pyenv/versions/3.12.0/lib/python3.12/site-packages/airflow/example_dags/example_branch_day_of_week_operator.py
[2025-07-13T23:40:04.333+0300] {logging_mixin.py:188} INFO - [2025-07-13T23:40:04.333+0300] {dag.py:3096} INFO - Sync 1 DAGs
[2025-07-13T23:40:04.364+0300] {logging_mixin.py:188} INFO - [2025-07-13T23:40:04.364+0300] {dag.py:3954} INFO - Setting next_dagrun for example_weekday_branch_operator to 2025-07-12 00:00:00+00:00, run_after=2025-07-13 00:00:00+00:00
[2025-07-13T23:40:04.405+0300] {processor.py:183} INFO - Processing /home/wal/.pyenv/versions/3.12.0/lib/python3.12/site-packages/airflow/example_dags/example_branch_day_of_week_operator.py took 0.129 seconds
[2025-07-13T23:40:58.031+0300] {processor.py:161} INFO - Started process (PID=6583) to work on /home/wal/.pyenv/versions/3.12.0/lib/python3.12/site-packages/airflow/example_dags/example_branch_day_of_week_operator.py
[2025-07-13T23:40:58.038+0300] {processor.py:830} INFO - Processing file /home/wal/.pyenv/versions/3.12.0/lib/python3.12/site-packages/airflow/example_dags/example_branch_day_of_week_operator.py for tasks to queue
[2025-07-13T23:40:58.040+0300] {logging_mixin.py:188} INFO - [2025-07-13T23:40:58.040+0300] {dagbag.py:545} INFO - Filling up the DagBag from /home/wal/.pyenv/versions/3.12.0/lib/python3.12/site-packages/airflow/example_dags/example_branch_day_of_week_operator.py
[2025-07-13T23:40:58.048+0300] {processor.py:840} INFO - DAG(s) 'example_weekday_branch_operator' retrieved from /home/wal/.pyenv/versions/3.12.0/lib/python3.12/site-packages/airflow/example_dags/example_branch_day_of_week_operator.py
[2025-07-13T23:40:58.073+0300] {logging_mixin.py:188} INFO - [2025-07-13T23:40:58.073+0300] {dag.py:3096} INFO - Sync 1 DAGs
[2025-07-13T23:40:58.101+0300] {logging_mixin.py:188} INFO - [2025-07-13T23:40:58.101+0300] {dag.py:3954} INFO - Setting next_dagrun for example_weekday_branch_operator to 2025-07-12 00:00:00+00:00, run_after=2025-07-13 00:00:00+00:00
[2025-07-13T23:40:58.129+0300] {processor.py:183} INFO - Processing /home/wal/.pyenv/versions/3.12.0/lib/python3.12/site-packages/airflow/example_dags/example_branch_day_of_week_operator.py took 0.106 seconds
[2025-07-13T23:42:14.501+0300] {processor.py:161} INFO - Started process (PID=6654) to work on /home/wal/.pyenv/versions/3.12.0/lib/python3.12/site-packages/airflow/example_dags/example_branch_day_of_week_operator.py
[2025-07-13T23:42:14.508+0300] {processor.py:830} INFO - Processing file /home/wal/.pyenv/versions/3.12.0/lib/python3.12/site-packages/airflow/example_dags/example_branch_day_of_week_operator.py for tasks to queue
[2025-07-13T23:42:14.514+0300] {logging_mixin.py:188} INFO - [2025-07-13T23:42:14.513+0300] {dagbag.py:545} INFO - Filling up the DagBag from /home/wal/.pyenv/versions/3.12.0/lib/python3.12/site-packages/airflow/example_dags/example_branch_day_of_week_operator.py
[2025-07-13T23:42:14.531+0300] {processor.py:840} INFO - DAG(s) 'example_weekday_branch_operator' retrieved from /home/wal/.pyenv/versions/3.12.0/lib/python3.12/site-packages/airflow/example_dags/example_branch_day_of_week_operator.py
[2025-07-13T23:42:14.556+0300] {logging_mixin.py:188} INFO - [2025-07-13T23:42:14.554+0300] {dag.py:3096} INFO - Sync 1 DAGs
[2025-07-13T23:42:14.587+0300] {logging_mixin.py:188} INFO - [2025-07-13T23:42:14.586+0300] {dag.py:3954} INFO - Setting next_dagrun for example_weekday_branch_operator to 2025-07-12 00:00:00+00:00, run_after=2025-07-13 00:00:00+00:00
[2025-07-13T23:42:14.620+0300] {processor.py:183} INFO - Processing /home/wal/.pyenv/versions/3.12.0/lib/python3.12/site-packages/airflow/example_dags/example_branch_day_of_week_operator.py took 0.134 seconds
[2025-07-13T23:43:34.431+0300] {processor.py:161} INFO - Started process (PID=6728) to work on /home/wal/.pyenv/versions/3.12.0/lib/python3.12/site-packages/airflow/example_dags/example_branch_day_of_week_operator.py
[2025-07-13T23:43:34.439+0300] {processor.py:830} INFO - Processing file /home/wal/.pyenv/versions/3.12.0/lib/python3.12/site-packages/airflow/example_dags/example_branch_day_of_week_operator.py for tasks to queue
[2025-07-13T23:43:34.441+0300] {logging_mixin.py:188} INFO - [2025-07-13T23:43:34.440+0300] {dagbag.py:545} INFO - Filling up the DagBag from /home/wal/.pyenv/versions/3.12.0/lib/python3.12/site-packages/airflow/example_dags/example_branch_day_of_week_operator.py
[2025-07-13T23:43:34.454+0300] {processor.py:840} INFO - DAG(s) 'example_weekday_branch_operator' retrieved from /home/wal/.pyenv/versions/3.12.0/lib/python3.12/site-packages/airflow/example_dags/example_branch_day_of_week_operator.py
[2025-07-13T23:43:34.479+0300] {logging_mixin.py:188} INFO - [2025-07-13T23:43:34.478+0300] {dag.py:3096} INFO - Sync 1 DAGs
[2025-07-13T23:43:34.516+0300] {logging_mixin.py:188} INFO - [2025-07-13T23:43:34.516+0300] {dag.py:3954} INFO - Setting next_dagrun for example_weekday_branch_operator to 2025-07-12 00:00:00+00:00, run_after=2025-07-13 00:00:00+00:00
[2025-07-13T23:43:34.549+0300] {processor.py:183} INFO - Processing /home/wal/.pyenv/versions/3.12.0/lib/python3.12/site-packages/airflow/example_dags/example_branch_day_of_week_operator.py took 0.143 seconds
[2025-07-13T23:44:31.167+0300] {processor.py:161} INFO - Started process (PID=6779) to work on /home/wal/.pyenv/versions/3.12.0/lib/python3.12/site-packages/airflow/example_dags/example_branch_day_of_week_operator.py
[2025-07-13T23:44:31.174+0300] {processor.py:830} INFO - Processing file /home/wal/.pyenv/versions/3.12.0/lib/python3.12/site-packages/airflow/example_dags/example_branch_day_of_week_operator.py for tasks to queue
[2025-07-13T23:44:31.177+0300] {logging_mixin.py:188} INFO - [2025-07-13T23:44:31.176+0300] {dagbag.py:545} INFO - Filling up the DagBag from /home/wal/.pyenv/versions/3.12.0/lib/python3.12/site-packages/airflow/example_dags/example_branch_day_of_week_operator.py
[2025-07-13T23:44:31.189+0300] {processor.py:840} INFO - DAG(s) 'example_weekday_branch_operator' retrieved from /home/wal/.pyenv/versions/3.12.0/lib/python3.12/site-packages/airflow/example_dags/example_branch_day_of_week_operator.py
[2025-07-13T23:44:31.211+0300] {logging_mixin.py:188} INFO - [2025-07-13T23:44:31.210+0300] {dag.py:3096} INFO - Sync 1 DAGs
[2025-07-13T23:44:31.239+0300] {logging_mixin.py:188} INFO - [2025-07-13T23:44:31.239+0300] {dag.py:3954} INFO - Setting next_dagrun for example_weekday_branch_operator to 2025-07-12 00:00:00+00:00, run_after=2025-07-13 00:00:00+00:00
[2025-07-13T23:44:31.273+0300] {processor.py:183} INFO - Processing /home/wal/.pyenv/versions/3.12.0/lib/python3.12/site-packages/airflow/example_dags/example_branch_day_of_week_operator.py took 0.116 seconds
[2025-07-13T23:45:28.567+0300] {processor.py:161} INFO - Started process (PID=6834) to work on /home/wal/.pyenv/versions/3.12.0/lib/python3.12/site-packages/airflow/example_dags/example_branch_day_of_week_operator.py
[2025-07-13T23:45:28.568+0300] {processor.py:830} INFO - Processing file /home/wal/.pyenv/versions/3.12.0/lib/python3.12/site-packages/airflow/example_dags/example_branch_day_of_week_operator.py for tasks to queue
[2025-07-13T23:45:28.570+0300] {logging_mixin.py:188} INFO - [2025-07-13T23:45:28.570+0300] {dagbag.py:545} INFO - Filling up the DagBag from /home/wal/.pyenv/versions/3.12.0/lib/python3.12/site-packages/airflow/example_dags/example_branch_day_of_week_operator.py
[2025-07-13T23:45:28.582+0300] {processor.py:840} INFO - DAG(s) 'example_weekday_branch_operator' retrieved from /home/wal/.pyenv/versions/3.12.0/lib/python3.12/site-packages/airflow/example_dags/example_branch_day_of_week_operator.py
[2025-07-13T23:45:28.604+0300] {logging_mixin.py:188} INFO - [2025-07-13T23:45:28.603+0300] {dag.py:3096} INFO - Sync 1 DAGs
[2025-07-13T23:45:28.632+0300] {logging_mixin.py:188} INFO - [2025-07-13T23:45:28.631+0300] {dag.py:3954} INFO - Setting next_dagrun for example_weekday_branch_operator to 2025-07-12 00:00:00+00:00, run_after=2025-07-13 00:00:00+00:00
[2025-07-13T23:45:28.663+0300] {processor.py:183} INFO - Processing /home/wal/.pyenv/versions/3.12.0/lib/python3.12/site-packages/airflow/example_dags/example_branch_day_of_week_operator.py took 0.106 seconds
[2025-07-13T23:46:52.140+0300] {processor.py:161} INFO - Started process (PID=6910) to work on /home/wal/.pyenv/versions/3.12.0/lib/python3.12/site-packages/airflow/example_dags/example_branch_day_of_week_operator.py
[2025-07-13T23:46:52.142+0300] {processor.py:830} INFO - Processing file /home/wal/.pyenv/versions/3.12.0/lib/python3.12/site-packages/airflow/example_dags/example_branch_day_of_week_operator.py for tasks to queue
[2025-07-13T23:46:52.147+0300] {logging_mixin.py:188} INFO - [2025-07-13T23:46:52.145+0300] {dagbag.py:545} INFO - Filling up the DagBag from /home/wal/.pyenv/versions/3.12.0/lib/python3.12/site-packages/airflow/example_dags/example_branch_day_of_week_operator.py
[2025-07-13T23:46:52.214+0300] {processor.py:840} INFO - DAG(s) 'example_weekday_branch_operator' retrieved from /home/wal/.pyenv/versions/3.12.0/lib/python3.12/site-packages/airflow/example_dags/example_branch_day_of_week_operator.py
[2025-07-13T23:46:52.304+0300] {logging_mixin.py:188} INFO - [2025-07-13T23:46:52.304+0300] {dag.py:3096} INFO - Sync 1 DAGs
[2025-07-13T23:46:52.366+0300] {logging_mixin.py:188} INFO - [2025-07-13T23:46:52.365+0300] {dag.py:3954} INFO - Setting next_dagrun for example_weekday_branch_operator to 2025-07-12 00:00:00+00:00, run_after=2025-07-13 00:00:00+00:00
[2025-07-13T23:46:52.419+0300] {processor.py:183} INFO - Processing /home/wal/.pyenv/versions/3.12.0/lib/python3.12/site-packages/airflow/example_dags/example_branch_day_of_week_operator.py took 0.292 seconds
[2025-07-13T23:48:12.629+0300] {processor.py:161} INFO - Started process (PID=6984) to work on /home/wal/.pyenv/versions/3.12.0/lib/python3.12/site-packages/airflow/example_dags/example_branch_day_of_week_operator.py
[2025-07-13T23:48:12.636+0300] {processor.py:830} INFO - Processing file /home/wal/.pyenv/versions/3.12.0/lib/python3.12/site-packages/airflow/example_dags/example_branch_day_of_week_operator.py for tasks to queue
[2025-07-13T23:48:12.639+0300] {logging_mixin.py:188} INFO - [2025-07-13T23:48:12.638+0300] {dagbag.py:545} INFO - Filling up the DagBag from /home/wal/.pyenv/versions/3.12.0/lib/python3.12/site-packages/airflow/example_dags/example_branch_day_of_week_operator.py
[2025-07-13T23:48:12.649+0300] {processor.py:840} INFO - DAG(s) 'example_weekday_branch_operator' retrieved from /home/wal/.pyenv/versions/3.12.0/lib/python3.12/site-packages/airflow/example_dags/example_branch_day_of_week_operator.py
[2025-07-13T23:48:12.670+0300] {logging_mixin.py:188} INFO - [2025-07-13T23:48:12.670+0300] {dag.py:3096} INFO - Sync 1 DAGs
[2025-07-13T23:48:12.696+0300] {logging_mixin.py:188} INFO - [2025-07-13T23:48:12.696+0300] {dag.py:3954} INFO - Setting next_dagrun for example_weekday_branch_operator to 2025-07-12 00:00:00+00:00, run_after=2025-07-13 00:00:00+00:00
[2025-07-13T23:48:12.727+0300] {processor.py:183} INFO - Processing /home/wal/.pyenv/versions/3.12.0/lib/python3.12/site-packages/airflow/example_dags/example_branch_day_of_week_operator.py took 0.111 seconds
[2025-07-13T23:49:09.967+0300] {processor.py:161} INFO - Started process (PID=7036) to work on /home/wal/.pyenv/versions/3.12.0/lib/python3.12/site-packages/airflow/example_dags/example_branch_day_of_week_operator.py
[2025-07-13T23:49:09.969+0300] {processor.py:830} INFO - Processing file /home/wal/.pyenv/versions/3.12.0/lib/python3.12/site-packages/airflow/example_dags/example_branch_day_of_week_operator.py for tasks to queue
[2025-07-13T23:49:09.972+0300] {logging_mixin.py:188} INFO - [2025-07-13T23:49:09.971+0300] {dagbag.py:545} INFO - Filling up the DagBag from /home/wal/.pyenv/versions/3.12.0/lib/python3.12/site-packages/airflow/example_dags/example_branch_day_of_week_operator.py
[2025-07-13T23:49:09.984+0300] {processor.py:840} INFO - DAG(s) 'example_weekday_branch_operator' retrieved from /home/wal/.pyenv/versions/3.12.0/lib/python3.12/site-packages/airflow/example_dags/example_branch_day_of_week_operator.py
[2025-07-13T23:49:10.009+0300] {logging_mixin.py:188} INFO - [2025-07-13T23:49:10.009+0300] {dag.py:3096} INFO - Sync 1 DAGs
[2025-07-13T23:49:10.035+0300] {logging_mixin.py:188} INFO - [2025-07-13T23:49:10.035+0300] {dag.py:3954} INFO - Setting next_dagrun for example_weekday_branch_operator to 2025-07-12 00:00:00+00:00, run_after=2025-07-13 00:00:00+00:00
[2025-07-13T23:49:10.066+0300] {processor.py:183} INFO - Processing /home/wal/.pyenv/versions/3.12.0/lib/python3.12/site-packages/airflow/example_dags/example_branch_day_of_week_operator.py took 0.111 seconds
[2025-07-13T23:50:27.349+0300] {processor.py:161} INFO - Started process (PID=7108) to work on /home/wal/.pyenv/versions/3.12.0/lib/python3.12/site-packages/airflow/example_dags/example_branch_day_of_week_operator.py
[2025-07-13T23:50:27.353+0300] {processor.py:830} INFO - Processing file /home/wal/.pyenv/versions/3.12.0/lib/python3.12/site-packages/airflow/example_dags/example_branch_day_of_week_operator.py for tasks to queue
[2025-07-13T23:50:27.356+0300] {logging_mixin.py:188} INFO - [2025-07-13T23:50:27.355+0300] {dagbag.py:545} INFO - Filling up the DagBag from /home/wal/.pyenv/versions/3.12.0/lib/python3.12/site-packages/airflow/example_dags/example_branch_day_of_week_operator.py
[2025-07-13T23:50:27.377+0300] {processor.py:840} INFO - DAG(s) 'example_weekday_branch_operator' retrieved from /home/wal/.pyenv/versions/3.12.0/lib/python3.12/site-packages/airflow/example_dags/example_branch_day_of_week_operator.py
[2025-07-13T23:50:27.422+0300] {logging_mixin.py:188} INFO - [2025-07-13T23:50:27.422+0300] {dag.py:3096} INFO - Sync 1 DAGs
[2025-07-13T23:50:27.468+0300] {logging_mixin.py:188} INFO - [2025-07-13T23:50:27.467+0300] {dag.py:3954} INFO - Setting next_dagrun for example_weekday_branch_operator to 2025-07-12 00:00:00+00:00, run_after=2025-07-13 00:00:00+00:00
[2025-07-13T23:50:27.498+0300] {processor.py:183} INFO - Processing /home/wal/.pyenv/versions/3.12.0/lib/python3.12/site-packages/airflow/example_dags/example_branch_day_of_week_operator.py took 0.164 seconds
[2025-07-13T23:51:53.383+0300] {processor.py:161} INFO - Started process (PID=7183) to work on /home/wal/.pyenv/versions/3.12.0/lib/python3.12/site-packages/airflow/example_dags/example_branch_day_of_week_operator.py
[2025-07-13T23:51:53.384+0300] {processor.py:830} INFO - Processing file /home/wal/.pyenv/versions/3.12.0/lib/python3.12/site-packages/airflow/example_dags/example_branch_day_of_week_operator.py for tasks to queue
[2025-07-13T23:51:53.386+0300] {logging_mixin.py:188} INFO - [2025-07-13T23:51:53.386+0300] {dagbag.py:545} INFO - Filling up the DagBag from /home/wal/.pyenv/versions/3.12.0/lib/python3.12/site-packages/airflow/example_dags/example_branch_day_of_week_operator.py
[2025-07-13T23:51:53.399+0300] {processor.py:840} INFO - DAG(s) 'example_weekday_branch_operator' retrieved from /home/wal/.pyenv/versions/3.12.0/lib/python3.12/site-packages/airflow/example_dags/example_branch_day_of_week_operator.py
[2025-07-13T23:51:53.435+0300] {logging_mixin.py:188} INFO - [2025-07-13T23:51:53.434+0300] {dag.py:3096} INFO - Sync 1 DAGs
[2025-07-13T23:51:53.479+0300] {logging_mixin.py:188} INFO - [2025-07-13T23:51:53.479+0300] {dag.py:3954} INFO - Setting next_dagrun for example_weekday_branch_operator to 2025-07-12 00:00:00+00:00, run_after=2025-07-13 00:00:00+00:00
[2025-07-13T23:51:53.515+0300] {processor.py:183} INFO - Processing /home/wal/.pyenv/versions/3.12.0/lib/python3.12/site-packages/airflow/example_dags/example_branch_day_of_week_operator.py took 0.144 seconds
[2025-07-13T23:52:53.200+0300] {processor.py:161} INFO - Started process (PID=7239) to work on /home/wal/.pyenv/versions/3.12.0/lib/python3.12/site-packages/airflow/example_dags/example_branch_day_of_week_operator.py
[2025-07-13T23:52:53.206+0300] {processor.py:830} INFO - Processing file /home/wal/.pyenv/versions/3.12.0/lib/python3.12/site-packages/airflow/example_dags/example_branch_day_of_week_operator.py for tasks to queue
[2025-07-13T23:52:53.208+0300] {logging_mixin.py:188} INFO - [2025-07-13T23:52:53.207+0300] {dagbag.py:545} INFO - Filling up the DagBag from /home/wal/.pyenv/versions/3.12.0/lib/python3.12/site-packages/airflow/example_dags/example_branch_day_of_week_operator.py
[2025-07-13T23:52:53.219+0300] {processor.py:840} INFO - DAG(s) 'example_weekday_branch_operator' retrieved from /home/wal/.pyenv/versions/3.12.0/lib/python3.12/site-packages/airflow/example_dags/example_branch_day_of_week_operator.py
[2025-07-13T23:52:53.243+0300] {logging_mixin.py:188} INFO - [2025-07-13T23:52:53.242+0300] {dag.py:3096} INFO - Sync 1 DAGs
[2025-07-13T23:52:53.268+0300] {logging_mixin.py:188} INFO - [2025-07-13T23:52:53.268+0300] {dag.py:3954} INFO - Setting next_dagrun for example_weekday_branch_operator to 2025-07-12 00:00:00+00:00, run_after=2025-07-13 00:00:00+00:00
[2025-07-13T23:52:53.302+0300] {processor.py:183} INFO - Processing /home/wal/.pyenv/versions/3.12.0/lib/python3.12/site-packages/airflow/example_dags/example_branch_day_of_week_operator.py took 0.113 seconds
[2025-07-13T23:54:15.456+0300] {processor.py:161} INFO - Started process (PID=7313) to work on /home/wal/.pyenv/versions/3.12.0/lib/python3.12/site-packages/airflow/example_dags/example_branch_day_of_week_operator.py
[2025-07-13T23:54:15.458+0300] {processor.py:830} INFO - Processing file /home/wal/.pyenv/versions/3.12.0/lib/python3.12/site-packages/airflow/example_dags/example_branch_day_of_week_operator.py for tasks to queue
[2025-07-13T23:54:15.460+0300] {logging_mixin.py:188} INFO - [2025-07-13T23:54:15.460+0300] {dagbag.py:545} INFO - Filling up the DagBag from /home/wal/.pyenv/versions/3.12.0/lib/python3.12/site-packages/airflow/example_dags/example_branch_day_of_week_operator.py
[2025-07-13T23:54:15.474+0300] {processor.py:840} INFO - DAG(s) 'example_weekday_branch_operator' retrieved from /home/wal/.pyenv/versions/3.12.0/lib/python3.12/site-packages/airflow/example_dags/example_branch_day_of_week_operator.py
[2025-07-13T23:54:15.504+0300] {logging_mixin.py:188} INFO - [2025-07-13T23:54:15.504+0300] {dag.py:3096} INFO - Sync 1 DAGs
[2025-07-13T23:54:15.545+0300] {logging_mixin.py:188} INFO - [2025-07-13T23:54:15.544+0300] {dag.py:3954} INFO - Setting next_dagrun for example_weekday_branch_operator to 2025-07-12 00:00:00+00:00, run_after=2025-07-13 00:00:00+00:00
[2025-07-13T23:54:15.580+0300] {processor.py:183} INFO - Processing /home/wal/.pyenv/versions/3.12.0/lib/python3.12/site-packages/airflow/example_dags/example_branch_day_of_week_operator.py took 0.135 seconds
[2025-07-13T23:55:13.415+0300] {processor.py:161} INFO - Started process (PID=7367) to work on /home/wal/.pyenv/versions/3.12.0/lib/python3.12/site-packages/airflow/example_dags/example_branch_day_of_week_operator.py
[2025-07-13T23:55:13.417+0300] {processor.py:830} INFO - Processing file /home/wal/.pyenv/versions/3.12.0/lib/python3.12/site-packages/airflow/example_dags/example_branch_day_of_week_operator.py for tasks to queue
[2025-07-13T23:55:13.422+0300] {logging_mixin.py:188} INFO - [2025-07-13T23:55:13.421+0300] {dagbag.py:545} INFO - Filling up the DagBag from /home/wal/.pyenv/versions/3.12.0/lib/python3.12/site-packages/airflow/example_dags/example_branch_day_of_week_operator.py
[2025-07-13T23:55:13.432+0300] {processor.py:840} INFO - DAG(s) 'example_weekday_branch_operator' retrieved from /home/wal/.pyenv/versions/3.12.0/lib/python3.12/site-packages/airflow/example_dags/example_branch_day_of_week_operator.py
[2025-07-13T23:55:13.459+0300] {logging_mixin.py:188} INFO - [2025-07-13T23:55:13.459+0300] {dag.py:3096} INFO - Sync 1 DAGs
[2025-07-13T23:55:13.488+0300] {logging_mixin.py:188} INFO - [2025-07-13T23:55:13.487+0300] {dag.py:3954} INFO - Setting next_dagrun for example_weekday_branch_operator to 2025-07-12 00:00:00+00:00, run_after=2025-07-13 00:00:00+00:00
[2025-07-13T23:55:13.522+0300] {processor.py:183} INFO - Processing /home/wal/.pyenv/versions/3.12.0/lib/python3.12/site-packages/airflow/example_dags/example_branch_day_of_week_operator.py took 0.114 seconds
[2025-07-13T23:56:10.449+0300] {processor.py:161} INFO - Started process (PID=7419) to work on /home/wal/.pyenv/versions/3.12.0/lib/python3.12/site-packages/airflow/example_dags/example_branch_day_of_week_operator.py
[2025-07-13T23:56:10.451+0300] {processor.py:830} INFO - Processing file /home/wal/.pyenv/versions/3.12.0/lib/python3.12/site-packages/airflow/example_dags/example_branch_day_of_week_operator.py for tasks to queue
[2025-07-13T23:56:10.453+0300] {logging_mixin.py:188} INFO - [2025-07-13T23:56:10.452+0300] {dagbag.py:545} INFO - Filling up the DagBag from /home/wal/.pyenv/versions/3.12.0/lib/python3.12/site-packages/airflow/example_dags/example_branch_day_of_week_operator.py
[2025-07-13T23:56:10.465+0300] {processor.py:840} INFO - DAG(s) 'example_weekday_branch_operator' retrieved from /home/wal/.pyenv/versions/3.12.0/lib/python3.12/site-packages/airflow/example_dags/example_branch_day_of_week_operator.py
[2025-07-13T23:56:10.489+0300] {logging_mixin.py:188} INFO - [2025-07-13T23:56:10.488+0300] {dag.py:3096} INFO - Sync 1 DAGs
[2025-07-13T23:56:10.516+0300] {logging_mixin.py:188} INFO - [2025-07-13T23:56:10.515+0300] {dag.py:3954} INFO - Setting next_dagrun for example_weekday_branch_operator to 2025-07-12 00:00:00+00:00, run_after=2025-07-13 00:00:00+00:00
[2025-07-13T23:56:10.549+0300] {processor.py:183} INFO - Processing /home/wal/.pyenv/versions/3.12.0/lib/python3.12/site-packages/airflow/example_dags/example_branch_day_of_week_operator.py took 0.112 seconds
[2025-07-13T23:57:35.017+0300] {processor.py:161} INFO - Started process (PID=7495) to work on /home/wal/.pyenv/versions/3.12.0/lib/python3.12/site-packages/airflow/example_dags/example_branch_day_of_week_operator.py
[2025-07-13T23:57:35.020+0300] {processor.py:830} INFO - Processing file /home/wal/.pyenv/versions/3.12.0/lib/python3.12/site-packages/airflow/example_dags/example_branch_day_of_week_operator.py for tasks to queue
[2025-07-13T23:57:35.022+0300] {logging_mixin.py:188} INFO - [2025-07-13T23:57:35.021+0300] {dagbag.py:545} INFO - Filling up the DagBag from /home/wal/.pyenv/versions/3.12.0/lib/python3.12/site-packages/airflow/example_dags/example_branch_day_of_week_operator.py
[2025-07-13T23:57:35.031+0300] {processor.py:840} INFO - DAG(s) 'example_weekday_branch_operator' retrieved from /home/wal/.pyenv/versions/3.12.0/lib/python3.12/site-packages/airflow/example_dags/example_branch_day_of_week_operator.py
[2025-07-13T23:57:35.054+0300] {logging_mixin.py:188} INFO - [2025-07-13T23:57:35.054+0300] {dag.py:3096} INFO - Sync 1 DAGs
[2025-07-13T23:57:35.079+0300] {logging_mixin.py:188} INFO - [2025-07-13T23:57:35.079+0300] {dag.py:3954} INFO - Setting next_dagrun for example_weekday_branch_operator to 2025-07-12 00:00:00+00:00, run_after=2025-07-13 00:00:00+00:00
[2025-07-13T23:57:35.109+0300] {processor.py:183} INFO - Processing /home/wal/.pyenv/versions/3.12.0/lib/python3.12/site-packages/airflow/example_dags/example_branch_day_of_week_operator.py took 0.101 seconds
[2025-07-13T23:58:28.802+0300] {processor.py:161} INFO - Started process (PID=7546) to work on /home/wal/.pyenv/versions/3.12.0/lib/python3.12/site-packages/airflow/example_dags/example_branch_day_of_week_operator.py
[2025-07-13T23:58:28.804+0300] {processor.py:830} INFO - Processing file /home/wal/.pyenv/versions/3.12.0/lib/python3.12/site-packages/airflow/example_dags/example_branch_day_of_week_operator.py for tasks to queue
[2025-07-13T23:58:28.810+0300] {logging_mixin.py:188} INFO - [2025-07-13T23:58:28.808+0300] {dagbag.py:545} INFO - Filling up the DagBag from /home/wal/.pyenv/versions/3.12.0/lib/python3.12/site-packages/airflow/example_dags/example_branch_day_of_week_operator.py
[2025-07-13T23:58:28.821+0300] {processor.py:840} INFO - DAG(s) 'example_weekday_branch_operator' retrieved from /home/wal/.pyenv/versions/3.12.0/lib/python3.12/site-packages/airflow/example_dags/example_branch_day_of_week_operator.py
[2025-07-13T23:58:28.850+0300] {logging_mixin.py:188} INFO - [2025-07-13T23:58:28.850+0300] {dag.py:3096} INFO - Sync 1 DAGs
[2025-07-13T23:58:28.892+0300] {logging_mixin.py:188} INFO - [2025-07-13T23:58:28.891+0300] {dag.py:3954} INFO - Setting next_dagrun for example_weekday_branch_operator to 2025-07-12 00:00:00+00:00, run_after=2025-07-13 00:00:00+00:00
[2025-07-13T23:58:28.929+0300] {processor.py:183} INFO - Processing /home/wal/.pyenv/versions/3.12.0/lib/python3.12/site-packages/airflow/example_dags/example_branch_day_of_week_operator.py took 0.144 seconds
[2025-07-13T23:59:55.153+0300] {processor.py:161} INFO - Started process (PID=7623) to work on /home/wal/.pyenv/versions/3.12.0/lib/python3.12/site-packages/airflow/example_dags/example_branch_day_of_week_operator.py
[2025-07-13T23:59:55.155+0300] {processor.py:830} INFO - Processing file /home/wal/.pyenv/versions/3.12.0/lib/python3.12/site-packages/airflow/example_dags/example_branch_day_of_week_operator.py for tasks to queue
[2025-07-13T23:59:55.157+0300] {logging_mixin.py:188} INFO - [2025-07-13T23:59:55.157+0300] {dagbag.py:545} INFO - Filling up the DagBag from /home/wal/.pyenv/versions/3.12.0/lib/python3.12/site-packages/airflow/example_dags/example_branch_day_of_week_operator.py
[2025-07-13T23:59:55.171+0300] {processor.py:840} INFO - DAG(s) 'example_weekday_branch_operator' retrieved from /home/wal/.pyenv/versions/3.12.0/lib/python3.12/site-packages/airflow/example_dags/example_branch_day_of_week_operator.py
[2025-07-13T23:59:55.195+0300] {logging_mixin.py:188} INFO - [2025-07-13T23:59:55.194+0300] {dag.py:3096} INFO - Sync 1 DAGs
[2025-07-13T23:59:55.230+0300] {logging_mixin.py:188} INFO - [2025-07-13T23:59:55.229+0300] {dag.py:3954} INFO - Setting next_dagrun for example_weekday_branch_operator to 2025-07-12 00:00:00+00:00, run_after=2025-07-13 00:00:00+00:00
[2025-07-13T23:59:55.261+0300] {processor.py:183} INFO - Processing /home/wal/.pyenv/versions/3.12.0/lib/python3.12/site-packages/airflow/example_dags/example_branch_day_of_week_operator.py took 0.119 seconds
[2025-07-14T00:00:53.319+0300] {processor.py:161} INFO - Started process (PID=7691) to work on /home/wal/.pyenv/versions/3.12.0/lib/python3.12/site-packages/airflow/example_dags/example_branch_day_of_week_operator.py
[2025-07-14T00:00:53.323+0300] {processor.py:830} INFO - Processing file /home/wal/.pyenv/versions/3.12.0/lib/python3.12/site-packages/airflow/example_dags/example_branch_day_of_week_operator.py for tasks to queue
[2025-07-14T00:00:53.327+0300] {logging_mixin.py:188} INFO - [2025-07-14T00:00:53.326+0300] {dagbag.py:545} INFO - Filling up the DagBag from /home/wal/.pyenv/versions/3.12.0/lib/python3.12/site-packages/airflow/example_dags/example_branch_day_of_week_operator.py
[2025-07-14T00:00:53.338+0300] {processor.py:840} INFO - DAG(s) 'example_weekday_branch_operator' retrieved from /home/wal/.pyenv/versions/3.12.0/lib/python3.12/site-packages/airflow/example_dags/example_branch_day_of_week_operator.py
[2025-07-14T00:00:53.360+0300] {logging_mixin.py:188} INFO - [2025-07-14T00:00:53.359+0300] {dag.py:3096} INFO - Sync 1 DAGs
[2025-07-14T00:00:53.385+0300] {logging_mixin.py:188} INFO - [2025-07-14T00:00:53.384+0300] {dag.py:3954} INFO - Setting next_dagrun for example_weekday_branch_operator to 2025-07-12 00:00:00+00:00, run_after=2025-07-13 00:00:00+00:00
[2025-07-14T00:00:53.413+0300] {processor.py:183} INFO - Processing /home/wal/.pyenv/versions/3.12.0/lib/python3.12/site-packages/airflow/example_dags/example_branch_day_of_week_operator.py took 0.110 seconds
[2025-07-14T00:01:47.444+0300] {processor.py:161} INFO - Started process (PID=7740) to work on /home/wal/.pyenv/versions/3.12.0/lib/python3.12/site-packages/airflow/example_dags/example_branch_day_of_week_operator.py
[2025-07-14T00:01:47.446+0300] {processor.py:830} INFO - Processing file /home/wal/.pyenv/versions/3.12.0/lib/python3.12/site-packages/airflow/example_dags/example_branch_day_of_week_operator.py for tasks to queue
[2025-07-14T00:01:47.450+0300] {logging_mixin.py:188} INFO - [2025-07-14T00:01:47.449+0300] {dagbag.py:545} INFO - Filling up the DagBag from /home/wal/.pyenv/versions/3.12.0/lib/python3.12/site-packages/airflow/example_dags/example_branch_day_of_week_operator.py
[2025-07-14T00:01:47.467+0300] {processor.py:840} INFO - DAG(s) 'example_weekday_branch_operator' retrieved from /home/wal/.pyenv/versions/3.12.0/lib/python3.12/site-packages/airflow/example_dags/example_branch_day_of_week_operator.py
[2025-07-14T00:01:47.491+0300] {logging_mixin.py:188} INFO - [2025-07-14T00:01:47.491+0300] {dag.py:3096} INFO - Sync 1 DAGs
[2025-07-14T00:01:47.525+0300] {logging_mixin.py:188} INFO - [2025-07-14T00:01:47.525+0300] {dag.py:3954} INFO - Setting next_dagrun for example_weekday_branch_operator to 2025-07-12 00:00:00+00:00, run_after=2025-07-13 00:00:00+00:00
[2025-07-14T00:01:47.559+0300] {processor.py:183} INFO - Processing /home/wal/.pyenv/versions/3.12.0/lib/python3.12/site-packages/airflow/example_dags/example_branch_day_of_week_operator.py took 0.128 seconds
[2025-07-14T00:02:46.882+0300] {processor.py:161} INFO - Started process (PID=7792) to work on /home/wal/.pyenv/versions/3.12.0/lib/python3.12/site-packages/airflow/example_dags/example_branch_day_of_week_operator.py
[2025-07-14T00:02:46.884+0300] {processor.py:830} INFO - Processing file /home/wal/.pyenv/versions/3.12.0/lib/python3.12/site-packages/airflow/example_dags/example_branch_day_of_week_operator.py for tasks to queue
[2025-07-14T00:02:46.887+0300] {logging_mixin.py:188} INFO - [2025-07-14T00:02:46.886+0300] {dagbag.py:545} INFO - Filling up the DagBag from /home/wal/.pyenv/versions/3.12.0/lib/python3.12/site-packages/airflow/example_dags/example_branch_day_of_week_operator.py
[2025-07-14T00:02:46.902+0300] {processor.py:840} INFO - DAG(s) 'example_weekday_branch_operator' retrieved from /home/wal/.pyenv/versions/3.12.0/lib/python3.12/site-packages/airflow/example_dags/example_branch_day_of_week_operator.py
[2025-07-14T00:02:46.930+0300] {logging_mixin.py:188} INFO - [2025-07-14T00:02:46.929+0300] {dag.py:3096} INFO - Sync 1 DAGs
[2025-07-14T00:02:46.963+0300] {logging_mixin.py:188} INFO - [2025-07-14T00:02:46.962+0300] {dag.py:3954} INFO - Setting next_dagrun for example_weekday_branch_operator to 2025-07-12 00:00:00+00:00, run_after=2025-07-13 00:00:00+00:00
[2025-07-14T00:02:46.999+0300] {processor.py:183} INFO - Processing /home/wal/.pyenv/versions/3.12.0/lib/python3.12/site-packages/airflow/example_dags/example_branch_day_of_week_operator.py took 0.130 seconds
[2025-07-14T00:04:06.505+0300] {processor.py:161} INFO - Started process (PID=7868) to work on /home/wal/.pyenv/versions/3.12.0/lib/python3.12/site-packages/airflow/example_dags/example_branch_day_of_week_operator.py
[2025-07-14T00:04:06.512+0300] {processor.py:830} INFO - Processing file /home/wal/.pyenv/versions/3.12.0/lib/python3.12/site-packages/airflow/example_dags/example_branch_day_of_week_operator.py for tasks to queue
[2025-07-14T00:04:06.516+0300] {logging_mixin.py:188} INFO - [2025-07-14T00:04:06.515+0300] {dagbag.py:545} INFO - Filling up the DagBag from /home/wal/.pyenv/versions/3.12.0/lib/python3.12/site-packages/airflow/example_dags/example_branch_day_of_week_operator.py
[2025-07-14T00:04:06.525+0300] {processor.py:840} INFO - DAG(s) 'example_weekday_branch_operator' retrieved from /home/wal/.pyenv/versions/3.12.0/lib/python3.12/site-packages/airflow/example_dags/example_branch_day_of_week_operator.py
[2025-07-14T00:04:06.550+0300] {logging_mixin.py:188} INFO - [2025-07-14T00:04:06.550+0300] {dag.py:3096} INFO - Sync 1 DAGs
[2025-07-14T00:04:06.579+0300] {logging_mixin.py:188} INFO - [2025-07-14T00:04:06.578+0300] {dag.py:3954} INFO - Setting next_dagrun for example_weekday_branch_operator to 2025-07-12 00:00:00+00:00, run_after=2025-07-13 00:00:00+00:00
[2025-07-14T00:04:06.617+0300] {processor.py:183} INFO - Processing /home/wal/.pyenv/versions/3.12.0/lib/python3.12/site-packages/airflow/example_dags/example_branch_day_of_week_operator.py took 0.121 seconds
[2025-07-14T00:05:23.944+0300] {processor.py:161} INFO - Started process (PID=7945) to work on /home/wal/.pyenv/versions/3.12.0/lib/python3.12/site-packages/airflow/example_dags/example_branch_day_of_week_operator.py
[2025-07-14T00:05:23.950+0300] {processor.py:830} INFO - Processing file /home/wal/.pyenv/versions/3.12.0/lib/python3.12/site-packages/airflow/example_dags/example_branch_day_of_week_operator.py for tasks to queue
[2025-07-14T00:05:23.953+0300] {logging_mixin.py:188} INFO - [2025-07-14T00:05:23.952+0300] {dagbag.py:545} INFO - Filling up the DagBag from /home/wal/.pyenv/versions/3.12.0/lib/python3.12/site-packages/airflow/example_dags/example_branch_day_of_week_operator.py
[2025-07-14T00:05:23.962+0300] {processor.py:840} INFO - DAG(s) 'example_weekday_branch_operator' retrieved from /home/wal/.pyenv/versions/3.12.0/lib/python3.12/site-packages/airflow/example_dags/example_branch_day_of_week_operator.py
[2025-07-14T00:05:23.991+0300] {logging_mixin.py:188} INFO - [2025-07-14T00:05:23.991+0300] {dag.py:3096} INFO - Sync 1 DAGs
[2025-07-14T00:05:24.026+0300] {logging_mixin.py:188} INFO - [2025-07-14T00:05:24.025+0300] {dag.py:3954} INFO - Setting next_dagrun for example_weekday_branch_operator to 2025-07-12 00:00:00+00:00, run_after=2025-07-13 00:00:00+00:00
[2025-07-14T00:05:24.069+0300] {processor.py:183} INFO - Processing /home/wal/.pyenv/versions/3.12.0/lib/python3.12/site-packages/airflow/example_dags/example_branch_day_of_week_operator.py took 0.132 seconds
[2025-07-14T00:06:19.905+0300] {processor.py:161} INFO - Started process (PID=7996) to work on /home/wal/.pyenv/versions/3.12.0/lib/python3.12/site-packages/airflow/example_dags/example_branch_day_of_week_operator.py
[2025-07-14T00:06:19.907+0300] {processor.py:830} INFO - Processing file /home/wal/.pyenv/versions/3.12.0/lib/python3.12/site-packages/airflow/example_dags/example_branch_day_of_week_operator.py for tasks to queue
[2025-07-14T00:06:19.909+0300] {logging_mixin.py:188} INFO - [2025-07-14T00:06:19.908+0300] {dagbag.py:545} INFO - Filling up the DagBag from /home/wal/.pyenv/versions/3.12.0/lib/python3.12/site-packages/airflow/example_dags/example_branch_day_of_week_operator.py
[2025-07-14T00:06:19.920+0300] {processor.py:840} INFO - DAG(s) 'example_weekday_branch_operator' retrieved from /home/wal/.pyenv/versions/3.12.0/lib/python3.12/site-packages/airflow/example_dags/example_branch_day_of_week_operator.py
[2025-07-14T00:06:19.941+0300] {logging_mixin.py:188} INFO - [2025-07-14T00:06:19.941+0300] {dag.py:3096} INFO - Sync 1 DAGs
[2025-07-14T00:06:19.968+0300] {logging_mixin.py:188} INFO - [2025-07-14T00:06:19.968+0300] {dag.py:3954} INFO - Setting next_dagrun for example_weekday_branch_operator to 2025-07-12 00:00:00+00:00, run_after=2025-07-13 00:00:00+00:00
[2025-07-14T00:06:19.997+0300] {processor.py:183} INFO - Processing /home/wal/.pyenv/versions/3.12.0/lib/python3.12/site-packages/airflow/example_dags/example_branch_day_of_week_operator.py took 0.100 seconds
[2025-07-14T00:07:42.482+0300] {processor.py:161} INFO - Started process (PID=8069) to work on /home/wal/.pyenv/versions/3.12.0/lib/python3.12/site-packages/airflow/example_dags/example_branch_day_of_week_operator.py
[2025-07-14T00:07:42.489+0300] {processor.py:830} INFO - Processing file /home/wal/.pyenv/versions/3.12.0/lib/python3.12/site-packages/airflow/example_dags/example_branch_day_of_week_operator.py for tasks to queue
[2025-07-14T00:07:42.492+0300] {logging_mixin.py:188} INFO - [2025-07-14T00:07:42.491+0300] {dagbag.py:545} INFO - Filling up the DagBag from /home/wal/.pyenv/versions/3.12.0/lib/python3.12/site-packages/airflow/example_dags/example_branch_day_of_week_operator.py
[2025-07-14T00:07:42.508+0300] {processor.py:840} INFO - DAG(s) 'example_weekday_branch_operator' retrieved from /home/wal/.pyenv/versions/3.12.0/lib/python3.12/site-packages/airflow/example_dags/example_branch_day_of_week_operator.py
[2025-07-14T00:07:42.533+0300] {logging_mixin.py:188} INFO - [2025-07-14T00:07:42.532+0300] {dag.py:3096} INFO - Sync 1 DAGs
[2025-07-14T00:07:42.578+0300] {logging_mixin.py:188} INFO - [2025-07-14T00:07:42.578+0300] {dag.py:3954} INFO - Setting next_dagrun for example_weekday_branch_operator to 2025-07-12 00:00:00+00:00, run_after=2025-07-13 00:00:00+00:00
[2025-07-14T00:07:42.621+0300] {processor.py:183} INFO - Processing /home/wal/.pyenv/versions/3.12.0/lib/python3.12/site-packages/airflow/example_dags/example_branch_day_of_week_operator.py took 0.149 seconds
