[2025-07-13T22:56:15.741+0300] {processor.py:161} INFO - Started process (PID=4028) to work on /home/wal/.pyenv/versions/3.12.0/lib/python3.12/site-packages/airflow/example_dags/example_latest_only.py
[2025-07-13T22:56:15.742+0300] {processor.py:830} INFO - Processing file /home/wal/.pyenv/versions/3.12.0/lib/python3.12/site-packages/airflow/example_dags/example_latest_only.py for tasks to queue
[2025-07-13T22:56:15.746+0300] {logging_mixin.py:188} INFO - [2025-07-13T22:56:15.745+0300] {dagbag.py:545} INFO - Filling up the DagBag from /home/wal/.pyenv/versions/3.12.0/lib/python3.12/site-packages/airflow/example_dags/example_latest_only.py
[2025-07-13T22:56:15.754+0300] {processor.py:840} INFO - DAG(s) 'latest_only' retrieved from /home/wal/.pyenv/versions/3.12.0/lib/python3.12/site-packages/airflow/example_dags/example_latest_only.py
[2025-07-13T22:56:15.787+0300] {logging_mixin.py:188} INFO - [2025-07-13T22:56:15.787+0300] {dag.py:3096} INFO - Sync 1 DAGs
[2025-07-13T22:56:15.827+0300] {logging_mixin.py:188} INFO - [2025-07-13T22:56:15.826+0300] {dag.py:3954} INFO - Setting next_dagrun for latest_only to 2025-07-13 12:00:00+00:00, run_after=2025-07-13 16:00:00+00:00
[2025-07-13T22:56:15.863+0300] {processor.py:183} INFO - Processing /home/wal/.pyenv/versions/3.12.0/lib/python3.12/site-packages/airflow/example_dags/example_latest_only.py took 0.131 seconds
[2025-07-13T22:57:12.219+0300] {processor.py:161} INFO - Started process (PID=4167) to work on /home/wal/.pyenv/versions/3.12.0/lib/python3.12/site-packages/airflow/example_dags/example_latest_only.py
[2025-07-13T22:57:12.221+0300] {processor.py:830} INFO - Processing file /home/wal/.pyenv/versions/3.12.0/lib/python3.12/site-packages/airflow/example_dags/example_latest_only.py for tasks to queue
[2025-07-13T22:57:12.223+0300] {logging_mixin.py:188} INFO - [2025-07-13T22:57:12.222+0300] {dagbag.py:545} INFO - Filling up the DagBag from /home/wal/.pyenv/versions/3.12.0/lib/python3.12/site-packages/airflow/example_dags/example_latest_only.py
[2025-07-13T22:57:12.231+0300] {processor.py:840} INFO - DAG(s) 'latest_only' retrieved from /home/wal/.pyenv/versions/3.12.0/lib/python3.12/site-packages/airflow/example_dags/example_latest_only.py
[2025-07-13T22:57:12.263+0300] {logging_mixin.py:188} INFO - [2025-07-13T22:57:12.262+0300] {dag.py:3096} INFO - Sync 1 DAGs
[2025-07-13T22:57:12.299+0300] {logging_mixin.py:188} INFO - [2025-07-13T22:57:12.298+0300] {dag.py:3954} INFO - Setting next_dagrun for latest_only to 2025-07-13 12:00:00+00:00, run_after=2025-07-13 16:00:00+00:00
[2025-07-13T22:57:12.329+0300] {processor.py:183} INFO - Processing /home/wal/.pyenv/versions/3.12.0/lib/python3.12/site-packages/airflow/example_dags/example_latest_only.py took 0.118 seconds
[2025-07-13T22:58:09.714+0300] {processor.py:161} INFO - Started process (PID=4276) to work on /home/wal/.pyenv/versions/3.12.0/lib/python3.12/site-packages/airflow/example_dags/example_latest_only.py
[2025-07-13T22:58:09.717+0300] {processor.py:830} INFO - Processing file /home/wal/.pyenv/versions/3.12.0/lib/python3.12/site-packages/airflow/example_dags/example_latest_only.py for tasks to queue
[2025-07-13T22:58:09.719+0300] {logging_mixin.py:188} INFO - [2025-07-13T22:58:09.719+0300] {dagbag.py:545} INFO - Filling up the DagBag from /home/wal/.pyenv/versions/3.12.0/lib/python3.12/site-packages/airflow/example_dags/example_latest_only.py
[2025-07-13T22:58:09.725+0300] {processor.py:840} INFO - DAG(s) 'latest_only' retrieved from /home/wal/.pyenv/versions/3.12.0/lib/python3.12/site-packages/airflow/example_dags/example_latest_only.py
[2025-07-13T22:58:09.745+0300] {logging_mixin.py:188} INFO - [2025-07-13T22:58:09.745+0300] {dag.py:3096} INFO - Sync 1 DAGs
[2025-07-13T22:58:09.768+0300] {logging_mixin.py:188} INFO - [2025-07-13T22:58:09.768+0300] {dag.py:3954} INFO - Setting next_dagrun for latest_only to 2025-07-13 12:00:00+00:00, run_after=2025-07-13 16:00:00+00:00
[2025-07-13T22:58:09.793+0300] {processor.py:183} INFO - Processing /home/wal/.pyenv/versions/3.12.0/lib/python3.12/site-packages/airflow/example_dags/example_latest_only.py took 0.090 seconds
[2025-07-13T22:59:52.452+0300] {processor.py:161} INFO - Started process (PID=4530) to work on /home/wal/.pyenv/versions/3.12.0/lib/python3.12/site-packages/airflow/example_dags/example_latest_only.py
[2025-07-13T22:59:52.459+0300] {processor.py:830} INFO - Processing file /home/wal/.pyenv/versions/3.12.0/lib/python3.12/site-packages/airflow/example_dags/example_latest_only.py for tasks to queue
[2025-07-13T22:59:52.461+0300] {logging_mixin.py:188} INFO - [2025-07-13T22:59:52.460+0300] {dagbag.py:545} INFO - Filling up the DagBag from /home/wal/.pyenv/versions/3.12.0/lib/python3.12/site-packages/airflow/example_dags/example_latest_only.py
[2025-07-13T22:59:52.466+0300] {processor.py:840} INFO - DAG(s) 'latest_only' retrieved from /home/wal/.pyenv/versions/3.12.0/lib/python3.12/site-packages/airflow/example_dags/example_latest_only.py
[2025-07-13T22:59:52.583+0300] {logging_mixin.py:188} INFO - [2025-07-13T22:59:52.583+0300] {dag.py:3096} INFO - Sync 1 DAGs
[2025-07-13T22:59:52.602+0300] {logging_mixin.py:188} INFO - [2025-07-13T22:59:52.602+0300] {dag.py:3954} INFO - Setting next_dagrun for latest_only to 2025-07-13 12:00:00+00:00, run_after=2025-07-13 16:00:00+00:00
[2025-07-13T22:59:52.631+0300] {processor.py:183} INFO - Processing /home/wal/.pyenv/versions/3.12.0/lib/python3.12/site-packages/airflow/example_dags/example_latest_only.py took 0.185 seconds
[2025-07-13T23:01:29.268+0300] {processor.py:161} INFO - Started process (PID=4603) to work on /home/wal/.pyenv/versions/3.12.0/lib/python3.12/site-packages/airflow/example_dags/example_latest_only.py
[2025-07-13T23:01:29.272+0300] {processor.py:830} INFO - Processing file /home/wal/.pyenv/versions/3.12.0/lib/python3.12/site-packages/airflow/example_dags/example_latest_only.py for tasks to queue
[2025-07-13T23:01:29.284+0300] {logging_mixin.py:188} INFO - [2025-07-13T23:01:29.283+0300] {dagbag.py:545} INFO - Filling up the DagBag from /home/wal/.pyenv/versions/3.12.0/lib/python3.12/site-packages/airflow/example_dags/example_latest_only.py
[2025-07-13T23:01:29.309+0300] {processor.py:840} INFO - DAG(s) 'latest_only' retrieved from /home/wal/.pyenv/versions/3.12.0/lib/python3.12/site-packages/airflow/example_dags/example_latest_only.py
[2025-07-13T23:01:29.429+0300] {logging_mixin.py:188} INFO - [2025-07-13T23:01:29.425+0300] {dag.py:3096} INFO - Sync 1 DAGs
[2025-07-13T23:01:29.578+0300] {logging_mixin.py:188} INFO - [2025-07-13T23:01:29.567+0300] {dag.py:3954} INFO - Setting next_dagrun for latest_only to 2025-07-13 16:00:00+00:00, run_after=2025-07-13 20:00:00+00:00
[2025-07-13T23:01:29.728+0300] {processor.py:183} INFO - Processing /home/wal/.pyenv/versions/3.12.0/lib/python3.12/site-packages/airflow/example_dags/example_latest_only.py took 0.496 seconds
[2025-07-13T23:02:52.346+0300] {processor.py:161} INFO - Started process (PID=4656) to work on /home/wal/.pyenv/versions/3.12.0/lib/python3.12/site-packages/airflow/example_dags/example_latest_only.py
[2025-07-13T23:02:52.353+0300] {processor.py:830} INFO - Processing file /home/wal/.pyenv/versions/3.12.0/lib/python3.12/site-packages/airflow/example_dags/example_latest_only.py for tasks to queue
[2025-07-13T23:02:52.356+0300] {logging_mixin.py:188} INFO - [2025-07-13T23:02:52.355+0300] {dagbag.py:545} INFO - Filling up the DagBag from /home/wal/.pyenv/versions/3.12.0/lib/python3.12/site-packages/airflow/example_dags/example_latest_only.py
[2025-07-13T23:02:52.366+0300] {processor.py:840} INFO - DAG(s) 'latest_only' retrieved from /home/wal/.pyenv/versions/3.12.0/lib/python3.12/site-packages/airflow/example_dags/example_latest_only.py
[2025-07-13T23:02:52.404+0300] {logging_mixin.py:188} INFO - [2025-07-13T23:02:52.403+0300] {dag.py:3096} INFO - Sync 1 DAGs
[2025-07-13T23:02:52.454+0300] {logging_mixin.py:188} INFO - [2025-07-13T23:02:52.454+0300] {dag.py:3954} INFO - Setting next_dagrun for latest_only to 2025-07-13 16:00:00+00:00, run_after=2025-07-13 20:00:00+00:00
[2025-07-13T23:02:52.502+0300] {processor.py:183} INFO - Processing /home/wal/.pyenv/versions/3.12.0/lib/python3.12/site-packages/airflow/example_dags/example_latest_only.py took 0.167 seconds
[2025-07-13T23:04:17.768+0300] {processor.py:161} INFO - Started process (PID=4722) to work on /home/wal/.pyenv/versions/3.12.0/lib/python3.12/site-packages/airflow/example_dags/example_latest_only.py
[2025-07-13T23:04:17.774+0300] {processor.py:830} INFO - Processing file /home/wal/.pyenv/versions/3.12.0/lib/python3.12/site-packages/airflow/example_dags/example_latest_only.py for tasks to queue
[2025-07-13T23:04:17.777+0300] {logging_mixin.py:188} INFO - [2025-07-13T23:04:17.776+0300] {dagbag.py:545} INFO - Filling up the DagBag from /home/wal/.pyenv/versions/3.12.0/lib/python3.12/site-packages/airflow/example_dags/example_latest_only.py
[2025-07-13T23:04:17.784+0300] {processor.py:840} INFO - DAG(s) 'latest_only' retrieved from /home/wal/.pyenv/versions/3.12.0/lib/python3.12/site-packages/airflow/example_dags/example_latest_only.py
[2025-07-13T23:04:17.811+0300] {logging_mixin.py:188} INFO - [2025-07-13T23:04:17.811+0300] {dag.py:3096} INFO - Sync 1 DAGs
[2025-07-13T23:04:17.844+0300] {logging_mixin.py:188} INFO - [2025-07-13T23:04:17.843+0300] {dag.py:3954} INFO - Setting next_dagrun for latest_only to 2025-07-13 16:00:00+00:00, run_after=2025-07-13 20:00:00+00:00
[2025-07-13T23:04:17.881+0300] {processor.py:183} INFO - Processing /home/wal/.pyenv/versions/3.12.0/lib/python3.12/site-packages/airflow/example_dags/example_latest_only.py took 0.127 seconds
[2025-07-13T23:05:31.373+0300] {processor.py:161} INFO - Started process (PID=4786) to work on /home/wal/.pyenv/versions/3.12.0/lib/python3.12/site-packages/airflow/example_dags/example_latest_only.py
[2025-07-13T23:05:31.390+0300] {processor.py:830} INFO - Processing file /home/wal/.pyenv/versions/3.12.0/lib/python3.12/site-packages/airflow/example_dags/example_latest_only.py for tasks to queue
[2025-07-13T23:05:31.397+0300] {logging_mixin.py:188} INFO - [2025-07-13T23:05:31.396+0300] {dagbag.py:545} INFO - Filling up the DagBag from /home/wal/.pyenv/versions/3.12.0/lib/python3.12/site-packages/airflow/example_dags/example_latest_only.py
[2025-07-13T23:05:31.436+0300] {processor.py:840} INFO - DAG(s) 'latest_only' retrieved from /home/wal/.pyenv/versions/3.12.0/lib/python3.12/site-packages/airflow/example_dags/example_latest_only.py
[2025-07-13T23:05:31.561+0300] {logging_mixin.py:188} INFO - [2025-07-13T23:05:31.554+0300] {dag.py:3096} INFO - Sync 1 DAGs
[2025-07-13T23:05:31.824+0300] {logging_mixin.py:188} INFO - [2025-07-13T23:05:31.823+0300] {dag.py:3954} INFO - Setting next_dagrun for latest_only to 2025-07-13 16:00:00+00:00, run_after=2025-07-13 20:00:00+00:00
[2025-07-13T23:05:31.989+0300] {processor.py:183} INFO - Processing /home/wal/.pyenv/versions/3.12.0/lib/python3.12/site-packages/airflow/example_dags/example_latest_only.py took 0.661 seconds
[2025-07-13T23:07:09.871+0300] {processor.py:161} INFO - Started process (PID=4853) to work on /home/wal/.pyenv/versions/3.12.0/lib/python3.12/site-packages/airflow/example_dags/example_latest_only.py
[2025-07-13T23:07:09.878+0300] {processor.py:830} INFO - Processing file /home/wal/.pyenv/versions/3.12.0/lib/python3.12/site-packages/airflow/example_dags/example_latest_only.py for tasks to queue
[2025-07-13T23:07:09.881+0300] {logging_mixin.py:188} INFO - [2025-07-13T23:07:09.880+0300] {dagbag.py:545} INFO - Filling up the DagBag from /home/wal/.pyenv/versions/3.12.0/lib/python3.12/site-packages/airflow/example_dags/example_latest_only.py
[2025-07-13T23:07:09.891+0300] {processor.py:840} INFO - DAG(s) 'latest_only' retrieved from /home/wal/.pyenv/versions/3.12.0/lib/python3.12/site-packages/airflow/example_dags/example_latest_only.py
[2025-07-13T23:07:09.924+0300] {logging_mixin.py:188} INFO - [2025-07-13T23:07:09.923+0300] {dag.py:3096} INFO - Sync 1 DAGs
[2025-07-13T23:07:09.968+0300] {logging_mixin.py:188} INFO - [2025-07-13T23:07:09.967+0300] {dag.py:3954} INFO - Setting next_dagrun for latest_only to 2025-07-13 16:00:00+00:00, run_after=2025-07-13 20:00:00+00:00
[2025-07-13T23:07:10.779+0300] {processor.py:183} INFO - Processing /home/wal/.pyenv/versions/3.12.0/lib/python3.12/site-packages/airflow/example_dags/example_latest_only.py took 0.152 seconds
[2025-07-13T23:08:19.481+0300] {processor.py:161} INFO - Started process (PID=4911) to work on /home/wal/.pyenv/versions/3.12.0/lib/python3.12/site-packages/airflow/example_dags/example_latest_only.py
[2025-07-13T23:08:19.491+0300] {processor.py:830} INFO - Processing file /home/wal/.pyenv/versions/3.12.0/lib/python3.12/site-packages/airflow/example_dags/example_latest_only.py for tasks to queue
[2025-07-13T23:08:19.496+0300] {logging_mixin.py:188} INFO - [2025-07-13T23:08:19.495+0300] {dagbag.py:545} INFO - Filling up the DagBag from /home/wal/.pyenv/versions/3.12.0/lib/python3.12/site-packages/airflow/example_dags/example_latest_only.py
[2025-07-13T23:08:19.520+0300] {processor.py:840} INFO - DAG(s) 'latest_only' retrieved from /home/wal/.pyenv/versions/3.12.0/lib/python3.12/site-packages/airflow/example_dags/example_latest_only.py
[2025-07-13T23:08:19.585+0300] {logging_mixin.py:188} INFO - [2025-07-13T23:08:19.584+0300] {dag.py:3096} INFO - Sync 1 DAGs
[2025-07-13T23:08:19.634+0300] {logging_mixin.py:188} INFO - [2025-07-13T23:08:19.633+0300] {dag.py:3954} INFO - Setting next_dagrun for latest_only to 2025-07-13 16:00:00+00:00, run_after=2025-07-13 20:00:00+00:00
[2025-07-13T23:08:19.682+0300] {processor.py:183} INFO - Processing /home/wal/.pyenv/versions/3.12.0/lib/python3.12/site-packages/airflow/example_dags/example_latest_only.py took 0.219 seconds
[2025-07-13T23:09:19.212+0300] {processor.py:161} INFO - Started process (PID=4964) to work on /home/wal/.pyenv/versions/3.12.0/lib/python3.12/site-packages/airflow/example_dags/example_latest_only.py
[2025-07-13T23:09:19.215+0300] {processor.py:830} INFO - Processing file /home/wal/.pyenv/versions/3.12.0/lib/python3.12/site-packages/airflow/example_dags/example_latest_only.py for tasks to queue
[2025-07-13T23:09:19.221+0300] {logging_mixin.py:188} INFO - [2025-07-13T23:09:19.219+0300] {dagbag.py:545} INFO - Filling up the DagBag from /home/wal/.pyenv/versions/3.12.0/lib/python3.12/site-packages/airflow/example_dags/example_latest_only.py
[2025-07-13T23:09:19.240+0300] {processor.py:840} INFO - DAG(s) 'latest_only' retrieved from /home/wal/.pyenv/versions/3.12.0/lib/python3.12/site-packages/airflow/example_dags/example_latest_only.py
[2025-07-13T23:09:19.317+0300] {logging_mixin.py:188} INFO - [2025-07-13T23:09:19.316+0300] {dag.py:3096} INFO - Sync 1 DAGs
[2025-07-13T23:09:19.463+0300] {logging_mixin.py:188} INFO - [2025-07-13T23:09:19.462+0300] {dag.py:3954} INFO - Setting next_dagrun for latest_only to 2025-07-13 16:00:00+00:00, run_after=2025-07-13 20:00:00+00:00
[2025-07-13T23:09:19.647+0300] {processor.py:183} INFO - Processing /home/wal/.pyenv/versions/3.12.0/lib/python3.12/site-packages/airflow/example_dags/example_latest_only.py took 0.454 seconds
[2025-07-13T23:10:30.316+0300] {processor.py:161} INFO - Started process (PID=5021) to work on /home/wal/.pyenv/versions/3.12.0/lib/python3.12/site-packages/airflow/example_dags/example_latest_only.py
[2025-07-13T23:10:30.318+0300] {processor.py:830} INFO - Processing file /home/wal/.pyenv/versions/3.12.0/lib/python3.12/site-packages/airflow/example_dags/example_latest_only.py for tasks to queue
[2025-07-13T23:10:30.320+0300] {logging_mixin.py:188} INFO - [2025-07-13T23:10:30.319+0300] {dagbag.py:545} INFO - Filling up the DagBag from /home/wal/.pyenv/versions/3.12.0/lib/python3.12/site-packages/airflow/example_dags/example_latest_only.py
[2025-07-13T23:10:30.324+0300] {processor.py:840} INFO - DAG(s) 'latest_only' retrieved from /home/wal/.pyenv/versions/3.12.0/lib/python3.12/site-packages/airflow/example_dags/example_latest_only.py
[2025-07-13T23:10:30.343+0300] {logging_mixin.py:188} INFO - [2025-07-13T23:10:30.343+0300] {dag.py:3096} INFO - Sync 1 DAGs
[2025-07-13T23:10:30.373+0300] {logging_mixin.py:188} INFO - [2025-07-13T23:10:30.372+0300] {dag.py:3954} INFO - Setting next_dagrun for latest_only to 2025-07-13 16:00:00+00:00, run_after=2025-07-13 20:00:00+00:00
[2025-07-13T23:10:30.418+0300] {processor.py:183} INFO - Processing /home/wal/.pyenv/versions/3.12.0/lib/python3.12/site-packages/airflow/example_dags/example_latest_only.py took 0.110 seconds
[2025-07-13T23:11:25.961+0300] {processor.py:161} INFO - Started process (PID=5073) to work on /home/wal/.pyenv/versions/3.12.0/lib/python3.12/site-packages/airflow/example_dags/example_latest_only.py
[2025-07-13T23:11:25.964+0300] {processor.py:830} INFO - Processing file /home/wal/.pyenv/versions/3.12.0/lib/python3.12/site-packages/airflow/example_dags/example_latest_only.py for tasks to queue
[2025-07-13T23:11:25.968+0300] {logging_mixin.py:188} INFO - [2025-07-13T23:11:25.967+0300] {dagbag.py:545} INFO - Filling up the DagBag from /home/wal/.pyenv/versions/3.12.0/lib/python3.12/site-packages/airflow/example_dags/example_latest_only.py
[2025-07-13T23:11:25.988+0300] {processor.py:840} INFO - DAG(s) 'latest_only' retrieved from /home/wal/.pyenv/versions/3.12.0/lib/python3.12/site-packages/airflow/example_dags/example_latest_only.py
[2025-07-13T23:11:26.069+0300] {logging_mixin.py:188} INFO - [2025-07-13T23:11:26.069+0300] {dag.py:3096} INFO - Sync 1 DAGs
[2025-07-13T23:11:26.153+0300] {logging_mixin.py:188} INFO - [2025-07-13T23:11:26.152+0300] {dag.py:3954} INFO - Setting next_dagrun for latest_only to 2025-07-13 16:00:00+00:00, run_after=2025-07-13 20:00:00+00:00
[2025-07-13T23:11:26.278+0300] {processor.py:183} INFO - Processing /home/wal/.pyenv/versions/3.12.0/lib/python3.12/site-packages/airflow/example_dags/example_latest_only.py took 0.343 seconds
[2025-07-13T23:12:37.427+0300] {processor.py:161} INFO - Started process (PID=5136) to work on /home/wal/.pyenv/versions/3.12.0/lib/python3.12/site-packages/airflow/example_dags/example_latest_only.py
[2025-07-13T23:12:37.434+0300] {processor.py:830} INFO - Processing file /home/wal/.pyenv/versions/3.12.0/lib/python3.12/site-packages/airflow/example_dags/example_latest_only.py for tasks to queue
[2025-07-13T23:12:37.437+0300] {logging_mixin.py:188} INFO - [2025-07-13T23:12:37.437+0300] {dagbag.py:545} INFO - Filling up the DagBag from /home/wal/.pyenv/versions/3.12.0/lib/python3.12/site-packages/airflow/example_dags/example_latest_only.py
[2025-07-13T23:12:37.451+0300] {processor.py:840} INFO - DAG(s) 'latest_only' retrieved from /home/wal/.pyenv/versions/3.12.0/lib/python3.12/site-packages/airflow/example_dags/example_latest_only.py
[2025-07-13T23:12:37.484+0300] {logging_mixin.py:188} INFO - [2025-07-13T23:12:37.484+0300] {dag.py:3096} INFO - Sync 1 DAGs
[2025-07-13T23:12:37.520+0300] {logging_mixin.py:188} INFO - [2025-07-13T23:12:37.520+0300] {dag.py:3954} INFO - Setting next_dagrun for latest_only to 2025-07-13 16:00:00+00:00, run_after=2025-07-13 20:00:00+00:00
[2025-07-13T23:12:37.558+0300] {processor.py:183} INFO - Processing /home/wal/.pyenv/versions/3.12.0/lib/python3.12/site-packages/airflow/example_dags/example_latest_only.py took 0.140 seconds
[2025-07-13T23:13:43.583+0300] {processor.py:161} INFO - Started process (PID=5198) to work on /home/wal/.pyenv/versions/3.12.0/lib/python3.12/site-packages/airflow/example_dags/example_latest_only.py
[2025-07-13T23:13:43.585+0300] {processor.py:830} INFO - Processing file /home/wal/.pyenv/versions/3.12.0/lib/python3.12/site-packages/airflow/example_dags/example_latest_only.py for tasks to queue
[2025-07-13T23:13:43.587+0300] {logging_mixin.py:188} INFO - [2025-07-13T23:13:43.586+0300] {dagbag.py:545} INFO - Filling up the DagBag from /home/wal/.pyenv/versions/3.12.0/lib/python3.12/site-packages/airflow/example_dags/example_latest_only.py
[2025-07-13T23:13:43.597+0300] {processor.py:840} INFO - DAG(s) 'latest_only' retrieved from /home/wal/.pyenv/versions/3.12.0/lib/python3.12/site-packages/airflow/example_dags/example_latest_only.py
[2025-07-13T23:13:43.631+0300] {logging_mixin.py:188} INFO - [2025-07-13T23:13:43.630+0300] {dag.py:3096} INFO - Sync 1 DAGs
[2025-07-13T23:13:43.685+0300] {logging_mixin.py:188} INFO - [2025-07-13T23:13:43.684+0300] {dag.py:3954} INFO - Setting next_dagrun for latest_only to 2025-07-13 16:00:00+00:00, run_after=2025-07-13 20:00:00+00:00
[2025-07-13T23:13:43.738+0300] {processor.py:183} INFO - Processing /home/wal/.pyenv/versions/3.12.0/lib/python3.12/site-packages/airflow/example_dags/example_latest_only.py took 0.167 seconds
[2025-07-13T23:14:41.332+0300] {processor.py:161} INFO - Started process (PID=5264) to work on /home/wal/.pyenv/versions/3.12.0/lib/python3.12/site-packages/airflow/example_dags/example_latest_only.py
[2025-07-13T23:14:41.338+0300] {processor.py:830} INFO - Processing file /home/wal/.pyenv/versions/3.12.0/lib/python3.12/site-packages/airflow/example_dags/example_latest_only.py for tasks to queue
[2025-07-13T23:14:41.341+0300] {logging_mixin.py:188} INFO - [2025-07-13T23:14:41.341+0300] {dagbag.py:545} INFO - Filling up the DagBag from /home/wal/.pyenv/versions/3.12.0/lib/python3.12/site-packages/airflow/example_dags/example_latest_only.py
[2025-07-13T23:14:41.348+0300] {processor.py:840} INFO - DAG(s) 'latest_only' retrieved from /home/wal/.pyenv/versions/3.12.0/lib/python3.12/site-packages/airflow/example_dags/example_latest_only.py
[2025-07-13T23:14:41.375+0300] {logging_mixin.py:188} INFO - [2025-07-13T23:14:41.375+0300] {dag.py:3096} INFO - Sync 1 DAGs
[2025-07-13T23:14:41.403+0300] {logging_mixin.py:188} INFO - [2025-07-13T23:14:41.402+0300] {dag.py:3954} INFO - Setting next_dagrun for latest_only to 2025-07-13 16:00:00+00:00, run_after=2025-07-13 20:00:00+00:00
[2025-07-13T23:14:41.433+0300] {processor.py:183} INFO - Processing /home/wal/.pyenv/versions/3.12.0/lib/python3.12/site-packages/airflow/example_dags/example_latest_only.py took 0.107 seconds
[2025-07-13T23:15:34.116+0300] {processor.py:161} INFO - Started process (PID=5317) to work on /home/wal/.pyenv/versions/3.12.0/lib/python3.12/site-packages/airflow/example_dags/example_latest_only.py
[2025-07-13T23:15:34.123+0300] {processor.py:830} INFO - Processing file /home/wal/.pyenv/versions/3.12.0/lib/python3.12/site-packages/airflow/example_dags/example_latest_only.py for tasks to queue
[2025-07-13T23:15:34.125+0300] {logging_mixin.py:188} INFO - [2025-07-13T23:15:34.124+0300] {dagbag.py:545} INFO - Filling up the DagBag from /home/wal/.pyenv/versions/3.12.0/lib/python3.12/site-packages/airflow/example_dags/example_latest_only.py
[2025-07-13T23:15:34.131+0300] {processor.py:840} INFO - DAG(s) 'latest_only' retrieved from /home/wal/.pyenv/versions/3.12.0/lib/python3.12/site-packages/airflow/example_dags/example_latest_only.py
[2025-07-13T23:15:34.151+0300] {logging_mixin.py:188} INFO - [2025-07-13T23:15:34.150+0300] {dag.py:3096} INFO - Sync 1 DAGs
[2025-07-13T23:15:34.174+0300] {logging_mixin.py:188} INFO - [2025-07-13T23:15:34.173+0300] {dag.py:3954} INFO - Setting next_dagrun for latest_only to 2025-07-13 16:00:00+00:00, run_after=2025-07-13 20:00:00+00:00
[2025-07-13T23:15:34.204+0300] {processor.py:183} INFO - Processing /home/wal/.pyenv/versions/3.12.0/lib/python3.12/site-packages/airflow/example_dags/example_latest_only.py took 0.097 seconds
[2025-07-13T23:16:35.509+0300] {processor.py:161} INFO - Started process (PID=5369) to work on /home/wal/.pyenv/versions/3.12.0/lib/python3.12/site-packages/airflow/example_dags/example_latest_only.py
[2025-07-13T23:16:35.515+0300] {processor.py:830} INFO - Processing file /home/wal/.pyenv/versions/3.12.0/lib/python3.12/site-packages/airflow/example_dags/example_latest_only.py for tasks to queue
[2025-07-13T23:16:35.522+0300] {logging_mixin.py:188} INFO - [2025-07-13T23:16:35.520+0300] {dagbag.py:545} INFO - Filling up the DagBag from /home/wal/.pyenv/versions/3.12.0/lib/python3.12/site-packages/airflow/example_dags/example_latest_only.py
[2025-07-13T23:16:35.548+0300] {processor.py:840} INFO - DAG(s) 'latest_only' retrieved from /home/wal/.pyenv/versions/3.12.0/lib/python3.12/site-packages/airflow/example_dags/example_latest_only.py
[2025-07-13T23:16:35.609+0300] {logging_mixin.py:188} INFO - [2025-07-13T23:16:35.608+0300] {dag.py:3096} INFO - Sync 1 DAGs
[2025-07-13T23:16:35.684+0300] {logging_mixin.py:188} INFO - [2025-07-13T23:16:35.683+0300] {dag.py:3954} INFO - Setting next_dagrun for latest_only to 2025-07-13 16:00:00+00:00, run_after=2025-07-13 20:00:00+00:00
[2025-07-13T23:16:35.764+0300] {processor.py:183} INFO - Processing /home/wal/.pyenv/versions/3.12.0/lib/python3.12/site-packages/airflow/example_dags/example_latest_only.py took 0.277 seconds
[2025-07-13T23:17:49.937+0300] {processor.py:161} INFO - Started process (PID=5430) to work on /home/wal/.pyenv/versions/3.12.0/lib/python3.12/site-packages/airflow/example_dags/example_latest_only.py
[2025-07-13T23:17:49.943+0300] {processor.py:830} INFO - Processing file /home/wal/.pyenv/versions/3.12.0/lib/python3.12/site-packages/airflow/example_dags/example_latest_only.py for tasks to queue
[2025-07-13T23:17:49.945+0300] {logging_mixin.py:188} INFO - [2025-07-13T23:17:49.945+0300] {dagbag.py:545} INFO - Filling up the DagBag from /home/wal/.pyenv/versions/3.12.0/lib/python3.12/site-packages/airflow/example_dags/example_latest_only.py
[2025-07-13T23:17:49.952+0300] {processor.py:840} INFO - DAG(s) 'latest_only' retrieved from /home/wal/.pyenv/versions/3.12.0/lib/python3.12/site-packages/airflow/example_dags/example_latest_only.py
[2025-07-13T23:17:49.982+0300] {logging_mixin.py:188} INFO - [2025-07-13T23:17:49.982+0300] {dag.py:3096} INFO - Sync 1 DAGs
[2025-07-13T23:17:50.019+0300] {logging_mixin.py:188} INFO - [2025-07-13T23:17:50.019+0300] {dag.py:3954} INFO - Setting next_dagrun for latest_only to 2025-07-13 16:00:00+00:00, run_after=2025-07-13 20:00:00+00:00
[2025-07-13T23:17:50.056+0300] {processor.py:183} INFO - Processing /home/wal/.pyenv/versions/3.12.0/lib/python3.12/site-packages/airflow/example_dags/example_latest_only.py took 0.128 seconds
[2025-07-13T23:18:57.453+0300] {processor.py:161} INFO - Started process (PID=5486) to work on /home/wal/.pyenv/versions/3.12.0/lib/python3.12/site-packages/airflow/example_dags/example_latest_only.py
[2025-07-13T23:18:57.459+0300] {processor.py:830} INFO - Processing file /home/wal/.pyenv/versions/3.12.0/lib/python3.12/site-packages/airflow/example_dags/example_latest_only.py for tasks to queue
[2025-07-13T23:18:57.462+0300] {logging_mixin.py:188} INFO - [2025-07-13T23:18:57.461+0300] {dagbag.py:545} INFO - Filling up the DagBag from /home/wal/.pyenv/versions/3.12.0/lib/python3.12/site-packages/airflow/example_dags/example_latest_only.py
[2025-07-13T23:18:57.469+0300] {processor.py:840} INFO - DAG(s) 'latest_only' retrieved from /home/wal/.pyenv/versions/3.12.0/lib/python3.12/site-packages/airflow/example_dags/example_latest_only.py
[2025-07-13T23:18:57.489+0300] {logging_mixin.py:188} INFO - [2025-07-13T23:18:57.488+0300] {dag.py:3096} INFO - Sync 1 DAGs
[2025-07-13T23:18:57.518+0300] {logging_mixin.py:188} INFO - [2025-07-13T23:18:57.518+0300] {dag.py:3954} INFO - Setting next_dagrun for latest_only to 2025-07-13 16:00:00+00:00, run_after=2025-07-13 20:00:00+00:00
[2025-07-13T23:18:57.551+0300] {processor.py:183} INFO - Processing /home/wal/.pyenv/versions/3.12.0/lib/python3.12/site-packages/airflow/example_dags/example_latest_only.py took 0.108 seconds
[2025-07-13T23:19:59.341+0300] {processor.py:161} INFO - Started process (PID=5540) to work on /home/wal/.pyenv/versions/3.12.0/lib/python3.12/site-packages/airflow/example_dags/example_latest_only.py
[2025-07-13T23:19:59.347+0300] {processor.py:830} INFO - Processing file /home/wal/.pyenv/versions/3.12.0/lib/python3.12/site-packages/airflow/example_dags/example_latest_only.py for tasks to queue
[2025-07-13T23:19:59.352+0300] {logging_mixin.py:188} INFO - [2025-07-13T23:19:59.350+0300] {dagbag.py:545} INFO - Filling up the DagBag from /home/wal/.pyenv/versions/3.12.0/lib/python3.12/site-packages/airflow/example_dags/example_latest_only.py
[2025-07-13T23:19:59.360+0300] {processor.py:840} INFO - DAG(s) 'latest_only' retrieved from /home/wal/.pyenv/versions/3.12.0/lib/python3.12/site-packages/airflow/example_dags/example_latest_only.py
[2025-07-13T23:19:59.387+0300] {logging_mixin.py:188} INFO - [2025-07-13T23:19:59.386+0300] {dag.py:3096} INFO - Sync 1 DAGs
[2025-07-13T23:19:59.439+0300] {logging_mixin.py:188} INFO - [2025-07-13T23:19:59.438+0300] {dag.py:3954} INFO - Setting next_dagrun for latest_only to 2025-07-13 16:00:00+00:00, run_after=2025-07-13 20:00:00+00:00
[2025-07-13T23:19:59.493+0300] {processor.py:183} INFO - Processing /home/wal/.pyenv/versions/3.12.0/lib/python3.12/site-packages/airflow/example_dags/example_latest_only.py took 0.160 seconds
[2025-07-13T23:21:02.820+0300] {processor.py:161} INFO - Started process (PID=5594) to work on /home/wal/.pyenv/versions/3.12.0/lib/python3.12/site-packages/airflow/example_dags/example_latest_only.py
[2025-07-13T23:21:02.823+0300] {processor.py:830} INFO - Processing file /home/wal/.pyenv/versions/3.12.0/lib/python3.12/site-packages/airflow/example_dags/example_latest_only.py for tasks to queue
[2025-07-13T23:21:02.827+0300] {logging_mixin.py:188} INFO - [2025-07-13T23:21:02.825+0300] {dagbag.py:545} INFO - Filling up the DagBag from /home/wal/.pyenv/versions/3.12.0/lib/python3.12/site-packages/airflow/example_dags/example_latest_only.py
[2025-07-13T23:21:02.841+0300] {processor.py:840} INFO - DAG(s) 'latest_only' retrieved from /home/wal/.pyenv/versions/3.12.0/lib/python3.12/site-packages/airflow/example_dags/example_latest_only.py
[2025-07-13T23:21:02.871+0300] {logging_mixin.py:188} INFO - [2025-07-13T23:21:02.871+0300] {dag.py:3096} INFO - Sync 1 DAGs
[2025-07-13T23:21:02.905+0300] {logging_mixin.py:188} INFO - [2025-07-13T23:21:02.905+0300] {dag.py:3954} INFO - Setting next_dagrun for latest_only to 2025-07-13 16:00:00+00:00, run_after=2025-07-13 20:00:00+00:00
[2025-07-13T23:21:02.938+0300] {processor.py:183} INFO - Processing /home/wal/.pyenv/versions/3.12.0/lib/python3.12/site-packages/airflow/example_dags/example_latest_only.py took 0.135 seconds
[2025-07-13T23:22:09.482+0300] {processor.py:161} INFO - Started process (PID=5650) to work on /home/wal/.pyenv/versions/3.12.0/lib/python3.12/site-packages/airflow/example_dags/example_latest_only.py
[2025-07-13T23:22:09.489+0300] {processor.py:830} INFO - Processing file /home/wal/.pyenv/versions/3.12.0/lib/python3.12/site-packages/airflow/example_dags/example_latest_only.py for tasks to queue
[2025-07-13T23:22:09.492+0300] {logging_mixin.py:188} INFO - [2025-07-13T23:22:09.491+0300] {dagbag.py:545} INFO - Filling up the DagBag from /home/wal/.pyenv/versions/3.12.0/lib/python3.12/site-packages/airflow/example_dags/example_latest_only.py
[2025-07-13T23:22:09.500+0300] {processor.py:840} INFO - DAG(s) 'latest_only' retrieved from /home/wal/.pyenv/versions/3.12.0/lib/python3.12/site-packages/airflow/example_dags/example_latest_only.py
[2025-07-13T23:22:09.531+0300] {logging_mixin.py:188} INFO - [2025-07-13T23:22:09.530+0300] {dag.py:3096} INFO - Sync 1 DAGs
[2025-07-13T23:22:09.581+0300] {logging_mixin.py:188} INFO - [2025-07-13T23:22:09.581+0300] {dag.py:3954} INFO - Setting next_dagrun for latest_only to 2025-07-13 16:00:00+00:00, run_after=2025-07-13 20:00:00+00:00
[2025-07-13T23:22:09.630+0300] {processor.py:183} INFO - Processing /home/wal/.pyenv/versions/3.12.0/lib/python3.12/site-packages/airflow/example_dags/example_latest_only.py took 0.159 seconds
[2025-07-13T23:23:24.826+0300] {processor.py:161} INFO - Started process (PID=5709) to work on /home/wal/.pyenv/versions/3.12.0/lib/python3.12/site-packages/airflow/example_dags/example_latest_only.py
[2025-07-13T23:23:24.830+0300] {processor.py:830} INFO - Processing file /home/wal/.pyenv/versions/3.12.0/lib/python3.12/site-packages/airflow/example_dags/example_latest_only.py for tasks to queue
[2025-07-13T23:23:24.836+0300] {logging_mixin.py:188} INFO - [2025-07-13T23:23:24.835+0300] {dagbag.py:545} INFO - Filling up the DagBag from /home/wal/.pyenv/versions/3.12.0/lib/python3.12/site-packages/airflow/example_dags/example_latest_only.py
[2025-07-13T23:23:24.847+0300] {processor.py:840} INFO - DAG(s) 'latest_only' retrieved from /home/wal/.pyenv/versions/3.12.0/lib/python3.12/site-packages/airflow/example_dags/example_latest_only.py
[2025-07-13T23:23:24.887+0300] {logging_mixin.py:188} INFO - [2025-07-13T23:23:24.885+0300] {dag.py:3096} INFO - Sync 1 DAGs
[2025-07-13T23:23:24.938+0300] {logging_mixin.py:188} INFO - [2025-07-13T23:23:24.938+0300] {dag.py:3954} INFO - Setting next_dagrun for latest_only to 2025-07-13 16:00:00+00:00, run_after=2025-07-13 20:00:00+00:00
[2025-07-13T23:23:24.989+0300] {processor.py:183} INFO - Processing /home/wal/.pyenv/versions/3.12.0/lib/python3.12/site-packages/airflow/example_dags/example_latest_only.py took 0.178 seconds
[2025-07-13T23:25:05.223+0300] {processor.py:161} INFO - Started process (PID=5776) to work on /home/wal/.pyenv/versions/3.12.0/lib/python3.12/site-packages/airflow/example_dags/example_latest_only.py
[2025-07-13T23:25:05.334+0300] {processor.py:830} INFO - Processing file /home/wal/.pyenv/versions/3.12.0/lib/python3.12/site-packages/airflow/example_dags/example_latest_only.py for tasks to queue
[2025-07-13T23:25:05.339+0300] {logging_mixin.py:188} INFO - [2025-07-13T23:25:05.338+0300] {dagbag.py:545} INFO - Filling up the DagBag from /home/wal/.pyenv/versions/3.12.0/lib/python3.12/site-packages/airflow/example_dags/example_latest_only.py
[2025-07-13T23:25:05.373+0300] {processor.py:840} INFO - DAG(s) 'latest_only' retrieved from /home/wal/.pyenv/versions/3.12.0/lib/python3.12/site-packages/airflow/example_dags/example_latest_only.py
[2025-07-13T23:25:05.542+0300] {logging_mixin.py:188} INFO - [2025-07-13T23:25:05.541+0300] {dag.py:3096} INFO - Sync 1 DAGs
[2025-07-13T23:25:05.790+0300] {logging_mixin.py:188} INFO - [2025-07-13T23:25:05.789+0300] {dag.py:3954} INFO - Setting next_dagrun for latest_only to 2025-07-13 16:00:00+00:00, run_after=2025-07-13 20:00:00+00:00
[2025-07-13T23:25:06.217+0300] {processor.py:183} INFO - Processing /home/wal/.pyenv/versions/3.12.0/lib/python3.12/site-packages/airflow/example_dags/example_latest_only.py took 1.039 seconds
[2025-07-13T23:26:42.252+0300] {processor.py:161} INFO - Started process (PID=5844) to work on /home/wal/.pyenv/versions/3.12.0/lib/python3.12/site-packages/airflow/example_dags/example_latest_only.py
[2025-07-13T23:26:42.255+0300] {processor.py:830} INFO - Processing file /home/wal/.pyenv/versions/3.12.0/lib/python3.12/site-packages/airflow/example_dags/example_latest_only.py for tasks to queue
[2025-07-13T23:26:42.258+0300] {logging_mixin.py:188} INFO - [2025-07-13T23:26:42.257+0300] {dagbag.py:545} INFO - Filling up the DagBag from /home/wal/.pyenv/versions/3.12.0/lib/python3.12/site-packages/airflow/example_dags/example_latest_only.py
[2025-07-13T23:26:42.273+0300] {processor.py:840} INFO - DAG(s) 'latest_only' retrieved from /home/wal/.pyenv/versions/3.12.0/lib/python3.12/site-packages/airflow/example_dags/example_latest_only.py
[2025-07-13T23:26:42.306+0300] {logging_mixin.py:188} INFO - [2025-07-13T23:26:42.305+0300] {dag.py:3096} INFO - Sync 1 DAGs
[2025-07-13T23:26:42.350+0300] {logging_mixin.py:188} INFO - [2025-07-13T23:26:42.349+0300] {dag.py:3954} INFO - Setting next_dagrun for latest_only to 2025-07-13 16:00:00+00:00, run_after=2025-07-13 20:00:00+00:00
[2025-07-13T23:26:42.390+0300] {processor.py:183} INFO - Processing /home/wal/.pyenv/versions/3.12.0/lib/python3.12/site-packages/airflow/example_dags/example_latest_only.py took 0.149 seconds
[2025-07-13T23:27:52.285+0300] {processor.py:161} INFO - Started process (PID=5900) to work on /home/wal/.pyenv/versions/3.12.0/lib/python3.12/site-packages/airflow/example_dags/example_latest_only.py
[2025-07-13T23:27:52.292+0300] {processor.py:830} INFO - Processing file /home/wal/.pyenv/versions/3.12.0/lib/python3.12/site-packages/airflow/example_dags/example_latest_only.py for tasks to queue
[2025-07-13T23:27:52.294+0300] {logging_mixin.py:188} INFO - [2025-07-13T23:27:52.294+0300] {dagbag.py:545} INFO - Filling up the DagBag from /home/wal/.pyenv/versions/3.12.0/lib/python3.12/site-packages/airflow/example_dags/example_latest_only.py
[2025-07-13T23:27:52.305+0300] {processor.py:840} INFO - DAG(s) 'latest_only' retrieved from /home/wal/.pyenv/versions/3.12.0/lib/python3.12/site-packages/airflow/example_dags/example_latest_only.py
[2025-07-13T23:27:52.328+0300] {logging_mixin.py:188} INFO - [2025-07-13T23:27:52.328+0300] {dag.py:3096} INFO - Sync 1 DAGs
[2025-07-13T23:27:52.532+0300] {logging_mixin.py:188} INFO - [2025-07-13T23:27:52.532+0300] {dag.py:3954} INFO - Setting next_dagrun for latest_only to 2025-07-13 16:00:00+00:00, run_after=2025-07-13 20:00:00+00:00
[2025-07-13T23:27:52.581+0300] {processor.py:183} INFO - Processing /home/wal/.pyenv/versions/3.12.0/lib/python3.12/site-packages/airflow/example_dags/example_latest_only.py took 0.306 seconds
[2025-07-13T23:29:03.126+0300] {processor.py:161} INFO - Started process (PID=5958) to work on /home/wal/.pyenv/versions/3.12.0/lib/python3.12/site-packages/airflow/example_dags/example_latest_only.py
[2025-07-13T23:29:03.128+0300] {processor.py:830} INFO - Processing file /home/wal/.pyenv/versions/3.12.0/lib/python3.12/site-packages/airflow/example_dags/example_latest_only.py for tasks to queue
[2025-07-13T23:29:03.131+0300] {logging_mixin.py:188} INFO - [2025-07-13T23:29:03.131+0300] {dagbag.py:545} INFO - Filling up the DagBag from /home/wal/.pyenv/versions/3.12.0/lib/python3.12/site-packages/airflow/example_dags/example_latest_only.py
[2025-07-13T23:29:03.142+0300] {processor.py:840} INFO - DAG(s) 'latest_only' retrieved from /home/wal/.pyenv/versions/3.12.0/lib/python3.12/site-packages/airflow/example_dags/example_latest_only.py
[2025-07-13T23:29:03.170+0300] {logging_mixin.py:188} INFO - [2025-07-13T23:29:03.170+0300] {dag.py:3096} INFO - Sync 1 DAGs
[2025-07-13T23:29:03.206+0300] {logging_mixin.py:188} INFO - [2025-07-13T23:29:03.206+0300] {dag.py:3954} INFO - Setting next_dagrun for latest_only to 2025-07-13 16:00:00+00:00, run_after=2025-07-13 20:00:00+00:00
[2025-07-13T23:29:03.275+0300] {processor.py:183} INFO - Processing /home/wal/.pyenv/versions/3.12.0/lib/python3.12/site-packages/airflow/example_dags/example_latest_only.py took 0.161 seconds
[2025-07-13T23:30:04.101+0300] {processor.py:161} INFO - Started process (PID=6011) to work on /home/wal/.pyenv/versions/3.12.0/lib/python3.12/site-packages/airflow/example_dags/example_latest_only.py
[2025-07-13T23:30:04.110+0300] {processor.py:830} INFO - Processing file /home/wal/.pyenv/versions/3.12.0/lib/python3.12/site-packages/airflow/example_dags/example_latest_only.py for tasks to queue
[2025-07-13T23:30:04.112+0300] {logging_mixin.py:188} INFO - [2025-07-13T23:30:04.111+0300] {dagbag.py:545} INFO - Filling up the DagBag from /home/wal/.pyenv/versions/3.12.0/lib/python3.12/site-packages/airflow/example_dags/example_latest_only.py
[2025-07-13T23:30:04.122+0300] {processor.py:840} INFO - DAG(s) 'latest_only' retrieved from /home/wal/.pyenv/versions/3.12.0/lib/python3.12/site-packages/airflow/example_dags/example_latest_only.py
[2025-07-13T23:30:04.148+0300] {logging_mixin.py:188} INFO - [2025-07-13T23:30:04.148+0300] {dag.py:3096} INFO - Sync 1 DAGs
[2025-07-13T23:30:04.177+0300] {logging_mixin.py:188} INFO - [2025-07-13T23:30:04.177+0300] {dag.py:3954} INFO - Setting next_dagrun for latest_only to 2025-07-13 16:00:00+00:00, run_after=2025-07-13 20:00:00+00:00
[2025-07-13T23:30:04.217+0300] {processor.py:183} INFO - Processing /home/wal/.pyenv/versions/3.12.0/lib/python3.12/site-packages/airflow/example_dags/example_latest_only.py took 0.127 seconds
[2025-07-13T23:31:05.453+0300] {processor.py:161} INFO - Started process (PID=6064) to work on /home/wal/.pyenv/versions/3.12.0/lib/python3.12/site-packages/airflow/example_dags/example_latest_only.py
[2025-07-13T23:31:05.458+0300] {processor.py:830} INFO - Processing file /home/wal/.pyenv/versions/3.12.0/lib/python3.12/site-packages/airflow/example_dags/example_latest_only.py for tasks to queue
[2025-07-13T23:31:05.461+0300] {logging_mixin.py:188} INFO - [2025-07-13T23:31:05.460+0300] {dagbag.py:545} INFO - Filling up the DagBag from /home/wal/.pyenv/versions/3.12.0/lib/python3.12/site-packages/airflow/example_dags/example_latest_only.py
[2025-07-13T23:31:05.471+0300] {processor.py:840} INFO - DAG(s) 'latest_only' retrieved from /home/wal/.pyenv/versions/3.12.0/lib/python3.12/site-packages/airflow/example_dags/example_latest_only.py
[2025-07-13T23:31:05.502+0300] {logging_mixin.py:188} INFO - [2025-07-13T23:31:05.502+0300] {dag.py:3096} INFO - Sync 1 DAGs
[2025-07-13T23:31:05.543+0300] {logging_mixin.py:188} INFO - [2025-07-13T23:31:05.541+0300] {dag.py:3954} INFO - Setting next_dagrun for latest_only to 2025-07-13 16:00:00+00:00, run_after=2025-07-13 20:00:00+00:00
[2025-07-13T23:31:05.588+0300] {processor.py:183} INFO - Processing /home/wal/.pyenv/versions/3.12.0/lib/python3.12/site-packages/airflow/example_dags/example_latest_only.py took 0.146 seconds
[2025-07-13T23:32:02.991+0300] {processor.py:161} INFO - Started process (PID=6116) to work on /home/wal/.pyenv/versions/3.12.0/lib/python3.12/site-packages/airflow/example_dags/example_latest_only.py
[2025-07-13T23:32:02.997+0300] {processor.py:830} INFO - Processing file /home/wal/.pyenv/versions/3.12.0/lib/python3.12/site-packages/airflow/example_dags/example_latest_only.py for tasks to queue
[2025-07-13T23:32:02.999+0300] {logging_mixin.py:188} INFO - [2025-07-13T23:32:02.998+0300] {dagbag.py:545} INFO - Filling up the DagBag from /home/wal/.pyenv/versions/3.12.0/lib/python3.12/site-packages/airflow/example_dags/example_latest_only.py
[2025-07-13T23:32:03.010+0300] {processor.py:840} INFO - DAG(s) 'latest_only' retrieved from /home/wal/.pyenv/versions/3.12.0/lib/python3.12/site-packages/airflow/example_dags/example_latest_only.py
[2025-07-13T23:32:03.038+0300] {logging_mixin.py:188} INFO - [2025-07-13T23:32:03.036+0300] {dag.py:3096} INFO - Sync 1 DAGs
[2025-07-13T23:32:03.077+0300] {logging_mixin.py:188} INFO - [2025-07-13T23:32:03.077+0300] {dag.py:3954} INFO - Setting next_dagrun for latest_only to 2025-07-13 16:00:00+00:00, run_after=2025-07-13 20:00:00+00:00
[2025-07-13T23:32:03.115+0300] {processor.py:183} INFO - Processing /home/wal/.pyenv/versions/3.12.0/lib/python3.12/site-packages/airflow/example_dags/example_latest_only.py took 0.137 seconds
[2025-07-13T23:33:07.635+0300] {processor.py:161} INFO - Started process (PID=6170) to work on /home/wal/.pyenv/versions/3.12.0/lib/python3.12/site-packages/airflow/example_dags/example_latest_only.py
[2025-07-13T23:33:07.637+0300] {processor.py:830} INFO - Processing file /home/wal/.pyenv/versions/3.12.0/lib/python3.12/site-packages/airflow/example_dags/example_latest_only.py for tasks to queue
[2025-07-13T23:33:07.641+0300] {logging_mixin.py:188} INFO - [2025-07-13T23:33:07.641+0300] {dagbag.py:545} INFO - Filling up the DagBag from /home/wal/.pyenv/versions/3.12.0/lib/python3.12/site-packages/airflow/example_dags/example_latest_only.py
[2025-07-13T23:33:07.653+0300] {processor.py:840} INFO - DAG(s) 'latest_only' retrieved from /home/wal/.pyenv/versions/3.12.0/lib/python3.12/site-packages/airflow/example_dags/example_latest_only.py
[2025-07-13T23:33:07.686+0300] {logging_mixin.py:188} INFO - [2025-07-13T23:33:07.686+0300] {dag.py:3096} INFO - Sync 1 DAGs
[2025-07-13T23:33:07.739+0300] {logging_mixin.py:188} INFO - [2025-07-13T23:33:07.739+0300] {dag.py:3954} INFO - Setting next_dagrun for latest_only to 2025-07-13 16:00:00+00:00, run_after=2025-07-13 20:00:00+00:00
[2025-07-13T23:33:07.794+0300] {processor.py:183} INFO - Processing /home/wal/.pyenv/versions/3.12.0/lib/python3.12/site-packages/airflow/example_dags/example_latest_only.py took 0.175 seconds
[2025-07-13T23:34:09.284+0300] {processor.py:161} INFO - Started process (PID=6224) to work on /home/wal/.pyenv/versions/3.12.0/lib/python3.12/site-packages/airflow/example_dags/example_latest_only.py
[2025-07-13T23:34:09.288+0300] {processor.py:830} INFO - Processing file /home/wal/.pyenv/versions/3.12.0/lib/python3.12/site-packages/airflow/example_dags/example_latest_only.py for tasks to queue
[2025-07-13T23:34:09.313+0300] {logging_mixin.py:188} INFO - [2025-07-13T23:34:09.306+0300] {dagbag.py:545} INFO - Filling up the DagBag from /home/wal/.pyenv/versions/3.12.0/lib/python3.12/site-packages/airflow/example_dags/example_latest_only.py
[2025-07-13T23:34:09.354+0300] {processor.py:840} INFO - DAG(s) 'latest_only' retrieved from /home/wal/.pyenv/versions/3.12.0/lib/python3.12/site-packages/airflow/example_dags/example_latest_only.py
[2025-07-13T23:34:09.537+0300] {logging_mixin.py:188} INFO - [2025-07-13T23:34:09.526+0300] {dag.py:3096} INFO - Sync 1 DAGs
[2025-07-13T23:34:09.697+0300] {logging_mixin.py:188} INFO - [2025-07-13T23:34:09.696+0300] {dag.py:3954} INFO - Setting next_dagrun for latest_only to 2025-07-13 16:00:00+00:00, run_after=2025-07-13 20:00:00+00:00
[2025-07-13T23:34:09.923+0300] {processor.py:183} INFO - Processing /home/wal/.pyenv/versions/3.12.0/lib/python3.12/site-packages/airflow/example_dags/example_latest_only.py took 0.696 seconds
[2025-07-13T23:35:30.934+0300] {processor.py:161} INFO - Started process (PID=6289) to work on /home/wal/.pyenv/versions/3.12.0/lib/python3.12/site-packages/airflow/example_dags/example_latest_only.py
[2025-07-13T23:35:30.941+0300] {processor.py:830} INFO - Processing file /home/wal/.pyenv/versions/3.12.0/lib/python3.12/site-packages/airflow/example_dags/example_latest_only.py for tasks to queue
[2025-07-13T23:35:30.946+0300] {logging_mixin.py:188} INFO - [2025-07-13T23:35:30.945+0300] {dagbag.py:545} INFO - Filling up the DagBag from /home/wal/.pyenv/versions/3.12.0/lib/python3.12/site-packages/airflow/example_dags/example_latest_only.py
[2025-07-13T23:35:30.953+0300] {processor.py:840} INFO - DAG(s) 'latest_only' retrieved from /home/wal/.pyenv/versions/3.12.0/lib/python3.12/site-packages/airflow/example_dags/example_latest_only.py
[2025-07-13T23:35:30.993+0300] {logging_mixin.py:188} INFO - [2025-07-13T23:35:30.993+0300] {dag.py:3096} INFO - Sync 1 DAGs
[2025-07-13T23:35:31.040+0300] {logging_mixin.py:188} INFO - [2025-07-13T23:35:31.039+0300] {dag.py:3954} INFO - Setting next_dagrun for latest_only to 2025-07-13 16:00:00+00:00, run_after=2025-07-13 20:00:00+00:00
[2025-07-13T23:35:31.082+0300] {processor.py:183} INFO - Processing /home/wal/.pyenv/versions/3.12.0/lib/python3.12/site-packages/airflow/example_dags/example_latest_only.py took 0.161 seconds
[2025-07-13T23:36:31.563+0300] {processor.py:161} INFO - Started process (PID=6344) to work on /home/wal/.pyenv/versions/3.12.0/lib/python3.12/site-packages/airflow/example_dags/example_latest_only.py
[2025-07-13T23:36:31.565+0300] {processor.py:830} INFO - Processing file /home/wal/.pyenv/versions/3.12.0/lib/python3.12/site-packages/airflow/example_dags/example_latest_only.py for tasks to queue
[2025-07-13T23:36:31.571+0300] {logging_mixin.py:188} INFO - [2025-07-13T23:36:31.570+0300] {dagbag.py:545} INFO - Filling up the DagBag from /home/wal/.pyenv/versions/3.12.0/lib/python3.12/site-packages/airflow/example_dags/example_latest_only.py
[2025-07-13T23:36:31.576+0300] {processor.py:840} INFO - DAG(s) 'latest_only' retrieved from /home/wal/.pyenv/versions/3.12.0/lib/python3.12/site-packages/airflow/example_dags/example_latest_only.py
[2025-07-13T23:36:31.597+0300] {logging_mixin.py:188} INFO - [2025-07-13T23:36:31.597+0300] {dag.py:3096} INFO - Sync 1 DAGs
[2025-07-13T23:36:31.626+0300] {logging_mixin.py:188} INFO - [2025-07-13T23:36:31.625+0300] {dag.py:3954} INFO - Setting next_dagrun for latest_only to 2025-07-13 16:00:00+00:00, run_after=2025-07-13 20:00:00+00:00
[2025-07-13T23:36:31.658+0300] {processor.py:183} INFO - Processing /home/wal/.pyenv/versions/3.12.0/lib/python3.12/site-packages/airflow/example_dags/example_latest_only.py took 0.104 seconds
[2025-07-13T23:37:28.717+0300] {processor.py:161} INFO - Started process (PID=6395) to work on /home/wal/.pyenv/versions/3.12.0/lib/python3.12/site-packages/airflow/example_dags/example_latest_only.py
[2025-07-13T23:37:28.724+0300] {processor.py:830} INFO - Processing file /home/wal/.pyenv/versions/3.12.0/lib/python3.12/site-packages/airflow/example_dags/example_latest_only.py for tasks to queue
[2025-07-13T23:37:28.733+0300] {logging_mixin.py:188} INFO - [2025-07-13T23:37:28.732+0300] {dagbag.py:545} INFO - Filling up the DagBag from /home/wal/.pyenv/versions/3.12.0/lib/python3.12/site-packages/airflow/example_dags/example_latest_only.py
[2025-07-13T23:37:28.747+0300] {processor.py:840} INFO - DAG(s) 'latest_only' retrieved from /home/wal/.pyenv/versions/3.12.0/lib/python3.12/site-packages/airflow/example_dags/example_latest_only.py
[2025-07-13T23:37:28.792+0300] {logging_mixin.py:188} INFO - [2025-07-13T23:37:28.791+0300] {dag.py:3096} INFO - Sync 1 DAGs
[2025-07-13T23:37:28.830+0300] {logging_mixin.py:188} INFO - [2025-07-13T23:37:28.830+0300] {dag.py:3954} INFO - Setting next_dagrun for latest_only to 2025-07-13 16:00:00+00:00, run_after=2025-07-13 20:00:00+00:00
[2025-07-13T23:37:28.869+0300] {processor.py:183} INFO - Processing /home/wal/.pyenv/versions/3.12.0/lib/python3.12/site-packages/airflow/example_dags/example_latest_only.py took 0.168 seconds
[2025-07-13T23:38:30.208+0300] {processor.py:161} INFO - Started process (PID=6447) to work on /home/wal/.pyenv/versions/3.12.0/lib/python3.12/site-packages/airflow/example_dags/example_latest_only.py
[2025-07-13T23:38:30.214+0300] {processor.py:830} INFO - Processing file /home/wal/.pyenv/versions/3.12.0/lib/python3.12/site-packages/airflow/example_dags/example_latest_only.py for tasks to queue
[2025-07-13T23:38:30.220+0300] {logging_mixin.py:188} INFO - [2025-07-13T23:38:30.219+0300] {dagbag.py:545} INFO - Filling up the DagBag from /home/wal/.pyenv/versions/3.12.0/lib/python3.12/site-packages/airflow/example_dags/example_latest_only.py
[2025-07-13T23:38:30.226+0300] {processor.py:840} INFO - DAG(s) 'latest_only' retrieved from /home/wal/.pyenv/versions/3.12.0/lib/python3.12/site-packages/airflow/example_dags/example_latest_only.py
[2025-07-13T23:38:30.272+0300] {logging_mixin.py:188} INFO - [2025-07-13T23:38:30.272+0300] {dag.py:3096} INFO - Sync 1 DAGs
[2025-07-13T23:38:30.305+0300] {logging_mixin.py:188} INFO - [2025-07-13T23:38:30.305+0300] {dag.py:3954} INFO - Setting next_dagrun for latest_only to 2025-07-13 16:00:00+00:00, run_after=2025-07-13 20:00:00+00:00
[2025-07-13T23:38:30.342+0300] {processor.py:183} INFO - Processing /home/wal/.pyenv/versions/3.12.0/lib/python3.12/site-packages/airflow/example_dags/example_latest_only.py took 0.145 seconds
[2025-07-13T23:39:28.686+0300] {processor.py:161} INFO - Started process (PID=6498) to work on /home/wal/.pyenv/versions/3.12.0/lib/python3.12/site-packages/airflow/example_dags/example_latest_only.py
[2025-07-13T23:39:28.694+0300] {processor.py:830} INFO - Processing file /home/wal/.pyenv/versions/3.12.0/lib/python3.12/site-packages/airflow/example_dags/example_latest_only.py for tasks to queue
[2025-07-13T23:39:28.697+0300] {logging_mixin.py:188} INFO - [2025-07-13T23:39:28.696+0300] {dagbag.py:545} INFO - Filling up the DagBag from /home/wal/.pyenv/versions/3.12.0/lib/python3.12/site-packages/airflow/example_dags/example_latest_only.py
[2025-07-13T23:39:28.704+0300] {processor.py:840} INFO - DAG(s) 'latest_only' retrieved from /home/wal/.pyenv/versions/3.12.0/lib/python3.12/site-packages/airflow/example_dags/example_latest_only.py
[2025-07-13T23:39:28.745+0300] {logging_mixin.py:188} INFO - [2025-07-13T23:39:28.745+0300] {dag.py:3096} INFO - Sync 1 DAGs
[2025-07-13T23:39:28.782+0300] {logging_mixin.py:188} INFO - [2025-07-13T23:39:28.782+0300] {dag.py:3954} INFO - Setting next_dagrun for latest_only to 2025-07-13 16:00:00+00:00, run_after=2025-07-13 20:00:00+00:00
[2025-07-13T23:39:28.826+0300] {processor.py:183} INFO - Processing /home/wal/.pyenv/versions/3.12.0/lib/python3.12/site-packages/airflow/example_dags/example_latest_only.py took 0.152 seconds
[2025-07-13T23:40:22.149+0300] {processor.py:161} INFO - Started process (PID=6549) to work on /home/wal/.pyenv/versions/3.12.0/lib/python3.12/site-packages/airflow/example_dags/example_latest_only.py
[2025-07-13T23:40:22.155+0300] {processor.py:830} INFO - Processing file /home/wal/.pyenv/versions/3.12.0/lib/python3.12/site-packages/airflow/example_dags/example_latest_only.py for tasks to queue
[2025-07-13T23:40:22.159+0300] {logging_mixin.py:188} INFO - [2025-07-13T23:40:22.158+0300] {dagbag.py:545} INFO - Filling up the DagBag from /home/wal/.pyenv/versions/3.12.0/lib/python3.12/site-packages/airflow/example_dags/example_latest_only.py
[2025-07-13T23:40:22.167+0300] {processor.py:840} INFO - DAG(s) 'latest_only' retrieved from /home/wal/.pyenv/versions/3.12.0/lib/python3.12/site-packages/airflow/example_dags/example_latest_only.py
[2025-07-13T23:40:22.187+0300] {logging_mixin.py:188} INFO - [2025-07-13T23:40:22.187+0300] {dag.py:3096} INFO - Sync 1 DAGs
[2025-07-13T23:40:22.216+0300] {logging_mixin.py:188} INFO - [2025-07-13T23:40:22.216+0300] {dag.py:3954} INFO - Setting next_dagrun for latest_only to 2025-07-13 16:00:00+00:00, run_after=2025-07-13 20:00:00+00:00
[2025-07-13T23:40:22.249+0300] {processor.py:183} INFO - Processing /home/wal/.pyenv/versions/3.12.0/lib/python3.12/site-packages/airflow/example_dags/example_latest_only.py took 0.111 seconds
[2025-07-13T23:41:14.204+0300] {processor.py:161} INFO - Started process (PID=6599) to work on /home/wal/.pyenv/versions/3.12.0/lib/python3.12/site-packages/airflow/example_dags/example_latest_only.py
[2025-07-13T23:41:14.210+0300] {processor.py:830} INFO - Processing file /home/wal/.pyenv/versions/3.12.0/lib/python3.12/site-packages/airflow/example_dags/example_latest_only.py for tasks to queue
[2025-07-13T23:41:14.215+0300] {logging_mixin.py:188} INFO - [2025-07-13T23:41:14.214+0300] {dagbag.py:545} INFO - Filling up the DagBag from /home/wal/.pyenv/versions/3.12.0/lib/python3.12/site-packages/airflow/example_dags/example_latest_only.py
[2025-07-13T23:41:14.221+0300] {processor.py:840} INFO - DAG(s) 'latest_only' retrieved from /home/wal/.pyenv/versions/3.12.0/lib/python3.12/site-packages/airflow/example_dags/example_latest_only.py
[2025-07-13T23:41:14.241+0300] {logging_mixin.py:188} INFO - [2025-07-13T23:41:14.241+0300] {dag.py:3096} INFO - Sync 1 DAGs
[2025-07-13T23:41:14.268+0300] {logging_mixin.py:188} INFO - [2025-07-13T23:41:14.268+0300] {dag.py:3954} INFO - Setting next_dagrun for latest_only to 2025-07-13 16:00:00+00:00, run_after=2025-07-13 20:00:00+00:00
[2025-07-13T23:41:14.296+0300] {processor.py:183} INFO - Processing /home/wal/.pyenv/versions/3.12.0/lib/python3.12/site-packages/airflow/example_dags/example_latest_only.py took 0.100 seconds
[2025-07-13T23:42:04.534+0300] {processor.py:161} INFO - Started process (PID=6646) to work on /home/wal/.pyenv/versions/3.12.0/lib/python3.12/site-packages/airflow/example_dags/example_latest_only.py
[2025-07-13T23:42:04.536+0300] {processor.py:830} INFO - Processing file /home/wal/.pyenv/versions/3.12.0/lib/python3.12/site-packages/airflow/example_dags/example_latest_only.py for tasks to queue
[2025-07-13T23:42:04.539+0300] {logging_mixin.py:188} INFO - [2025-07-13T23:42:04.538+0300] {dagbag.py:545} INFO - Filling up the DagBag from /home/wal/.pyenv/versions/3.12.0/lib/python3.12/site-packages/airflow/example_dags/example_latest_only.py
[2025-07-13T23:42:04.548+0300] {processor.py:840} INFO - DAG(s) 'latest_only' retrieved from /home/wal/.pyenv/versions/3.12.0/lib/python3.12/site-packages/airflow/example_dags/example_latest_only.py
[2025-07-13T23:42:04.569+0300] {logging_mixin.py:188} INFO - [2025-07-13T23:42:04.569+0300] {dag.py:3096} INFO - Sync 1 DAGs
[2025-07-13T23:42:04.596+0300] {logging_mixin.py:188} INFO - [2025-07-13T23:42:04.596+0300] {dag.py:3954} INFO - Setting next_dagrun for latest_only to 2025-07-13 16:00:00+00:00, run_after=2025-07-13 20:00:00+00:00
[2025-07-13T23:42:04.620+0300] {processor.py:183} INFO - Processing /home/wal/.pyenv/versions/3.12.0/lib/python3.12/site-packages/airflow/example_dags/example_latest_only.py took 0.096 seconds
[2025-07-13T23:42:58.417+0300] {processor.py:161} INFO - Started process (PID=6695) to work on /home/wal/.pyenv/versions/3.12.0/lib/python3.12/site-packages/airflow/example_dags/example_latest_only.py
[2025-07-13T23:42:58.419+0300] {processor.py:830} INFO - Processing file /home/wal/.pyenv/versions/3.12.0/lib/python3.12/site-packages/airflow/example_dags/example_latest_only.py for tasks to queue
[2025-07-13T23:42:58.425+0300] {logging_mixin.py:188} INFO - [2025-07-13T23:42:58.424+0300] {dagbag.py:545} INFO - Filling up the DagBag from /home/wal/.pyenv/versions/3.12.0/lib/python3.12/site-packages/airflow/example_dags/example_latest_only.py
[2025-07-13T23:42:58.431+0300] {processor.py:840} INFO - DAG(s) 'latest_only' retrieved from /home/wal/.pyenv/versions/3.12.0/lib/python3.12/site-packages/airflow/example_dags/example_latest_only.py
[2025-07-13T23:42:58.452+0300] {logging_mixin.py:188} INFO - [2025-07-13T23:42:58.451+0300] {dag.py:3096} INFO - Sync 1 DAGs
[2025-07-13T23:42:58.483+0300] {logging_mixin.py:188} INFO - [2025-07-13T23:42:58.483+0300] {dag.py:3954} INFO - Setting next_dagrun for latest_only to 2025-07-13 16:00:00+00:00, run_after=2025-07-13 20:00:00+00:00
[2025-07-13T23:42:58.528+0300] {processor.py:183} INFO - Processing /home/wal/.pyenv/versions/3.12.0/lib/python3.12/site-packages/airflow/example_dags/example_latest_only.py took 0.120 seconds
[2025-07-13T23:43:53.306+0300] {processor.py:161} INFO - Started process (PID=6745) to work on /home/wal/.pyenv/versions/3.12.0/lib/python3.12/site-packages/airflow/example_dags/example_latest_only.py
[2025-07-13T23:43:53.312+0300] {processor.py:830} INFO - Processing file /home/wal/.pyenv/versions/3.12.0/lib/python3.12/site-packages/airflow/example_dags/example_latest_only.py for tasks to queue
[2025-07-13T23:43:53.317+0300] {logging_mixin.py:188} INFO - [2025-07-13T23:43:53.316+0300] {dagbag.py:545} INFO - Filling up the DagBag from /home/wal/.pyenv/versions/3.12.0/lib/python3.12/site-packages/airflow/example_dags/example_latest_only.py
[2025-07-13T23:43:53.327+0300] {processor.py:840} INFO - DAG(s) 'latest_only' retrieved from /home/wal/.pyenv/versions/3.12.0/lib/python3.12/site-packages/airflow/example_dags/example_latest_only.py
[2025-07-13T23:43:53.351+0300] {logging_mixin.py:188} INFO - [2025-07-13T23:43:53.351+0300] {dag.py:3096} INFO - Sync 1 DAGs
[2025-07-13T23:43:53.397+0300] {logging_mixin.py:188} INFO - [2025-07-13T23:43:53.397+0300] {dag.py:3954} INFO - Setting next_dagrun for latest_only to 2025-07-13 16:00:00+00:00, run_after=2025-07-13 20:00:00+00:00
[2025-07-13T23:43:53.442+0300] {processor.py:183} INFO - Processing /home/wal/.pyenv/versions/3.12.0/lib/python3.12/site-packages/airflow/example_dags/example_latest_only.py took 0.152 seconds
[2025-07-13T23:44:49.345+0300] {processor.py:161} INFO - Started process (PID=6797) to work on /home/wal/.pyenv/versions/3.12.0/lib/python3.12/site-packages/airflow/example_dags/example_latest_only.py
[2025-07-13T23:44:49.351+0300] {processor.py:830} INFO - Processing file /home/wal/.pyenv/versions/3.12.0/lib/python3.12/site-packages/airflow/example_dags/example_latest_only.py for tasks to queue
[2025-07-13T23:44:49.354+0300] {logging_mixin.py:188} INFO - [2025-07-13T23:44:49.353+0300] {dagbag.py:545} INFO - Filling up the DagBag from /home/wal/.pyenv/versions/3.12.0/lib/python3.12/site-packages/airflow/example_dags/example_latest_only.py
[2025-07-13T23:44:49.361+0300] {processor.py:840} INFO - DAG(s) 'latest_only' retrieved from /home/wal/.pyenv/versions/3.12.0/lib/python3.12/site-packages/airflow/example_dags/example_latest_only.py
[2025-07-13T23:44:49.398+0300] {logging_mixin.py:188} INFO - [2025-07-13T23:44:49.397+0300] {dag.py:3096} INFO - Sync 1 DAGs
[2025-07-13T23:44:49.435+0300] {logging_mixin.py:188} INFO - [2025-07-13T23:44:49.435+0300] {dag.py:3954} INFO - Setting next_dagrun for latest_only to 2025-07-13 16:00:00+00:00, run_after=2025-07-13 20:00:00+00:00
[2025-07-13T23:44:49.496+0300] {processor.py:183} INFO - Processing /home/wal/.pyenv/versions/3.12.0/lib/python3.12/site-packages/airflow/example_dags/example_latest_only.py took 0.163 seconds
[2025-07-13T23:45:44.321+0300] {processor.py:161} INFO - Started process (PID=6850) to work on /home/wal/.pyenv/versions/3.12.0/lib/python3.12/site-packages/airflow/example_dags/example_latest_only.py
[2025-07-13T23:45:44.324+0300] {processor.py:830} INFO - Processing file /home/wal/.pyenv/versions/3.12.0/lib/python3.12/site-packages/airflow/example_dags/example_latest_only.py for tasks to queue
[2025-07-13T23:45:44.330+0300] {logging_mixin.py:188} INFO - [2025-07-13T23:45:44.329+0300] {dagbag.py:545} INFO - Filling up the DagBag from /home/wal/.pyenv/versions/3.12.0/lib/python3.12/site-packages/airflow/example_dags/example_latest_only.py
[2025-07-13T23:45:44.335+0300] {processor.py:840} INFO - DAG(s) 'latest_only' retrieved from /home/wal/.pyenv/versions/3.12.0/lib/python3.12/site-packages/airflow/example_dags/example_latest_only.py
[2025-07-13T23:45:44.359+0300] {logging_mixin.py:188} INFO - [2025-07-13T23:45:44.358+0300] {dag.py:3096} INFO - Sync 1 DAGs
[2025-07-13T23:45:44.385+0300] {logging_mixin.py:188} INFO - [2025-07-13T23:45:44.385+0300] {dag.py:3954} INFO - Setting next_dagrun for latest_only to 2025-07-13 16:00:00+00:00, run_after=2025-07-13 20:00:00+00:00
[2025-07-13T23:45:44.419+0300] {processor.py:183} INFO - Processing /home/wal/.pyenv/versions/3.12.0/lib/python3.12/site-packages/airflow/example_dags/example_latest_only.py took 0.105 seconds
[2025-07-13T23:46:38.951+0300] {processor.py:161} INFO - Started process (PID=6898) to work on /home/wal/.pyenv/versions/3.12.0/lib/python3.12/site-packages/airflow/example_dags/example_latest_only.py
[2025-07-13T23:46:38.953+0300] {processor.py:830} INFO - Processing file /home/wal/.pyenv/versions/3.12.0/lib/python3.12/site-packages/airflow/example_dags/example_latest_only.py for tasks to queue
[2025-07-13T23:46:38.959+0300] {logging_mixin.py:188} INFO - [2025-07-13T23:46:38.958+0300] {dagbag.py:545} INFO - Filling up the DagBag from /home/wal/.pyenv/versions/3.12.0/lib/python3.12/site-packages/airflow/example_dags/example_latest_only.py
[2025-07-13T23:46:38.970+0300] {processor.py:840} INFO - DAG(s) 'latest_only' retrieved from /home/wal/.pyenv/versions/3.12.0/lib/python3.12/site-packages/airflow/example_dags/example_latest_only.py
[2025-07-13T23:46:38.999+0300] {logging_mixin.py:188} INFO - [2025-07-13T23:46:38.998+0300] {dag.py:3096} INFO - Sync 1 DAGs
[2025-07-13T23:46:39.034+0300] {logging_mixin.py:188} INFO - [2025-07-13T23:46:39.033+0300] {dag.py:3954} INFO - Setting next_dagrun for latest_only to 2025-07-13 16:00:00+00:00, run_after=2025-07-13 20:00:00+00:00
[2025-07-13T23:46:39.074+0300] {processor.py:183} INFO - Processing /home/wal/.pyenv/versions/3.12.0/lib/python3.12/site-packages/airflow/example_dags/example_latest_only.py took 0.135 seconds
[2025-07-13T23:47:37.811+0300] {processor.py:161} INFO - Started process (PID=6951) to work on /home/wal/.pyenv/versions/3.12.0/lib/python3.12/site-packages/airflow/example_dags/example_latest_only.py
[2025-07-13T23:47:37.818+0300] {processor.py:830} INFO - Processing file /home/wal/.pyenv/versions/3.12.0/lib/python3.12/site-packages/airflow/example_dags/example_latest_only.py for tasks to queue
[2025-07-13T23:47:37.820+0300] {logging_mixin.py:188} INFO - [2025-07-13T23:47:37.820+0300] {dagbag.py:545} INFO - Filling up the DagBag from /home/wal/.pyenv/versions/3.12.0/lib/python3.12/site-packages/airflow/example_dags/example_latest_only.py
[2025-07-13T23:47:37.828+0300] {processor.py:840} INFO - DAG(s) 'latest_only' retrieved from /home/wal/.pyenv/versions/3.12.0/lib/python3.12/site-packages/airflow/example_dags/example_latest_only.py
[2025-07-13T23:47:37.848+0300] {logging_mixin.py:188} INFO - [2025-07-13T23:47:37.848+0300] {dag.py:3096} INFO - Sync 1 DAGs
[2025-07-13T23:47:37.872+0300] {logging_mixin.py:188} INFO - [2025-07-13T23:47:37.872+0300] {dag.py:3954} INFO - Setting next_dagrun for latest_only to 2025-07-13 16:00:00+00:00, run_after=2025-07-13 20:00:00+00:00
[2025-07-13T23:47:37.901+0300] {processor.py:183} INFO - Processing /home/wal/.pyenv/versions/3.12.0/lib/python3.12/site-packages/airflow/example_dags/example_latest_only.py took 0.100 seconds
[2025-07-13T23:48:31.975+0300] {processor.py:161} INFO - Started process (PID=7000) to work on /home/wal/.pyenv/versions/3.12.0/lib/python3.12/site-packages/airflow/example_dags/example_latest_only.py
[2025-07-13T23:48:31.982+0300] {processor.py:830} INFO - Processing file /home/wal/.pyenv/versions/3.12.0/lib/python3.12/site-packages/airflow/example_dags/example_latest_only.py for tasks to queue
[2025-07-13T23:48:31.987+0300] {logging_mixin.py:188} INFO - [2025-07-13T23:48:31.986+0300] {dagbag.py:545} INFO - Filling up the DagBag from /home/wal/.pyenv/versions/3.12.0/lib/python3.12/site-packages/airflow/example_dags/example_latest_only.py
[2025-07-13T23:48:31.993+0300] {processor.py:840} INFO - DAG(s) 'latest_only' retrieved from /home/wal/.pyenv/versions/3.12.0/lib/python3.12/site-packages/airflow/example_dags/example_latest_only.py
[2025-07-13T23:48:32.013+0300] {logging_mixin.py:188} INFO - [2025-07-13T23:48:32.013+0300] {dag.py:3096} INFO - Sync 1 DAGs
[2025-07-13T23:48:32.041+0300] {logging_mixin.py:188} INFO - [2025-07-13T23:48:32.041+0300] {dag.py:3954} INFO - Setting next_dagrun for latest_only to 2025-07-13 16:00:00+00:00, run_after=2025-07-13 20:00:00+00:00
[2025-07-13T23:48:32.067+0300] {processor.py:183} INFO - Processing /home/wal/.pyenv/versions/3.12.0/lib/python3.12/site-packages/airflow/example_dags/example_latest_only.py took 0.100 seconds
[2025-07-13T23:49:26.501+0300] {processor.py:161} INFO - Started process (PID=7051) to work on /home/wal/.pyenv/versions/3.12.0/lib/python3.12/site-packages/airflow/example_dags/example_latest_only.py
[2025-07-13T23:49:26.509+0300] {processor.py:830} INFO - Processing file /home/wal/.pyenv/versions/3.12.0/lib/python3.12/site-packages/airflow/example_dags/example_latest_only.py for tasks to queue
[2025-07-13T23:49:26.513+0300] {logging_mixin.py:188} INFO - [2025-07-13T23:49:26.512+0300] {dagbag.py:545} INFO - Filling up the DagBag from /home/wal/.pyenv/versions/3.12.0/lib/python3.12/site-packages/airflow/example_dags/example_latest_only.py
[2025-07-13T23:49:26.528+0300] {processor.py:840} INFO - DAG(s) 'latest_only' retrieved from /home/wal/.pyenv/versions/3.12.0/lib/python3.12/site-packages/airflow/example_dags/example_latest_only.py
[2025-07-13T23:49:26.556+0300] {logging_mixin.py:188} INFO - [2025-07-13T23:49:26.555+0300] {dag.py:3096} INFO - Sync 1 DAGs
[2025-07-13T23:49:26.592+0300] {logging_mixin.py:188} INFO - [2025-07-13T23:49:26.591+0300] {dag.py:3954} INFO - Setting next_dagrun for latest_only to 2025-07-13 16:00:00+00:00, run_after=2025-07-13 20:00:00+00:00
[2025-07-13T23:49:26.626+0300] {processor.py:183} INFO - Processing /home/wal/.pyenv/versions/3.12.0/lib/python3.12/site-packages/airflow/example_dags/example_latest_only.py took 0.133 seconds
[2025-07-13T23:50:18.115+0300] {processor.py:161} INFO - Started process (PID=7100) to work on /home/wal/.pyenv/versions/3.12.0/lib/python3.12/site-packages/airflow/example_dags/example_latest_only.py
[2025-07-13T23:50:18.122+0300] {processor.py:830} INFO - Processing file /home/wal/.pyenv/versions/3.12.0/lib/python3.12/site-packages/airflow/example_dags/example_latest_only.py for tasks to queue
[2025-07-13T23:50:18.128+0300] {logging_mixin.py:188} INFO - [2025-07-13T23:50:18.127+0300] {dagbag.py:545} INFO - Filling up the DagBag from /home/wal/.pyenv/versions/3.12.0/lib/python3.12/site-packages/airflow/example_dags/example_latest_only.py
[2025-07-13T23:50:18.139+0300] {processor.py:840} INFO - DAG(s) 'latest_only' retrieved from /home/wal/.pyenv/versions/3.12.0/lib/python3.12/site-packages/airflow/example_dags/example_latest_only.py
[2025-07-13T23:50:18.175+0300] {logging_mixin.py:188} INFO - [2025-07-13T23:50:18.175+0300] {dag.py:3096} INFO - Sync 1 DAGs
[2025-07-13T23:50:18.224+0300] {logging_mixin.py:188} INFO - [2025-07-13T23:50:18.224+0300] {dag.py:3954} INFO - Setting next_dagrun for latest_only to 2025-07-13 16:00:00+00:00, run_after=2025-07-13 20:00:00+00:00
[2025-07-13T23:50:18.260+0300] {processor.py:183} INFO - Processing /home/wal/.pyenv/versions/3.12.0/lib/python3.12/site-packages/airflow/example_dags/example_latest_only.py took 0.168 seconds
[2025-07-13T23:51:11.877+0300] {processor.py:161} INFO - Started process (PID=7149) to work on /home/wal/.pyenv/versions/3.12.0/lib/python3.12/site-packages/airflow/example_dags/example_latest_only.py
[2025-07-13T23:51:11.888+0300] {processor.py:830} INFO - Processing file /home/wal/.pyenv/versions/3.12.0/lib/python3.12/site-packages/airflow/example_dags/example_latest_only.py for tasks to queue
[2025-07-13T23:51:11.898+0300] {logging_mixin.py:188} INFO - [2025-07-13T23:51:11.896+0300] {dagbag.py:545} INFO - Filling up the DagBag from /home/wal/.pyenv/versions/3.12.0/lib/python3.12/site-packages/airflow/example_dags/example_latest_only.py
[2025-07-13T23:51:11.914+0300] {processor.py:840} INFO - DAG(s) 'latest_only' retrieved from /home/wal/.pyenv/versions/3.12.0/lib/python3.12/site-packages/airflow/example_dags/example_latest_only.py
[2025-07-13T23:51:11.960+0300] {logging_mixin.py:188} INFO - [2025-07-13T23:51:11.959+0300] {dag.py:3096} INFO - Sync 1 DAGs
[2025-07-13T23:51:11.998+0300] {logging_mixin.py:188} INFO - [2025-07-13T23:51:11.998+0300] {dag.py:3954} INFO - Setting next_dagrun for latest_only to 2025-07-13 16:00:00+00:00, run_after=2025-07-13 20:00:00+00:00
[2025-07-13T23:51:12.042+0300] {processor.py:183} INFO - Processing /home/wal/.pyenv/versions/3.12.0/lib/python3.12/site-packages/airflow/example_dags/example_latest_only.py took 0.184 seconds
[2025-07-13T23:52:13.524+0300] {processor.py:161} INFO - Started process (PID=7203) to work on /home/wal/.pyenv/versions/3.12.0/lib/python3.12/site-packages/airflow/example_dags/example_latest_only.py
[2025-07-13T23:52:13.531+0300] {processor.py:830} INFO - Processing file /home/wal/.pyenv/versions/3.12.0/lib/python3.12/site-packages/airflow/example_dags/example_latest_only.py for tasks to queue
[2025-07-13T23:52:13.536+0300] {logging_mixin.py:188} INFO - [2025-07-13T23:52:13.535+0300] {dagbag.py:545} INFO - Filling up the DagBag from /home/wal/.pyenv/versions/3.12.0/lib/python3.12/site-packages/airflow/example_dags/example_latest_only.py
[2025-07-13T23:52:13.541+0300] {processor.py:840} INFO - DAG(s) 'latest_only' retrieved from /home/wal/.pyenv/versions/3.12.0/lib/python3.12/site-packages/airflow/example_dags/example_latest_only.py
[2025-07-13T23:52:13.562+0300] {logging_mixin.py:188} INFO - [2025-07-13T23:52:13.562+0300] {dag.py:3096} INFO - Sync 1 DAGs
[2025-07-13T23:52:13.597+0300] {logging_mixin.py:188} INFO - [2025-07-13T23:52:13.597+0300] {dag.py:3954} INFO - Setting next_dagrun for latest_only to 2025-07-13 16:00:00+00:00, run_after=2025-07-13 20:00:00+00:00
[2025-07-13T23:52:13.632+0300] {processor.py:183} INFO - Processing /home/wal/.pyenv/versions/3.12.0/lib/python3.12/site-packages/airflow/example_dags/example_latest_only.py took 0.121 seconds
[2025-07-13T23:53:11.974+0300] {processor.py:161} INFO - Started process (PID=7255) to work on /home/wal/.pyenv/versions/3.12.0/lib/python3.12/site-packages/airflow/example_dags/example_latest_only.py
[2025-07-13T23:53:11.981+0300] {processor.py:830} INFO - Processing file /home/wal/.pyenv/versions/3.12.0/lib/python3.12/site-packages/airflow/example_dags/example_latest_only.py for tasks to queue
[2025-07-13T23:53:11.986+0300] {logging_mixin.py:188} INFO - [2025-07-13T23:53:11.986+0300] {dagbag.py:545} INFO - Filling up the DagBag from /home/wal/.pyenv/versions/3.12.0/lib/python3.12/site-packages/airflow/example_dags/example_latest_only.py
[2025-07-13T23:53:11.993+0300] {processor.py:840} INFO - DAG(s) 'latest_only' retrieved from /home/wal/.pyenv/versions/3.12.0/lib/python3.12/site-packages/airflow/example_dags/example_latest_only.py
[2025-07-13T23:53:12.018+0300] {logging_mixin.py:188} INFO - [2025-07-13T23:53:12.017+0300] {dag.py:3096} INFO - Sync 1 DAGs
[2025-07-13T23:53:12.046+0300] {logging_mixin.py:188} INFO - [2025-07-13T23:53:12.045+0300] {dag.py:3954} INFO - Setting next_dagrun for latest_only to 2025-07-13 16:00:00+00:00, run_after=2025-07-13 20:00:00+00:00
[2025-07-13T23:53:12.075+0300] {processor.py:183} INFO - Processing /home/wal/.pyenv/versions/3.12.0/lib/python3.12/site-packages/airflow/example_dags/example_latest_only.py took 0.119 seconds
[2025-07-13T23:54:06.481+0300] {processor.py:161} INFO - Started process (PID=7305) to work on /home/wal/.pyenv/versions/3.12.0/lib/python3.12/site-packages/airflow/example_dags/example_latest_only.py
[2025-07-13T23:54:06.484+0300] {processor.py:830} INFO - Processing file /home/wal/.pyenv/versions/3.12.0/lib/python3.12/site-packages/airflow/example_dags/example_latest_only.py for tasks to queue
[2025-07-13T23:54:06.487+0300] {logging_mixin.py:188} INFO - [2025-07-13T23:54:06.487+0300] {dagbag.py:545} INFO - Filling up the DagBag from /home/wal/.pyenv/versions/3.12.0/lib/python3.12/site-packages/airflow/example_dags/example_latest_only.py
[2025-07-13T23:54:06.496+0300] {processor.py:840} INFO - DAG(s) 'latest_only' retrieved from /home/wal/.pyenv/versions/3.12.0/lib/python3.12/site-packages/airflow/example_dags/example_latest_only.py
[2025-07-13T23:54:06.517+0300] {logging_mixin.py:188} INFO - [2025-07-13T23:54:06.517+0300] {dag.py:3096} INFO - Sync 1 DAGs
[2025-07-13T23:54:06.546+0300] {logging_mixin.py:188} INFO - [2025-07-13T23:54:06.545+0300] {dag.py:3954} INFO - Setting next_dagrun for latest_only to 2025-07-13 16:00:00+00:00, run_after=2025-07-13 20:00:00+00:00
[2025-07-13T23:54:06.579+0300] {processor.py:183} INFO - Processing /home/wal/.pyenv/versions/3.12.0/lib/python3.12/site-packages/airflow/example_dags/example_latest_only.py took 0.116 seconds
[2025-07-13T23:55:03.102+0300] {processor.py:161} INFO - Started process (PID=7355) to work on /home/wal/.pyenv/versions/3.12.0/lib/python3.12/site-packages/airflow/example_dags/example_latest_only.py
[2025-07-13T23:55:03.106+0300] {processor.py:830} INFO - Processing file /home/wal/.pyenv/versions/3.12.0/lib/python3.12/site-packages/airflow/example_dags/example_latest_only.py for tasks to queue
[2025-07-13T23:55:03.117+0300] {logging_mixin.py:188} INFO - [2025-07-13T23:55:03.116+0300] {dagbag.py:545} INFO - Filling up the DagBag from /home/wal/.pyenv/versions/3.12.0/lib/python3.12/site-packages/airflow/example_dags/example_latest_only.py
[2025-07-13T23:55:03.137+0300] {processor.py:840} INFO - DAG(s) 'latest_only' retrieved from /home/wal/.pyenv/versions/3.12.0/lib/python3.12/site-packages/airflow/example_dags/example_latest_only.py
[2025-07-13T23:55:03.186+0300] {logging_mixin.py:188} INFO - [2025-07-13T23:55:03.185+0300] {dag.py:3096} INFO - Sync 1 DAGs
[2025-07-13T23:55:03.238+0300] {logging_mixin.py:188} INFO - [2025-07-13T23:55:03.237+0300] {dag.py:3954} INFO - Setting next_dagrun for latest_only to 2025-07-13 16:00:00+00:00, run_after=2025-07-13 20:00:00+00:00
[2025-07-13T23:55:03.279+0300] {processor.py:183} INFO - Processing /home/wal/.pyenv/versions/3.12.0/lib/python3.12/site-packages/airflow/example_dags/example_latest_only.py took 0.194 seconds
[2025-07-13T23:56:00.064+0300] {processor.py:161} INFO - Started process (PID=7409) to work on /home/wal/.pyenv/versions/3.12.0/lib/python3.12/site-packages/airflow/example_dags/example_latest_only.py
[2025-07-13T23:56:00.071+0300] {processor.py:830} INFO - Processing file /home/wal/.pyenv/versions/3.12.0/lib/python3.12/site-packages/airflow/example_dags/example_latest_only.py for tasks to queue
[2025-07-13T23:56:00.074+0300] {logging_mixin.py:188} INFO - [2025-07-13T23:56:00.074+0300] {dagbag.py:545} INFO - Filling up the DagBag from /home/wal/.pyenv/versions/3.12.0/lib/python3.12/site-packages/airflow/example_dags/example_latest_only.py
[2025-07-13T23:56:00.084+0300] {processor.py:840} INFO - DAG(s) 'latest_only' retrieved from /home/wal/.pyenv/versions/3.12.0/lib/python3.12/site-packages/airflow/example_dags/example_latest_only.py
[2025-07-13T23:56:00.120+0300] {logging_mixin.py:188} INFO - [2025-07-13T23:56:00.120+0300] {dag.py:3096} INFO - Sync 1 DAGs
[2025-07-13T23:56:00.184+0300] {logging_mixin.py:188} INFO - [2025-07-13T23:56:00.183+0300] {dag.py:3954} INFO - Setting next_dagrun for latest_only to 2025-07-13 16:00:00+00:00, run_after=2025-07-13 20:00:00+00:00
[2025-07-13T23:56:00.249+0300] {processor.py:183} INFO - Processing /home/wal/.pyenv/versions/3.12.0/lib/python3.12/site-packages/airflow/example_dags/example_latest_only.py took 0.194 seconds
[2025-07-13T23:56:55.299+0300] {processor.py:161} INFO - Started process (PID=7458) to work on /home/wal/.pyenv/versions/3.12.0/lib/python3.12/site-packages/airflow/example_dags/example_latest_only.py
[2025-07-13T23:56:55.301+0300] {processor.py:830} INFO - Processing file /home/wal/.pyenv/versions/3.12.0/lib/python3.12/site-packages/airflow/example_dags/example_latest_only.py for tasks to queue
[2025-07-13T23:56:55.304+0300] {logging_mixin.py:188} INFO - [2025-07-13T23:56:55.303+0300] {dagbag.py:545} INFO - Filling up the DagBag from /home/wal/.pyenv/versions/3.12.0/lib/python3.12/site-packages/airflow/example_dags/example_latest_only.py
[2025-07-13T23:56:55.313+0300] {processor.py:840} INFO - DAG(s) 'latest_only' retrieved from /home/wal/.pyenv/versions/3.12.0/lib/python3.12/site-packages/airflow/example_dags/example_latest_only.py
[2025-07-13T23:56:55.334+0300] {logging_mixin.py:188} INFO - [2025-07-13T23:56:55.334+0300] {dag.py:3096} INFO - Sync 1 DAGs
[2025-07-13T23:56:55.363+0300] {logging_mixin.py:188} INFO - [2025-07-13T23:56:55.363+0300] {dag.py:3954} INFO - Setting next_dagrun for latest_only to 2025-07-13 16:00:00+00:00, run_after=2025-07-13 20:00:00+00:00
[2025-07-13T23:56:55.394+0300] {processor.py:183} INFO - Processing /home/wal/.pyenv/versions/3.12.0/lib/python3.12/site-packages/airflow/example_dags/example_latest_only.py took 0.111 seconds
[2025-07-13T23:57:50.820+0300] {processor.py:161} INFO - Started process (PID=7510) to work on /home/wal/.pyenv/versions/3.12.0/lib/python3.12/site-packages/airflow/example_dags/example_latest_only.py
[2025-07-13T23:57:50.827+0300] {processor.py:830} INFO - Processing file /home/wal/.pyenv/versions/3.12.0/lib/python3.12/site-packages/airflow/example_dags/example_latest_only.py for tasks to queue
[2025-07-13T23:57:50.831+0300] {logging_mixin.py:188} INFO - [2025-07-13T23:57:50.831+0300] {dagbag.py:545} INFO - Filling up the DagBag from /home/wal/.pyenv/versions/3.12.0/lib/python3.12/site-packages/airflow/example_dags/example_latest_only.py
[2025-07-13T23:57:50.842+0300] {processor.py:840} INFO - DAG(s) 'latest_only' retrieved from /home/wal/.pyenv/versions/3.12.0/lib/python3.12/site-packages/airflow/example_dags/example_latest_only.py
[2025-07-13T23:57:50.863+0300] {logging_mixin.py:188} INFO - [2025-07-13T23:57:50.863+0300] {dag.py:3096} INFO - Sync 1 DAGs
[2025-07-13T23:57:50.901+0300] {logging_mixin.py:188} INFO - [2025-07-13T23:57:50.900+0300] {dag.py:3954} INFO - Setting next_dagrun for latest_only to 2025-07-13 16:00:00+00:00, run_after=2025-07-13 20:00:00+00:00
[2025-07-13T23:57:50.932+0300] {processor.py:183} INFO - Processing /home/wal/.pyenv/versions/3.12.0/lib/python3.12/site-packages/airflow/example_dags/example_latest_only.py took 0.122 seconds
[2025-07-13T23:58:47.525+0300] {processor.py:161} INFO - Started process (PID=7561) to work on /home/wal/.pyenv/versions/3.12.0/lib/python3.12/site-packages/airflow/example_dags/example_latest_only.py
[2025-07-13T23:58:47.528+0300] {processor.py:830} INFO - Processing file /home/wal/.pyenv/versions/3.12.0/lib/python3.12/site-packages/airflow/example_dags/example_latest_only.py for tasks to queue
[2025-07-13T23:58:47.534+0300] {logging_mixin.py:188} INFO - [2025-07-13T23:58:47.533+0300] {dagbag.py:545} INFO - Filling up the DagBag from /home/wal/.pyenv/versions/3.12.0/lib/python3.12/site-packages/airflow/example_dags/example_latest_only.py
[2025-07-13T23:58:47.542+0300] {processor.py:840} INFO - DAG(s) 'latest_only' retrieved from /home/wal/.pyenv/versions/3.12.0/lib/python3.12/site-packages/airflow/example_dags/example_latest_only.py
[2025-07-13T23:58:47.569+0300] {logging_mixin.py:188} INFO - [2025-07-13T23:58:47.568+0300] {dag.py:3096} INFO - Sync 1 DAGs
[2025-07-13T23:58:47.597+0300] {logging_mixin.py:188} INFO - [2025-07-13T23:58:47.597+0300] {dag.py:3954} INFO - Setting next_dagrun for latest_only to 2025-07-13 16:00:00+00:00, run_after=2025-07-13 20:00:00+00:00
[2025-07-13T23:58:47.627+0300] {processor.py:183} INFO - Processing /home/wal/.pyenv/versions/3.12.0/lib/python3.12/site-packages/airflow/example_dags/example_latest_only.py took 0.117 seconds
[2025-07-13T23:59:43.790+0300] {processor.py:161} INFO - Started process (PID=7614) to work on /home/wal/.pyenv/versions/3.12.0/lib/python3.12/site-packages/airflow/example_dags/example_latest_only.py
[2025-07-13T23:59:43.792+0300] {processor.py:830} INFO - Processing file /home/wal/.pyenv/versions/3.12.0/lib/python3.12/site-packages/airflow/example_dags/example_latest_only.py for tasks to queue
[2025-07-13T23:59:43.796+0300] {logging_mixin.py:188} INFO - [2025-07-13T23:59:43.796+0300] {dagbag.py:545} INFO - Filling up the DagBag from /home/wal/.pyenv/versions/3.12.0/lib/python3.12/site-packages/airflow/example_dags/example_latest_only.py
[2025-07-13T23:59:43.808+0300] {processor.py:840} INFO - DAG(s) 'latest_only' retrieved from /home/wal/.pyenv/versions/3.12.0/lib/python3.12/site-packages/airflow/example_dags/example_latest_only.py
[2025-07-13T23:59:43.837+0300] {logging_mixin.py:188} INFO - [2025-07-13T23:59:43.837+0300] {dag.py:3096} INFO - Sync 1 DAGs
[2025-07-13T23:59:43.880+0300] {logging_mixin.py:188} INFO - [2025-07-13T23:59:43.879+0300] {dag.py:3954} INFO - Setting next_dagrun for latest_only to 2025-07-13 16:00:00+00:00, run_after=2025-07-13 20:00:00+00:00
[2025-07-13T23:59:43.919+0300] {processor.py:183} INFO - Processing /home/wal/.pyenv/versions/3.12.0/lib/python3.12/site-packages/airflow/example_dags/example_latest_only.py took 0.142 seconds
[2025-07-14T00:00:42.928+0300] {processor.py:161} INFO - Started process (PID=7682) to work on /home/wal/.pyenv/versions/3.12.0/lib/python3.12/site-packages/airflow/example_dags/example_latest_only.py
[2025-07-14T00:00:42.934+0300] {processor.py:830} INFO - Processing file /home/wal/.pyenv/versions/3.12.0/lib/python3.12/site-packages/airflow/example_dags/example_latest_only.py for tasks to queue
[2025-07-14T00:00:42.936+0300] {logging_mixin.py:188} INFO - [2025-07-14T00:00:42.936+0300] {dagbag.py:545} INFO - Filling up the DagBag from /home/wal/.pyenv/versions/3.12.0/lib/python3.12/site-packages/airflow/example_dags/example_latest_only.py
[2025-07-14T00:00:42.944+0300] {processor.py:840} INFO - DAG(s) 'latest_only' retrieved from /home/wal/.pyenv/versions/3.12.0/lib/python3.12/site-packages/airflow/example_dags/example_latest_only.py
[2025-07-14T00:00:42.963+0300] {logging_mixin.py:188} INFO - [2025-07-14T00:00:42.963+0300] {dag.py:3096} INFO - Sync 1 DAGs
[2025-07-14T00:00:42.987+0300] {logging_mixin.py:188} INFO - [2025-07-14T00:00:42.987+0300] {dag.py:3954} INFO - Setting next_dagrun for latest_only to 2025-07-13 16:00:00+00:00, run_after=2025-07-13 20:00:00+00:00
[2025-07-14T00:00:43.019+0300] {processor.py:183} INFO - Processing /home/wal/.pyenv/versions/3.12.0/lib/python3.12/site-packages/airflow/example_dags/example_latest_only.py took 0.101 seconds
[2025-07-14T00:01:37.372+0300] {processor.py:161} INFO - Started process (PID=7731) to work on /home/wal/.pyenv/versions/3.12.0/lib/python3.12/site-packages/airflow/example_dags/example_latest_only.py
[2025-07-14T00:01:37.375+0300] {processor.py:830} INFO - Processing file /home/wal/.pyenv/versions/3.12.0/lib/python3.12/site-packages/airflow/example_dags/example_latest_only.py for tasks to queue
[2025-07-14T00:01:37.379+0300] {logging_mixin.py:188} INFO - [2025-07-14T00:01:37.378+0300] {dagbag.py:545} INFO - Filling up the DagBag from /home/wal/.pyenv/versions/3.12.0/lib/python3.12/site-packages/airflow/example_dags/example_latest_only.py
[2025-07-14T00:01:37.385+0300] {processor.py:840} INFO - DAG(s) 'latest_only' retrieved from /home/wal/.pyenv/versions/3.12.0/lib/python3.12/site-packages/airflow/example_dags/example_latest_only.py
[2025-07-14T00:01:37.404+0300] {logging_mixin.py:188} INFO - [2025-07-14T00:01:37.403+0300] {dag.py:3096} INFO - Sync 1 DAGs
[2025-07-14T00:01:37.430+0300] {logging_mixin.py:188} INFO - [2025-07-14T00:01:37.429+0300] {dag.py:3954} INFO - Setting next_dagrun for latest_only to 2025-07-13 16:00:00+00:00, run_after=2025-07-13 20:00:00+00:00
[2025-07-14T00:01:37.459+0300] {processor.py:183} INFO - Processing /home/wal/.pyenv/versions/3.12.0/lib/python3.12/site-packages/airflow/example_dags/example_latest_only.py took 0.093 seconds
[2025-07-14T00:02:35.364+0300] {processor.py:161} INFO - Started process (PID=7782) to work on /home/wal/.pyenv/versions/3.12.0/lib/python3.12/site-packages/airflow/example_dags/example_latest_only.py
[2025-07-14T00:02:35.366+0300] {processor.py:830} INFO - Processing file /home/wal/.pyenv/versions/3.12.0/lib/python3.12/site-packages/airflow/example_dags/example_latest_only.py for tasks to queue
[2025-07-14T00:02:35.373+0300] {logging_mixin.py:188} INFO - [2025-07-14T00:02:35.372+0300] {dagbag.py:545} INFO - Filling up the DagBag from /home/wal/.pyenv/versions/3.12.0/lib/python3.12/site-packages/airflow/example_dags/example_latest_only.py
[2025-07-14T00:02:35.380+0300] {processor.py:840} INFO - DAG(s) 'latest_only' retrieved from /home/wal/.pyenv/versions/3.12.0/lib/python3.12/site-packages/airflow/example_dags/example_latest_only.py
[2025-07-14T00:02:35.400+0300] {logging_mixin.py:188} INFO - [2025-07-14T00:02:35.399+0300] {dag.py:3096} INFO - Sync 1 DAGs
[2025-07-14T00:02:35.430+0300] {logging_mixin.py:188} INFO - [2025-07-14T00:02:35.429+0300] {dag.py:3954} INFO - Setting next_dagrun for latest_only to 2025-07-13 16:00:00+00:00, run_after=2025-07-13 20:00:00+00:00
[2025-07-14T00:02:35.463+0300] {processor.py:183} INFO - Processing /home/wal/.pyenv/versions/3.12.0/lib/python3.12/site-packages/airflow/example_dags/example_latest_only.py took 0.109 seconds
[2025-07-14T00:03:29.766+0300] {processor.py:161} INFO - Started process (PID=7835) to work on /home/wal/.pyenv/versions/3.12.0/lib/python3.12/site-packages/airflow/example_dags/example_latest_only.py
[2025-07-14T00:03:29.774+0300] {processor.py:830} INFO - Processing file /home/wal/.pyenv/versions/3.12.0/lib/python3.12/site-packages/airflow/example_dags/example_latest_only.py for tasks to queue
[2025-07-14T00:03:29.779+0300] {logging_mixin.py:188} INFO - [2025-07-14T00:03:29.778+0300] {dagbag.py:545} INFO - Filling up the DagBag from /home/wal/.pyenv/versions/3.12.0/lib/python3.12/site-packages/airflow/example_dags/example_latest_only.py
[2025-07-14T00:03:29.788+0300] {processor.py:840} INFO - DAG(s) 'latest_only' retrieved from /home/wal/.pyenv/versions/3.12.0/lib/python3.12/site-packages/airflow/example_dags/example_latest_only.py
[2025-07-14T00:03:29.810+0300] {logging_mixin.py:188} INFO - [2025-07-14T00:03:29.810+0300] {dag.py:3096} INFO - Sync 1 DAGs
[2025-07-14T00:03:29.840+0300] {logging_mixin.py:188} INFO - [2025-07-14T00:03:29.839+0300] {dag.py:3954} INFO - Setting next_dagrun for latest_only to 2025-07-13 16:00:00+00:00, run_after=2025-07-13 20:00:00+00:00
[2025-07-14T00:03:29.872+0300] {processor.py:183} INFO - Processing /home/wal/.pyenv/versions/3.12.0/lib/python3.12/site-packages/airflow/example_dags/example_latest_only.py took 0.121 seconds
[2025-07-14T00:04:22.718+0300] {processor.py:161} INFO - Started process (PID=7883) to work on /home/wal/.pyenv/versions/3.12.0/lib/python3.12/site-packages/airflow/example_dags/example_latest_only.py
[2025-07-14T00:04:22.724+0300] {processor.py:830} INFO - Processing file /home/wal/.pyenv/versions/3.12.0/lib/python3.12/site-packages/airflow/example_dags/example_latest_only.py for tasks to queue
[2025-07-14T00:04:22.728+0300] {logging_mixin.py:188} INFO - [2025-07-14T00:04:22.726+0300] {dagbag.py:545} INFO - Filling up the DagBag from /home/wal/.pyenv/versions/3.12.0/lib/python3.12/site-packages/airflow/example_dags/example_latest_only.py
[2025-07-14T00:04:22.735+0300] {processor.py:840} INFO - DAG(s) 'latest_only' retrieved from /home/wal/.pyenv/versions/3.12.0/lib/python3.12/site-packages/airflow/example_dags/example_latest_only.py
[2025-07-14T00:04:22.762+0300] {logging_mixin.py:188} INFO - [2025-07-14T00:04:22.761+0300] {dag.py:3096} INFO - Sync 1 DAGs
[2025-07-14T00:04:22.793+0300] {logging_mixin.py:188} INFO - [2025-07-14T00:04:22.793+0300] {dag.py:3954} INFO - Setting next_dagrun for latest_only to 2025-07-13 16:00:00+00:00, run_after=2025-07-13 20:00:00+00:00
[2025-07-14T00:04:22.817+0300] {processor.py:183} INFO - Processing /home/wal/.pyenv/versions/3.12.0/lib/python3.12/site-packages/airflow/example_dags/example_latest_only.py took 0.109 seconds
[2025-07-14T00:05:13.536+0300] {processor.py:161} INFO - Started process (PID=7935) to work on /home/wal/.pyenv/versions/3.12.0/lib/python3.12/site-packages/airflow/example_dags/example_latest_only.py
[2025-07-14T00:05:13.537+0300] {processor.py:830} INFO - Processing file /home/wal/.pyenv/versions/3.12.0/lib/python3.12/site-packages/airflow/example_dags/example_latest_only.py for tasks to queue
[2025-07-14T00:05:13.540+0300] {logging_mixin.py:188} INFO - [2025-07-14T00:05:13.540+0300] {dagbag.py:545} INFO - Filling up the DagBag from /home/wal/.pyenv/versions/3.12.0/lib/python3.12/site-packages/airflow/example_dags/example_latest_only.py
[2025-07-14T00:05:13.545+0300] {processor.py:840} INFO - DAG(s) 'latest_only' retrieved from /home/wal/.pyenv/versions/3.12.0/lib/python3.12/site-packages/airflow/example_dags/example_latest_only.py
[2025-07-14T00:05:13.566+0300] {logging_mixin.py:188} INFO - [2025-07-14T00:05:13.566+0300] {dag.py:3096} INFO - Sync 1 DAGs
[2025-07-14T00:05:13.594+0300] {logging_mixin.py:188} INFO - [2025-07-14T00:05:13.593+0300] {dag.py:3954} INFO - Setting next_dagrun for latest_only to 2025-07-13 16:00:00+00:00, run_after=2025-07-13 20:00:00+00:00
[2025-07-14T00:05:13.628+0300] {processor.py:183} INFO - Processing /home/wal/.pyenv/versions/3.12.0/lib/python3.12/site-packages/airflow/example_dags/example_latest_only.py took 0.102 seconds
[2025-07-14T00:06:06.984+0300] {processor.py:161} INFO - Started process (PID=7985) to work on /home/wal/.pyenv/versions/3.12.0/lib/python3.12/site-packages/airflow/example_dags/example_latest_only.py
[2025-07-14T00:06:06.986+0300] {processor.py:830} INFO - Processing file /home/wal/.pyenv/versions/3.12.0/lib/python3.12/site-packages/airflow/example_dags/example_latest_only.py for tasks to queue
[2025-07-14T00:06:06.989+0300] {logging_mixin.py:188} INFO - [2025-07-14T00:06:06.988+0300] {dagbag.py:545} INFO - Filling up the DagBag from /home/wal/.pyenv/versions/3.12.0/lib/python3.12/site-packages/airflow/example_dags/example_latest_only.py
[2025-07-14T00:06:06.996+0300] {processor.py:840} INFO - DAG(s) 'latest_only' retrieved from /home/wal/.pyenv/versions/3.12.0/lib/python3.12/site-packages/airflow/example_dags/example_latest_only.py
[2025-07-14T00:06:07.017+0300] {logging_mixin.py:188} INFO - [2025-07-14T00:06:07.017+0300] {dag.py:3096} INFO - Sync 1 DAGs
[2025-07-14T00:06:07.047+0300] {logging_mixin.py:188} INFO - [2025-07-14T00:06:07.047+0300] {dag.py:3954} INFO - Setting next_dagrun for latest_only to 2025-07-13 16:00:00+00:00, run_after=2025-07-13 20:00:00+00:00
[2025-07-14T00:06:07.080+0300] {processor.py:183} INFO - Processing /home/wal/.pyenv/versions/3.12.0/lib/python3.12/site-packages/airflow/example_dags/example_latest_only.py took 0.105 seconds
[2025-07-14T00:07:01.275+0300] {processor.py:161} INFO - Started process (PID=8034) to work on /home/wal/.pyenv/versions/3.12.0/lib/python3.12/site-packages/airflow/example_dags/example_latest_only.py
[2025-07-14T00:07:01.277+0300] {processor.py:830} INFO - Processing file /home/wal/.pyenv/versions/3.12.0/lib/python3.12/site-packages/airflow/example_dags/example_latest_only.py for tasks to queue
[2025-07-14T00:07:01.280+0300] {logging_mixin.py:188} INFO - [2025-07-14T00:07:01.280+0300] {dagbag.py:545} INFO - Filling up the DagBag from /home/wal/.pyenv/versions/3.12.0/lib/python3.12/site-packages/airflow/example_dags/example_latest_only.py
[2025-07-14T00:07:01.286+0300] {processor.py:840} INFO - DAG(s) 'latest_only' retrieved from /home/wal/.pyenv/versions/3.12.0/lib/python3.12/site-packages/airflow/example_dags/example_latest_only.py
[2025-07-14T00:07:01.308+0300] {logging_mixin.py:188} INFO - [2025-07-14T00:07:01.308+0300] {dag.py:3096} INFO - Sync 1 DAGs
[2025-07-14T00:07:01.332+0300] {logging_mixin.py:188} INFO - [2025-07-14T00:07:01.332+0300] {dag.py:3954} INFO - Setting next_dagrun for latest_only to 2025-07-13 16:00:00+00:00, run_after=2025-07-13 20:00:00+00:00
[2025-07-14T00:07:01.365+0300] {processor.py:183} INFO - Processing /home/wal/.pyenv/versions/3.12.0/lib/python3.12/site-packages/airflow/example_dags/example_latest_only.py took 0.103 seconds
[2025-07-14T00:07:59.369+0300] {processor.py:161} INFO - Started process (PID=8084) to work on /home/wal/.pyenv/versions/3.12.0/lib/python3.12/site-packages/airflow/example_dags/example_latest_only.py
[2025-07-14T00:07:59.371+0300] {processor.py:830} INFO - Processing file /home/wal/.pyenv/versions/3.12.0/lib/python3.12/site-packages/airflow/example_dags/example_latest_only.py for tasks to queue
[2025-07-14T00:07:59.374+0300] {logging_mixin.py:188} INFO - [2025-07-14T00:07:59.373+0300] {dagbag.py:545} INFO - Filling up the DagBag from /home/wal/.pyenv/versions/3.12.0/lib/python3.12/site-packages/airflow/example_dags/example_latest_only.py
[2025-07-14T00:07:59.388+0300] {processor.py:840} INFO - DAG(s) 'latest_only' retrieved from /home/wal/.pyenv/versions/3.12.0/lib/python3.12/site-packages/airflow/example_dags/example_latest_only.py
[2025-07-14T00:07:59.434+0300] {logging_mixin.py:188} INFO - [2025-07-14T00:07:59.434+0300] {dag.py:3096} INFO - Sync 1 DAGs
[2025-07-14T00:07:59.494+0300] {logging_mixin.py:188} INFO - [2025-07-14T00:07:59.493+0300] {dag.py:3954} INFO - Setting next_dagrun for latest_only to 2025-07-13 16:00:00+00:00, run_after=2025-07-13 20:00:00+00:00
[2025-07-14T00:07:59.580+0300] {processor.py:183} INFO - Processing /home/wal/.pyenv/versions/3.12.0/lib/python3.12/site-packages/airflow/example_dags/example_latest_only.py took 0.224 seconds
