[2025-07-13T22:56:31.095+0300] {processor.py:161} INFO - Started process (PID=4041) to work on /home/wal/.pyenv/versions/3.12.0/lib/python3.12/site-packages/airflow/example_dags/example_complex.py
[2025-07-13T22:56:31.097+0300] {processor.py:830} INFO - Processing file /home/wal/.pyenv/versions/3.12.0/lib/python3.12/site-packages/airflow/example_dags/example_complex.py for tasks to queue
[2025-07-13T22:56:31.099+0300] {logging_mixin.py:188} INFO - [2025-07-13T22:56:31.098+0300] {dagbag.py:545} INFO - Filling up the DagBag from /home/wal/.pyenv/versions/3.12.0/lib/python3.12/site-packages/airflow/example_dags/example_complex.py
[2025-07-13T22:56:31.113+0300] {processor.py:840} INFO - DAG(s) 'example_complex' retrieved from /home/wal/.pyenv/versions/3.12.0/lib/python3.12/site-packages/airflow/example_dags/example_complex.py
[2025-07-13T22:56:31.148+0300] {logging_mixin.py:188} INFO - [2025-07-13T22:56:31.148+0300] {dag.py:3096} INFO - Sync 1 DAGs
[2025-07-13T22:56:31.163+0300] {logging_mixin.py:188} INFO - [2025-07-13T22:56:31.162+0300] {dag.py:3954} INFO - Setting next_dagrun for example_complex to None, run_after=None
[2025-07-13T22:56:31.190+0300] {processor.py:183} INFO - Processing /home/wal/.pyenv/versions/3.12.0/lib/python3.12/site-packages/airflow/example_dags/example_complex.py took 0.105 seconds
[2025-07-13T22:57:26.392+0300] {processor.py:161} INFO - Started process (PID=4180) to work on /home/wal/.pyenv/versions/3.12.0/lib/python3.12/site-packages/airflow/example_dags/example_complex.py
[2025-07-13T22:57:26.398+0300] {processor.py:830} INFO - Processing file /home/wal/.pyenv/versions/3.12.0/lib/python3.12/site-packages/airflow/example_dags/example_complex.py for tasks to queue
[2025-07-13T22:57:26.400+0300] {logging_mixin.py:188} INFO - [2025-07-13T22:57:26.400+0300] {dagbag.py:545} INFO - Filling up the DagBag from /home/wal/.pyenv/versions/3.12.0/lib/python3.12/site-packages/airflow/example_dags/example_complex.py
[2025-07-13T22:57:26.412+0300] {processor.py:840} INFO - DAG(s) 'example_complex' retrieved from /home/wal/.pyenv/versions/3.12.0/lib/python3.12/site-packages/airflow/example_dags/example_complex.py
[2025-07-13T22:57:26.445+0300] {logging_mixin.py:188} INFO - [2025-07-13T22:57:26.445+0300] {dag.py:3096} INFO - Sync 1 DAGs
[2025-07-13T22:57:26.461+0300] {logging_mixin.py:188} INFO - [2025-07-13T22:57:26.461+0300] {dag.py:3954} INFO - Setting next_dagrun for example_complex to None, run_after=None
[2025-07-13T22:57:26.489+0300] {processor.py:183} INFO - Processing /home/wal/.pyenv/versions/3.12.0/lib/python3.12/site-packages/airflow/example_dags/example_complex.py took 0.104 seconds
[2025-07-13T22:58:23.755+0300] {processor.py:161} INFO - Started process (PID=4290) to work on /home/wal/.pyenv/versions/3.12.0/lib/python3.12/site-packages/airflow/example_dags/example_complex.py
[2025-07-13T22:58:23.758+0300] {processor.py:830} INFO - Processing file /home/wal/.pyenv/versions/3.12.0/lib/python3.12/site-packages/airflow/example_dags/example_complex.py for tasks to queue
[2025-07-13T22:58:23.760+0300] {logging_mixin.py:188} INFO - [2025-07-13T22:58:23.760+0300] {dagbag.py:545} INFO - Filling up the DagBag from /home/wal/.pyenv/versions/3.12.0/lib/python3.12/site-packages/airflow/example_dags/example_complex.py
[2025-07-13T22:58:23.775+0300] {processor.py:840} INFO - DAG(s) 'example_complex' retrieved from /home/wal/.pyenv/versions/3.12.0/lib/python3.12/site-packages/airflow/example_dags/example_complex.py
[2025-07-13T22:58:23.806+0300] {logging_mixin.py:188} INFO - [2025-07-13T22:58:23.805+0300] {dag.py:3096} INFO - Sync 1 DAGs
[2025-07-13T22:58:23.818+0300] {logging_mixin.py:188} INFO - [2025-07-13T22:58:23.818+0300] {dag.py:3954} INFO - Setting next_dagrun for example_complex to None, run_after=None
[2025-07-13T22:58:23.844+0300] {processor.py:183} INFO - Processing /home/wal/.pyenv/versions/3.12.0/lib/python3.12/site-packages/airflow/example_dags/example_complex.py took 0.099 seconds
[2025-07-13T23:00:10.429+0300] {processor.py:161} INFO - Started process (PID=4550) to work on /home/wal/.pyenv/versions/3.12.0/lib/python3.12/site-packages/airflow/example_dags/example_complex.py
[2025-07-13T23:00:10.431+0300] {processor.py:830} INFO - Processing file /home/wal/.pyenv/versions/3.12.0/lib/python3.12/site-packages/airflow/example_dags/example_complex.py for tasks to queue
[2025-07-13T23:00:10.435+0300] {logging_mixin.py:188} INFO - [2025-07-13T23:00:10.434+0300] {dagbag.py:545} INFO - Filling up the DagBag from /home/wal/.pyenv/versions/3.12.0/lib/python3.12/site-packages/airflow/example_dags/example_complex.py
[2025-07-13T23:00:10.460+0300] {processor.py:840} INFO - DAG(s) 'example_complex' retrieved from /home/wal/.pyenv/versions/3.12.0/lib/python3.12/site-packages/airflow/example_dags/example_complex.py
[2025-07-13T23:00:10.734+0300] {logging_mixin.py:188} INFO - [2025-07-13T23:00:10.734+0300] {dag.py:3096} INFO - Sync 1 DAGs
[2025-07-13T23:00:10.756+0300] {logging_mixin.py:188} INFO - [2025-07-13T23:00:10.755+0300] {dag.py:3954} INFO - Setting next_dagrun for example_complex to None, run_after=None
[2025-07-13T23:00:10.797+0300] {processor.py:183} INFO - Processing /home/wal/.pyenv/versions/3.12.0/lib/python3.12/site-packages/airflow/example_dags/example_complex.py took 0.382 seconds
[2025-07-13T23:01:54.299+0300] {processor.py:161} INFO - Started process (PID=4617) to work on /home/wal/.pyenv/versions/3.12.0/lib/python3.12/site-packages/airflow/example_dags/example_complex.py
[2025-07-13T23:01:54.307+0300] {processor.py:830} INFO - Processing file /home/wal/.pyenv/versions/3.12.0/lib/python3.12/site-packages/airflow/example_dags/example_complex.py for tasks to queue
[2025-07-13T23:01:54.313+0300] {logging_mixin.py:188} INFO - [2025-07-13T23:01:54.312+0300] {dagbag.py:545} INFO - Filling up the DagBag from /home/wal/.pyenv/versions/3.12.0/lib/python3.12/site-packages/airflow/example_dags/example_complex.py
[2025-07-13T23:01:54.387+0300] {processor.py:840} INFO - DAG(s) 'example_complex' retrieved from /home/wal/.pyenv/versions/3.12.0/lib/python3.12/site-packages/airflow/example_dags/example_complex.py
[2025-07-13T23:01:54.553+0300] {logging_mixin.py:188} INFO - [2025-07-13T23:01:54.552+0300] {dag.py:3096} INFO - Sync 1 DAGs
[2025-07-13T23:01:54.645+0300] {logging_mixin.py:188} INFO - [2025-07-13T23:01:54.644+0300] {dag.py:3954} INFO - Setting next_dagrun for example_complex to None, run_after=None
[2025-07-13T23:01:54.752+0300] {processor.py:183} INFO - Processing /home/wal/.pyenv/versions/3.12.0/lib/python3.12/site-packages/airflow/example_dags/example_complex.py took 0.482 seconds
[2025-07-13T23:03:32.686+0300] {processor.py:161} INFO - Started process (PID=4688) to work on /home/wal/.pyenv/versions/3.12.0/lib/python3.12/site-packages/airflow/example_dags/example_complex.py
[2025-07-13T23:03:32.697+0300] {processor.py:830} INFO - Processing file /home/wal/.pyenv/versions/3.12.0/lib/python3.12/site-packages/airflow/example_dags/example_complex.py for tasks to queue
[2025-07-13T23:03:32.701+0300] {logging_mixin.py:188} INFO - [2025-07-13T23:03:32.700+0300] {dagbag.py:545} INFO - Filling up the DagBag from /home/wal/.pyenv/versions/3.12.0/lib/python3.12/site-packages/airflow/example_dags/example_complex.py
[2025-07-13T23:03:32.740+0300] {processor.py:840} INFO - DAG(s) 'example_complex' retrieved from /home/wal/.pyenv/versions/3.12.0/lib/python3.12/site-packages/airflow/example_dags/example_complex.py
[2025-07-13T23:03:32.829+0300] {logging_mixin.py:188} INFO - [2025-07-13T23:03:32.828+0300] {dag.py:3096} INFO - Sync 1 DAGs
[2025-07-13T23:03:32.874+0300] {logging_mixin.py:188} INFO - [2025-07-13T23:03:32.873+0300] {dag.py:3954} INFO - Setting next_dagrun for example_complex to None, run_after=None
[2025-07-13T23:03:32.945+0300] {processor.py:183} INFO - Processing /home/wal/.pyenv/versions/3.12.0/lib/python3.12/site-packages/airflow/example_dags/example_complex.py took 0.293 seconds
[2025-07-13T23:04:47.812+0300] {processor.py:161} INFO - Started process (PID=4748) to work on /home/wal/.pyenv/versions/3.12.0/lib/python3.12/site-packages/airflow/example_dags/example_complex.py
[2025-07-13T23:04:47.825+0300] {processor.py:830} INFO - Processing file /home/wal/.pyenv/versions/3.12.0/lib/python3.12/site-packages/airflow/example_dags/example_complex.py for tasks to queue
[2025-07-13T23:04:47.830+0300] {logging_mixin.py:188} INFO - [2025-07-13T23:04:47.828+0300] {dagbag.py:545} INFO - Filling up the DagBag from /home/wal/.pyenv/versions/3.12.0/lib/python3.12/site-packages/airflow/example_dags/example_complex.py
[2025-07-13T23:04:47.903+0300] {processor.py:840} INFO - DAG(s) 'example_complex' retrieved from /home/wal/.pyenv/versions/3.12.0/lib/python3.12/site-packages/airflow/example_dags/example_complex.py
[2025-07-13T23:04:48.159+0300] {logging_mixin.py:188} INFO - [2025-07-13T23:04:48.159+0300] {dag.py:3096} INFO - Sync 1 DAGs
[2025-07-13T23:04:48.225+0300] {logging_mixin.py:188} INFO - [2025-07-13T23:04:48.225+0300] {dag.py:3954} INFO - Setting next_dagrun for example_complex to None, run_after=None
[2025-07-13T23:04:48.309+0300] {processor.py:183} INFO - Processing /home/wal/.pyenv/versions/3.12.0/lib/python3.12/site-packages/airflow/example_dags/example_complex.py took 0.532 seconds
[2025-07-13T23:06:16.483+0300] {processor.py:161} INFO - Started process (PID=4814) to work on /home/wal/.pyenv/versions/3.12.0/lib/python3.12/site-packages/airflow/example_dags/example_complex.py
[2025-07-13T23:06:16.499+0300] {processor.py:830} INFO - Processing file /home/wal/.pyenv/versions/3.12.0/lib/python3.12/site-packages/airflow/example_dags/example_complex.py for tasks to queue
[2025-07-13T23:06:16.506+0300] {logging_mixin.py:188} INFO - [2025-07-13T23:06:16.503+0300] {dagbag.py:545} INFO - Filling up the DagBag from /home/wal/.pyenv/versions/3.12.0/lib/python3.12/site-packages/airflow/example_dags/example_complex.py
[2025-07-13T23:06:16.571+0300] {processor.py:840} INFO - DAG(s) 'example_complex' retrieved from /home/wal/.pyenv/versions/3.12.0/lib/python3.12/site-packages/airflow/example_dags/example_complex.py
[2025-07-13T23:06:16.800+0300] {logging_mixin.py:188} INFO - [2025-07-13T23:06:16.798+0300] {dag.py:3096} INFO - Sync 1 DAGs
[2025-07-13T23:06:16.887+0300] {logging_mixin.py:188} INFO - [2025-07-13T23:06:16.884+0300] {dag.py:3954} INFO - Setting next_dagrun for example_complex to None, run_after=None
[2025-07-13T23:06:17.052+0300] {processor.py:183} INFO - Processing /home/wal/.pyenv/versions/3.12.0/lib/python3.12/site-packages/airflow/example_dags/example_complex.py took 0.613 seconds
[2025-07-13T23:07:46.766+0300] {processor.py:161} INFO - Started process (PID=4883) to work on /home/wal/.pyenv/versions/3.12.0/lib/python3.12/site-packages/airflow/example_dags/example_complex.py
[2025-07-13T23:07:46.773+0300] {processor.py:830} INFO - Processing file /home/wal/.pyenv/versions/3.12.0/lib/python3.12/site-packages/airflow/example_dags/example_complex.py for tasks to queue
[2025-07-13T23:07:46.781+0300] {logging_mixin.py:188} INFO - [2025-07-13T23:07:46.780+0300] {dagbag.py:545} INFO - Filling up the DagBag from /home/wal/.pyenv/versions/3.12.0/lib/python3.12/site-packages/airflow/example_dags/example_complex.py
[2025-07-13T23:07:46.811+0300] {processor.py:840} INFO - DAG(s) 'example_complex' retrieved from /home/wal/.pyenv/versions/3.12.0/lib/python3.12/site-packages/airflow/example_dags/example_complex.py
[2025-07-13T23:07:46.887+0300] {logging_mixin.py:188} INFO - [2025-07-13T23:07:46.886+0300] {dag.py:3096} INFO - Sync 1 DAGs
[2025-07-13T23:07:46.927+0300] {logging_mixin.py:188} INFO - [2025-07-13T23:07:46.926+0300] {dag.py:3954} INFO - Setting next_dagrun for example_complex to None, run_after=None
[2025-07-13T23:07:46.991+0300] {processor.py:183} INFO - Processing /home/wal/.pyenv/versions/3.12.0/lib/python3.12/site-packages/airflow/example_dags/example_complex.py took 0.246 seconds
[2025-07-13T23:08:45.611+0300] {processor.py:161} INFO - Started process (PID=4936) to work on /home/wal/.pyenv/versions/3.12.0/lib/python3.12/site-packages/airflow/example_dags/example_complex.py
[2025-07-13T23:08:45.619+0300] {processor.py:830} INFO - Processing file /home/wal/.pyenv/versions/3.12.0/lib/python3.12/site-packages/airflow/example_dags/example_complex.py for tasks to queue
[2025-07-13T23:08:45.624+0300] {logging_mixin.py:188} INFO - [2025-07-13T23:08:45.622+0300] {dagbag.py:545} INFO - Filling up the DagBag from /home/wal/.pyenv/versions/3.12.0/lib/python3.12/site-packages/airflow/example_dags/example_complex.py
[2025-07-13T23:08:45.654+0300] {processor.py:840} INFO - DAG(s) 'example_complex' retrieved from /home/wal/.pyenv/versions/3.12.0/lib/python3.12/site-packages/airflow/example_dags/example_complex.py
[2025-07-13T23:08:45.720+0300] {logging_mixin.py:188} INFO - [2025-07-13T23:08:45.719+0300] {dag.py:3096} INFO - Sync 1 DAGs
[2025-07-13T23:08:45.748+0300] {logging_mixin.py:188} INFO - [2025-07-13T23:08:45.748+0300] {dag.py:3954} INFO - Setting next_dagrun for example_complex to None, run_after=None
[2025-07-13T23:08:45.806+0300] {processor.py:183} INFO - Processing /home/wal/.pyenv/versions/3.12.0/lib/python3.12/site-packages/airflow/example_dags/example_complex.py took 0.218 seconds
[2025-07-13T23:09:51.914+0300] {processor.py:161} INFO - Started process (PID=4991) to work on /home/wal/.pyenv/versions/3.12.0/lib/python3.12/site-packages/airflow/example_dags/example_complex.py
[2025-07-13T23:09:51.924+0300] {processor.py:830} INFO - Processing file /home/wal/.pyenv/versions/3.12.0/lib/python3.12/site-packages/airflow/example_dags/example_complex.py for tasks to queue
[2025-07-13T23:09:51.931+0300] {logging_mixin.py:188} INFO - [2025-07-13T23:09:51.929+0300] {dagbag.py:545} INFO - Filling up the DagBag from /home/wal/.pyenv/versions/3.12.0/lib/python3.12/site-packages/airflow/example_dags/example_complex.py
[2025-07-13T23:09:52.005+0300] {processor.py:840} INFO - DAG(s) 'example_complex' retrieved from /home/wal/.pyenv/versions/3.12.0/lib/python3.12/site-packages/airflow/example_dags/example_complex.py
[2025-07-13T23:09:52.293+0300] {logging_mixin.py:188} INFO - [2025-07-13T23:09:52.292+0300] {dag.py:3096} INFO - Sync 1 DAGs
[2025-07-13T23:09:52.379+0300] {logging_mixin.py:188} INFO - [2025-07-13T23:09:52.378+0300] {dag.py:3954} INFO - Setting next_dagrun for example_complex to None, run_after=None
[2025-07-13T23:09:52.677+0300] {processor.py:183} INFO - Processing /home/wal/.pyenv/versions/3.12.0/lib/python3.12/site-packages/airflow/example_dags/example_complex.py took 0.801 seconds
[2025-07-13T23:10:54.040+0300] {processor.py:161} INFO - Started process (PID=5046) to work on /home/wal/.pyenv/versions/3.12.0/lib/python3.12/site-packages/airflow/example_dags/example_complex.py
[2025-07-13T23:10:54.042+0300] {processor.py:830} INFO - Processing file /home/wal/.pyenv/versions/3.12.0/lib/python3.12/site-packages/airflow/example_dags/example_complex.py for tasks to queue
[2025-07-13T23:10:54.043+0300] {logging_mixin.py:188} INFO - [2025-07-13T23:10:54.043+0300] {dagbag.py:545} INFO - Filling up the DagBag from /home/wal/.pyenv/versions/3.12.0/lib/python3.12/site-packages/airflow/example_dags/example_complex.py
[2025-07-13T23:10:54.058+0300] {processor.py:840} INFO - DAG(s) 'example_complex' retrieved from /home/wal/.pyenv/versions/3.12.0/lib/python3.12/site-packages/airflow/example_dags/example_complex.py
[2025-07-13T23:10:54.093+0300] {logging_mixin.py:188} INFO - [2025-07-13T23:10:54.093+0300] {dag.py:3096} INFO - Sync 1 DAGs
[2025-07-13T23:10:54.110+0300] {logging_mixin.py:188} INFO - [2025-07-13T23:10:54.109+0300] {dag.py:3954} INFO - Setting next_dagrun for example_complex to None, run_after=None
[2025-07-13T23:10:54.138+0300] {processor.py:183} INFO - Processing /home/wal/.pyenv/versions/3.12.0/lib/python3.12/site-packages/airflow/example_dags/example_complex.py took 0.104 seconds
[2025-07-13T23:11:51.482+0300] {processor.py:161} INFO - Started process (PID=5097) to work on /home/wal/.pyenv/versions/3.12.0/lib/python3.12/site-packages/airflow/example_dags/example_complex.py
[2025-07-13T23:11:51.484+0300] {processor.py:830} INFO - Processing file /home/wal/.pyenv/versions/3.12.0/lib/python3.12/site-packages/airflow/example_dags/example_complex.py for tasks to queue
[2025-07-13T23:11:51.487+0300] {logging_mixin.py:188} INFO - [2025-07-13T23:11:51.487+0300] {dagbag.py:545} INFO - Filling up the DagBag from /home/wal/.pyenv/versions/3.12.0/lib/python3.12/site-packages/airflow/example_dags/example_complex.py
[2025-07-13T23:11:51.513+0300] {processor.py:840} INFO - DAG(s) 'example_complex' retrieved from /home/wal/.pyenv/versions/3.12.0/lib/python3.12/site-packages/airflow/example_dags/example_complex.py
[2025-07-13T23:11:51.579+0300] {logging_mixin.py:188} INFO - [2025-07-13T23:11:51.578+0300] {dag.py:3096} INFO - Sync 1 DAGs
[2025-07-13T23:11:51.604+0300] {logging_mixin.py:188} INFO - [2025-07-13T23:11:51.603+0300] {dag.py:3954} INFO - Setting next_dagrun for example_complex to None, run_after=None
[2025-07-13T23:11:51.643+0300] {processor.py:183} INFO - Processing /home/wal/.pyenv/versions/3.12.0/lib/python3.12/site-packages/airflow/example_dags/example_complex.py took 0.175 seconds
[2025-07-13T23:12:53.894+0300] {processor.py:161} INFO - Started process (PID=5154) to work on /home/wal/.pyenv/versions/3.12.0/lib/python3.12/site-packages/airflow/example_dags/example_complex.py
[2025-07-13T23:12:53.900+0300] {processor.py:830} INFO - Processing file /home/wal/.pyenv/versions/3.12.0/lib/python3.12/site-packages/airflow/example_dags/example_complex.py for tasks to queue
[2025-07-13T23:12:53.903+0300] {logging_mixin.py:188} INFO - [2025-07-13T23:12:53.902+0300] {dagbag.py:545} INFO - Filling up the DagBag from /home/wal/.pyenv/versions/3.12.0/lib/python3.12/site-packages/airflow/example_dags/example_complex.py
[2025-07-13T23:12:53.920+0300] {processor.py:840} INFO - DAG(s) 'example_complex' retrieved from /home/wal/.pyenv/versions/3.12.0/lib/python3.12/site-packages/airflow/example_dags/example_complex.py
[2025-07-13T23:12:53.972+0300] {logging_mixin.py:188} INFO - [2025-07-13T23:12:53.971+0300] {dag.py:3096} INFO - Sync 1 DAGs
[2025-07-13T23:12:53.994+0300] {logging_mixin.py:188} INFO - [2025-07-13T23:12:53.994+0300] {dag.py:3954} INFO - Setting next_dagrun for example_complex to None, run_after=None
[2025-07-13T23:12:54.031+0300] {processor.py:183} INFO - Processing /home/wal/.pyenv/versions/3.12.0/lib/python3.12/site-packages/airflow/example_dags/example_complex.py took 0.147 seconds
[2025-07-13T23:13:59.532+0300] {processor.py:161} INFO - Started process (PID=5213) to work on /home/wal/.pyenv/versions/3.12.0/lib/python3.12/site-packages/airflow/example_dags/example_complex.py
[2025-07-13T23:13:59.539+0300] {processor.py:830} INFO - Processing file /home/wal/.pyenv/versions/3.12.0/lib/python3.12/site-packages/airflow/example_dags/example_complex.py for tasks to queue
[2025-07-13T23:13:59.541+0300] {logging_mixin.py:188} INFO - [2025-07-13T23:13:59.540+0300] {dagbag.py:545} INFO - Filling up the DagBag from /home/wal/.pyenv/versions/3.12.0/lib/python3.12/site-packages/airflow/example_dags/example_complex.py
[2025-07-13T23:13:59.554+0300] {processor.py:840} INFO - DAG(s) 'example_complex' retrieved from /home/wal/.pyenv/versions/3.12.0/lib/python3.12/site-packages/airflow/example_dags/example_complex.py
[2025-07-13T23:13:59.587+0300] {logging_mixin.py:188} INFO - [2025-07-13T23:13:59.587+0300] {dag.py:3096} INFO - Sync 1 DAGs
[2025-07-13T23:13:59.600+0300] {logging_mixin.py:188} INFO - [2025-07-13T23:13:59.599+0300] {dag.py:3954} INFO - Setting next_dagrun for example_complex to None, run_after=None
[2025-07-13T23:13:59.626+0300] {processor.py:183} INFO - Processing /home/wal/.pyenv/versions/3.12.0/lib/python3.12/site-packages/airflow/example_dags/example_complex.py took 0.102 seconds
[2025-07-13T23:14:54.771+0300] {processor.py:161} INFO - Started process (PID=5277) to work on /home/wal/.pyenv/versions/3.12.0/lib/python3.12/site-packages/airflow/example_dags/example_complex.py
[2025-07-13T23:14:54.773+0300] {processor.py:830} INFO - Processing file /home/wal/.pyenv/versions/3.12.0/lib/python3.12/site-packages/airflow/example_dags/example_complex.py for tasks to queue
[2025-07-13T23:14:54.775+0300] {logging_mixin.py:188} INFO - [2025-07-13T23:14:54.775+0300] {dagbag.py:545} INFO - Filling up the DagBag from /home/wal/.pyenv/versions/3.12.0/lib/python3.12/site-packages/airflow/example_dags/example_complex.py
[2025-07-13T23:14:54.790+0300] {processor.py:840} INFO - DAG(s) 'example_complex' retrieved from /home/wal/.pyenv/versions/3.12.0/lib/python3.12/site-packages/airflow/example_dags/example_complex.py
[2025-07-13T23:14:54.835+0300] {logging_mixin.py:188} INFO - [2025-07-13T23:14:54.835+0300] {dag.py:3096} INFO - Sync 1 DAGs
[2025-07-13T23:14:54.853+0300] {logging_mixin.py:188} INFO - [2025-07-13T23:14:54.853+0300] {dag.py:3954} INFO - Setting next_dagrun for example_complex to None, run_after=None
[2025-07-13T23:14:54.887+0300] {processor.py:183} INFO - Processing /home/wal/.pyenv/versions/3.12.0/lib/python3.12/site-packages/airflow/example_dags/example_complex.py took 0.125 seconds
[2025-07-13T23:16:12.631+0300] {processor.py:161} INFO - Started process (PID=5351) to work on /home/wal/.pyenv/versions/3.12.0/lib/python3.12/site-packages/airflow/example_dags/example_complex.py
[2025-07-13T23:16:12.633+0300] {processor.py:830} INFO - Processing file /home/wal/.pyenv/versions/3.12.0/lib/python3.12/site-packages/airflow/example_dags/example_complex.py for tasks to queue
[2025-07-13T23:16:12.636+0300] {logging_mixin.py:188} INFO - [2025-07-13T23:16:12.635+0300] {dagbag.py:545} INFO - Filling up the DagBag from /home/wal/.pyenv/versions/3.12.0/lib/python3.12/site-packages/airflow/example_dags/example_complex.py
[2025-07-13T23:16:12.661+0300] {processor.py:840} INFO - DAG(s) 'example_complex' retrieved from /home/wal/.pyenv/versions/3.12.0/lib/python3.12/site-packages/airflow/example_dags/example_complex.py
[2025-07-13T23:16:12.735+0300] {logging_mixin.py:188} INFO - [2025-07-13T23:16:12.734+0300] {dag.py:3096} INFO - Sync 1 DAGs
[2025-07-13T23:16:12.791+0300] {logging_mixin.py:188} INFO - [2025-07-13T23:16:12.790+0300] {dag.py:3954} INFO - Setting next_dagrun for example_complex to None, run_after=None
[2025-07-13T23:16:12.922+0300] {processor.py:183} INFO - Processing /home/wal/.pyenv/versions/3.12.0/lib/python3.12/site-packages/airflow/example_dags/example_complex.py took 0.304 seconds
[2025-07-13T23:17:22.223+0300] {processor.py:161} INFO - Started process (PID=5409) to work on /home/wal/.pyenv/versions/3.12.0/lib/python3.12/site-packages/airflow/example_dags/example_complex.py
[2025-07-13T23:17:22.225+0300] {processor.py:830} INFO - Processing file /home/wal/.pyenv/versions/3.12.0/lib/python3.12/site-packages/airflow/example_dags/example_complex.py for tasks to queue
[2025-07-13T23:17:22.228+0300] {logging_mixin.py:188} INFO - [2025-07-13T23:17:22.228+0300] {dagbag.py:545} INFO - Filling up the DagBag from /home/wal/.pyenv/versions/3.12.0/lib/python3.12/site-packages/airflow/example_dags/example_complex.py
[2025-07-13T23:17:22.263+0300] {processor.py:840} INFO - DAG(s) 'example_complex' retrieved from /home/wal/.pyenv/versions/3.12.0/lib/python3.12/site-packages/airflow/example_dags/example_complex.py
[2025-07-13T23:17:22.329+0300] {logging_mixin.py:188} INFO - [2025-07-13T23:17:22.328+0300] {dag.py:3096} INFO - Sync 1 DAGs
[2025-07-13T23:17:22.356+0300] {logging_mixin.py:188} INFO - [2025-07-13T23:17:22.356+0300] {dag.py:3954} INFO - Setting next_dagrun for example_complex to None, run_after=None
[2025-07-13T23:17:22.397+0300] {processor.py:183} INFO - Processing /home/wal/.pyenv/versions/3.12.0/lib/python3.12/site-packages/airflow/example_dags/example_complex.py took 0.186 seconds
[2025-07-13T23:18:34.805+0300] {processor.py:161} INFO - Started process (PID=5469) to work on /home/wal/.pyenv/versions/3.12.0/lib/python3.12/site-packages/airflow/example_dags/example_complex.py
[2025-07-13T23:18:34.810+0300] {processor.py:830} INFO - Processing file /home/wal/.pyenv/versions/3.12.0/lib/python3.12/site-packages/airflow/example_dags/example_complex.py for tasks to queue
[2025-07-13T23:18:34.813+0300] {logging_mixin.py:188} INFO - [2025-07-13T23:18:34.812+0300] {dagbag.py:545} INFO - Filling up the DagBag from /home/wal/.pyenv/versions/3.12.0/lib/python3.12/site-packages/airflow/example_dags/example_complex.py
[2025-07-13T23:18:34.827+0300] {processor.py:840} INFO - DAG(s) 'example_complex' retrieved from /home/wal/.pyenv/versions/3.12.0/lib/python3.12/site-packages/airflow/example_dags/example_complex.py
[2025-07-13T23:18:34.865+0300] {logging_mixin.py:188} INFO - [2025-07-13T23:18:34.864+0300] {dag.py:3096} INFO - Sync 1 DAGs
[2025-07-13T23:18:34.881+0300] {logging_mixin.py:188} INFO - [2025-07-13T23:18:34.881+0300] {dag.py:3954} INFO - Setting next_dagrun for example_complex to None, run_after=None
[2025-07-13T23:18:34.911+0300] {processor.py:183} INFO - Processing /home/wal/.pyenv/versions/3.12.0/lib/python3.12/site-packages/airflow/example_dags/example_complex.py took 0.113 seconds
[2025-07-13T23:19:42.318+0300] {processor.py:161} INFO - Started process (PID=5526) to work on /home/wal/.pyenv/versions/3.12.0/lib/python3.12/site-packages/airflow/example_dags/example_complex.py
[2025-07-13T23:19:42.324+0300] {processor.py:830} INFO - Processing file /home/wal/.pyenv/versions/3.12.0/lib/python3.12/site-packages/airflow/example_dags/example_complex.py for tasks to queue
[2025-07-13T23:19:42.327+0300] {logging_mixin.py:188} INFO - [2025-07-13T23:19:42.327+0300] {dagbag.py:545} INFO - Filling up the DagBag from /home/wal/.pyenv/versions/3.12.0/lib/python3.12/site-packages/airflow/example_dags/example_complex.py
[2025-07-13T23:19:42.343+0300] {processor.py:840} INFO - DAG(s) 'example_complex' retrieved from /home/wal/.pyenv/versions/3.12.0/lib/python3.12/site-packages/airflow/example_dags/example_complex.py
[2025-07-13T23:19:42.390+0300] {logging_mixin.py:188} INFO - [2025-07-13T23:19:42.390+0300] {dag.py:3096} INFO - Sync 1 DAGs
[2025-07-13T23:19:42.410+0300] {logging_mixin.py:188} INFO - [2025-07-13T23:19:42.410+0300] {dag.py:3954} INFO - Setting next_dagrun for example_complex to None, run_after=None
[2025-07-13T23:19:42.442+0300] {processor.py:183} INFO - Processing /home/wal/.pyenv/versions/3.12.0/lib/python3.12/site-packages/airflow/example_dags/example_complex.py took 0.133 seconds
[2025-07-13T23:20:42.997+0300] {processor.py:161} INFO - Started process (PID=5578) to work on /home/wal/.pyenv/versions/3.12.0/lib/python3.12/site-packages/airflow/example_dags/example_complex.py
[2025-07-13T23:20:42.999+0300] {processor.py:830} INFO - Processing file /home/wal/.pyenv/versions/3.12.0/lib/python3.12/site-packages/airflow/example_dags/example_complex.py for tasks to queue
[2025-07-13T23:20:43.005+0300] {logging_mixin.py:188} INFO - [2025-07-13T23:20:43.003+0300] {dagbag.py:545} INFO - Filling up the DagBag from /home/wal/.pyenv/versions/3.12.0/lib/python3.12/site-packages/airflow/example_dags/example_complex.py
[2025-07-13T23:20:43.031+0300] {processor.py:840} INFO - DAG(s) 'example_complex' retrieved from /home/wal/.pyenv/versions/3.12.0/lib/python3.12/site-packages/airflow/example_dags/example_complex.py
[2025-07-13T23:20:43.114+0300] {logging_mixin.py:188} INFO - [2025-07-13T23:20:43.114+0300] {dag.py:3096} INFO - Sync 1 DAGs
[2025-07-13T23:20:43.147+0300] {logging_mixin.py:188} INFO - [2025-07-13T23:20:43.147+0300] {dag.py:3954} INFO - Setting next_dagrun for example_complex to None, run_after=None
[2025-07-13T23:20:43.201+0300] {processor.py:183} INFO - Processing /home/wal/.pyenv/versions/3.12.0/lib/python3.12/site-packages/airflow/example_dags/example_complex.py took 0.220 seconds
[2025-07-13T23:21:46.727+0300] {processor.py:161} INFO - Started process (PID=5632) to work on /home/wal/.pyenv/versions/3.12.0/lib/python3.12/site-packages/airflow/example_dags/example_complex.py
[2025-07-13T23:21:46.729+0300] {processor.py:830} INFO - Processing file /home/wal/.pyenv/versions/3.12.0/lib/python3.12/site-packages/airflow/example_dags/example_complex.py for tasks to queue
[2025-07-13T23:21:46.733+0300] {logging_mixin.py:188} INFO - [2025-07-13T23:21:46.732+0300] {dagbag.py:545} INFO - Filling up the DagBag from /home/wal/.pyenv/versions/3.12.0/lib/python3.12/site-packages/airflow/example_dags/example_complex.py
[2025-07-13T23:21:46.756+0300] {processor.py:840} INFO - DAG(s) 'example_complex' retrieved from /home/wal/.pyenv/versions/3.12.0/lib/python3.12/site-packages/airflow/example_dags/example_complex.py
[2025-07-13T23:21:46.834+0300] {logging_mixin.py:188} INFO - [2025-07-13T23:21:46.834+0300] {dag.py:3096} INFO - Sync 1 DAGs
[2025-07-13T23:21:46.866+0300] {logging_mixin.py:188} INFO - [2025-07-13T23:21:46.866+0300] {dag.py:3954} INFO - Setting next_dagrun for example_complex to None, run_after=None
[2025-07-13T23:21:46.920+0300] {processor.py:183} INFO - Processing /home/wal/.pyenv/versions/3.12.0/lib/python3.12/site-packages/airflow/example_dags/example_complex.py took 0.205 seconds
[2025-07-13T23:22:59.455+0300] {processor.py:161} INFO - Started process (PID=5689) to work on /home/wal/.pyenv/versions/3.12.0/lib/python3.12/site-packages/airflow/example_dags/example_complex.py
[2025-07-13T23:22:59.458+0300] {processor.py:830} INFO - Processing file /home/wal/.pyenv/versions/3.12.0/lib/python3.12/site-packages/airflow/example_dags/example_complex.py for tasks to queue
[2025-07-13T23:22:59.465+0300] {logging_mixin.py:188} INFO - [2025-07-13T23:22:59.464+0300] {dagbag.py:545} INFO - Filling up the DagBag from /home/wal/.pyenv/versions/3.12.0/lib/python3.12/site-packages/airflow/example_dags/example_complex.py
[2025-07-13T23:22:59.518+0300] {processor.py:840} INFO - DAG(s) 'example_complex' retrieved from /home/wal/.pyenv/versions/3.12.0/lib/python3.12/site-packages/airflow/example_dags/example_complex.py
[2025-07-13T23:22:59.622+0300] {logging_mixin.py:188} INFO - [2025-07-13T23:22:59.621+0300] {dag.py:3096} INFO - Sync 1 DAGs
[2025-07-13T23:22:59.682+0300] {logging_mixin.py:188} INFO - [2025-07-13T23:22:59.682+0300] {dag.py:3954} INFO - Setting next_dagrun for example_complex to None, run_after=None
[2025-07-13T23:22:59.825+0300] {processor.py:183} INFO - Processing /home/wal/.pyenv/versions/3.12.0/lib/python3.12/site-packages/airflow/example_dags/example_complex.py took 0.392 seconds
[2025-07-13T23:24:16.587+0300] {processor.py:161} INFO - Started process (PID=5747) to work on /home/wal/.pyenv/versions/3.12.0/lib/python3.12/site-packages/airflow/example_dags/example_complex.py
[2025-07-13T23:24:16.595+0300] {processor.py:830} INFO - Processing file /home/wal/.pyenv/versions/3.12.0/lib/python3.12/site-packages/airflow/example_dags/example_complex.py for tasks to queue
[2025-07-13T23:24:16.619+0300] {logging_mixin.py:188} INFO - [2025-07-13T23:24:16.612+0300] {dagbag.py:545} INFO - Filling up the DagBag from /home/wal/.pyenv/versions/3.12.0/lib/python3.12/site-packages/airflow/example_dags/example_complex.py
[2025-07-13T23:24:16.781+0300] {processor.py:840} INFO - DAG(s) 'example_complex' retrieved from /home/wal/.pyenv/versions/3.12.0/lib/python3.12/site-packages/airflow/example_dags/example_complex.py
[2025-07-13T23:24:17.165+0300] {logging_mixin.py:188} INFO - [2025-07-13T23:24:17.164+0300] {dag.py:3096} INFO - Sync 1 DAGs
[2025-07-13T23:24:17.302+0300] {logging_mixin.py:188} INFO - [2025-07-13T23:24:17.300+0300] {dag.py:3954} INFO - Setting next_dagrun for example_complex to None, run_after=None
[2025-07-13T23:24:17.473+0300] {processor.py:183} INFO - Processing /home/wal/.pyenv/versions/3.12.0/lib/python3.12/site-packages/airflow/example_dags/example_complex.py took 0.946 seconds
[2025-07-13T23:26:16.013+0300] {processor.py:161} INFO - Started process (PID=5824) to work on /home/wal/.pyenv/versions/3.12.0/lib/python3.12/site-packages/airflow/example_dags/example_complex.py
[2025-07-13T23:26:16.020+0300] {processor.py:830} INFO - Processing file /home/wal/.pyenv/versions/3.12.0/lib/python3.12/site-packages/airflow/example_dags/example_complex.py for tasks to queue
[2025-07-13T23:26:16.025+0300] {logging_mixin.py:188} INFO - [2025-07-13T23:26:16.024+0300] {dagbag.py:545} INFO - Filling up the DagBag from /home/wal/.pyenv/versions/3.12.0/lib/python3.12/site-packages/airflow/example_dags/example_complex.py
[2025-07-13T23:26:16.047+0300] {processor.py:840} INFO - DAG(s) 'example_complex' retrieved from /home/wal/.pyenv/versions/3.12.0/lib/python3.12/site-packages/airflow/example_dags/example_complex.py
[2025-07-13T23:26:16.097+0300] {logging_mixin.py:188} INFO - [2025-07-13T23:26:16.097+0300] {dag.py:3096} INFO - Sync 1 DAGs
[2025-07-13T23:26:16.259+0300] {logging_mixin.py:188} INFO - [2025-07-13T23:26:16.259+0300] {dag.py:3954} INFO - Setting next_dagrun for example_complex to None, run_after=None
[2025-07-13T23:26:16.293+0300] {processor.py:183} INFO - Processing /home/wal/.pyenv/versions/3.12.0/lib/python3.12/site-packages/airflow/example_dags/example_complex.py took 0.290 seconds
[2025-07-13T23:27:24.698+0300] {processor.py:161} INFO - Started process (PID=5881) to work on /home/wal/.pyenv/versions/3.12.0/lib/python3.12/site-packages/airflow/example_dags/example_complex.py
[2025-07-13T23:27:24.700+0300] {processor.py:830} INFO - Processing file /home/wal/.pyenv/versions/3.12.0/lib/python3.12/site-packages/airflow/example_dags/example_complex.py for tasks to queue
[2025-07-13T23:27:24.703+0300] {logging_mixin.py:188} INFO - [2025-07-13T23:27:24.703+0300] {dagbag.py:545} INFO - Filling up the DagBag from /home/wal/.pyenv/versions/3.12.0/lib/python3.12/site-packages/airflow/example_dags/example_complex.py
[2025-07-13T23:27:24.739+0300] {processor.py:840} INFO - DAG(s) 'example_complex' retrieved from /home/wal/.pyenv/versions/3.12.0/lib/python3.12/site-packages/airflow/example_dags/example_complex.py
[2025-07-13T23:27:24.849+0300] {logging_mixin.py:188} INFO - [2025-07-13T23:27:24.848+0300] {dag.py:3096} INFO - Sync 1 DAGs
[2025-07-13T23:27:24.894+0300] {logging_mixin.py:188} INFO - [2025-07-13T23:27:24.892+0300] {dag.py:3954} INFO - Setting next_dagrun for example_complex to None, run_after=None
[2025-07-13T23:27:24.960+0300] {processor.py:183} INFO - Processing /home/wal/.pyenv/versions/3.12.0/lib/python3.12/site-packages/airflow/example_dags/example_complex.py took 0.277 seconds
[2025-07-13T23:28:42.070+0300] {processor.py:161} INFO - Started process (PID=5939) to work on /home/wal/.pyenv/versions/3.12.0/lib/python3.12/site-packages/airflow/example_dags/example_complex.py
[2025-07-13T23:28:42.077+0300] {processor.py:830} INFO - Processing file /home/wal/.pyenv/versions/3.12.0/lib/python3.12/site-packages/airflow/example_dags/example_complex.py for tasks to queue
[2025-07-13T23:28:42.079+0300] {logging_mixin.py:188} INFO - [2025-07-13T23:28:42.078+0300] {dagbag.py:545} INFO - Filling up the DagBag from /home/wal/.pyenv/versions/3.12.0/lib/python3.12/site-packages/airflow/example_dags/example_complex.py
[2025-07-13T23:28:42.096+0300] {processor.py:840} INFO - DAG(s) 'example_complex' retrieved from /home/wal/.pyenv/versions/3.12.0/lib/python3.12/site-packages/airflow/example_dags/example_complex.py
[2025-07-13T23:28:42.152+0300] {logging_mixin.py:188} INFO - [2025-07-13T23:28:42.151+0300] {dag.py:3096} INFO - Sync 1 DAGs
[2025-07-13T23:28:42.176+0300] {logging_mixin.py:188} INFO - [2025-07-13T23:28:42.176+0300] {dag.py:3954} INFO - Setting next_dagrun for example_complex to None, run_after=None
[2025-07-13T23:28:42.221+0300] {processor.py:183} INFO - Processing /home/wal/.pyenv/versions/3.12.0/lib/python3.12/site-packages/airflow/example_dags/example_complex.py took 0.163 seconds
[2025-07-13T23:29:45.109+0300] {processor.py:161} INFO - Started process (PID=5993) to work on /home/wal/.pyenv/versions/3.12.0/lib/python3.12/site-packages/airflow/example_dags/example_complex.py
[2025-07-13T23:29:45.113+0300] {processor.py:830} INFO - Processing file /home/wal/.pyenv/versions/3.12.0/lib/python3.12/site-packages/airflow/example_dags/example_complex.py for tasks to queue
[2025-07-13T23:29:45.117+0300] {logging_mixin.py:188} INFO - [2025-07-13T23:29:45.116+0300] {dagbag.py:545} INFO - Filling up the DagBag from /home/wal/.pyenv/versions/3.12.0/lib/python3.12/site-packages/airflow/example_dags/example_complex.py
[2025-07-13T23:29:45.136+0300] {processor.py:840} INFO - DAG(s) 'example_complex' retrieved from /home/wal/.pyenv/versions/3.12.0/lib/python3.12/site-packages/airflow/example_dags/example_complex.py
[2025-07-13T23:29:45.196+0300] {logging_mixin.py:188} INFO - [2025-07-13T23:29:45.196+0300] {dag.py:3096} INFO - Sync 1 DAGs
[2025-07-13T23:29:45.223+0300] {logging_mixin.py:188} INFO - [2025-07-13T23:29:45.223+0300] {dag.py:3954} INFO - Setting next_dagrun for example_complex to None, run_after=None
[2025-07-13T23:29:45.278+0300] {processor.py:183} INFO - Processing /home/wal/.pyenv/versions/3.12.0/lib/python3.12/site-packages/airflow/example_dags/example_complex.py took 0.178 seconds
[2025-07-13T23:30:43.893+0300] {processor.py:161} INFO - Started process (PID=6046) to work on /home/wal/.pyenv/versions/3.12.0/lib/python3.12/site-packages/airflow/example_dags/example_complex.py
[2025-07-13T23:30:43.896+0300] {processor.py:830} INFO - Processing file /home/wal/.pyenv/versions/3.12.0/lib/python3.12/site-packages/airflow/example_dags/example_complex.py for tasks to queue
[2025-07-13T23:30:43.901+0300] {logging_mixin.py:188} INFO - [2025-07-13T23:30:43.900+0300] {dagbag.py:545} INFO - Filling up the DagBag from /home/wal/.pyenv/versions/3.12.0/lib/python3.12/site-packages/airflow/example_dags/example_complex.py
[2025-07-13T23:30:43.979+0300] {processor.py:840} INFO - DAG(s) 'example_complex' retrieved from /home/wal/.pyenv/versions/3.12.0/lib/python3.12/site-packages/airflow/example_dags/example_complex.py
[2025-07-13T23:30:44.077+0300] {logging_mixin.py:188} INFO - [2025-07-13T23:30:44.077+0300] {dag.py:3096} INFO - Sync 1 DAGs
[2025-07-13T23:30:44.133+0300] {logging_mixin.py:188} INFO - [2025-07-13T23:30:44.133+0300] {dag.py:3954} INFO - Setting next_dagrun for example_complex to None, run_after=None
[2025-07-13T23:30:44.227+0300] {processor.py:183} INFO - Processing /home/wal/.pyenv/versions/3.12.0/lib/python3.12/site-packages/airflow/example_dags/example_complex.py took 0.370 seconds
[2025-07-13T23:31:43.351+0300] {processor.py:161} INFO - Started process (PID=6099) to work on /home/wal/.pyenv/versions/3.12.0/lib/python3.12/site-packages/airflow/example_dags/example_complex.py
[2025-07-13T23:31:43.359+0300] {processor.py:830} INFO - Processing file /home/wal/.pyenv/versions/3.12.0/lib/python3.12/site-packages/airflow/example_dags/example_complex.py for tasks to queue
[2025-07-13T23:31:43.371+0300] {logging_mixin.py:188} INFO - [2025-07-13T23:31:43.369+0300] {dagbag.py:545} INFO - Filling up the DagBag from /home/wal/.pyenv/versions/3.12.0/lib/python3.12/site-packages/airflow/example_dags/example_complex.py
[2025-07-13T23:31:43.401+0300] {processor.py:840} INFO - DAG(s) 'example_complex' retrieved from /home/wal/.pyenv/versions/3.12.0/lib/python3.12/site-packages/airflow/example_dags/example_complex.py
[2025-07-13T23:31:43.449+0300] {logging_mixin.py:188} INFO - [2025-07-13T23:31:43.449+0300] {dag.py:3096} INFO - Sync 1 DAGs
[2025-07-13T23:31:43.467+0300] {logging_mixin.py:188} INFO - [2025-07-13T23:31:43.467+0300] {dag.py:3954} INFO - Setting next_dagrun for example_complex to None, run_after=None
[2025-07-13T23:31:43.509+0300] {processor.py:183} INFO - Processing /home/wal/.pyenv/versions/3.12.0/lib/python3.12/site-packages/airflow/example_dags/example_complex.py took 0.172 seconds
[2025-07-13T23:32:41.503+0300] {processor.py:161} INFO - Started process (PID=6149) to work on /home/wal/.pyenv/versions/3.12.0/lib/python3.12/site-packages/airflow/example_dags/example_complex.py
[2025-07-13T23:32:41.505+0300] {processor.py:830} INFO - Processing file /home/wal/.pyenv/versions/3.12.0/lib/python3.12/site-packages/airflow/example_dags/example_complex.py for tasks to queue
[2025-07-13T23:32:41.509+0300] {logging_mixin.py:188} INFO - [2025-07-13T23:32:41.508+0300] {dagbag.py:545} INFO - Filling up the DagBag from /home/wal/.pyenv/versions/3.12.0/lib/python3.12/site-packages/airflow/example_dags/example_complex.py
[2025-07-13T23:32:41.526+0300] {processor.py:840} INFO - DAG(s) 'example_complex' retrieved from /home/wal/.pyenv/versions/3.12.0/lib/python3.12/site-packages/airflow/example_dags/example_complex.py
[2025-07-13T23:32:41.569+0300] {logging_mixin.py:188} INFO - [2025-07-13T23:32:41.569+0300] {dag.py:3096} INFO - Sync 1 DAGs
[2025-07-13T23:32:41.594+0300] {logging_mixin.py:188} INFO - [2025-07-13T23:32:41.593+0300] {dag.py:3954} INFO - Setting next_dagrun for example_complex to None, run_after=None
[2025-07-13T23:32:41.629+0300] {processor.py:183} INFO - Processing /home/wal/.pyenv/versions/3.12.0/lib/python3.12/site-packages/airflow/example_dags/example_complex.py took 0.136 seconds
[2025-07-13T23:33:46.826+0300] {processor.py:161} INFO - Started process (PID=6204) to work on /home/wal/.pyenv/versions/3.12.0/lib/python3.12/site-packages/airflow/example_dags/example_complex.py
[2025-07-13T23:33:46.832+0300] {processor.py:830} INFO - Processing file /home/wal/.pyenv/versions/3.12.0/lib/python3.12/site-packages/airflow/example_dags/example_complex.py for tasks to queue
[2025-07-13T23:33:46.836+0300] {logging_mixin.py:188} INFO - [2025-07-13T23:33:46.835+0300] {dagbag.py:545} INFO - Filling up the DagBag from /home/wal/.pyenv/versions/3.12.0/lib/python3.12/site-packages/airflow/example_dags/example_complex.py
[2025-07-13T23:33:46.854+0300] {processor.py:840} INFO - DAG(s) 'example_complex' retrieved from /home/wal/.pyenv/versions/3.12.0/lib/python3.12/site-packages/airflow/example_dags/example_complex.py
[2025-07-13T23:33:46.903+0300] {logging_mixin.py:188} INFO - [2025-07-13T23:33:46.903+0300] {dag.py:3096} INFO - Sync 1 DAGs
[2025-07-13T23:33:46.923+0300] {logging_mixin.py:188} INFO - [2025-07-13T23:33:46.923+0300] {dag.py:3954} INFO - Setting next_dagrun for example_complex to None, run_after=None
[2025-07-13T23:33:46.960+0300] {processor.py:183} INFO - Processing /home/wal/.pyenv/versions/3.12.0/lib/python3.12/site-packages/airflow/example_dags/example_complex.py took 0.144 seconds
[2025-07-13T23:35:00.611+0300] {processor.py:161} INFO - Started process (PID=6260) to work on /home/wal/.pyenv/versions/3.12.0/lib/python3.12/site-packages/airflow/example_dags/example_complex.py
[2025-07-13T23:35:00.612+0300] {processor.py:830} INFO - Processing file /home/wal/.pyenv/versions/3.12.0/lib/python3.12/site-packages/airflow/example_dags/example_complex.py for tasks to queue
[2025-07-13T23:35:00.615+0300] {logging_mixin.py:188} INFO - [2025-07-13T23:35:00.614+0300] {dagbag.py:545} INFO - Filling up the DagBag from /home/wal/.pyenv/versions/3.12.0/lib/python3.12/site-packages/airflow/example_dags/example_complex.py
[2025-07-13T23:35:00.635+0300] {processor.py:840} INFO - DAG(s) 'example_complex' retrieved from /home/wal/.pyenv/versions/3.12.0/lib/python3.12/site-packages/airflow/example_dags/example_complex.py
[2025-07-13T23:35:00.686+0300] {logging_mixin.py:188} INFO - [2025-07-13T23:35:00.684+0300] {dag.py:3096} INFO - Sync 1 DAGs
[2025-07-13T23:35:00.708+0300] {logging_mixin.py:188} INFO - [2025-07-13T23:35:00.708+0300] {dag.py:3954} INFO - Setting next_dagrun for example_complex to None, run_after=None
[2025-07-13T23:35:00.746+0300] {processor.py:183} INFO - Processing /home/wal/.pyenv/versions/3.12.0/lib/python3.12/site-packages/airflow/example_dags/example_complex.py took 0.148 seconds
[2025-07-13T23:36:08.224+0300] {processor.py:161} INFO - Started process (PID=6322) to work on /home/wal/.pyenv/versions/3.12.0/lib/python3.12/site-packages/airflow/example_dags/example_complex.py
[2025-07-13T23:36:08.227+0300] {processor.py:830} INFO - Processing file /home/wal/.pyenv/versions/3.12.0/lib/python3.12/site-packages/airflow/example_dags/example_complex.py for tasks to queue
[2025-07-13T23:36:08.229+0300] {logging_mixin.py:188} INFO - [2025-07-13T23:36:08.228+0300] {dagbag.py:545} INFO - Filling up the DagBag from /home/wal/.pyenv/versions/3.12.0/lib/python3.12/site-packages/airflow/example_dags/example_complex.py
[2025-07-13T23:36:08.244+0300] {processor.py:840} INFO - DAG(s) 'example_complex' retrieved from /home/wal/.pyenv/versions/3.12.0/lib/python3.12/site-packages/airflow/example_dags/example_complex.py
[2025-07-13T23:36:08.283+0300] {logging_mixin.py:188} INFO - [2025-07-13T23:36:08.282+0300] {dag.py:3096} INFO - Sync 1 DAGs
[2025-07-13T23:36:08.302+0300] {logging_mixin.py:188} INFO - [2025-07-13T23:36:08.302+0300] {dag.py:3954} INFO - Setting next_dagrun for example_complex to None, run_after=None
[2025-07-13T23:36:08.329+0300] {processor.py:183} INFO - Processing /home/wal/.pyenv/versions/3.12.0/lib/python3.12/site-packages/airflow/example_dags/example_complex.py took 0.116 seconds
[2025-07-13T23:37:06.561+0300] {processor.py:161} INFO - Started process (PID=6374) to work on /home/wal/.pyenv/versions/3.12.0/lib/python3.12/site-packages/airflow/example_dags/example_complex.py
[2025-07-13T23:37:06.564+0300] {processor.py:830} INFO - Processing file /home/wal/.pyenv/versions/3.12.0/lib/python3.12/site-packages/airflow/example_dags/example_complex.py for tasks to queue
[2025-07-13T23:37:06.566+0300] {logging_mixin.py:188} INFO - [2025-07-13T23:37:06.566+0300] {dagbag.py:545} INFO - Filling up the DagBag from /home/wal/.pyenv/versions/3.12.0/lib/python3.12/site-packages/airflow/example_dags/example_complex.py
[2025-07-13T23:37:06.581+0300] {processor.py:840} INFO - DAG(s) 'example_complex' retrieved from /home/wal/.pyenv/versions/3.12.0/lib/python3.12/site-packages/airflow/example_dags/example_complex.py
[2025-07-13T23:37:06.621+0300] {logging_mixin.py:188} INFO - [2025-07-13T23:37:06.620+0300] {dag.py:3096} INFO - Sync 1 DAGs
[2025-07-13T23:37:06.640+0300] {logging_mixin.py:188} INFO - [2025-07-13T23:37:06.639+0300] {dag.py:3954} INFO - Setting next_dagrun for example_complex to None, run_after=None
[2025-07-13T23:37:06.671+0300] {processor.py:183} INFO - Processing /home/wal/.pyenv/versions/3.12.0/lib/python3.12/site-packages/airflow/example_dags/example_complex.py took 0.122 seconds
[2025-07-13T23:38:07.021+0300] {processor.py:161} INFO - Started process (PID=6427) to work on /home/wal/.pyenv/versions/3.12.0/lib/python3.12/site-packages/airflow/example_dags/example_complex.py
[2025-07-13T23:38:07.028+0300] {processor.py:830} INFO - Processing file /home/wal/.pyenv/versions/3.12.0/lib/python3.12/site-packages/airflow/example_dags/example_complex.py for tasks to queue
[2025-07-13T23:38:07.031+0300] {logging_mixin.py:188} INFO - [2025-07-13T23:38:07.030+0300] {dagbag.py:545} INFO - Filling up the DagBag from /home/wal/.pyenv/versions/3.12.0/lib/python3.12/site-packages/airflow/example_dags/example_complex.py
[2025-07-13T23:38:07.047+0300] {processor.py:840} INFO - DAG(s) 'example_complex' retrieved from /home/wal/.pyenv/versions/3.12.0/lib/python3.12/site-packages/airflow/example_dags/example_complex.py
[2025-07-13T23:38:07.084+0300] {logging_mixin.py:188} INFO - [2025-07-13T23:38:07.084+0300] {dag.py:3096} INFO - Sync 1 DAGs
[2025-07-13T23:38:07.100+0300] {logging_mixin.py:188} INFO - [2025-07-13T23:38:07.100+0300] {dag.py:3954} INFO - Setting next_dagrun for example_complex to None, run_after=None
[2025-07-13T23:38:07.135+0300] {processor.py:183} INFO - Processing /home/wal/.pyenv/versions/3.12.0/lib/python3.12/site-packages/airflow/example_dags/example_complex.py took 0.129 seconds
[2025-07-13T23:39:06.412+0300] {processor.py:161} INFO - Started process (PID=6479) to work on /home/wal/.pyenv/versions/3.12.0/lib/python3.12/site-packages/airflow/example_dags/example_complex.py
[2025-07-13T23:39:06.418+0300] {processor.py:830} INFO - Processing file /home/wal/.pyenv/versions/3.12.0/lib/python3.12/site-packages/airflow/example_dags/example_complex.py for tasks to queue
[2025-07-13T23:39:06.422+0300] {logging_mixin.py:188} INFO - [2025-07-13T23:39:06.422+0300] {dagbag.py:545} INFO - Filling up the DagBag from /home/wal/.pyenv/versions/3.12.0/lib/python3.12/site-packages/airflow/example_dags/example_complex.py
[2025-07-13T23:39:06.440+0300] {processor.py:840} INFO - DAG(s) 'example_complex' retrieved from /home/wal/.pyenv/versions/3.12.0/lib/python3.12/site-packages/airflow/example_dags/example_complex.py
[2025-07-13T23:39:06.476+0300] {logging_mixin.py:188} INFO - [2025-07-13T23:39:06.476+0300] {dag.py:3096} INFO - Sync 1 DAGs
[2025-07-13T23:39:06.493+0300] {logging_mixin.py:188} INFO - [2025-07-13T23:39:06.492+0300] {dag.py:3954} INFO - Setting next_dagrun for example_complex to None, run_after=None
[2025-07-13T23:39:06.524+0300] {processor.py:183} INFO - Processing /home/wal/.pyenv/versions/3.12.0/lib/python3.12/site-packages/airflow/example_dags/example_complex.py took 0.121 seconds
[2025-07-13T23:40:03.033+0300] {processor.py:161} INFO - Started process (PID=6530) to work on /home/wal/.pyenv/versions/3.12.0/lib/python3.12/site-packages/airflow/example_dags/example_complex.py
[2025-07-13T23:40:03.035+0300] {processor.py:830} INFO - Processing file /home/wal/.pyenv/versions/3.12.0/lib/python3.12/site-packages/airflow/example_dags/example_complex.py for tasks to queue
[2025-07-13T23:40:03.038+0300] {logging_mixin.py:188} INFO - [2025-07-13T23:40:03.036+0300] {dagbag.py:545} INFO - Filling up the DagBag from /home/wal/.pyenv/versions/3.12.0/lib/python3.12/site-packages/airflow/example_dags/example_complex.py
[2025-07-13T23:40:03.053+0300] {processor.py:840} INFO - DAG(s) 'example_complex' retrieved from /home/wal/.pyenv/versions/3.12.0/lib/python3.12/site-packages/airflow/example_dags/example_complex.py
[2025-07-13T23:40:03.095+0300] {logging_mixin.py:188} INFO - [2025-07-13T23:40:03.094+0300] {dag.py:3096} INFO - Sync 1 DAGs
[2025-07-13T23:40:03.110+0300] {logging_mixin.py:188} INFO - [2025-07-13T23:40:03.109+0300] {dag.py:3954} INFO - Setting next_dagrun for example_complex to None, run_after=None
[2025-07-13T23:40:03.142+0300] {processor.py:183} INFO - Processing /home/wal/.pyenv/versions/3.12.0/lib/python3.12/site-packages/airflow/example_dags/example_complex.py took 0.117 seconds
[2025-07-13T23:40:57.365+0300] {processor.py:161} INFO - Started process (PID=6582) to work on /home/wal/.pyenv/versions/3.12.0/lib/python3.12/site-packages/airflow/example_dags/example_complex.py
[2025-07-13T23:40:57.372+0300] {processor.py:830} INFO - Processing file /home/wal/.pyenv/versions/3.12.0/lib/python3.12/site-packages/airflow/example_dags/example_complex.py for tasks to queue
[2025-07-13T23:40:57.376+0300] {logging_mixin.py:188} INFO - [2025-07-13T23:40:57.375+0300] {dagbag.py:545} INFO - Filling up the DagBag from /home/wal/.pyenv/versions/3.12.0/lib/python3.12/site-packages/airflow/example_dags/example_complex.py
[2025-07-13T23:40:57.391+0300] {processor.py:840} INFO - DAG(s) 'example_complex' retrieved from /home/wal/.pyenv/versions/3.12.0/lib/python3.12/site-packages/airflow/example_dags/example_complex.py
[2025-07-13T23:40:57.430+0300] {logging_mixin.py:188} INFO - [2025-07-13T23:40:57.430+0300] {dag.py:3096} INFO - Sync 1 DAGs
[2025-07-13T23:40:57.450+0300] {logging_mixin.py:188} INFO - [2025-07-13T23:40:57.450+0300] {dag.py:3954} INFO - Setting next_dagrun for example_complex to None, run_after=None
[2025-07-13T23:40:57.482+0300] {processor.py:183} INFO - Processing /home/wal/.pyenv/versions/3.12.0/lib/python3.12/site-packages/airflow/example_dags/example_complex.py took 0.124 seconds
[2025-07-13T23:42:13.223+0300] {processor.py:161} INFO - Started process (PID=6653) to work on /home/wal/.pyenv/versions/3.12.0/lib/python3.12/site-packages/airflow/example_dags/example_complex.py
[2025-07-13T23:42:13.230+0300] {processor.py:830} INFO - Processing file /home/wal/.pyenv/versions/3.12.0/lib/python3.12/site-packages/airflow/example_dags/example_complex.py for tasks to queue
[2025-07-13T23:42:13.233+0300] {logging_mixin.py:188} INFO - [2025-07-13T23:42:13.232+0300] {dagbag.py:545} INFO - Filling up the DagBag from /home/wal/.pyenv/versions/3.12.0/lib/python3.12/site-packages/airflow/example_dags/example_complex.py
[2025-07-13T23:42:13.251+0300] {processor.py:840} INFO - DAG(s) 'example_complex' retrieved from /home/wal/.pyenv/versions/3.12.0/lib/python3.12/site-packages/airflow/example_dags/example_complex.py
[2025-07-13T23:42:13.294+0300] {logging_mixin.py:188} INFO - [2025-07-13T23:42:13.293+0300] {dag.py:3096} INFO - Sync 1 DAGs
[2025-07-13T23:42:13.313+0300] {logging_mixin.py:188} INFO - [2025-07-13T23:42:13.313+0300] {dag.py:3954} INFO - Setting next_dagrun for example_complex to None, run_after=None
[2025-07-13T23:42:13.345+0300] {processor.py:183} INFO - Processing /home/wal/.pyenv/versions/3.12.0/lib/python3.12/site-packages/airflow/example_dags/example_complex.py took 0.129 seconds
[2025-07-13T23:43:33.145+0300] {processor.py:161} INFO - Started process (PID=6727) to work on /home/wal/.pyenv/versions/3.12.0/lib/python3.12/site-packages/airflow/example_dags/example_complex.py
[2025-07-13T23:43:33.146+0300] {processor.py:830} INFO - Processing file /home/wal/.pyenv/versions/3.12.0/lib/python3.12/site-packages/airflow/example_dags/example_complex.py for tasks to queue
[2025-07-13T23:43:33.148+0300] {logging_mixin.py:188} INFO - [2025-07-13T23:43:33.148+0300] {dagbag.py:545} INFO - Filling up the DagBag from /home/wal/.pyenv/versions/3.12.0/lib/python3.12/site-packages/airflow/example_dags/example_complex.py
[2025-07-13T23:43:33.164+0300] {processor.py:840} INFO - DAG(s) 'example_complex' retrieved from /home/wal/.pyenv/versions/3.12.0/lib/python3.12/site-packages/airflow/example_dags/example_complex.py
[2025-07-13T23:43:33.208+0300] {logging_mixin.py:188} INFO - [2025-07-13T23:43:33.208+0300] {dag.py:3096} INFO - Sync 1 DAGs
[2025-07-13T23:43:33.225+0300] {logging_mixin.py:188} INFO - [2025-07-13T23:43:33.225+0300] {dag.py:3954} INFO - Setting next_dagrun for example_complex to None, run_after=None
[2025-07-13T23:43:33.262+0300] {processor.py:183} INFO - Processing /home/wal/.pyenv/versions/3.12.0/lib/python3.12/site-packages/airflow/example_dags/example_complex.py took 0.125 seconds
[2025-07-13T23:44:29.911+0300] {processor.py:161} INFO - Started process (PID=6778) to work on /home/wal/.pyenv/versions/3.12.0/lib/python3.12/site-packages/airflow/example_dags/example_complex.py
[2025-07-13T23:44:29.914+0300] {processor.py:830} INFO - Processing file /home/wal/.pyenv/versions/3.12.0/lib/python3.12/site-packages/airflow/example_dags/example_complex.py for tasks to queue
[2025-07-13T23:44:29.916+0300] {logging_mixin.py:188} INFO - [2025-07-13T23:44:29.915+0300] {dagbag.py:545} INFO - Filling up the DagBag from /home/wal/.pyenv/versions/3.12.0/lib/python3.12/site-packages/airflow/example_dags/example_complex.py
[2025-07-13T23:44:29.929+0300] {processor.py:840} INFO - DAG(s) 'example_complex' retrieved from /home/wal/.pyenv/versions/3.12.0/lib/python3.12/site-packages/airflow/example_dags/example_complex.py
[2025-07-13T23:44:29.974+0300] {logging_mixin.py:188} INFO - [2025-07-13T23:44:29.973+0300] {dag.py:3096} INFO - Sync 1 DAGs
[2025-07-13T23:44:29.990+0300] {logging_mixin.py:188} INFO - [2025-07-13T23:44:29.990+0300] {dag.py:3954} INFO - Setting next_dagrun for example_complex to None, run_after=None
[2025-07-13T23:44:30.015+0300] {processor.py:183} INFO - Processing /home/wal/.pyenv/versions/3.12.0/lib/python3.12/site-packages/airflow/example_dags/example_complex.py took 0.114 seconds
[2025-07-13T23:45:28.296+0300] {processor.py:161} INFO - Started process (PID=6833) to work on /home/wal/.pyenv/versions/3.12.0/lib/python3.12/site-packages/airflow/example_dags/example_complex.py
[2025-07-13T23:45:28.302+0300] {processor.py:830} INFO - Processing file /home/wal/.pyenv/versions/3.12.0/lib/python3.12/site-packages/airflow/example_dags/example_complex.py for tasks to queue
[2025-07-13T23:45:28.306+0300] {logging_mixin.py:188} INFO - [2025-07-13T23:45:28.305+0300] {dagbag.py:545} INFO - Filling up the DagBag from /home/wal/.pyenv/versions/3.12.0/lib/python3.12/site-packages/airflow/example_dags/example_complex.py
[2025-07-13T23:45:28.320+0300] {processor.py:840} INFO - DAG(s) 'example_complex' retrieved from /home/wal/.pyenv/versions/3.12.0/lib/python3.12/site-packages/airflow/example_dags/example_complex.py
[2025-07-13T23:45:28.358+0300] {logging_mixin.py:188} INFO - [2025-07-13T23:45:28.358+0300] {dag.py:3096} INFO - Sync 1 DAGs
[2025-07-13T23:45:28.374+0300] {logging_mixin.py:188} INFO - [2025-07-13T23:45:28.374+0300] {dag.py:3954} INFO - Setting next_dagrun for example_complex to None, run_after=None
[2025-07-13T23:45:28.407+0300] {processor.py:183} INFO - Processing /home/wal/.pyenv/versions/3.12.0/lib/python3.12/site-packages/airflow/example_dags/example_complex.py took 0.121 seconds
[2025-07-13T23:46:50.881+0300] {processor.py:161} INFO - Started process (PID=6909) to work on /home/wal/.pyenv/versions/3.12.0/lib/python3.12/site-packages/airflow/example_dags/example_complex.py
[2025-07-13T23:46:50.883+0300] {processor.py:830} INFO - Processing file /home/wal/.pyenv/versions/3.12.0/lib/python3.12/site-packages/airflow/example_dags/example_complex.py for tasks to queue
[2025-07-13T23:46:50.885+0300] {logging_mixin.py:188} INFO - [2025-07-13T23:46:50.885+0300] {dagbag.py:545} INFO - Filling up the DagBag from /home/wal/.pyenv/versions/3.12.0/lib/python3.12/site-packages/airflow/example_dags/example_complex.py
[2025-07-13T23:46:50.903+0300] {processor.py:840} INFO - DAG(s) 'example_complex' retrieved from /home/wal/.pyenv/versions/3.12.0/lib/python3.12/site-packages/airflow/example_dags/example_complex.py
[2025-07-13T23:46:50.951+0300] {logging_mixin.py:188} INFO - [2025-07-13T23:46:50.950+0300] {dag.py:3096} INFO - Sync 1 DAGs
[2025-07-13T23:46:50.970+0300] {logging_mixin.py:188} INFO - [2025-07-13T23:46:50.970+0300] {dag.py:3954} INFO - Setting next_dagrun for example_complex to None, run_after=None
[2025-07-13T23:46:51.006+0300] {processor.py:183} INFO - Processing /home/wal/.pyenv/versions/3.12.0/lib/python3.12/site-packages/airflow/example_dags/example_complex.py took 0.135 seconds
[2025-07-13T23:47:47.653+0300] {processor.py:161} INFO - Started process (PID=6961) to work on /home/wal/.pyenv/versions/3.12.0/lib/python3.12/site-packages/airflow/example_dags/example_complex.py
[2025-07-13T23:47:47.655+0300] {processor.py:830} INFO - Processing file /home/wal/.pyenv/versions/3.12.0/lib/python3.12/site-packages/airflow/example_dags/example_complex.py for tasks to queue
[2025-07-13T23:47:47.660+0300] {logging_mixin.py:188} INFO - [2025-07-13T23:47:47.659+0300] {dagbag.py:545} INFO - Filling up the DagBag from /home/wal/.pyenv/versions/3.12.0/lib/python3.12/site-packages/airflow/example_dags/example_complex.py
[2025-07-13T23:47:47.679+0300] {processor.py:840} INFO - DAG(s) 'example_complex' retrieved from /home/wal/.pyenv/versions/3.12.0/lib/python3.12/site-packages/airflow/example_dags/example_complex.py
[2025-07-13T23:47:47.717+0300] {logging_mixin.py:188} INFO - [2025-07-13T23:47:47.717+0300] {dag.py:3096} INFO - Sync 1 DAGs
[2025-07-13T23:47:47.732+0300] {logging_mixin.py:188} INFO - [2025-07-13T23:47:47.732+0300] {dag.py:3954} INFO - Setting next_dagrun for example_complex to None, run_after=None
[2025-07-13T23:47:47.767+0300] {processor.py:183} INFO - Processing /home/wal/.pyenv/versions/3.12.0/lib/python3.12/site-packages/airflow/example_dags/example_complex.py took 0.122 seconds
[2025-07-13T23:49:09.397+0300] {processor.py:161} INFO - Started process (PID=7035) to work on /home/wal/.pyenv/versions/3.12.0/lib/python3.12/site-packages/airflow/example_dags/example_complex.py
[2025-07-13T23:49:09.404+0300] {processor.py:830} INFO - Processing file /home/wal/.pyenv/versions/3.12.0/lib/python3.12/site-packages/airflow/example_dags/example_complex.py for tasks to queue
[2025-07-13T23:49:09.408+0300] {logging_mixin.py:188} INFO - [2025-07-13T23:49:09.407+0300] {dagbag.py:545} INFO - Filling up the DagBag from /home/wal/.pyenv/versions/3.12.0/lib/python3.12/site-packages/airflow/example_dags/example_complex.py
[2025-07-13T23:49:09.425+0300] {processor.py:840} INFO - DAG(s) 'example_complex' retrieved from /home/wal/.pyenv/versions/3.12.0/lib/python3.12/site-packages/airflow/example_dags/example_complex.py
[2025-07-13T23:49:09.463+0300] {logging_mixin.py:188} INFO - [2025-07-13T23:49:09.462+0300] {dag.py:3096} INFO - Sync 1 DAGs
[2025-07-13T23:49:09.478+0300] {logging_mixin.py:188} INFO - [2025-07-13T23:49:09.478+0300] {dag.py:3954} INFO - Setting next_dagrun for example_complex to None, run_after=None
[2025-07-13T23:49:09.510+0300] {processor.py:183} INFO - Processing /home/wal/.pyenv/versions/3.12.0/lib/python3.12/site-packages/airflow/example_dags/example_complex.py took 0.124 seconds
[2025-07-13T23:50:25.983+0300] {processor.py:161} INFO - Started process (PID=7107) to work on /home/wal/.pyenv/versions/3.12.0/lib/python3.12/site-packages/airflow/example_dags/example_complex.py
[2025-07-13T23:50:25.990+0300] {processor.py:830} INFO - Processing file /home/wal/.pyenv/versions/3.12.0/lib/python3.12/site-packages/airflow/example_dags/example_complex.py for tasks to queue
[2025-07-13T23:50:25.993+0300] {logging_mixin.py:188} INFO - [2025-07-13T23:50:25.992+0300] {dagbag.py:545} INFO - Filling up the DagBag from /home/wal/.pyenv/versions/3.12.0/lib/python3.12/site-packages/airflow/example_dags/example_complex.py
[2025-07-13T23:50:26.012+0300] {processor.py:840} INFO - DAG(s) 'example_complex' retrieved from /home/wal/.pyenv/versions/3.12.0/lib/python3.12/site-packages/airflow/example_dags/example_complex.py
[2025-07-13T23:50:26.069+0300] {logging_mixin.py:188} INFO - [2025-07-13T23:50:26.069+0300] {dag.py:3096} INFO - Sync 1 DAGs
[2025-07-13T23:50:26.087+0300] {logging_mixin.py:188} INFO - [2025-07-13T23:50:26.087+0300] {dag.py:3954} INFO - Setting next_dagrun for example_complex to None, run_after=None
[2025-07-13T23:50:26.196+0300] {processor.py:183} INFO - Processing /home/wal/.pyenv/versions/3.12.0/lib/python3.12/site-packages/airflow/example_dags/example_complex.py took 0.227 seconds
[2025-07-13T23:51:51.206+0300] {processor.py:161} INFO - Started process (PID=7182) to work on /home/wal/.pyenv/versions/3.12.0/lib/python3.12/site-packages/airflow/example_dags/example_complex.py
[2025-07-13T23:51:51.208+0300] {processor.py:830} INFO - Processing file /home/wal/.pyenv/versions/3.12.0/lib/python3.12/site-packages/airflow/example_dags/example_complex.py for tasks to queue
[2025-07-13T23:51:51.210+0300] {logging_mixin.py:188} INFO - [2025-07-13T23:51:51.210+0300] {dagbag.py:545} INFO - Filling up the DagBag from /home/wal/.pyenv/versions/3.12.0/lib/python3.12/site-packages/airflow/example_dags/example_complex.py
[2025-07-13T23:51:51.226+0300] {processor.py:840} INFO - DAG(s) 'example_complex' retrieved from /home/wal/.pyenv/versions/3.12.0/lib/python3.12/site-packages/airflow/example_dags/example_complex.py
[2025-07-13T23:51:51.263+0300] {logging_mixin.py:188} INFO - [2025-07-13T23:51:51.262+0300] {dag.py:3096} INFO - Sync 1 DAGs
[2025-07-13T23:51:51.283+0300] {logging_mixin.py:188} INFO - [2025-07-13T23:51:51.283+0300] {dag.py:3954} INFO - Setting next_dagrun for example_complex to None, run_after=None
[2025-07-13T23:51:52.247+0300] {processor.py:183} INFO - Processing /home/wal/.pyenv/versions/3.12.0/lib/python3.12/site-packages/airflow/example_dags/example_complex.py took 0.124 seconds
[2025-07-13T23:52:51.944+0300] {processor.py:161} INFO - Started process (PID=7238) to work on /home/wal/.pyenv/versions/3.12.0/lib/python3.12/site-packages/airflow/example_dags/example_complex.py
[2025-07-13T23:52:51.951+0300] {processor.py:830} INFO - Processing file /home/wal/.pyenv/versions/3.12.0/lib/python3.12/site-packages/airflow/example_dags/example_complex.py for tasks to queue
[2025-07-13T23:52:51.953+0300] {logging_mixin.py:188} INFO - [2025-07-13T23:52:51.953+0300] {dagbag.py:545} INFO - Filling up the DagBag from /home/wal/.pyenv/versions/3.12.0/lib/python3.12/site-packages/airflow/example_dags/example_complex.py
[2025-07-13T23:52:51.966+0300] {processor.py:840} INFO - DAG(s) 'example_complex' retrieved from /home/wal/.pyenv/versions/3.12.0/lib/python3.12/site-packages/airflow/example_dags/example_complex.py
[2025-07-13T23:52:52.004+0300] {logging_mixin.py:188} INFO - [2025-07-13T23:52:52.004+0300] {dag.py:3096} INFO - Sync 1 DAGs
[2025-07-13T23:52:52.021+0300] {logging_mixin.py:188} INFO - [2025-07-13T23:52:52.021+0300] {dag.py:3954} INFO - Setting next_dagrun for example_complex to None, run_after=None
[2025-07-13T23:52:52.052+0300] {processor.py:183} INFO - Processing /home/wal/.pyenv/versions/3.12.0/lib/python3.12/site-packages/airflow/example_dags/example_complex.py took 0.115 seconds
[2025-07-13T23:53:50.110+0300] {processor.py:161} INFO - Started process (PID=7289) to work on /home/wal/.pyenv/versions/3.12.0/lib/python3.12/site-packages/airflow/example_dags/example_complex.py
[2025-07-13T23:53:50.112+0300] {processor.py:830} INFO - Processing file /home/wal/.pyenv/versions/3.12.0/lib/python3.12/site-packages/airflow/example_dags/example_complex.py for tasks to queue
[2025-07-13T23:53:50.116+0300] {logging_mixin.py:188} INFO - [2025-07-13T23:53:50.116+0300] {dagbag.py:545} INFO - Filling up the DagBag from /home/wal/.pyenv/versions/3.12.0/lib/python3.12/site-packages/airflow/example_dags/example_complex.py
[2025-07-13T23:53:50.134+0300] {processor.py:840} INFO - DAG(s) 'example_complex' retrieved from /home/wal/.pyenv/versions/3.12.0/lib/python3.12/site-packages/airflow/example_dags/example_complex.py
[2025-07-13T23:53:50.176+0300] {logging_mixin.py:188} INFO - [2025-07-13T23:53:50.175+0300] {dag.py:3096} INFO - Sync 1 DAGs
[2025-07-13T23:53:50.194+0300] {logging_mixin.py:188} INFO - [2025-07-13T23:53:50.193+0300] {dag.py:3954} INFO - Setting next_dagrun for example_complex to None, run_after=None
[2025-07-13T23:53:50.235+0300] {processor.py:183} INFO - Processing /home/wal/.pyenv/versions/3.12.0/lib/python3.12/site-packages/airflow/example_dags/example_complex.py took 0.134 seconds
[2025-07-13T23:55:11.168+0300] {processor.py:161} INFO - Started process (PID=7366) to work on /home/wal/.pyenv/versions/3.12.0/lib/python3.12/site-packages/airflow/example_dags/example_complex.py
[2025-07-13T23:55:11.174+0300] {processor.py:830} INFO - Processing file /home/wal/.pyenv/versions/3.12.0/lib/python3.12/site-packages/airflow/example_dags/example_complex.py for tasks to queue
[2025-07-13T23:55:11.179+0300] {logging_mixin.py:188} INFO - [2025-07-13T23:55:11.178+0300] {dagbag.py:545} INFO - Filling up the DagBag from /home/wal/.pyenv/versions/3.12.0/lib/python3.12/site-packages/airflow/example_dags/example_complex.py
[2025-07-13T23:55:11.199+0300] {processor.py:840} INFO - DAG(s) 'example_complex' retrieved from /home/wal/.pyenv/versions/3.12.0/lib/python3.12/site-packages/airflow/example_dags/example_complex.py
[2025-07-13T23:55:11.244+0300] {logging_mixin.py:188} INFO - [2025-07-13T23:55:11.243+0300] {dag.py:3096} INFO - Sync 1 DAGs
[2025-07-13T23:55:11.263+0300] {logging_mixin.py:188} INFO - [2025-07-13T23:55:11.262+0300] {dag.py:3954} INFO - Setting next_dagrun for example_complex to None, run_after=None
[2025-07-13T23:55:11.296+0300] {processor.py:183} INFO - Processing /home/wal/.pyenv/versions/3.12.0/lib/python3.12/site-packages/airflow/example_dags/example_complex.py took 0.140 seconds
[2025-07-13T23:56:09.207+0300] {processor.py:161} INFO - Started process (PID=7418) to work on /home/wal/.pyenv/versions/3.12.0/lib/python3.12/site-packages/airflow/example_dags/example_complex.py
[2025-07-13T23:56:09.214+0300] {processor.py:830} INFO - Processing file /home/wal/.pyenv/versions/3.12.0/lib/python3.12/site-packages/airflow/example_dags/example_complex.py for tasks to queue
[2025-07-13T23:56:09.216+0300] {logging_mixin.py:188} INFO - [2025-07-13T23:56:09.215+0300] {dagbag.py:545} INFO - Filling up the DagBag from /home/wal/.pyenv/versions/3.12.0/lib/python3.12/site-packages/airflow/example_dags/example_complex.py
[2025-07-13T23:56:09.230+0300] {processor.py:840} INFO - DAG(s) 'example_complex' retrieved from /home/wal/.pyenv/versions/3.12.0/lib/python3.12/site-packages/airflow/example_dags/example_complex.py
[2025-07-13T23:56:09.269+0300] {logging_mixin.py:188} INFO - [2025-07-13T23:56:09.269+0300] {dag.py:3096} INFO - Sync 1 DAGs
[2025-07-13T23:56:09.285+0300] {logging_mixin.py:188} INFO - [2025-07-13T23:56:09.285+0300] {dag.py:3954} INFO - Setting next_dagrun for example_complex to None, run_after=None
[2025-07-13T23:56:09.318+0300] {processor.py:183} INFO - Processing /home/wal/.pyenv/versions/3.12.0/lib/python3.12/site-packages/airflow/example_dags/example_complex.py took 0.124 seconds
[2025-07-13T23:57:05.308+0300] {processor.py:161} INFO - Started process (PID=7468) to work on /home/wal/.pyenv/versions/3.12.0/lib/python3.12/site-packages/airflow/example_dags/example_complex.py
[2025-07-13T23:57:05.312+0300] {processor.py:830} INFO - Processing file /home/wal/.pyenv/versions/3.12.0/lib/python3.12/site-packages/airflow/example_dags/example_complex.py for tasks to queue
[2025-07-13T23:57:05.315+0300] {logging_mixin.py:188} INFO - [2025-07-13T23:57:05.314+0300] {dagbag.py:545} INFO - Filling up the DagBag from /home/wal/.pyenv/versions/3.12.0/lib/python3.12/site-packages/airflow/example_dags/example_complex.py
[2025-07-13T23:57:05.340+0300] {processor.py:840} INFO - DAG(s) 'example_complex' retrieved from /home/wal/.pyenv/versions/3.12.0/lib/python3.12/site-packages/airflow/example_dags/example_complex.py
[2025-07-13T23:57:05.404+0300] {logging_mixin.py:188} INFO - [2025-07-13T23:57:05.403+0300] {dag.py:3096} INFO - Sync 1 DAGs
[2025-07-13T23:57:05.430+0300] {logging_mixin.py:188} INFO - [2025-07-13T23:57:05.430+0300] {dag.py:3954} INFO - Setting next_dagrun for example_complex to None, run_after=None
[2025-07-13T23:57:05.467+0300] {processor.py:183} INFO - Processing /home/wal/.pyenv/versions/3.12.0/lib/python3.12/site-packages/airflow/example_dags/example_complex.py took 0.171 seconds
[2025-07-13T23:58:02.021+0300] {processor.py:161} INFO - Started process (PID=7519) to work on /home/wal/.pyenv/versions/3.12.0/lib/python3.12/site-packages/airflow/example_dags/example_complex.py
[2025-07-13T23:58:02.027+0300] {processor.py:830} INFO - Processing file /home/wal/.pyenv/versions/3.12.0/lib/python3.12/site-packages/airflow/example_dags/example_complex.py for tasks to queue
[2025-07-13T23:58:02.031+0300] {logging_mixin.py:188} INFO - [2025-07-13T23:58:02.031+0300] {dagbag.py:545} INFO - Filling up the DagBag from /home/wal/.pyenv/versions/3.12.0/lib/python3.12/site-packages/airflow/example_dags/example_complex.py
[2025-07-13T23:58:02.047+0300] {processor.py:840} INFO - DAG(s) 'example_complex' retrieved from /home/wal/.pyenv/versions/3.12.0/lib/python3.12/site-packages/airflow/example_dags/example_complex.py
[2025-07-13T23:58:02.084+0300] {logging_mixin.py:188} INFO - [2025-07-13T23:58:02.083+0300] {dag.py:3096} INFO - Sync 1 DAGs
[2025-07-13T23:58:02.099+0300] {logging_mixin.py:188} INFO - [2025-07-13T23:58:02.099+0300] {dag.py:3954} INFO - Setting next_dagrun for example_complex to None, run_after=None
[2025-07-13T23:58:02.134+0300] {processor.py:183} INFO - Processing /home/wal/.pyenv/versions/3.12.0/lib/python3.12/site-packages/airflow/example_dags/example_complex.py took 0.122 seconds
[2025-07-13T23:59:23.489+0300] {processor.py:161} INFO - Started process (PID=7598) to work on /home/wal/.pyenv/versions/3.12.0/lib/python3.12/site-packages/airflow/example_dags/example_complex.py
[2025-07-13T23:59:23.491+0300] {processor.py:830} INFO - Processing file /home/wal/.pyenv/versions/3.12.0/lib/python3.12/site-packages/airflow/example_dags/example_complex.py for tasks to queue
[2025-07-13T23:59:23.494+0300] {logging_mixin.py:188} INFO - [2025-07-13T23:59:23.493+0300] {dagbag.py:545} INFO - Filling up the DagBag from /home/wal/.pyenv/versions/3.12.0/lib/python3.12/site-packages/airflow/example_dags/example_complex.py
[2025-07-13T23:59:23.507+0300] {processor.py:840} INFO - DAG(s) 'example_complex' retrieved from /home/wal/.pyenv/versions/3.12.0/lib/python3.12/site-packages/airflow/example_dags/example_complex.py
[2025-07-13T23:59:23.547+0300] {logging_mixin.py:188} INFO - [2025-07-13T23:59:23.547+0300] {dag.py:3096} INFO - Sync 1 DAGs
[2025-07-13T23:59:23.565+0300] {logging_mixin.py:188} INFO - [2025-07-13T23:59:23.565+0300] {dag.py:3954} INFO - Setting next_dagrun for example_complex to None, run_after=None
[2025-07-13T23:59:23.602+0300] {processor.py:183} INFO - Processing /home/wal/.pyenv/versions/3.12.0/lib/python3.12/site-packages/airflow/example_dags/example_complex.py took 0.122 seconds
[2025-07-14T00:00:24.543+0300] {processor.py:161} INFO - Started process (PID=7665) to work on /home/wal/.pyenv/versions/3.12.0/lib/python3.12/site-packages/airflow/example_dags/example_complex.py
[2025-07-14T00:00:24.545+0300] {processor.py:830} INFO - Processing file /home/wal/.pyenv/versions/3.12.0/lib/python3.12/site-packages/airflow/example_dags/example_complex.py for tasks to queue
[2025-07-14T00:00:24.548+0300] {logging_mixin.py:188} INFO - [2025-07-14T00:00:24.547+0300] {dagbag.py:545} INFO - Filling up the DagBag from /home/wal/.pyenv/versions/3.12.0/lib/python3.12/site-packages/airflow/example_dags/example_complex.py
[2025-07-14T00:00:24.562+0300] {processor.py:840} INFO - DAG(s) 'example_complex' retrieved from /home/wal/.pyenv/versions/3.12.0/lib/python3.12/site-packages/airflow/example_dags/example_complex.py
[2025-07-14T00:00:24.602+0300] {logging_mixin.py:188} INFO - [2025-07-14T00:00:24.602+0300] {dag.py:3096} INFO - Sync 1 DAGs
[2025-07-14T00:00:24.623+0300] {logging_mixin.py:188} INFO - [2025-07-14T00:00:24.623+0300] {dag.py:3954} INFO - Setting next_dagrun for example_complex to None, run_after=None
[2025-07-14T00:00:24.651+0300] {processor.py:183} INFO - Processing /home/wal/.pyenv/versions/3.12.0/lib/python3.12/site-packages/airflow/example_dags/example_complex.py took 0.120 seconds
[2025-07-14T00:01:22.902+0300] {processor.py:161} INFO - Started process (PID=7717) to work on /home/wal/.pyenv/versions/3.12.0/lib/python3.12/site-packages/airflow/example_dags/example_complex.py
[2025-07-14T00:01:22.908+0300] {processor.py:830} INFO - Processing file /home/wal/.pyenv/versions/3.12.0/lib/python3.12/site-packages/airflow/example_dags/example_complex.py for tasks to queue
[2025-07-14T00:01:22.910+0300] {logging_mixin.py:188} INFO - [2025-07-14T00:01:22.910+0300] {dagbag.py:545} INFO - Filling up the DagBag from /home/wal/.pyenv/versions/3.12.0/lib/python3.12/site-packages/airflow/example_dags/example_complex.py
[2025-07-14T00:01:22.922+0300] {processor.py:840} INFO - DAG(s) 'example_complex' retrieved from /home/wal/.pyenv/versions/3.12.0/lib/python3.12/site-packages/airflow/example_dags/example_complex.py
[2025-07-14T00:01:22.965+0300] {logging_mixin.py:188} INFO - [2025-07-14T00:01:22.965+0300] {dag.py:3096} INFO - Sync 1 DAGs
[2025-07-14T00:01:22.990+0300] {logging_mixin.py:188} INFO - [2025-07-14T00:01:22.990+0300] {dag.py:3954} INFO - Setting next_dagrun for example_complex to None, run_after=None
[2025-07-14T00:01:23.030+0300] {processor.py:183} INFO - Processing /home/wal/.pyenv/versions/3.12.0/lib/python3.12/site-packages/airflow/example_dags/example_complex.py took 0.136 seconds
[2025-07-14T00:02:45.627+0300] {processor.py:161} INFO - Started process (PID=7791) to work on /home/wal/.pyenv/versions/3.12.0/lib/python3.12/site-packages/airflow/example_dags/example_complex.py
[2025-07-14T00:02:45.629+0300] {processor.py:830} INFO - Processing file /home/wal/.pyenv/versions/3.12.0/lib/python3.12/site-packages/airflow/example_dags/example_complex.py for tasks to queue
[2025-07-14T00:02:45.632+0300] {logging_mixin.py:188} INFO - [2025-07-14T00:02:45.632+0300] {dagbag.py:545} INFO - Filling up the DagBag from /home/wal/.pyenv/versions/3.12.0/lib/python3.12/site-packages/airflow/example_dags/example_complex.py
[2025-07-14T00:02:45.647+0300] {processor.py:840} INFO - DAG(s) 'example_complex' retrieved from /home/wal/.pyenv/versions/3.12.0/lib/python3.12/site-packages/airflow/example_dags/example_complex.py
[2025-07-14T00:02:45.683+0300] {logging_mixin.py:188} INFO - [2025-07-14T00:02:45.682+0300] {dag.py:3096} INFO - Sync 1 DAGs
[2025-07-14T00:02:45.698+0300] {logging_mixin.py:188} INFO - [2025-07-14T00:02:45.698+0300] {dag.py:3954} INFO - Setting next_dagrun for example_complex to None, run_after=None
[2025-07-14T00:02:45.721+0300] {processor.py:183} INFO - Processing /home/wal/.pyenv/versions/3.12.0/lib/python3.12/site-packages/airflow/example_dags/example_complex.py took 0.103 seconds
[2025-07-14T00:04:05.252+0300] {processor.py:161} INFO - Started process (PID=7867) to work on /home/wal/.pyenv/versions/3.12.0/lib/python3.12/site-packages/airflow/example_dags/example_complex.py
[2025-07-14T00:04:05.259+0300] {processor.py:830} INFO - Processing file /home/wal/.pyenv/versions/3.12.0/lib/python3.12/site-packages/airflow/example_dags/example_complex.py for tasks to queue
[2025-07-14T00:04:05.263+0300] {logging_mixin.py:188} INFO - [2025-07-14T00:04:05.263+0300] {dagbag.py:545} INFO - Filling up the DagBag from /home/wal/.pyenv/versions/3.12.0/lib/python3.12/site-packages/airflow/example_dags/example_complex.py
[2025-07-14T00:04:05.278+0300] {processor.py:840} INFO - DAG(s) 'example_complex' retrieved from /home/wal/.pyenv/versions/3.12.0/lib/python3.12/site-packages/airflow/example_dags/example_complex.py
[2025-07-14T00:04:05.317+0300] {logging_mixin.py:188} INFO - [2025-07-14T00:04:05.317+0300] {dag.py:3096} INFO - Sync 1 DAGs
[2025-07-14T00:04:05.334+0300] {logging_mixin.py:188} INFO - [2025-07-14T00:04:05.334+0300] {dag.py:3954} INFO - Setting next_dagrun for example_complex to None, run_after=None
[2025-07-14T00:04:05.367+0300] {processor.py:183} INFO - Processing /home/wal/.pyenv/versions/3.12.0/lib/python3.12/site-packages/airflow/example_dags/example_complex.py took 0.124 seconds
[2025-07-14T00:05:22.812+0300] {processor.py:161} INFO - Started process (PID=7944) to work on /home/wal/.pyenv/versions/3.12.0/lib/python3.12/site-packages/airflow/example_dags/example_complex.py
[2025-07-14T00:05:22.814+0300] {processor.py:830} INFO - Processing file /home/wal/.pyenv/versions/3.12.0/lib/python3.12/site-packages/airflow/example_dags/example_complex.py for tasks to queue
[2025-07-14T00:05:22.818+0300] {logging_mixin.py:188} INFO - [2025-07-14T00:05:22.818+0300] {dagbag.py:545} INFO - Filling up the DagBag from /home/wal/.pyenv/versions/3.12.0/lib/python3.12/site-packages/airflow/example_dags/example_complex.py
[2025-07-14T00:05:22.830+0300] {processor.py:840} INFO - DAG(s) 'example_complex' retrieved from /home/wal/.pyenv/versions/3.12.0/lib/python3.12/site-packages/airflow/example_dags/example_complex.py
[2025-07-14T00:05:22.870+0300] {logging_mixin.py:188} INFO - [2025-07-14T00:05:22.870+0300] {dag.py:3096} INFO - Sync 1 DAGs
[2025-07-14T00:05:22.887+0300] {logging_mixin.py:188} INFO - [2025-07-14T00:05:22.887+0300] {dag.py:3954} INFO - Setting next_dagrun for example_complex to None, run_after=None
[2025-07-14T00:05:22.921+0300] {processor.py:183} INFO - Processing /home/wal/.pyenv/versions/3.12.0/lib/python3.12/site-packages/airflow/example_dags/example_complex.py took 0.116 seconds
[2025-07-14T00:06:18.662+0300] {processor.py:161} INFO - Started process (PID=7995) to work on /home/wal/.pyenv/versions/3.12.0/lib/python3.12/site-packages/airflow/example_dags/example_complex.py
[2025-07-14T00:06:18.688+0300] {processor.py:830} INFO - Processing file /home/wal/.pyenv/versions/3.12.0/lib/python3.12/site-packages/airflow/example_dags/example_complex.py for tasks to queue
[2025-07-14T00:06:18.691+0300] {logging_mixin.py:188} INFO - [2025-07-14T00:06:18.690+0300] {dagbag.py:545} INFO - Filling up the DagBag from /home/wal/.pyenv/versions/3.12.0/lib/python3.12/site-packages/airflow/example_dags/example_complex.py
[2025-07-14T00:06:18.704+0300] {processor.py:840} INFO - DAG(s) 'example_complex' retrieved from /home/wal/.pyenv/versions/3.12.0/lib/python3.12/site-packages/airflow/example_dags/example_complex.py
[2025-07-14T00:06:18.742+0300] {logging_mixin.py:188} INFO - [2025-07-14T00:06:18.741+0300] {dag.py:3096} INFO - Sync 1 DAGs
[2025-07-14T00:06:18.757+0300] {logging_mixin.py:188} INFO - [2025-07-14T00:06:18.757+0300] {dag.py:3954} INFO - Setting next_dagrun for example_complex to None, run_after=None
[2025-07-14T00:06:18.781+0300] {processor.py:183} INFO - Processing /home/wal/.pyenv/versions/3.12.0/lib/python3.12/site-packages/airflow/example_dags/example_complex.py took 0.127 seconds
[2025-07-14T00:07:41.201+0300] {processor.py:161} INFO - Started process (PID=8068) to work on /home/wal/.pyenv/versions/3.12.0/lib/python3.12/site-packages/airflow/example_dags/example_complex.py
[2025-07-14T00:07:41.207+0300] {processor.py:830} INFO - Processing file /home/wal/.pyenv/versions/3.12.0/lib/python3.12/site-packages/airflow/example_dags/example_complex.py for tasks to queue
[2025-07-14T00:07:41.209+0300] {logging_mixin.py:188} INFO - [2025-07-14T00:07:41.209+0300] {dagbag.py:545} INFO - Filling up the DagBag from /home/wal/.pyenv/versions/3.12.0/lib/python3.12/site-packages/airflow/example_dags/example_complex.py
[2025-07-14T00:07:41.225+0300] {processor.py:840} INFO - DAG(s) 'example_complex' retrieved from /home/wal/.pyenv/versions/3.12.0/lib/python3.12/site-packages/airflow/example_dags/example_complex.py
[2025-07-14T00:07:41.281+0300] {logging_mixin.py:188} INFO - [2025-07-14T00:07:41.279+0300] {dag.py:3096} INFO - Sync 1 DAGs
[2025-07-14T00:07:41.301+0300] {logging_mixin.py:188} INFO - [2025-07-14T00:07:41.301+0300] {dag.py:3954} INFO - Setting next_dagrun for example_complex to None, run_after=None
[2025-07-14T00:07:41.339+0300] {processor.py:183} INFO - Processing /home/wal/.pyenv/versions/3.12.0/lib/python3.12/site-packages/airflow/example_dags/example_complex.py took 0.149 seconds
