[2025-07-13T22:56:16.992+0300] {processor.py:161} INFO - Started process (PID=4029) to work on /home/wal/.pyenv/versions/3.12.0/lib/python3.12/site-packages/airflow/example_dags/example_python_operator.py
[2025-07-13T22:56:16.993+0300] {processor.py:830} INFO - Processing file /home/wal/.pyenv/versions/3.12.0/lib/python3.12/site-packages/airflow/example_dags/example_python_operator.py for tasks to queue
[2025-07-13T22:56:16.996+0300] {logging_mixin.py:188} INFO - [2025-07-13T22:56:16.995+0300] {dagbag.py:545} INFO - Filling up the DagBag from /home/wal/.pyenv/versions/3.12.0/lib/python3.12/site-packages/airflow/example_dags/example_python_operator.py
[2025-07-13T22:56:17.011+0300] {processor.py:840} INFO - DAG(s) 'example_python_operator' retrieved from /home/wal/.pyenv/versions/3.12.0/lib/python3.12/site-packages/airflow/example_dags/example_python_operator.py
[2025-07-13T22:56:17.161+0300] {logging_mixin.py:188} INFO - [2025-07-13T22:56:17.161+0300] {dag.py:3096} INFO - Sync 1 DAGs
[2025-07-13T22:56:17.174+0300] {logging_mixin.py:188} INFO - [2025-07-13T22:56:17.174+0300] {dag.py:3954} INFO - Setting next_dagrun for example_python_operator to None, run_after=None
[2025-07-13T22:56:17.202+0300] {processor.py:183} INFO - Processing /home/wal/.pyenv/versions/3.12.0/lib/python3.12/site-packages/airflow/example_dags/example_python_operator.py took 0.217 seconds
[2025-07-13T22:57:13.474+0300] {processor.py:161} INFO - Started process (PID=4168) to work on /home/wal/.pyenv/versions/3.12.0/lib/python3.12/site-packages/airflow/example_dags/example_python_operator.py
[2025-07-13T22:57:13.476+0300] {processor.py:830} INFO - Processing file /home/wal/.pyenv/versions/3.12.0/lib/python3.12/site-packages/airflow/example_dags/example_python_operator.py for tasks to queue
[2025-07-13T22:57:13.478+0300] {logging_mixin.py:188} INFO - [2025-07-13T22:57:13.478+0300] {dagbag.py:545} INFO - Filling up the DagBag from /home/wal/.pyenv/versions/3.12.0/lib/python3.12/site-packages/airflow/example_dags/example_python_operator.py
[2025-07-13T22:57:13.490+0300] {processor.py:840} INFO - DAG(s) 'example_python_operator' retrieved from /home/wal/.pyenv/versions/3.12.0/lib/python3.12/site-packages/airflow/example_dags/example_python_operator.py
[2025-07-13T22:57:13.510+0300] {logging_mixin.py:188} INFO - [2025-07-13T22:57:13.509+0300] {dag.py:3096} INFO - Sync 1 DAGs
[2025-07-13T22:57:13.522+0300] {logging_mixin.py:188} INFO - [2025-07-13T22:57:13.521+0300] {dag.py:3954} INFO - Setting next_dagrun for example_python_operator to None, run_after=None
[2025-07-13T22:57:13.547+0300] {processor.py:183} INFO - Processing /home/wal/.pyenv/versions/3.12.0/lib/python3.12/site-packages/airflow/example_dags/example_python_operator.py took 0.080 seconds
[2025-07-13T22:58:10.868+0300] {processor.py:161} INFO - Started process (PID=4277) to work on /home/wal/.pyenv/versions/3.12.0/lib/python3.12/site-packages/airflow/example_dags/example_python_operator.py
[2025-07-13T22:58:10.871+0300] {processor.py:830} INFO - Processing file /home/wal/.pyenv/versions/3.12.0/lib/python3.12/site-packages/airflow/example_dags/example_python_operator.py for tasks to queue
[2025-07-13T22:58:10.873+0300] {logging_mixin.py:188} INFO - [2025-07-13T22:58:10.872+0300] {dagbag.py:545} INFO - Filling up the DagBag from /home/wal/.pyenv/versions/3.12.0/lib/python3.12/site-packages/airflow/example_dags/example_python_operator.py
[2025-07-13T22:58:10.889+0300] {processor.py:840} INFO - DAG(s) 'example_python_operator' retrieved from /home/wal/.pyenv/versions/3.12.0/lib/python3.12/site-packages/airflow/example_dags/example_python_operator.py
[2025-07-13T22:58:10.913+0300] {logging_mixin.py:188} INFO - [2025-07-13T22:58:10.912+0300] {dag.py:3096} INFO - Sync 1 DAGs
[2025-07-13T22:58:10.930+0300] {logging_mixin.py:188} INFO - [2025-07-13T22:58:10.930+0300] {dag.py:3954} INFO - Setting next_dagrun for example_python_operator to None, run_after=None
[2025-07-13T22:58:10.965+0300] {processor.py:183} INFO - Processing /home/wal/.pyenv/versions/3.12.0/lib/python3.12/site-packages/airflow/example_dags/example_python_operator.py took 0.108 seconds
[2025-07-13T22:59:53.695+0300] {processor.py:161} INFO - Started process (PID=4533) to work on /home/wal/.pyenv/versions/3.12.0/lib/python3.12/site-packages/airflow/example_dags/example_python_operator.py
[2025-07-13T22:59:53.696+0300] {processor.py:830} INFO - Processing file /home/wal/.pyenv/versions/3.12.0/lib/python3.12/site-packages/airflow/example_dags/example_python_operator.py for tasks to queue
[2025-07-13T22:59:53.698+0300] {logging_mixin.py:188} INFO - [2025-07-13T22:59:53.698+0300] {dagbag.py:545} INFO - Filling up the DagBag from /home/wal/.pyenv/versions/3.12.0/lib/python3.12/site-packages/airflow/example_dags/example_python_operator.py
[2025-07-13T22:59:53.711+0300] {processor.py:840} INFO - DAG(s) 'example_python_operator' retrieved from /home/wal/.pyenv/versions/3.12.0/lib/python3.12/site-packages/airflow/example_dags/example_python_operator.py
[2025-07-13T22:59:53.835+0300] {logging_mixin.py:188} INFO - [2025-07-13T22:59:53.835+0300] {dag.py:3096} INFO - Sync 1 DAGs
[2025-07-13T22:59:53.848+0300] {logging_mixin.py:188} INFO - [2025-07-13T22:59:53.848+0300] {dag.py:3954} INFO - Setting next_dagrun for example_python_operator to None, run_after=None
[2025-07-13T22:59:53.902+0300] {processor.py:183} INFO - Processing /home/wal/.pyenv/versions/3.12.0/lib/python3.12/site-packages/airflow/example_dags/example_python_operator.py took 0.213 seconds
[2025-07-13T23:01:31.118+0300] {processor.py:161} INFO - Started process (PID=4604) to work on /home/wal/.pyenv/versions/3.12.0/lib/python3.12/site-packages/airflow/example_dags/example_python_operator.py
[2025-07-13T23:01:31.132+0300] {processor.py:830} INFO - Processing file /home/wal/.pyenv/versions/3.12.0/lib/python3.12/site-packages/airflow/example_dags/example_python_operator.py for tasks to queue
[2025-07-13T23:01:31.146+0300] {logging_mixin.py:188} INFO - [2025-07-13T23:01:31.145+0300] {dagbag.py:545} INFO - Filling up the DagBag from /home/wal/.pyenv/versions/3.12.0/lib/python3.12/site-packages/airflow/example_dags/example_python_operator.py
[2025-07-13T23:01:31.220+0300] {processor.py:840} INFO - DAG(s) 'example_python_operator' retrieved from /home/wal/.pyenv/versions/3.12.0/lib/python3.12/site-packages/airflow/example_dags/example_python_operator.py
[2025-07-13T23:01:31.371+0300] {logging_mixin.py:188} INFO - [2025-07-13T23:01:31.362+0300] {dag.py:3096} INFO - Sync 1 DAGs
[2025-07-13T23:01:31.456+0300] {logging_mixin.py:188} INFO - [2025-07-13T23:01:31.455+0300] {dag.py:3954} INFO - Setting next_dagrun for example_python_operator to None, run_after=None
[2025-07-13T23:01:31.616+0300] {processor.py:183} INFO - Processing /home/wal/.pyenv/versions/3.12.0/lib/python3.12/site-packages/airflow/example_dags/example_python_operator.py took 0.544 seconds
[2025-07-13T23:02:53.641+0300] {processor.py:161} INFO - Started process (PID=4657) to work on /home/wal/.pyenv/versions/3.12.0/lib/python3.12/site-packages/airflow/example_dags/example_python_operator.py
[2025-07-13T23:02:53.644+0300] {processor.py:830} INFO - Processing file /home/wal/.pyenv/versions/3.12.0/lib/python3.12/site-packages/airflow/example_dags/example_python_operator.py for tasks to queue
[2025-07-13T23:02:53.649+0300] {logging_mixin.py:188} INFO - [2025-07-13T23:02:53.648+0300] {dagbag.py:545} INFO - Filling up the DagBag from /home/wal/.pyenv/versions/3.12.0/lib/python3.12/site-packages/airflow/example_dags/example_python_operator.py
[2025-07-13T23:02:53.703+0300] {processor.py:840} INFO - DAG(s) 'example_python_operator' retrieved from /home/wal/.pyenv/versions/3.12.0/lib/python3.12/site-packages/airflow/example_dags/example_python_operator.py
[2025-07-13T23:02:53.802+0300] {logging_mixin.py:188} INFO - [2025-07-13T23:02:53.801+0300] {dag.py:3096} INFO - Sync 1 DAGs
[2025-07-13T23:02:53.867+0300] {logging_mixin.py:188} INFO - [2025-07-13T23:02:53.866+0300] {dag.py:3954} INFO - Setting next_dagrun for example_python_operator to None, run_after=None
[2025-07-13T23:02:54.003+0300] {processor.py:183} INFO - Processing /home/wal/.pyenv/versions/3.12.0/lib/python3.12/site-packages/airflow/example_dags/example_python_operator.py took 0.388 seconds
[2025-07-13T23:04:19.116+0300] {processor.py:161} INFO - Started process (PID=4723) to work on /home/wal/.pyenv/versions/3.12.0/lib/python3.12/site-packages/airflow/example_dags/example_python_operator.py
[2025-07-13T23:04:19.125+0300] {processor.py:830} INFO - Processing file /home/wal/.pyenv/versions/3.12.0/lib/python3.12/site-packages/airflow/example_dags/example_python_operator.py for tasks to queue
[2025-07-13T23:04:19.129+0300] {logging_mixin.py:188} INFO - [2025-07-13T23:04:19.129+0300] {dagbag.py:545} INFO - Filling up the DagBag from /home/wal/.pyenv/versions/3.12.0/lib/python3.12/site-packages/airflow/example_dags/example_python_operator.py
[2025-07-13T23:04:19.186+0300] {processor.py:840} INFO - DAG(s) 'example_python_operator' retrieved from /home/wal/.pyenv/versions/3.12.0/lib/python3.12/site-packages/airflow/example_dags/example_python_operator.py
[2025-07-13T23:04:19.269+0300] {logging_mixin.py:188} INFO - [2025-07-13T23:04:19.268+0300] {dag.py:3096} INFO - Sync 1 DAGs
[2025-07-13T23:04:19.303+0300] {logging_mixin.py:188} INFO - [2025-07-13T23:04:19.303+0300] {dag.py:3954} INFO - Setting next_dagrun for example_python_operator to None, run_after=None
[2025-07-13T23:04:19.343+0300] {processor.py:183} INFO - Processing /home/wal/.pyenv/versions/3.12.0/lib/python3.12/site-packages/airflow/example_dags/example_python_operator.py took 0.251 seconds
[2025-07-13T23:05:33.041+0300] {processor.py:161} INFO - Started process (PID=4787) to work on /home/wal/.pyenv/versions/3.12.0/lib/python3.12/site-packages/airflow/example_dags/example_python_operator.py
[2025-07-13T23:05:33.050+0300] {processor.py:830} INFO - Processing file /home/wal/.pyenv/versions/3.12.0/lib/python3.12/site-packages/airflow/example_dags/example_python_operator.py for tasks to queue
[2025-07-13T23:05:33.055+0300] {logging_mixin.py:188} INFO - [2025-07-13T23:05:33.053+0300] {dagbag.py:545} INFO - Filling up the DagBag from /home/wal/.pyenv/versions/3.12.0/lib/python3.12/site-packages/airflow/example_dags/example_python_operator.py
[2025-07-13T23:05:33.134+0300] {processor.py:840} INFO - DAG(s) 'example_python_operator' retrieved from /home/wal/.pyenv/versions/3.12.0/lib/python3.12/site-packages/airflow/example_dags/example_python_operator.py
[2025-07-13T23:05:33.271+0300] {logging_mixin.py:188} INFO - [2025-07-13T23:05:33.262+0300] {dag.py:3096} INFO - Sync 1 DAGs
[2025-07-13T23:05:33.352+0300] {logging_mixin.py:188} INFO - [2025-07-13T23:05:33.351+0300] {dag.py:3954} INFO - Setting next_dagrun for example_python_operator to None, run_after=None
[2025-07-13T23:05:33.609+0300] {processor.py:183} INFO - Processing /home/wal/.pyenv/versions/3.12.0/lib/python3.12/site-packages/airflow/example_dags/example_python_operator.py took 0.598 seconds
[2025-07-13T23:07:12.027+0300] {processor.py:161} INFO - Started process (PID=4854) to work on /home/wal/.pyenv/versions/3.12.0/lib/python3.12/site-packages/airflow/example_dags/example_python_operator.py
[2025-07-13T23:07:12.036+0300] {processor.py:830} INFO - Processing file /home/wal/.pyenv/versions/3.12.0/lib/python3.12/site-packages/airflow/example_dags/example_python_operator.py for tasks to queue
[2025-07-13T23:07:12.053+0300] {logging_mixin.py:188} INFO - [2025-07-13T23:07:12.050+0300] {dagbag.py:545} INFO - Filling up the DagBag from /home/wal/.pyenv/versions/3.12.0/lib/python3.12/site-packages/airflow/example_dags/example_python_operator.py
[2025-07-13T23:07:12.157+0300] {processor.py:840} INFO - DAG(s) 'example_python_operator' retrieved from /home/wal/.pyenv/versions/3.12.0/lib/python3.12/site-packages/airflow/example_dags/example_python_operator.py
[2025-07-13T23:07:12.373+0300] {logging_mixin.py:188} INFO - [2025-07-13T23:07:12.372+0300] {dag.py:3096} INFO - Sync 1 DAGs
[2025-07-13T23:07:12.462+0300] {logging_mixin.py:188} INFO - [2025-07-13T23:07:12.461+0300] {dag.py:3954} INFO - Setting next_dagrun for example_python_operator to None, run_after=None
[2025-07-13T23:07:12.594+0300] {processor.py:183} INFO - Processing /home/wal/.pyenv/versions/3.12.0/lib/python3.12/site-packages/airflow/example_dags/example_python_operator.py took 0.626 seconds
[2025-07-13T23:08:20.476+0300] {processor.py:161} INFO - Started process (PID=4912) to work on /home/wal/.pyenv/versions/3.12.0/lib/python3.12/site-packages/airflow/example_dags/example_python_operator.py
[2025-07-13T23:08:20.482+0300] {processor.py:830} INFO - Processing file /home/wal/.pyenv/versions/3.12.0/lib/python3.12/site-packages/airflow/example_dags/example_python_operator.py for tasks to queue
[2025-07-13T23:08:20.487+0300] {logging_mixin.py:188} INFO - [2025-07-13T23:08:20.486+0300] {dagbag.py:545} INFO - Filling up the DagBag from /home/wal/.pyenv/versions/3.12.0/lib/python3.12/site-packages/airflow/example_dags/example_python_operator.py
[2025-07-13T23:08:20.513+0300] {processor.py:840} INFO - DAG(s) 'example_python_operator' retrieved from /home/wal/.pyenv/versions/3.12.0/lib/python3.12/site-packages/airflow/example_dags/example_python_operator.py
[2025-07-13T23:08:20.570+0300] {logging_mixin.py:188} INFO - [2025-07-13T23:08:20.569+0300] {dag.py:3096} INFO - Sync 1 DAGs
[2025-07-13T23:08:20.600+0300] {logging_mixin.py:188} INFO - [2025-07-13T23:08:20.599+0300] {dag.py:3954} INFO - Setting next_dagrun for example_python_operator to None, run_after=None
[2025-07-13T23:08:20.655+0300] {processor.py:183} INFO - Processing /home/wal/.pyenv/versions/3.12.0/lib/python3.12/site-packages/airflow/example_dags/example_python_operator.py took 0.194 seconds
[2025-07-13T23:09:20.965+0300] {processor.py:161} INFO - Started process (PID=4965) to work on /home/wal/.pyenv/versions/3.12.0/lib/python3.12/site-packages/airflow/example_dags/example_python_operator.py
[2025-07-13T23:09:20.970+0300] {processor.py:830} INFO - Processing file /home/wal/.pyenv/versions/3.12.0/lib/python3.12/site-packages/airflow/example_dags/example_python_operator.py for tasks to queue
[2025-07-13T23:09:20.977+0300] {logging_mixin.py:188} INFO - [2025-07-13T23:09:20.975+0300] {dagbag.py:545} INFO - Filling up the DagBag from /home/wal/.pyenv/versions/3.12.0/lib/python3.12/site-packages/airflow/example_dags/example_python_operator.py
[2025-07-13T23:09:21.056+0300] {processor.py:840} INFO - DAG(s) 'example_python_operator' retrieved from /home/wal/.pyenv/versions/3.12.0/lib/python3.12/site-packages/airflow/example_dags/example_python_operator.py
[2025-07-13T23:09:21.126+0300] {logging_mixin.py:188} INFO - [2025-07-13T23:09:21.125+0300] {dag.py:3096} INFO - Sync 1 DAGs
[2025-07-13T23:09:21.201+0300] {logging_mixin.py:188} INFO - [2025-07-13T23:09:21.199+0300] {dag.py:3954} INFO - Setting next_dagrun for example_python_operator to None, run_after=None
[2025-07-13T23:09:21.296+0300] {processor.py:183} INFO - Processing /home/wal/.pyenv/versions/3.12.0/lib/python3.12/site-packages/airflow/example_dags/example_python_operator.py took 0.370 seconds
[2025-07-13T23:10:31.554+0300] {processor.py:161} INFO - Started process (PID=5022) to work on /home/wal/.pyenv/versions/3.12.0/lib/python3.12/site-packages/airflow/example_dags/example_python_operator.py
[2025-07-13T23:10:31.560+0300] {processor.py:830} INFO - Processing file /home/wal/.pyenv/versions/3.12.0/lib/python3.12/site-packages/airflow/example_dags/example_python_operator.py for tasks to queue
[2025-07-13T23:10:31.562+0300] {logging_mixin.py:188} INFO - [2025-07-13T23:10:31.562+0300] {dagbag.py:545} INFO - Filling up the DagBag from /home/wal/.pyenv/versions/3.12.0/lib/python3.12/site-packages/airflow/example_dags/example_python_operator.py
[2025-07-13T23:10:31.576+0300] {processor.py:840} INFO - DAG(s) 'example_python_operator' retrieved from /home/wal/.pyenv/versions/3.12.0/lib/python3.12/site-packages/airflow/example_dags/example_python_operator.py
[2025-07-13T23:10:31.597+0300] {logging_mixin.py:188} INFO - [2025-07-13T23:10:31.596+0300] {dag.py:3096} INFO - Sync 1 DAGs
[2025-07-13T23:10:31.612+0300] {logging_mixin.py:188} INFO - [2025-07-13T23:10:31.612+0300] {dag.py:3954} INFO - Setting next_dagrun for example_python_operator to None, run_after=None
[2025-07-13T23:10:31.645+0300] {processor.py:183} INFO - Processing /home/wal/.pyenv/versions/3.12.0/lib/python3.12/site-packages/airflow/example_dags/example_python_operator.py took 0.098 seconds
[2025-07-13T23:11:27.428+0300] {processor.py:161} INFO - Started process (PID=5074) to work on /home/wal/.pyenv/versions/3.12.0/lib/python3.12/site-packages/airflow/example_dags/example_python_operator.py
[2025-07-13T23:11:27.434+0300] {processor.py:830} INFO - Processing file /home/wal/.pyenv/versions/3.12.0/lib/python3.12/site-packages/airflow/example_dags/example_python_operator.py for tasks to queue
[2025-07-13T23:11:27.436+0300] {logging_mixin.py:188} INFO - [2025-07-13T23:11:27.436+0300] {dagbag.py:545} INFO - Filling up the DagBag from /home/wal/.pyenv/versions/3.12.0/lib/python3.12/site-packages/airflow/example_dags/example_python_operator.py
[2025-07-13T23:11:27.451+0300] {processor.py:840} INFO - DAG(s) 'example_python_operator' retrieved from /home/wal/.pyenv/versions/3.12.0/lib/python3.12/site-packages/airflow/example_dags/example_python_operator.py
[2025-07-13T23:11:27.476+0300] {logging_mixin.py:188} INFO - [2025-07-13T23:11:27.476+0300] {dag.py:3096} INFO - Sync 1 DAGs
[2025-07-13T23:11:27.492+0300] {logging_mixin.py:188} INFO - [2025-07-13T23:11:27.491+0300] {dag.py:3954} INFO - Setting next_dagrun for example_python_operator to None, run_after=None
[2025-07-13T23:11:27.523+0300] {processor.py:183} INFO - Processing /home/wal/.pyenv/versions/3.12.0/lib/python3.12/site-packages/airflow/example_dags/example_python_operator.py took 0.104 seconds
[2025-07-13T23:12:38.226+0300] {processor.py:161} INFO - Started process (PID=5137) to work on /home/wal/.pyenv/versions/3.12.0/lib/python3.12/site-packages/airflow/example_dags/example_python_operator.py
[2025-07-13T23:12:38.228+0300] {processor.py:830} INFO - Processing file /home/wal/.pyenv/versions/3.12.0/lib/python3.12/site-packages/airflow/example_dags/example_python_operator.py for tasks to queue
[2025-07-13T23:12:38.233+0300] {logging_mixin.py:188} INFO - [2025-07-13T23:12:38.231+0300] {dagbag.py:545} INFO - Filling up the DagBag from /home/wal/.pyenv/versions/3.12.0/lib/python3.12/site-packages/airflow/example_dags/example_python_operator.py
[2025-07-13T23:12:38.250+0300] {processor.py:840} INFO - DAG(s) 'example_python_operator' retrieved from /home/wal/.pyenv/versions/3.12.0/lib/python3.12/site-packages/airflow/example_dags/example_python_operator.py
[2025-07-13T23:12:38.280+0300] {logging_mixin.py:188} INFO - [2025-07-13T23:12:38.279+0300] {dag.py:3096} INFO - Sync 1 DAGs
[2025-07-13T23:12:38.323+0300] {logging_mixin.py:188} INFO - [2025-07-13T23:12:38.322+0300] {dag.py:3954} INFO - Setting next_dagrun for example_python_operator to None, run_after=None
[2025-07-13T23:12:38.369+0300] {processor.py:183} INFO - Processing /home/wal/.pyenv/versions/3.12.0/lib/python3.12/site-packages/airflow/example_dags/example_python_operator.py took 0.152 seconds
[2025-07-13T23:13:43.928+0300] {processor.py:161} INFO - Started process (PID=5199) to work on /home/wal/.pyenv/versions/3.12.0/lib/python3.12/site-packages/airflow/example_dags/example_python_operator.py
[2025-07-13T23:13:43.935+0300] {processor.py:830} INFO - Processing file /home/wal/.pyenv/versions/3.12.0/lib/python3.12/site-packages/airflow/example_dags/example_python_operator.py for tasks to queue
[2025-07-13T23:13:43.937+0300] {logging_mixin.py:188} INFO - [2025-07-13T23:13:43.937+0300] {dagbag.py:545} INFO - Filling up the DagBag from /home/wal/.pyenv/versions/3.12.0/lib/python3.12/site-packages/airflow/example_dags/example_python_operator.py
[2025-07-13T23:13:43.953+0300] {processor.py:840} INFO - DAG(s) 'example_python_operator' retrieved from /home/wal/.pyenv/versions/3.12.0/lib/python3.12/site-packages/airflow/example_dags/example_python_operator.py
[2025-07-13T23:13:43.980+0300] {logging_mixin.py:188} INFO - [2025-07-13T23:13:43.980+0300] {dag.py:3096} INFO - Sync 1 DAGs
[2025-07-13T23:13:43.999+0300] {logging_mixin.py:188} INFO - [2025-07-13T23:13:43.998+0300] {dag.py:3954} INFO - Setting next_dagrun for example_python_operator to None, run_after=None
[2025-07-13T23:13:44.031+0300] {processor.py:183} INFO - Processing /home/wal/.pyenv/versions/3.12.0/lib/python3.12/site-packages/airflow/example_dags/example_python_operator.py took 0.111 seconds
[2025-07-13T23:14:42.613+0300] {processor.py:161} INFO - Started process (PID=5265) to work on /home/wal/.pyenv/versions/3.12.0/lib/python3.12/site-packages/airflow/example_dags/example_python_operator.py
[2025-07-13T23:14:42.615+0300] {processor.py:830} INFO - Processing file /home/wal/.pyenv/versions/3.12.0/lib/python3.12/site-packages/airflow/example_dags/example_python_operator.py for tasks to queue
[2025-07-13T23:14:42.618+0300] {logging_mixin.py:188} INFO - [2025-07-13T23:14:42.617+0300] {dagbag.py:545} INFO - Filling up the DagBag from /home/wal/.pyenv/versions/3.12.0/lib/python3.12/site-packages/airflow/example_dags/example_python_operator.py
[2025-07-13T23:14:42.634+0300] {processor.py:840} INFO - DAG(s) 'example_python_operator' retrieved from /home/wal/.pyenv/versions/3.12.0/lib/python3.12/site-packages/airflow/example_dags/example_python_operator.py
[2025-07-13T23:14:42.662+0300] {logging_mixin.py:188} INFO - [2025-07-13T23:14:42.662+0300] {dag.py:3096} INFO - Sync 1 DAGs
[2025-07-13T23:14:42.684+0300] {logging_mixin.py:188} INFO - [2025-07-13T23:14:42.684+0300] {dag.py:3954} INFO - Setting next_dagrun for example_python_operator to None, run_after=None
[2025-07-13T23:14:42.758+0300] {processor.py:183} INFO - Processing /home/wal/.pyenv/versions/3.12.0/lib/python3.12/site-packages/airflow/example_dags/example_python_operator.py took 0.155 seconds
[2025-07-13T23:15:35.368+0300] {processor.py:161} INFO - Started process (PID=5318) to work on /home/wal/.pyenv/versions/3.12.0/lib/python3.12/site-packages/airflow/example_dags/example_python_operator.py
[2025-07-13T23:15:35.371+0300] {processor.py:830} INFO - Processing file /home/wal/.pyenv/versions/3.12.0/lib/python3.12/site-packages/airflow/example_dags/example_python_operator.py for tasks to queue
[2025-07-13T23:15:35.372+0300] {logging_mixin.py:188} INFO - [2025-07-13T23:15:35.372+0300] {dagbag.py:545} INFO - Filling up the DagBag from /home/wal/.pyenv/versions/3.12.0/lib/python3.12/site-packages/airflow/example_dags/example_python_operator.py
[2025-07-13T23:15:35.385+0300] {processor.py:840} INFO - DAG(s) 'example_python_operator' retrieved from /home/wal/.pyenv/versions/3.12.0/lib/python3.12/site-packages/airflow/example_dags/example_python_operator.py
[2025-07-13T23:15:35.409+0300] {logging_mixin.py:188} INFO - [2025-07-13T23:15:35.409+0300] {dag.py:3096} INFO - Sync 1 DAGs
[2025-07-13T23:15:35.423+0300] {logging_mixin.py:188} INFO - [2025-07-13T23:15:35.423+0300] {dag.py:3954} INFO - Setting next_dagrun for example_python_operator to None, run_after=None
[2025-07-13T23:15:35.452+0300] {processor.py:183} INFO - Processing /home/wal/.pyenv/versions/3.12.0/lib/python3.12/site-packages/airflow/example_dags/example_python_operator.py took 0.091 seconds
[2025-07-13T23:16:36.338+0300] {processor.py:161} INFO - Started process (PID=5370) to work on /home/wal/.pyenv/versions/3.12.0/lib/python3.12/site-packages/airflow/example_dags/example_python_operator.py
[2025-07-13T23:16:36.345+0300] {processor.py:830} INFO - Processing file /home/wal/.pyenv/versions/3.12.0/lib/python3.12/site-packages/airflow/example_dags/example_python_operator.py for tasks to queue
[2025-07-13T23:16:36.348+0300] {logging_mixin.py:188} INFO - [2025-07-13T23:16:36.347+0300] {dagbag.py:545} INFO - Filling up the DagBag from /home/wal/.pyenv/versions/3.12.0/lib/python3.12/site-packages/airflow/example_dags/example_python_operator.py
[2025-07-13T23:16:36.367+0300] {processor.py:840} INFO - DAG(s) 'example_python_operator' retrieved from /home/wal/.pyenv/versions/3.12.0/lib/python3.12/site-packages/airflow/example_dags/example_python_operator.py
[2025-07-13T23:16:36.397+0300] {logging_mixin.py:188} INFO - [2025-07-13T23:16:36.396+0300] {dag.py:3096} INFO - Sync 1 DAGs
[2025-07-13T23:16:36.421+0300] {logging_mixin.py:188} INFO - [2025-07-13T23:16:36.420+0300] {dag.py:3954} INFO - Setting next_dagrun for example_python_operator to None, run_after=None
[2025-07-13T23:16:36.459+0300] {processor.py:183} INFO - Processing /home/wal/.pyenv/versions/3.12.0/lib/python3.12/site-packages/airflow/example_dags/example_python_operator.py took 0.133 seconds
[2025-07-13T23:17:51.314+0300] {processor.py:161} INFO - Started process (PID=5431) to work on /home/wal/.pyenv/versions/3.12.0/lib/python3.12/site-packages/airflow/example_dags/example_python_operator.py
[2025-07-13T23:17:51.317+0300] {processor.py:830} INFO - Processing file /home/wal/.pyenv/versions/3.12.0/lib/python3.12/site-packages/airflow/example_dags/example_python_operator.py for tasks to queue
[2025-07-13T23:17:51.328+0300] {logging_mixin.py:188} INFO - [2025-07-13T23:17:51.327+0300] {dagbag.py:545} INFO - Filling up the DagBag from /home/wal/.pyenv/versions/3.12.0/lib/python3.12/site-packages/airflow/example_dags/example_python_operator.py
[2025-07-13T23:17:51.406+0300] {processor.py:840} INFO - DAG(s) 'example_python_operator' retrieved from /home/wal/.pyenv/versions/3.12.0/lib/python3.12/site-packages/airflow/example_dags/example_python_operator.py
[2025-07-13T23:17:51.580+0300] {logging_mixin.py:188} INFO - [2025-07-13T23:17:51.569+0300] {dag.py:3096} INFO - Sync 1 DAGs
[2025-07-13T23:17:51.712+0300] {logging_mixin.py:188} INFO - [2025-07-13T23:17:51.704+0300] {dag.py:3954} INFO - Setting next_dagrun for example_python_operator to None, run_after=None
[2025-07-13T23:17:51.858+0300] {processor.py:183} INFO - Processing /home/wal/.pyenv/versions/3.12.0/lib/python3.12/site-packages/airflow/example_dags/example_python_operator.py took 0.585 seconds
[2025-07-13T23:18:58.692+0300] {processor.py:161} INFO - Started process (PID=5487) to work on /home/wal/.pyenv/versions/3.12.0/lib/python3.12/site-packages/airflow/example_dags/example_python_operator.py
[2025-07-13T23:18:58.693+0300] {processor.py:830} INFO - Processing file /home/wal/.pyenv/versions/3.12.0/lib/python3.12/site-packages/airflow/example_dags/example_python_operator.py for tasks to queue
[2025-07-13T23:18:58.695+0300] {logging_mixin.py:188} INFO - [2025-07-13T23:18:58.695+0300] {dagbag.py:545} INFO - Filling up the DagBag from /home/wal/.pyenv/versions/3.12.0/lib/python3.12/site-packages/airflow/example_dags/example_python_operator.py
[2025-07-13T23:18:58.708+0300] {processor.py:840} INFO - DAG(s) 'example_python_operator' retrieved from /home/wal/.pyenv/versions/3.12.0/lib/python3.12/site-packages/airflow/example_dags/example_python_operator.py
[2025-07-13T23:18:58.729+0300] {logging_mixin.py:188} INFO - [2025-07-13T23:18:58.729+0300] {dag.py:3096} INFO - Sync 1 DAGs
[2025-07-13T23:18:58.745+0300] {logging_mixin.py:188} INFO - [2025-07-13T23:18:58.744+0300] {dag.py:3954} INFO - Setting next_dagrun for example_python_operator to None, run_after=None
[2025-07-13T23:18:58.770+0300] {processor.py:183} INFO - Processing /home/wal/.pyenv/versions/3.12.0/lib/python3.12/site-packages/airflow/example_dags/example_python_operator.py took 0.086 seconds
[2025-07-13T23:20:00.632+0300] {processor.py:161} INFO - Started process (PID=5541) to work on /home/wal/.pyenv/versions/3.12.0/lib/python3.12/site-packages/airflow/example_dags/example_python_operator.py
[2025-07-13T23:20:00.634+0300] {processor.py:830} INFO - Processing file /home/wal/.pyenv/versions/3.12.0/lib/python3.12/site-packages/airflow/example_dags/example_python_operator.py for tasks to queue
[2025-07-13T23:20:00.637+0300] {logging_mixin.py:188} INFO - [2025-07-13T23:20:00.636+0300] {dagbag.py:545} INFO - Filling up the DagBag from /home/wal/.pyenv/versions/3.12.0/lib/python3.12/site-packages/airflow/example_dags/example_python_operator.py
[2025-07-13T23:20:00.653+0300] {processor.py:840} INFO - DAG(s) 'example_python_operator' retrieved from /home/wal/.pyenv/versions/3.12.0/lib/python3.12/site-packages/airflow/example_dags/example_python_operator.py
[2025-07-13T23:20:00.677+0300] {logging_mixin.py:188} INFO - [2025-07-13T23:20:00.677+0300] {dag.py:3096} INFO - Sync 1 DAGs
[2025-07-13T23:20:00.696+0300] {logging_mixin.py:188} INFO - [2025-07-13T23:20:00.695+0300] {dag.py:3954} INFO - Setting next_dagrun for example_python_operator to None, run_after=None
[2025-07-13T23:20:00.768+0300] {processor.py:183} INFO - Processing /home/wal/.pyenv/versions/3.12.0/lib/python3.12/site-packages/airflow/example_dags/example_python_operator.py took 0.150 seconds
[2025-07-13T23:21:03.303+0300] {processor.py:161} INFO - Started process (PID=5595) to work on /home/wal/.pyenv/versions/3.12.0/lib/python3.12/site-packages/airflow/example_dags/example_python_operator.py
[2025-07-13T23:21:03.305+0300] {processor.py:830} INFO - Processing file /home/wal/.pyenv/versions/3.12.0/lib/python3.12/site-packages/airflow/example_dags/example_python_operator.py for tasks to queue
[2025-07-13T23:21:03.307+0300] {logging_mixin.py:188} INFO - [2025-07-13T23:21:03.307+0300] {dagbag.py:545} INFO - Filling up the DagBag from /home/wal/.pyenv/versions/3.12.0/lib/python3.12/site-packages/airflow/example_dags/example_python_operator.py
[2025-07-13T23:21:03.323+0300] {processor.py:840} INFO - DAG(s) 'example_python_operator' retrieved from /home/wal/.pyenv/versions/3.12.0/lib/python3.12/site-packages/airflow/example_dags/example_python_operator.py
[2025-07-13T23:21:03.348+0300] {logging_mixin.py:188} INFO - [2025-07-13T23:21:03.347+0300] {dag.py:3096} INFO - Sync 1 DAGs
[2025-07-13T23:21:03.363+0300] {logging_mixin.py:188} INFO - [2025-07-13T23:21:03.362+0300] {dag.py:3954} INFO - Setting next_dagrun for example_python_operator to None, run_after=None
[2025-07-13T23:21:03.390+0300] {processor.py:183} INFO - Processing /home/wal/.pyenv/versions/3.12.0/lib/python3.12/site-packages/airflow/example_dags/example_python_operator.py took 0.097 seconds
[2025-07-13T23:22:10.810+0300] {processor.py:161} INFO - Started process (PID=5651) to work on /home/wal/.pyenv/versions/3.12.0/lib/python3.12/site-packages/airflow/example_dags/example_python_operator.py
[2025-07-13T23:22:10.813+0300] {processor.py:830} INFO - Processing file /home/wal/.pyenv/versions/3.12.0/lib/python3.12/site-packages/airflow/example_dags/example_python_operator.py for tasks to queue
[2025-07-13T23:22:10.819+0300] {logging_mixin.py:188} INFO - [2025-07-13T23:22:10.817+0300] {dagbag.py:545} INFO - Filling up the DagBag from /home/wal/.pyenv/versions/3.12.0/lib/python3.12/site-packages/airflow/example_dags/example_python_operator.py
[2025-07-13T23:22:10.884+0300] {processor.py:840} INFO - DAG(s) 'example_python_operator' retrieved from /home/wal/.pyenv/versions/3.12.0/lib/python3.12/site-packages/airflow/example_dags/example_python_operator.py
[2025-07-13T23:22:10.962+0300] {logging_mixin.py:188} INFO - [2025-07-13T23:22:10.961+0300] {dag.py:3096} INFO - Sync 1 DAGs
[2025-07-13T23:22:11.083+0300] {logging_mixin.py:188} INFO - [2025-07-13T23:22:11.071+0300] {dag.py:3954} INFO - Setting next_dagrun for example_python_operator to None, run_after=None
[2025-07-13T23:22:11.260+0300] {processor.py:183} INFO - Processing /home/wal/.pyenv/versions/3.12.0/lib/python3.12/site-packages/airflow/example_dags/example_python_operator.py took 0.472 seconds
[2025-07-13T23:23:26.105+0300] {processor.py:161} INFO - Started process (PID=5710) to work on /home/wal/.pyenv/versions/3.12.0/lib/python3.12/site-packages/airflow/example_dags/example_python_operator.py
[2025-07-13T23:23:26.111+0300] {processor.py:830} INFO - Processing file /home/wal/.pyenv/versions/3.12.0/lib/python3.12/site-packages/airflow/example_dags/example_python_operator.py for tasks to queue
[2025-07-13T23:23:26.114+0300] {logging_mixin.py:188} INFO - [2025-07-13T23:23:26.113+0300] {dagbag.py:545} INFO - Filling up the DagBag from /home/wal/.pyenv/versions/3.12.0/lib/python3.12/site-packages/airflow/example_dags/example_python_operator.py
[2025-07-13T23:23:26.138+0300] {processor.py:840} INFO - DAG(s) 'example_python_operator' retrieved from /home/wal/.pyenv/versions/3.12.0/lib/python3.12/site-packages/airflow/example_dags/example_python_operator.py
[2025-07-13T23:23:26.200+0300] {logging_mixin.py:188} INFO - [2025-07-13T23:23:26.199+0300] {dag.py:3096} INFO - Sync 1 DAGs
[2025-07-13T23:23:26.251+0300] {logging_mixin.py:188} INFO - [2025-07-13T23:23:26.251+0300] {dag.py:3954} INFO - Setting next_dagrun for example_python_operator to None, run_after=None
[2025-07-13T23:23:26.378+0300] {processor.py:183} INFO - Processing /home/wal/.pyenv/versions/3.12.0/lib/python3.12/site-packages/airflow/example_dags/example_python_operator.py took 0.285 seconds
[2025-07-13T23:25:07.626+0300] {processor.py:161} INFO - Started process (PID=5777) to work on /home/wal/.pyenv/versions/3.12.0/lib/python3.12/site-packages/airflow/example_dags/example_python_operator.py
[2025-07-13T23:25:07.638+0300] {processor.py:830} INFO - Processing file /home/wal/.pyenv/versions/3.12.0/lib/python3.12/site-packages/airflow/example_dags/example_python_operator.py for tasks to queue
[2025-07-13T23:25:07.655+0300] {logging_mixin.py:188} INFO - [2025-07-13T23:25:07.654+0300] {dagbag.py:545} INFO - Filling up the DagBag from /home/wal/.pyenv/versions/3.12.0/lib/python3.12/site-packages/airflow/example_dags/example_python_operator.py
[2025-07-13T23:25:07.809+0300] {processor.py:840} INFO - DAG(s) 'example_python_operator' retrieved from /home/wal/.pyenv/versions/3.12.0/lib/python3.12/site-packages/airflow/example_dags/example_python_operator.py
[2025-07-13T23:25:08.092+0300] {logging_mixin.py:188} INFO - [2025-07-13T23:25:08.091+0300] {dag.py:3096} INFO - Sync 1 DAGs
[2025-07-13T23:25:08.291+0300] {logging_mixin.py:188} INFO - [2025-07-13T23:25:08.281+0300] {dag.py:3954} INFO - Setting next_dagrun for example_python_operator to None, run_after=None
[2025-07-13T23:25:08.515+0300] {processor.py:183} INFO - Processing /home/wal/.pyenv/versions/3.12.0/lib/python3.12/site-packages/airflow/example_dags/example_python_operator.py took 0.938 seconds
[2025-07-13T23:26:43.573+0300] {processor.py:161} INFO - Started process (PID=5845) to work on /home/wal/.pyenv/versions/3.12.0/lib/python3.12/site-packages/airflow/example_dags/example_python_operator.py
[2025-07-13T23:26:43.579+0300] {processor.py:830} INFO - Processing file /home/wal/.pyenv/versions/3.12.0/lib/python3.12/site-packages/airflow/example_dags/example_python_operator.py for tasks to queue
[2025-07-13T23:26:43.582+0300] {logging_mixin.py:188} INFO - [2025-07-13T23:26:43.581+0300] {dagbag.py:545} INFO - Filling up the DagBag from /home/wal/.pyenv/versions/3.12.0/lib/python3.12/site-packages/airflow/example_dags/example_python_operator.py
[2025-07-13T23:26:43.600+0300] {processor.py:840} INFO - DAG(s) 'example_python_operator' retrieved from /home/wal/.pyenv/versions/3.12.0/lib/python3.12/site-packages/airflow/example_dags/example_python_operator.py
[2025-07-13T23:26:43.630+0300] {logging_mixin.py:188} INFO - [2025-07-13T23:26:43.629+0300] {dag.py:3096} INFO - Sync 1 DAGs
[2025-07-13T23:26:43.648+0300] {logging_mixin.py:188} INFO - [2025-07-13T23:26:43.648+0300] {dag.py:3954} INFO - Setting next_dagrun for example_python_operator to None, run_after=None
[2025-07-13T23:26:43.684+0300] {processor.py:183} INFO - Processing /home/wal/.pyenv/versions/3.12.0/lib/python3.12/site-packages/airflow/example_dags/example_python_operator.py took 0.121 seconds
[2025-07-13T23:27:53.434+0300] {processor.py:161} INFO - Started process (PID=5901) to work on /home/wal/.pyenv/versions/3.12.0/lib/python3.12/site-packages/airflow/example_dags/example_python_operator.py
[2025-07-13T23:27:53.436+0300] {processor.py:830} INFO - Processing file /home/wal/.pyenv/versions/3.12.0/lib/python3.12/site-packages/airflow/example_dags/example_python_operator.py for tasks to queue
[2025-07-13T23:27:53.442+0300] {logging_mixin.py:188} INFO - [2025-07-13T23:27:53.441+0300] {dagbag.py:545} INFO - Filling up the DagBag from /home/wal/.pyenv/versions/3.12.0/lib/python3.12/site-packages/airflow/example_dags/example_python_operator.py
[2025-07-13T23:27:53.459+0300] {processor.py:840} INFO - DAG(s) 'example_python_operator' retrieved from /home/wal/.pyenv/versions/3.12.0/lib/python3.12/site-packages/airflow/example_dags/example_python_operator.py
[2025-07-13T23:27:53.487+0300] {logging_mixin.py:188} INFO - [2025-07-13T23:27:53.486+0300] {dag.py:3096} INFO - Sync 1 DAGs
[2025-07-13T23:27:53.658+0300] {logging_mixin.py:188} INFO - [2025-07-13T23:27:53.657+0300] {dag.py:3954} INFO - Setting next_dagrun for example_python_operator to None, run_after=None
[2025-07-13T23:27:53.694+0300] {processor.py:183} INFO - Processing /home/wal/.pyenv/versions/3.12.0/lib/python3.12/site-packages/airflow/example_dags/example_python_operator.py took 0.270 seconds
[2025-07-13T23:29:04.084+0300] {processor.py:161} INFO - Started process (PID=5959) to work on /home/wal/.pyenv/versions/3.12.0/lib/python3.12/site-packages/airflow/example_dags/example_python_operator.py
[2025-07-13T23:29:04.090+0300] {processor.py:830} INFO - Processing file /home/wal/.pyenv/versions/3.12.0/lib/python3.12/site-packages/airflow/example_dags/example_python_operator.py for tasks to queue
[2025-07-13T23:29:04.092+0300] {logging_mixin.py:188} INFO - [2025-07-13T23:29:04.092+0300] {dagbag.py:545} INFO - Filling up the DagBag from /home/wal/.pyenv/versions/3.12.0/lib/python3.12/site-packages/airflow/example_dags/example_python_operator.py
[2025-07-13T23:29:04.109+0300] {processor.py:840} INFO - DAG(s) 'example_python_operator' retrieved from /home/wal/.pyenv/versions/3.12.0/lib/python3.12/site-packages/airflow/example_dags/example_python_operator.py
[2025-07-13T23:29:04.184+0300] {logging_mixin.py:188} INFO - [2025-07-13T23:29:04.183+0300] {dag.py:3096} INFO - Sync 1 DAGs
[2025-07-13T23:29:04.205+0300] {logging_mixin.py:188} INFO - [2025-07-13T23:29:04.205+0300] {dag.py:3954} INFO - Setting next_dagrun for example_python_operator to None, run_after=None
[2025-07-13T23:29:04.246+0300] {processor.py:183} INFO - Processing /home/wal/.pyenv/versions/3.12.0/lib/python3.12/site-packages/airflow/example_dags/example_python_operator.py took 0.173 seconds
[2025-07-13T23:30:05.358+0300] {processor.py:161} INFO - Started process (PID=6012) to work on /home/wal/.pyenv/versions/3.12.0/lib/python3.12/site-packages/airflow/example_dags/example_python_operator.py
[2025-07-13T23:30:05.365+0300] {processor.py:830} INFO - Processing file /home/wal/.pyenv/versions/3.12.0/lib/python3.12/site-packages/airflow/example_dags/example_python_operator.py for tasks to queue
[2025-07-13T23:30:05.369+0300] {logging_mixin.py:188} INFO - [2025-07-13T23:30:05.368+0300] {dagbag.py:545} INFO - Filling up the DagBag from /home/wal/.pyenv/versions/3.12.0/lib/python3.12/site-packages/airflow/example_dags/example_python_operator.py
[2025-07-13T23:30:05.387+0300] {processor.py:840} INFO - DAG(s) 'example_python_operator' retrieved from /home/wal/.pyenv/versions/3.12.0/lib/python3.12/site-packages/airflow/example_dags/example_python_operator.py
[2025-07-13T23:30:05.413+0300] {logging_mixin.py:188} INFO - [2025-07-13T23:30:05.413+0300] {dag.py:3096} INFO - Sync 1 DAGs
[2025-07-13T23:30:05.438+0300] {logging_mixin.py:188} INFO - [2025-07-13T23:30:05.438+0300] {dag.py:3954} INFO - Setting next_dagrun for example_python_operator to None, run_after=None
[2025-07-13T23:30:05.560+0300] {processor.py:183} INFO - Processing /home/wal/.pyenv/versions/3.12.0/lib/python3.12/site-packages/airflow/example_dags/example_python_operator.py took 0.214 seconds
[2025-07-13T23:31:06.719+0300] {processor.py:161} INFO - Started process (PID=6065) to work on /home/wal/.pyenv/versions/3.12.0/lib/python3.12/site-packages/airflow/example_dags/example_python_operator.py
[2025-07-13T23:31:06.726+0300] {processor.py:830} INFO - Processing file /home/wal/.pyenv/versions/3.12.0/lib/python3.12/site-packages/airflow/example_dags/example_python_operator.py for tasks to queue
[2025-07-13T23:31:06.728+0300] {logging_mixin.py:188} INFO - [2025-07-13T23:31:06.727+0300] {dagbag.py:545} INFO - Filling up the DagBag from /home/wal/.pyenv/versions/3.12.0/lib/python3.12/site-packages/airflow/example_dags/example_python_operator.py
[2025-07-13T23:31:06.750+0300] {processor.py:840} INFO - DAG(s) 'example_python_operator' retrieved from /home/wal/.pyenv/versions/3.12.0/lib/python3.12/site-packages/airflow/example_dags/example_python_operator.py
[2025-07-13T23:31:06.785+0300] {logging_mixin.py:188} INFO - [2025-07-13T23:31:06.785+0300] {dag.py:3096} INFO - Sync 1 DAGs
[2025-07-13T23:31:06.806+0300] {logging_mixin.py:188} INFO - [2025-07-13T23:31:06.806+0300] {dag.py:3954} INFO - Setting next_dagrun for example_python_operator to None, run_after=None
[2025-07-13T23:31:06.848+0300] {processor.py:183} INFO - Processing /home/wal/.pyenv/versions/3.12.0/lib/python3.12/site-packages/airflow/example_dags/example_python_operator.py took 0.141 seconds
[2025-07-13T23:32:04.282+0300] {processor.py:161} INFO - Started process (PID=6117) to work on /home/wal/.pyenv/versions/3.12.0/lib/python3.12/site-packages/airflow/example_dags/example_python_operator.py
[2025-07-13T23:32:04.289+0300] {processor.py:830} INFO - Processing file /home/wal/.pyenv/versions/3.12.0/lib/python3.12/site-packages/airflow/example_dags/example_python_operator.py for tasks to queue
[2025-07-13T23:32:04.293+0300] {logging_mixin.py:188} INFO - [2025-07-13T23:32:04.292+0300] {dagbag.py:545} INFO - Filling up the DagBag from /home/wal/.pyenv/versions/3.12.0/lib/python3.12/site-packages/airflow/example_dags/example_python_operator.py
[2025-07-13T23:32:04.313+0300] {processor.py:840} INFO - DAG(s) 'example_python_operator' retrieved from /home/wal/.pyenv/versions/3.12.0/lib/python3.12/site-packages/airflow/example_dags/example_python_operator.py
[2025-07-13T23:32:04.345+0300] {logging_mixin.py:188} INFO - [2025-07-13T23:32:04.345+0300] {dag.py:3096} INFO - Sync 1 DAGs
[2025-07-13T23:32:04.364+0300] {logging_mixin.py:188} INFO - [2025-07-13T23:32:04.363+0300] {dag.py:3954} INFO - Setting next_dagrun for example_python_operator to None, run_after=None
[2025-07-13T23:32:04.406+0300] {processor.py:183} INFO - Processing /home/wal/.pyenv/versions/3.12.0/lib/python3.12/site-packages/airflow/example_dags/example_python_operator.py took 0.136 seconds
[2025-07-13T23:33:08.222+0300] {processor.py:161} INFO - Started process (PID=6171) to work on /home/wal/.pyenv/versions/3.12.0/lib/python3.12/site-packages/airflow/example_dags/example_python_operator.py
[2025-07-13T23:33:08.230+0300] {processor.py:830} INFO - Processing file /home/wal/.pyenv/versions/3.12.0/lib/python3.12/site-packages/airflow/example_dags/example_python_operator.py for tasks to queue
[2025-07-13T23:33:08.251+0300] {logging_mixin.py:188} INFO - [2025-07-13T23:33:08.243+0300] {dagbag.py:545} INFO - Filling up the DagBag from /home/wal/.pyenv/versions/3.12.0/lib/python3.12/site-packages/airflow/example_dags/example_python_operator.py
[2025-07-13T23:33:08.310+0300] {processor.py:840} INFO - DAG(s) 'example_python_operator' retrieved from /home/wal/.pyenv/versions/3.12.0/lib/python3.12/site-packages/airflow/example_dags/example_python_operator.py
[2025-07-13T23:33:08.352+0300] {logging_mixin.py:188} INFO - [2025-07-13T23:33:08.351+0300] {dag.py:3096} INFO - Sync 1 DAGs
[2025-07-13T23:33:08.372+0300] {logging_mixin.py:188} INFO - [2025-07-13T23:33:08.372+0300] {dag.py:3954} INFO - Setting next_dagrun for example_python_operator to None, run_after=None
[2025-07-13T23:33:08.415+0300] {processor.py:183} INFO - Processing /home/wal/.pyenv/versions/3.12.0/lib/python3.12/site-packages/airflow/example_dags/example_python_operator.py took 0.206 seconds
[2025-07-13T23:34:10.226+0300] {processor.py:161} INFO - Started process (PID=6225) to work on /home/wal/.pyenv/versions/3.12.0/lib/python3.12/site-packages/airflow/example_dags/example_python_operator.py
[2025-07-13T23:34:10.234+0300] {processor.py:830} INFO - Processing file /home/wal/.pyenv/versions/3.12.0/lib/python3.12/site-packages/airflow/example_dags/example_python_operator.py for tasks to queue
[2025-07-13T23:34:10.244+0300] {logging_mixin.py:188} INFO - [2025-07-13T23:34:10.241+0300] {dagbag.py:545} INFO - Filling up the DagBag from /home/wal/.pyenv/versions/3.12.0/lib/python3.12/site-packages/airflow/example_dags/example_python_operator.py
[2025-07-13T23:34:10.310+0300] {processor.py:840} INFO - DAG(s) 'example_python_operator' retrieved from /home/wal/.pyenv/versions/3.12.0/lib/python3.12/site-packages/airflow/example_dags/example_python_operator.py
[2025-07-13T23:34:10.405+0300] {logging_mixin.py:188} INFO - [2025-07-13T23:34:10.404+0300] {dag.py:3096} INFO - Sync 1 DAGs
[2025-07-13T23:34:10.459+0300] {logging_mixin.py:188} INFO - [2025-07-13T23:34:10.458+0300] {dag.py:3954} INFO - Setting next_dagrun for example_python_operator to None, run_after=None
[2025-07-13T23:34:10.550+0300] {processor.py:183} INFO - Processing /home/wal/.pyenv/versions/3.12.0/lib/python3.12/site-packages/airflow/example_dags/example_python_operator.py took 0.358 seconds
[2025-07-13T23:35:32.242+0300] {processor.py:161} INFO - Started process (PID=6290) to work on /home/wal/.pyenv/versions/3.12.0/lib/python3.12/site-packages/airflow/example_dags/example_python_operator.py
[2025-07-13T23:35:32.248+0300] {processor.py:830} INFO - Processing file /home/wal/.pyenv/versions/3.12.0/lib/python3.12/site-packages/airflow/example_dags/example_python_operator.py for tasks to queue
[2025-07-13T23:35:32.250+0300] {logging_mixin.py:188} INFO - [2025-07-13T23:35:32.250+0300] {dagbag.py:545} INFO - Filling up the DagBag from /home/wal/.pyenv/versions/3.12.0/lib/python3.12/site-packages/airflow/example_dags/example_python_operator.py
[2025-07-13T23:35:32.270+0300] {processor.py:840} INFO - DAG(s) 'example_python_operator' retrieved from /home/wal/.pyenv/versions/3.12.0/lib/python3.12/site-packages/airflow/example_dags/example_python_operator.py
[2025-07-13T23:35:32.299+0300] {logging_mixin.py:188} INFO - [2025-07-13T23:35:32.299+0300] {dag.py:3096} INFO - Sync 1 DAGs
[2025-07-13T23:35:32.322+0300] {logging_mixin.py:188} INFO - [2025-07-13T23:35:32.321+0300] {dag.py:3954} INFO - Setting next_dagrun for example_python_operator to None, run_after=None
[2025-07-13T23:35:32.361+0300] {processor.py:183} INFO - Processing /home/wal/.pyenv/versions/3.12.0/lib/python3.12/site-packages/airflow/example_dags/example_python_operator.py took 0.133 seconds
[2025-07-13T23:36:32.910+0300] {processor.py:161} INFO - Started process (PID=6345) to work on /home/wal/.pyenv/versions/3.12.0/lib/python3.12/site-packages/airflow/example_dags/example_python_operator.py
[2025-07-13T23:36:32.917+0300] {processor.py:830} INFO - Processing file /home/wal/.pyenv/versions/3.12.0/lib/python3.12/site-packages/airflow/example_dags/example_python_operator.py for tasks to queue
[2025-07-13T23:36:32.921+0300] {logging_mixin.py:188} INFO - [2025-07-13T23:36:32.921+0300] {dagbag.py:545} INFO - Filling up the DagBag from /home/wal/.pyenv/versions/3.12.0/lib/python3.12/site-packages/airflow/example_dags/example_python_operator.py
[2025-07-13T23:36:32.937+0300] {processor.py:840} INFO - DAG(s) 'example_python_operator' retrieved from /home/wal/.pyenv/versions/3.12.0/lib/python3.12/site-packages/airflow/example_dags/example_python_operator.py
[2025-07-13T23:36:32.961+0300] {logging_mixin.py:188} INFO - [2025-07-13T23:36:32.960+0300] {dag.py:3096} INFO - Sync 1 DAGs
[2025-07-13T23:36:32.976+0300] {logging_mixin.py:188} INFO - [2025-07-13T23:36:32.976+0300] {dag.py:3954} INFO - Setting next_dagrun for example_python_operator to None, run_after=None
[2025-07-13T23:36:33.008+0300] {processor.py:183} INFO - Processing /home/wal/.pyenv/versions/3.12.0/lib/python3.12/site-packages/airflow/example_dags/example_python_operator.py took 0.108 seconds
[2025-07-13T23:37:29.962+0300] {processor.py:161} INFO - Started process (PID=6396) to work on /home/wal/.pyenv/versions/3.12.0/lib/python3.12/site-packages/airflow/example_dags/example_python_operator.py
[2025-07-13T23:37:29.969+0300] {processor.py:830} INFO - Processing file /home/wal/.pyenv/versions/3.12.0/lib/python3.12/site-packages/airflow/example_dags/example_python_operator.py for tasks to queue
[2025-07-13T23:37:29.972+0300] {logging_mixin.py:188} INFO - [2025-07-13T23:37:29.971+0300] {dagbag.py:545} INFO - Filling up the DagBag from /home/wal/.pyenv/versions/3.12.0/lib/python3.12/site-packages/airflow/example_dags/example_python_operator.py
[2025-07-13T23:37:29.991+0300] {processor.py:840} INFO - DAG(s) 'example_python_operator' retrieved from /home/wal/.pyenv/versions/3.12.0/lib/python3.12/site-packages/airflow/example_dags/example_python_operator.py
[2025-07-13T23:37:30.020+0300] {logging_mixin.py:188} INFO - [2025-07-13T23:37:30.020+0300] {dag.py:3096} INFO - Sync 1 DAGs
[2025-07-13T23:37:30.037+0300] {logging_mixin.py:188} INFO - [2025-07-13T23:37:30.037+0300] {dag.py:3954} INFO - Setting next_dagrun for example_python_operator to None, run_after=None
[2025-07-13T23:37:30.070+0300] {processor.py:183} INFO - Processing /home/wal/.pyenv/versions/3.12.0/lib/python3.12/site-packages/airflow/example_dags/example_python_operator.py took 0.121 seconds
[2025-07-13T23:38:31.502+0300] {processor.py:161} INFO - Started process (PID=6448) to work on /home/wal/.pyenv/versions/3.12.0/lib/python3.12/site-packages/airflow/example_dags/example_python_operator.py
[2025-07-13T23:38:31.504+0300] {processor.py:830} INFO - Processing file /home/wal/.pyenv/versions/3.12.0/lib/python3.12/site-packages/airflow/example_dags/example_python_operator.py for tasks to queue
[2025-07-13T23:38:31.506+0300] {logging_mixin.py:188} INFO - [2025-07-13T23:38:31.505+0300] {dagbag.py:545} INFO - Filling up the DagBag from /home/wal/.pyenv/versions/3.12.0/lib/python3.12/site-packages/airflow/example_dags/example_python_operator.py
[2025-07-13T23:38:31.523+0300] {processor.py:840} INFO - DAG(s) 'example_python_operator' retrieved from /home/wal/.pyenv/versions/3.12.0/lib/python3.12/site-packages/airflow/example_dags/example_python_operator.py
[2025-07-13T23:38:31.553+0300] {logging_mixin.py:188} INFO - [2025-07-13T23:38:31.553+0300] {dag.py:3096} INFO - Sync 1 DAGs
[2025-07-13T23:38:31.575+0300] {logging_mixin.py:188} INFO - [2025-07-13T23:38:31.575+0300] {dag.py:3954} INFO - Setting next_dagrun for example_python_operator to None, run_after=None
[2025-07-13T23:38:31.608+0300] {processor.py:183} INFO - Processing /home/wal/.pyenv/versions/3.12.0/lib/python3.12/site-packages/airflow/example_dags/example_python_operator.py took 0.118 seconds
[2025-07-13T23:39:29.171+0300] {processor.py:161} INFO - Started process (PID=6499) to work on /home/wal/.pyenv/versions/3.12.0/lib/python3.12/site-packages/airflow/example_dags/example_python_operator.py
[2025-07-13T23:39:29.173+0300] {processor.py:830} INFO - Processing file /home/wal/.pyenv/versions/3.12.0/lib/python3.12/site-packages/airflow/example_dags/example_python_operator.py for tasks to queue
[2025-07-13T23:39:29.176+0300] {logging_mixin.py:188} INFO - [2025-07-13T23:39:29.175+0300] {dagbag.py:545} INFO - Filling up the DagBag from /home/wal/.pyenv/versions/3.12.0/lib/python3.12/site-packages/airflow/example_dags/example_python_operator.py
[2025-07-13T23:39:29.204+0300] {processor.py:840} INFO - DAG(s) 'example_python_operator' retrieved from /home/wal/.pyenv/versions/3.12.0/lib/python3.12/site-packages/airflow/example_dags/example_python_operator.py
[2025-07-13T23:39:29.242+0300] {logging_mixin.py:188} INFO - [2025-07-13T23:39:29.240+0300] {dag.py:3096} INFO - Sync 1 DAGs
[2025-07-13T23:39:29.266+0300] {logging_mixin.py:188} INFO - [2025-07-13T23:39:29.265+0300] {dag.py:3954} INFO - Setting next_dagrun for example_python_operator to None, run_after=None
[2025-07-13T23:39:29.301+0300] {processor.py:183} INFO - Processing /home/wal/.pyenv/versions/3.12.0/lib/python3.12/site-packages/airflow/example_dags/example_python_operator.py took 0.145 seconds
[2025-07-13T23:40:23.404+0300] {processor.py:161} INFO - Started process (PID=6550) to work on /home/wal/.pyenv/versions/3.12.0/lib/python3.12/site-packages/airflow/example_dags/example_python_operator.py
[2025-07-13T23:40:23.410+0300] {processor.py:830} INFO - Processing file /home/wal/.pyenv/versions/3.12.0/lib/python3.12/site-packages/airflow/example_dags/example_python_operator.py for tasks to queue
[2025-07-13T23:40:23.412+0300] {logging_mixin.py:188} INFO - [2025-07-13T23:40:23.411+0300] {dagbag.py:545} INFO - Filling up the DagBag from /home/wal/.pyenv/versions/3.12.0/lib/python3.12/site-packages/airflow/example_dags/example_python_operator.py
[2025-07-13T23:40:23.425+0300] {processor.py:840} INFO - DAG(s) 'example_python_operator' retrieved from /home/wal/.pyenv/versions/3.12.0/lib/python3.12/site-packages/airflow/example_dags/example_python_operator.py
[2025-07-13T23:40:23.450+0300] {logging_mixin.py:188} INFO - [2025-07-13T23:40:23.450+0300] {dag.py:3096} INFO - Sync 1 DAGs
[2025-07-13T23:40:23.466+0300] {logging_mixin.py:188} INFO - [2025-07-13T23:40:23.466+0300] {dag.py:3954} INFO - Setting next_dagrun for example_python_operator to None, run_after=None
[2025-07-13T23:40:23.500+0300] {processor.py:183} INFO - Processing /home/wal/.pyenv/versions/3.12.0/lib/python3.12/site-packages/airflow/example_dags/example_python_operator.py took 0.103 seconds
[2025-07-13T23:41:15.336+0300] {processor.py:161} INFO - Started process (PID=6600) to work on /home/wal/.pyenv/versions/3.12.0/lib/python3.12/site-packages/airflow/example_dags/example_python_operator.py
[2025-07-13T23:41:15.342+0300] {processor.py:830} INFO - Processing file /home/wal/.pyenv/versions/3.12.0/lib/python3.12/site-packages/airflow/example_dags/example_python_operator.py for tasks to queue
[2025-07-13T23:41:15.345+0300] {logging_mixin.py:188} INFO - [2025-07-13T23:41:15.344+0300] {dagbag.py:545} INFO - Filling up the DagBag from /home/wal/.pyenv/versions/3.12.0/lib/python3.12/site-packages/airflow/example_dags/example_python_operator.py
[2025-07-13T23:41:15.359+0300] {processor.py:840} INFO - DAG(s) 'example_python_operator' retrieved from /home/wal/.pyenv/versions/3.12.0/lib/python3.12/site-packages/airflow/example_dags/example_python_operator.py
[2025-07-13T23:41:15.386+0300] {logging_mixin.py:188} INFO - [2025-07-13T23:41:15.386+0300] {dag.py:3096} INFO - Sync 1 DAGs
[2025-07-13T23:41:15.404+0300] {logging_mixin.py:188} INFO - [2025-07-13T23:41:15.403+0300] {dag.py:3954} INFO - Setting next_dagrun for example_python_operator to None, run_after=None
[2025-07-13T23:41:15.437+0300] {processor.py:183} INFO - Processing /home/wal/.pyenv/versions/3.12.0/lib/python3.12/site-packages/airflow/example_dags/example_python_operator.py took 0.111 seconds
[2025-07-13T23:42:05.745+0300] {processor.py:161} INFO - Started process (PID=6647) to work on /home/wal/.pyenv/versions/3.12.0/lib/python3.12/site-packages/airflow/example_dags/example_python_operator.py
[2025-07-13T23:42:05.748+0300] {processor.py:830} INFO - Processing file /home/wal/.pyenv/versions/3.12.0/lib/python3.12/site-packages/airflow/example_dags/example_python_operator.py for tasks to queue
[2025-07-13T23:42:05.750+0300] {logging_mixin.py:188} INFO - [2025-07-13T23:42:05.750+0300] {dagbag.py:545} INFO - Filling up the DagBag from /home/wal/.pyenv/versions/3.12.0/lib/python3.12/site-packages/airflow/example_dags/example_python_operator.py
[2025-07-13T23:42:05.767+0300] {processor.py:840} INFO - DAG(s) 'example_python_operator' retrieved from /home/wal/.pyenv/versions/3.12.0/lib/python3.12/site-packages/airflow/example_dags/example_python_operator.py
[2025-07-13T23:42:05.793+0300] {logging_mixin.py:188} INFO - [2025-07-13T23:42:05.793+0300] {dag.py:3096} INFO - Sync 1 DAGs
[2025-07-13T23:42:05.811+0300] {logging_mixin.py:188} INFO - [2025-07-13T23:42:05.811+0300] {dag.py:3954} INFO - Setting next_dagrun for example_python_operator to None, run_after=None
[2025-07-13T23:42:05.847+0300] {processor.py:183} INFO - Processing /home/wal/.pyenv/versions/3.12.0/lib/python3.12/site-packages/airflow/example_dags/example_python_operator.py took 0.119 seconds
[2025-07-13T23:42:59.689+0300] {processor.py:161} INFO - Started process (PID=6696) to work on /home/wal/.pyenv/versions/3.12.0/lib/python3.12/site-packages/airflow/example_dags/example_python_operator.py
[2025-07-13T23:42:59.697+0300] {processor.py:830} INFO - Processing file /home/wal/.pyenv/versions/3.12.0/lib/python3.12/site-packages/airflow/example_dags/example_python_operator.py for tasks to queue
[2025-07-13T23:42:59.711+0300] {logging_mixin.py:188} INFO - [2025-07-13T23:42:59.708+0300] {dagbag.py:545} INFO - Filling up the DagBag from /home/wal/.pyenv/versions/3.12.0/lib/python3.12/site-packages/airflow/example_dags/example_python_operator.py
[2025-07-13T23:42:59.742+0300] {processor.py:840} INFO - DAG(s) 'example_python_operator' retrieved from /home/wal/.pyenv/versions/3.12.0/lib/python3.12/site-packages/airflow/example_dags/example_python_operator.py
[2025-07-13T23:42:59.772+0300] {logging_mixin.py:188} INFO - [2025-07-13T23:42:59.771+0300] {dag.py:3096} INFO - Sync 1 DAGs
[2025-07-13T23:42:59.787+0300] {logging_mixin.py:188} INFO - [2025-07-13T23:42:59.787+0300] {dag.py:3954} INFO - Setting next_dagrun for example_python_operator to None, run_after=None
[2025-07-13T23:42:59.819+0300] {processor.py:183} INFO - Processing /home/wal/.pyenv/versions/3.12.0/lib/python3.12/site-packages/airflow/example_dags/example_python_operator.py took 0.146 seconds
[2025-07-13T23:43:54.617+0300] {processor.py:161} INFO - Started process (PID=6746) to work on /home/wal/.pyenv/versions/3.12.0/lib/python3.12/site-packages/airflow/example_dags/example_python_operator.py
[2025-07-13T23:43:54.625+0300] {processor.py:830} INFO - Processing file /home/wal/.pyenv/versions/3.12.0/lib/python3.12/site-packages/airflow/example_dags/example_python_operator.py for tasks to queue
[2025-07-13T23:43:54.629+0300] {logging_mixin.py:188} INFO - [2025-07-13T23:43:54.628+0300] {dagbag.py:545} INFO - Filling up the DagBag from /home/wal/.pyenv/versions/3.12.0/lib/python3.12/site-packages/airflow/example_dags/example_python_operator.py
[2025-07-13T23:43:54.666+0300] {processor.py:840} INFO - DAG(s) 'example_python_operator' retrieved from /home/wal/.pyenv/versions/3.12.0/lib/python3.12/site-packages/airflow/example_dags/example_python_operator.py
[2025-07-13T23:43:54.756+0300] {logging_mixin.py:188} INFO - [2025-07-13T23:43:54.755+0300] {dag.py:3096} INFO - Sync 1 DAGs
[2025-07-13T23:43:54.805+0300] {logging_mixin.py:188} INFO - [2025-07-13T23:43:54.804+0300] {dag.py:3954} INFO - Setting next_dagrun for example_python_operator to None, run_after=None
[2025-07-13T23:43:54.901+0300] {processor.py:183} INFO - Processing /home/wal/.pyenv/versions/3.12.0/lib/python3.12/site-packages/airflow/example_dags/example_python_operator.py took 0.305 seconds
[2025-07-13T23:44:50.350+0300] {processor.py:161} INFO - Started process (PID=6798) to work on /home/wal/.pyenv/versions/3.12.0/lib/python3.12/site-packages/airflow/example_dags/example_python_operator.py
[2025-07-13T23:44:50.354+0300] {processor.py:830} INFO - Processing file /home/wal/.pyenv/versions/3.12.0/lib/python3.12/site-packages/airflow/example_dags/example_python_operator.py for tasks to queue
[2025-07-13T23:44:50.359+0300] {logging_mixin.py:188} INFO - [2025-07-13T23:44:50.358+0300] {dagbag.py:545} INFO - Filling up the DagBag from /home/wal/.pyenv/versions/3.12.0/lib/python3.12/site-packages/airflow/example_dags/example_python_operator.py
[2025-07-13T23:44:50.393+0300] {processor.py:840} INFO - DAG(s) 'example_python_operator' retrieved from /home/wal/.pyenv/versions/3.12.0/lib/python3.12/site-packages/airflow/example_dags/example_python_operator.py
[2025-07-13T23:44:50.424+0300] {logging_mixin.py:188} INFO - [2025-07-13T23:44:50.424+0300] {dag.py:3096} INFO - Sync 1 DAGs
[2025-07-13T23:44:50.440+0300] {logging_mixin.py:188} INFO - [2025-07-13T23:44:50.440+0300] {dag.py:3954} INFO - Setting next_dagrun for example_python_operator to None, run_after=None
[2025-07-13T23:44:50.474+0300] {processor.py:183} INFO - Processing /home/wal/.pyenv/versions/3.12.0/lib/python3.12/site-packages/airflow/example_dags/example_python_operator.py took 0.145 seconds
[2025-07-13T23:45:45.598+0300] {processor.py:161} INFO - Started process (PID=6851) to work on /home/wal/.pyenv/versions/3.12.0/lib/python3.12/site-packages/airflow/example_dags/example_python_operator.py
[2025-07-13T23:45:45.605+0300] {processor.py:830} INFO - Processing file /home/wal/.pyenv/versions/3.12.0/lib/python3.12/site-packages/airflow/example_dags/example_python_operator.py for tasks to queue
[2025-07-13T23:45:45.610+0300] {logging_mixin.py:188} INFO - [2025-07-13T23:45:45.609+0300] {dagbag.py:545} INFO - Filling up the DagBag from /home/wal/.pyenv/versions/3.12.0/lib/python3.12/site-packages/airflow/example_dags/example_python_operator.py
[2025-07-13T23:45:45.628+0300] {processor.py:840} INFO - DAG(s) 'example_python_operator' retrieved from /home/wal/.pyenv/versions/3.12.0/lib/python3.12/site-packages/airflow/example_dags/example_python_operator.py
[2025-07-13T23:45:45.655+0300] {logging_mixin.py:188} INFO - [2025-07-13T23:45:45.654+0300] {dag.py:3096} INFO - Sync 1 DAGs
[2025-07-13T23:45:45.673+0300] {logging_mixin.py:188} INFO - [2025-07-13T23:45:45.672+0300] {dag.py:3954} INFO - Setting next_dagrun for example_python_operator to None, run_after=None
[2025-07-13T23:45:45.701+0300] {processor.py:183} INFO - Processing /home/wal/.pyenv/versions/3.12.0/lib/python3.12/site-packages/airflow/example_dags/example_python_operator.py took 0.118 seconds
[2025-07-13T23:46:40.209+0300] {processor.py:161} INFO - Started process (PID=6899) to work on /home/wal/.pyenv/versions/3.12.0/lib/python3.12/site-packages/airflow/example_dags/example_python_operator.py
[2025-07-13T23:46:40.211+0300] {processor.py:830} INFO - Processing file /home/wal/.pyenv/versions/3.12.0/lib/python3.12/site-packages/airflow/example_dags/example_python_operator.py for tasks to queue
[2025-07-13T23:46:40.213+0300] {logging_mixin.py:188} INFO - [2025-07-13T23:46:40.213+0300] {dagbag.py:545} INFO - Filling up the DagBag from /home/wal/.pyenv/versions/3.12.0/lib/python3.12/site-packages/airflow/example_dags/example_python_operator.py
[2025-07-13T23:46:40.229+0300] {processor.py:840} INFO - DAG(s) 'example_python_operator' retrieved from /home/wal/.pyenv/versions/3.12.0/lib/python3.12/site-packages/airflow/example_dags/example_python_operator.py
[2025-07-13T23:46:40.256+0300] {logging_mixin.py:188} INFO - [2025-07-13T23:46:40.256+0300] {dag.py:3096} INFO - Sync 1 DAGs
[2025-07-13T23:46:40.273+0300] {logging_mixin.py:188} INFO - [2025-07-13T23:46:40.273+0300] {dag.py:3954} INFO - Setting next_dagrun for example_python_operator to None, run_after=None
[2025-07-13T23:46:40.301+0300] {processor.py:183} INFO - Processing /home/wal/.pyenv/versions/3.12.0/lib/python3.12/site-packages/airflow/example_dags/example_python_operator.py took 0.102 seconds
[2025-07-13T23:47:39.068+0300] {processor.py:161} INFO - Started process (PID=6952) to work on /home/wal/.pyenv/versions/3.12.0/lib/python3.12/site-packages/airflow/example_dags/example_python_operator.py
[2025-07-13T23:47:39.074+0300] {processor.py:830} INFO - Processing file /home/wal/.pyenv/versions/3.12.0/lib/python3.12/site-packages/airflow/example_dags/example_python_operator.py for tasks to queue
[2025-07-13T23:47:39.076+0300] {logging_mixin.py:188} INFO - [2025-07-13T23:47:39.076+0300] {dagbag.py:545} INFO - Filling up the DagBag from /home/wal/.pyenv/versions/3.12.0/lib/python3.12/site-packages/airflow/example_dags/example_python_operator.py
[2025-07-13T23:47:39.088+0300] {processor.py:840} INFO - DAG(s) 'example_python_operator' retrieved from /home/wal/.pyenv/versions/3.12.0/lib/python3.12/site-packages/airflow/example_dags/example_python_operator.py
[2025-07-13T23:47:39.113+0300] {logging_mixin.py:188} INFO - [2025-07-13T23:47:39.113+0300] {dag.py:3096} INFO - Sync 1 DAGs
[2025-07-13T23:47:39.131+0300] {logging_mixin.py:188} INFO - [2025-07-13T23:47:39.131+0300] {dag.py:3954} INFO - Setting next_dagrun for example_python_operator to None, run_after=None
[2025-07-13T23:47:39.165+0300] {processor.py:183} INFO - Processing /home/wal/.pyenv/versions/3.12.0/lib/python3.12/site-packages/airflow/example_dags/example_python_operator.py took 0.105 seconds
[2025-07-13T23:48:32.828+0300] {processor.py:161} INFO - Started process (PID=7001) to work on /home/wal/.pyenv/versions/3.12.0/lib/python3.12/site-packages/airflow/example_dags/example_python_operator.py
[2025-07-13T23:48:32.831+0300] {processor.py:830} INFO - Processing file /home/wal/.pyenv/versions/3.12.0/lib/python3.12/site-packages/airflow/example_dags/example_python_operator.py for tasks to queue
[2025-07-13T23:48:32.834+0300] {logging_mixin.py:188} INFO - [2025-07-13T23:48:32.833+0300] {dagbag.py:545} INFO - Filling up the DagBag from /home/wal/.pyenv/versions/3.12.0/lib/python3.12/site-packages/airflow/example_dags/example_python_operator.py
[2025-07-13T23:48:32.853+0300] {processor.py:840} INFO - DAG(s) 'example_python_operator' retrieved from /home/wal/.pyenv/versions/3.12.0/lib/python3.12/site-packages/airflow/example_dags/example_python_operator.py
[2025-07-13T23:48:32.884+0300] {logging_mixin.py:188} INFO - [2025-07-13T23:48:32.884+0300] {dag.py:3096} INFO - Sync 1 DAGs
[2025-07-13T23:48:32.901+0300] {logging_mixin.py:188} INFO - [2025-07-13T23:48:32.901+0300] {dag.py:3954} INFO - Setting next_dagrun for example_python_operator to None, run_after=None
[2025-07-13T23:48:32.935+0300] {processor.py:183} INFO - Processing /home/wal/.pyenv/versions/3.12.0/lib/python3.12/site-packages/airflow/example_dags/example_python_operator.py took 0.121 seconds
[2025-07-13T23:49:27.817+0300] {processor.py:161} INFO - Started process (PID=7052) to work on /home/wal/.pyenv/versions/3.12.0/lib/python3.12/site-packages/airflow/example_dags/example_python_operator.py
[2025-07-13T23:49:27.820+0300] {processor.py:830} INFO - Processing file /home/wal/.pyenv/versions/3.12.0/lib/python3.12/site-packages/airflow/example_dags/example_python_operator.py for tasks to queue
[2025-07-13T23:49:27.824+0300] {logging_mixin.py:188} INFO - [2025-07-13T23:49:27.824+0300] {dagbag.py:545} INFO - Filling up the DagBag from /home/wal/.pyenv/versions/3.12.0/lib/python3.12/site-packages/airflow/example_dags/example_python_operator.py
[2025-07-13T23:49:27.844+0300] {processor.py:840} INFO - DAG(s) 'example_python_operator' retrieved from /home/wal/.pyenv/versions/3.12.0/lib/python3.12/site-packages/airflow/example_dags/example_python_operator.py
[2025-07-13T23:49:27.871+0300] {logging_mixin.py:188} INFO - [2025-07-13T23:49:27.871+0300] {dag.py:3096} INFO - Sync 1 DAGs
[2025-07-13T23:49:27.888+0300] {logging_mixin.py:188} INFO - [2025-07-13T23:49:27.888+0300] {dag.py:3954} INFO - Setting next_dagrun for example_python_operator to None, run_after=None
[2025-07-13T23:49:27.941+0300] {processor.py:183} INFO - Processing /home/wal/.pyenv/versions/3.12.0/lib/python3.12/site-packages/airflow/example_dags/example_python_operator.py took 0.136 seconds
[2025-07-13T23:50:19.336+0300] {processor.py:161} INFO - Started process (PID=7101) to work on /home/wal/.pyenv/versions/3.12.0/lib/python3.12/site-packages/airflow/example_dags/example_python_operator.py
[2025-07-13T23:50:19.342+0300] {processor.py:830} INFO - Processing file /home/wal/.pyenv/versions/3.12.0/lib/python3.12/site-packages/airflow/example_dags/example_python_operator.py for tasks to queue
[2025-07-13T23:50:19.344+0300] {logging_mixin.py:188} INFO - [2025-07-13T23:50:19.344+0300] {dagbag.py:545} INFO - Filling up the DagBag from /home/wal/.pyenv/versions/3.12.0/lib/python3.12/site-packages/airflow/example_dags/example_python_operator.py
[2025-07-13T23:50:19.359+0300] {processor.py:840} INFO - DAG(s) 'example_python_operator' retrieved from /home/wal/.pyenv/versions/3.12.0/lib/python3.12/site-packages/airflow/example_dags/example_python_operator.py
[2025-07-13T23:50:19.383+0300] {logging_mixin.py:188} INFO - [2025-07-13T23:50:19.382+0300] {dag.py:3096} INFO - Sync 1 DAGs
[2025-07-13T23:50:19.397+0300] {logging_mixin.py:188} INFO - [2025-07-13T23:50:19.396+0300] {dag.py:3954} INFO - Setting next_dagrun for example_python_operator to None, run_after=None
[2025-07-13T23:50:19.429+0300] {processor.py:183} INFO - Processing /home/wal/.pyenv/versions/3.12.0/lib/python3.12/site-packages/airflow/example_dags/example_python_operator.py took 0.099 seconds
[2025-07-13T23:51:12.311+0300] {processor.py:161} INFO - Started process (PID=7150) to work on /home/wal/.pyenv/versions/3.12.0/lib/python3.12/site-packages/airflow/example_dags/example_python_operator.py
[2025-07-13T23:51:12.318+0300] {processor.py:830} INFO - Processing file /home/wal/.pyenv/versions/3.12.0/lib/python3.12/site-packages/airflow/example_dags/example_python_operator.py for tasks to queue
[2025-07-13T23:51:12.321+0300] {logging_mixin.py:188} INFO - [2025-07-13T23:51:12.321+0300] {dagbag.py:545} INFO - Filling up the DagBag from /home/wal/.pyenv/versions/3.12.0/lib/python3.12/site-packages/airflow/example_dags/example_python_operator.py
[2025-07-13T23:51:12.336+0300] {processor.py:840} INFO - DAG(s) 'example_python_operator' retrieved from /home/wal/.pyenv/versions/3.12.0/lib/python3.12/site-packages/airflow/example_dags/example_python_operator.py
[2025-07-13T23:51:12.359+0300] {logging_mixin.py:188} INFO - [2025-07-13T23:51:12.359+0300] {dag.py:3096} INFO - Sync 1 DAGs
[2025-07-13T23:51:12.375+0300] {logging_mixin.py:188} INFO - [2025-07-13T23:51:12.375+0300] {dag.py:3954} INFO - Setting next_dagrun for example_python_operator to None, run_after=None
[2025-07-13T23:51:12.408+0300] {processor.py:183} INFO - Processing /home/wal/.pyenv/versions/3.12.0/lib/python3.12/site-packages/airflow/example_dags/example_python_operator.py took 0.107 seconds
[2025-07-13T23:52:14.787+0300] {processor.py:161} INFO - Started process (PID=7204) to work on /home/wal/.pyenv/versions/3.12.0/lib/python3.12/site-packages/airflow/example_dags/example_python_operator.py
[2025-07-13T23:52:14.789+0300] {processor.py:830} INFO - Processing file /home/wal/.pyenv/versions/3.12.0/lib/python3.12/site-packages/airflow/example_dags/example_python_operator.py for tasks to queue
[2025-07-13T23:52:14.792+0300] {logging_mixin.py:188} INFO - [2025-07-13T23:52:14.791+0300] {dagbag.py:545} INFO - Filling up the DagBag from /home/wal/.pyenv/versions/3.12.0/lib/python3.12/site-packages/airflow/example_dags/example_python_operator.py
[2025-07-13T23:52:14.806+0300] {processor.py:840} INFO - DAG(s) 'example_python_operator' retrieved from /home/wal/.pyenv/versions/3.12.0/lib/python3.12/site-packages/airflow/example_dags/example_python_operator.py
[2025-07-13T23:52:14.831+0300] {logging_mixin.py:188} INFO - [2025-07-13T23:52:14.831+0300] {dag.py:3096} INFO - Sync 1 DAGs
[2025-07-13T23:52:14.847+0300] {logging_mixin.py:188} INFO - [2025-07-13T23:52:14.846+0300] {dag.py:3954} INFO - Setting next_dagrun for example_python_operator to None, run_after=None
[2025-07-13T23:52:14.874+0300] {processor.py:183} INFO - Processing /home/wal/.pyenv/versions/3.12.0/lib/python3.12/site-packages/airflow/example_dags/example_python_operator.py took 0.099 seconds
[2025-07-13T23:53:13.219+0300] {processor.py:161} INFO - Started process (PID=7256) to work on /home/wal/.pyenv/versions/3.12.0/lib/python3.12/site-packages/airflow/example_dags/example_python_operator.py
[2025-07-13T23:53:13.225+0300] {processor.py:830} INFO - Processing file /home/wal/.pyenv/versions/3.12.0/lib/python3.12/site-packages/airflow/example_dags/example_python_operator.py for tasks to queue
[2025-07-13T23:53:13.229+0300] {logging_mixin.py:188} INFO - [2025-07-13T23:53:13.228+0300] {dagbag.py:545} INFO - Filling up the DagBag from /home/wal/.pyenv/versions/3.12.0/lib/python3.12/site-packages/airflow/example_dags/example_python_operator.py
[2025-07-13T23:53:13.242+0300] {processor.py:840} INFO - DAG(s) 'example_python_operator' retrieved from /home/wal/.pyenv/versions/3.12.0/lib/python3.12/site-packages/airflow/example_dags/example_python_operator.py
[2025-07-13T23:53:13.267+0300] {logging_mixin.py:188} INFO - [2025-07-13T23:53:13.267+0300] {dag.py:3096} INFO - Sync 1 DAGs
[2025-07-13T23:53:13.283+0300] {logging_mixin.py:188} INFO - [2025-07-13T23:53:13.283+0300] {dag.py:3954} INFO - Setting next_dagrun for example_python_operator to None, run_after=None
[2025-07-13T23:53:13.315+0300] {processor.py:183} INFO - Processing /home/wal/.pyenv/versions/3.12.0/lib/python3.12/site-packages/airflow/example_dags/example_python_operator.py took 0.109 seconds
[2025-07-13T23:54:07.741+0300] {processor.py:161} INFO - Started process (PID=7306) to work on /home/wal/.pyenv/versions/3.12.0/lib/python3.12/site-packages/airflow/example_dags/example_python_operator.py
[2025-07-13T23:54:07.743+0300] {processor.py:830} INFO - Processing file /home/wal/.pyenv/versions/3.12.0/lib/python3.12/site-packages/airflow/example_dags/example_python_operator.py for tasks to queue
[2025-07-13T23:54:07.745+0300] {logging_mixin.py:188} INFO - [2025-07-13T23:54:07.745+0300] {dagbag.py:545} INFO - Filling up the DagBag from /home/wal/.pyenv/versions/3.12.0/lib/python3.12/site-packages/airflow/example_dags/example_python_operator.py
[2025-07-13T23:54:07.760+0300] {processor.py:840} INFO - DAG(s) 'example_python_operator' retrieved from /home/wal/.pyenv/versions/3.12.0/lib/python3.12/site-packages/airflow/example_dags/example_python_operator.py
[2025-07-13T23:54:07.785+0300] {logging_mixin.py:188} INFO - [2025-07-13T23:54:07.784+0300] {dag.py:3096} INFO - Sync 1 DAGs
[2025-07-13T23:54:07.804+0300] {logging_mixin.py:188} INFO - [2025-07-13T23:54:07.804+0300] {dag.py:3954} INFO - Setting next_dagrun for example_python_operator to None, run_after=None
[2025-07-13T23:54:07.840+0300] {processor.py:183} INFO - Processing /home/wal/.pyenv/versions/3.12.0/lib/python3.12/site-packages/airflow/example_dags/example_python_operator.py took 0.111 seconds
[2025-07-13T23:55:04.522+0300] {processor.py:161} INFO - Started process (PID=7359) to work on /home/wal/.pyenv/versions/3.12.0/lib/python3.12/site-packages/airflow/example_dags/example_python_operator.py
[2025-07-13T23:55:04.528+0300] {processor.py:830} INFO - Processing file /home/wal/.pyenv/versions/3.12.0/lib/python3.12/site-packages/airflow/example_dags/example_python_operator.py for tasks to queue
[2025-07-13T23:55:04.530+0300] {logging_mixin.py:188} INFO - [2025-07-13T23:55:04.530+0300] {dagbag.py:545} INFO - Filling up the DagBag from /home/wal/.pyenv/versions/3.12.0/lib/python3.12/site-packages/airflow/example_dags/example_python_operator.py
[2025-07-13T23:55:04.545+0300] {processor.py:840} INFO - DAG(s) 'example_python_operator' retrieved from /home/wal/.pyenv/versions/3.12.0/lib/python3.12/site-packages/airflow/example_dags/example_python_operator.py
[2025-07-13T23:55:04.574+0300] {logging_mixin.py:188} INFO - [2025-07-13T23:55:04.574+0300] {dag.py:3096} INFO - Sync 1 DAGs
[2025-07-13T23:55:04.591+0300] {logging_mixin.py:188} INFO - [2025-07-13T23:55:04.590+0300] {dag.py:3954} INFO - Setting next_dagrun for example_python_operator to None, run_after=None
[2025-07-13T23:55:04.624+0300] {processor.py:183} INFO - Processing /home/wal/.pyenv/versions/3.12.0/lib/python3.12/site-packages/airflow/example_dags/example_python_operator.py took 0.113 seconds
[2025-07-13T23:56:00.748+0300] {processor.py:161} INFO - Started process (PID=7410) to work on /home/wal/.pyenv/versions/3.12.0/lib/python3.12/site-packages/airflow/example_dags/example_python_operator.py
[2025-07-13T23:56:00.755+0300] {processor.py:830} INFO - Processing file /home/wal/.pyenv/versions/3.12.0/lib/python3.12/site-packages/airflow/example_dags/example_python_operator.py for tasks to queue
[2025-07-13T23:56:00.760+0300] {logging_mixin.py:188} INFO - [2025-07-13T23:56:00.757+0300] {dagbag.py:545} INFO - Filling up the DagBag from /home/wal/.pyenv/versions/3.12.0/lib/python3.12/site-packages/airflow/example_dags/example_python_operator.py
[2025-07-13T23:56:00.784+0300] {processor.py:840} INFO - DAG(s) 'example_python_operator' retrieved from /home/wal/.pyenv/versions/3.12.0/lib/python3.12/site-packages/airflow/example_dags/example_python_operator.py
[2025-07-13T23:56:00.846+0300] {logging_mixin.py:188} INFO - [2025-07-13T23:56:00.845+0300] {dag.py:3096} INFO - Sync 1 DAGs
[2025-07-13T23:56:00.867+0300] {logging_mixin.py:188} INFO - [2025-07-13T23:56:00.867+0300] {dag.py:3954} INFO - Setting next_dagrun for example_python_operator to None, run_after=None
[2025-07-13T23:56:00.906+0300] {processor.py:183} INFO - Processing /home/wal/.pyenv/versions/3.12.0/lib/python3.12/site-packages/airflow/example_dags/example_python_operator.py took 0.170 seconds
[2025-07-13T23:56:55.660+0300] {processor.py:161} INFO - Started process (PID=7459) to work on /home/wal/.pyenv/versions/3.12.0/lib/python3.12/site-packages/airflow/example_dags/example_python_operator.py
[2025-07-13T23:56:55.662+0300] {processor.py:830} INFO - Processing file /home/wal/.pyenv/versions/3.12.0/lib/python3.12/site-packages/airflow/example_dags/example_python_operator.py for tasks to queue
[2025-07-13T23:56:55.665+0300] {logging_mixin.py:188} INFO - [2025-07-13T23:56:55.664+0300] {dagbag.py:545} INFO - Filling up the DagBag from /home/wal/.pyenv/versions/3.12.0/lib/python3.12/site-packages/airflow/example_dags/example_python_operator.py
[2025-07-13T23:56:55.693+0300] {processor.py:840} INFO - DAG(s) 'example_python_operator' retrieved from /home/wal/.pyenv/versions/3.12.0/lib/python3.12/site-packages/airflow/example_dags/example_python_operator.py
[2025-07-13T23:56:55.728+0300] {logging_mixin.py:188} INFO - [2025-07-13T23:56:55.727+0300] {dag.py:3096} INFO - Sync 1 DAGs
[2025-07-13T23:56:55.749+0300] {logging_mixin.py:188} INFO - [2025-07-13T23:56:55.748+0300] {dag.py:3954} INFO - Setting next_dagrun for example_python_operator to None, run_after=None
[2025-07-13T23:56:55.823+0300] {processor.py:183} INFO - Processing /home/wal/.pyenv/versions/3.12.0/lib/python3.12/site-packages/airflow/example_dags/example_python_operator.py took 0.179 seconds
[2025-07-13T23:57:52.129+0300] {processor.py:161} INFO - Started process (PID=7511) to work on /home/wal/.pyenv/versions/3.12.0/lib/python3.12/site-packages/airflow/example_dags/example_python_operator.py
[2025-07-13T23:57:52.136+0300] {processor.py:830} INFO - Processing file /home/wal/.pyenv/versions/3.12.0/lib/python3.12/site-packages/airflow/example_dags/example_python_operator.py for tasks to queue
[2025-07-13T23:57:52.140+0300] {logging_mixin.py:188} INFO - [2025-07-13T23:57:52.139+0300] {dagbag.py:545} INFO - Filling up the DagBag from /home/wal/.pyenv/versions/3.12.0/lib/python3.12/site-packages/airflow/example_dags/example_python_operator.py
[2025-07-13T23:57:52.177+0300] {processor.py:840} INFO - DAG(s) 'example_python_operator' retrieved from /home/wal/.pyenv/versions/3.12.0/lib/python3.12/site-packages/airflow/example_dags/example_python_operator.py
[2025-07-13T23:57:52.242+0300] {logging_mixin.py:188} INFO - [2025-07-13T23:57:52.240+0300] {dag.py:3096} INFO - Sync 1 DAGs
[2025-07-13T23:57:52.336+0300] {logging_mixin.py:188} INFO - [2025-07-13T23:57:52.334+0300] {dag.py:3954} INFO - Setting next_dagrun for example_python_operator to None, run_after=None
[2025-07-13T23:57:52.493+0300] {processor.py:183} INFO - Processing /home/wal/.pyenv/versions/3.12.0/lib/python3.12/site-packages/airflow/example_dags/example_python_operator.py took 0.395 seconds
[2025-07-13T23:58:48.800+0300] {processor.py:161} INFO - Started process (PID=7562) to work on /home/wal/.pyenv/versions/3.12.0/lib/python3.12/site-packages/airflow/example_dags/example_python_operator.py
[2025-07-13T23:58:48.802+0300] {processor.py:830} INFO - Processing file /home/wal/.pyenv/versions/3.12.0/lib/python3.12/site-packages/airflow/example_dags/example_python_operator.py for tasks to queue
[2025-07-13T23:58:48.807+0300] {logging_mixin.py:188} INFO - [2025-07-13T23:58:48.805+0300] {dagbag.py:545} INFO - Filling up the DagBag from /home/wal/.pyenv/versions/3.12.0/lib/python3.12/site-packages/airflow/example_dags/example_python_operator.py
[2025-07-13T23:58:48.825+0300] {processor.py:840} INFO - DAG(s) 'example_python_operator' retrieved from /home/wal/.pyenv/versions/3.12.0/lib/python3.12/site-packages/airflow/example_dags/example_python_operator.py
[2025-07-13T23:58:48.860+0300] {logging_mixin.py:188} INFO - [2025-07-13T23:58:48.859+0300] {dag.py:3096} INFO - Sync 1 DAGs
[2025-07-13T23:58:48.888+0300] {logging_mixin.py:188} INFO - [2025-07-13T23:58:48.888+0300] {dag.py:3954} INFO - Setting next_dagrun for example_python_operator to None, run_after=None
[2025-07-13T23:58:48.944+0300] {processor.py:183} INFO - Processing /home/wal/.pyenv/versions/3.12.0/lib/python3.12/site-packages/airflow/example_dags/example_python_operator.py took 0.152 seconds
[2025-07-13T23:59:44.338+0300] {processor.py:161} INFO - Started process (PID=7615) to work on /home/wal/.pyenv/versions/3.12.0/lib/python3.12/site-packages/airflow/example_dags/example_python_operator.py
[2025-07-13T23:59:44.341+0300] {processor.py:830} INFO - Processing file /home/wal/.pyenv/versions/3.12.0/lib/python3.12/site-packages/airflow/example_dags/example_python_operator.py for tasks to queue
[2025-07-13T23:59:44.344+0300] {logging_mixin.py:188} INFO - [2025-07-13T23:59:44.344+0300] {dagbag.py:545} INFO - Filling up the DagBag from /home/wal/.pyenv/versions/3.12.0/lib/python3.12/site-packages/airflow/example_dags/example_python_operator.py
[2025-07-13T23:59:44.363+0300] {processor.py:840} INFO - DAG(s) 'example_python_operator' retrieved from /home/wal/.pyenv/versions/3.12.0/lib/python3.12/site-packages/airflow/example_dags/example_python_operator.py
[2025-07-13T23:59:44.394+0300] {logging_mixin.py:188} INFO - [2025-07-13T23:59:44.393+0300] {dag.py:3096} INFO - Sync 1 DAGs
[2025-07-13T23:59:44.413+0300] {logging_mixin.py:188} INFO - [2025-07-13T23:59:44.413+0300] {dag.py:3954} INFO - Setting next_dagrun for example_python_operator to None, run_after=None
[2025-07-13T23:59:44.449+0300] {processor.py:183} INFO - Processing /home/wal/.pyenv/versions/3.12.0/lib/python3.12/site-packages/airflow/example_dags/example_python_operator.py took 0.119 seconds
[2025-07-14T00:00:43.287+0300] {processor.py:161} INFO - Started process (PID=7683) to work on /home/wal/.pyenv/versions/3.12.0/lib/python3.12/site-packages/airflow/example_dags/example_python_operator.py
[2025-07-14T00:00:43.293+0300] {processor.py:830} INFO - Processing file /home/wal/.pyenv/versions/3.12.0/lib/python3.12/site-packages/airflow/example_dags/example_python_operator.py for tasks to queue
[2025-07-14T00:00:43.297+0300] {logging_mixin.py:188} INFO - [2025-07-14T00:00:43.296+0300] {dagbag.py:545} INFO - Filling up the DagBag from /home/wal/.pyenv/versions/3.12.0/lib/python3.12/site-packages/airflow/example_dags/example_python_operator.py
[2025-07-14T00:00:43.313+0300] {processor.py:840} INFO - DAG(s) 'example_python_operator' retrieved from /home/wal/.pyenv/versions/3.12.0/lib/python3.12/site-packages/airflow/example_dags/example_python_operator.py
[2025-07-14T00:00:43.337+0300] {logging_mixin.py:188} INFO - [2025-07-14T00:00:43.337+0300] {dag.py:3096} INFO - Sync 1 DAGs
[2025-07-14T00:00:43.352+0300] {logging_mixin.py:188} INFO - [2025-07-14T00:00:43.351+0300] {dag.py:3954} INFO - Setting next_dagrun for example_python_operator to None, run_after=None
[2025-07-14T00:00:43.377+0300] {processor.py:183} INFO - Processing /home/wal/.pyenv/versions/3.12.0/lib/python3.12/site-packages/airflow/example_dags/example_python_operator.py took 0.099 seconds
[2025-07-14T00:01:38.253+0300] {processor.py:161} INFO - Started process (PID=7732) to work on /home/wal/.pyenv/versions/3.12.0/lib/python3.12/site-packages/airflow/example_dags/example_python_operator.py
[2025-07-14T00:01:38.259+0300] {processor.py:830} INFO - Processing file /home/wal/.pyenv/versions/3.12.0/lib/python3.12/site-packages/airflow/example_dags/example_python_operator.py for tasks to queue
[2025-07-14T00:01:38.262+0300] {logging_mixin.py:188} INFO - [2025-07-14T00:01:38.261+0300] {dagbag.py:545} INFO - Filling up the DagBag from /home/wal/.pyenv/versions/3.12.0/lib/python3.12/site-packages/airflow/example_dags/example_python_operator.py
[2025-07-14T00:01:38.275+0300] {processor.py:840} INFO - DAG(s) 'example_python_operator' retrieved from /home/wal/.pyenv/versions/3.12.0/lib/python3.12/site-packages/airflow/example_dags/example_python_operator.py
[2025-07-14T00:01:38.299+0300] {logging_mixin.py:188} INFO - [2025-07-14T00:01:38.299+0300] {dag.py:3096} INFO - Sync 1 DAGs
[2025-07-14T00:01:38.314+0300] {logging_mixin.py:188} INFO - [2025-07-14T00:01:38.313+0300] {dag.py:3954} INFO - Setting next_dagrun for example_python_operator to None, run_after=None
[2025-07-14T00:01:38.343+0300] {processor.py:183} INFO - Processing /home/wal/.pyenv/versions/3.12.0/lib/python3.12/site-packages/airflow/example_dags/example_python_operator.py took 0.098 seconds
[2025-07-14T00:02:36.641+0300] {processor.py:161} INFO - Started process (PID=7783) to work on /home/wal/.pyenv/versions/3.12.0/lib/python3.12/site-packages/airflow/example_dags/example_python_operator.py
[2025-07-14T00:02:36.645+0300] {processor.py:830} INFO - Processing file /home/wal/.pyenv/versions/3.12.0/lib/python3.12/site-packages/airflow/example_dags/example_python_operator.py for tasks to queue
[2025-07-14T00:02:36.649+0300] {logging_mixin.py:188} INFO - [2025-07-14T00:02:36.648+0300] {dagbag.py:545} INFO - Filling up the DagBag from /home/wal/.pyenv/versions/3.12.0/lib/python3.12/site-packages/airflow/example_dags/example_python_operator.py
[2025-07-14T00:02:36.676+0300] {processor.py:840} INFO - DAG(s) 'example_python_operator' retrieved from /home/wal/.pyenv/versions/3.12.0/lib/python3.12/site-packages/airflow/example_dags/example_python_operator.py
[2025-07-14T00:02:36.711+0300] {logging_mixin.py:188} INFO - [2025-07-14T00:02:36.710+0300] {dag.py:3096} INFO - Sync 1 DAGs
[2025-07-14T00:02:36.730+0300] {logging_mixin.py:188} INFO - [2025-07-14T00:02:36.730+0300] {dag.py:3954} INFO - Setting next_dagrun for example_python_operator to None, run_after=None
[2025-07-14T00:02:36.766+0300] {processor.py:183} INFO - Processing /home/wal/.pyenv/versions/3.12.0/lib/python3.12/site-packages/airflow/example_dags/example_python_operator.py took 0.138 seconds
[2025-07-14T00:03:31.009+0300] {processor.py:161} INFO - Started process (PID=7836) to work on /home/wal/.pyenv/versions/3.12.0/lib/python3.12/site-packages/airflow/example_dags/example_python_operator.py
[2025-07-14T00:03:31.011+0300] {processor.py:830} INFO - Processing file /home/wal/.pyenv/versions/3.12.0/lib/python3.12/site-packages/airflow/example_dags/example_python_operator.py for tasks to queue
[2025-07-14T00:03:31.013+0300] {logging_mixin.py:188} INFO - [2025-07-14T00:03:31.013+0300] {dagbag.py:545} INFO - Filling up the DagBag from /home/wal/.pyenv/versions/3.12.0/lib/python3.12/site-packages/airflow/example_dags/example_python_operator.py
[2025-07-14T00:03:31.028+0300] {processor.py:840} INFO - DAG(s) 'example_python_operator' retrieved from /home/wal/.pyenv/versions/3.12.0/lib/python3.12/site-packages/airflow/example_dags/example_python_operator.py
[2025-07-14T00:03:31.070+0300] {logging_mixin.py:188} INFO - [2025-07-14T00:03:31.066+0300] {dag.py:3096} INFO - Sync 1 DAGs
[2025-07-14T00:03:31.097+0300] {logging_mixin.py:188} INFO - [2025-07-14T00:03:31.096+0300] {dag.py:3954} INFO - Setting next_dagrun for example_python_operator to None, run_after=None
[2025-07-14T00:03:31.143+0300] {processor.py:183} INFO - Processing /home/wal/.pyenv/versions/3.12.0/lib/python3.12/site-packages/airflow/example_dags/example_python_operator.py took 0.146 seconds
[2025-07-14T00:04:23.962+0300] {processor.py:161} INFO - Started process (PID=7884) to work on /home/wal/.pyenv/versions/3.12.0/lib/python3.12/site-packages/airflow/example_dags/example_python_operator.py
[2025-07-14T00:04:23.964+0300] {processor.py:830} INFO - Processing file /home/wal/.pyenv/versions/3.12.0/lib/python3.12/site-packages/airflow/example_dags/example_python_operator.py for tasks to queue
[2025-07-14T00:04:23.966+0300] {logging_mixin.py:188} INFO - [2025-07-14T00:04:23.966+0300] {dagbag.py:545} INFO - Filling up the DagBag from /home/wal/.pyenv/versions/3.12.0/lib/python3.12/site-packages/airflow/example_dags/example_python_operator.py
[2025-07-14T00:04:23.980+0300] {processor.py:840} INFO - DAG(s) 'example_python_operator' retrieved from /home/wal/.pyenv/versions/3.12.0/lib/python3.12/site-packages/airflow/example_dags/example_python_operator.py
[2025-07-14T00:04:24.005+0300] {logging_mixin.py:188} INFO - [2025-07-14T00:04:24.004+0300] {dag.py:3096} INFO - Sync 1 DAGs
[2025-07-14T00:04:24.023+0300] {logging_mixin.py:188} INFO - [2025-07-14T00:04:24.022+0300] {dag.py:3954} INFO - Setting next_dagrun for example_python_operator to None, run_after=None
[2025-07-14T00:04:24.054+0300] {processor.py:183} INFO - Processing /home/wal/.pyenv/versions/3.12.0/lib/python3.12/site-packages/airflow/example_dags/example_python_operator.py took 0.102 seconds
[2025-07-14T00:05:14.777+0300] {processor.py:161} INFO - Started process (PID=7936) to work on /home/wal/.pyenv/versions/3.12.0/lib/python3.12/site-packages/airflow/example_dags/example_python_operator.py
[2025-07-14T00:05:14.780+0300] {processor.py:830} INFO - Processing file /home/wal/.pyenv/versions/3.12.0/lib/python3.12/site-packages/airflow/example_dags/example_python_operator.py for tasks to queue
[2025-07-14T00:05:14.784+0300] {logging_mixin.py:188} INFO - [2025-07-14T00:05:14.784+0300] {dagbag.py:545} INFO - Filling up the DagBag from /home/wal/.pyenv/versions/3.12.0/lib/python3.12/site-packages/airflow/example_dags/example_python_operator.py
[2025-07-14T00:05:14.797+0300] {processor.py:840} INFO - DAG(s) 'example_python_operator' retrieved from /home/wal/.pyenv/versions/3.12.0/lib/python3.12/site-packages/airflow/example_dags/example_python_operator.py
[2025-07-14T00:05:14.823+0300] {logging_mixin.py:188} INFO - [2025-07-14T00:05:14.823+0300] {dag.py:3096} INFO - Sync 1 DAGs
[2025-07-14T00:05:14.841+0300] {logging_mixin.py:188} INFO - [2025-07-14T00:05:14.840+0300] {dag.py:3954} INFO - Setting next_dagrun for example_python_operator to None, run_after=None
[2025-07-14T00:05:14.873+0300] {processor.py:183} INFO - Processing /home/wal/.pyenv/versions/3.12.0/lib/python3.12/site-packages/airflow/example_dags/example_python_operator.py took 0.102 seconds
[2025-07-14T00:06:08.252+0300] {processor.py:161} INFO - Started process (PID=7986) to work on /home/wal/.pyenv/versions/3.12.0/lib/python3.12/site-packages/airflow/example_dags/example_python_operator.py
[2025-07-14T00:06:08.259+0300] {processor.py:830} INFO - Processing file /home/wal/.pyenv/versions/3.12.0/lib/python3.12/site-packages/airflow/example_dags/example_python_operator.py for tasks to queue
[2025-07-14T00:06:08.261+0300] {logging_mixin.py:188} INFO - [2025-07-14T00:06:08.260+0300] {dagbag.py:545} INFO - Filling up the DagBag from /home/wal/.pyenv/versions/3.12.0/lib/python3.12/site-packages/airflow/example_dags/example_python_operator.py
[2025-07-14T00:06:08.276+0300] {processor.py:840} INFO - DAG(s) 'example_python_operator' retrieved from /home/wal/.pyenv/versions/3.12.0/lib/python3.12/site-packages/airflow/example_dags/example_python_operator.py
[2025-07-14T00:06:08.304+0300] {logging_mixin.py:188} INFO - [2025-07-14T00:06:08.303+0300] {dag.py:3096} INFO - Sync 1 DAGs
[2025-07-14T00:06:08.322+0300] {logging_mixin.py:188} INFO - [2025-07-14T00:06:08.322+0300] {dag.py:3954} INFO - Setting next_dagrun for example_python_operator to None, run_after=None
[2025-07-14T00:06:08.354+0300] {processor.py:183} INFO - Processing /home/wal/.pyenv/versions/3.12.0/lib/python3.12/site-packages/airflow/example_dags/example_python_operator.py took 0.113 seconds
[2025-07-14T00:07:02.530+0300] {processor.py:161} INFO - Started process (PID=8035) to work on /home/wal/.pyenv/versions/3.12.0/lib/python3.12/site-packages/airflow/example_dags/example_python_operator.py
[2025-07-14T00:07:02.532+0300] {processor.py:830} INFO - Processing file /home/wal/.pyenv/versions/3.12.0/lib/python3.12/site-packages/airflow/example_dags/example_python_operator.py for tasks to queue
[2025-07-14T00:07:02.534+0300] {logging_mixin.py:188} INFO - [2025-07-14T00:07:02.533+0300] {dagbag.py:545} INFO - Filling up the DagBag from /home/wal/.pyenv/versions/3.12.0/lib/python3.12/site-packages/airflow/example_dags/example_python_operator.py
[2025-07-14T00:07:02.548+0300] {processor.py:840} INFO - DAG(s) 'example_python_operator' retrieved from /home/wal/.pyenv/versions/3.12.0/lib/python3.12/site-packages/airflow/example_dags/example_python_operator.py
[2025-07-14T00:07:02.575+0300] {logging_mixin.py:188} INFO - [2025-07-14T00:07:02.575+0300] {dag.py:3096} INFO - Sync 1 DAGs
[2025-07-14T00:07:02.592+0300] {logging_mixin.py:188} INFO - [2025-07-14T00:07:02.592+0300] {dag.py:3954} INFO - Setting next_dagrun for example_python_operator to None, run_after=None
[2025-07-14T00:07:02.629+0300] {processor.py:183} INFO - Processing /home/wal/.pyenv/versions/3.12.0/lib/python3.12/site-packages/airflow/example_dags/example_python_operator.py took 0.108 seconds
[2025-07-14T00:08:00.800+0300] {processor.py:161} INFO - Started process (PID=8085) to work on /home/wal/.pyenv/versions/3.12.0/lib/python3.12/site-packages/airflow/example_dags/example_python_operator.py
[2025-07-14T00:08:00.807+0300] {processor.py:830} INFO - Processing file /home/wal/.pyenv/versions/3.12.0/lib/python3.12/site-packages/airflow/example_dags/example_python_operator.py for tasks to queue
[2025-07-14T00:08:00.810+0300] {logging_mixin.py:188} INFO - [2025-07-14T00:08:00.810+0300] {dagbag.py:545} INFO - Filling up the DagBag from /home/wal/.pyenv/versions/3.12.0/lib/python3.12/site-packages/airflow/example_dags/example_python_operator.py
[2025-07-14T00:08:00.833+0300] {processor.py:840} INFO - DAG(s) 'example_python_operator' retrieved from /home/wal/.pyenv/versions/3.12.0/lib/python3.12/site-packages/airflow/example_dags/example_python_operator.py
[2025-07-14T00:08:00.880+0300] {logging_mixin.py:188} INFO - [2025-07-14T00:08:00.877+0300] {dag.py:3096} INFO - Sync 1 DAGs
[2025-07-14T00:08:00.949+0300] {logging_mixin.py:188} INFO - [2025-07-14T00:08:00.947+0300] {dag.py:3954} INFO - Setting next_dagrun for example_python_operator to None, run_after=None
[2025-07-14T00:08:01.041+0300] {processor.py:183} INFO - Processing /home/wal/.pyenv/versions/3.12.0/lib/python3.12/site-packages/airflow/example_dags/example_python_operator.py took 0.256 seconds
