[2025-07-13T22:56:28.585+0300] {processor.py:161} INFO - Started process (PID=4039) to work on /home/wal/.pyenv/versions/3.12.0/lib/python3.12/site-packages/airflow/example_dags/example_bash_decorator.py
[2025-07-13T22:56:28.586+0300] {processor.py:830} INFO - Processing file /home/wal/.pyenv/versions/3.12.0/lib/python3.12/site-packages/airflow/example_dags/example_bash_decorator.py for tasks to queue
[2025-07-13T22:56:28.588+0300] {logging_mixin.py:188} INFO - [2025-07-13T22:56:28.587+0300] {dagbag.py:545} INFO - Filling up the DagBag from /home/wal/.pyenv/versions/3.12.0/lib/python3.12/site-packages/airflow/example_dags/example_bash_decorator.py
[2025-07-13T22:56:28.604+0300] {processor.py:840} INFO - DAG(s) 'example_bash_decorator' retrieved from /home/wal/.pyenv/versions/3.12.0/lib/python3.12/site-packages/airflow/example_dags/example_bash_decorator.py
[2025-07-13T22:56:28.732+0300] {logging_mixin.py:188} INFO - [2025-07-13T22:56:28.732+0300] {dag.py:3096} INFO - Sync 1 DAGs
[2025-07-13T22:56:28.744+0300] {logging_mixin.py:188} INFO - [2025-07-13T22:56:28.744+0300] {dag.py:3954} INFO - Setting next_dagrun for example_bash_decorator to None, run_after=None
[2025-07-13T22:56:28.770+0300] {processor.py:183} INFO - Processing /home/wal/.pyenv/versions/3.12.0/lib/python3.12/site-packages/airflow/example_dags/example_bash_decorator.py took 0.193 seconds
[2025-07-13T22:57:24.542+0300] {processor.py:161} INFO - Started process (PID=4178) to work on /home/wal/.pyenv/versions/3.12.0/lib/python3.12/site-packages/airflow/example_dags/example_bash_decorator.py
[2025-07-13T22:57:24.548+0300] {processor.py:830} INFO - Processing file /home/wal/.pyenv/versions/3.12.0/lib/python3.12/site-packages/airflow/example_dags/example_bash_decorator.py for tasks to queue
[2025-07-13T22:57:24.550+0300] {logging_mixin.py:188} INFO - [2025-07-13T22:57:24.550+0300] {dagbag.py:545} INFO - Filling up the DagBag from /home/wal/.pyenv/versions/3.12.0/lib/python3.12/site-packages/airflow/example_dags/example_bash_decorator.py
[2025-07-13T22:57:24.565+0300] {processor.py:840} INFO - DAG(s) 'example_bash_decorator' retrieved from /home/wal/.pyenv/versions/3.12.0/lib/python3.12/site-packages/airflow/example_dags/example_bash_decorator.py
[2025-07-13T22:57:24.587+0300] {logging_mixin.py:188} INFO - [2025-07-13T22:57:24.586+0300] {dag.py:3096} INFO - Sync 1 DAGs
[2025-07-13T22:57:24.599+0300] {logging_mixin.py:188} INFO - [2025-07-13T22:57:24.599+0300] {dag.py:3954} INFO - Setting next_dagrun for example_bash_decorator to None, run_after=None
[2025-07-13T22:57:24.628+0300] {processor.py:183} INFO - Processing /home/wal/.pyenv/versions/3.12.0/lib/python3.12/site-packages/airflow/example_dags/example_bash_decorator.py took 0.096 seconds
[2025-07-13T22:58:22.075+0300] {processor.py:161} INFO - Started process (PID=4288) to work on /home/wal/.pyenv/versions/3.12.0/lib/python3.12/site-packages/airflow/example_dags/example_bash_decorator.py
[2025-07-13T22:58:22.077+0300] {processor.py:830} INFO - Processing file /home/wal/.pyenv/versions/3.12.0/lib/python3.12/site-packages/airflow/example_dags/example_bash_decorator.py for tasks to queue
[2025-07-13T22:58:22.079+0300] {logging_mixin.py:188} INFO - [2025-07-13T22:58:22.079+0300] {dagbag.py:545} INFO - Filling up the DagBag from /home/wal/.pyenv/versions/3.12.0/lib/python3.12/site-packages/airflow/example_dags/example_bash_decorator.py
[2025-07-13T22:58:22.095+0300] {processor.py:840} INFO - DAG(s) 'example_bash_decorator' retrieved from /home/wal/.pyenv/versions/3.12.0/lib/python3.12/site-packages/airflow/example_dags/example_bash_decorator.py
[2025-07-13T22:58:22.118+0300] {logging_mixin.py:188} INFO - [2025-07-13T22:58:22.117+0300] {dag.py:3096} INFO - Sync 1 DAGs
[2025-07-13T22:58:22.130+0300] {logging_mixin.py:188} INFO - [2025-07-13T22:58:22.130+0300] {dag.py:3954} INFO - Setting next_dagrun for example_bash_decorator to None, run_after=None
[2025-07-13T22:58:22.159+0300] {processor.py:183} INFO - Processing /home/wal/.pyenv/versions/3.12.0/lib/python3.12/site-packages/airflow/example_dags/example_bash_decorator.py took 0.092 seconds
[2025-07-13T23:00:07.503+0300] {processor.py:161} INFO - Started process (PID=4548) to work on /home/wal/.pyenv/versions/3.12.0/lib/python3.12/site-packages/airflow/example_dags/example_bash_decorator.py
[2025-07-13T23:00:07.509+0300] {processor.py:830} INFO - Processing file /home/wal/.pyenv/versions/3.12.0/lib/python3.12/site-packages/airflow/example_dags/example_bash_decorator.py for tasks to queue
[2025-07-13T23:00:07.511+0300] {logging_mixin.py:188} INFO - [2025-07-13T23:00:07.511+0300] {dagbag.py:545} INFO - Filling up the DagBag from /home/wal/.pyenv/versions/3.12.0/lib/python3.12/site-packages/airflow/example_dags/example_bash_decorator.py
[2025-07-13T23:00:07.534+0300] {processor.py:840} INFO - DAG(s) 'example_bash_decorator' retrieved from /home/wal/.pyenv/versions/3.12.0/lib/python3.12/site-packages/airflow/example_dags/example_bash_decorator.py
[2025-07-13T23:00:07.700+0300] {logging_mixin.py:188} INFO - [2025-07-13T23:00:07.700+0300] {dag.py:3096} INFO - Sync 1 DAGs
[2025-07-13T23:00:07.716+0300] {logging_mixin.py:188} INFO - [2025-07-13T23:00:07.716+0300] {dag.py:3954} INFO - Setting next_dagrun for example_bash_decorator to None, run_after=None
[2025-07-13T23:00:07.750+0300] {processor.py:183} INFO - Processing /home/wal/.pyenv/versions/3.12.0/lib/python3.12/site-packages/airflow/example_dags/example_bash_decorator.py took 0.255 seconds
[2025-07-13T23:01:50.442+0300] {processor.py:161} INFO - Started process (PID=4615) to work on /home/wal/.pyenv/versions/3.12.0/lib/python3.12/site-packages/airflow/example_dags/example_bash_decorator.py
[2025-07-13T23:01:50.452+0300] {processor.py:830} INFO - Processing file /home/wal/.pyenv/versions/3.12.0/lib/python3.12/site-packages/airflow/example_dags/example_bash_decorator.py for tasks to queue
[2025-07-13T23:01:50.467+0300] {logging_mixin.py:188} INFO - [2025-07-13T23:01:50.465+0300] {dagbag.py:545} INFO - Filling up the DagBag from /home/wal/.pyenv/versions/3.12.0/lib/python3.12/site-packages/airflow/example_dags/example_bash_decorator.py
[2025-07-13T23:01:50.681+0300] {processor.py:840} INFO - DAG(s) 'example_bash_decorator' retrieved from /home/wal/.pyenv/versions/3.12.0/lib/python3.12/site-packages/airflow/example_dags/example_bash_decorator.py
[2025-07-13T23:01:50.966+0300] {logging_mixin.py:188} INFO - [2025-07-13T23:01:50.965+0300] {dag.py:3096} INFO - Sync 1 DAGs
[2025-07-13T23:01:51.091+0300] {logging_mixin.py:188} INFO - [2025-07-13T23:01:51.090+0300] {dag.py:3954} INFO - Setting next_dagrun for example_bash_decorator to None, run_after=None
[2025-07-13T23:01:51.319+0300] {processor.py:183} INFO - Processing /home/wal/.pyenv/versions/3.12.0/lib/python3.12/site-packages/airflow/example_dags/example_bash_decorator.py took 0.925 seconds
[2025-07-13T23:03:30.556+0300] {processor.py:161} INFO - Started process (PID=4686) to work on /home/wal/.pyenv/versions/3.12.0/lib/python3.12/site-packages/airflow/example_dags/example_bash_decorator.py
[2025-07-13T23:03:30.563+0300] {processor.py:830} INFO - Processing file /home/wal/.pyenv/versions/3.12.0/lib/python3.12/site-packages/airflow/example_dags/example_bash_decorator.py for tasks to queue
[2025-07-13T23:03:30.567+0300] {logging_mixin.py:188} INFO - [2025-07-13T23:03:30.566+0300] {dagbag.py:545} INFO - Filling up the DagBag from /home/wal/.pyenv/versions/3.12.0/lib/python3.12/site-packages/airflow/example_dags/example_bash_decorator.py
[2025-07-13T23:03:30.605+0300] {processor.py:840} INFO - DAG(s) 'example_bash_decorator' retrieved from /home/wal/.pyenv/versions/3.12.0/lib/python3.12/site-packages/airflow/example_dags/example_bash_decorator.py
[2025-07-13T23:03:30.646+0300] {logging_mixin.py:188} INFO - [2025-07-13T23:03:30.645+0300] {dag.py:3096} INFO - Sync 1 DAGs
[2025-07-13T23:03:30.670+0300] {logging_mixin.py:188} INFO - [2025-07-13T23:03:30.670+0300] {dag.py:3954} INFO - Setting next_dagrun for example_bash_decorator to None, run_after=None
[2025-07-13T23:03:30.718+0300] {processor.py:183} INFO - Processing /home/wal/.pyenv/versions/3.12.0/lib/python3.12/site-packages/airflow/example_dags/example_bash_decorator.py took 0.177 seconds
[2025-07-13T23:04:45.386+0300] {processor.py:161} INFO - Started process (PID=4746) to work on /home/wal/.pyenv/versions/3.12.0/lib/python3.12/site-packages/airflow/example_dags/example_bash_decorator.py
[2025-07-13T23:04:45.389+0300] {processor.py:830} INFO - Processing file /home/wal/.pyenv/versions/3.12.0/lib/python3.12/site-packages/airflow/example_dags/example_bash_decorator.py for tasks to queue
[2025-07-13T23:04:45.392+0300] {logging_mixin.py:188} INFO - [2025-07-13T23:04:45.391+0300] {dagbag.py:545} INFO - Filling up the DagBag from /home/wal/.pyenv/versions/3.12.0/lib/python3.12/site-packages/airflow/example_dags/example_bash_decorator.py
[2025-07-13T23:04:45.419+0300] {processor.py:840} INFO - DAG(s) 'example_bash_decorator' retrieved from /home/wal/.pyenv/versions/3.12.0/lib/python3.12/site-packages/airflow/example_dags/example_bash_decorator.py
[2025-07-13T23:04:45.454+0300] {logging_mixin.py:188} INFO - [2025-07-13T23:04:45.454+0300] {dag.py:3096} INFO - Sync 1 DAGs
[2025-07-13T23:04:45.478+0300] {logging_mixin.py:188} INFO - [2025-07-13T23:04:45.478+0300] {dag.py:3954} INFO - Setting next_dagrun for example_bash_decorator to None, run_after=None
[2025-07-13T23:04:45.525+0300] {processor.py:183} INFO - Processing /home/wal/.pyenv/versions/3.12.0/lib/python3.12/site-packages/airflow/example_dags/example_bash_decorator.py took 0.150 seconds
[2025-07-13T23:06:12.397+0300] {processor.py:161} INFO - Started process (PID=4812) to work on /home/wal/.pyenv/versions/3.12.0/lib/python3.12/site-packages/airflow/example_dags/example_bash_decorator.py
[2025-07-13T23:06:12.401+0300] {processor.py:830} INFO - Processing file /home/wal/.pyenv/versions/3.12.0/lib/python3.12/site-packages/airflow/example_dags/example_bash_decorator.py for tasks to queue
[2025-07-13T23:06:12.413+0300] {logging_mixin.py:188} INFO - [2025-07-13T23:06:12.406+0300] {dagbag.py:545} INFO - Filling up the DagBag from /home/wal/.pyenv/versions/3.12.0/lib/python3.12/site-packages/airflow/example_dags/example_bash_decorator.py
[2025-07-13T23:06:12.516+0300] {processor.py:840} INFO - DAG(s) 'example_bash_decorator' retrieved from /home/wal/.pyenv/versions/3.12.0/lib/python3.12/site-packages/airflow/example_dags/example_bash_decorator.py
[2025-07-13T23:06:12.650+0300] {logging_mixin.py:188} INFO - [2025-07-13T23:06:12.649+0300] {dag.py:3096} INFO - Sync 1 DAGs
[2025-07-13T23:06:12.733+0300] {logging_mixin.py:188} INFO - [2025-07-13T23:06:12.732+0300] {dag.py:3954} INFO - Setting next_dagrun for example_bash_decorator to None, run_after=None
[2025-07-13T23:06:12.887+0300] {processor.py:183} INFO - Processing /home/wal/.pyenv/versions/3.12.0/lib/python3.12/site-packages/airflow/example_dags/example_bash_decorator.py took 0.529 seconds
[2025-07-13T23:07:42.853+0300] {processor.py:161} INFO - Started process (PID=4880) to work on /home/wal/.pyenv/versions/3.12.0/lib/python3.12/site-packages/airflow/example_dags/example_bash_decorator.py
[2025-07-13T23:07:42.855+0300] {processor.py:830} INFO - Processing file /home/wal/.pyenv/versions/3.12.0/lib/python3.12/site-packages/airflow/example_dags/example_bash_decorator.py for tasks to queue
[2025-07-13T23:07:42.864+0300] {logging_mixin.py:188} INFO - [2025-07-13T23:07:42.862+0300] {dagbag.py:545} INFO - Filling up the DagBag from /home/wal/.pyenv/versions/3.12.0/lib/python3.12/site-packages/airflow/example_dags/example_bash_decorator.py
[2025-07-13T23:07:42.907+0300] {processor.py:840} INFO - DAG(s) 'example_bash_decorator' retrieved from /home/wal/.pyenv/versions/3.12.0/lib/python3.12/site-packages/airflow/example_dags/example_bash_decorator.py
[2025-07-13T23:07:42.969+0300] {logging_mixin.py:188} INFO - [2025-07-13T23:07:42.968+0300] {dag.py:3096} INFO - Sync 1 DAGs
[2025-07-13T23:07:43.006+0300] {logging_mixin.py:188} INFO - [2025-07-13T23:07:43.005+0300] {dag.py:3954} INFO - Setting next_dagrun for example_bash_decorator to None, run_after=None
[2025-07-13T23:07:43.071+0300] {processor.py:183} INFO - Processing /home/wal/.pyenv/versions/3.12.0/lib/python3.12/site-packages/airflow/example_dags/example_bash_decorator.py took 0.237 seconds
[2025-07-13T23:08:43.510+0300] {processor.py:161} INFO - Started process (PID=4934) to work on /home/wal/.pyenv/versions/3.12.0/lib/python3.12/site-packages/airflow/example_dags/example_bash_decorator.py
[2025-07-13T23:08:43.513+0300] {processor.py:830} INFO - Processing file /home/wal/.pyenv/versions/3.12.0/lib/python3.12/site-packages/airflow/example_dags/example_bash_decorator.py for tasks to queue
[2025-07-13T23:08:43.517+0300] {logging_mixin.py:188} INFO - [2025-07-13T23:08:43.516+0300] {dagbag.py:545} INFO - Filling up the DagBag from /home/wal/.pyenv/versions/3.12.0/lib/python3.12/site-packages/airflow/example_dags/example_bash_decorator.py
[2025-07-13T23:08:43.578+0300] {processor.py:840} INFO - DAG(s) 'example_bash_decorator' retrieved from /home/wal/.pyenv/versions/3.12.0/lib/python3.12/site-packages/airflow/example_dags/example_bash_decorator.py
[2025-07-13T23:08:43.718+0300] {logging_mixin.py:188} INFO - [2025-07-13T23:08:43.717+0300] {dag.py:3096} INFO - Sync 1 DAGs
[2025-07-13T23:08:43.766+0300] {logging_mixin.py:188} INFO - [2025-07-13T23:08:43.766+0300] {dag.py:3954} INFO - Setting next_dagrun for example_bash_decorator to None, run_after=None
[2025-07-13T23:08:43.831+0300] {processor.py:183} INFO - Processing /home/wal/.pyenv/versions/3.12.0/lib/python3.12/site-packages/airflow/example_dags/example_bash_decorator.py took 0.341 seconds
[2025-07-13T23:09:48.922+0300] {processor.py:161} INFO - Started process (PID=4988) to work on /home/wal/.pyenv/versions/3.12.0/lib/python3.12/site-packages/airflow/example_dags/example_bash_decorator.py
[2025-07-13T23:09:48.928+0300] {processor.py:830} INFO - Processing file /home/wal/.pyenv/versions/3.12.0/lib/python3.12/site-packages/airflow/example_dags/example_bash_decorator.py for tasks to queue
[2025-07-13T23:09:48.932+0300] {logging_mixin.py:188} INFO - [2025-07-13T23:09:48.932+0300] {dagbag.py:545} INFO - Filling up the DagBag from /home/wal/.pyenv/versions/3.12.0/lib/python3.12/site-packages/airflow/example_dags/example_bash_decorator.py
[2025-07-13T23:09:48.957+0300] {processor.py:840} INFO - DAG(s) 'example_bash_decorator' retrieved from /home/wal/.pyenv/versions/3.12.0/lib/python3.12/site-packages/airflow/example_dags/example_bash_decorator.py
[2025-07-13T23:09:48.994+0300] {logging_mixin.py:188} INFO - [2025-07-13T23:09:48.993+0300] {dag.py:3096} INFO - Sync 1 DAGs
[2025-07-13T23:09:49.018+0300] {logging_mixin.py:188} INFO - [2025-07-13T23:09:49.017+0300] {dag.py:3954} INFO - Setting next_dagrun for example_bash_decorator to None, run_after=None
[2025-07-13T23:09:49.080+0300] {processor.py:183} INFO - Processing /home/wal/.pyenv/versions/3.12.0/lib/python3.12/site-packages/airflow/example_dags/example_bash_decorator.py took 0.167 seconds
[2025-07-13T23:10:52.377+0300] {processor.py:161} INFO - Started process (PID=5044) to work on /home/wal/.pyenv/versions/3.12.0/lib/python3.12/site-packages/airflow/example_dags/example_bash_decorator.py
[2025-07-13T23:10:52.379+0300] {processor.py:830} INFO - Processing file /home/wal/.pyenv/versions/3.12.0/lib/python3.12/site-packages/airflow/example_dags/example_bash_decorator.py for tasks to queue
[2025-07-13T23:10:52.383+0300] {logging_mixin.py:188} INFO - [2025-07-13T23:10:52.382+0300] {dagbag.py:545} INFO - Filling up the DagBag from /home/wal/.pyenv/versions/3.12.0/lib/python3.12/site-packages/airflow/example_dags/example_bash_decorator.py
[2025-07-13T23:10:52.402+0300] {processor.py:840} INFO - DAG(s) 'example_bash_decorator' retrieved from /home/wal/.pyenv/versions/3.12.0/lib/python3.12/site-packages/airflow/example_dags/example_bash_decorator.py
[2025-07-13T23:10:52.424+0300] {logging_mixin.py:188} INFO - [2025-07-13T23:10:52.424+0300] {dag.py:3096} INFO - Sync 1 DAGs
[2025-07-13T23:10:52.464+0300] {logging_mixin.py:188} INFO - [2025-07-13T23:10:52.464+0300] {dag.py:3954} INFO - Setting next_dagrun for example_bash_decorator to None, run_after=None
[2025-07-13T23:10:52.492+0300] {processor.py:183} INFO - Processing /home/wal/.pyenv/versions/3.12.0/lib/python3.12/site-packages/airflow/example_dags/example_bash_decorator.py took 0.122 seconds
[2025-07-13T23:11:49.629+0300] {processor.py:161} INFO - Started process (PID=5095) to work on /home/wal/.pyenv/versions/3.12.0/lib/python3.12/site-packages/airflow/example_dags/example_bash_decorator.py
[2025-07-13T23:11:49.631+0300] {processor.py:830} INFO - Processing file /home/wal/.pyenv/versions/3.12.0/lib/python3.12/site-packages/airflow/example_dags/example_bash_decorator.py for tasks to queue
[2025-07-13T23:11:49.633+0300] {logging_mixin.py:188} INFO - [2025-07-13T23:11:49.633+0300] {dagbag.py:545} INFO - Filling up the DagBag from /home/wal/.pyenv/versions/3.12.0/lib/python3.12/site-packages/airflow/example_dags/example_bash_decorator.py
[2025-07-13T23:11:49.656+0300] {processor.py:840} INFO - DAG(s) 'example_bash_decorator' retrieved from /home/wal/.pyenv/versions/3.12.0/lib/python3.12/site-packages/airflow/example_dags/example_bash_decorator.py
[2025-07-13T23:11:49.688+0300] {logging_mixin.py:188} INFO - [2025-07-13T23:11:49.688+0300] {dag.py:3096} INFO - Sync 1 DAGs
[2025-07-13T23:11:49.708+0300] {logging_mixin.py:188} INFO - [2025-07-13T23:11:49.707+0300] {dag.py:3954} INFO - Setting next_dagrun for example_bash_decorator to None, run_after=None
[2025-07-13T23:11:49.743+0300] {processor.py:183} INFO - Processing /home/wal/.pyenv/versions/3.12.0/lib/python3.12/site-packages/airflow/example_dags/example_bash_decorator.py took 0.122 seconds
[2025-07-13T23:12:51.646+0300] {processor.py:161} INFO - Started process (PID=5151) to work on /home/wal/.pyenv/versions/3.12.0/lib/python3.12/site-packages/airflow/example_dags/example_bash_decorator.py
[2025-07-13T23:12:51.648+0300] {processor.py:830} INFO - Processing file /home/wal/.pyenv/versions/3.12.0/lib/python3.12/site-packages/airflow/example_dags/example_bash_decorator.py for tasks to queue
[2025-07-13T23:12:51.650+0300] {logging_mixin.py:188} INFO - [2025-07-13T23:12:51.649+0300] {dagbag.py:545} INFO - Filling up the DagBag from /home/wal/.pyenv/versions/3.12.0/lib/python3.12/site-packages/airflow/example_dags/example_bash_decorator.py
[2025-07-13T23:12:51.667+0300] {processor.py:840} INFO - DAG(s) 'example_bash_decorator' retrieved from /home/wal/.pyenv/versions/3.12.0/lib/python3.12/site-packages/airflow/example_dags/example_bash_decorator.py
[2025-07-13T23:12:51.694+0300] {logging_mixin.py:188} INFO - [2025-07-13T23:12:51.693+0300] {dag.py:3096} INFO - Sync 1 DAGs
[2025-07-13T23:12:51.710+0300] {logging_mixin.py:188} INFO - [2025-07-13T23:12:51.709+0300] {dag.py:3954} INFO - Setting next_dagrun for example_bash_decorator to None, run_after=None
[2025-07-13T23:12:51.741+0300] {processor.py:183} INFO - Processing /home/wal/.pyenv/versions/3.12.0/lib/python3.12/site-packages/airflow/example_dags/example_bash_decorator.py took 0.103 seconds
[2025-07-13T23:13:57.838+0300] {processor.py:161} INFO - Started process (PID=5211) to work on /home/wal/.pyenv/versions/3.12.0/lib/python3.12/site-packages/airflow/example_dags/example_bash_decorator.py
[2025-07-13T23:13:57.839+0300] {processor.py:830} INFO - Processing file /home/wal/.pyenv/versions/3.12.0/lib/python3.12/site-packages/airflow/example_dags/example_bash_decorator.py for tasks to queue
[2025-07-13T23:13:57.841+0300] {logging_mixin.py:188} INFO - [2025-07-13T23:13:57.841+0300] {dagbag.py:545} INFO - Filling up the DagBag from /home/wal/.pyenv/versions/3.12.0/lib/python3.12/site-packages/airflow/example_dags/example_bash_decorator.py
[2025-07-13T23:13:57.856+0300] {processor.py:840} INFO - DAG(s) 'example_bash_decorator' retrieved from /home/wal/.pyenv/versions/3.12.0/lib/python3.12/site-packages/airflow/example_dags/example_bash_decorator.py
[2025-07-13T23:13:57.877+0300] {logging_mixin.py:188} INFO - [2025-07-13T23:13:57.876+0300] {dag.py:3096} INFO - Sync 1 DAGs
[2025-07-13T23:13:57.889+0300] {logging_mixin.py:188} INFO - [2025-07-13T23:13:57.888+0300] {dag.py:3954} INFO - Setting next_dagrun for example_bash_decorator to None, run_after=None
[2025-07-13T23:13:57.916+0300] {processor.py:183} INFO - Processing /home/wal/.pyenv/versions/3.12.0/lib/python3.12/site-packages/airflow/example_dags/example_bash_decorator.py took 0.087 seconds
[2025-07-13T23:14:53.145+0300] {processor.py:161} INFO - Started process (PID=5275) to work on /home/wal/.pyenv/versions/3.12.0/lib/python3.12/site-packages/airflow/example_dags/example_bash_decorator.py
[2025-07-13T23:14:53.147+0300] {processor.py:830} INFO - Processing file /home/wal/.pyenv/versions/3.12.0/lib/python3.12/site-packages/airflow/example_dags/example_bash_decorator.py for tasks to queue
[2025-07-13T23:14:53.149+0300] {logging_mixin.py:188} INFO - [2025-07-13T23:14:53.149+0300] {dagbag.py:545} INFO - Filling up the DagBag from /home/wal/.pyenv/versions/3.12.0/lib/python3.12/site-packages/airflow/example_dags/example_bash_decorator.py
[2025-07-13T23:14:53.167+0300] {processor.py:840} INFO - DAG(s) 'example_bash_decorator' retrieved from /home/wal/.pyenv/versions/3.12.0/lib/python3.12/site-packages/airflow/example_dags/example_bash_decorator.py
[2025-07-13T23:14:53.194+0300] {logging_mixin.py:188} INFO - [2025-07-13T23:14:53.193+0300] {dag.py:3096} INFO - Sync 1 DAGs
[2025-07-13T23:14:53.212+0300] {logging_mixin.py:188} INFO - [2025-07-13T23:14:53.212+0300] {dag.py:3954} INFO - Setting next_dagrun for example_bash_decorator to None, run_after=None
[2025-07-13T23:14:53.246+0300] {processor.py:183} INFO - Processing /home/wal/.pyenv/versions/3.12.0/lib/python3.12/site-packages/airflow/example_dags/example_bash_decorator.py took 0.107 seconds
[2025-07-13T23:16:10.375+0300] {processor.py:161} INFO - Started process (PID=5349) to work on /home/wal/.pyenv/versions/3.12.0/lib/python3.12/site-packages/airflow/example_dags/example_bash_decorator.py
[2025-07-13T23:16:10.381+0300] {processor.py:830} INFO - Processing file /home/wal/.pyenv/versions/3.12.0/lib/python3.12/site-packages/airflow/example_dags/example_bash_decorator.py for tasks to queue
[2025-07-13T23:16:10.383+0300] {logging_mixin.py:188} INFO - [2025-07-13T23:16:10.383+0300] {dagbag.py:545} INFO - Filling up the DagBag from /home/wal/.pyenv/versions/3.12.0/lib/python3.12/site-packages/airflow/example_dags/example_bash_decorator.py
[2025-07-13T23:16:10.405+0300] {processor.py:840} INFO - DAG(s) 'example_bash_decorator' retrieved from /home/wal/.pyenv/versions/3.12.0/lib/python3.12/site-packages/airflow/example_dags/example_bash_decorator.py
[2025-07-13T23:16:10.442+0300] {logging_mixin.py:188} INFO - [2025-07-13T23:16:10.441+0300] {dag.py:3096} INFO - Sync 1 DAGs
[2025-07-13T23:16:10.468+0300] {logging_mixin.py:188} INFO - [2025-07-13T23:16:10.468+0300] {dag.py:3954} INFO - Setting next_dagrun for example_bash_decorator to None, run_after=None
[2025-07-13T23:16:10.506+0300] {processor.py:183} INFO - Processing /home/wal/.pyenv/versions/3.12.0/lib/python3.12/site-packages/airflow/example_dags/example_bash_decorator.py took 0.139 seconds
[2025-07-13T23:17:19.615+0300] {processor.py:161} INFO - Started process (PID=5407) to work on /home/wal/.pyenv/versions/3.12.0/lib/python3.12/site-packages/airflow/example_dags/example_bash_decorator.py
[2025-07-13T23:17:19.619+0300] {processor.py:830} INFO - Processing file /home/wal/.pyenv/versions/3.12.0/lib/python3.12/site-packages/airflow/example_dags/example_bash_decorator.py for tasks to queue
[2025-07-13T23:17:19.623+0300] {logging_mixin.py:188} INFO - [2025-07-13T23:17:19.622+0300] {dagbag.py:545} INFO - Filling up the DagBag from /home/wal/.pyenv/versions/3.12.0/lib/python3.12/site-packages/airflow/example_dags/example_bash_decorator.py
[2025-07-13T23:17:19.644+0300] {processor.py:840} INFO - DAG(s) 'example_bash_decorator' retrieved from /home/wal/.pyenv/versions/3.12.0/lib/python3.12/site-packages/airflow/example_dags/example_bash_decorator.py
[2025-07-13T23:17:19.673+0300] {logging_mixin.py:188} INFO - [2025-07-13T23:17:19.673+0300] {dag.py:3096} INFO - Sync 1 DAGs
[2025-07-13T23:17:19.693+0300] {logging_mixin.py:188} INFO - [2025-07-13T23:17:19.692+0300] {dag.py:3954} INFO - Setting next_dagrun for example_bash_decorator to None, run_after=None
[2025-07-13T23:17:19.725+0300] {processor.py:183} INFO - Processing /home/wal/.pyenv/versions/3.12.0/lib/python3.12/site-packages/airflow/example_dags/example_bash_decorator.py took 0.126 seconds
[2025-07-13T23:18:31.955+0300] {processor.py:161} INFO - Started process (PID=5467) to work on /home/wal/.pyenv/versions/3.12.0/lib/python3.12/site-packages/airflow/example_dags/example_bash_decorator.py
[2025-07-13T23:18:31.958+0300] {processor.py:830} INFO - Processing file /home/wal/.pyenv/versions/3.12.0/lib/python3.12/site-packages/airflow/example_dags/example_bash_decorator.py for tasks to queue
[2025-07-13T23:18:31.963+0300] {logging_mixin.py:188} INFO - [2025-07-13T23:18:31.962+0300] {dagbag.py:545} INFO - Filling up the DagBag from /home/wal/.pyenv/versions/3.12.0/lib/python3.12/site-packages/airflow/example_dags/example_bash_decorator.py
[2025-07-13T23:18:31.987+0300] {processor.py:840} INFO - DAG(s) 'example_bash_decorator' retrieved from /home/wal/.pyenv/versions/3.12.0/lib/python3.12/site-packages/airflow/example_dags/example_bash_decorator.py
[2025-07-13T23:18:32.022+0300] {logging_mixin.py:188} INFO - [2025-07-13T23:18:32.022+0300] {dag.py:3096} INFO - Sync 1 DAGs
[2025-07-13T23:18:32.047+0300] {logging_mixin.py:188} INFO - [2025-07-13T23:18:32.047+0300] {dag.py:3954} INFO - Setting next_dagrun for example_bash_decorator to None, run_after=None
[2025-07-13T23:18:32.089+0300] {processor.py:183} INFO - Processing /home/wal/.pyenv/versions/3.12.0/lib/python3.12/site-packages/airflow/example_dags/example_bash_decorator.py took 0.148 seconds
[2025-07-13T23:19:40.569+0300] {processor.py:161} INFO - Started process (PID=5524) to work on /home/wal/.pyenv/versions/3.12.0/lib/python3.12/site-packages/airflow/example_dags/example_bash_decorator.py
[2025-07-13T23:19:40.575+0300] {processor.py:830} INFO - Processing file /home/wal/.pyenv/versions/3.12.0/lib/python3.12/site-packages/airflow/example_dags/example_bash_decorator.py for tasks to queue
[2025-07-13T23:19:40.577+0300] {logging_mixin.py:188} INFO - [2025-07-13T23:19:40.576+0300] {dagbag.py:545} INFO - Filling up the DagBag from /home/wal/.pyenv/versions/3.12.0/lib/python3.12/site-packages/airflow/example_dags/example_bash_decorator.py
[2025-07-13T23:19:40.593+0300] {processor.py:840} INFO - DAG(s) 'example_bash_decorator' retrieved from /home/wal/.pyenv/versions/3.12.0/lib/python3.12/site-packages/airflow/example_dags/example_bash_decorator.py
[2025-07-13T23:19:40.620+0300] {logging_mixin.py:188} INFO - [2025-07-13T23:19:40.620+0300] {dag.py:3096} INFO - Sync 1 DAGs
[2025-07-13T23:19:40.634+0300] {logging_mixin.py:188} INFO - [2025-07-13T23:19:40.634+0300] {dag.py:3954} INFO - Setting next_dagrun for example_bash_decorator to None, run_after=None
[2025-07-13T23:19:40.668+0300] {processor.py:183} INFO - Processing /home/wal/.pyenv/versions/3.12.0/lib/python3.12/site-packages/airflow/example_dags/example_bash_decorator.py took 0.106 seconds
[2025-07-13T23:20:40.308+0300] {processor.py:161} INFO - Started process (PID=5576) to work on /home/wal/.pyenv/versions/3.12.0/lib/python3.12/site-packages/airflow/example_dags/example_bash_decorator.py
[2025-07-13T23:20:40.313+0300] {processor.py:830} INFO - Processing file /home/wal/.pyenv/versions/3.12.0/lib/python3.12/site-packages/airflow/example_dags/example_bash_decorator.py for tasks to queue
[2025-07-13T23:20:40.316+0300] {logging_mixin.py:188} INFO - [2025-07-13T23:20:40.315+0300] {dagbag.py:545} INFO - Filling up the DagBag from /home/wal/.pyenv/versions/3.12.0/lib/python3.12/site-packages/airflow/example_dags/example_bash_decorator.py
[2025-07-13T23:20:40.334+0300] {processor.py:840} INFO - DAG(s) 'example_bash_decorator' retrieved from /home/wal/.pyenv/versions/3.12.0/lib/python3.12/site-packages/airflow/example_dags/example_bash_decorator.py
[2025-07-13T23:20:40.360+0300] {logging_mixin.py:188} INFO - [2025-07-13T23:20:40.360+0300] {dag.py:3096} INFO - Sync 1 DAGs
[2025-07-13T23:20:40.377+0300] {logging_mixin.py:188} INFO - [2025-07-13T23:20:40.377+0300] {dag.py:3954} INFO - Setting next_dagrun for example_bash_decorator to None, run_after=None
[2025-07-13T23:20:40.408+0300] {processor.py:183} INFO - Processing /home/wal/.pyenv/versions/3.12.0/lib/python3.12/site-packages/airflow/example_dags/example_bash_decorator.py took 0.108 seconds
[2025-07-13T23:21:45.289+0300] {processor.py:161} INFO - Started process (PID=5630) to work on /home/wal/.pyenv/versions/3.12.0/lib/python3.12/site-packages/airflow/example_dags/example_bash_decorator.py
[2025-07-13T23:21:45.295+0300] {processor.py:830} INFO - Processing file /home/wal/.pyenv/versions/3.12.0/lib/python3.12/site-packages/airflow/example_dags/example_bash_decorator.py for tasks to queue
[2025-07-13T23:21:45.298+0300] {logging_mixin.py:188} INFO - [2025-07-13T23:21:45.297+0300] {dagbag.py:545} INFO - Filling up the DagBag from /home/wal/.pyenv/versions/3.12.0/lib/python3.12/site-packages/airflow/example_dags/example_bash_decorator.py
[2025-07-13T23:21:45.321+0300] {processor.py:840} INFO - DAG(s) 'example_bash_decorator' retrieved from /home/wal/.pyenv/versions/3.12.0/lib/python3.12/site-packages/airflow/example_dags/example_bash_decorator.py
[2025-07-13T23:21:45.354+0300] {logging_mixin.py:188} INFO - [2025-07-13T23:21:45.354+0300] {dag.py:3096} INFO - Sync 1 DAGs
[2025-07-13T23:21:45.379+0300] {logging_mixin.py:188} INFO - [2025-07-13T23:21:45.379+0300] {dag.py:3954} INFO - Setting next_dagrun for example_bash_decorator to None, run_after=None
[2025-07-13T23:21:45.422+0300] {processor.py:183} INFO - Processing /home/wal/.pyenv/versions/3.12.0/lib/python3.12/site-packages/airflow/example_dags/example_bash_decorator.py took 0.146 seconds
[2025-07-13T23:22:56.280+0300] {processor.py:161} INFO - Started process (PID=5687) to work on /home/wal/.pyenv/versions/3.12.0/lib/python3.12/site-packages/airflow/example_dags/example_bash_decorator.py
[2025-07-13T23:22:56.293+0300] {processor.py:830} INFO - Processing file /home/wal/.pyenv/versions/3.12.0/lib/python3.12/site-packages/airflow/example_dags/example_bash_decorator.py for tasks to queue
[2025-07-13T23:22:56.297+0300] {logging_mixin.py:188} INFO - [2025-07-13T23:22:56.296+0300] {dagbag.py:545} INFO - Filling up the DagBag from /home/wal/.pyenv/versions/3.12.0/lib/python3.12/site-packages/airflow/example_dags/example_bash_decorator.py
[2025-07-13T23:22:56.342+0300] {processor.py:840} INFO - DAG(s) 'example_bash_decorator' retrieved from /home/wal/.pyenv/versions/3.12.0/lib/python3.12/site-packages/airflow/example_dags/example_bash_decorator.py
[2025-07-13T23:22:56.519+0300] {logging_mixin.py:188} INFO - [2025-07-13T23:22:56.507+0300] {dag.py:3096} INFO - Sync 1 DAGs
[2025-07-13T23:22:56.581+0300] {logging_mixin.py:188} INFO - [2025-07-13T23:22:56.580+0300] {dag.py:3954} INFO - Setting next_dagrun for example_bash_decorator to None, run_after=None
[2025-07-13T23:22:57.301+0300] {processor.py:183} INFO - Processing /home/wal/.pyenv/versions/3.12.0/lib/python3.12/site-packages/airflow/example_dags/example_bash_decorator.py took 1.056 seconds
[2025-07-13T23:24:13.573+0300] {processor.py:161} INFO - Started process (PID=5745) to work on /home/wal/.pyenv/versions/3.12.0/lib/python3.12/site-packages/airflow/example_dags/example_bash_decorator.py
[2025-07-13T23:24:13.581+0300] {processor.py:830} INFO - Processing file /home/wal/.pyenv/versions/3.12.0/lib/python3.12/site-packages/airflow/example_dags/example_bash_decorator.py for tasks to queue
[2025-07-13T23:24:13.602+0300] {logging_mixin.py:188} INFO - [2025-07-13T23:24:13.591+0300] {dagbag.py:545} INFO - Filling up the DagBag from /home/wal/.pyenv/versions/3.12.0/lib/python3.12/site-packages/airflow/example_dags/example_bash_decorator.py
[2025-07-13T23:24:13.681+0300] {processor.py:840} INFO - DAG(s) 'example_bash_decorator' retrieved from /home/wal/.pyenv/versions/3.12.0/lib/python3.12/site-packages/airflow/example_dags/example_bash_decorator.py
[2025-07-13T23:24:13.740+0300] {logging_mixin.py:188} INFO - [2025-07-13T23:24:13.739+0300] {dag.py:3096} INFO - Sync 1 DAGs
[2025-07-13T23:24:13.785+0300] {logging_mixin.py:188} INFO - [2025-07-13T23:24:13.785+0300] {dag.py:3954} INFO - Setting next_dagrun for example_bash_decorator to None, run_after=None
[2025-07-13T23:24:13.871+0300] {processor.py:183} INFO - Processing /home/wal/.pyenv/versions/3.12.0/lib/python3.12/site-packages/airflow/example_dags/example_bash_decorator.py took 0.335 seconds
[2025-07-13T23:26:13.062+0300] {processor.py:161} INFO - Started process (PID=5822) to work on /home/wal/.pyenv/versions/3.12.0/lib/python3.12/site-packages/airflow/example_dags/example_bash_decorator.py
[2025-07-13T23:26:13.067+0300] {processor.py:830} INFO - Processing file /home/wal/.pyenv/versions/3.12.0/lib/python3.12/site-packages/airflow/example_dags/example_bash_decorator.py for tasks to queue
[2025-07-13T23:26:13.069+0300] {logging_mixin.py:188} INFO - [2025-07-13T23:26:13.069+0300] {dagbag.py:545} INFO - Filling up the DagBag from /home/wal/.pyenv/versions/3.12.0/lib/python3.12/site-packages/airflow/example_dags/example_bash_decorator.py
[2025-07-13T23:26:13.092+0300] {processor.py:840} INFO - DAG(s) 'example_bash_decorator' retrieved from /home/wal/.pyenv/versions/3.12.0/lib/python3.12/site-packages/airflow/example_dags/example_bash_decorator.py
[2025-07-13T23:26:13.124+0300] {logging_mixin.py:188} INFO - [2025-07-13T23:26:13.123+0300] {dag.py:3096} INFO - Sync 1 DAGs
[2025-07-13T23:26:13.142+0300] {logging_mixin.py:188} INFO - [2025-07-13T23:26:13.141+0300] {dag.py:3954} INFO - Setting next_dagrun for example_bash_decorator to None, run_after=None
[2025-07-13T23:26:13.323+0300] {processor.py:183} INFO - Processing /home/wal/.pyenv/versions/3.12.0/lib/python3.12/site-packages/airflow/example_dags/example_bash_decorator.py took 0.271 seconds
[2025-07-13T23:27:21.828+0300] {processor.py:161} INFO - Started process (PID=5879) to work on /home/wal/.pyenv/versions/3.12.0/lib/python3.12/site-packages/airflow/example_dags/example_bash_decorator.py
[2025-07-13T23:27:21.830+0300] {processor.py:830} INFO - Processing file /home/wal/.pyenv/versions/3.12.0/lib/python3.12/site-packages/airflow/example_dags/example_bash_decorator.py for tasks to queue
[2025-07-13T23:27:21.836+0300] {logging_mixin.py:188} INFO - [2025-07-13T23:27:21.835+0300] {dagbag.py:545} INFO - Filling up the DagBag from /home/wal/.pyenv/versions/3.12.0/lib/python3.12/site-packages/airflow/example_dags/example_bash_decorator.py
[2025-07-13T23:27:21.858+0300] {processor.py:840} INFO - DAG(s) 'example_bash_decorator' retrieved from /home/wal/.pyenv/versions/3.12.0/lib/python3.12/site-packages/airflow/example_dags/example_bash_decorator.py
[2025-07-13T23:27:21.895+0300] {logging_mixin.py:188} INFO - [2025-07-13T23:27:21.894+0300] {dag.py:3096} INFO - Sync 1 DAGs
[2025-07-13T23:27:21.920+0300] {logging_mixin.py:188} INFO - [2025-07-13T23:27:21.919+0300] {dag.py:3954} INFO - Setting next_dagrun for example_bash_decorator to None, run_after=None
[2025-07-13T23:27:21.966+0300] {processor.py:183} INFO - Processing /home/wal/.pyenv/versions/3.12.0/lib/python3.12/site-packages/airflow/example_dags/example_bash_decorator.py took 0.147 seconds
[2025-07-13T23:28:39.277+0300] {processor.py:161} INFO - Started process (PID=5937) to work on /home/wal/.pyenv/versions/3.12.0/lib/python3.12/site-packages/airflow/example_dags/example_bash_decorator.py
[2025-07-13T23:28:39.284+0300] {processor.py:830} INFO - Processing file /home/wal/.pyenv/versions/3.12.0/lib/python3.12/site-packages/airflow/example_dags/example_bash_decorator.py for tasks to queue
[2025-07-13T23:28:39.288+0300] {logging_mixin.py:188} INFO - [2025-07-13T23:28:39.287+0300] {dagbag.py:545} INFO - Filling up the DagBag from /home/wal/.pyenv/versions/3.12.0/lib/python3.12/site-packages/airflow/example_dags/example_bash_decorator.py
[2025-07-13T23:28:39.326+0300] {processor.py:840} INFO - DAG(s) 'example_bash_decorator' retrieved from /home/wal/.pyenv/versions/3.12.0/lib/python3.12/site-packages/airflow/example_dags/example_bash_decorator.py
[2025-07-13T23:28:39.376+0300] {logging_mixin.py:188} INFO - [2025-07-13T23:28:39.375+0300] {dag.py:3096} INFO - Sync 1 DAGs
[2025-07-13T23:28:39.407+0300] {logging_mixin.py:188} INFO - [2025-07-13T23:28:39.407+0300] {dag.py:3954} INFO - Setting next_dagrun for example_bash_decorator to None, run_after=None
[2025-07-13T23:28:39.457+0300] {processor.py:183} INFO - Processing /home/wal/.pyenv/versions/3.12.0/lib/python3.12/site-packages/airflow/example_dags/example_bash_decorator.py took 0.192 seconds
[2025-07-13T23:29:41.695+0300] {processor.py:161} INFO - Started process (PID=5991) to work on /home/wal/.pyenv/versions/3.12.0/lib/python3.12/site-packages/airflow/example_dags/example_bash_decorator.py
[2025-07-13T23:29:41.701+0300] {processor.py:830} INFO - Processing file /home/wal/.pyenv/versions/3.12.0/lib/python3.12/site-packages/airflow/example_dags/example_bash_decorator.py for tasks to queue
[2025-07-13T23:29:41.709+0300] {logging_mixin.py:188} INFO - [2025-07-13T23:29:41.707+0300] {dagbag.py:545} INFO - Filling up the DagBag from /home/wal/.pyenv/versions/3.12.0/lib/python3.12/site-packages/airflow/example_dags/example_bash_decorator.py
[2025-07-13T23:29:41.863+0300] {processor.py:840} INFO - DAG(s) 'example_bash_decorator' retrieved from /home/wal/.pyenv/versions/3.12.0/lib/python3.12/site-packages/airflow/example_dags/example_bash_decorator.py
[2025-07-13T23:29:41.984+0300] {logging_mixin.py:188} INFO - [2025-07-13T23:29:41.983+0300] {dag.py:3096} INFO - Sync 1 DAGs
[2025-07-13T23:29:42.108+0300] {logging_mixin.py:188} INFO - [2025-07-13T23:29:42.107+0300] {dag.py:3954} INFO - Setting next_dagrun for example_bash_decorator to None, run_after=None
[2025-07-13T23:29:42.258+0300] {processor.py:183} INFO - Processing /home/wal/.pyenv/versions/3.12.0/lib/python3.12/site-packages/airflow/example_dags/example_bash_decorator.py took 0.610 seconds
[2025-07-13T23:30:41.207+0300] {processor.py:161} INFO - Started process (PID=6044) to work on /home/wal/.pyenv/versions/3.12.0/lib/python3.12/site-packages/airflow/example_dags/example_bash_decorator.py
[2025-07-13T23:30:41.211+0300] {processor.py:830} INFO - Processing file /home/wal/.pyenv/versions/3.12.0/lib/python3.12/site-packages/airflow/example_dags/example_bash_decorator.py for tasks to queue
[2025-07-13T23:30:41.213+0300] {logging_mixin.py:188} INFO - [2025-07-13T23:30:41.213+0300] {dagbag.py:545} INFO - Filling up the DagBag from /home/wal/.pyenv/versions/3.12.0/lib/python3.12/site-packages/airflow/example_dags/example_bash_decorator.py
[2025-07-13T23:30:41.243+0300] {processor.py:840} INFO - DAG(s) 'example_bash_decorator' retrieved from /home/wal/.pyenv/versions/3.12.0/lib/python3.12/site-packages/airflow/example_dags/example_bash_decorator.py
[2025-07-13T23:30:41.273+0300] {logging_mixin.py:188} INFO - [2025-07-13T23:30:41.273+0300] {dag.py:3096} INFO - Sync 1 DAGs
[2025-07-13T23:30:41.292+0300] {logging_mixin.py:188} INFO - [2025-07-13T23:30:41.292+0300] {dag.py:3954} INFO - Setting next_dagrun for example_bash_decorator to None, run_after=None
[2025-07-13T23:30:41.334+0300] {processor.py:183} INFO - Processing /home/wal/.pyenv/versions/3.12.0/lib/python3.12/site-packages/airflow/example_dags/example_bash_decorator.py took 0.162 seconds
[2025-07-13T23:31:40.703+0300] {processor.py:161} INFO - Started process (PID=6097) to work on /home/wal/.pyenv/versions/3.12.0/lib/python3.12/site-packages/airflow/example_dags/example_bash_decorator.py
[2025-07-13T23:31:40.704+0300] {processor.py:830} INFO - Processing file /home/wal/.pyenv/versions/3.12.0/lib/python3.12/site-packages/airflow/example_dags/example_bash_decorator.py for tasks to queue
[2025-07-13T23:31:40.709+0300] {logging_mixin.py:188} INFO - [2025-07-13T23:31:40.707+0300] {dagbag.py:545} INFO - Filling up the DagBag from /home/wal/.pyenv/versions/3.12.0/lib/python3.12/site-packages/airflow/example_dags/example_bash_decorator.py
[2025-07-13T23:31:40.733+0300] {processor.py:840} INFO - DAG(s) 'example_bash_decorator' retrieved from /home/wal/.pyenv/versions/3.12.0/lib/python3.12/site-packages/airflow/example_dags/example_bash_decorator.py
[2025-07-13T23:31:40.762+0300] {logging_mixin.py:188} INFO - [2025-07-13T23:31:40.761+0300] {dag.py:3096} INFO - Sync 1 DAGs
[2025-07-13T23:31:40.799+0300] {logging_mixin.py:188} INFO - [2025-07-13T23:31:40.798+0300] {dag.py:3954} INFO - Setting next_dagrun for example_bash_decorator to None, run_after=None
[2025-07-13T23:31:40.833+0300] {processor.py:183} INFO - Processing /home/wal/.pyenv/versions/3.12.0/lib/python3.12/site-packages/airflow/example_dags/example_bash_decorator.py took 0.140 seconds
[2025-07-13T23:32:39.778+0300] {processor.py:161} INFO - Started process (PID=6147) to work on /home/wal/.pyenv/versions/3.12.0/lib/python3.12/site-packages/airflow/example_dags/example_bash_decorator.py
[2025-07-13T23:32:39.784+0300] {processor.py:830} INFO - Processing file /home/wal/.pyenv/versions/3.12.0/lib/python3.12/site-packages/airflow/example_dags/example_bash_decorator.py for tasks to queue
[2025-07-13T23:32:39.789+0300] {logging_mixin.py:188} INFO - [2025-07-13T23:32:39.788+0300] {dagbag.py:545} INFO - Filling up the DagBag from /home/wal/.pyenv/versions/3.12.0/lib/python3.12/site-packages/airflow/example_dags/example_bash_decorator.py
[2025-07-13T23:32:39.811+0300] {processor.py:840} INFO - DAG(s) 'example_bash_decorator' retrieved from /home/wal/.pyenv/versions/3.12.0/lib/python3.12/site-packages/airflow/example_dags/example_bash_decorator.py
[2025-07-13T23:32:39.842+0300] {logging_mixin.py:188} INFO - [2025-07-13T23:32:39.842+0300] {dag.py:3096} INFO - Sync 1 DAGs
[2025-07-13T23:32:39.862+0300] {logging_mixin.py:188} INFO - [2025-07-13T23:32:39.862+0300] {dag.py:3954} INFO - Setting next_dagrun for example_bash_decorator to None, run_after=None
[2025-07-13T23:32:39.899+0300] {processor.py:183} INFO - Processing /home/wal/.pyenv/versions/3.12.0/lib/python3.12/site-packages/airflow/example_dags/example_bash_decorator.py took 0.130 seconds
[2025-07-13T23:33:43.390+0300] {processor.py:161} INFO - Started process (PID=6202) to work on /home/wal/.pyenv/versions/3.12.0/lib/python3.12/site-packages/airflow/example_dags/example_bash_decorator.py
[2025-07-13T23:33:43.392+0300] {processor.py:830} INFO - Processing file /home/wal/.pyenv/versions/3.12.0/lib/python3.12/site-packages/airflow/example_dags/example_bash_decorator.py for tasks to queue
[2025-07-13T23:33:43.396+0300] {logging_mixin.py:188} INFO - [2025-07-13T23:33:43.394+0300] {dagbag.py:545} INFO - Filling up the DagBag from /home/wal/.pyenv/versions/3.12.0/lib/python3.12/site-packages/airflow/example_dags/example_bash_decorator.py
[2025-07-13T23:33:43.426+0300] {processor.py:840} INFO - DAG(s) 'example_bash_decorator' retrieved from /home/wal/.pyenv/versions/3.12.0/lib/python3.12/site-packages/airflow/example_dags/example_bash_decorator.py
[2025-07-13T23:33:43.461+0300] {logging_mixin.py:188} INFO - [2025-07-13T23:33:43.461+0300] {dag.py:3096} INFO - Sync 1 DAGs
[2025-07-13T23:33:43.481+0300] {logging_mixin.py:188} INFO - [2025-07-13T23:33:43.480+0300] {dag.py:3954} INFO - Setting next_dagrun for example_bash_decorator to None, run_after=None
[2025-07-13T23:33:43.518+0300] {processor.py:183} INFO - Processing /home/wal/.pyenv/versions/3.12.0/lib/python3.12/site-packages/airflow/example_dags/example_bash_decorator.py took 0.137 seconds
[2025-07-13T23:34:57.681+0300] {processor.py:161} INFO - Started process (PID=6258) to work on /home/wal/.pyenv/versions/3.12.0/lib/python3.12/site-packages/airflow/example_dags/example_bash_decorator.py
[2025-07-13T23:34:57.685+0300] {processor.py:830} INFO - Processing file /home/wal/.pyenv/versions/3.12.0/lib/python3.12/site-packages/airflow/example_dags/example_bash_decorator.py for tasks to queue
[2025-07-13T23:34:57.695+0300] {logging_mixin.py:188} INFO - [2025-07-13T23:34:57.693+0300] {dagbag.py:545} INFO - Filling up the DagBag from /home/wal/.pyenv/versions/3.12.0/lib/python3.12/site-packages/airflow/example_dags/example_bash_decorator.py
[2025-07-13T23:34:57.778+0300] {processor.py:840} INFO - DAG(s) 'example_bash_decorator' retrieved from /home/wal/.pyenv/versions/3.12.0/lib/python3.12/site-packages/airflow/example_dags/example_bash_decorator.py
[2025-07-13T23:34:57.944+0300] {logging_mixin.py:188} INFO - [2025-07-13T23:34:57.943+0300] {dag.py:3096} INFO - Sync 1 DAGs
[2025-07-13T23:34:58.009+0300] {logging_mixin.py:188} INFO - [2025-07-13T23:34:58.008+0300] {dag.py:3954} INFO - Setting next_dagrun for example_bash_decorator to None, run_after=None
[2025-07-13T23:34:58.107+0300] {processor.py:183} INFO - Processing /home/wal/.pyenv/versions/3.12.0/lib/python3.12/site-packages/airflow/example_dags/example_bash_decorator.py took 0.453 seconds
[2025-07-13T23:36:05.956+0300] {processor.py:161} INFO - Started process (PID=6320) to work on /home/wal/.pyenv/versions/3.12.0/lib/python3.12/site-packages/airflow/example_dags/example_bash_decorator.py
[2025-07-13T23:36:05.958+0300] {processor.py:830} INFO - Processing file /home/wal/.pyenv/versions/3.12.0/lib/python3.12/site-packages/airflow/example_dags/example_bash_decorator.py for tasks to queue
[2025-07-13T23:36:05.960+0300] {logging_mixin.py:188} INFO - [2025-07-13T23:36:05.959+0300] {dagbag.py:545} INFO - Filling up the DagBag from /home/wal/.pyenv/versions/3.12.0/lib/python3.12/site-packages/airflow/example_dags/example_bash_decorator.py
[2025-07-13T23:36:05.983+0300] {processor.py:840} INFO - DAG(s) 'example_bash_decorator' retrieved from /home/wal/.pyenv/versions/3.12.0/lib/python3.12/site-packages/airflow/example_dags/example_bash_decorator.py
[2025-07-13T23:36:06.012+0300] {logging_mixin.py:188} INFO - [2025-07-13T23:36:06.011+0300] {dag.py:3096} INFO - Sync 1 DAGs
[2025-07-13T23:36:06.034+0300] {logging_mixin.py:188} INFO - [2025-07-13T23:36:06.034+0300] {dag.py:3954} INFO - Setting next_dagrun for example_bash_decorator to None, run_after=None
[2025-07-13T23:36:06.068+0300] {processor.py:183} INFO - Processing /home/wal/.pyenv/versions/3.12.0/lib/python3.12/site-packages/airflow/example_dags/example_bash_decorator.py took 0.127 seconds
[2025-07-13T23:37:02.946+0300] {processor.py:161} INFO - Started process (PID=6372) to work on /home/wal/.pyenv/versions/3.12.0/lib/python3.12/site-packages/airflow/example_dags/example_bash_decorator.py
[2025-07-13T23:37:02.948+0300] {processor.py:830} INFO - Processing file /home/wal/.pyenv/versions/3.12.0/lib/python3.12/site-packages/airflow/example_dags/example_bash_decorator.py for tasks to queue
[2025-07-13T23:37:02.951+0300] {logging_mixin.py:188} INFO - [2025-07-13T23:37:02.950+0300] {dagbag.py:545} INFO - Filling up the DagBag from /home/wal/.pyenv/versions/3.12.0/lib/python3.12/site-packages/airflow/example_dags/example_bash_decorator.py
[2025-07-13T23:37:02.971+0300] {processor.py:840} INFO - DAG(s) 'example_bash_decorator' retrieved from /home/wal/.pyenv/versions/3.12.0/lib/python3.12/site-packages/airflow/example_dags/example_bash_decorator.py
[2025-07-13T23:37:03.000+0300] {logging_mixin.py:188} INFO - [2025-07-13T23:37:02.999+0300] {dag.py:3096} INFO - Sync 1 DAGs
[2025-07-13T23:37:03.018+0300] {logging_mixin.py:188} INFO - [2025-07-13T23:37:03.018+0300] {dag.py:3954} INFO - Setting next_dagrun for example_bash_decorator to None, run_after=None
[2025-07-13T23:37:03.051+0300] {processor.py:183} INFO - Processing /home/wal/.pyenv/versions/3.12.0/lib/python3.12/site-packages/airflow/example_dags/example_bash_decorator.py took 0.114 seconds
[2025-07-13T23:38:04.489+0300] {processor.py:161} INFO - Started process (PID=6425) to work on /home/wal/.pyenv/versions/3.12.0/lib/python3.12/site-packages/airflow/example_dags/example_bash_decorator.py
[2025-07-13T23:38:04.498+0300] {processor.py:830} INFO - Processing file /home/wal/.pyenv/versions/3.12.0/lib/python3.12/site-packages/airflow/example_dags/example_bash_decorator.py for tasks to queue
[2025-07-13T23:38:04.501+0300] {logging_mixin.py:188} INFO - [2025-07-13T23:38:04.500+0300] {dagbag.py:545} INFO - Filling up the DagBag from /home/wal/.pyenv/versions/3.12.0/lib/python3.12/site-packages/airflow/example_dags/example_bash_decorator.py
[2025-07-13T23:38:04.523+0300] {processor.py:840} INFO - DAG(s) 'example_bash_decorator' retrieved from /home/wal/.pyenv/versions/3.12.0/lib/python3.12/site-packages/airflow/example_dags/example_bash_decorator.py
[2025-07-13T23:38:04.553+0300] {logging_mixin.py:188} INFO - [2025-07-13T23:38:04.553+0300] {dag.py:3096} INFO - Sync 1 DAGs
[2025-07-13T23:38:04.570+0300] {logging_mixin.py:188} INFO - [2025-07-13T23:38:04.570+0300] {dag.py:3954} INFO - Setting next_dagrun for example_bash_decorator to None, run_after=None
[2025-07-13T23:38:04.662+0300] {processor.py:183} INFO - Processing /home/wal/.pyenv/versions/3.12.0/lib/python3.12/site-packages/airflow/example_dags/example_bash_decorator.py took 0.183 seconds
[2025-07-13T23:39:03.795+0300] {processor.py:161} INFO - Started process (PID=6477) to work on /home/wal/.pyenv/versions/3.12.0/lib/python3.12/site-packages/airflow/example_dags/example_bash_decorator.py
[2025-07-13T23:39:03.802+0300] {processor.py:830} INFO - Processing file /home/wal/.pyenv/versions/3.12.0/lib/python3.12/site-packages/airflow/example_dags/example_bash_decorator.py for tasks to queue
[2025-07-13T23:39:03.806+0300] {logging_mixin.py:188} INFO - [2025-07-13T23:39:03.805+0300] {dagbag.py:545} INFO - Filling up the DagBag from /home/wal/.pyenv/versions/3.12.0/lib/python3.12/site-packages/airflow/example_dags/example_bash_decorator.py
[2025-07-13T23:39:03.827+0300] {processor.py:840} INFO - DAG(s) 'example_bash_decorator' retrieved from /home/wal/.pyenv/versions/3.12.0/lib/python3.12/site-packages/airflow/example_dags/example_bash_decorator.py
[2025-07-13T23:39:03.854+0300] {logging_mixin.py:188} INFO - [2025-07-13T23:39:03.854+0300] {dag.py:3096} INFO - Sync 1 DAGs
[2025-07-13T23:39:03.869+0300] {logging_mixin.py:188} INFO - [2025-07-13T23:39:03.869+0300] {dag.py:3954} INFO - Setting next_dagrun for example_bash_decorator to None, run_after=None
[2025-07-13T23:39:03.894+0300] {processor.py:183} INFO - Processing /home/wal/.pyenv/versions/3.12.0/lib/python3.12/site-packages/airflow/example_dags/example_bash_decorator.py took 0.117 seconds
[2025-07-13T23:40:01.236+0300] {processor.py:161} INFO - Started process (PID=6528) to work on /home/wal/.pyenv/versions/3.12.0/lib/python3.12/site-packages/airflow/example_dags/example_bash_decorator.py
[2025-07-13T23:40:01.238+0300] {processor.py:830} INFO - Processing file /home/wal/.pyenv/versions/3.12.0/lib/python3.12/site-packages/airflow/example_dags/example_bash_decorator.py for tasks to queue
[2025-07-13T23:40:01.243+0300] {logging_mixin.py:188} INFO - [2025-07-13T23:40:01.242+0300] {dagbag.py:545} INFO - Filling up the DagBag from /home/wal/.pyenv/versions/3.12.0/lib/python3.12/site-packages/airflow/example_dags/example_bash_decorator.py
[2025-07-13T23:40:01.268+0300] {processor.py:840} INFO - DAG(s) 'example_bash_decorator' retrieved from /home/wal/.pyenv/versions/3.12.0/lib/python3.12/site-packages/airflow/example_dags/example_bash_decorator.py
[2025-07-13T23:40:01.310+0300] {logging_mixin.py:188} INFO - [2025-07-13T23:40:01.310+0300] {dag.py:3096} INFO - Sync 1 DAGs
[2025-07-13T23:40:01.331+0300] {logging_mixin.py:188} INFO - [2025-07-13T23:40:01.331+0300] {dag.py:3954} INFO - Setting next_dagrun for example_bash_decorator to None, run_after=None
[2025-07-13T23:40:01.370+0300] {processor.py:183} INFO - Processing /home/wal/.pyenv/versions/3.12.0/lib/python3.12/site-packages/airflow/example_dags/example_bash_decorator.py took 0.146 seconds
[2025-07-13T23:40:54.752+0300] {processor.py:161} INFO - Started process (PID=6580) to work on /home/wal/.pyenv/versions/3.12.0/lib/python3.12/site-packages/airflow/example_dags/example_bash_decorator.py
[2025-07-13T23:40:54.754+0300] {processor.py:830} INFO - Processing file /home/wal/.pyenv/versions/3.12.0/lib/python3.12/site-packages/airflow/example_dags/example_bash_decorator.py for tasks to queue
[2025-07-13T23:40:54.756+0300] {logging_mixin.py:188} INFO - [2025-07-13T23:40:54.755+0300] {dagbag.py:545} INFO - Filling up the DagBag from /home/wal/.pyenv/versions/3.12.0/lib/python3.12/site-packages/airflow/example_dags/example_bash_decorator.py
[2025-07-13T23:40:54.775+0300] {processor.py:840} INFO - DAG(s) 'example_bash_decorator' retrieved from /home/wal/.pyenv/versions/3.12.0/lib/python3.12/site-packages/airflow/example_dags/example_bash_decorator.py
[2025-07-13T23:40:54.801+0300] {logging_mixin.py:188} INFO - [2025-07-13T23:40:54.801+0300] {dag.py:3096} INFO - Sync 1 DAGs
[2025-07-13T23:40:54.818+0300] {logging_mixin.py:188} INFO - [2025-07-13T23:40:54.818+0300] {dag.py:3954} INFO - Setting next_dagrun for example_bash_decorator to None, run_after=None
[2025-07-13T23:40:54.851+0300] {processor.py:183} INFO - Processing /home/wal/.pyenv/versions/3.12.0/lib/python3.12/site-packages/airflow/example_dags/example_bash_decorator.py took 0.108 seconds
[2025-07-13T23:42:10.625+0300] {processor.py:161} INFO - Started process (PID=6651) to work on /home/wal/.pyenv/versions/3.12.0/lib/python3.12/site-packages/airflow/example_dags/example_bash_decorator.py
[2025-07-13T23:42:10.626+0300] {processor.py:830} INFO - Processing file /home/wal/.pyenv/versions/3.12.0/lib/python3.12/site-packages/airflow/example_dags/example_bash_decorator.py for tasks to queue
[2025-07-13T23:42:10.628+0300] {logging_mixin.py:188} INFO - [2025-07-13T23:42:10.628+0300] {dagbag.py:545} INFO - Filling up the DagBag from /home/wal/.pyenv/versions/3.12.0/lib/python3.12/site-packages/airflow/example_dags/example_bash_decorator.py
[2025-07-13T23:42:10.646+0300] {processor.py:840} INFO - DAG(s) 'example_bash_decorator' retrieved from /home/wal/.pyenv/versions/3.12.0/lib/python3.12/site-packages/airflow/example_dags/example_bash_decorator.py
[2025-07-13T23:42:10.675+0300] {logging_mixin.py:188} INFO - [2025-07-13T23:42:10.675+0300] {dag.py:3096} INFO - Sync 1 DAGs
[2025-07-13T23:42:10.691+0300] {logging_mixin.py:188} INFO - [2025-07-13T23:42:10.691+0300] {dag.py:3954} INFO - Setting next_dagrun for example_bash_decorator to None, run_after=None
[2025-07-13T23:42:10.726+0300] {processor.py:183} INFO - Processing /home/wal/.pyenv/versions/3.12.0/lib/python3.12/site-packages/airflow/example_dags/example_bash_decorator.py took 0.112 seconds
[2025-07-13T23:43:05.041+0300] {processor.py:161} INFO - Started process (PID=6702) to work on /home/wal/.pyenv/versions/3.12.0/lib/python3.12/site-packages/airflow/example_dags/example_bash_decorator.py
[2025-07-13T23:43:05.048+0300] {processor.py:830} INFO - Processing file /home/wal/.pyenv/versions/3.12.0/lib/python3.12/site-packages/airflow/example_dags/example_bash_decorator.py for tasks to queue
[2025-07-13T23:43:05.052+0300] {logging_mixin.py:188} INFO - [2025-07-13T23:43:05.052+0300] {dagbag.py:545} INFO - Filling up the DagBag from /home/wal/.pyenv/versions/3.12.0/lib/python3.12/site-packages/airflow/example_dags/example_bash_decorator.py
[2025-07-13T23:43:05.071+0300] {processor.py:840} INFO - DAG(s) 'example_bash_decorator' retrieved from /home/wal/.pyenv/versions/3.12.0/lib/python3.12/site-packages/airflow/example_dags/example_bash_decorator.py
[2025-07-13T23:43:05.093+0300] {logging_mixin.py:188} INFO - [2025-07-13T23:43:05.093+0300] {dag.py:3096} INFO - Sync 1 DAGs
[2025-07-13T23:43:05.110+0300] {logging_mixin.py:188} INFO - [2025-07-13T23:43:05.109+0300] {dag.py:3954} INFO - Setting next_dagrun for example_bash_decorator to None, run_after=None
[2025-07-13T23:43:05.142+0300] {processor.py:183} INFO - Processing /home/wal/.pyenv/versions/3.12.0/lib/python3.12/site-packages/airflow/example_dags/example_bash_decorator.py took 0.109 seconds
[2025-07-13T23:44:02.244+0300] {processor.py:161} INFO - Started process (PID=6752) to work on /home/wal/.pyenv/versions/3.12.0/lib/python3.12/site-packages/airflow/example_dags/example_bash_decorator.py
[2025-07-13T23:44:02.245+0300] {processor.py:830} INFO - Processing file /home/wal/.pyenv/versions/3.12.0/lib/python3.12/site-packages/airflow/example_dags/example_bash_decorator.py for tasks to queue
[2025-07-13T23:44:02.247+0300] {logging_mixin.py:188} INFO - [2025-07-13T23:44:02.247+0300] {dagbag.py:545} INFO - Filling up the DagBag from /home/wal/.pyenv/versions/3.12.0/lib/python3.12/site-packages/airflow/example_dags/example_bash_decorator.py
[2025-07-13T23:44:02.266+0300] {processor.py:840} INFO - DAG(s) 'example_bash_decorator' retrieved from /home/wal/.pyenv/versions/3.12.0/lib/python3.12/site-packages/airflow/example_dags/example_bash_decorator.py
[2025-07-13T23:44:02.297+0300] {logging_mixin.py:188} INFO - [2025-07-13T23:44:02.297+0300] {dag.py:3096} INFO - Sync 1 DAGs
[2025-07-13T23:44:02.316+0300] {logging_mixin.py:188} INFO - [2025-07-13T23:44:02.316+0300] {dag.py:3954} INFO - Setting next_dagrun for example_bash_decorator to None, run_after=None
[2025-07-13T23:44:02.348+0300] {processor.py:183} INFO - Processing /home/wal/.pyenv/versions/3.12.0/lib/python3.12/site-packages/airflow/example_dags/example_bash_decorator.py took 0.115 seconds
[2025-07-13T23:44:57.832+0300] {processor.py:161} INFO - Started process (PID=6804) to work on /home/wal/.pyenv/versions/3.12.0/lib/python3.12/site-packages/airflow/example_dags/example_bash_decorator.py
[2025-07-13T23:44:57.839+0300] {processor.py:830} INFO - Processing file /home/wal/.pyenv/versions/3.12.0/lib/python3.12/site-packages/airflow/example_dags/example_bash_decorator.py for tasks to queue
[2025-07-13T23:44:57.844+0300] {logging_mixin.py:188} INFO - [2025-07-13T23:44:57.843+0300] {dagbag.py:545} INFO - Filling up the DagBag from /home/wal/.pyenv/versions/3.12.0/lib/python3.12/site-packages/airflow/example_dags/example_bash_decorator.py
[2025-07-13T23:44:57.896+0300] {processor.py:840} INFO - DAG(s) 'example_bash_decorator' retrieved from /home/wal/.pyenv/versions/3.12.0/lib/python3.12/site-packages/airflow/example_dags/example_bash_decorator.py
[2025-07-13T23:44:57.996+0300] {logging_mixin.py:188} INFO - [2025-07-13T23:44:57.996+0300] {dag.py:3096} INFO - Sync 1 DAGs
[2025-07-13T23:44:58.079+0300] {logging_mixin.py:188} INFO - [2025-07-13T23:44:58.079+0300] {dag.py:3954} INFO - Setting next_dagrun for example_bash_decorator to None, run_after=None
[2025-07-13T23:44:58.202+0300] {processor.py:183} INFO - Processing /home/wal/.pyenv/versions/3.12.0/lib/python3.12/site-packages/airflow/example_dags/example_bash_decorator.py took 0.384 seconds
[2025-07-13T23:45:52.287+0300] {processor.py:161} INFO - Started process (PID=6857) to work on /home/wal/.pyenv/versions/3.12.0/lib/python3.12/site-packages/airflow/example_dags/example_bash_decorator.py
[2025-07-13T23:45:52.290+0300] {processor.py:830} INFO - Processing file /home/wal/.pyenv/versions/3.12.0/lib/python3.12/site-packages/airflow/example_dags/example_bash_decorator.py for tasks to queue
[2025-07-13T23:45:52.293+0300] {logging_mixin.py:188} INFO - [2025-07-13T23:45:52.292+0300] {dagbag.py:545} INFO - Filling up the DagBag from /home/wal/.pyenv/versions/3.12.0/lib/python3.12/site-packages/airflow/example_dags/example_bash_decorator.py
[2025-07-13T23:45:52.320+0300] {processor.py:840} INFO - DAG(s) 'example_bash_decorator' retrieved from /home/wal/.pyenv/versions/3.12.0/lib/python3.12/site-packages/airflow/example_dags/example_bash_decorator.py
[2025-07-13T23:45:52.345+0300] {logging_mixin.py:188} INFO - [2025-07-13T23:45:52.344+0300] {dag.py:3096} INFO - Sync 1 DAGs
[2025-07-13T23:45:52.362+0300] {logging_mixin.py:188} INFO - [2025-07-13T23:45:52.361+0300] {dag.py:3954} INFO - Setting next_dagrun for example_bash_decorator to None, run_after=None
[2025-07-13T23:45:52.403+0300] {processor.py:183} INFO - Processing /home/wal/.pyenv/versions/3.12.0/lib/python3.12/site-packages/airflow/example_dags/example_bash_decorator.py took 0.131 seconds
[2025-07-13T23:46:46.925+0300] {processor.py:161} INFO - Started process (PID=6907) to work on /home/wal/.pyenv/versions/3.12.0/lib/python3.12/site-packages/airflow/example_dags/example_bash_decorator.py
[2025-07-13T23:46:46.927+0300] {processor.py:830} INFO - Processing file /home/wal/.pyenv/versions/3.12.0/lib/python3.12/site-packages/airflow/example_dags/example_bash_decorator.py for tasks to queue
[2025-07-13T23:46:46.929+0300] {logging_mixin.py:188} INFO - [2025-07-13T23:46:46.928+0300] {dagbag.py:545} INFO - Filling up the DagBag from /home/wal/.pyenv/versions/3.12.0/lib/python3.12/site-packages/airflow/example_dags/example_bash_decorator.py
[2025-07-13T23:46:46.950+0300] {processor.py:840} INFO - DAG(s) 'example_bash_decorator' retrieved from /home/wal/.pyenv/versions/3.12.0/lib/python3.12/site-packages/airflow/example_dags/example_bash_decorator.py
[2025-07-13T23:46:46.983+0300] {logging_mixin.py:188} INFO - [2025-07-13T23:46:46.983+0300] {dag.py:3096} INFO - Sync 1 DAGs
[2025-07-13T23:46:47.012+0300] {logging_mixin.py:188} INFO - [2025-07-13T23:46:47.011+0300] {dag.py:3954} INFO - Setting next_dagrun for example_bash_decorator to None, run_after=None
[2025-07-13T23:46:47.047+0300] {processor.py:183} INFO - Processing /home/wal/.pyenv/versions/3.12.0/lib/python3.12/site-packages/airflow/example_dags/example_bash_decorator.py took 0.135 seconds
[2025-07-13T23:47:45.052+0300] {processor.py:161} INFO - Started process (PID=6958) to work on /home/wal/.pyenv/versions/3.12.0/lib/python3.12/site-packages/airflow/example_dags/example_bash_decorator.py
[2025-07-13T23:47:45.055+0300] {processor.py:830} INFO - Processing file /home/wal/.pyenv/versions/3.12.0/lib/python3.12/site-packages/airflow/example_dags/example_bash_decorator.py for tasks to queue
[2025-07-13T23:47:45.057+0300] {logging_mixin.py:188} INFO - [2025-07-13T23:47:45.057+0300] {dagbag.py:545} INFO - Filling up the DagBag from /home/wal/.pyenv/versions/3.12.0/lib/python3.12/site-packages/airflow/example_dags/example_bash_decorator.py
[2025-07-13T23:47:45.075+0300] {processor.py:840} INFO - DAG(s) 'example_bash_decorator' retrieved from /home/wal/.pyenv/versions/3.12.0/lib/python3.12/site-packages/airflow/example_dags/example_bash_decorator.py
[2025-07-13T23:47:45.101+0300] {logging_mixin.py:188} INFO - [2025-07-13T23:47:45.101+0300] {dag.py:3096} INFO - Sync 1 DAGs
[2025-07-13T23:47:45.116+0300] {logging_mixin.py:188} INFO - [2025-07-13T23:47:45.115+0300] {dag.py:3954} INFO - Setting next_dagrun for example_bash_decorator to None, run_after=None
[2025-07-13T23:47:45.145+0300] {processor.py:183} INFO - Processing /home/wal/.pyenv/versions/3.12.0/lib/python3.12/site-packages/airflow/example_dags/example_bash_decorator.py took 0.103 seconds
[2025-07-13T23:48:39.432+0300] {processor.py:161} INFO - Started process (PID=7007) to work on /home/wal/.pyenv/versions/3.12.0/lib/python3.12/site-packages/airflow/example_dags/example_bash_decorator.py
[2025-07-13T23:48:39.439+0300] {processor.py:830} INFO - Processing file /home/wal/.pyenv/versions/3.12.0/lib/python3.12/site-packages/airflow/example_dags/example_bash_decorator.py for tasks to queue
[2025-07-13T23:48:39.442+0300] {logging_mixin.py:188} INFO - [2025-07-13T23:48:39.441+0300] {dagbag.py:545} INFO - Filling up the DagBag from /home/wal/.pyenv/versions/3.12.0/lib/python3.12/site-packages/airflow/example_dags/example_bash_decorator.py
[2025-07-13T23:48:39.460+0300] {processor.py:840} INFO - DAG(s) 'example_bash_decorator' retrieved from /home/wal/.pyenv/versions/3.12.0/lib/python3.12/site-packages/airflow/example_dags/example_bash_decorator.py
[2025-07-13T23:48:39.482+0300] {logging_mixin.py:188} INFO - [2025-07-13T23:48:39.482+0300] {dag.py:3096} INFO - Sync 1 DAGs
[2025-07-13T23:48:39.498+0300] {logging_mixin.py:188} INFO - [2025-07-13T23:48:39.498+0300] {dag.py:3954} INFO - Setting next_dagrun for example_bash_decorator to None, run_after=None
[2025-07-13T23:48:39.529+0300] {processor.py:183} INFO - Processing /home/wal/.pyenv/versions/3.12.0/lib/python3.12/site-packages/airflow/example_dags/example_bash_decorator.py took 0.104 seconds
[2025-07-13T23:49:34.382+0300] {processor.py:161} INFO - Started process (PID=7058) to work on /home/wal/.pyenv/versions/3.12.0/lib/python3.12/site-packages/airflow/example_dags/example_bash_decorator.py
[2025-07-13T23:49:34.388+0300] {processor.py:830} INFO - Processing file /home/wal/.pyenv/versions/3.12.0/lib/python3.12/site-packages/airflow/example_dags/example_bash_decorator.py for tasks to queue
[2025-07-13T23:49:34.390+0300] {logging_mixin.py:188} INFO - [2025-07-13T23:49:34.390+0300] {dagbag.py:545} INFO - Filling up the DagBag from /home/wal/.pyenv/versions/3.12.0/lib/python3.12/site-packages/airflow/example_dags/example_bash_decorator.py
[2025-07-13T23:49:34.411+0300] {processor.py:840} INFO - DAG(s) 'example_bash_decorator' retrieved from /home/wal/.pyenv/versions/3.12.0/lib/python3.12/site-packages/airflow/example_dags/example_bash_decorator.py
[2025-07-13T23:49:34.437+0300] {logging_mixin.py:188} INFO - [2025-07-13T23:49:34.437+0300] {dag.py:3096} INFO - Sync 1 DAGs
[2025-07-13T23:49:34.453+0300] {logging_mixin.py:188} INFO - [2025-07-13T23:49:34.453+0300] {dag.py:3954} INFO - Setting next_dagrun for example_bash_decorator to None, run_after=None
[2025-07-13T23:49:34.485+0300] {processor.py:183} INFO - Processing /home/wal/.pyenv/versions/3.12.0/lib/python3.12/site-packages/airflow/example_dags/example_bash_decorator.py took 0.116 seconds
[2025-07-13T23:50:52.952+0300] {processor.py:161} INFO - Started process (PID=7132) to work on /home/wal/.pyenv/versions/3.12.0/lib/python3.12/site-packages/airflow/example_dags/example_bash_decorator.py
[2025-07-13T23:50:52.959+0300] {processor.py:830} INFO - Processing file /home/wal/.pyenv/versions/3.12.0/lib/python3.12/site-packages/airflow/example_dags/example_bash_decorator.py for tasks to queue
[2025-07-13T23:50:52.961+0300] {logging_mixin.py:188} INFO - [2025-07-13T23:50:52.961+0300] {dagbag.py:545} INFO - Filling up the DagBag from /home/wal/.pyenv/versions/3.12.0/lib/python3.12/site-packages/airflow/example_dags/example_bash_decorator.py
[2025-07-13T23:50:52.982+0300] {processor.py:840} INFO - DAG(s) 'example_bash_decorator' retrieved from /home/wal/.pyenv/versions/3.12.0/lib/python3.12/site-packages/airflow/example_dags/example_bash_decorator.py
[2025-07-13T23:50:53.014+0300] {logging_mixin.py:188} INFO - [2025-07-13T23:50:53.014+0300] {dag.py:3096} INFO - Sync 1 DAGs
[2025-07-13T23:50:53.032+0300] {logging_mixin.py:188} INFO - [2025-07-13T23:50:53.032+0300] {dag.py:3954} INFO - Setting next_dagrun for example_bash_decorator to None, run_after=None
[2025-07-13T23:50:53.065+0300] {processor.py:183} INFO - Processing /home/wal/.pyenv/versions/3.12.0/lib/python3.12/site-packages/airflow/example_dags/example_bash_decorator.py took 0.119 seconds
[2025-07-13T23:51:49.933+0300] {processor.py:161} INFO - Started process (PID=7181) to work on /home/wal/.pyenv/versions/3.12.0/lib/python3.12/site-packages/airflow/example_dags/example_bash_decorator.py
[2025-07-13T23:51:49.935+0300] {processor.py:830} INFO - Processing file /home/wal/.pyenv/versions/3.12.0/lib/python3.12/site-packages/airflow/example_dags/example_bash_decorator.py for tasks to queue
[2025-07-13T23:51:49.937+0300] {logging_mixin.py:188} INFO - [2025-07-13T23:51:49.936+0300] {dagbag.py:545} INFO - Filling up the DagBag from /home/wal/.pyenv/versions/3.12.0/lib/python3.12/site-packages/airflow/example_dags/example_bash_decorator.py
[2025-07-13T23:51:49.956+0300] {processor.py:840} INFO - DAG(s) 'example_bash_decorator' retrieved from /home/wal/.pyenv/versions/3.12.0/lib/python3.12/site-packages/airflow/example_dags/example_bash_decorator.py
[2025-07-13T23:51:49.981+0300] {logging_mixin.py:188} INFO - [2025-07-13T23:51:49.981+0300] {dag.py:3096} INFO - Sync 1 DAGs
[2025-07-13T23:51:49.997+0300] {logging_mixin.py:188} INFO - [2025-07-13T23:51:49.996+0300] {dag.py:3954} INFO - Setting next_dagrun for example_bash_decorator to None, run_after=None
[2025-07-13T23:51:50.031+0300] {processor.py:183} INFO - Processing /home/wal/.pyenv/versions/3.12.0/lib/python3.12/site-packages/airflow/example_dags/example_bash_decorator.py took 0.105 seconds
[2025-07-13T23:52:50.695+0300] {processor.py:161} INFO - Started process (PID=7237) to work on /home/wal/.pyenv/versions/3.12.0/lib/python3.12/site-packages/airflow/example_dags/example_bash_decorator.py
[2025-07-13T23:52:50.701+0300] {processor.py:830} INFO - Processing file /home/wal/.pyenv/versions/3.12.0/lib/python3.12/site-packages/airflow/example_dags/example_bash_decorator.py for tasks to queue
[2025-07-13T23:52:50.706+0300] {logging_mixin.py:188} INFO - [2025-07-13T23:52:50.704+0300] {dagbag.py:545} INFO - Filling up the DagBag from /home/wal/.pyenv/versions/3.12.0/lib/python3.12/site-packages/airflow/example_dags/example_bash_decorator.py
[2025-07-13T23:52:50.725+0300] {processor.py:840} INFO - DAG(s) 'example_bash_decorator' retrieved from /home/wal/.pyenv/versions/3.12.0/lib/python3.12/site-packages/airflow/example_dags/example_bash_decorator.py
[2025-07-13T23:52:50.748+0300] {logging_mixin.py:188} INFO - [2025-07-13T23:52:50.748+0300] {dag.py:3096} INFO - Sync 1 DAGs
[2025-07-13T23:52:50.764+0300] {logging_mixin.py:188} INFO - [2025-07-13T23:52:50.764+0300] {dag.py:3954} INFO - Setting next_dagrun for example_bash_decorator to None, run_after=None
[2025-07-13T23:52:50.796+0300] {processor.py:183} INFO - Processing /home/wal/.pyenv/versions/3.12.0/lib/python3.12/site-packages/airflow/example_dags/example_bash_decorator.py took 0.112 seconds
[2025-07-13T23:53:48.830+0300] {processor.py:161} INFO - Started process (PID=7288) to work on /home/wal/.pyenv/versions/3.12.0/lib/python3.12/site-packages/airflow/example_dags/example_bash_decorator.py
[2025-07-13T23:53:48.832+0300] {processor.py:830} INFO - Processing file /home/wal/.pyenv/versions/3.12.0/lib/python3.12/site-packages/airflow/example_dags/example_bash_decorator.py for tasks to queue
[2025-07-13T23:53:48.841+0300] {logging_mixin.py:188} INFO - [2025-07-13T23:53:48.840+0300] {dagbag.py:545} INFO - Filling up the DagBag from /home/wal/.pyenv/versions/3.12.0/lib/python3.12/site-packages/airflow/example_dags/example_bash_decorator.py
[2025-07-13T23:53:48.880+0300] {processor.py:840} INFO - DAG(s) 'example_bash_decorator' retrieved from /home/wal/.pyenv/versions/3.12.0/lib/python3.12/site-packages/airflow/example_dags/example_bash_decorator.py
[2025-07-13T23:53:48.935+0300] {logging_mixin.py:188} INFO - [2025-07-13T23:53:48.932+0300] {dag.py:3096} INFO - Sync 1 DAGs
[2025-07-13T23:53:48.959+0300] {logging_mixin.py:188} INFO - [2025-07-13T23:53:48.959+0300] {dag.py:3954} INFO - Setting next_dagrun for example_bash_decorator to None, run_after=None
[2025-07-13T23:53:48.994+0300] {processor.py:183} INFO - Processing /home/wal/.pyenv/versions/3.12.0/lib/python3.12/site-packages/airflow/example_dags/example_bash_decorator.py took 0.179 seconds
[2025-07-13T23:54:46.255+0300] {processor.py:161} INFO - Started process (PID=7340) to work on /home/wal/.pyenv/versions/3.12.0/lib/python3.12/site-packages/airflow/example_dags/example_bash_decorator.py
[2025-07-13T23:54:46.261+0300] {processor.py:830} INFO - Processing file /home/wal/.pyenv/versions/3.12.0/lib/python3.12/site-packages/airflow/example_dags/example_bash_decorator.py for tasks to queue
[2025-07-13T23:54:46.263+0300] {logging_mixin.py:188} INFO - [2025-07-13T23:54:46.263+0300] {dagbag.py:545} INFO - Filling up the DagBag from /home/wal/.pyenv/versions/3.12.0/lib/python3.12/site-packages/airflow/example_dags/example_bash_decorator.py
[2025-07-13T23:54:46.280+0300] {processor.py:840} INFO - DAG(s) 'example_bash_decorator' retrieved from /home/wal/.pyenv/versions/3.12.0/lib/python3.12/site-packages/airflow/example_dags/example_bash_decorator.py
[2025-07-13T23:54:46.309+0300] {logging_mixin.py:188} INFO - [2025-07-13T23:54:46.308+0300] {dag.py:3096} INFO - Sync 1 DAGs
[2025-07-13T23:54:46.324+0300] {logging_mixin.py:188} INFO - [2025-07-13T23:54:46.323+0300] {dag.py:3954} INFO - Setting next_dagrun for example_bash_decorator to None, run_after=None
[2025-07-13T23:54:46.355+0300] {processor.py:183} INFO - Processing /home/wal/.pyenv/versions/3.12.0/lib/python3.12/site-packages/airflow/example_dags/example_bash_decorator.py took 0.112 seconds
[2025-07-13T23:55:40.884+0300] {processor.py:161} INFO - Started process (PID=7393) to work on /home/wal/.pyenv/versions/3.12.0/lib/python3.12/site-packages/airflow/example_dags/example_bash_decorator.py
[2025-07-13T23:55:40.886+0300] {processor.py:830} INFO - Processing file /home/wal/.pyenv/versions/3.12.0/lib/python3.12/site-packages/airflow/example_dags/example_bash_decorator.py for tasks to queue
[2025-07-13T23:55:40.887+0300] {logging_mixin.py:188} INFO - [2025-07-13T23:55:40.887+0300] {dagbag.py:545} INFO - Filling up the DagBag from /home/wal/.pyenv/versions/3.12.0/lib/python3.12/site-packages/airflow/example_dags/example_bash_decorator.py
[2025-07-13T23:55:40.906+0300] {processor.py:840} INFO - DAG(s) 'example_bash_decorator' retrieved from /home/wal/.pyenv/versions/3.12.0/lib/python3.12/site-packages/airflow/example_dags/example_bash_decorator.py
[2025-07-13T23:55:40.929+0300] {logging_mixin.py:188} INFO - [2025-07-13T23:55:40.929+0300] {dag.py:3096} INFO - Sync 1 DAGs
[2025-07-13T23:55:40.944+0300] {logging_mixin.py:188} INFO - [2025-07-13T23:55:40.944+0300] {dag.py:3954} INFO - Setting next_dagrun for example_bash_decorator to None, run_after=None
[2025-07-13T23:55:40.974+0300] {processor.py:183} INFO - Processing /home/wal/.pyenv/versions/3.12.0/lib/python3.12/site-packages/airflow/example_dags/example_bash_decorator.py took 0.099 seconds
[2025-07-13T23:57:02.547+0300] {processor.py:161} INFO - Started process (PID=7465) to work on /home/wal/.pyenv/versions/3.12.0/lib/python3.12/site-packages/airflow/example_dags/example_bash_decorator.py
[2025-07-13T23:57:02.549+0300] {processor.py:830} INFO - Processing file /home/wal/.pyenv/versions/3.12.0/lib/python3.12/site-packages/airflow/example_dags/example_bash_decorator.py for tasks to queue
[2025-07-13T23:57:02.553+0300] {logging_mixin.py:188} INFO - [2025-07-13T23:57:02.552+0300] {dagbag.py:545} INFO - Filling up the DagBag from /home/wal/.pyenv/versions/3.12.0/lib/python3.12/site-packages/airflow/example_dags/example_bash_decorator.py
[2025-07-13T23:57:02.614+0300] {processor.py:840} INFO - DAG(s) 'example_bash_decorator' retrieved from /home/wal/.pyenv/versions/3.12.0/lib/python3.12/site-packages/airflow/example_dags/example_bash_decorator.py
[2025-07-13T23:57:02.663+0300] {logging_mixin.py:188} INFO - [2025-07-13T23:57:02.662+0300] {dag.py:3096} INFO - Sync 1 DAGs
[2025-07-13T23:57:02.695+0300] {logging_mixin.py:188} INFO - [2025-07-13T23:57:02.694+0300] {dag.py:3954} INFO - Setting next_dagrun for example_bash_decorator to None, run_after=None
[2025-07-13T23:57:02.732+0300] {processor.py:183} INFO - Processing /home/wal/.pyenv/versions/3.12.0/lib/python3.12/site-packages/airflow/example_dags/example_bash_decorator.py took 0.201 seconds
[2025-07-13T23:57:58.636+0300] {processor.py:161} INFO - Started process (PID=7517) to work on /home/wal/.pyenv/versions/3.12.0/lib/python3.12/site-packages/airflow/example_dags/example_bash_decorator.py
[2025-07-13T23:57:58.642+0300] {processor.py:830} INFO - Processing file /home/wal/.pyenv/versions/3.12.0/lib/python3.12/site-packages/airflow/example_dags/example_bash_decorator.py for tasks to queue
[2025-07-13T23:57:58.644+0300] {logging_mixin.py:188} INFO - [2025-07-13T23:57:58.644+0300] {dagbag.py:545} INFO - Filling up the DagBag from /home/wal/.pyenv/versions/3.12.0/lib/python3.12/site-packages/airflow/example_dags/example_bash_decorator.py
[2025-07-13T23:57:58.662+0300] {processor.py:840} INFO - DAG(s) 'example_bash_decorator' retrieved from /home/wal/.pyenv/versions/3.12.0/lib/python3.12/site-packages/airflow/example_dags/example_bash_decorator.py
[2025-07-13T23:57:58.692+0300] {logging_mixin.py:188} INFO - [2025-07-13T23:57:58.691+0300] {dag.py:3096} INFO - Sync 1 DAGs
[2025-07-13T23:57:58.709+0300] {logging_mixin.py:188} INFO - [2025-07-13T23:57:58.709+0300] {dag.py:3954} INFO - Setting next_dagrun for example_bash_decorator to None, run_after=None
[2025-07-13T23:57:58.742+0300] {processor.py:183} INFO - Processing /home/wal/.pyenv/versions/3.12.0/lib/python3.12/site-packages/airflow/example_dags/example_bash_decorator.py took 0.119 seconds
[2025-07-13T23:58:55.136+0300] {processor.py:161} INFO - Started process (PID=7568) to work on /home/wal/.pyenv/versions/3.12.0/lib/python3.12/site-packages/airflow/example_dags/example_bash_decorator.py
[2025-07-13T23:58:55.140+0300] {processor.py:830} INFO - Processing file /home/wal/.pyenv/versions/3.12.0/lib/python3.12/site-packages/airflow/example_dags/example_bash_decorator.py for tasks to queue
[2025-07-13T23:58:55.145+0300] {logging_mixin.py:188} INFO - [2025-07-13T23:58:55.144+0300] {dagbag.py:545} INFO - Filling up the DagBag from /home/wal/.pyenv/versions/3.12.0/lib/python3.12/site-packages/airflow/example_dags/example_bash_decorator.py
[2025-07-13T23:58:55.197+0300] {processor.py:840} INFO - DAG(s) 'example_bash_decorator' retrieved from /home/wal/.pyenv/versions/3.12.0/lib/python3.12/site-packages/airflow/example_dags/example_bash_decorator.py
[2025-07-13T23:58:55.265+0300] {logging_mixin.py:188} INFO - [2025-07-13T23:58:55.264+0300] {dag.py:3096} INFO - Sync 1 DAGs
[2025-07-13T23:58:55.303+0300] {logging_mixin.py:188} INFO - [2025-07-13T23:58:55.303+0300] {dag.py:3954} INFO - Setting next_dagrun for example_bash_decorator to None, run_after=None
[2025-07-13T23:58:55.357+0300] {processor.py:183} INFO - Processing /home/wal/.pyenv/versions/3.12.0/lib/python3.12/site-packages/airflow/example_dags/example_bash_decorator.py took 0.235 seconds
[2025-07-13T23:59:52.700+0300] {processor.py:161} INFO - Started process (PID=7621) to work on /home/wal/.pyenv/versions/3.12.0/lib/python3.12/site-packages/airflow/example_dags/example_bash_decorator.py
[2025-07-13T23:59:52.703+0300] {processor.py:830} INFO - Processing file /home/wal/.pyenv/versions/3.12.0/lib/python3.12/site-packages/airflow/example_dags/example_bash_decorator.py for tasks to queue
[2025-07-13T23:59:52.710+0300] {logging_mixin.py:188} INFO - [2025-07-13T23:59:52.708+0300] {dagbag.py:545} INFO - Filling up the DagBag from /home/wal/.pyenv/versions/3.12.0/lib/python3.12/site-packages/airflow/example_dags/example_bash_decorator.py
[2025-07-13T23:59:52.756+0300] {processor.py:840} INFO - DAG(s) 'example_bash_decorator' retrieved from /home/wal/.pyenv/versions/3.12.0/lib/python3.12/site-packages/airflow/example_dags/example_bash_decorator.py
[2025-07-13T23:59:52.824+0300] {logging_mixin.py:188} INFO - [2025-07-13T23:59:52.823+0300] {dag.py:3096} INFO - Sync 1 DAGs
[2025-07-13T23:59:52.877+0300] {logging_mixin.py:188} INFO - [2025-07-13T23:59:52.877+0300] {dag.py:3954} INFO - Setting next_dagrun for example_bash_decorator to None, run_after=None
[2025-07-13T23:59:52.951+0300] {processor.py:183} INFO - Processing /home/wal/.pyenv/versions/3.12.0/lib/python3.12/site-packages/airflow/example_dags/example_bash_decorator.py took 0.272 seconds
[2025-07-14T00:00:50.695+0300] {processor.py:161} INFO - Started process (PID=7689) to work on /home/wal/.pyenv/versions/3.12.0/lib/python3.12/site-packages/airflow/example_dags/example_bash_decorator.py
[2025-07-14T00:00:50.697+0300] {processor.py:830} INFO - Processing file /home/wal/.pyenv/versions/3.12.0/lib/python3.12/site-packages/airflow/example_dags/example_bash_decorator.py for tasks to queue
[2025-07-14T00:00:50.698+0300] {logging_mixin.py:188} INFO - [2025-07-14T00:00:50.698+0300] {dagbag.py:545} INFO - Filling up the DagBag from /home/wal/.pyenv/versions/3.12.0/lib/python3.12/site-packages/airflow/example_dags/example_bash_decorator.py
[2025-07-14T00:00:50.719+0300] {processor.py:840} INFO - DAG(s) 'example_bash_decorator' retrieved from /home/wal/.pyenv/versions/3.12.0/lib/python3.12/site-packages/airflow/example_dags/example_bash_decorator.py
[2025-07-14T00:00:50.752+0300] {logging_mixin.py:188} INFO - [2025-07-14T00:00:50.752+0300] {dag.py:3096} INFO - Sync 1 DAGs
[2025-07-14T00:00:50.772+0300] {logging_mixin.py:188} INFO - [2025-07-14T00:00:50.772+0300] {dag.py:3954} INFO - Setting next_dagrun for example_bash_decorator to None, run_after=None
[2025-07-14T00:00:50.812+0300] {processor.py:183} INFO - Processing /home/wal/.pyenv/versions/3.12.0/lib/python3.12/site-packages/airflow/example_dags/example_bash_decorator.py took 0.124 seconds
[2025-07-14T00:01:44.856+0300] {processor.py:161} INFO - Started process (PID=7738) to work on /home/wal/.pyenv/versions/3.12.0/lib/python3.12/site-packages/airflow/example_dags/example_bash_decorator.py
[2025-07-14T00:01:44.863+0300] {processor.py:830} INFO - Processing file /home/wal/.pyenv/versions/3.12.0/lib/python3.12/site-packages/airflow/example_dags/example_bash_decorator.py for tasks to queue
[2025-07-14T00:01:44.866+0300] {logging_mixin.py:188} INFO - [2025-07-14T00:01:44.865+0300] {dagbag.py:545} INFO - Filling up the DagBag from /home/wal/.pyenv/versions/3.12.0/lib/python3.12/site-packages/airflow/example_dags/example_bash_decorator.py
[2025-07-14T00:01:44.885+0300] {processor.py:840} INFO - DAG(s) 'example_bash_decorator' retrieved from /home/wal/.pyenv/versions/3.12.0/lib/python3.12/site-packages/airflow/example_dags/example_bash_decorator.py
[2025-07-14T00:01:44.915+0300] {logging_mixin.py:188} INFO - [2025-07-14T00:01:44.915+0300] {dag.py:3096} INFO - Sync 1 DAGs
[2025-07-14T00:01:44.933+0300] {logging_mixin.py:188} INFO - [2025-07-14T00:01:44.933+0300] {dag.py:3954} INFO - Setting next_dagrun for example_bash_decorator to None, run_after=None
[2025-07-14T00:01:44.968+0300] {processor.py:183} INFO - Processing /home/wal/.pyenv/versions/3.12.0/lib/python3.12/site-packages/airflow/example_dags/example_bash_decorator.py took 0.128 seconds
[2025-07-14T00:02:43.131+0300] {processor.py:161} INFO - Started process (PID=7789) to work on /home/wal/.pyenv/versions/3.12.0/lib/python3.12/site-packages/airflow/example_dags/example_bash_decorator.py
[2025-07-14T00:02:43.133+0300] {processor.py:830} INFO - Processing file /home/wal/.pyenv/versions/3.12.0/lib/python3.12/site-packages/airflow/example_dags/example_bash_decorator.py for tasks to queue
[2025-07-14T00:02:43.138+0300] {logging_mixin.py:188} INFO - [2025-07-14T00:02:43.136+0300] {dagbag.py:545} INFO - Filling up the DagBag from /home/wal/.pyenv/versions/3.12.0/lib/python3.12/site-packages/airflow/example_dags/example_bash_decorator.py
[2025-07-14T00:02:43.158+0300] {processor.py:840} INFO - DAG(s) 'example_bash_decorator' retrieved from /home/wal/.pyenv/versions/3.12.0/lib/python3.12/site-packages/airflow/example_dags/example_bash_decorator.py
[2025-07-14T00:02:43.187+0300] {logging_mixin.py:188} INFO - [2025-07-14T00:02:43.187+0300] {dag.py:3096} INFO - Sync 1 DAGs
[2025-07-14T00:02:43.203+0300] {logging_mixin.py:188} INFO - [2025-07-14T00:02:43.203+0300] {dag.py:3954} INFO - Setting next_dagrun for example_bash_decorator to None, run_after=None
[2025-07-14T00:02:43.230+0300] {processor.py:183} INFO - Processing /home/wal/.pyenv/versions/3.12.0/lib/python3.12/site-packages/airflow/example_dags/example_bash_decorator.py took 0.109 seconds
[2025-07-14T00:03:39.024+0300] {processor.py:161} INFO - Started process (PID=7842) to work on /home/wal/.pyenv/versions/3.12.0/lib/python3.12/site-packages/airflow/example_dags/example_bash_decorator.py
[2025-07-14T00:03:39.032+0300] {processor.py:830} INFO - Processing file /home/wal/.pyenv/versions/3.12.0/lib/python3.12/site-packages/airflow/example_dags/example_bash_decorator.py for tasks to queue
[2025-07-14T00:03:39.038+0300] {logging_mixin.py:188} INFO - [2025-07-14T00:03:39.037+0300] {dagbag.py:545} INFO - Filling up the DagBag from /home/wal/.pyenv/versions/3.12.0/lib/python3.12/site-packages/airflow/example_dags/example_bash_decorator.py
[2025-07-14T00:03:39.074+0300] {processor.py:840} INFO - DAG(s) 'example_bash_decorator' retrieved from /home/wal/.pyenv/versions/3.12.0/lib/python3.12/site-packages/airflow/example_dags/example_bash_decorator.py
[2025-07-14T00:03:39.134+0300] {logging_mixin.py:188} INFO - [2025-07-14T00:03:39.134+0300] {dag.py:3096} INFO - Sync 1 DAGs
[2025-07-14T00:03:39.162+0300] {logging_mixin.py:188} INFO - [2025-07-14T00:03:39.161+0300] {dag.py:3954} INFO - Setting next_dagrun for example_bash_decorator to None, run_after=None
[2025-07-14T00:03:39.198+0300] {processor.py:183} INFO - Processing /home/wal/.pyenv/versions/3.12.0/lib/python3.12/site-packages/airflow/example_dags/example_bash_decorator.py took 0.193 seconds
[2025-07-14T00:04:57.848+0300] {processor.py:161} INFO - Started process (PID=7915) to work on /home/wal/.pyenv/versions/3.12.0/lib/python3.12/site-packages/airflow/example_dags/example_bash_decorator.py
[2025-07-14T00:04:57.850+0300] {processor.py:830} INFO - Processing file /home/wal/.pyenv/versions/3.12.0/lib/python3.12/site-packages/airflow/example_dags/example_bash_decorator.py for tasks to queue
[2025-07-14T00:04:57.852+0300] {logging_mixin.py:188} INFO - [2025-07-14T00:04:57.851+0300] {dagbag.py:545} INFO - Filling up the DagBag from /home/wal/.pyenv/versions/3.12.0/lib/python3.12/site-packages/airflow/example_dags/example_bash_decorator.py
[2025-07-14T00:04:57.871+0300] {processor.py:840} INFO - DAG(s) 'example_bash_decorator' retrieved from /home/wal/.pyenv/versions/3.12.0/lib/python3.12/site-packages/airflow/example_dags/example_bash_decorator.py
[2025-07-14T00:04:57.897+0300] {logging_mixin.py:188} INFO - [2025-07-14T00:04:57.897+0300] {dag.py:3096} INFO - Sync 1 DAGs
[2025-07-14T00:04:57.913+0300] {logging_mixin.py:188} INFO - [2025-07-14T00:04:57.913+0300] {dag.py:3954} INFO - Setting next_dagrun for example_bash_decorator to None, run_after=None
[2025-07-14T00:04:57.942+0300] {processor.py:183} INFO - Processing /home/wal/.pyenv/versions/3.12.0/lib/python3.12/site-packages/airflow/example_dags/example_bash_decorator.py took 0.101 seconds
[2025-07-14T00:06:16.042+0300] {processor.py:161} INFO - Started process (PID=7993) to work on /home/wal/.pyenv/versions/3.12.0/lib/python3.12/site-packages/airflow/example_dags/example_bash_decorator.py
[2025-07-14T00:06:16.048+0300] {processor.py:830} INFO - Processing file /home/wal/.pyenv/versions/3.12.0/lib/python3.12/site-packages/airflow/example_dags/example_bash_decorator.py for tasks to queue
[2025-07-14T00:06:16.049+0300] {logging_mixin.py:188} INFO - [2025-07-14T00:06:16.049+0300] {dagbag.py:545} INFO - Filling up the DagBag from /home/wal/.pyenv/versions/3.12.0/lib/python3.12/site-packages/airflow/example_dags/example_bash_decorator.py
[2025-07-14T00:06:16.068+0300] {processor.py:840} INFO - DAG(s) 'example_bash_decorator' retrieved from /home/wal/.pyenv/versions/3.12.0/lib/python3.12/site-packages/airflow/example_dags/example_bash_decorator.py
[2025-07-14T00:06:16.096+0300] {logging_mixin.py:188} INFO - [2025-07-14T00:06:16.096+0300] {dag.py:3096} INFO - Sync 1 DAGs
[2025-07-14T00:06:16.113+0300] {logging_mixin.py:188} INFO - [2025-07-14T00:06:16.113+0300] {dag.py:3954} INFO - Setting next_dagrun for example_bash_decorator to None, run_after=None
[2025-07-14T00:06:16.150+0300] {processor.py:183} INFO - Processing /home/wal/.pyenv/versions/3.12.0/lib/python3.12/site-packages/airflow/example_dags/example_bash_decorator.py took 0.117 seconds
[2025-07-14T00:07:38.523+0300] {processor.py:161} INFO - Started process (PID=8066) to work on /home/wal/.pyenv/versions/3.12.0/lib/python3.12/site-packages/airflow/example_dags/example_bash_decorator.py
[2025-07-14T00:07:38.525+0300] {processor.py:830} INFO - Processing file /home/wal/.pyenv/versions/3.12.0/lib/python3.12/site-packages/airflow/example_dags/example_bash_decorator.py for tasks to queue
[2025-07-14T00:07:38.528+0300] {logging_mixin.py:188} INFO - [2025-07-14T00:07:38.527+0300] {dagbag.py:545} INFO - Filling up the DagBag from /home/wal/.pyenv/versions/3.12.0/lib/python3.12/site-packages/airflow/example_dags/example_bash_decorator.py
[2025-07-14T00:07:38.549+0300] {processor.py:840} INFO - DAG(s) 'example_bash_decorator' retrieved from /home/wal/.pyenv/versions/3.12.0/lib/python3.12/site-packages/airflow/example_dags/example_bash_decorator.py
[2025-07-14T00:07:38.578+0300] {logging_mixin.py:188} INFO - [2025-07-14T00:07:38.578+0300] {dag.py:3096} INFO - Sync 1 DAGs
[2025-07-14T00:07:38.597+0300] {logging_mixin.py:188} INFO - [2025-07-14T00:07:38.597+0300] {dag.py:3954} INFO - Setting next_dagrun for example_bash_decorator to None, run_after=None
[2025-07-14T00:07:38.639+0300] {processor.py:183} INFO - Processing /home/wal/.pyenv/versions/3.12.0/lib/python3.12/site-packages/airflow/example_dags/example_bash_decorator.py took 0.131 seconds
