[2025-07-13T22:56:21.963+0300] {processor.py:161} INFO - Started process (PID=4033) to work on /home/wal/.pyenv/versions/3.12.0/lib/python3.12/site-packages/airflow/example_dags/example_latest_only_with_trigger.py
[2025-07-13T22:56:21.964+0300] {processor.py:830} INFO - Processing file /home/wal/.pyenv/versions/3.12.0/lib/python3.12/site-packages/airflow/example_dags/example_latest_only_with_trigger.py for tasks to queue
[2025-07-13T22:56:21.967+0300] {logging_mixin.py:188} INFO - [2025-07-13T22:56:21.966+0300] {dagbag.py:545} INFO - Filling up the DagBag from /home/wal/.pyenv/versions/3.12.0/lib/python3.12/site-packages/airflow/example_dags/example_latest_only_with_trigger.py
[2025-07-13T22:56:21.975+0300] {processor.py:840} INFO - DAG(s) 'latest_only_with_trigger' retrieved from /home/wal/.pyenv/versions/3.12.0/lib/python3.12/site-packages/airflow/example_dags/example_latest_only_with_trigger.py
[2025-07-13T22:56:22.004+0300] {logging_mixin.py:188} INFO - [2025-07-13T22:56:22.004+0300] {dag.py:3096} INFO - Sync 1 DAGs
[2025-07-13T22:56:22.036+0300] {logging_mixin.py:188} INFO - [2025-07-13T22:56:22.036+0300] {dag.py:3954} INFO - Setting next_dagrun for latest_only_with_trigger to 2025-07-13 12:00:00+00:00, run_after=2025-07-13 16:00:00+00:00
[2025-07-13T22:56:22.070+0300] {processor.py:183} INFO - Processing /home/wal/.pyenv/versions/3.12.0/lib/python3.12/site-packages/airflow/example_dags/example_latest_only_with_trigger.py took 0.117 seconds
[2025-07-13T22:57:18.158+0300] {processor.py:161} INFO - Started process (PID=4172) to work on /home/wal/.pyenv/versions/3.12.0/lib/python3.12/site-packages/airflow/example_dags/example_latest_only_with_trigger.py
[2025-07-13T22:57:18.160+0300] {processor.py:830} INFO - Processing file /home/wal/.pyenv/versions/3.12.0/lib/python3.12/site-packages/airflow/example_dags/example_latest_only_with_trigger.py for tasks to queue
[2025-07-13T22:57:18.172+0300] {logging_mixin.py:188} INFO - [2025-07-13T22:57:18.171+0300] {dagbag.py:545} INFO - Filling up the DagBag from /home/wal/.pyenv/versions/3.12.0/lib/python3.12/site-packages/airflow/example_dags/example_latest_only_with_trigger.py
[2025-07-13T22:57:18.186+0300] {processor.py:840} INFO - DAG(s) 'latest_only_with_trigger' retrieved from /home/wal/.pyenv/versions/3.12.0/lib/python3.12/site-packages/airflow/example_dags/example_latest_only_with_trigger.py
[2025-07-13T22:57:18.214+0300] {logging_mixin.py:188} INFO - [2025-07-13T22:57:18.213+0300] {dag.py:3096} INFO - Sync 1 DAGs
[2025-07-13T22:57:18.246+0300] {logging_mixin.py:188} INFO - [2025-07-13T22:57:18.245+0300] {dag.py:3954} INFO - Setting next_dagrun for latest_only_with_trigger to 2025-07-13 12:00:00+00:00, run_after=2025-07-13 16:00:00+00:00
[2025-07-13T22:57:18.275+0300] {processor.py:183} INFO - Processing /home/wal/.pyenv/versions/3.12.0/lib/python3.12/site-packages/airflow/example_dags/example_latest_only_with_trigger.py took 0.140 seconds
[2025-07-13T22:58:14.088+0300] {processor.py:161} INFO - Started process (PID=4282) to work on /home/wal/.pyenv/versions/3.12.0/lib/python3.12/site-packages/airflow/example_dags/example_latest_only_with_trigger.py
[2025-07-13T22:58:14.091+0300] {processor.py:830} INFO - Processing file /home/wal/.pyenv/versions/3.12.0/lib/python3.12/site-packages/airflow/example_dags/example_latest_only_with_trigger.py for tasks to queue
[2025-07-13T22:58:14.093+0300] {logging_mixin.py:188} INFO - [2025-07-13T22:58:14.092+0300] {dagbag.py:545} INFO - Filling up the DagBag from /home/wal/.pyenv/versions/3.12.0/lib/python3.12/site-packages/airflow/example_dags/example_latest_only_with_trigger.py
[2025-07-13T22:58:14.099+0300] {processor.py:840} INFO - DAG(s) 'latest_only_with_trigger' retrieved from /home/wal/.pyenv/versions/3.12.0/lib/python3.12/site-packages/airflow/example_dags/example_latest_only_with_trigger.py
[2025-07-13T22:58:14.116+0300] {logging_mixin.py:188} INFO - [2025-07-13T22:58:14.115+0300] {dag.py:3096} INFO - Sync 1 DAGs
[2025-07-13T22:58:14.137+0300] {logging_mixin.py:188} INFO - [2025-07-13T22:58:14.137+0300] {dag.py:3954} INFO - Setting next_dagrun for latest_only_with_trigger to 2025-07-13 12:00:00+00:00, run_after=2025-07-13 16:00:00+00:00
[2025-07-13T22:58:14.166+0300] {processor.py:183} INFO - Processing /home/wal/.pyenv/versions/3.12.0/lib/python3.12/site-packages/airflow/example_dags/example_latest_only_with_trigger.py took 0.086 seconds
[2025-07-13T22:59:57.968+0300] {processor.py:161} INFO - Started process (PID=4540) to work on /home/wal/.pyenv/versions/3.12.0/lib/python3.12/site-packages/airflow/example_dags/example_latest_only_with_trigger.py
[2025-07-13T22:59:57.977+0300] {processor.py:830} INFO - Processing file /home/wal/.pyenv/versions/3.12.0/lib/python3.12/site-packages/airflow/example_dags/example_latest_only_with_trigger.py for tasks to queue
[2025-07-13T22:59:57.981+0300] {logging_mixin.py:188} INFO - [2025-07-13T22:59:57.981+0300] {dagbag.py:545} INFO - Filling up the DagBag from /home/wal/.pyenv/versions/3.12.0/lib/python3.12/site-packages/airflow/example_dags/example_latest_only_with_trigger.py
[2025-07-13T22:59:57.993+0300] {processor.py:840} INFO - DAG(s) 'latest_only_with_trigger' retrieved from /home/wal/.pyenv/versions/3.12.0/lib/python3.12/site-packages/airflow/example_dags/example_latest_only_with_trigger.py
[2025-07-13T22:59:58.301+0300] {logging_mixin.py:188} INFO - [2025-07-13T22:59:58.301+0300] {dag.py:3096} INFO - Sync 1 DAGs
[2025-07-13T22:59:58.328+0300] {logging_mixin.py:188} INFO - [2025-07-13T22:59:58.328+0300] {dag.py:3954} INFO - Setting next_dagrun for latest_only_with_trigger to 2025-07-13 12:00:00+00:00, run_after=2025-07-13 16:00:00+00:00
[2025-07-13T22:59:58.390+0300] {processor.py:183} INFO - Processing /home/wal/.pyenv/versions/3.12.0/lib/python3.12/site-packages/airflow/example_dags/example_latest_only_with_trigger.py took 0.441 seconds
[2025-07-13T23:01:37.451+0300] {processor.py:161} INFO - Started process (PID=4608) to work on /home/wal/.pyenv/versions/3.12.0/lib/python3.12/site-packages/airflow/example_dags/example_latest_only_with_trigger.py
[2025-07-13T23:01:37.455+0300] {processor.py:830} INFO - Processing file /home/wal/.pyenv/versions/3.12.0/lib/python3.12/site-packages/airflow/example_dags/example_latest_only_with_trigger.py for tasks to queue
[2025-07-13T23:01:37.462+0300] {logging_mixin.py:188} INFO - [2025-07-13T23:01:37.460+0300] {dagbag.py:545} INFO - Filling up the DagBag from /home/wal/.pyenv/versions/3.12.0/lib/python3.12/site-packages/airflow/example_dags/example_latest_only_with_trigger.py
[2025-07-13T23:01:37.511+0300] {processor.py:840} INFO - DAG(s) 'latest_only_with_trigger' retrieved from /home/wal/.pyenv/versions/3.12.0/lib/python3.12/site-packages/airflow/example_dags/example_latest_only_with_trigger.py
[2025-07-13T23:01:37.643+0300] {logging_mixin.py:188} INFO - [2025-07-13T23:01:37.642+0300] {dag.py:3096} INFO - Sync 1 DAGs
[2025-07-13T23:01:37.815+0300] {logging_mixin.py:188} INFO - [2025-07-13T23:01:37.814+0300] {dag.py:3954} INFO - Setting next_dagrun for latest_only_with_trigger to 2025-07-13 16:00:00+00:00, run_after=2025-07-13 20:00:00+00:00
[2025-07-13T23:01:38.040+0300] {processor.py:183} INFO - Processing /home/wal/.pyenv/versions/3.12.0/lib/python3.12/site-packages/airflow/example_dags/example_latest_only_with_trigger.py took 0.629 seconds
[2025-07-13T23:03:22.087+0300] {processor.py:161} INFO - Started process (PID=4679) to work on /home/wal/.pyenv/versions/3.12.0/lib/python3.12/site-packages/airflow/example_dags/example_latest_only_with_trigger.py
[2025-07-13T23:03:22.095+0300] {processor.py:830} INFO - Processing file /home/wal/.pyenv/versions/3.12.0/lib/python3.12/site-packages/airflow/example_dags/example_latest_only_with_trigger.py for tasks to queue
[2025-07-13T23:03:22.107+0300] {logging_mixin.py:188} INFO - [2025-07-13T23:03:22.106+0300] {dagbag.py:545} INFO - Filling up the DagBag from /home/wal/.pyenv/versions/3.12.0/lib/python3.12/site-packages/airflow/example_dags/example_latest_only_with_trigger.py
[2025-07-13T23:03:22.136+0300] {processor.py:840} INFO - DAG(s) 'latest_only_with_trigger' retrieved from /home/wal/.pyenv/versions/3.12.0/lib/python3.12/site-packages/airflow/example_dags/example_latest_only_with_trigger.py
[2025-07-13T23:03:22.206+0300] {logging_mixin.py:188} INFO - [2025-07-13T23:03:22.205+0300] {dag.py:3096} INFO - Sync 1 DAGs
[2025-07-13T23:03:22.278+0300] {logging_mixin.py:188} INFO - [2025-07-13T23:03:22.277+0300] {dag.py:3954} INFO - Setting next_dagrun for latest_only_with_trigger to 2025-07-13 16:00:00+00:00, run_after=2025-07-13 20:00:00+00:00
[2025-07-13T23:03:22.424+0300] {processor.py:183} INFO - Processing /home/wal/.pyenv/versions/3.12.0/lib/python3.12/site-packages/airflow/example_dags/example_latest_only_with_trigger.py took 0.371 seconds
[2025-07-13T23:04:36.490+0300] {processor.py:161} INFO - Started process (PID=4739) to work on /home/wal/.pyenv/versions/3.12.0/lib/python3.12/site-packages/airflow/example_dags/example_latest_only_with_trigger.py
[2025-07-13T23:04:36.492+0300] {processor.py:830} INFO - Processing file /home/wal/.pyenv/versions/3.12.0/lib/python3.12/site-packages/airflow/example_dags/example_latest_only_with_trigger.py for tasks to queue
[2025-07-13T23:04:36.494+0300] {logging_mixin.py:188} INFO - [2025-07-13T23:04:36.494+0300] {dagbag.py:545} INFO - Filling up the DagBag from /home/wal/.pyenv/versions/3.12.0/lib/python3.12/site-packages/airflow/example_dags/example_latest_only_with_trigger.py
[2025-07-13T23:04:36.504+0300] {processor.py:840} INFO - DAG(s) 'latest_only_with_trigger' retrieved from /home/wal/.pyenv/versions/3.12.0/lib/python3.12/site-packages/airflow/example_dags/example_latest_only_with_trigger.py
[2025-07-13T23:04:36.530+0300] {logging_mixin.py:188} INFO - [2025-07-13T23:04:36.529+0300] {dag.py:3096} INFO - Sync 1 DAGs
[2025-07-13T23:04:36.560+0300] {logging_mixin.py:188} INFO - [2025-07-13T23:04:36.559+0300] {dag.py:3954} INFO - Setting next_dagrun for latest_only_with_trigger to 2025-07-13 16:00:00+00:00, run_after=2025-07-13 20:00:00+00:00
[2025-07-13T23:04:36.592+0300] {processor.py:183} INFO - Processing /home/wal/.pyenv/versions/3.12.0/lib/python3.12/site-packages/airflow/example_dags/example_latest_only_with_trigger.py took 0.113 seconds
[2025-07-13T23:05:57.940+0300] {processor.py:161} INFO - Started process (PID=4806) to work on /home/wal/.pyenv/versions/3.12.0/lib/python3.12/site-packages/airflow/example_dags/example_latest_only_with_trigger.py
[2025-07-13T23:05:57.943+0300] {processor.py:830} INFO - Processing file /home/wal/.pyenv/versions/3.12.0/lib/python3.12/site-packages/airflow/example_dags/example_latest_only_with_trigger.py for tasks to queue
[2025-07-13T23:05:57.950+0300] {logging_mixin.py:188} INFO - [2025-07-13T23:05:57.948+0300] {dagbag.py:545} INFO - Filling up the DagBag from /home/wal/.pyenv/versions/3.12.0/lib/python3.12/site-packages/airflow/example_dags/example_latest_only_with_trigger.py
[2025-07-13T23:05:57.990+0300] {processor.py:840} INFO - DAG(s) 'latest_only_with_trigger' retrieved from /home/wal/.pyenv/versions/3.12.0/lib/python3.12/site-packages/airflow/example_dags/example_latest_only_with_trigger.py
[2025-07-13T23:05:58.128+0300] {logging_mixin.py:188} INFO - [2025-07-13T23:05:58.127+0300] {dag.py:3096} INFO - Sync 1 DAGs
[2025-07-13T23:05:58.338+0300] {logging_mixin.py:188} INFO - [2025-07-13T23:05:58.328+0300] {dag.py:3954} INFO - Setting next_dagrun for latest_only_with_trigger to 2025-07-13 16:00:00+00:00, run_after=2025-07-13 20:00:00+00:00
[2025-07-13T23:05:58.686+0300] {processor.py:183} INFO - Processing /home/wal/.pyenv/versions/3.12.0/lib/python3.12/site-packages/airflow/example_dags/example_latest_only_with_trigger.py took 0.784 seconds
[2025-07-13T23:07:34.794+0300] {processor.py:161} INFO - Started process (PID=4874) to work on /home/wal/.pyenv/versions/3.12.0/lib/python3.12/site-packages/airflow/example_dags/example_latest_only_with_trigger.py
[2025-07-13T23:07:34.802+0300] {processor.py:830} INFO - Processing file /home/wal/.pyenv/versions/3.12.0/lib/python3.12/site-packages/airflow/example_dags/example_latest_only_with_trigger.py for tasks to queue
[2025-07-13T23:07:34.810+0300] {logging_mixin.py:188} INFO - [2025-07-13T23:07:34.809+0300] {dagbag.py:545} INFO - Filling up the DagBag from /home/wal/.pyenv/versions/3.12.0/lib/python3.12/site-packages/airflow/example_dags/example_latest_only_with_trigger.py
[2025-07-13T23:07:34.833+0300] {processor.py:840} INFO - DAG(s) 'latest_only_with_trigger' retrieved from /home/wal/.pyenv/versions/3.12.0/lib/python3.12/site-packages/airflow/example_dags/example_latest_only_with_trigger.py
[2025-07-13T23:07:34.956+0300] {logging_mixin.py:188} INFO - [2025-07-13T23:07:34.950+0300] {dag.py:3096} INFO - Sync 1 DAGs
[2025-07-13T23:07:35.079+0300] {logging_mixin.py:188} INFO - [2025-07-13T23:07:35.078+0300] {dag.py:3954} INFO - Setting next_dagrun for latest_only_with_trigger to 2025-07-13 16:00:00+00:00, run_after=2025-07-13 20:00:00+00:00
[2025-07-13T23:07:35.266+0300] {processor.py:183} INFO - Processing /home/wal/.pyenv/versions/3.12.0/lib/python3.12/site-packages/airflow/example_dags/example_latest_only_with_trigger.py took 0.503 seconds
[2025-07-13T23:08:36.527+0300] {processor.py:161} INFO - Started process (PID=4927) to work on /home/wal/.pyenv/versions/3.12.0/lib/python3.12/site-packages/airflow/example_dags/example_latest_only_with_trigger.py
[2025-07-13T23:08:36.530+0300] {processor.py:830} INFO - Processing file /home/wal/.pyenv/versions/3.12.0/lib/python3.12/site-packages/airflow/example_dags/example_latest_only_with_trigger.py for tasks to queue
[2025-07-13T23:08:36.532+0300] {logging_mixin.py:188} INFO - [2025-07-13T23:08:36.532+0300] {dagbag.py:545} INFO - Filling up the DagBag from /home/wal/.pyenv/versions/3.12.0/lib/python3.12/site-packages/airflow/example_dags/example_latest_only_with_trigger.py
[2025-07-13T23:08:36.544+0300] {processor.py:840} INFO - DAG(s) 'latest_only_with_trigger' retrieved from /home/wal/.pyenv/versions/3.12.0/lib/python3.12/site-packages/airflow/example_dags/example_latest_only_with_trigger.py
[2025-07-13T23:08:36.568+0300] {logging_mixin.py:188} INFO - [2025-07-13T23:08:36.568+0300] {dag.py:3096} INFO - Sync 1 DAGs
[2025-07-13T23:08:36.595+0300] {logging_mixin.py:188} INFO - [2025-07-13T23:08:36.595+0300] {dag.py:3954} INFO - Setting next_dagrun for latest_only_with_trigger to 2025-07-13 16:00:00+00:00, run_after=2025-07-13 20:00:00+00:00
[2025-07-13T23:08:36.630+0300] {processor.py:183} INFO - Processing /home/wal/.pyenv/versions/3.12.0/lib/python3.12/site-packages/airflow/example_dags/example_latest_only_with_trigger.py took 0.115 seconds
[2025-07-13T23:09:40.906+0300] {processor.py:161} INFO - Started process (PID=4982) to work on /home/wal/.pyenv/versions/3.12.0/lib/python3.12/site-packages/airflow/example_dags/example_latest_only_with_trigger.py
[2025-07-13T23:09:40.913+0300] {processor.py:830} INFO - Processing file /home/wal/.pyenv/versions/3.12.0/lib/python3.12/site-packages/airflow/example_dags/example_latest_only_with_trigger.py for tasks to queue
[2025-07-13T23:09:40.915+0300] {logging_mixin.py:188} INFO - [2025-07-13T23:09:40.915+0300] {dagbag.py:545} INFO - Filling up the DagBag from /home/wal/.pyenv/versions/3.12.0/lib/python3.12/site-packages/airflow/example_dags/example_latest_only_with_trigger.py
[2025-07-13T23:09:40.923+0300] {processor.py:840} INFO - DAG(s) 'latest_only_with_trigger' retrieved from /home/wal/.pyenv/versions/3.12.0/lib/python3.12/site-packages/airflow/example_dags/example_latest_only_with_trigger.py
[2025-07-13T23:09:40.952+0300] {logging_mixin.py:188} INFO - [2025-07-13T23:09:40.951+0300] {dag.py:3096} INFO - Sync 1 DAGs
[2025-07-13T23:09:40.984+0300] {logging_mixin.py:188} INFO - [2025-07-13T23:09:40.984+0300] {dag.py:3954} INFO - Setting next_dagrun for latest_only_with_trigger to 2025-07-13 16:00:00+00:00, run_after=2025-07-13 20:00:00+00:00
[2025-07-13T23:09:41.022+0300] {processor.py:183} INFO - Processing /home/wal/.pyenv/versions/3.12.0/lib/python3.12/site-packages/airflow/example_dags/example_latest_only_with_trigger.py took 0.124 seconds
[2025-07-13T23:10:46.010+0300] {processor.py:161} INFO - Started process (PID=5037) to work on /home/wal/.pyenv/versions/3.12.0/lib/python3.12/site-packages/airflow/example_dags/example_latest_only_with_trigger.py
[2025-07-13T23:10:46.016+0300] {processor.py:830} INFO - Processing file /home/wal/.pyenv/versions/3.12.0/lib/python3.12/site-packages/airflow/example_dags/example_latest_only_with_trigger.py for tasks to queue
[2025-07-13T23:10:46.018+0300] {logging_mixin.py:188} INFO - [2025-07-13T23:10:46.018+0300] {dagbag.py:545} INFO - Filling up the DagBag from /home/wal/.pyenv/versions/3.12.0/lib/python3.12/site-packages/airflow/example_dags/example_latest_only_with_trigger.py
[2025-07-13T23:10:46.027+0300] {processor.py:840} INFO - DAG(s) 'latest_only_with_trigger' retrieved from /home/wal/.pyenv/versions/3.12.0/lib/python3.12/site-packages/airflow/example_dags/example_latest_only_with_trigger.py
[2025-07-13T23:10:46.046+0300] {logging_mixin.py:188} INFO - [2025-07-13T23:10:46.046+0300] {dag.py:3096} INFO - Sync 1 DAGs
[2025-07-13T23:10:46.075+0300] {logging_mixin.py:188} INFO - [2025-07-13T23:10:46.075+0300] {dag.py:3954} INFO - Setting next_dagrun for latest_only_with_trigger to 2025-07-13 16:00:00+00:00, run_after=2025-07-13 20:00:00+00:00
[2025-07-13T23:10:46.105+0300] {processor.py:183} INFO - Processing /home/wal/.pyenv/versions/3.12.0/lib/python3.12/site-packages/airflow/example_dags/example_latest_only_with_trigger.py took 0.102 seconds
[2025-07-13T23:11:42.743+0300] {processor.py:161} INFO - Started process (PID=5089) to work on /home/wal/.pyenv/versions/3.12.0/lib/python3.12/site-packages/airflow/example_dags/example_latest_only_with_trigger.py
[2025-07-13T23:11:42.745+0300] {processor.py:830} INFO - Processing file /home/wal/.pyenv/versions/3.12.0/lib/python3.12/site-packages/airflow/example_dags/example_latest_only_with_trigger.py for tasks to queue
[2025-07-13T23:11:42.749+0300] {logging_mixin.py:188} INFO - [2025-07-13T23:11:42.748+0300] {dagbag.py:545} INFO - Filling up the DagBag from /home/wal/.pyenv/versions/3.12.0/lib/python3.12/site-packages/airflow/example_dags/example_latest_only_with_trigger.py
[2025-07-13T23:11:42.757+0300] {processor.py:840} INFO - DAG(s) 'latest_only_with_trigger' retrieved from /home/wal/.pyenv/versions/3.12.0/lib/python3.12/site-packages/airflow/example_dags/example_latest_only_with_trigger.py
[2025-07-13T23:11:42.777+0300] {logging_mixin.py:188} INFO - [2025-07-13T23:11:42.777+0300] {dag.py:3096} INFO - Sync 1 DAGs
[2025-07-13T23:11:42.804+0300] {logging_mixin.py:188} INFO - [2025-07-13T23:11:42.804+0300] {dag.py:3954} INFO - Setting next_dagrun for latest_only_with_trigger to 2025-07-13 16:00:00+00:00, run_after=2025-07-13 20:00:00+00:00
[2025-07-13T23:11:42.831+0300] {processor.py:183} INFO - Processing /home/wal/.pyenv/versions/3.12.0/lib/python3.12/site-packages/airflow/example_dags/example_latest_only_with_trigger.py took 0.100 seconds
[2025-07-13T23:12:43.444+0300] {processor.py:161} INFO - Started process (PID=5141) to work on /home/wal/.pyenv/versions/3.12.0/lib/python3.12/site-packages/airflow/example_dags/example_latest_only_with_trigger.py
[2025-07-13T23:12:43.450+0300] {processor.py:830} INFO - Processing file /home/wal/.pyenv/versions/3.12.0/lib/python3.12/site-packages/airflow/example_dags/example_latest_only_with_trigger.py for tasks to queue
[2025-07-13T23:12:43.453+0300] {logging_mixin.py:188} INFO - [2025-07-13T23:12:43.452+0300] {dagbag.py:545} INFO - Filling up the DagBag from /home/wal/.pyenv/versions/3.12.0/lib/python3.12/site-packages/airflow/example_dags/example_latest_only_with_trigger.py
[2025-07-13T23:12:43.465+0300] {processor.py:840} INFO - DAG(s) 'latest_only_with_trigger' retrieved from /home/wal/.pyenv/versions/3.12.0/lib/python3.12/site-packages/airflow/example_dags/example_latest_only_with_trigger.py
[2025-07-13T23:12:43.498+0300] {logging_mixin.py:188} INFO - [2025-07-13T23:12:43.497+0300] {dag.py:3096} INFO - Sync 1 DAGs
[2025-07-13T23:12:43.538+0300] {logging_mixin.py:188} INFO - [2025-07-13T23:12:43.537+0300] {dag.py:3954} INFO - Setting next_dagrun for latest_only_with_trigger to 2025-07-13 16:00:00+00:00, run_after=2025-07-13 20:00:00+00:00
[2025-07-13T23:12:43.575+0300] {processor.py:183} INFO - Processing /home/wal/.pyenv/versions/3.12.0/lib/python3.12/site-packages/airflow/example_dags/example_latest_only_with_trigger.py took 0.142 seconds
[2025-07-13T23:13:49.923+0300] {processor.py:161} INFO - Started process (PID=5203) to work on /home/wal/.pyenv/versions/3.12.0/lib/python3.12/site-packages/airflow/example_dags/example_latest_only_with_trigger.py
[2025-07-13T23:13:49.929+0300] {processor.py:830} INFO - Processing file /home/wal/.pyenv/versions/3.12.0/lib/python3.12/site-packages/airflow/example_dags/example_latest_only_with_trigger.py for tasks to queue
[2025-07-13T23:13:49.932+0300] {logging_mixin.py:188} INFO - [2025-07-13T23:13:49.932+0300] {dagbag.py:545} INFO - Filling up the DagBag from /home/wal/.pyenv/versions/3.12.0/lib/python3.12/site-packages/airflow/example_dags/example_latest_only_with_trigger.py
[2025-07-13T23:13:49.943+0300] {processor.py:840} INFO - DAG(s) 'latest_only_with_trigger' retrieved from /home/wal/.pyenv/versions/3.12.0/lib/python3.12/site-packages/airflow/example_dags/example_latest_only_with_trigger.py
[2025-07-13T23:13:49.978+0300] {logging_mixin.py:188} INFO - [2025-07-13T23:13:49.978+0300] {dag.py:3096} INFO - Sync 1 DAGs
[2025-07-13T23:13:50.017+0300] {logging_mixin.py:188} INFO - [2025-07-13T23:13:50.017+0300] {dag.py:3954} INFO - Setting next_dagrun for latest_only_with_trigger to 2025-07-13 16:00:00+00:00, run_after=2025-07-13 20:00:00+00:00
[2025-07-13T23:13:50.053+0300] {processor.py:183} INFO - Processing /home/wal/.pyenv/versions/3.12.0/lib/python3.12/site-packages/airflow/example_dags/example_latest_only_with_trigger.py took 0.141 seconds
[2025-07-13T23:14:45.956+0300] {processor.py:161} INFO - Started process (PID=5269) to work on /home/wal/.pyenv/versions/3.12.0/lib/python3.12/site-packages/airflow/example_dags/example_latest_only_with_trigger.py
[2025-07-13T23:14:45.962+0300] {processor.py:830} INFO - Processing file /home/wal/.pyenv/versions/3.12.0/lib/python3.12/site-packages/airflow/example_dags/example_latest_only_with_trigger.py for tasks to queue
[2025-07-13T23:14:45.964+0300] {logging_mixin.py:188} INFO - [2025-07-13T23:14:45.963+0300] {dagbag.py:545} INFO - Filling up the DagBag from /home/wal/.pyenv/versions/3.12.0/lib/python3.12/site-packages/airflow/example_dags/example_latest_only_with_trigger.py
[2025-07-13T23:14:45.973+0300] {processor.py:840} INFO - DAG(s) 'latest_only_with_trigger' retrieved from /home/wal/.pyenv/versions/3.12.0/lib/python3.12/site-packages/airflow/example_dags/example_latest_only_with_trigger.py
[2025-07-13T23:14:46.004+0300] {logging_mixin.py:188} INFO - [2025-07-13T23:14:46.004+0300] {dag.py:3096} INFO - Sync 1 DAGs
[2025-07-13T23:14:46.035+0300] {logging_mixin.py:188} INFO - [2025-07-13T23:14:46.035+0300] {dag.py:3954} INFO - Setting next_dagrun for latest_only_with_trigger to 2025-07-13 16:00:00+00:00, run_after=2025-07-13 20:00:00+00:00
[2025-07-13T23:14:46.068+0300] {processor.py:183} INFO - Processing /home/wal/.pyenv/versions/3.12.0/lib/python3.12/site-packages/airflow/example_dags/example_latest_only_with_trigger.py took 0.123 seconds
[2025-07-13T23:15:39.162+0300] {processor.py:161} INFO - Started process (PID=5322) to work on /home/wal/.pyenv/versions/3.12.0/lib/python3.12/site-packages/airflow/example_dags/example_latest_only_with_trigger.py
[2025-07-13T23:15:39.168+0300] {processor.py:830} INFO - Processing file /home/wal/.pyenv/versions/3.12.0/lib/python3.12/site-packages/airflow/example_dags/example_latest_only_with_trigger.py for tasks to queue
[2025-07-13T23:15:39.171+0300] {logging_mixin.py:188} INFO - [2025-07-13T23:15:39.170+0300] {dagbag.py:545} INFO - Filling up the DagBag from /home/wal/.pyenv/versions/3.12.0/lib/python3.12/site-packages/airflow/example_dags/example_latest_only_with_trigger.py
[2025-07-13T23:15:39.177+0300] {processor.py:840} INFO - DAG(s) 'latest_only_with_trigger' retrieved from /home/wal/.pyenv/versions/3.12.0/lib/python3.12/site-packages/airflow/example_dags/example_latest_only_with_trigger.py
[2025-07-13T23:15:39.197+0300] {logging_mixin.py:188} INFO - [2025-07-13T23:15:39.197+0300] {dag.py:3096} INFO - Sync 1 DAGs
[2025-07-13T23:15:39.221+0300] {logging_mixin.py:188} INFO - [2025-07-13T23:15:39.221+0300] {dag.py:3954} INFO - Setting next_dagrun for latest_only_with_trigger to 2025-07-13 16:00:00+00:00, run_after=2025-07-13 20:00:00+00:00
[2025-07-13T23:15:39.249+0300] {processor.py:183} INFO - Processing /home/wal/.pyenv/versions/3.12.0/lib/python3.12/site-packages/airflow/example_dags/example_latest_only_with_trigger.py took 0.093 seconds
[2025-07-13T23:16:40.676+0300] {processor.py:161} INFO - Started process (PID=5374) to work on /home/wal/.pyenv/versions/3.12.0/lib/python3.12/site-packages/airflow/example_dags/example_latest_only_with_trigger.py
[2025-07-13T23:16:40.679+0300] {processor.py:830} INFO - Processing file /home/wal/.pyenv/versions/3.12.0/lib/python3.12/site-packages/airflow/example_dags/example_latest_only_with_trigger.py for tasks to queue
[2025-07-13T23:16:40.681+0300] {logging_mixin.py:188} INFO - [2025-07-13T23:16:40.680+0300] {dagbag.py:545} INFO - Filling up the DagBag from /home/wal/.pyenv/versions/3.12.0/lib/python3.12/site-packages/airflow/example_dags/example_latest_only_with_trigger.py
[2025-07-13T23:16:40.687+0300] {processor.py:840} INFO - DAG(s) 'latest_only_with_trigger' retrieved from /home/wal/.pyenv/versions/3.12.0/lib/python3.12/site-packages/airflow/example_dags/example_latest_only_with_trigger.py
[2025-07-13T23:16:40.709+0300] {logging_mixin.py:188} INFO - [2025-07-13T23:16:40.709+0300] {dag.py:3096} INFO - Sync 1 DAGs
[2025-07-13T23:16:40.737+0300] {logging_mixin.py:188} INFO - [2025-07-13T23:16:40.736+0300] {dag.py:3954} INFO - Setting next_dagrun for latest_only_with_trigger to 2025-07-13 16:00:00+00:00, run_after=2025-07-13 20:00:00+00:00
[2025-07-13T23:16:40.771+0300] {processor.py:183} INFO - Processing /home/wal/.pyenv/versions/3.12.0/lib/python3.12/site-packages/airflow/example_dags/example_latest_only_with_trigger.py took 0.103 seconds
[2025-07-13T23:17:56.210+0300] {processor.py:161} INFO - Started process (PID=5435) to work on /home/wal/.pyenv/versions/3.12.0/lib/python3.12/site-packages/airflow/example_dags/example_latest_only_with_trigger.py
[2025-07-13T23:17:56.212+0300] {processor.py:830} INFO - Processing file /home/wal/.pyenv/versions/3.12.0/lib/python3.12/site-packages/airflow/example_dags/example_latest_only_with_trigger.py for tasks to queue
[2025-07-13T23:17:56.214+0300] {logging_mixin.py:188} INFO - [2025-07-13T23:17:56.213+0300] {dagbag.py:545} INFO - Filling up the DagBag from /home/wal/.pyenv/versions/3.12.0/lib/python3.12/site-packages/airflow/example_dags/example_latest_only_with_trigger.py
[2025-07-13T23:17:56.220+0300] {processor.py:840} INFO - DAG(s) 'latest_only_with_trigger' retrieved from /home/wal/.pyenv/versions/3.12.0/lib/python3.12/site-packages/airflow/example_dags/example_latest_only_with_trigger.py
[2025-07-13T23:17:56.240+0300] {logging_mixin.py:188} INFO - [2025-07-13T23:17:56.240+0300] {dag.py:3096} INFO - Sync 1 DAGs
[2025-07-13T23:17:56.266+0300] {logging_mixin.py:188} INFO - [2025-07-13T23:17:56.266+0300] {dag.py:3954} INFO - Setting next_dagrun for latest_only_with_trigger to 2025-07-13 16:00:00+00:00, run_after=2025-07-13 20:00:00+00:00
[2025-07-13T23:17:56.297+0300] {processor.py:183} INFO - Processing /home/wal/.pyenv/versions/3.12.0/lib/python3.12/site-packages/airflow/example_dags/example_latest_only_with_trigger.py took 0.097 seconds
[2025-07-13T23:19:02.533+0300] {processor.py:161} INFO - Started process (PID=5492) to work on /home/wal/.pyenv/versions/3.12.0/lib/python3.12/site-packages/airflow/example_dags/example_latest_only_with_trigger.py
[2025-07-13T23:19:02.539+0300] {processor.py:830} INFO - Processing file /home/wal/.pyenv/versions/3.12.0/lib/python3.12/site-packages/airflow/example_dags/example_latest_only_with_trigger.py for tasks to queue
[2025-07-13T23:19:02.542+0300] {logging_mixin.py:188} INFO - [2025-07-13T23:19:02.541+0300] {dagbag.py:545} INFO - Filling up the DagBag from /home/wal/.pyenv/versions/3.12.0/lib/python3.12/site-packages/airflow/example_dags/example_latest_only_with_trigger.py
[2025-07-13T23:19:02.550+0300] {processor.py:840} INFO - DAG(s) 'latest_only_with_trigger' retrieved from /home/wal/.pyenv/versions/3.12.0/lib/python3.12/site-packages/airflow/example_dags/example_latest_only_with_trigger.py
[2025-07-13T23:19:02.576+0300] {logging_mixin.py:188} INFO - [2025-07-13T23:19:02.576+0300] {dag.py:3096} INFO - Sync 1 DAGs
[2025-07-13T23:19:02.609+0300] {logging_mixin.py:188} INFO - [2025-07-13T23:19:02.608+0300] {dag.py:3954} INFO - Setting next_dagrun for latest_only_with_trigger to 2025-07-13 16:00:00+00:00, run_after=2025-07-13 20:00:00+00:00
[2025-07-13T23:19:02.640+0300] {processor.py:183} INFO - Processing /home/wal/.pyenv/versions/3.12.0/lib/python3.12/site-packages/airflow/example_dags/example_latest_only_with_trigger.py took 0.117 seconds
[2025-07-13T23:20:05.676+0300] {processor.py:161} INFO - Started process (PID=5546) to work on /home/wal/.pyenv/versions/3.12.0/lib/python3.12/site-packages/airflow/example_dags/example_latest_only_with_trigger.py
[2025-07-13T23:20:05.682+0300] {processor.py:830} INFO - Processing file /home/wal/.pyenv/versions/3.12.0/lib/python3.12/site-packages/airflow/example_dags/example_latest_only_with_trigger.py for tasks to queue
[2025-07-13T23:20:05.684+0300] {logging_mixin.py:188} INFO - [2025-07-13T23:20:05.684+0300] {dagbag.py:545} INFO - Filling up the DagBag from /home/wal/.pyenv/versions/3.12.0/lib/python3.12/site-packages/airflow/example_dags/example_latest_only_with_trigger.py
[2025-07-13T23:20:05.692+0300] {processor.py:840} INFO - DAG(s) 'latest_only_with_trigger' retrieved from /home/wal/.pyenv/versions/3.12.0/lib/python3.12/site-packages/airflow/example_dags/example_latest_only_with_trigger.py
[2025-07-13T23:20:05.715+0300] {logging_mixin.py:188} INFO - [2025-07-13T23:20:05.715+0300] {dag.py:3096} INFO - Sync 1 DAGs
[2025-07-13T23:20:05.745+0300] {logging_mixin.py:188} INFO - [2025-07-13T23:20:05.745+0300] {dag.py:3954} INFO - Setting next_dagrun for latest_only_with_trigger to 2025-07-13 16:00:00+00:00, run_after=2025-07-13 20:00:00+00:00
[2025-07-13T23:20:05.780+0300] {processor.py:183} INFO - Processing /home/wal/.pyenv/versions/3.12.0/lib/python3.12/site-packages/airflow/example_dags/example_latest_only_with_trigger.py took 0.115 seconds
[2025-07-13T23:21:08.292+0300] {processor.py:161} INFO - Started process (PID=5600) to work on /home/wal/.pyenv/versions/3.12.0/lib/python3.12/site-packages/airflow/example_dags/example_latest_only_with_trigger.py
[2025-07-13T23:21:08.294+0300] {processor.py:830} INFO - Processing file /home/wal/.pyenv/versions/3.12.0/lib/python3.12/site-packages/airflow/example_dags/example_latest_only_with_trigger.py for tasks to queue
[2025-07-13T23:21:08.297+0300] {logging_mixin.py:188} INFO - [2025-07-13T23:21:08.296+0300] {dagbag.py:545} INFO - Filling up the DagBag from /home/wal/.pyenv/versions/3.12.0/lib/python3.12/site-packages/airflow/example_dags/example_latest_only_with_trigger.py
[2025-07-13T23:21:08.303+0300] {processor.py:840} INFO - DAG(s) 'latest_only_with_trigger' retrieved from /home/wal/.pyenv/versions/3.12.0/lib/python3.12/site-packages/airflow/example_dags/example_latest_only_with_trigger.py
[2025-07-13T23:21:08.328+0300] {logging_mixin.py:188} INFO - [2025-07-13T23:21:08.328+0300] {dag.py:3096} INFO - Sync 1 DAGs
[2025-07-13T23:21:08.358+0300] {logging_mixin.py:188} INFO - [2025-07-13T23:21:08.357+0300] {dag.py:3954} INFO - Setting next_dagrun for latest_only_with_trigger to 2025-07-13 16:00:00+00:00, run_after=2025-07-13 20:00:00+00:00
[2025-07-13T23:21:08.389+0300] {processor.py:183} INFO - Processing /home/wal/.pyenv/versions/3.12.0/lib/python3.12/site-packages/airflow/example_dags/example_latest_only_with_trigger.py took 0.106 seconds
[2025-07-13T23:22:16.495+0300] {processor.py:161} INFO - Started process (PID=5655) to work on /home/wal/.pyenv/versions/3.12.0/lib/python3.12/site-packages/airflow/example_dags/example_latest_only_with_trigger.py
[2025-07-13T23:22:16.505+0300] {processor.py:830} INFO - Processing file /home/wal/.pyenv/versions/3.12.0/lib/python3.12/site-packages/airflow/example_dags/example_latest_only_with_trigger.py for tasks to queue
[2025-07-13T23:22:16.510+0300] {logging_mixin.py:188} INFO - [2025-07-13T23:22:16.509+0300] {dagbag.py:545} INFO - Filling up the DagBag from /home/wal/.pyenv/versions/3.12.0/lib/python3.12/site-packages/airflow/example_dags/example_latest_only_with_trigger.py
[2025-07-13T23:22:16.531+0300] {processor.py:840} INFO - DAG(s) 'latest_only_with_trigger' retrieved from /home/wal/.pyenv/versions/3.12.0/lib/python3.12/site-packages/airflow/example_dags/example_latest_only_with_trigger.py
[2025-07-13T23:22:16.625+0300] {logging_mixin.py:188} INFO - [2025-07-13T23:22:16.624+0300] {dag.py:3096} INFO - Sync 1 DAGs
[2025-07-13T23:22:16.738+0300] {logging_mixin.py:188} INFO - [2025-07-13T23:22:16.737+0300] {dag.py:3954} INFO - Setting next_dagrun for latest_only_with_trigger to 2025-07-13 16:00:00+00:00, run_after=2025-07-13 20:00:00+00:00
[2025-07-13T23:22:16.838+0300] {processor.py:183} INFO - Processing /home/wal/.pyenv/versions/3.12.0/lib/python3.12/site-packages/airflow/example_dags/example_latest_only_with_trigger.py took 0.369 seconds
[2025-07-13T23:23:30.121+0300] {processor.py:161} INFO - Started process (PID=5714) to work on /home/wal/.pyenv/versions/3.12.0/lib/python3.12/site-packages/airflow/example_dags/example_latest_only_with_trigger.py
[2025-07-13T23:23:30.127+0300] {processor.py:830} INFO - Processing file /home/wal/.pyenv/versions/3.12.0/lib/python3.12/site-packages/airflow/example_dags/example_latest_only_with_trigger.py for tasks to queue
[2025-07-13T23:23:30.133+0300] {logging_mixin.py:188} INFO - [2025-07-13T23:23:30.132+0300] {dagbag.py:545} INFO - Filling up the DagBag from /home/wal/.pyenv/versions/3.12.0/lib/python3.12/site-packages/airflow/example_dags/example_latest_only_with_trigger.py
[2025-07-13T23:23:30.143+0300] {processor.py:840} INFO - DAG(s) 'latest_only_with_trigger' retrieved from /home/wal/.pyenv/versions/3.12.0/lib/python3.12/site-packages/airflow/example_dags/example_latest_only_with_trigger.py
[2025-07-13T23:23:30.181+0300] {logging_mixin.py:188} INFO - [2025-07-13T23:23:30.181+0300] {dag.py:3096} INFO - Sync 1 DAGs
[2025-07-13T23:23:30.227+0300] {logging_mixin.py:188} INFO - [2025-07-13T23:23:30.226+0300] {dag.py:3954} INFO - Setting next_dagrun for latest_only_with_trigger to 2025-07-13 16:00:00+00:00, run_after=2025-07-13 20:00:00+00:00
[2025-07-13T23:23:30.273+0300] {processor.py:183} INFO - Processing /home/wal/.pyenv/versions/3.12.0/lib/python3.12/site-packages/airflow/example_dags/example_latest_only_with_trigger.py took 0.170 seconds
[2025-07-13T23:25:14.775+0300] {processor.py:161} INFO - Started process (PID=5782) to work on /home/wal/.pyenv/versions/3.12.0/lib/python3.12/site-packages/airflow/example_dags/example_latest_only_with_trigger.py
[2025-07-13T23:25:14.779+0300] {processor.py:830} INFO - Processing file /home/wal/.pyenv/versions/3.12.0/lib/python3.12/site-packages/airflow/example_dags/example_latest_only_with_trigger.py for tasks to queue
[2025-07-13T23:25:14.793+0300] {logging_mixin.py:188} INFO - [2025-07-13T23:25:14.792+0300] {dagbag.py:545} INFO - Filling up the DagBag from /home/wal/.pyenv/versions/3.12.0/lib/python3.12/site-packages/airflow/example_dags/example_latest_only_with_trigger.py
[2025-07-13T23:25:14.835+0300] {processor.py:840} INFO - DAG(s) 'latest_only_with_trigger' retrieved from /home/wal/.pyenv/versions/3.12.0/lib/python3.12/site-packages/airflow/example_dags/example_latest_only_with_trigger.py
[2025-07-13T23:25:14.959+0300] {logging_mixin.py:188} INFO - [2025-07-13T23:25:14.958+0300] {dag.py:3096} INFO - Sync 1 DAGs
[2025-07-13T23:25:15.131+0300] {logging_mixin.py:188} INFO - [2025-07-13T23:25:15.129+0300] {dag.py:3954} INFO - Setting next_dagrun for latest_only_with_trigger to 2025-07-13 16:00:00+00:00, run_after=2025-07-13 20:00:00+00:00
[2025-07-13T23:25:15.298+0300] {processor.py:183} INFO - Processing /home/wal/.pyenv/versions/3.12.0/lib/python3.12/site-packages/airflow/example_dags/example_latest_only_with_trigger.py took 0.570 seconds
[2025-07-13T23:26:48.638+0300] {processor.py:161} INFO - Started process (PID=5849) to work on /home/wal/.pyenv/versions/3.12.0/lib/python3.12/site-packages/airflow/example_dags/example_latest_only_with_trigger.py
[2025-07-13T23:26:48.641+0300] {processor.py:830} INFO - Processing file /home/wal/.pyenv/versions/3.12.0/lib/python3.12/site-packages/airflow/example_dags/example_latest_only_with_trigger.py for tasks to queue
[2025-07-13T23:26:48.644+0300] {logging_mixin.py:188} INFO - [2025-07-13T23:26:48.643+0300] {dagbag.py:545} INFO - Filling up the DagBag from /home/wal/.pyenv/versions/3.12.0/lib/python3.12/site-packages/airflow/example_dags/example_latest_only_with_trigger.py
[2025-07-13T23:26:48.654+0300] {processor.py:840} INFO - DAG(s) 'latest_only_with_trigger' retrieved from /home/wal/.pyenv/versions/3.12.0/lib/python3.12/site-packages/airflow/example_dags/example_latest_only_with_trigger.py
[2025-07-13T23:26:48.682+0300] {logging_mixin.py:188} INFO - [2025-07-13T23:26:48.682+0300] {dag.py:3096} INFO - Sync 1 DAGs
[2025-07-13T23:26:48.716+0300] {logging_mixin.py:188} INFO - [2025-07-13T23:26:48.716+0300] {dag.py:3954} INFO - Setting next_dagrun for latest_only_with_trigger to 2025-07-13 16:00:00+00:00, run_after=2025-07-13 20:00:00+00:00
[2025-07-13T23:26:48.759+0300] {processor.py:183} INFO - Processing /home/wal/.pyenv/versions/3.12.0/lib/python3.12/site-packages/airflow/example_dags/example_latest_only_with_trigger.py took 0.131 seconds
[2025-07-13T23:27:58.558+0300] {processor.py:161} INFO - Started process (PID=5905) to work on /home/wal/.pyenv/versions/3.12.0/lib/python3.12/site-packages/airflow/example_dags/example_latest_only_with_trigger.py
[2025-07-13T23:27:58.565+0300] {processor.py:830} INFO - Processing file /home/wal/.pyenv/versions/3.12.0/lib/python3.12/site-packages/airflow/example_dags/example_latest_only_with_trigger.py for tasks to queue
[2025-07-13T23:27:58.580+0300] {logging_mixin.py:188} INFO - [2025-07-13T23:27:58.578+0300] {dagbag.py:545} INFO - Filling up the DagBag from /home/wal/.pyenv/versions/3.12.0/lib/python3.12/site-packages/airflow/example_dags/example_latest_only_with_trigger.py
[2025-07-13T23:27:58.594+0300] {processor.py:840} INFO - DAG(s) 'latest_only_with_trigger' retrieved from /home/wal/.pyenv/versions/3.12.0/lib/python3.12/site-packages/airflow/example_dags/example_latest_only_with_trigger.py
[2025-07-13T23:27:58.625+0300] {logging_mixin.py:188} INFO - [2025-07-13T23:27:58.624+0300] {dag.py:3096} INFO - Sync 1 DAGs
[2025-07-13T23:27:58.793+0300] {logging_mixin.py:188} INFO - [2025-07-13T23:27:58.792+0300] {dag.py:3954} INFO - Setting next_dagrun for latest_only_with_trigger to 2025-07-13 16:00:00+00:00, run_after=2025-07-13 20:00:00+00:00
[2025-07-13T23:27:58.847+0300] {processor.py:183} INFO - Processing /home/wal/.pyenv/versions/3.12.0/lib/python3.12/site-packages/airflow/example_dags/example_latest_only_with_trigger.py took 0.299 seconds
[2025-07-13T23:29:09.106+0300] {processor.py:161} INFO - Started process (PID=5963) to work on /home/wal/.pyenv/versions/3.12.0/lib/python3.12/site-packages/airflow/example_dags/example_latest_only_with_trigger.py
[2025-07-13T23:29:09.107+0300] {processor.py:830} INFO - Processing file /home/wal/.pyenv/versions/3.12.0/lib/python3.12/site-packages/airflow/example_dags/example_latest_only_with_trigger.py for tasks to queue
[2025-07-13T23:29:09.110+0300] {logging_mixin.py:188} INFO - [2025-07-13T23:29:09.109+0300] {dagbag.py:545} INFO - Filling up the DagBag from /home/wal/.pyenv/versions/3.12.0/lib/python3.12/site-packages/airflow/example_dags/example_latest_only_with_trigger.py
[2025-07-13T23:29:09.120+0300] {processor.py:840} INFO - DAG(s) 'latest_only_with_trigger' retrieved from /home/wal/.pyenv/versions/3.12.0/lib/python3.12/site-packages/airflow/example_dags/example_latest_only_with_trigger.py
[2025-07-13T23:29:09.150+0300] {logging_mixin.py:188} INFO - [2025-07-13T23:29:09.150+0300] {dag.py:3096} INFO - Sync 1 DAGs
[2025-07-13T23:29:09.183+0300] {logging_mixin.py:188} INFO - [2025-07-13T23:29:09.182+0300] {dag.py:3954} INFO - Setting next_dagrun for latest_only_with_trigger to 2025-07-13 16:00:00+00:00, run_after=2025-07-13 20:00:00+00:00
[2025-07-13T23:29:09.220+0300] {processor.py:183} INFO - Processing /home/wal/.pyenv/versions/3.12.0/lib/python3.12/site-packages/airflow/example_dags/example_latest_only_with_trigger.py took 0.124 seconds
[2025-07-13T23:30:10.388+0300] {processor.py:161} INFO - Started process (PID=6016) to work on /home/wal/.pyenv/versions/3.12.0/lib/python3.12/site-packages/airflow/example_dags/example_latest_only_with_trigger.py
[2025-07-13T23:30:10.390+0300] {processor.py:830} INFO - Processing file /home/wal/.pyenv/versions/3.12.0/lib/python3.12/site-packages/airflow/example_dags/example_latest_only_with_trigger.py for tasks to queue
[2025-07-13T23:30:10.393+0300] {logging_mixin.py:188} INFO - [2025-07-13T23:30:10.393+0300] {dagbag.py:545} INFO - Filling up the DagBag from /home/wal/.pyenv/versions/3.12.0/lib/python3.12/site-packages/airflow/example_dags/example_latest_only_with_trigger.py
[2025-07-13T23:30:10.404+0300] {processor.py:840} INFO - DAG(s) 'latest_only_with_trigger' retrieved from /home/wal/.pyenv/versions/3.12.0/lib/python3.12/site-packages/airflow/example_dags/example_latest_only_with_trigger.py
[2025-07-13T23:30:10.433+0300] {logging_mixin.py:188} INFO - [2025-07-13T23:30:10.432+0300] {dag.py:3096} INFO - Sync 1 DAGs
[2025-07-13T23:30:10.472+0300] {logging_mixin.py:188} INFO - [2025-07-13T23:30:10.472+0300] {dag.py:3954} INFO - Setting next_dagrun for latest_only_with_trigger to 2025-07-13 16:00:00+00:00, run_after=2025-07-13 20:00:00+00:00
[2025-07-13T23:30:10.511+0300] {processor.py:183} INFO - Processing /home/wal/.pyenv/versions/3.12.0/lib/python3.12/site-packages/airflow/example_dags/example_latest_only_with_trigger.py took 0.134 seconds
[2025-07-13T23:31:11.051+0300] {processor.py:161} INFO - Started process (PID=6069) to work on /home/wal/.pyenv/versions/3.12.0/lib/python3.12/site-packages/airflow/example_dags/example_latest_only_with_trigger.py
[2025-07-13T23:31:11.057+0300] {processor.py:830} INFO - Processing file /home/wal/.pyenv/versions/3.12.0/lib/python3.12/site-packages/airflow/example_dags/example_latest_only_with_trigger.py for tasks to queue
[2025-07-13T23:31:11.059+0300] {logging_mixin.py:188} INFO - [2025-07-13T23:31:11.059+0300] {dagbag.py:545} INFO - Filling up the DagBag from /home/wal/.pyenv/versions/3.12.0/lib/python3.12/site-packages/airflow/example_dags/example_latest_only_with_trigger.py
[2025-07-13T23:31:11.070+0300] {processor.py:840} INFO - DAG(s) 'latest_only_with_trigger' retrieved from /home/wal/.pyenv/versions/3.12.0/lib/python3.12/site-packages/airflow/example_dags/example_latest_only_with_trigger.py
[2025-07-13T23:31:11.100+0300] {logging_mixin.py:188} INFO - [2025-07-13T23:31:11.099+0300] {dag.py:3096} INFO - Sync 1 DAGs
[2025-07-13T23:31:11.144+0300] {logging_mixin.py:188} INFO - [2025-07-13T23:31:11.143+0300] {dag.py:3954} INFO - Setting next_dagrun for latest_only_with_trigger to 2025-07-13 16:00:00+00:00, run_after=2025-07-13 20:00:00+00:00
[2025-07-13T23:31:11.183+0300] {processor.py:183} INFO - Processing /home/wal/.pyenv/versions/3.12.0/lib/python3.12/site-packages/airflow/example_dags/example_latest_only_with_trigger.py took 0.142 seconds
[2025-07-13T23:32:09.526+0300] {processor.py:161} INFO - Started process (PID=6121) to work on /home/wal/.pyenv/versions/3.12.0/lib/python3.12/site-packages/airflow/example_dags/example_latest_only_with_trigger.py
[2025-07-13T23:32:09.533+0300] {processor.py:830} INFO - Processing file /home/wal/.pyenv/versions/3.12.0/lib/python3.12/site-packages/airflow/example_dags/example_latest_only_with_trigger.py for tasks to queue
[2025-07-13T23:32:09.535+0300] {logging_mixin.py:188} INFO - [2025-07-13T23:32:09.535+0300] {dagbag.py:545} INFO - Filling up the DagBag from /home/wal/.pyenv/versions/3.12.0/lib/python3.12/site-packages/airflow/example_dags/example_latest_only_with_trigger.py
[2025-07-13T23:32:09.544+0300] {processor.py:840} INFO - DAG(s) 'latest_only_with_trigger' retrieved from /home/wal/.pyenv/versions/3.12.0/lib/python3.12/site-packages/airflow/example_dags/example_latest_only_with_trigger.py
[2025-07-13T23:32:09.569+0300] {logging_mixin.py:188} INFO - [2025-07-13T23:32:09.569+0300] {dag.py:3096} INFO - Sync 1 DAGs
[2025-07-13T23:32:09.599+0300] {logging_mixin.py:188} INFO - [2025-07-13T23:32:09.599+0300] {dag.py:3954} INFO - Setting next_dagrun for latest_only_with_trigger to 2025-07-13 16:00:00+00:00, run_after=2025-07-13 20:00:00+00:00
[2025-07-13T23:32:09.634+0300] {processor.py:183} INFO - Processing /home/wal/.pyenv/versions/3.12.0/lib/python3.12/site-packages/airflow/example_dags/example_latest_only_with_trigger.py took 0.119 seconds
[2025-07-13T23:33:13.733+0300] {processor.py:161} INFO - Started process (PID=6175) to work on /home/wal/.pyenv/versions/3.12.0/lib/python3.12/site-packages/airflow/example_dags/example_latest_only_with_trigger.py
[2025-07-13T23:33:13.741+0300] {processor.py:830} INFO - Processing file /home/wal/.pyenv/versions/3.12.0/lib/python3.12/site-packages/airflow/example_dags/example_latest_only_with_trigger.py for tasks to queue
[2025-07-13T23:33:13.754+0300] {logging_mixin.py:188} INFO - [2025-07-13T23:33:13.752+0300] {dagbag.py:545} INFO - Filling up the DagBag from /home/wal/.pyenv/versions/3.12.0/lib/python3.12/site-packages/airflow/example_dags/example_latest_only_with_trigger.py
[2025-07-13T23:33:13.770+0300] {processor.py:840} INFO - DAG(s) 'latest_only_with_trigger' retrieved from /home/wal/.pyenv/versions/3.12.0/lib/python3.12/site-packages/airflow/example_dags/example_latest_only_with_trigger.py
[2025-07-13T23:33:13.800+0300] {logging_mixin.py:188} INFO - [2025-07-13T23:33:13.799+0300] {dag.py:3096} INFO - Sync 1 DAGs
[2025-07-13T23:33:13.837+0300] {logging_mixin.py:188} INFO - [2025-07-13T23:33:13.837+0300] {dag.py:3954} INFO - Setting next_dagrun for latest_only_with_trigger to 2025-07-13 16:00:00+00:00, run_after=2025-07-13 20:00:00+00:00
[2025-07-13T23:33:13.910+0300] {processor.py:183} INFO - Processing /home/wal/.pyenv/versions/3.12.0/lib/python3.12/site-packages/airflow/example_dags/example_latest_only_with_trigger.py took 0.191 seconds
[2025-07-13T23:34:15.798+0300] {processor.py:161} INFO - Started process (PID=6229) to work on /home/wal/.pyenv/versions/3.12.0/lib/python3.12/site-packages/airflow/example_dags/example_latest_only_with_trigger.py
[2025-07-13T23:34:15.806+0300] {processor.py:830} INFO - Processing file /home/wal/.pyenv/versions/3.12.0/lib/python3.12/site-packages/airflow/example_dags/example_latest_only_with_trigger.py for tasks to queue
[2025-07-13T23:34:15.812+0300] {logging_mixin.py:188} INFO - [2025-07-13T23:34:15.810+0300] {dagbag.py:545} INFO - Filling up the DagBag from /home/wal/.pyenv/versions/3.12.0/lib/python3.12/site-packages/airflow/example_dags/example_latest_only_with_trigger.py
[2025-07-13T23:34:15.828+0300] {processor.py:840} INFO - DAG(s) 'latest_only_with_trigger' retrieved from /home/wal/.pyenv/versions/3.12.0/lib/python3.12/site-packages/airflow/example_dags/example_latest_only_with_trigger.py
[2025-07-13T23:34:15.875+0300] {logging_mixin.py:188} INFO - [2025-07-13T23:34:15.875+0300] {dag.py:3096} INFO - Sync 1 DAGs
[2025-07-13T23:34:15.924+0300] {logging_mixin.py:188} INFO - [2025-07-13T23:34:15.923+0300] {dag.py:3954} INFO - Setting next_dagrun for latest_only_with_trigger to 2025-07-13 16:00:00+00:00, run_after=2025-07-13 20:00:00+00:00
[2025-07-13T23:34:15.989+0300] {processor.py:183} INFO - Processing /home/wal/.pyenv/versions/3.12.0/lib/python3.12/site-packages/airflow/example_dags/example_latest_only_with_trigger.py took 0.215 seconds
[2025-07-13T23:35:37.213+0300] {processor.py:161} INFO - Started process (PID=6295) to work on /home/wal/.pyenv/versions/3.12.0/lib/python3.12/site-packages/airflow/example_dags/example_latest_only_with_trigger.py
[2025-07-13T23:35:37.215+0300] {processor.py:830} INFO - Processing file /home/wal/.pyenv/versions/3.12.0/lib/python3.12/site-packages/airflow/example_dags/example_latest_only_with_trigger.py for tasks to queue
[2025-07-13T23:35:37.217+0300] {logging_mixin.py:188} INFO - [2025-07-13T23:35:37.216+0300] {dagbag.py:545} INFO - Filling up the DagBag from /home/wal/.pyenv/versions/3.12.0/lib/python3.12/site-packages/airflow/example_dags/example_latest_only_with_trigger.py
[2025-07-13T23:35:37.228+0300] {processor.py:840} INFO - DAG(s) 'latest_only_with_trigger' retrieved from /home/wal/.pyenv/versions/3.12.0/lib/python3.12/site-packages/airflow/example_dags/example_latest_only_with_trigger.py
[2025-07-13T23:35:37.275+0300] {logging_mixin.py:188} INFO - [2025-07-13T23:35:37.275+0300] {dag.py:3096} INFO - Sync 1 DAGs
[2025-07-13T23:35:37.314+0300] {logging_mixin.py:188} INFO - [2025-07-13T23:35:37.314+0300] {dag.py:3954} INFO - Setting next_dagrun for latest_only_with_trigger to 2025-07-13 16:00:00+00:00, run_after=2025-07-13 20:00:00+00:00
[2025-07-13T23:35:37.350+0300] {processor.py:183} INFO - Processing /home/wal/.pyenv/versions/3.12.0/lib/python3.12/site-packages/airflow/example_dags/example_latest_only_with_trigger.py took 0.149 seconds
[2025-07-13T23:36:37.850+0300] {processor.py:161} INFO - Started process (PID=6349) to work on /home/wal/.pyenv/versions/3.12.0/lib/python3.12/site-packages/airflow/example_dags/example_latest_only_with_trigger.py
[2025-07-13T23:36:37.852+0300] {processor.py:830} INFO - Processing file /home/wal/.pyenv/versions/3.12.0/lib/python3.12/site-packages/airflow/example_dags/example_latest_only_with_trigger.py for tasks to queue
[2025-07-13T23:36:37.854+0300] {logging_mixin.py:188} INFO - [2025-07-13T23:36:37.854+0300] {dagbag.py:545} INFO - Filling up the DagBag from /home/wal/.pyenv/versions/3.12.0/lib/python3.12/site-packages/airflow/example_dags/example_latest_only_with_trigger.py
[2025-07-13T23:36:37.860+0300] {processor.py:840} INFO - DAG(s) 'latest_only_with_trigger' retrieved from /home/wal/.pyenv/versions/3.12.0/lib/python3.12/site-packages/airflow/example_dags/example_latest_only_with_trigger.py
[2025-07-13T23:36:37.886+0300] {logging_mixin.py:188} INFO - [2025-07-13T23:36:37.885+0300] {dag.py:3096} INFO - Sync 1 DAGs
[2025-07-13T23:36:37.915+0300] {logging_mixin.py:188} INFO - [2025-07-13T23:36:37.914+0300] {dag.py:3954} INFO - Setting next_dagrun for latest_only_with_trigger to 2025-07-13 16:00:00+00:00, run_after=2025-07-13 20:00:00+00:00
[2025-07-13T23:36:37.951+0300] {processor.py:183} INFO - Processing /home/wal/.pyenv/versions/3.12.0/lib/python3.12/site-packages/airflow/example_dags/example_latest_only_with_trigger.py took 0.112 seconds
[2025-07-13T23:37:34.235+0300] {processor.py:161} INFO - Started process (PID=6400) to work on /home/wal/.pyenv/versions/3.12.0/lib/python3.12/site-packages/airflow/example_dags/example_latest_only_with_trigger.py
[2025-07-13T23:37:34.240+0300] {processor.py:830} INFO - Processing file /home/wal/.pyenv/versions/3.12.0/lib/python3.12/site-packages/airflow/example_dags/example_latest_only_with_trigger.py for tasks to queue
[2025-07-13T23:37:34.245+0300] {logging_mixin.py:188} INFO - [2025-07-13T23:37:34.244+0300] {dagbag.py:545} INFO - Filling up the DagBag from /home/wal/.pyenv/versions/3.12.0/lib/python3.12/site-packages/airflow/example_dags/example_latest_only_with_trigger.py
[2025-07-13T23:37:34.253+0300] {processor.py:840} INFO - DAG(s) 'latest_only_with_trigger' retrieved from /home/wal/.pyenv/versions/3.12.0/lib/python3.12/site-packages/airflow/example_dags/example_latest_only_with_trigger.py
[2025-07-13T23:37:34.278+0300] {logging_mixin.py:188} INFO - [2025-07-13T23:37:34.278+0300] {dag.py:3096} INFO - Sync 1 DAGs
[2025-07-13T23:37:34.310+0300] {logging_mixin.py:188} INFO - [2025-07-13T23:37:34.309+0300] {dag.py:3954} INFO - Setting next_dagrun for latest_only_with_trigger to 2025-07-13 16:00:00+00:00, run_after=2025-07-13 20:00:00+00:00
[2025-07-13T23:37:34.340+0300] {processor.py:183} INFO - Processing /home/wal/.pyenv/versions/3.12.0/lib/python3.12/site-packages/airflow/example_dags/example_latest_only_with_trigger.py took 0.114 seconds
[2025-07-13T23:38:36.547+0300] {processor.py:161} INFO - Started process (PID=6452) to work on /home/wal/.pyenv/versions/3.12.0/lib/python3.12/site-packages/airflow/example_dags/example_latest_only_with_trigger.py
[2025-07-13T23:38:36.552+0300] {processor.py:830} INFO - Processing file /home/wal/.pyenv/versions/3.12.0/lib/python3.12/site-packages/airflow/example_dags/example_latest_only_with_trigger.py for tasks to queue
[2025-07-13T23:38:36.555+0300] {logging_mixin.py:188} INFO - [2025-07-13T23:38:36.555+0300] {dagbag.py:545} INFO - Filling up the DagBag from /home/wal/.pyenv/versions/3.12.0/lib/python3.12/site-packages/airflow/example_dags/example_latest_only_with_trigger.py
[2025-07-13T23:38:36.568+0300] {processor.py:840} INFO - DAG(s) 'latest_only_with_trigger' retrieved from /home/wal/.pyenv/versions/3.12.0/lib/python3.12/site-packages/airflow/example_dags/example_latest_only_with_trigger.py
[2025-07-13T23:38:36.591+0300] {logging_mixin.py:188} INFO - [2025-07-13T23:38:36.590+0300] {dag.py:3096} INFO - Sync 1 DAGs
[2025-07-13T23:38:36.620+0300] {logging_mixin.py:188} INFO - [2025-07-13T23:38:36.620+0300] {dag.py:3954} INFO - Setting next_dagrun for latest_only_with_trigger to 2025-07-13 16:00:00+00:00, run_after=2025-07-13 20:00:00+00:00
[2025-07-13T23:38:36.652+0300] {processor.py:183} INFO - Processing /home/wal/.pyenv/versions/3.12.0/lib/python3.12/site-packages/airflow/example_dags/example_latest_only_with_trigger.py took 0.127 seconds
[2025-07-13T23:39:34.025+0300] {processor.py:161} INFO - Started process (PID=6504) to work on /home/wal/.pyenv/versions/3.12.0/lib/python3.12/site-packages/airflow/example_dags/example_latest_only_with_trigger.py
[2025-07-13T23:39:34.033+0300] {processor.py:830} INFO - Processing file /home/wal/.pyenv/versions/3.12.0/lib/python3.12/site-packages/airflow/example_dags/example_latest_only_with_trigger.py for tasks to queue
[2025-07-13T23:39:34.037+0300] {logging_mixin.py:188} INFO - [2025-07-13T23:39:34.036+0300] {dagbag.py:545} INFO - Filling up the DagBag from /home/wal/.pyenv/versions/3.12.0/lib/python3.12/site-packages/airflow/example_dags/example_latest_only_with_trigger.py
[2025-07-13T23:39:34.046+0300] {processor.py:840} INFO - DAG(s) 'latest_only_with_trigger' retrieved from /home/wal/.pyenv/versions/3.12.0/lib/python3.12/site-packages/airflow/example_dags/example_latest_only_with_trigger.py
[2025-07-13T23:39:34.081+0300] {logging_mixin.py:188} INFO - [2025-07-13T23:39:34.079+0300] {dag.py:3096} INFO - Sync 1 DAGs
[2025-07-13T23:39:34.142+0300] {logging_mixin.py:188} INFO - [2025-07-13T23:39:34.141+0300] {dag.py:3954} INFO - Setting next_dagrun for latest_only_with_trigger to 2025-07-13 16:00:00+00:00, run_after=2025-07-13 20:00:00+00:00
[2025-07-13T23:39:34.189+0300] {processor.py:183} INFO - Processing /home/wal/.pyenv/versions/3.12.0/lib/python3.12/site-packages/airflow/example_dags/example_latest_only_with_trigger.py took 0.176 seconds
[2025-07-13T23:40:28.359+0300] {processor.py:161} INFO - Started process (PID=6554) to work on /home/wal/.pyenv/versions/3.12.0/lib/python3.12/site-packages/airflow/example_dags/example_latest_only_with_trigger.py
[2025-07-13T23:40:28.366+0300] {processor.py:830} INFO - Processing file /home/wal/.pyenv/versions/3.12.0/lib/python3.12/site-packages/airflow/example_dags/example_latest_only_with_trigger.py for tasks to queue
[2025-07-13T23:40:28.369+0300] {logging_mixin.py:188} INFO - [2025-07-13T23:40:28.369+0300] {dagbag.py:545} INFO - Filling up the DagBag from /home/wal/.pyenv/versions/3.12.0/lib/python3.12/site-packages/airflow/example_dags/example_latest_only_with_trigger.py
[2025-07-13T23:40:28.376+0300] {processor.py:840} INFO - DAG(s) 'latest_only_with_trigger' retrieved from /home/wal/.pyenv/versions/3.12.0/lib/python3.12/site-packages/airflow/example_dags/example_latest_only_with_trigger.py
[2025-07-13T23:40:28.400+0300] {logging_mixin.py:188} INFO - [2025-07-13T23:40:28.399+0300] {dag.py:3096} INFO - Sync 1 DAGs
[2025-07-13T23:40:28.424+0300] {logging_mixin.py:188} INFO - [2025-07-13T23:40:28.424+0300] {dag.py:3954} INFO - Setting next_dagrun for latest_only_with_trigger to 2025-07-13 16:00:00+00:00, run_after=2025-07-13 20:00:00+00:00
[2025-07-13T23:40:28.456+0300] {processor.py:183} INFO - Processing /home/wal/.pyenv/versions/3.12.0/lib/python3.12/site-packages/airflow/example_dags/example_latest_only_with_trigger.py took 0.110 seconds
[2025-07-13T23:41:20.316+0300] {processor.py:161} INFO - Started process (PID=6604) to work on /home/wal/.pyenv/versions/3.12.0/lib/python3.12/site-packages/airflow/example_dags/example_latest_only_with_trigger.py
[2025-07-13T23:41:20.317+0300] {processor.py:830} INFO - Processing file /home/wal/.pyenv/versions/3.12.0/lib/python3.12/site-packages/airflow/example_dags/example_latest_only_with_trigger.py for tasks to queue
[2025-07-13T23:41:20.322+0300] {logging_mixin.py:188} INFO - [2025-07-13T23:41:20.320+0300] {dagbag.py:545} INFO - Filling up the DagBag from /home/wal/.pyenv/versions/3.12.0/lib/python3.12/site-packages/airflow/example_dags/example_latest_only_with_trigger.py
[2025-07-13T23:41:20.332+0300] {processor.py:840} INFO - DAG(s) 'latest_only_with_trigger' retrieved from /home/wal/.pyenv/versions/3.12.0/lib/python3.12/site-packages/airflow/example_dags/example_latest_only_with_trigger.py
[2025-07-13T23:41:20.359+0300] {logging_mixin.py:188} INFO - [2025-07-13T23:41:20.359+0300] {dag.py:3096} INFO - Sync 1 DAGs
[2025-07-13T23:41:20.386+0300] {logging_mixin.py:188} INFO - [2025-07-13T23:41:20.384+0300] {dag.py:3954} INFO - Setting next_dagrun for latest_only_with_trigger to 2025-07-13 16:00:00+00:00, run_after=2025-07-13 20:00:00+00:00
[2025-07-13T23:41:20.415+0300] {processor.py:183} INFO - Processing /home/wal/.pyenv/versions/3.12.0/lib/python3.12/site-packages/airflow/example_dags/example_latest_only_with_trigger.py took 0.111 seconds
[2025-07-13T23:42:34.580+0300] {processor.py:161} INFO - Started process (PID=6674) to work on /home/wal/.pyenv/versions/3.12.0/lib/python3.12/site-packages/airflow/example_dags/example_latest_only_with_trigger.py
[2025-07-13T23:42:34.583+0300] {processor.py:830} INFO - Processing file /home/wal/.pyenv/versions/3.12.0/lib/python3.12/site-packages/airflow/example_dags/example_latest_only_with_trigger.py for tasks to queue
[2025-07-13T23:42:34.586+0300] {logging_mixin.py:188} INFO - [2025-07-13T23:42:34.585+0300] {dagbag.py:545} INFO - Filling up the DagBag from /home/wal/.pyenv/versions/3.12.0/lib/python3.12/site-packages/airflow/example_dags/example_latest_only_with_trigger.py
[2025-07-13T23:42:34.592+0300] {processor.py:840} INFO - DAG(s) 'latest_only_with_trigger' retrieved from /home/wal/.pyenv/versions/3.12.0/lib/python3.12/site-packages/airflow/example_dags/example_latest_only_with_trigger.py
[2025-07-13T23:42:34.612+0300] {logging_mixin.py:188} INFO - [2025-07-13T23:42:34.612+0300] {dag.py:3096} INFO - Sync 1 DAGs
[2025-07-13T23:42:34.640+0300] {logging_mixin.py:188} INFO - [2025-07-13T23:42:34.639+0300] {dag.py:3954} INFO - Setting next_dagrun for latest_only_with_trigger to 2025-07-13 16:00:00+00:00, run_after=2025-07-13 20:00:00+00:00
[2025-07-13T23:42:34.672+0300] {processor.py:183} INFO - Processing /home/wal/.pyenv/versions/3.12.0/lib/python3.12/site-packages/airflow/example_dags/example_latest_only_with_trigger.py took 0.100 seconds
[2025-07-13T23:43:30.316+0300] {processor.py:161} INFO - Started process (PID=6724) to work on /home/wal/.pyenv/versions/3.12.0/lib/python3.12/site-packages/airflow/example_dags/example_latest_only_with_trigger.py
[2025-07-13T23:43:30.319+0300] {processor.py:830} INFO - Processing file /home/wal/.pyenv/versions/3.12.0/lib/python3.12/site-packages/airflow/example_dags/example_latest_only_with_trigger.py for tasks to queue
[2025-07-13T23:43:30.321+0300] {logging_mixin.py:188} INFO - [2025-07-13T23:43:30.321+0300] {dagbag.py:545} INFO - Filling up the DagBag from /home/wal/.pyenv/versions/3.12.0/lib/python3.12/site-packages/airflow/example_dags/example_latest_only_with_trigger.py
[2025-07-13T23:43:30.332+0300] {processor.py:840} INFO - DAG(s) 'latest_only_with_trigger' retrieved from /home/wal/.pyenv/versions/3.12.0/lib/python3.12/site-packages/airflow/example_dags/example_latest_only_with_trigger.py
[2025-07-13T23:43:30.364+0300] {logging_mixin.py:188} INFO - [2025-07-13T23:43:30.363+0300] {dag.py:3096} INFO - Sync 1 DAGs
[2025-07-13T23:43:30.398+0300] {logging_mixin.py:188} INFO - [2025-07-13T23:43:30.397+0300] {dag.py:3954} INFO - Setting next_dagrun for latest_only_with_trigger to 2025-07-13 16:00:00+00:00, run_after=2025-07-13 20:00:00+00:00
[2025-07-13T23:43:30.427+0300] {processor.py:183} INFO - Processing /home/wal/.pyenv/versions/3.12.0/lib/python3.12/site-packages/airflow/example_dags/example_latest_only_with_trigger.py took 0.125 seconds
[2025-07-13T23:44:26.335+0300] {processor.py:161} INFO - Started process (PID=6774) to work on /home/wal/.pyenv/versions/3.12.0/lib/python3.12/site-packages/airflow/example_dags/example_latest_only_with_trigger.py
[2025-07-13T23:44:26.344+0300] {processor.py:830} INFO - Processing file /home/wal/.pyenv/versions/3.12.0/lib/python3.12/site-packages/airflow/example_dags/example_latest_only_with_trigger.py for tasks to queue
[2025-07-13T23:44:26.346+0300] {logging_mixin.py:188} INFO - [2025-07-13T23:44:26.346+0300] {dagbag.py:545} INFO - Filling up the DagBag from /home/wal/.pyenv/versions/3.12.0/lib/python3.12/site-packages/airflow/example_dags/example_latest_only_with_trigger.py
[2025-07-13T23:44:26.353+0300] {processor.py:840} INFO - DAG(s) 'latest_only_with_trigger' retrieved from /home/wal/.pyenv/versions/3.12.0/lib/python3.12/site-packages/airflow/example_dags/example_latest_only_with_trigger.py
[2025-07-13T23:44:26.378+0300] {logging_mixin.py:188} INFO - [2025-07-13T23:44:26.378+0300] {dag.py:3096} INFO - Sync 1 DAGs
[2025-07-13T23:44:26.409+0300] {logging_mixin.py:188} INFO - [2025-07-13T23:44:26.408+0300] {dag.py:3954} INFO - Setting next_dagrun for latest_only_with_trigger to 2025-07-13 16:00:00+00:00, run_after=2025-07-13 20:00:00+00:00
[2025-07-13T23:44:26.444+0300] {processor.py:183} INFO - Processing /home/wal/.pyenv/versions/3.12.0/lib/python3.12/site-packages/airflow/example_dags/example_latest_only_with_trigger.py took 0.117 seconds
[2025-07-13T23:45:22.363+0300] {processor.py:161} INFO - Started process (PID=6829) to work on /home/wal/.pyenv/versions/3.12.0/lib/python3.12/site-packages/airflow/example_dags/example_latest_only_with_trigger.py
[2025-07-13T23:45:22.371+0300] {processor.py:830} INFO - Processing file /home/wal/.pyenv/versions/3.12.0/lib/python3.12/site-packages/airflow/example_dags/example_latest_only_with_trigger.py for tasks to queue
[2025-07-13T23:45:22.374+0300] {logging_mixin.py:188} INFO - [2025-07-13T23:45:22.373+0300] {dagbag.py:545} INFO - Filling up the DagBag from /home/wal/.pyenv/versions/3.12.0/lib/python3.12/site-packages/airflow/example_dags/example_latest_only_with_trigger.py
[2025-07-13T23:45:22.384+0300] {processor.py:840} INFO - DAG(s) 'latest_only_with_trigger' retrieved from /home/wal/.pyenv/versions/3.12.0/lib/python3.12/site-packages/airflow/example_dags/example_latest_only_with_trigger.py
[2025-07-13T23:45:22.407+0300] {logging_mixin.py:188} INFO - [2025-07-13T23:45:22.407+0300] {dag.py:3096} INFO - Sync 1 DAGs
[2025-07-13T23:45:22.437+0300] {logging_mixin.py:188} INFO - [2025-07-13T23:45:22.437+0300] {dag.py:3954} INFO - Setting next_dagrun for latest_only_with_trigger to 2025-07-13 16:00:00+00:00, run_after=2025-07-13 20:00:00+00:00
[2025-07-13T23:45:22.470+0300] {processor.py:183} INFO - Processing /home/wal/.pyenv/versions/3.12.0/lib/python3.12/site-packages/airflow/example_dags/example_latest_only_with_trigger.py took 0.117 seconds
[2025-07-13T23:46:19.270+0300] {processor.py:161} INFO - Started process (PID=6880) to work on /home/wal/.pyenv/versions/3.12.0/lib/python3.12/site-packages/airflow/example_dags/example_latest_only_with_trigger.py
[2025-07-13T23:46:19.273+0300] {processor.py:830} INFO - Processing file /home/wal/.pyenv/versions/3.12.0/lib/python3.12/site-packages/airflow/example_dags/example_latest_only_with_trigger.py for tasks to queue
[2025-07-13T23:46:19.276+0300] {logging_mixin.py:188} INFO - [2025-07-13T23:46:19.275+0300] {dagbag.py:545} INFO - Filling up the DagBag from /home/wal/.pyenv/versions/3.12.0/lib/python3.12/site-packages/airflow/example_dags/example_latest_only_with_trigger.py
[2025-07-13T23:46:19.287+0300] {processor.py:840} INFO - DAG(s) 'latest_only_with_trigger' retrieved from /home/wal/.pyenv/versions/3.12.0/lib/python3.12/site-packages/airflow/example_dags/example_latest_only_with_trigger.py
[2025-07-13T23:46:19.307+0300] {logging_mixin.py:188} INFO - [2025-07-13T23:46:19.307+0300] {dag.py:3096} INFO - Sync 1 DAGs
[2025-07-13T23:46:19.335+0300] {logging_mixin.py:188} INFO - [2025-07-13T23:46:19.335+0300] {dag.py:3954} INFO - Setting next_dagrun for latest_only_with_trigger to 2025-07-13 16:00:00+00:00, run_after=2025-07-13 20:00:00+00:00
[2025-07-13T23:46:19.371+0300] {processor.py:183} INFO - Processing /home/wal/.pyenv/versions/3.12.0/lib/python3.12/site-packages/airflow/example_dags/example_latest_only_with_trigger.py took 0.121 seconds
[2025-07-13T23:47:15.017+0300] {processor.py:161} INFO - Started process (PID=6931) to work on /home/wal/.pyenv/versions/3.12.0/lib/python3.12/site-packages/airflow/example_dags/example_latest_only_with_trigger.py
[2025-07-13T23:47:15.025+0300] {processor.py:830} INFO - Processing file /home/wal/.pyenv/versions/3.12.0/lib/python3.12/site-packages/airflow/example_dags/example_latest_only_with_trigger.py for tasks to queue
[2025-07-13T23:47:15.028+0300] {logging_mixin.py:188} INFO - [2025-07-13T23:47:15.027+0300] {dagbag.py:545} INFO - Filling up the DagBag from /home/wal/.pyenv/versions/3.12.0/lib/python3.12/site-packages/airflow/example_dags/example_latest_only_with_trigger.py
[2025-07-13T23:47:15.036+0300] {processor.py:840} INFO - DAG(s) 'latest_only_with_trigger' retrieved from /home/wal/.pyenv/versions/3.12.0/lib/python3.12/site-packages/airflow/example_dags/example_latest_only_with_trigger.py
[2025-07-13T23:47:15.060+0300] {logging_mixin.py:188} INFO - [2025-07-13T23:47:15.060+0300] {dag.py:3096} INFO - Sync 1 DAGs
[2025-07-13T23:47:15.091+0300] {logging_mixin.py:188} INFO - [2025-07-13T23:47:15.091+0300] {dag.py:3954} INFO - Setting next_dagrun for latest_only_with_trigger to 2025-07-13 16:00:00+00:00, run_after=2025-07-13 20:00:00+00:00
[2025-07-13T23:47:15.125+0300] {processor.py:183} INFO - Processing /home/wal/.pyenv/versions/3.12.0/lib/python3.12/site-packages/airflow/example_dags/example_latest_only_with_trigger.py took 0.117 seconds
[2025-07-13T23:48:09.073+0300] {processor.py:161} INFO - Started process (PID=6981) to work on /home/wal/.pyenv/versions/3.12.0/lib/python3.12/site-packages/airflow/example_dags/example_latest_only_with_trigger.py
[2025-07-13T23:48:09.079+0300] {processor.py:830} INFO - Processing file /home/wal/.pyenv/versions/3.12.0/lib/python3.12/site-packages/airflow/example_dags/example_latest_only_with_trigger.py for tasks to queue
[2025-07-13T23:48:09.081+0300] {logging_mixin.py:188} INFO - [2025-07-13T23:48:09.080+0300] {dagbag.py:545} INFO - Filling up the DagBag from /home/wal/.pyenv/versions/3.12.0/lib/python3.12/site-packages/airflow/example_dags/example_latest_only_with_trigger.py
[2025-07-13T23:48:09.089+0300] {processor.py:840} INFO - DAG(s) 'latest_only_with_trigger' retrieved from /home/wal/.pyenv/versions/3.12.0/lib/python3.12/site-packages/airflow/example_dags/example_latest_only_with_trigger.py
[2025-07-13T23:48:09.110+0300] {logging_mixin.py:188} INFO - [2025-07-13T23:48:09.109+0300] {dag.py:3096} INFO - Sync 1 DAGs
[2025-07-13T23:48:09.136+0300] {logging_mixin.py:188} INFO - [2025-07-13T23:48:09.136+0300] {dag.py:3954} INFO - Setting next_dagrun for latest_only_with_trigger to 2025-07-13 16:00:00+00:00, run_after=2025-07-13 20:00:00+00:00
[2025-07-13T23:48:09.164+0300] {processor.py:183} INFO - Processing /home/wal/.pyenv/versions/3.12.0/lib/python3.12/site-packages/airflow/example_dags/example_latest_only_with_trigger.py took 0.102 seconds
[2025-07-13T23:49:03.227+0300] {processor.py:161} INFO - Started process (PID=7031) to work on /home/wal/.pyenv/versions/3.12.0/lib/python3.12/site-packages/airflow/example_dags/example_latest_only_with_trigger.py
[2025-07-13T23:49:03.230+0300] {processor.py:830} INFO - Processing file /home/wal/.pyenv/versions/3.12.0/lib/python3.12/site-packages/airflow/example_dags/example_latest_only_with_trigger.py for tasks to queue
[2025-07-13T23:49:03.232+0300] {logging_mixin.py:188} INFO - [2025-07-13T23:49:03.232+0300] {dagbag.py:545} INFO - Filling up the DagBag from /home/wal/.pyenv/versions/3.12.0/lib/python3.12/site-packages/airflow/example_dags/example_latest_only_with_trigger.py
[2025-07-13T23:49:03.239+0300] {processor.py:840} INFO - DAG(s) 'latest_only_with_trigger' retrieved from /home/wal/.pyenv/versions/3.12.0/lib/python3.12/site-packages/airflow/example_dags/example_latest_only_with_trigger.py
[2025-07-13T23:49:03.260+0300] {logging_mixin.py:188} INFO - [2025-07-13T23:49:03.259+0300] {dag.py:3096} INFO - Sync 1 DAGs
[2025-07-13T23:49:03.289+0300] {logging_mixin.py:188} INFO - [2025-07-13T23:49:03.288+0300] {dag.py:3954} INFO - Setting next_dagrun for latest_only_with_trigger to 2025-07-13 16:00:00+00:00, run_after=2025-07-13 20:00:00+00:00
[2025-07-13T23:49:03.321+0300] {processor.py:183} INFO - Processing /home/wal/.pyenv/versions/3.12.0/lib/python3.12/site-packages/airflow/example_dags/example_latest_only_with_trigger.py took 0.102 seconds
[2025-07-13T23:49:57.081+0300] {processor.py:161} INFO - Started process (PID=7081) to work on /home/wal/.pyenv/versions/3.12.0/lib/python3.12/site-packages/airflow/example_dags/example_latest_only_with_trigger.py
[2025-07-13T23:49:57.087+0300] {processor.py:830} INFO - Processing file /home/wal/.pyenv/versions/3.12.0/lib/python3.12/site-packages/airflow/example_dags/example_latest_only_with_trigger.py for tasks to queue
[2025-07-13T23:49:57.091+0300] {logging_mixin.py:188} INFO - [2025-07-13T23:49:57.090+0300] {dagbag.py:545} INFO - Filling up the DagBag from /home/wal/.pyenv/versions/3.12.0/lib/python3.12/site-packages/airflow/example_dags/example_latest_only_with_trigger.py
[2025-07-13T23:49:57.101+0300] {processor.py:840} INFO - DAG(s) 'latest_only_with_trigger' retrieved from /home/wal/.pyenv/versions/3.12.0/lib/python3.12/site-packages/airflow/example_dags/example_latest_only_with_trigger.py
[2025-07-13T23:49:57.125+0300] {logging_mixin.py:188} INFO - [2025-07-13T23:49:57.124+0300] {dag.py:3096} INFO - Sync 1 DAGs
[2025-07-13T23:49:57.147+0300] {logging_mixin.py:188} INFO - [2025-07-13T23:49:57.147+0300] {dag.py:3954} INFO - Setting next_dagrun for latest_only_with_trigger to 2025-07-13 16:00:00+00:00, run_after=2025-07-13 20:00:00+00:00
[2025-07-13T23:49:57.177+0300] {processor.py:183} INFO - Processing /home/wal/.pyenv/versions/3.12.0/lib/python3.12/site-packages/airflow/example_dags/example_latest_only_with_trigger.py took 0.109 seconds
[2025-07-13T23:50:49.105+0300] {processor.py:161} INFO - Started process (PID=7128) to work on /home/wal/.pyenv/versions/3.12.0/lib/python3.12/site-packages/airflow/example_dags/example_latest_only_with_trigger.py
[2025-07-13T23:50:49.112+0300] {processor.py:830} INFO - Processing file /home/wal/.pyenv/versions/3.12.0/lib/python3.12/site-packages/airflow/example_dags/example_latest_only_with_trigger.py for tasks to queue
[2025-07-13T23:50:49.114+0300] {logging_mixin.py:188} INFO - [2025-07-13T23:50:49.114+0300] {dagbag.py:545} INFO - Filling up the DagBag from /home/wal/.pyenv/versions/3.12.0/lib/python3.12/site-packages/airflow/example_dags/example_latest_only_with_trigger.py
[2025-07-13T23:50:49.123+0300] {processor.py:840} INFO - DAG(s) 'latest_only_with_trigger' retrieved from /home/wal/.pyenv/versions/3.12.0/lib/python3.12/site-packages/airflow/example_dags/example_latest_only_with_trigger.py
[2025-07-13T23:50:49.152+0300] {logging_mixin.py:188} INFO - [2025-07-13T23:50:49.152+0300] {dag.py:3096} INFO - Sync 1 DAGs
[2025-07-13T23:50:49.180+0300] {logging_mixin.py:188} INFO - [2025-07-13T23:50:49.180+0300] {dag.py:3954} INFO - Setting next_dagrun for latest_only_with_trigger to 2025-07-13 16:00:00+00:00, run_after=2025-07-13 20:00:00+00:00
[2025-07-13T23:50:49.208+0300] {processor.py:183} INFO - Processing /home/wal/.pyenv/versions/3.12.0/lib/python3.12/site-packages/airflow/example_dags/example_latest_only_with_trigger.py took 0.120 seconds
[2025-07-13T23:51:46.006+0300] {processor.py:161} INFO - Started process (PID=7178) to work on /home/wal/.pyenv/versions/3.12.0/lib/python3.12/site-packages/airflow/example_dags/example_latest_only_with_trigger.py
[2025-07-13T23:51:46.008+0300] {processor.py:830} INFO - Processing file /home/wal/.pyenv/versions/3.12.0/lib/python3.12/site-packages/airflow/example_dags/example_latest_only_with_trigger.py for tasks to queue
[2025-07-13T23:51:46.011+0300] {logging_mixin.py:188} INFO - [2025-07-13T23:51:46.010+0300] {dagbag.py:545} INFO - Filling up the DagBag from /home/wal/.pyenv/versions/3.12.0/lib/python3.12/site-packages/airflow/example_dags/example_latest_only_with_trigger.py
[2025-07-13T23:51:46.019+0300] {processor.py:840} INFO - DAG(s) 'latest_only_with_trigger' retrieved from /home/wal/.pyenv/versions/3.12.0/lib/python3.12/site-packages/airflow/example_dags/example_latest_only_with_trigger.py
[2025-07-13T23:51:46.042+0300] {logging_mixin.py:188} INFO - [2025-07-13T23:51:46.041+0300] {dag.py:3096} INFO - Sync 1 DAGs
[2025-07-13T23:51:46.070+0300] {logging_mixin.py:188} INFO - [2025-07-13T23:51:46.070+0300] {dag.py:3954} INFO - Setting next_dagrun for latest_only_with_trigger to 2025-07-13 16:00:00+00:00, run_after=2025-07-13 20:00:00+00:00
[2025-07-13T23:51:46.119+0300] {processor.py:183} INFO - Processing /home/wal/.pyenv/versions/3.12.0/lib/python3.12/site-packages/airflow/example_dags/example_latest_only_with_trigger.py took 0.120 seconds
[2025-07-13T23:52:47.822+0300] {processor.py:161} INFO - Started process (PID=7234) to work on /home/wal/.pyenv/versions/3.12.0/lib/python3.12/site-packages/airflow/example_dags/example_latest_only_with_trigger.py
[2025-07-13T23:52:47.825+0300] {processor.py:830} INFO - Processing file /home/wal/.pyenv/versions/3.12.0/lib/python3.12/site-packages/airflow/example_dags/example_latest_only_with_trigger.py for tasks to queue
[2025-07-13T23:52:47.829+0300] {logging_mixin.py:188} INFO - [2025-07-13T23:52:47.828+0300] {dagbag.py:545} INFO - Filling up the DagBag from /home/wal/.pyenv/versions/3.12.0/lib/python3.12/site-packages/airflow/example_dags/example_latest_only_with_trigger.py
[2025-07-13T23:52:47.837+0300] {processor.py:840} INFO - DAG(s) 'latest_only_with_trigger' retrieved from /home/wal/.pyenv/versions/3.12.0/lib/python3.12/site-packages/airflow/example_dags/example_latest_only_with_trigger.py
[2025-07-13T23:52:47.866+0300] {logging_mixin.py:188} INFO - [2025-07-13T23:52:47.866+0300] {dag.py:3096} INFO - Sync 1 DAGs
[2025-07-13T23:52:47.904+0300] {logging_mixin.py:188} INFO - [2025-07-13T23:52:47.904+0300] {dag.py:3954} INFO - Setting next_dagrun for latest_only_with_trigger to 2025-07-13 16:00:00+00:00, run_after=2025-07-13 20:00:00+00:00
[2025-07-13T23:52:47.946+0300] {processor.py:183} INFO - Processing /home/wal/.pyenv/versions/3.12.0/lib/python3.12/site-packages/airflow/example_dags/example_latest_only_with_trigger.py took 0.135 seconds
[2025-07-13T23:53:46.314+0300] {processor.py:161} INFO - Started process (PID=7285) to work on /home/wal/.pyenv/versions/3.12.0/lib/python3.12/site-packages/airflow/example_dags/example_latest_only_with_trigger.py
[2025-07-13T23:53:46.322+0300] {processor.py:830} INFO - Processing file /home/wal/.pyenv/versions/3.12.0/lib/python3.12/site-packages/airflow/example_dags/example_latest_only_with_trigger.py for tasks to queue
[2025-07-13T23:53:46.327+0300] {logging_mixin.py:188} INFO - [2025-07-13T23:53:46.325+0300] {dagbag.py:545} INFO - Filling up the DagBag from /home/wal/.pyenv/versions/3.12.0/lib/python3.12/site-packages/airflow/example_dags/example_latest_only_with_trigger.py
[2025-07-13T23:53:46.349+0300] {processor.py:840} INFO - DAG(s) 'latest_only_with_trigger' retrieved from /home/wal/.pyenv/versions/3.12.0/lib/python3.12/site-packages/airflow/example_dags/example_latest_only_with_trigger.py
[2025-07-13T23:53:46.394+0300] {logging_mixin.py:188} INFO - [2025-07-13T23:53:46.393+0300] {dag.py:3096} INFO - Sync 1 DAGs
[2025-07-13T23:53:46.437+0300] {logging_mixin.py:188} INFO - [2025-07-13T23:53:46.437+0300] {dag.py:3954} INFO - Setting next_dagrun for latest_only_with_trigger to 2025-07-13 16:00:00+00:00, run_after=2025-07-13 20:00:00+00:00
[2025-07-13T23:53:46.479+0300] {processor.py:183} INFO - Processing /home/wal/.pyenv/versions/3.12.0/lib/python3.12/site-packages/airflow/example_dags/example_latest_only_with_trigger.py took 0.192 seconds
[2025-07-13T23:54:43.258+0300] {processor.py:161} INFO - Started process (PID=7337) to work on /home/wal/.pyenv/versions/3.12.0/lib/python3.12/site-packages/airflow/example_dags/example_latest_only_with_trigger.py
[2025-07-13T23:54:43.264+0300] {processor.py:830} INFO - Processing file /home/wal/.pyenv/versions/3.12.0/lib/python3.12/site-packages/airflow/example_dags/example_latest_only_with_trigger.py for tasks to queue
[2025-07-13T23:54:43.267+0300] {logging_mixin.py:188} INFO - [2025-07-13T23:54:43.266+0300] {dagbag.py:545} INFO - Filling up the DagBag from /home/wal/.pyenv/versions/3.12.0/lib/python3.12/site-packages/airflow/example_dags/example_latest_only_with_trigger.py
[2025-07-13T23:54:43.276+0300] {processor.py:840} INFO - DAG(s) 'latest_only_with_trigger' retrieved from /home/wal/.pyenv/versions/3.12.0/lib/python3.12/site-packages/airflow/example_dags/example_latest_only_with_trigger.py
[2025-07-13T23:54:43.300+0300] {logging_mixin.py:188} INFO - [2025-07-13T23:54:43.300+0300] {dag.py:3096} INFO - Sync 1 DAGs
[2025-07-13T23:54:43.325+0300] {logging_mixin.py:188} INFO - [2025-07-13T23:54:43.324+0300] {dag.py:3954} INFO - Setting next_dagrun for latest_only_with_trigger to 2025-07-13 16:00:00+00:00, run_after=2025-07-13 20:00:00+00:00
[2025-07-13T23:54:43.354+0300] {processor.py:183} INFO - Processing /home/wal/.pyenv/versions/3.12.0/lib/python3.12/site-packages/airflow/example_dags/example_latest_only_with_trigger.py took 0.105 seconds
[2025-07-13T23:55:38.924+0300] {processor.py:161} INFO - Started process (PID=7390) to work on /home/wal/.pyenv/versions/3.12.0/lib/python3.12/site-packages/airflow/example_dags/example_latest_only_with_trigger.py
[2025-07-13T23:55:38.928+0300] {processor.py:830} INFO - Processing file /home/wal/.pyenv/versions/3.12.0/lib/python3.12/site-packages/airflow/example_dags/example_latest_only_with_trigger.py for tasks to queue
[2025-07-13T23:55:38.931+0300] {logging_mixin.py:188} INFO - [2025-07-13T23:55:38.930+0300] {dagbag.py:545} INFO - Filling up the DagBag from /home/wal/.pyenv/versions/3.12.0/lib/python3.12/site-packages/airflow/example_dags/example_latest_only_with_trigger.py
[2025-07-13T23:55:38.940+0300] {processor.py:840} INFO - DAG(s) 'latest_only_with_trigger' retrieved from /home/wal/.pyenv/versions/3.12.0/lib/python3.12/site-packages/airflow/example_dags/example_latest_only_with_trigger.py
[2025-07-13T23:55:38.965+0300] {logging_mixin.py:188} INFO - [2025-07-13T23:55:38.964+0300] {dag.py:3096} INFO - Sync 1 DAGs
[2025-07-13T23:55:38.996+0300] {logging_mixin.py:188} INFO - [2025-07-13T23:55:38.995+0300] {dag.py:3954} INFO - Setting next_dagrun for latest_only_with_trigger to 2025-07-13 16:00:00+00:00, run_after=2025-07-13 20:00:00+00:00
[2025-07-13T23:55:39.021+0300] {processor.py:183} INFO - Processing /home/wal/.pyenv/versions/3.12.0/lib/python3.12/site-packages/airflow/example_dags/example_latest_only_with_trigger.py took 0.111 seconds
[2025-07-13T23:56:33.776+0300] {processor.py:161} INFO - Started process (PID=7440) to work on /home/wal/.pyenv/versions/3.12.0/lib/python3.12/site-packages/airflow/example_dags/example_latest_only_with_trigger.py
[2025-07-13T23:56:33.779+0300] {processor.py:830} INFO - Processing file /home/wal/.pyenv/versions/3.12.0/lib/python3.12/site-packages/airflow/example_dags/example_latest_only_with_trigger.py for tasks to queue
[2025-07-13T23:56:33.784+0300] {logging_mixin.py:188} INFO - [2025-07-13T23:56:33.783+0300] {dagbag.py:545} INFO - Filling up the DagBag from /home/wal/.pyenv/versions/3.12.0/lib/python3.12/site-packages/airflow/example_dags/example_latest_only_with_trigger.py
[2025-07-13T23:56:33.817+0300] {processor.py:840} INFO - DAG(s) 'latest_only_with_trigger' retrieved from /home/wal/.pyenv/versions/3.12.0/lib/python3.12/site-packages/airflow/example_dags/example_latest_only_with_trigger.py
[2025-07-13T23:56:33.943+0300] {logging_mixin.py:188} INFO - [2025-07-13T23:56:33.942+0300] {dag.py:3096} INFO - Sync 1 DAGs
[2025-07-13T23:56:34.041+0300] {logging_mixin.py:188} INFO - [2025-07-13T23:56:34.040+0300] {dag.py:3954} INFO - Setting next_dagrun for latest_only_with_trigger to 2025-07-13 16:00:00+00:00, run_after=2025-07-13 20:00:00+00:00
[2025-07-13T23:56:34.104+0300] {processor.py:183} INFO - Processing /home/wal/.pyenv/versions/3.12.0/lib/python3.12/site-packages/airflow/example_dags/example_latest_only_with_trigger.py took 0.354 seconds
[2025-07-13T23:57:31.170+0300] {processor.py:161} INFO - Started process (PID=7491) to work on /home/wal/.pyenv/versions/3.12.0/lib/python3.12/site-packages/airflow/example_dags/example_latest_only_with_trigger.py
[2025-07-13T23:57:31.177+0300] {processor.py:830} INFO - Processing file /home/wal/.pyenv/versions/3.12.0/lib/python3.12/site-packages/airflow/example_dags/example_latest_only_with_trigger.py for tasks to queue
[2025-07-13T23:57:31.181+0300] {logging_mixin.py:188} INFO - [2025-07-13T23:57:31.180+0300] {dagbag.py:545} INFO - Filling up the DagBag from /home/wal/.pyenv/versions/3.12.0/lib/python3.12/site-packages/airflow/example_dags/example_latest_only_with_trigger.py
[2025-07-13T23:57:31.189+0300] {processor.py:840} INFO - DAG(s) 'latest_only_with_trigger' retrieved from /home/wal/.pyenv/versions/3.12.0/lib/python3.12/site-packages/airflow/example_dags/example_latest_only_with_trigger.py
[2025-07-13T23:57:31.213+0300] {logging_mixin.py:188} INFO - [2025-07-13T23:57:31.213+0300] {dag.py:3096} INFO - Sync 1 DAGs
[2025-07-13T23:57:31.237+0300] {logging_mixin.py:188} INFO - [2025-07-13T23:57:31.237+0300] {dag.py:3954} INFO - Setting next_dagrun for latest_only_with_trigger to 2025-07-13 16:00:00+00:00, run_after=2025-07-13 20:00:00+00:00
[2025-07-13T23:57:31.269+0300] {processor.py:183} INFO - Processing /home/wal/.pyenv/versions/3.12.0/lib/python3.12/site-packages/airflow/example_dags/example_latest_only_with_trigger.py took 0.120 seconds
[2025-07-13T23:58:26.822+0300] {processor.py:161} INFO - Started process (PID=7543) to work on /home/wal/.pyenv/versions/3.12.0/lib/python3.12/site-packages/airflow/example_dags/example_latest_only_with_trigger.py
[2025-07-13T23:58:26.825+0300] {processor.py:830} INFO - Processing file /home/wal/.pyenv/versions/3.12.0/lib/python3.12/site-packages/airflow/example_dags/example_latest_only_with_trigger.py for tasks to queue
[2025-07-13T23:58:26.829+0300] {logging_mixin.py:188} INFO - [2025-07-13T23:58:26.828+0300] {dagbag.py:545} INFO - Filling up the DagBag from /home/wal/.pyenv/versions/3.12.0/lib/python3.12/site-packages/airflow/example_dags/example_latest_only_with_trigger.py
[2025-07-13T23:58:26.837+0300] {processor.py:840} INFO - DAG(s) 'latest_only_with_trigger' retrieved from /home/wal/.pyenv/versions/3.12.0/lib/python3.12/site-packages/airflow/example_dags/example_latest_only_with_trigger.py
[2025-07-13T23:58:26.869+0300] {logging_mixin.py:188} INFO - [2025-07-13T23:58:26.869+0300] {dag.py:3096} INFO - Sync 1 DAGs
[2025-07-13T23:58:26.905+0300] {logging_mixin.py:188} INFO - [2025-07-13T23:58:26.904+0300] {dag.py:3954} INFO - Setting next_dagrun for latest_only_with_trigger to 2025-07-13 16:00:00+00:00, run_after=2025-07-13 20:00:00+00:00
[2025-07-13T23:58:26.941+0300] {processor.py:183} INFO - Processing /home/wal/.pyenv/versions/3.12.0/lib/python3.12/site-packages/airflow/example_dags/example_latest_only_with_trigger.py took 0.134 seconds
[2025-07-13T23:59:19.763+0300] {processor.py:161} INFO - Started process (PID=7595) to work on /home/wal/.pyenv/versions/3.12.0/lib/python3.12/site-packages/airflow/example_dags/example_latest_only_with_trigger.py
[2025-07-13T23:59:19.765+0300] {processor.py:830} INFO - Processing file /home/wal/.pyenv/versions/3.12.0/lib/python3.12/site-packages/airflow/example_dags/example_latest_only_with_trigger.py for tasks to queue
[2025-07-13T23:59:19.768+0300] {logging_mixin.py:188} INFO - [2025-07-13T23:59:19.767+0300] {dagbag.py:545} INFO - Filling up the DagBag from /home/wal/.pyenv/versions/3.12.0/lib/python3.12/site-packages/airflow/example_dags/example_latest_only_with_trigger.py
[2025-07-13T23:59:19.778+0300] {processor.py:840} INFO - DAG(s) 'latest_only_with_trigger' retrieved from /home/wal/.pyenv/versions/3.12.0/lib/python3.12/site-packages/airflow/example_dags/example_latest_only_with_trigger.py
[2025-07-13T23:59:19.807+0300] {logging_mixin.py:188} INFO - [2025-07-13T23:59:19.807+0300] {dag.py:3096} INFO - Sync 1 DAGs
[2025-07-13T23:59:19.834+0300] {logging_mixin.py:188} INFO - [2025-07-13T23:59:19.834+0300] {dag.py:3954} INFO - Setting next_dagrun for latest_only_with_trigger to 2025-07-13 16:00:00+00:00, run_after=2025-07-13 20:00:00+00:00
[2025-07-13T23:59:19.866+0300] {processor.py:183} INFO - Processing /home/wal/.pyenv/versions/3.12.0/lib/python3.12/site-packages/airflow/example_dags/example_latest_only_with_trigger.py took 0.116 seconds
[2025-07-14T00:00:21.672+0300] {processor.py:161} INFO - Started process (PID=7662) to work on /home/wal/.pyenv/versions/3.12.0/lib/python3.12/site-packages/airflow/example_dags/example_latest_only_with_trigger.py
[2025-07-14T00:00:21.675+0300] {processor.py:830} INFO - Processing file /home/wal/.pyenv/versions/3.12.0/lib/python3.12/site-packages/airflow/example_dags/example_latest_only_with_trigger.py for tasks to queue
[2025-07-14T00:00:21.680+0300] {logging_mixin.py:188} INFO - [2025-07-14T00:00:21.679+0300] {dagbag.py:545} INFO - Filling up the DagBag from /home/wal/.pyenv/versions/3.12.0/lib/python3.12/site-packages/airflow/example_dags/example_latest_only_with_trigger.py
[2025-07-14T00:00:21.695+0300] {processor.py:840} INFO - DAG(s) 'latest_only_with_trigger' retrieved from /home/wal/.pyenv/versions/3.12.0/lib/python3.12/site-packages/airflow/example_dags/example_latest_only_with_trigger.py
[2025-07-14T00:00:21.732+0300] {logging_mixin.py:188} INFO - [2025-07-14T00:00:21.731+0300] {dag.py:3096} INFO - Sync 1 DAGs
[2025-07-14T00:00:21.778+0300] {logging_mixin.py:188} INFO - [2025-07-14T00:00:21.778+0300] {dag.py:3954} INFO - Setting next_dagrun for latest_only_with_trigger to 2025-07-13 16:00:00+00:00, run_after=2025-07-13 20:00:00+00:00
[2025-07-14T00:00:21.851+0300] {processor.py:183} INFO - Processing /home/wal/.pyenv/versions/3.12.0/lib/python3.12/site-packages/airflow/example_dags/example_latest_only_with_trigger.py took 0.194 seconds
[2025-07-14T00:01:17.886+0300] {processor.py:161} INFO - Started process (PID=7714) to work on /home/wal/.pyenv/versions/3.12.0/lib/python3.12/site-packages/airflow/example_dags/example_latest_only_with_trigger.py
[2025-07-14T00:01:17.892+0300] {processor.py:830} INFO - Processing file /home/wal/.pyenv/versions/3.12.0/lib/python3.12/site-packages/airflow/example_dags/example_latest_only_with_trigger.py for tasks to queue
[2025-07-14T00:01:17.894+0300] {logging_mixin.py:188} INFO - [2025-07-14T00:01:17.894+0300] {dagbag.py:545} INFO - Filling up the DagBag from /home/wal/.pyenv/versions/3.12.0/lib/python3.12/site-packages/airflow/example_dags/example_latest_only_with_trigger.py
[2025-07-14T00:01:17.901+0300] {processor.py:840} INFO - DAG(s) 'latest_only_with_trigger' retrieved from /home/wal/.pyenv/versions/3.12.0/lib/python3.12/site-packages/airflow/example_dags/example_latest_only_with_trigger.py
[2025-07-14T00:01:17.922+0300] {logging_mixin.py:188} INFO - [2025-07-14T00:01:17.922+0300] {dag.py:3096} INFO - Sync 1 DAGs
[2025-07-14T00:01:17.951+0300] {logging_mixin.py:188} INFO - [2025-07-14T00:01:17.951+0300] {dag.py:3954} INFO - Setting next_dagrun for latest_only_with_trigger to 2025-07-13 16:00:00+00:00, run_after=2025-07-13 20:00:00+00:00
[2025-07-14T00:01:17.985+0300] {processor.py:183} INFO - Processing /home/wal/.pyenv/versions/3.12.0/lib/python3.12/site-packages/airflow/example_dags/example_latest_only_with_trigger.py took 0.106 seconds
[2025-07-14T00:02:13.842+0300] {processor.py:161} INFO - Started process (PID=7765) to work on /home/wal/.pyenv/versions/3.12.0/lib/python3.12/site-packages/airflow/example_dags/example_latest_only_with_trigger.py
[2025-07-14T00:02:13.849+0300] {processor.py:830} INFO - Processing file /home/wal/.pyenv/versions/3.12.0/lib/python3.12/site-packages/airflow/example_dags/example_latest_only_with_trigger.py for tasks to queue
[2025-07-14T00:02:13.851+0300] {logging_mixin.py:188} INFO - [2025-07-14T00:02:13.851+0300] {dagbag.py:545} INFO - Filling up the DagBag from /home/wal/.pyenv/versions/3.12.0/lib/python3.12/site-packages/airflow/example_dags/example_latest_only_with_trigger.py
[2025-07-14T00:02:13.861+0300] {processor.py:840} INFO - DAG(s) 'latest_only_with_trigger' retrieved from /home/wal/.pyenv/versions/3.12.0/lib/python3.12/site-packages/airflow/example_dags/example_latest_only_with_trigger.py
[2025-07-14T00:02:13.887+0300] {logging_mixin.py:188} INFO - [2025-07-14T00:02:13.887+0300] {dag.py:3096} INFO - Sync 1 DAGs
[2025-07-14T00:02:13.918+0300] {logging_mixin.py:188} INFO - [2025-07-14T00:02:13.918+0300] {dag.py:3954} INFO - Setting next_dagrun for latest_only_with_trigger to 2025-07-13 16:00:00+00:00, run_after=2025-07-13 20:00:00+00:00
[2025-07-14T00:02:13.959+0300] {processor.py:183} INFO - Processing /home/wal/.pyenv/versions/3.12.0/lib/python3.12/site-packages/airflow/example_dags/example_latest_only_with_trigger.py took 0.129 seconds
[2025-07-14T00:03:08.435+0300] {processor.py:161} INFO - Started process (PID=7813) to work on /home/wal/.pyenv/versions/3.12.0/lib/python3.12/site-packages/airflow/example_dags/example_latest_only_with_trigger.py
[2025-07-14T00:03:08.441+0300] {processor.py:830} INFO - Processing file /home/wal/.pyenv/versions/3.12.0/lib/python3.12/site-packages/airflow/example_dags/example_latest_only_with_trigger.py for tasks to queue
[2025-07-14T00:03:08.443+0300] {logging_mixin.py:188} INFO - [2025-07-14T00:03:08.443+0300] {dagbag.py:545} INFO - Filling up the DagBag from /home/wal/.pyenv/versions/3.12.0/lib/python3.12/site-packages/airflow/example_dags/example_latest_only_with_trigger.py
[2025-07-14T00:03:08.452+0300] {processor.py:840} INFO - DAG(s) 'latest_only_with_trigger' retrieved from /home/wal/.pyenv/versions/3.12.0/lib/python3.12/site-packages/airflow/example_dags/example_latest_only_with_trigger.py
[2025-07-14T00:03:08.471+0300] {logging_mixin.py:188} INFO - [2025-07-14T00:03:08.471+0300] {dag.py:3096} INFO - Sync 1 DAGs
[2025-07-14T00:03:08.495+0300] {logging_mixin.py:188} INFO - [2025-07-14T00:03:08.495+0300] {dag.py:3954} INFO - Setting next_dagrun for latest_only_with_trigger to 2025-07-13 16:00:00+00:00, run_after=2025-07-13 20:00:00+00:00
[2025-07-14T00:03:08.524+0300] {processor.py:183} INFO - Processing /home/wal/.pyenv/versions/3.12.0/lib/python3.12/site-packages/airflow/example_dags/example_latest_only_with_trigger.py took 0.100 seconds
[2025-07-14T00:04:02.362+0300] {processor.py:161} INFO - Started process (PID=7864) to work on /home/wal/.pyenv/versions/3.12.0/lib/python3.12/site-packages/airflow/example_dags/example_latest_only_with_trigger.py
[2025-07-14T00:04:02.368+0300] {processor.py:830} INFO - Processing file /home/wal/.pyenv/versions/3.12.0/lib/python3.12/site-packages/airflow/example_dags/example_latest_only_with_trigger.py for tasks to queue
[2025-07-14T00:04:02.371+0300] {logging_mixin.py:188} INFO - [2025-07-14T00:04:02.370+0300] {dagbag.py:545} INFO - Filling up the DagBag from /home/wal/.pyenv/versions/3.12.0/lib/python3.12/site-packages/airflow/example_dags/example_latest_only_with_trigger.py
[2025-07-14T00:04:02.377+0300] {processor.py:840} INFO - DAG(s) 'latest_only_with_trigger' retrieved from /home/wal/.pyenv/versions/3.12.0/lib/python3.12/site-packages/airflow/example_dags/example_latest_only_with_trigger.py
[2025-07-14T00:04:02.402+0300] {logging_mixin.py:188} INFO - [2025-07-14T00:04:02.402+0300] {dag.py:3096} INFO - Sync 1 DAGs
[2025-07-14T00:04:02.430+0300] {logging_mixin.py:188} INFO - [2025-07-14T00:04:02.429+0300] {dag.py:3954} INFO - Setting next_dagrun for latest_only_with_trigger to 2025-07-13 16:00:00+00:00, run_after=2025-07-13 20:00:00+00:00
[2025-07-14T00:04:02.459+0300] {processor.py:183} INFO - Processing /home/wal/.pyenv/versions/3.12.0/lib/python3.12/site-packages/airflow/example_dags/example_latest_only_with_trigger.py took 0.103 seconds
[2025-07-14T00:04:55.317+0300] {processor.py:161} INFO - Started process (PID=7913) to work on /home/wal/.pyenv/versions/3.12.0/lib/python3.12/site-packages/airflow/example_dags/example_latest_only_with_trigger.py
[2025-07-14T00:04:55.319+0300] {processor.py:830} INFO - Processing file /home/wal/.pyenv/versions/3.12.0/lib/python3.12/site-packages/airflow/example_dags/example_latest_only_with_trigger.py for tasks to queue
[2025-07-14T00:04:55.321+0300] {logging_mixin.py:188} INFO - [2025-07-14T00:04:55.321+0300] {dagbag.py:545} INFO - Filling up the DagBag from /home/wal/.pyenv/versions/3.12.0/lib/python3.12/site-packages/airflow/example_dags/example_latest_only_with_trigger.py
[2025-07-14T00:04:55.331+0300] {processor.py:840} INFO - DAG(s) 'latest_only_with_trigger' retrieved from /home/wal/.pyenv/versions/3.12.0/lib/python3.12/site-packages/airflow/example_dags/example_latest_only_with_trigger.py
[2025-07-14T00:04:55.354+0300] {logging_mixin.py:188} INFO - [2025-07-14T00:04:55.354+0300] {dag.py:3096} INFO - Sync 1 DAGs
[2025-07-14T00:04:55.386+0300] {logging_mixin.py:188} INFO - [2025-07-14T00:04:55.385+0300] {dag.py:3954} INFO - Setting next_dagrun for latest_only_with_trigger to 2025-07-13 16:00:00+00:00, run_after=2025-07-13 20:00:00+00:00
[2025-07-14T00:04:55.416+0300] {processor.py:183} INFO - Processing /home/wal/.pyenv/versions/3.12.0/lib/python3.12/site-packages/airflow/example_dags/example_latest_only_with_trigger.py took 0.109 seconds
[2025-07-14T00:05:48.862+0300] {processor.py:161} INFO - Started process (PID=7968) to work on /home/wal/.pyenv/versions/3.12.0/lib/python3.12/site-packages/airflow/example_dags/example_latest_only_with_trigger.py
[2025-07-14T00:05:48.867+0300] {processor.py:830} INFO - Processing file /home/wal/.pyenv/versions/3.12.0/lib/python3.12/site-packages/airflow/example_dags/example_latest_only_with_trigger.py for tasks to queue
[2025-07-14T00:05:48.872+0300] {logging_mixin.py:188} INFO - [2025-07-14T00:05:48.871+0300] {dagbag.py:545} INFO - Filling up the DagBag from /home/wal/.pyenv/versions/3.12.0/lib/python3.12/site-packages/airflow/example_dags/example_latest_only_with_trigger.py
[2025-07-14T00:05:48.896+0300] {processor.py:840} INFO - DAG(s) 'latest_only_with_trigger' retrieved from /home/wal/.pyenv/versions/3.12.0/lib/python3.12/site-packages/airflow/example_dags/example_latest_only_with_trigger.py
[2025-07-14T00:05:48.963+0300] {logging_mixin.py:188} INFO - [2025-07-14T00:05:48.962+0300] {dag.py:3096} INFO - Sync 1 DAGs
[2025-07-14T00:05:49.068+0300] {logging_mixin.py:188} INFO - [2025-07-14T00:05:49.067+0300] {dag.py:3954} INFO - Setting next_dagrun for latest_only_with_trigger to 2025-07-13 16:00:00+00:00, run_after=2025-07-13 20:00:00+00:00
[2025-07-14T00:05:49.163+0300] {processor.py:183} INFO - Processing /home/wal/.pyenv/versions/3.12.0/lib/python3.12/site-packages/airflow/example_dags/example_latest_only_with_trigger.py took 0.327 seconds
[2025-07-14T00:06:42.774+0300] {processor.py:161} INFO - Started process (PID=8018) to work on /home/wal/.pyenv/versions/3.12.0/lib/python3.12/site-packages/airflow/example_dags/example_latest_only_with_trigger.py
[2025-07-14T00:06:42.780+0300] {processor.py:830} INFO - Processing file /home/wal/.pyenv/versions/3.12.0/lib/python3.12/site-packages/airflow/example_dags/example_latest_only_with_trigger.py for tasks to queue
[2025-07-14T00:06:42.782+0300] {logging_mixin.py:188} INFO - [2025-07-14T00:06:42.782+0300] {dagbag.py:545} INFO - Filling up the DagBag from /home/wal/.pyenv/versions/3.12.0/lib/python3.12/site-packages/airflow/example_dags/example_latest_only_with_trigger.py
[2025-07-14T00:06:42.791+0300] {processor.py:840} INFO - DAG(s) 'latest_only_with_trigger' retrieved from /home/wal/.pyenv/versions/3.12.0/lib/python3.12/site-packages/airflow/example_dags/example_latest_only_with_trigger.py
[2025-07-14T00:06:42.811+0300] {logging_mixin.py:188} INFO - [2025-07-14T00:06:42.811+0300] {dag.py:3096} INFO - Sync 1 DAGs
[2025-07-14T00:06:42.837+0300] {logging_mixin.py:188} INFO - [2025-07-14T00:06:42.836+0300] {dag.py:3954} INFO - Setting next_dagrun for latest_only_with_trigger to 2025-07-13 16:00:00+00:00, run_after=2025-07-13 20:00:00+00:00
[2025-07-14T00:06:42.862+0300] {processor.py:183} INFO - Processing /home/wal/.pyenv/versions/3.12.0/lib/python3.12/site-packages/airflow/example_dags/example_latest_only_with_trigger.py took 0.097 seconds
[2025-07-14T00:08:05.838+0300] {processor.py:161} INFO - Started process (PID=8088) to work on /home/wal/.pyenv/versions/3.12.0/lib/python3.12/site-packages/airflow/example_dags/example_latest_only_with_trigger.py
[2025-07-14T00:08:05.839+0300] {processor.py:830} INFO - Processing file /home/wal/.pyenv/versions/3.12.0/lib/python3.12/site-packages/airflow/example_dags/example_latest_only_with_trigger.py for tasks to queue
[2025-07-14T00:08:05.841+0300] {logging_mixin.py:188} INFO - [2025-07-14T00:08:05.841+0300] {dagbag.py:545} INFO - Filling up the DagBag from /home/wal/.pyenv/versions/3.12.0/lib/python3.12/site-packages/airflow/example_dags/example_latest_only_with_trigger.py
[2025-07-14T00:08:05.849+0300] {processor.py:840} INFO - DAG(s) 'latest_only_with_trigger' retrieved from /home/wal/.pyenv/versions/3.12.0/lib/python3.12/site-packages/airflow/example_dags/example_latest_only_with_trigger.py
[2025-07-14T00:08:05.875+0300] {logging_mixin.py:188} INFO - [2025-07-14T00:08:05.875+0300] {dag.py:3096} INFO - Sync 1 DAGs
[2025-07-14T00:08:05.912+0300] {logging_mixin.py:188} INFO - [2025-07-14T00:08:05.911+0300] {dag.py:3954} INFO - Setting next_dagrun for latest_only_with_trigger to 2025-07-13 16:00:00+00:00, run_after=2025-07-13 20:00:00+00:00
[2025-07-14T00:08:05.952+0300] {processor.py:183} INFO - Processing /home/wal/.pyenv/versions/3.12.0/lib/python3.12/site-packages/airflow/example_dags/example_latest_only_with_trigger.py took 0.124 seconds
