[2025-07-13T22:56:02.277+0300] {processor.py:161} INFO - Started process (PID=3967) to work on /home/wal/.pyenv/versions/3.12.0/lib/python3.12/site-packages/airflow/example_dags/example_params_ui_tutorial.py
[2025-07-13T22:56:02.278+0300] {processor.py:830} INFO - Processing file /home/wal/.pyenv/versions/3.12.0/lib/python3.12/site-packages/airflow/example_dags/example_params_ui_tutorial.py for tasks to queue
[2025-07-13T22:56:02.280+0300] {logging_mixin.py:188} INFO - [2025-07-13T22:56:02.279+0300] {dagbag.py:545} INFO - Filling up the DagBag from /home/wal/.pyenv/versions/3.12.0/lib/python3.12/site-packages/airflow/example_dags/example_params_ui_tutorial.py
[2025-07-13T22:56:02.296+0300] {processor.py:840} INFO - DAG(s) 'example_params_ui_tutorial' retrieved from /home/wal/.pyenv/versions/3.12.0/lib/python3.12/site-packages/airflow/example_dags/example_params_ui_tutorial.py
[2025-07-13T22:56:02.480+0300] {logging_mixin.py:188} INFO - [2025-07-13T22:56:02.479+0300] {dag.py:3096} INFO - Sync 1 DAGs
[2025-07-13T22:56:02.496+0300] {logging_mixin.py:188} INFO - [2025-07-13T22:56:02.495+0300] {dag.py:3954} INFO - Setting next_dagrun for example_params_ui_tutorial to None, run_after=None
[2025-07-13T22:56:02.531+0300] {processor.py:183} INFO - Processing /home/wal/.pyenv/versions/3.12.0/lib/python3.12/site-packages/airflow/example_dags/example_params_ui_tutorial.py took 0.262 seconds
[2025-07-13T22:56:59.877+0300] {processor.py:161} INFO - Started process (PID=4156) to work on /home/wal/.pyenv/versions/3.12.0/lib/python3.12/site-packages/airflow/example_dags/example_params_ui_tutorial.py
[2025-07-13T22:56:59.879+0300] {processor.py:830} INFO - Processing file /home/wal/.pyenv/versions/3.12.0/lib/python3.12/site-packages/airflow/example_dags/example_params_ui_tutorial.py for tasks to queue
[2025-07-13T22:56:59.881+0300] {logging_mixin.py:188} INFO - [2025-07-13T22:56:59.881+0300] {dagbag.py:545} INFO - Filling up the DagBag from /home/wal/.pyenv/versions/3.12.0/lib/python3.12/site-packages/airflow/example_dags/example_params_ui_tutorial.py
[2025-07-13T22:56:59.899+0300] {processor.py:840} INFO - DAG(s) 'example_params_ui_tutorial' retrieved from /home/wal/.pyenv/versions/3.12.0/lib/python3.12/site-packages/airflow/example_dags/example_params_ui_tutorial.py
[2025-07-13T22:56:59.967+0300] {logging_mixin.py:188} INFO - [2025-07-13T22:56:59.967+0300] {dag.py:3096} INFO - Sync 1 DAGs
[2025-07-13T22:56:59.992+0300] {logging_mixin.py:188} INFO - [2025-07-13T22:56:59.991+0300] {dag.py:3954} INFO - Setting next_dagrun for example_params_ui_tutorial to None, run_after=None
[2025-07-13T22:57:00.031+0300] {processor.py:183} INFO - Processing /home/wal/.pyenv/versions/3.12.0/lib/python3.12/site-packages/airflow/example_dags/example_params_ui_tutorial.py took 0.163 seconds
[2025-07-13T22:57:57.552+0300] {processor.py:161} INFO - Started process (PID=4263) to work on /home/wal/.pyenv/versions/3.12.0/lib/python3.12/site-packages/airflow/example_dags/example_params_ui_tutorial.py
[2025-07-13T22:57:57.555+0300] {processor.py:830} INFO - Processing file /home/wal/.pyenv/versions/3.12.0/lib/python3.12/site-packages/airflow/example_dags/example_params_ui_tutorial.py for tasks to queue
[2025-07-13T22:57:57.563+0300] {logging_mixin.py:188} INFO - [2025-07-13T22:57:57.562+0300] {dagbag.py:545} INFO - Filling up the DagBag from /home/wal/.pyenv/versions/3.12.0/lib/python3.12/site-packages/airflow/example_dags/example_params_ui_tutorial.py
[2025-07-13T22:57:57.596+0300] {processor.py:840} INFO - DAG(s) 'example_params_ui_tutorial' retrieved from /home/wal/.pyenv/versions/3.12.0/lib/python3.12/site-packages/airflow/example_dags/example_params_ui_tutorial.py
[2025-07-13T22:57:57.679+0300] {logging_mixin.py:188} INFO - [2025-07-13T22:57:57.678+0300] {dag.py:3096} INFO - Sync 1 DAGs
[2025-07-13T22:57:57.698+0300] {logging_mixin.py:188} INFO - [2025-07-13T22:57:57.697+0300] {dag.py:3954} INFO - Setting next_dagrun for example_params_ui_tutorial to None, run_after=None
[2025-07-13T22:57:57.727+0300] {processor.py:183} INFO - Processing /home/wal/.pyenv/versions/3.12.0/lib/python3.12/site-packages/airflow/example_dags/example_params_ui_tutorial.py took 0.194 seconds
[2025-07-13T22:58:51.545+0300] {processor.py:161} INFO - Started process (PID=4357) to work on /home/wal/.pyenv/versions/3.12.0/lib/python3.12/site-packages/airflow/example_dags/example_params_ui_tutorial.py
[2025-07-13T22:58:51.547+0300] {processor.py:830} INFO - Processing file /home/wal/.pyenv/versions/3.12.0/lib/python3.12/site-packages/airflow/example_dags/example_params_ui_tutorial.py for tasks to queue
[2025-07-13T22:58:51.549+0300] {logging_mixin.py:188} INFO - [2025-07-13T22:58:51.549+0300] {dagbag.py:545} INFO - Filling up the DagBag from /home/wal/.pyenv/versions/3.12.0/lib/python3.12/site-packages/airflow/example_dags/example_params_ui_tutorial.py
[2025-07-13T22:58:51.572+0300] {processor.py:840} INFO - DAG(s) 'example_params_ui_tutorial' retrieved from /home/wal/.pyenv/versions/3.12.0/lib/python3.12/site-packages/airflow/example_dags/example_params_ui_tutorial.py
[2025-07-13T22:58:51.642+0300] {logging_mixin.py:188} INFO - [2025-07-13T22:58:51.641+0300] {dag.py:3096} INFO - Sync 1 DAGs
[2025-07-13T22:58:51.661+0300] {logging_mixin.py:188} INFO - [2025-07-13T22:58:51.660+0300] {dag.py:3954} INFO - Setting next_dagrun for example_params_ui_tutorial to None, run_after=None
[2025-07-13T22:58:51.687+0300] {processor.py:183} INFO - Processing /home/wal/.pyenv/versions/3.12.0/lib/python3.12/site-packages/airflow/example_dags/example_params_ui_tutorial.py took 0.151 seconds
[2025-07-13T22:59:38.386+0300] {processor.py:161} INFO - Started process (PID=4519) to work on /home/wal/.pyenv/versions/3.12.0/lib/python3.12/site-packages/airflow/example_dags/example_params_ui_tutorial.py
[2025-07-13T22:59:38.389+0300] {processor.py:830} INFO - Processing file /home/wal/.pyenv/versions/3.12.0/lib/python3.12/site-packages/airflow/example_dags/example_params_ui_tutorial.py for tasks to queue
[2025-07-13T22:59:38.392+0300] {logging_mixin.py:188} INFO - [2025-07-13T22:59:38.391+0300] {dagbag.py:545} INFO - Filling up the DagBag from /home/wal/.pyenv/versions/3.12.0/lib/python3.12/site-packages/airflow/example_dags/example_params_ui_tutorial.py
[2025-07-13T22:59:38.413+0300] {processor.py:840} INFO - DAG(s) 'example_params_ui_tutorial' retrieved from /home/wal/.pyenv/versions/3.12.0/lib/python3.12/site-packages/airflow/example_dags/example_params_ui_tutorial.py
[2025-07-13T22:59:38.579+0300] {logging_mixin.py:188} INFO - [2025-07-13T22:59:38.578+0300] {dag.py:3096} INFO - Sync 1 DAGs
[2025-07-13T22:59:38.589+0300] {logging_mixin.py:188} INFO - [2025-07-13T22:59:38.589+0300] {dag.py:3954} INFO - Setting next_dagrun for example_params_ui_tutorial to None, run_after=None
[2025-07-13T22:59:38.616+0300] {processor.py:183} INFO - Processing /home/wal/.pyenv/versions/3.12.0/lib/python3.12/site-packages/airflow/example_dags/example_params_ui_tutorial.py took 0.239 seconds
[2025-07-13T23:00:51.080+0300] {processor.py:161} INFO - Started process (PID=4580) to work on /home/wal/.pyenv/versions/3.12.0/lib/python3.12/site-packages/airflow/example_dags/example_params_ui_tutorial.py
[2025-07-13T23:00:51.097+0300] {processor.py:830} INFO - Processing file /home/wal/.pyenv/versions/3.12.0/lib/python3.12/site-packages/airflow/example_dags/example_params_ui_tutorial.py for tasks to queue
[2025-07-13T23:00:51.105+0300] {logging_mixin.py:188} INFO - [2025-07-13T23:00:51.103+0300] {dagbag.py:545} INFO - Filling up the DagBag from /home/wal/.pyenv/versions/3.12.0/lib/python3.12/site-packages/airflow/example_dags/example_params_ui_tutorial.py
[2025-07-13T23:00:51.182+0300] {processor.py:840} INFO - DAG(s) 'example_params_ui_tutorial' retrieved from /home/wal/.pyenv/versions/3.12.0/lib/python3.12/site-packages/airflow/example_dags/example_params_ui_tutorial.py
[2025-07-13T23:00:51.364+0300] {logging_mixin.py:188} INFO - [2025-07-13T23:00:51.363+0300] {dag.py:3096} INFO - Sync 1 DAGs
[2025-07-13T23:00:51.442+0300] {logging_mixin.py:188} INFO - [2025-07-13T23:00:51.439+0300] {dag.py:3954} INFO - Setting next_dagrun for example_params_ui_tutorial to None, run_after=None
[2025-07-13T23:00:51.531+0300] {processor.py:183} INFO - Processing /home/wal/.pyenv/versions/3.12.0/lib/python3.12/site-packages/airflow/example_dags/example_params_ui_tutorial.py took 0.470 seconds
[2025-07-13T23:02:33.904+0300] {processor.py:161} INFO - Started process (PID=4644) to work on /home/wal/.pyenv/versions/3.12.0/lib/python3.12/site-packages/airflow/example_dags/example_params_ui_tutorial.py
[2025-07-13T23:02:33.919+0300] {processor.py:830} INFO - Processing file /home/wal/.pyenv/versions/3.12.0/lib/python3.12/site-packages/airflow/example_dags/example_params_ui_tutorial.py for tasks to queue
[2025-07-13T23:02:33.947+0300] {logging_mixin.py:188} INFO - [2025-07-13T23:02:33.945+0300] {dagbag.py:545} INFO - Filling up the DagBag from /home/wal/.pyenv/versions/3.12.0/lib/python3.12/site-packages/airflow/example_dags/example_params_ui_tutorial.py
[2025-07-13T23:02:34.136+0300] {processor.py:840} INFO - DAG(s) 'example_params_ui_tutorial' retrieved from /home/wal/.pyenv/versions/3.12.0/lib/python3.12/site-packages/airflow/example_dags/example_params_ui_tutorial.py
[2025-07-13T23:02:34.863+0300] {logging_mixin.py:188} INFO - [2025-07-13T23:02:34.862+0300] {dag.py:3096} INFO - Sync 1 DAGs
[2025-07-13T23:02:35.048+0300] {logging_mixin.py:188} INFO - [2025-07-13T23:02:35.047+0300] {dag.py:3954} INFO - Setting next_dagrun for example_params_ui_tutorial to None, run_after=None
[2025-07-13T23:02:35.256+0300] {processor.py:183} INFO - Processing /home/wal/.pyenv/versions/3.12.0/lib/python3.12/site-packages/airflow/example_dags/example_params_ui_tutorial.py took 1.418 seconds
[2025-07-13T23:04:01.743+0300] {processor.py:161} INFO - Started process (PID=4711) to work on /home/wal/.pyenv/versions/3.12.0/lib/python3.12/site-packages/airflow/example_dags/example_params_ui_tutorial.py
[2025-07-13T23:04:01.747+0300] {processor.py:830} INFO - Processing file /home/wal/.pyenv/versions/3.12.0/lib/python3.12/site-packages/airflow/example_dags/example_params_ui_tutorial.py for tasks to queue
[2025-07-13T23:04:01.750+0300] {logging_mixin.py:188} INFO - [2025-07-13T23:04:01.749+0300] {dagbag.py:545} INFO - Filling up the DagBag from /home/wal/.pyenv/versions/3.12.0/lib/python3.12/site-packages/airflow/example_dags/example_params_ui_tutorial.py
[2025-07-13T23:04:01.785+0300] {processor.py:840} INFO - DAG(s) 'example_params_ui_tutorial' retrieved from /home/wal/.pyenv/versions/3.12.0/lib/python3.12/site-packages/airflow/example_dags/example_params_ui_tutorial.py
[2025-07-13T23:04:02.036+0300] {logging_mixin.py:188} INFO - [2025-07-13T23:04:02.035+0300] {dag.py:3096} INFO - Sync 1 DAGs
[2025-07-13T23:04:02.097+0300] {logging_mixin.py:188} INFO - [2025-07-13T23:04:02.096+0300] {dag.py:3954} INFO - Setting next_dagrun for example_params_ui_tutorial to None, run_after=None
[2025-07-13T23:04:02.219+0300] {processor.py:183} INFO - Processing /home/wal/.pyenv/versions/3.12.0/lib/python3.12/site-packages/airflow/example_dags/example_params_ui_tutorial.py took 0.493 seconds
[2025-07-13T23:05:14.409+0300] {processor.py:161} INFO - Started process (PID=4775) to work on /home/wal/.pyenv/versions/3.12.0/lib/python3.12/site-packages/airflow/example_dags/example_params_ui_tutorial.py
[2025-07-13T23:05:14.428+0300] {processor.py:830} INFO - Processing file /home/wal/.pyenv/versions/3.12.0/lib/python3.12/site-packages/airflow/example_dags/example_params_ui_tutorial.py for tasks to queue
[2025-07-13T23:05:14.440+0300] {logging_mixin.py:188} INFO - [2025-07-13T23:05:14.439+0300] {dagbag.py:545} INFO - Filling up the DagBag from /home/wal/.pyenv/versions/3.12.0/lib/python3.12/site-packages/airflow/example_dags/example_params_ui_tutorial.py
[2025-07-13T23:05:14.559+0300] {processor.py:840} INFO - DAG(s) 'example_params_ui_tutorial' retrieved from /home/wal/.pyenv/versions/3.12.0/lib/python3.12/site-packages/airflow/example_dags/example_params_ui_tutorial.py
[2025-07-13T23:05:15.979+0300] {logging_mixin.py:188} INFO - [2025-07-13T23:05:15.978+0300] {dag.py:3096} INFO - Sync 1 DAGs
[2025-07-13T23:05:16.160+0300] {logging_mixin.py:188} INFO - [2025-07-13T23:05:16.159+0300] {dag.py:3954} INFO - Setting next_dagrun for example_params_ui_tutorial to None, run_after=None
[2025-07-13T23:05:16.407+0300] {processor.py:183} INFO - Processing /home/wal/.pyenv/versions/3.12.0/lib/python3.12/site-packages/airflow/example_dags/example_params_ui_tutorial.py took 1.138 seconds
[2025-07-13T23:06:54.959+0300] {processor.py:161} INFO - Started process (PID=4842) to work on /home/wal/.pyenv/versions/3.12.0/lib/python3.12/site-packages/airflow/example_dags/example_params_ui_tutorial.py
[2025-07-13T23:06:54.962+0300] {processor.py:830} INFO - Processing file /home/wal/.pyenv/versions/3.12.0/lib/python3.12/site-packages/airflow/example_dags/example_params_ui_tutorial.py for tasks to queue
[2025-07-13T23:06:54.970+0300] {logging_mixin.py:188} INFO - [2025-07-13T23:06:54.969+0300] {dagbag.py:545} INFO - Filling up the DagBag from /home/wal/.pyenv/versions/3.12.0/lib/python3.12/site-packages/airflow/example_dags/example_params_ui_tutorial.py
[2025-07-13T23:06:55.052+0300] {processor.py:840} INFO - DAG(s) 'example_params_ui_tutorial' retrieved from /home/wal/.pyenv/versions/3.12.0/lib/python3.12/site-packages/airflow/example_dags/example_params_ui_tutorial.py
[2025-07-13T23:06:55.608+0300] {logging_mixin.py:188} INFO - [2025-07-13T23:06:55.607+0300] {dag.py:3096} INFO - Sync 1 DAGs
[2025-07-13T23:06:55.722+0300] {logging_mixin.py:188} INFO - [2025-07-13T23:06:55.721+0300] {dag.py:3954} INFO - Setting next_dagrun for example_params_ui_tutorial to None, run_after=None
[2025-07-13T23:06:55.875+0300] {processor.py:183} INFO - Processing /home/wal/.pyenv/versions/3.12.0/lib/python3.12/site-packages/airflow/example_dags/example_params_ui_tutorial.py took 0.944 seconds
[2025-07-13T23:08:05.418+0300] {processor.py:161} INFO - Started process (PID=4900) to work on /home/wal/.pyenv/versions/3.12.0/lib/python3.12/site-packages/airflow/example_dags/example_params_ui_tutorial.py
[2025-07-13T23:08:05.420+0300] {processor.py:830} INFO - Processing file /home/wal/.pyenv/versions/3.12.0/lib/python3.12/site-packages/airflow/example_dags/example_params_ui_tutorial.py for tasks to queue
[2025-07-13T23:08:05.424+0300] {logging_mixin.py:188} INFO - [2025-07-13T23:08:05.424+0300] {dagbag.py:545} INFO - Filling up the DagBag from /home/wal/.pyenv/versions/3.12.0/lib/python3.12/site-packages/airflow/example_dags/example_params_ui_tutorial.py
[2025-07-13T23:08:05.456+0300] {processor.py:840} INFO - DAG(s) 'example_params_ui_tutorial' retrieved from /home/wal/.pyenv/versions/3.12.0/lib/python3.12/site-packages/airflow/example_dags/example_params_ui_tutorial.py
[2025-07-13T23:08:05.581+0300] {logging_mixin.py:188} INFO - [2025-07-13T23:08:05.581+0300] {dag.py:3096} INFO - Sync 1 DAGs
[2025-07-13T23:08:05.606+0300] {logging_mixin.py:188} INFO - [2025-07-13T23:08:05.605+0300] {dag.py:3954} INFO - Setting next_dagrun for example_params_ui_tutorial to None, run_after=None
[2025-07-13T23:08:05.656+0300] {processor.py:183} INFO - Processing /home/wal/.pyenv/versions/3.12.0/lib/python3.12/site-packages/airflow/example_dags/example_params_ui_tutorial.py took 0.248 seconds
[2025-07-13T23:09:07.143+0300] {processor.py:161} INFO - Started process (PID=4953) to work on /home/wal/.pyenv/versions/3.12.0/lib/python3.12/site-packages/airflow/example_dags/example_params_ui_tutorial.py
[2025-07-13T23:09:07.145+0300] {processor.py:830} INFO - Processing file /home/wal/.pyenv/versions/3.12.0/lib/python3.12/site-packages/airflow/example_dags/example_params_ui_tutorial.py for tasks to queue
[2025-07-13T23:09:07.148+0300] {logging_mixin.py:188} INFO - [2025-07-13T23:09:07.147+0300] {dagbag.py:545} INFO - Filling up the DagBag from /home/wal/.pyenv/versions/3.12.0/lib/python3.12/site-packages/airflow/example_dags/example_params_ui_tutorial.py
[2025-07-13T23:09:07.173+0300] {processor.py:840} INFO - DAG(s) 'example_params_ui_tutorial' retrieved from /home/wal/.pyenv/versions/3.12.0/lib/python3.12/site-packages/airflow/example_dags/example_params_ui_tutorial.py
[2025-07-13T23:09:07.259+0300] {logging_mixin.py:188} INFO - [2025-07-13T23:09:07.259+0300] {dag.py:3096} INFO - Sync 1 DAGs
[2025-07-13T23:09:07.283+0300] {logging_mixin.py:188} INFO - [2025-07-13T23:09:07.283+0300] {dag.py:3954} INFO - Setting next_dagrun for example_params_ui_tutorial to None, run_after=None
[2025-07-13T23:09:07.325+0300] {processor.py:183} INFO - Processing /home/wal/.pyenv/versions/3.12.0/lib/python3.12/site-packages/airflow/example_dags/example_params_ui_tutorial.py took 0.196 seconds
[2025-07-13T23:10:16.800+0300] {processor.py:161} INFO - Started process (PID=5010) to work on /home/wal/.pyenv/versions/3.12.0/lib/python3.12/site-packages/airflow/example_dags/example_params_ui_tutorial.py
[2025-07-13T23:10:16.807+0300] {processor.py:830} INFO - Processing file /home/wal/.pyenv/versions/3.12.0/lib/python3.12/site-packages/airflow/example_dags/example_params_ui_tutorial.py for tasks to queue
[2025-07-13T23:10:16.809+0300] {logging_mixin.py:188} INFO - [2025-07-13T23:10:16.809+0300] {dagbag.py:545} INFO - Filling up the DagBag from /home/wal/.pyenv/versions/3.12.0/lib/python3.12/site-packages/airflow/example_dags/example_params_ui_tutorial.py
[2025-07-13T23:10:16.831+0300] {processor.py:840} INFO - DAG(s) 'example_params_ui_tutorial' retrieved from /home/wal/.pyenv/versions/3.12.0/lib/python3.12/site-packages/airflow/example_dags/example_params_ui_tutorial.py
[2025-07-13T23:10:16.920+0300] {logging_mixin.py:188} INFO - [2025-07-13T23:10:16.920+0300] {dag.py:3096} INFO - Sync 1 DAGs
[2025-07-13T23:10:16.945+0300] {logging_mixin.py:188} INFO - [2025-07-13T23:10:16.945+0300] {dag.py:3954} INFO - Setting next_dagrun for example_params_ui_tutorial to None, run_after=None
[2025-07-13T23:10:16.984+0300] {processor.py:183} INFO - Processing /home/wal/.pyenv/versions/3.12.0/lib/python3.12/site-packages/airflow/example_dags/example_params_ui_tutorial.py took 0.194 seconds
[2025-07-13T23:11:13.565+0300] {processor.py:161} INFO - Started process (PID=5062) to work on /home/wal/.pyenv/versions/3.12.0/lib/python3.12/site-packages/airflow/example_dags/example_params_ui_tutorial.py
[2025-07-13T23:11:13.573+0300] {processor.py:830} INFO - Processing file /home/wal/.pyenv/versions/3.12.0/lib/python3.12/site-packages/airflow/example_dags/example_params_ui_tutorial.py for tasks to queue
[2025-07-13T23:11:13.625+0300] {logging_mixin.py:188} INFO - [2025-07-13T23:11:13.608+0300] {dagbag.py:545} INFO - Filling up the DagBag from /home/wal/.pyenv/versions/3.12.0/lib/python3.12/site-packages/airflow/example_dags/example_params_ui_tutorial.py
[2025-07-13T23:11:13.707+0300] {processor.py:840} INFO - DAG(s) 'example_params_ui_tutorial' retrieved from /home/wal/.pyenv/versions/3.12.0/lib/python3.12/site-packages/airflow/example_dags/example_params_ui_tutorial.py
[2025-07-13T23:11:14.142+0300] {logging_mixin.py:188} INFO - [2025-07-13T23:11:14.142+0300] {dag.py:3096} INFO - Sync 1 DAGs
[2025-07-13T23:11:14.189+0300] {logging_mixin.py:188} INFO - [2025-07-13T23:11:14.188+0300] {dag.py:3954} INFO - Setting next_dagrun for example_params_ui_tutorial to None, run_after=None
[2025-07-13T23:11:14.290+0300] {processor.py:183} INFO - Processing /home/wal/.pyenv/versions/3.12.0/lib/python3.12/site-packages/airflow/example_dags/example_params_ui_tutorial.py took 0.784 seconds
[2025-07-13T23:12:05.716+0300] {processor.py:161} INFO - Started process (PID=5112) to work on /home/wal/.pyenv/versions/3.12.0/lib/python3.12/site-packages/airflow/example_dags/example_params_ui_tutorial.py
[2025-07-13T23:12:05.719+0300] {processor.py:830} INFO - Processing file /home/wal/.pyenv/versions/3.12.0/lib/python3.12/site-packages/airflow/example_dags/example_params_ui_tutorial.py for tasks to queue
[2025-07-13T23:12:05.724+0300] {logging_mixin.py:188} INFO - [2025-07-13T23:12:05.723+0300] {dagbag.py:545} INFO - Filling up the DagBag from /home/wal/.pyenv/versions/3.12.0/lib/python3.12/site-packages/airflow/example_dags/example_params_ui_tutorial.py
[2025-07-13T23:12:05.753+0300] {processor.py:840} INFO - DAG(s) 'example_params_ui_tutorial' retrieved from /home/wal/.pyenv/versions/3.12.0/lib/python3.12/site-packages/airflow/example_dags/example_params_ui_tutorial.py
[2025-07-13T23:12:05.850+0300] {logging_mixin.py:188} INFO - [2025-07-13T23:12:05.849+0300] {dag.py:3096} INFO - Sync 1 DAGs
[2025-07-13T23:12:05.878+0300] {logging_mixin.py:188} INFO - [2025-07-13T23:12:05.877+0300] {dag.py:3954} INFO - Setting next_dagrun for example_params_ui_tutorial to None, run_after=None
[2025-07-13T23:12:05.929+0300] {processor.py:183} INFO - Processing /home/wal/.pyenv/versions/3.12.0/lib/python3.12/site-packages/airflow/example_dags/example_params_ui_tutorial.py took 0.227 seconds
[2025-07-13T23:13:14.903+0300] {processor.py:161} INFO - Started process (PID=5174) to work on /home/wal/.pyenv/versions/3.12.0/lib/python3.12/site-packages/airflow/example_dags/example_params_ui_tutorial.py
[2025-07-13T23:13:14.905+0300] {processor.py:830} INFO - Processing file /home/wal/.pyenv/versions/3.12.0/lib/python3.12/site-packages/airflow/example_dags/example_params_ui_tutorial.py for tasks to queue
[2025-07-13T23:13:14.908+0300] {logging_mixin.py:188} INFO - [2025-07-13T23:13:14.907+0300] {dagbag.py:545} INFO - Filling up the DagBag from /home/wal/.pyenv/versions/3.12.0/lib/python3.12/site-packages/airflow/example_dags/example_params_ui_tutorial.py
[2025-07-13T23:13:14.930+0300] {processor.py:840} INFO - DAG(s) 'example_params_ui_tutorial' retrieved from /home/wal/.pyenv/versions/3.12.0/lib/python3.12/site-packages/airflow/example_dags/example_params_ui_tutorial.py
[2025-07-13T23:13:15.010+0300] {logging_mixin.py:188} INFO - [2025-07-13T23:13:15.010+0300] {dag.py:3096} INFO - Sync 1 DAGs
[2025-07-13T23:13:15.033+0300] {logging_mixin.py:188} INFO - [2025-07-13T23:13:15.033+0300] {dag.py:3954} INFO - Setting next_dagrun for example_params_ui_tutorial to None, run_after=None
[2025-07-13T23:13:15.072+0300] {processor.py:183} INFO - Processing /home/wal/.pyenv/versions/3.12.0/lib/python3.12/site-packages/airflow/example_dags/example_params_ui_tutorial.py took 0.182 seconds
[2025-07-13T23:14:19.834+0300] {processor.py:161} INFO - Started process (PID=5241) to work on /home/wal/.pyenv/versions/3.12.0/lib/python3.12/site-packages/airflow/example_dags/example_params_ui_tutorial.py
[2025-07-13T23:14:19.842+0300] {processor.py:830} INFO - Processing file /home/wal/.pyenv/versions/3.12.0/lib/python3.12/site-packages/airflow/example_dags/example_params_ui_tutorial.py for tasks to queue
[2025-07-13T23:14:19.849+0300] {logging_mixin.py:188} INFO - [2025-07-13T23:14:19.846+0300] {dagbag.py:545} INFO - Filling up the DagBag from /home/wal/.pyenv/versions/3.12.0/lib/python3.12/site-packages/airflow/example_dags/example_params_ui_tutorial.py
[2025-07-13T23:14:19.896+0300] {processor.py:840} INFO - DAG(s) 'example_params_ui_tutorial' retrieved from /home/wal/.pyenv/versions/3.12.0/lib/python3.12/site-packages/airflow/example_dags/example_params_ui_tutorial.py
[2025-07-13T23:14:20.086+0300] {logging_mixin.py:188} INFO - [2025-07-13T23:14:20.085+0300] {dag.py:3096} INFO - Sync 1 DAGs
[2025-07-13T23:14:20.120+0300] {logging_mixin.py:188} INFO - [2025-07-13T23:14:20.119+0300] {dag.py:3954} INFO - Setting next_dagrun for example_params_ui_tutorial to None, run_after=None
[2025-07-13T23:14:20.200+0300] {processor.py:183} INFO - Processing /home/wal/.pyenv/versions/3.12.0/lib/python3.12/site-packages/airflow/example_dags/example_params_ui_tutorial.py took 0.392 seconds
[2025-07-13T23:15:14.788+0300] {processor.py:161} INFO - Started process (PID=5300) to work on /home/wal/.pyenv/versions/3.12.0/lib/python3.12/site-packages/airflow/example_dags/example_params_ui_tutorial.py
[2025-07-13T23:15:14.794+0300] {processor.py:830} INFO - Processing file /home/wal/.pyenv/versions/3.12.0/lib/python3.12/site-packages/airflow/example_dags/example_params_ui_tutorial.py for tasks to queue
[2025-07-13T23:15:14.797+0300] {logging_mixin.py:188} INFO - [2025-07-13T23:15:14.796+0300] {dagbag.py:545} INFO - Filling up the DagBag from /home/wal/.pyenv/versions/3.12.0/lib/python3.12/site-packages/airflow/example_dags/example_params_ui_tutorial.py
[2025-07-13T23:15:14.819+0300] {processor.py:840} INFO - DAG(s) 'example_params_ui_tutorial' retrieved from /home/wal/.pyenv/versions/3.12.0/lib/python3.12/site-packages/airflow/example_dags/example_params_ui_tutorial.py
[2025-07-13T23:15:14.978+0300] {logging_mixin.py:188} INFO - [2025-07-13T23:15:14.977+0300] {dag.py:3096} INFO - Sync 1 DAGs
[2025-07-13T23:15:15.018+0300] {logging_mixin.py:188} INFO - [2025-07-13T23:15:15.018+0300] {dag.py:3954} INFO - Setting next_dagrun for example_params_ui_tutorial to None, run_after=None
[2025-07-13T23:15:15.073+0300] {processor.py:183} INFO - Processing /home/wal/.pyenv/versions/3.12.0/lib/python3.12/site-packages/airflow/example_dags/example_params_ui_tutorial.py took 0.297 seconds
[2025-07-13T23:16:06.565+0300] {processor.py:161} INFO - Started process (PID=5346) to work on /home/wal/.pyenv/versions/3.12.0/lib/python3.12/site-packages/airflow/example_dags/example_params_ui_tutorial.py
[2025-07-13T23:16:06.571+0300] {processor.py:830} INFO - Processing file /home/wal/.pyenv/versions/3.12.0/lib/python3.12/site-packages/airflow/example_dags/example_params_ui_tutorial.py for tasks to queue
[2025-07-13T23:16:06.578+0300] {logging_mixin.py:188} INFO - [2025-07-13T23:16:06.577+0300] {dagbag.py:545} INFO - Filling up the DagBag from /home/wal/.pyenv/versions/3.12.0/lib/python3.12/site-packages/airflow/example_dags/example_params_ui_tutorial.py
[2025-07-13T23:16:06.617+0300] {processor.py:840} INFO - DAG(s) 'example_params_ui_tutorial' retrieved from /home/wal/.pyenv/versions/3.12.0/lib/python3.12/site-packages/airflow/example_dags/example_params_ui_tutorial.py
[2025-07-13T23:16:07.009+0300] {logging_mixin.py:188} INFO - [2025-07-13T23:16:07.009+0300] {dag.py:3096} INFO - Sync 1 DAGs
[2025-07-13T23:16:07.036+0300] {logging_mixin.py:188} INFO - [2025-07-13T23:16:07.036+0300] {dag.py:3954} INFO - Setting next_dagrun for example_params_ui_tutorial to None, run_after=None
[2025-07-13T23:16:07.088+0300] {processor.py:183} INFO - Processing /home/wal/.pyenv/versions/3.12.0/lib/python3.12/site-packages/airflow/example_dags/example_params_ui_tutorial.py took 0.553 seconds
[2025-07-13T23:17:15.909+0300] {processor.py:161} INFO - Started process (PID=5404) to work on /home/wal/.pyenv/versions/3.12.0/lib/python3.12/site-packages/airflow/example_dags/example_params_ui_tutorial.py
[2025-07-13T23:17:15.911+0300] {processor.py:830} INFO - Processing file /home/wal/.pyenv/versions/3.12.0/lib/python3.12/site-packages/airflow/example_dags/example_params_ui_tutorial.py for tasks to queue
[2025-07-13T23:17:15.913+0300] {logging_mixin.py:188} INFO - [2025-07-13T23:17:15.913+0300] {dagbag.py:545} INFO - Filling up the DagBag from /home/wal/.pyenv/versions/3.12.0/lib/python3.12/site-packages/airflow/example_dags/example_params_ui_tutorial.py
[2025-07-13T23:17:15.928+0300] {processor.py:840} INFO - DAG(s) 'example_params_ui_tutorial' retrieved from /home/wal/.pyenv/versions/3.12.0/lib/python3.12/site-packages/airflow/example_dags/example_params_ui_tutorial.py
[2025-07-13T23:17:15.989+0300] {logging_mixin.py:188} INFO - [2025-07-13T23:17:15.989+0300] {dag.py:3096} INFO - Sync 1 DAGs
[2025-07-13T23:17:16.003+0300] {logging_mixin.py:188} INFO - [2025-07-13T23:17:16.003+0300] {dag.py:3954} INFO - Setting next_dagrun for example_params_ui_tutorial to None, run_after=None
[2025-07-13T23:17:16.033+0300] {processor.py:183} INFO - Processing /home/wal/.pyenv/versions/3.12.0/lib/python3.12/site-packages/airflow/example_dags/example_params_ui_tutorial.py took 0.132 seconds
[2025-07-13T23:18:29.270+0300] {processor.py:161} INFO - Started process (PID=5464) to work on /home/wal/.pyenv/versions/3.12.0/lib/python3.12/site-packages/airflow/example_dags/example_params_ui_tutorial.py
[2025-07-13T23:18:29.276+0300] {processor.py:830} INFO - Processing file /home/wal/.pyenv/versions/3.12.0/lib/python3.12/site-packages/airflow/example_dags/example_params_ui_tutorial.py for tasks to queue
[2025-07-13T23:18:29.278+0300] {logging_mixin.py:188} INFO - [2025-07-13T23:18:29.278+0300] {dagbag.py:545} INFO - Filling up the DagBag from /home/wal/.pyenv/versions/3.12.0/lib/python3.12/site-packages/airflow/example_dags/example_params_ui_tutorial.py
[2025-07-13T23:18:29.293+0300] {processor.py:840} INFO - DAG(s) 'example_params_ui_tutorial' retrieved from /home/wal/.pyenv/versions/3.12.0/lib/python3.12/site-packages/airflow/example_dags/example_params_ui_tutorial.py
[2025-07-13T23:18:29.364+0300] {logging_mixin.py:188} INFO - [2025-07-13T23:18:29.364+0300] {dag.py:3096} INFO - Sync 1 DAGs
[2025-07-13T23:18:29.385+0300] {logging_mixin.py:188} INFO - [2025-07-13T23:18:29.385+0300] {dag.py:3954} INFO - Setting next_dagrun for example_params_ui_tutorial to None, run_after=None
[2025-07-13T23:18:29.423+0300] {processor.py:183} INFO - Processing /home/wal/.pyenv/versions/3.12.0/lib/python3.12/site-packages/airflow/example_dags/example_params_ui_tutorial.py took 0.161 seconds
[2025-07-13T23:19:37.472+0300] {processor.py:161} INFO - Started process (PID=5521) to work on /home/wal/.pyenv/versions/3.12.0/lib/python3.12/site-packages/airflow/example_dags/example_params_ui_tutorial.py
[2025-07-13T23:19:37.474+0300] {processor.py:830} INFO - Processing file /home/wal/.pyenv/versions/3.12.0/lib/python3.12/site-packages/airflow/example_dags/example_params_ui_tutorial.py for tasks to queue
[2025-07-13T23:19:37.475+0300] {logging_mixin.py:188} INFO - [2025-07-13T23:19:37.475+0300] {dagbag.py:545} INFO - Filling up the DagBag from /home/wal/.pyenv/versions/3.12.0/lib/python3.12/site-packages/airflow/example_dags/example_params_ui_tutorial.py
[2025-07-13T23:19:37.490+0300] {processor.py:840} INFO - DAG(s) 'example_params_ui_tutorial' retrieved from /home/wal/.pyenv/versions/3.12.0/lib/python3.12/site-packages/airflow/example_dags/example_params_ui_tutorial.py
[2025-07-13T23:19:37.552+0300] {logging_mixin.py:188} INFO - [2025-07-13T23:19:37.551+0300] {dag.py:3096} INFO - Sync 1 DAGs
[2025-07-13T23:19:37.567+0300] {logging_mixin.py:188} INFO - [2025-07-13T23:19:37.567+0300] {dag.py:3954} INFO - Setting next_dagrun for example_params_ui_tutorial to None, run_after=None
[2025-07-13T23:19:37.596+0300] {processor.py:183} INFO - Processing /home/wal/.pyenv/versions/3.12.0/lib/python3.12/site-packages/airflow/example_dags/example_params_ui_tutorial.py took 0.130 seconds
[2025-07-13T23:20:36.660+0300] {processor.py:161} INFO - Started process (PID=5573) to work on /home/wal/.pyenv/versions/3.12.0/lib/python3.12/site-packages/airflow/example_dags/example_params_ui_tutorial.py
[2025-07-13T23:20:36.667+0300] {processor.py:830} INFO - Processing file /home/wal/.pyenv/versions/3.12.0/lib/python3.12/site-packages/airflow/example_dags/example_params_ui_tutorial.py for tasks to queue
[2025-07-13T23:20:36.670+0300] {logging_mixin.py:188} INFO - [2025-07-13T23:20:36.669+0300] {dagbag.py:545} INFO - Filling up the DagBag from /home/wal/.pyenv/versions/3.12.0/lib/python3.12/site-packages/airflow/example_dags/example_params_ui_tutorial.py
[2025-07-13T23:20:36.686+0300] {processor.py:840} INFO - DAG(s) 'example_params_ui_tutorial' retrieved from /home/wal/.pyenv/versions/3.12.0/lib/python3.12/site-packages/airflow/example_dags/example_params_ui_tutorial.py
[2025-07-13T23:20:36.743+0300] {logging_mixin.py:188} INFO - [2025-07-13T23:20:36.742+0300] {dag.py:3096} INFO - Sync 1 DAGs
[2025-07-13T23:20:36.758+0300] {logging_mixin.py:188} INFO - [2025-07-13T23:20:36.757+0300] {dag.py:3954} INFO - Setting next_dagrun for example_params_ui_tutorial to None, run_after=None
[2025-07-13T23:20:36.789+0300] {processor.py:183} INFO - Processing /home/wal/.pyenv/versions/3.12.0/lib/python3.12/site-packages/airflow/example_dags/example_params_ui_tutorial.py took 0.136 seconds
[2025-07-13T23:21:41.848+0300] {processor.py:161} INFO - Started process (PID=5627) to work on /home/wal/.pyenv/versions/3.12.0/lib/python3.12/site-packages/airflow/example_dags/example_params_ui_tutorial.py
[2025-07-13T23:21:41.852+0300] {processor.py:830} INFO - Processing file /home/wal/.pyenv/versions/3.12.0/lib/python3.12/site-packages/airflow/example_dags/example_params_ui_tutorial.py for tasks to queue
[2025-07-13T23:21:41.857+0300] {logging_mixin.py:188} INFO - [2025-07-13T23:21:41.856+0300] {dagbag.py:545} INFO - Filling up the DagBag from /home/wal/.pyenv/versions/3.12.0/lib/python3.12/site-packages/airflow/example_dags/example_params_ui_tutorial.py
[2025-07-13T23:21:41.880+0300] {processor.py:840} INFO - DAG(s) 'example_params_ui_tutorial' retrieved from /home/wal/.pyenv/versions/3.12.0/lib/python3.12/site-packages/airflow/example_dags/example_params_ui_tutorial.py
[2025-07-13T23:21:41.978+0300] {logging_mixin.py:188} INFO - [2025-07-13T23:21:41.977+0300] {dag.py:3096} INFO - Sync 1 DAGs
[2025-07-13T23:21:42.012+0300] {logging_mixin.py:188} INFO - [2025-07-13T23:21:42.011+0300] {dag.py:3954} INFO - Setting next_dagrun for example_params_ui_tutorial to None, run_after=None
[2025-07-13T23:21:42.084+0300] {processor.py:183} INFO - Processing /home/wal/.pyenv/versions/3.12.0/lib/python3.12/site-packages/airflow/example_dags/example_params_ui_tutorial.py took 0.259 seconds
[2025-07-13T23:22:51.970+0300] {processor.py:161} INFO - Started process (PID=5684) to work on /home/wal/.pyenv/versions/3.12.0/lib/python3.12/site-packages/airflow/example_dags/example_params_ui_tutorial.py
[2025-07-13T23:22:51.974+0300] {processor.py:830} INFO - Processing file /home/wal/.pyenv/versions/3.12.0/lib/python3.12/site-packages/airflow/example_dags/example_params_ui_tutorial.py for tasks to queue
[2025-07-13T23:22:51.981+0300] {logging_mixin.py:188} INFO - [2025-07-13T23:22:51.979+0300] {dagbag.py:545} INFO - Filling up the DagBag from /home/wal/.pyenv/versions/3.12.0/lib/python3.12/site-packages/airflow/example_dags/example_params_ui_tutorial.py
[2025-07-13T23:22:52.035+0300] {processor.py:840} INFO - DAG(s) 'example_params_ui_tutorial' retrieved from /home/wal/.pyenv/versions/3.12.0/lib/python3.12/site-packages/airflow/example_dags/example_params_ui_tutorial.py
[2025-07-13T23:22:52.158+0300] {logging_mixin.py:188} INFO - [2025-07-13T23:22:52.158+0300] {dag.py:3096} INFO - Sync 1 DAGs
[2025-07-13T23:22:52.191+0300] {logging_mixin.py:188} INFO - [2025-07-13T23:22:52.190+0300] {dag.py:3954} INFO - Setting next_dagrun for example_params_ui_tutorial to None, run_after=None
[2025-07-13T23:22:52.263+0300] {processor.py:183} INFO - Processing /home/wal/.pyenv/versions/3.12.0/lib/python3.12/site-packages/airflow/example_dags/example_params_ui_tutorial.py took 0.314 seconds
[2025-07-13T23:24:08.141+0300] {processor.py:161} INFO - Started process (PID=5741) to work on /home/wal/.pyenv/versions/3.12.0/lib/python3.12/site-packages/airflow/example_dags/example_params_ui_tutorial.py
[2025-07-13T23:24:08.159+0300] {processor.py:830} INFO - Processing file /home/wal/.pyenv/versions/3.12.0/lib/python3.12/site-packages/airflow/example_dags/example_params_ui_tutorial.py for tasks to queue
[2025-07-13T23:24:08.166+0300] {logging_mixin.py:188} INFO - [2025-07-13T23:24:08.165+0300] {dagbag.py:545} INFO - Filling up the DagBag from /home/wal/.pyenv/versions/3.12.0/lib/python3.12/site-packages/airflow/example_dags/example_params_ui_tutorial.py
[2025-07-13T23:24:08.248+0300] {processor.py:840} INFO - DAG(s) 'example_params_ui_tutorial' retrieved from /home/wal/.pyenv/versions/3.12.0/lib/python3.12/site-packages/airflow/example_dags/example_params_ui_tutorial.py
[2025-07-13T23:24:08.841+0300] {logging_mixin.py:188} INFO - [2025-07-13T23:24:08.840+0300] {dag.py:3096} INFO - Sync 1 DAGs
[2025-07-13T23:24:08.951+0300] {logging_mixin.py:188} INFO - [2025-07-13T23:24:08.950+0300] {dag.py:3954} INFO - Setting next_dagrun for example_params_ui_tutorial to None, run_after=None
[2025-07-13T23:24:09.125+0300] {processor.py:183} INFO - Processing /home/wal/.pyenv/versions/3.12.0/lib/python3.12/site-packages/airflow/example_dags/example_params_ui_tutorial.py took 1.037 seconds
[2025-07-13T23:26:01.342+0300] {processor.py:161} INFO - Started process (PID=5811) to work on /home/wal/.pyenv/versions/3.12.0/lib/python3.12/site-packages/airflow/example_dags/example_params_ui_tutorial.py
[2025-07-13T23:26:01.348+0300] {processor.py:830} INFO - Processing file /home/wal/.pyenv/versions/3.12.0/lib/python3.12/site-packages/airflow/example_dags/example_params_ui_tutorial.py for tasks to queue
[2025-07-13T23:26:01.353+0300] {logging_mixin.py:188} INFO - [2025-07-13T23:26:01.352+0300] {dagbag.py:545} INFO - Filling up the DagBag from /home/wal/.pyenv/versions/3.12.0/lib/python3.12/site-packages/airflow/example_dags/example_params_ui_tutorial.py
[2025-07-13T23:26:01.386+0300] {processor.py:840} INFO - DAG(s) 'example_params_ui_tutorial' retrieved from /home/wal/.pyenv/versions/3.12.0/lib/python3.12/site-packages/airflow/example_dags/example_params_ui_tutorial.py
[2025-07-13T23:26:01.519+0300] {logging_mixin.py:188} INFO - [2025-07-13T23:26:01.518+0300] {dag.py:3096} INFO - Sync 1 DAGs
[2025-07-13T23:26:01.554+0300] {logging_mixin.py:188} INFO - [2025-07-13T23:26:01.553+0300] {dag.py:3954} INFO - Setting next_dagrun for example_params_ui_tutorial to None, run_after=None
[2025-07-13T23:26:01.609+0300] {processor.py:183} INFO - Processing /home/wal/.pyenv/versions/3.12.0/lib/python3.12/site-packages/airflow/example_dags/example_params_ui_tutorial.py took 0.285 seconds
[2025-07-13T23:27:10.246+0300] {processor.py:161} INFO - Started process (PID=5868) to work on /home/wal/.pyenv/versions/3.12.0/lib/python3.12/site-packages/airflow/example_dags/example_params_ui_tutorial.py
[2025-07-13T23:27:10.248+0300] {processor.py:830} INFO - Processing file /home/wal/.pyenv/versions/3.12.0/lib/python3.12/site-packages/airflow/example_dags/example_params_ui_tutorial.py for tasks to queue
[2025-07-13T23:27:10.251+0300] {logging_mixin.py:188} INFO - [2025-07-13T23:27:10.250+0300] {dagbag.py:545} INFO - Filling up the DagBag from /home/wal/.pyenv/versions/3.12.0/lib/python3.12/site-packages/airflow/example_dags/example_params_ui_tutorial.py
[2025-07-13T23:27:10.272+0300] {processor.py:840} INFO - DAG(s) 'example_params_ui_tutorial' retrieved from /home/wal/.pyenv/versions/3.12.0/lib/python3.12/site-packages/airflow/example_dags/example_params_ui_tutorial.py
[2025-07-13T23:27:10.344+0300] {logging_mixin.py:188} INFO - [2025-07-13T23:27:10.344+0300] {dag.py:3096} INFO - Sync 1 DAGs
[2025-07-13T23:27:10.373+0300] {logging_mixin.py:188} INFO - [2025-07-13T23:27:10.373+0300] {dag.py:3954} INFO - Setting next_dagrun for example_params_ui_tutorial to None, run_after=None
[2025-07-13T23:27:10.418+0300] {processor.py:183} INFO - Processing /home/wal/.pyenv/versions/3.12.0/lib/python3.12/site-packages/airflow/example_dags/example_params_ui_tutorial.py took 0.185 seconds
[2025-07-13T23:28:26.203+0300] {processor.py:161} INFO - Started process (PID=5927) to work on /home/wal/.pyenv/versions/3.12.0/lib/python3.12/site-packages/airflow/example_dags/example_params_ui_tutorial.py
[2025-07-13T23:28:26.205+0300] {processor.py:830} INFO - Processing file /home/wal/.pyenv/versions/3.12.0/lib/python3.12/site-packages/airflow/example_dags/example_params_ui_tutorial.py for tasks to queue
[2025-07-13T23:28:26.212+0300] {logging_mixin.py:188} INFO - [2025-07-13T23:28:26.210+0300] {dagbag.py:545} INFO - Filling up the DagBag from /home/wal/.pyenv/versions/3.12.0/lib/python3.12/site-packages/airflow/example_dags/example_params_ui_tutorial.py
[2025-07-13T23:28:26.238+0300] {processor.py:840} INFO - DAG(s) 'example_params_ui_tutorial' retrieved from /home/wal/.pyenv/versions/3.12.0/lib/python3.12/site-packages/airflow/example_dags/example_params_ui_tutorial.py
[2025-07-13T23:28:26.362+0300] {logging_mixin.py:188} INFO - [2025-07-13T23:28:26.361+0300] {dag.py:3096} INFO - Sync 1 DAGs
[2025-07-13T23:28:26.393+0300] {logging_mixin.py:188} INFO - [2025-07-13T23:28:26.392+0300] {dag.py:3954} INFO - Setting next_dagrun for example_params_ui_tutorial to None, run_after=None
[2025-07-13T23:28:26.443+0300] {processor.py:183} INFO - Processing /home/wal/.pyenv/versions/3.12.0/lib/python3.12/site-packages/airflow/example_dags/example_params_ui_tutorial.py took 0.254 seconds
[2025-07-13T23:29:29.317+0300] {processor.py:161} INFO - Started process (PID=5981) to work on /home/wal/.pyenv/versions/3.12.0/lib/python3.12/site-packages/airflow/example_dags/example_params_ui_tutorial.py
[2025-07-13T23:29:29.323+0300] {processor.py:830} INFO - Processing file /home/wal/.pyenv/versions/3.12.0/lib/python3.12/site-packages/airflow/example_dags/example_params_ui_tutorial.py for tasks to queue
[2025-07-13T23:29:29.327+0300] {logging_mixin.py:188} INFO - [2025-07-13T23:29:29.326+0300] {dagbag.py:545} INFO - Filling up the DagBag from /home/wal/.pyenv/versions/3.12.0/lib/python3.12/site-packages/airflow/example_dags/example_params_ui_tutorial.py
[2025-07-13T23:29:29.357+0300] {processor.py:840} INFO - DAG(s) 'example_params_ui_tutorial' retrieved from /home/wal/.pyenv/versions/3.12.0/lib/python3.12/site-packages/airflow/example_dags/example_params_ui_tutorial.py
[2025-07-13T23:29:29.463+0300] {logging_mixin.py:188} INFO - [2025-07-13T23:29:29.463+0300] {dag.py:3096} INFO - Sync 1 DAGs
[2025-07-13T23:29:29.494+0300] {logging_mixin.py:188} INFO - [2025-07-13T23:29:29.493+0300] {dag.py:3954} INFO - Setting next_dagrun for example_params_ui_tutorial to None, run_after=None
[2025-07-13T23:29:29.545+0300] {processor.py:183} INFO - Processing /home/wal/.pyenv/versions/3.12.0/lib/python3.12/site-packages/airflow/example_dags/example_params_ui_tutorial.py took 0.243 seconds
[2025-07-13T23:30:29.535+0300] {processor.py:161} INFO - Started process (PID=6034) to work on /home/wal/.pyenv/versions/3.12.0/lib/python3.12/site-packages/airflow/example_dags/example_params_ui_tutorial.py
[2025-07-13T23:30:29.542+0300] {processor.py:830} INFO - Processing file /home/wal/.pyenv/versions/3.12.0/lib/python3.12/site-packages/airflow/example_dags/example_params_ui_tutorial.py for tasks to queue
[2025-07-13T23:30:29.547+0300] {logging_mixin.py:188} INFO - [2025-07-13T23:30:29.547+0300] {dagbag.py:545} INFO - Filling up the DagBag from /home/wal/.pyenv/versions/3.12.0/lib/python3.12/site-packages/airflow/example_dags/example_params_ui_tutorial.py
[2025-07-13T23:30:29.567+0300] {processor.py:840} INFO - DAG(s) 'example_params_ui_tutorial' retrieved from /home/wal/.pyenv/versions/3.12.0/lib/python3.12/site-packages/airflow/example_dags/example_params_ui_tutorial.py
[2025-07-13T23:30:29.639+0300] {logging_mixin.py:188} INFO - [2025-07-13T23:30:29.639+0300] {dag.py:3096} INFO - Sync 1 DAGs
[2025-07-13T23:30:29.663+0300] {logging_mixin.py:188} INFO - [2025-07-13T23:30:29.663+0300] {dag.py:3954} INFO - Setting next_dagrun for example_params_ui_tutorial to None, run_after=None
[2025-07-13T23:30:29.704+0300] {processor.py:183} INFO - Processing /home/wal/.pyenv/versions/3.12.0/lib/python3.12/site-packages/airflow/example_dags/example_params_ui_tutorial.py took 0.180 seconds
[2025-07-13T23:31:29.382+0300] {processor.py:161} INFO - Started process (PID=6087) to work on /home/wal/.pyenv/versions/3.12.0/lib/python3.12/site-packages/airflow/example_dags/example_params_ui_tutorial.py
[2025-07-13T23:31:29.388+0300] {processor.py:830} INFO - Processing file /home/wal/.pyenv/versions/3.12.0/lib/python3.12/site-packages/airflow/example_dags/example_params_ui_tutorial.py for tasks to queue
[2025-07-13T23:31:29.394+0300] {logging_mixin.py:188} INFO - [2025-07-13T23:31:29.393+0300] {dagbag.py:545} INFO - Filling up the DagBag from /home/wal/.pyenv/versions/3.12.0/lib/python3.12/site-packages/airflow/example_dags/example_params_ui_tutorial.py
[2025-07-13T23:31:29.415+0300] {processor.py:840} INFO - DAG(s) 'example_params_ui_tutorial' retrieved from /home/wal/.pyenv/versions/3.12.0/lib/python3.12/site-packages/airflow/example_dags/example_params_ui_tutorial.py
[2025-07-13T23:31:29.493+0300] {logging_mixin.py:188} INFO - [2025-07-13T23:31:29.493+0300] {dag.py:3096} INFO - Sync 1 DAGs
[2025-07-13T23:31:29.514+0300] {logging_mixin.py:188} INFO - [2025-07-13T23:31:29.513+0300] {dag.py:3954} INFO - Setting next_dagrun for example_params_ui_tutorial to None, run_after=None
[2025-07-13T23:31:29.552+0300] {processor.py:183} INFO - Processing /home/wal/.pyenv/versions/3.12.0/lib/python3.12/site-packages/airflow/example_dags/example_params_ui_tutorial.py took 0.185 seconds
[2025-07-13T23:32:27.664+0300] {processor.py:161} INFO - Started process (PID=6137) to work on /home/wal/.pyenv/versions/3.12.0/lib/python3.12/site-packages/airflow/example_dags/example_params_ui_tutorial.py
[2025-07-13T23:32:27.671+0300] {processor.py:830} INFO - Processing file /home/wal/.pyenv/versions/3.12.0/lib/python3.12/site-packages/airflow/example_dags/example_params_ui_tutorial.py for tasks to queue
[2025-07-13T23:32:27.676+0300] {logging_mixin.py:188} INFO - [2025-07-13T23:32:27.675+0300] {dagbag.py:545} INFO - Filling up the DagBag from /home/wal/.pyenv/versions/3.12.0/lib/python3.12/site-packages/airflow/example_dags/example_params_ui_tutorial.py
[2025-07-13T23:32:27.696+0300] {processor.py:840} INFO - DAG(s) 'example_params_ui_tutorial' retrieved from /home/wal/.pyenv/versions/3.12.0/lib/python3.12/site-packages/airflow/example_dags/example_params_ui_tutorial.py
[2025-07-13T23:32:27.776+0300] {logging_mixin.py:188} INFO - [2025-07-13T23:32:27.775+0300] {dag.py:3096} INFO - Sync 1 DAGs
[2025-07-13T23:32:27.797+0300] {logging_mixin.py:188} INFO - [2025-07-13T23:32:27.796+0300] {dag.py:3954} INFO - Setting next_dagrun for example_params_ui_tutorial to None, run_after=None
[2025-07-13T23:32:27.836+0300] {processor.py:183} INFO - Processing /home/wal/.pyenv/versions/3.12.0/lib/python3.12/site-packages/airflow/example_dags/example_params_ui_tutorial.py took 0.187 seconds
[2025-07-13T23:33:32.857+0300] {processor.py:161} INFO - Started process (PID=6192) to work on /home/wal/.pyenv/versions/3.12.0/lib/python3.12/site-packages/airflow/example_dags/example_params_ui_tutorial.py
[2025-07-13T23:33:32.860+0300] {processor.py:830} INFO - Processing file /home/wal/.pyenv/versions/3.12.0/lib/python3.12/site-packages/airflow/example_dags/example_params_ui_tutorial.py for tasks to queue
[2025-07-13T23:33:32.863+0300] {logging_mixin.py:188} INFO - [2025-07-13T23:33:32.862+0300] {dagbag.py:545} INFO - Filling up the DagBag from /home/wal/.pyenv/versions/3.12.0/lib/python3.12/site-packages/airflow/example_dags/example_params_ui_tutorial.py
[2025-07-13T23:33:32.880+0300] {processor.py:840} INFO - DAG(s) 'example_params_ui_tutorial' retrieved from /home/wal/.pyenv/versions/3.12.0/lib/python3.12/site-packages/airflow/example_dags/example_params_ui_tutorial.py
[2025-07-13T23:33:32.951+0300] {logging_mixin.py:188} INFO - [2025-07-13T23:33:32.950+0300] {dag.py:3096} INFO - Sync 1 DAGs
[2025-07-13T23:33:32.969+0300] {logging_mixin.py:188} INFO - [2025-07-13T23:33:32.969+0300] {dag.py:3954} INFO - Setting next_dagrun for example_params_ui_tutorial to None, run_after=None
[2025-07-13T23:33:33.001+0300] {processor.py:183} INFO - Processing /home/wal/.pyenv/versions/3.12.0/lib/python3.12/site-packages/airflow/example_dags/example_params_ui_tutorial.py took 0.171 seconds
[2025-07-13T23:34:42.999+0300] {processor.py:161} INFO - Started process (PID=6248) to work on /home/wal/.pyenv/versions/3.12.0/lib/python3.12/site-packages/airflow/example_dags/example_params_ui_tutorial.py
[2025-07-13T23:34:43.012+0300] {processor.py:830} INFO - Processing file /home/wal/.pyenv/versions/3.12.0/lib/python3.12/site-packages/airflow/example_dags/example_params_ui_tutorial.py for tasks to queue
[2025-07-13T23:34:43.021+0300] {logging_mixin.py:188} INFO - [2025-07-13T23:34:43.019+0300] {dagbag.py:545} INFO - Filling up the DagBag from /home/wal/.pyenv/versions/3.12.0/lib/python3.12/site-packages/airflow/example_dags/example_params_ui_tutorial.py
[2025-07-13T23:34:43.183+0300] {processor.py:840} INFO - DAG(s) 'example_params_ui_tutorial' retrieved from /home/wal/.pyenv/versions/3.12.0/lib/python3.12/site-packages/airflow/example_dags/example_params_ui_tutorial.py
[2025-07-13T23:34:43.694+0300] {logging_mixin.py:188} INFO - [2025-07-13T23:34:43.692+0300] {dag.py:3096} INFO - Sync 1 DAGs
[2025-07-13T23:34:43.895+0300] {logging_mixin.py:188} INFO - [2025-07-13T23:34:43.894+0300] {dag.py:3954} INFO - Setting next_dagrun for example_params_ui_tutorial to None, run_after=None
[2025-07-13T23:34:44.039+0300] {processor.py:183} INFO - Processing /home/wal/.pyenv/versions/3.12.0/lib/python3.12/site-packages/airflow/example_dags/example_params_ui_tutorial.py took 1.109 seconds
[2025-07-13T23:35:53.476+0300] {processor.py:161} INFO - Started process (PID=6310) to work on /home/wal/.pyenv/versions/3.12.0/lib/python3.12/site-packages/airflow/example_dags/example_params_ui_tutorial.py
[2025-07-13T23:35:53.485+0300] {processor.py:830} INFO - Processing file /home/wal/.pyenv/versions/3.12.0/lib/python3.12/site-packages/airflow/example_dags/example_params_ui_tutorial.py for tasks to queue
[2025-07-13T23:35:53.488+0300] {logging_mixin.py:188} INFO - [2025-07-13T23:35:53.488+0300] {dagbag.py:545} INFO - Filling up the DagBag from /home/wal/.pyenv/versions/3.12.0/lib/python3.12/site-packages/airflow/example_dags/example_params_ui_tutorial.py
[2025-07-13T23:35:53.508+0300] {processor.py:840} INFO - DAG(s) 'example_params_ui_tutorial' retrieved from /home/wal/.pyenv/versions/3.12.0/lib/python3.12/site-packages/airflow/example_dags/example_params_ui_tutorial.py
[2025-07-13T23:35:53.589+0300] {logging_mixin.py:188} INFO - [2025-07-13T23:35:53.588+0300] {dag.py:3096} INFO - Sync 1 DAGs
[2025-07-13T23:35:53.611+0300] {logging_mixin.py:188} INFO - [2025-07-13T23:35:53.610+0300] {dag.py:3954} INFO - Setting next_dagrun for example_params_ui_tutorial to None, run_after=None
[2025-07-13T23:35:53.647+0300] {processor.py:183} INFO - Processing /home/wal/.pyenv/versions/3.12.0/lib/python3.12/site-packages/airflow/example_dags/example_params_ui_tutorial.py took 0.180 seconds
[2025-07-13T23:36:51.196+0300] {processor.py:161} INFO - Started process (PID=6362) to work on /home/wal/.pyenv/versions/3.12.0/lib/python3.12/site-packages/airflow/example_dags/example_params_ui_tutorial.py
[2025-07-13T23:36:51.198+0300] {processor.py:830} INFO - Processing file /home/wal/.pyenv/versions/3.12.0/lib/python3.12/site-packages/airflow/example_dags/example_params_ui_tutorial.py for tasks to queue
[2025-07-13T23:36:51.202+0300] {logging_mixin.py:188} INFO - [2025-07-13T23:36:51.201+0300] {dagbag.py:545} INFO - Filling up the DagBag from /home/wal/.pyenv/versions/3.12.0/lib/python3.12/site-packages/airflow/example_dags/example_params_ui_tutorial.py
[2025-07-13T23:36:51.234+0300] {processor.py:840} INFO - DAG(s) 'example_params_ui_tutorial' retrieved from /home/wal/.pyenv/versions/3.12.0/lib/python3.12/site-packages/airflow/example_dags/example_params_ui_tutorial.py
[2025-07-13T23:36:51.300+0300] {logging_mixin.py:188} INFO - [2025-07-13T23:36:51.300+0300] {dag.py:3096} INFO - Sync 1 DAGs
[2025-07-13T23:36:51.318+0300] {logging_mixin.py:188} INFO - [2025-07-13T23:36:51.318+0300] {dag.py:3954} INFO - Setting next_dagrun for example_params_ui_tutorial to None, run_after=None
[2025-07-13T23:36:51.393+0300] {processor.py:183} INFO - Processing /home/wal/.pyenv/versions/3.12.0/lib/python3.12/site-packages/airflow/example_dags/example_params_ui_tutorial.py took 0.241 seconds
[2025-07-13T23:37:52.823+0300] {processor.py:161} INFO - Started process (PID=6415) to work on /home/wal/.pyenv/versions/3.12.0/lib/python3.12/site-packages/airflow/example_dags/example_params_ui_tutorial.py
[2025-07-13T23:37:52.829+0300] {processor.py:830} INFO - Processing file /home/wal/.pyenv/versions/3.12.0/lib/python3.12/site-packages/airflow/example_dags/example_params_ui_tutorial.py for tasks to queue
[2025-07-13T23:37:52.832+0300] {logging_mixin.py:188} INFO - [2025-07-13T23:37:52.831+0300] {dagbag.py:545} INFO - Filling up the DagBag from /home/wal/.pyenv/versions/3.12.0/lib/python3.12/site-packages/airflow/example_dags/example_params_ui_tutorial.py
[2025-07-13T23:37:52.856+0300] {processor.py:840} INFO - DAG(s) 'example_params_ui_tutorial' retrieved from /home/wal/.pyenv/versions/3.12.0/lib/python3.12/site-packages/airflow/example_dags/example_params_ui_tutorial.py
[2025-07-13T23:37:52.921+0300] {logging_mixin.py:188} INFO - [2025-07-13T23:37:52.921+0300] {dag.py:3096} INFO - Sync 1 DAGs
[2025-07-13T23:37:52.939+0300] {logging_mixin.py:188} INFO - [2025-07-13T23:37:52.938+0300] {dag.py:3954} INFO - Setting next_dagrun for example_params_ui_tutorial to None, run_after=None
[2025-07-13T23:37:52.974+0300] {processor.py:183} INFO - Processing /home/wal/.pyenv/versions/3.12.0/lib/python3.12/site-packages/airflow/example_dags/example_params_ui_tutorial.py took 0.164 seconds
[2025-07-13T23:38:52.219+0300] {processor.py:161} INFO - Started process (PID=6467) to work on /home/wal/.pyenv/versions/3.12.0/lib/python3.12/site-packages/airflow/example_dags/example_params_ui_tutorial.py
[2025-07-13T23:38:52.223+0300] {processor.py:830} INFO - Processing file /home/wal/.pyenv/versions/3.12.0/lib/python3.12/site-packages/airflow/example_dags/example_params_ui_tutorial.py for tasks to queue
[2025-07-13T23:38:52.225+0300] {logging_mixin.py:188} INFO - [2025-07-13T23:38:52.225+0300] {dagbag.py:545} INFO - Filling up the DagBag from /home/wal/.pyenv/versions/3.12.0/lib/python3.12/site-packages/airflow/example_dags/example_params_ui_tutorial.py
[2025-07-13T23:38:52.242+0300] {processor.py:840} INFO - DAG(s) 'example_params_ui_tutorial' retrieved from /home/wal/.pyenv/versions/3.12.0/lib/python3.12/site-packages/airflow/example_dags/example_params_ui_tutorial.py
[2025-07-13T23:38:52.305+0300] {logging_mixin.py:188} INFO - [2025-07-13T23:38:52.304+0300] {dag.py:3096} INFO - Sync 1 DAGs
[2025-07-13T23:38:52.334+0300] {logging_mixin.py:188} INFO - [2025-07-13T23:38:52.333+0300] {dag.py:3954} INFO - Setting next_dagrun for example_params_ui_tutorial to None, run_after=None
[2025-07-13T23:38:52.365+0300] {processor.py:183} INFO - Processing /home/wal/.pyenv/versions/3.12.0/lib/python3.12/site-packages/airflow/example_dags/example_params_ui_tutorial.py took 0.154 seconds
[2025-07-13T23:39:48.777+0300] {processor.py:161} INFO - Started process (PID=6518) to work on /home/wal/.pyenv/versions/3.12.0/lib/python3.12/site-packages/airflow/example_dags/example_params_ui_tutorial.py
[2025-07-13T23:39:48.780+0300] {processor.py:830} INFO - Processing file /home/wal/.pyenv/versions/3.12.0/lib/python3.12/site-packages/airflow/example_dags/example_params_ui_tutorial.py for tasks to queue
[2025-07-13T23:39:48.783+0300] {logging_mixin.py:188} INFO - [2025-07-13T23:39:48.782+0300] {dagbag.py:545} INFO - Filling up the DagBag from /home/wal/.pyenv/versions/3.12.0/lib/python3.12/site-packages/airflow/example_dags/example_params_ui_tutorial.py
[2025-07-13T23:39:48.800+0300] {processor.py:840} INFO - DAG(s) 'example_params_ui_tutorial' retrieved from /home/wal/.pyenv/versions/3.12.0/lib/python3.12/site-packages/airflow/example_dags/example_params_ui_tutorial.py
[2025-07-13T23:39:48.858+0300] {logging_mixin.py:188} INFO - [2025-07-13T23:39:48.858+0300] {dag.py:3096} INFO - Sync 1 DAGs
[2025-07-13T23:39:48.879+0300] {logging_mixin.py:188} INFO - [2025-07-13T23:39:48.878+0300] {dag.py:3954} INFO - Setting next_dagrun for example_params_ui_tutorial to None, run_after=None
[2025-07-13T23:39:48.912+0300] {processor.py:183} INFO - Processing /home/wal/.pyenv/versions/3.12.0/lib/python3.12/site-packages/airflow/example_dags/example_params_ui_tutorial.py took 0.144 seconds
[2025-07-13T23:40:43.609+0300] {processor.py:161} INFO - Started process (PID=6569) to work on /home/wal/.pyenv/versions/3.12.0/lib/python3.12/site-packages/airflow/example_dags/example_params_ui_tutorial.py
[2025-07-13T23:40:43.611+0300] {processor.py:830} INFO - Processing file /home/wal/.pyenv/versions/3.12.0/lib/python3.12/site-packages/airflow/example_dags/example_params_ui_tutorial.py for tasks to queue
[2025-07-13T23:40:43.613+0300] {logging_mixin.py:188} INFO - [2025-07-13T23:40:43.613+0300] {dagbag.py:545} INFO - Filling up the DagBag from /home/wal/.pyenv/versions/3.12.0/lib/python3.12/site-packages/airflow/example_dags/example_params_ui_tutorial.py
[2025-07-13T23:40:43.630+0300] {processor.py:840} INFO - DAG(s) 'example_params_ui_tutorial' retrieved from /home/wal/.pyenv/versions/3.12.0/lib/python3.12/site-packages/airflow/example_dags/example_params_ui_tutorial.py
[2025-07-13T23:40:43.700+0300] {logging_mixin.py:188} INFO - [2025-07-13T23:40:43.699+0300] {dag.py:3096} INFO - Sync 1 DAGs
[2025-07-13T23:40:43.717+0300] {logging_mixin.py:188} INFO - [2025-07-13T23:40:43.717+0300] {dag.py:3954} INFO - Setting next_dagrun for example_params_ui_tutorial to None, run_after=None
[2025-07-13T23:40:43.756+0300] {processor.py:183} INFO - Processing /home/wal/.pyenv/versions/3.12.0/lib/python3.12/site-packages/airflow/example_dags/example_params_ui_tutorial.py took 0.161 seconds
[2025-07-13T23:41:31.980+0300] {processor.py:161} INFO - Started process (PID=6616) to work on /home/wal/.pyenv/versions/3.12.0/lib/python3.12/site-packages/airflow/example_dags/example_params_ui_tutorial.py
[2025-07-13T23:41:31.981+0300] {processor.py:830} INFO - Processing file /home/wal/.pyenv/versions/3.12.0/lib/python3.12/site-packages/airflow/example_dags/example_params_ui_tutorial.py for tasks to queue
[2025-07-13T23:41:31.983+0300] {logging_mixin.py:188} INFO - [2025-07-13T23:41:31.983+0300] {dagbag.py:545} INFO - Filling up the DagBag from /home/wal/.pyenv/versions/3.12.0/lib/python3.12/site-packages/airflow/example_dags/example_params_ui_tutorial.py
[2025-07-13T23:41:32.000+0300] {processor.py:840} INFO - DAG(s) 'example_params_ui_tutorial' retrieved from /home/wal/.pyenv/versions/3.12.0/lib/python3.12/site-packages/airflow/example_dags/example_params_ui_tutorial.py
[2025-07-13T23:41:32.063+0300] {logging_mixin.py:188} INFO - [2025-07-13T23:41:32.063+0300] {dag.py:3096} INFO - Sync 1 DAGs
[2025-07-13T23:41:32.081+0300] {logging_mixin.py:188} INFO - [2025-07-13T23:41:32.081+0300] {dag.py:3954} INFO - Setting next_dagrun for example_params_ui_tutorial to None, run_after=None
[2025-07-13T23:41:32.113+0300] {processor.py:183} INFO - Processing /home/wal/.pyenv/versions/3.12.0/lib/python3.12/site-packages/airflow/example_dags/example_params_ui_tutorial.py took 0.145 seconds
[2025-07-13T23:42:23.439+0300] {processor.py:161} INFO - Started process (PID=6663) to work on /home/wal/.pyenv/versions/3.12.0/lib/python3.12/site-packages/airflow/example_dags/example_params_ui_tutorial.py
[2025-07-13T23:42:23.441+0300] {processor.py:830} INFO - Processing file /home/wal/.pyenv/versions/3.12.0/lib/python3.12/site-packages/airflow/example_dags/example_params_ui_tutorial.py for tasks to queue
[2025-07-13T23:42:23.443+0300] {logging_mixin.py:188} INFO - [2025-07-13T23:42:23.442+0300] {dagbag.py:545} INFO - Filling up the DagBag from /home/wal/.pyenv/versions/3.12.0/lib/python3.12/site-packages/airflow/example_dags/example_params_ui_tutorial.py
[2025-07-13T23:42:23.460+0300] {processor.py:840} INFO - DAG(s) 'example_params_ui_tutorial' retrieved from /home/wal/.pyenv/versions/3.12.0/lib/python3.12/site-packages/airflow/example_dags/example_params_ui_tutorial.py
[2025-07-13T23:42:23.522+0300] {logging_mixin.py:188} INFO - [2025-07-13T23:42:23.521+0300] {dag.py:3096} INFO - Sync 1 DAGs
[2025-07-13T23:42:23.538+0300] {logging_mixin.py:188} INFO - [2025-07-13T23:42:23.538+0300] {dag.py:3954} INFO - Setting next_dagrun for example_params_ui_tutorial to None, run_after=None
[2025-07-13T23:42:23.566+0300] {processor.py:183} INFO - Processing /home/wal/.pyenv/versions/3.12.0/lib/python3.12/site-packages/airflow/example_dags/example_params_ui_tutorial.py took 0.137 seconds
[2025-07-13T23:43:17.639+0300] {processor.py:161} INFO - Started process (PID=6713) to work on /home/wal/.pyenv/versions/3.12.0/lib/python3.12/site-packages/airflow/example_dags/example_params_ui_tutorial.py
[2025-07-13T23:43:17.646+0300] {processor.py:830} INFO - Processing file /home/wal/.pyenv/versions/3.12.0/lib/python3.12/site-packages/airflow/example_dags/example_params_ui_tutorial.py for tasks to queue
[2025-07-13T23:43:17.650+0300] {logging_mixin.py:188} INFO - [2025-07-13T23:43:17.649+0300] {dagbag.py:545} INFO - Filling up the DagBag from /home/wal/.pyenv/versions/3.12.0/lib/python3.12/site-packages/airflow/example_dags/example_params_ui_tutorial.py
[2025-07-13T23:43:17.667+0300] {processor.py:840} INFO - DAG(s) 'example_params_ui_tutorial' retrieved from /home/wal/.pyenv/versions/3.12.0/lib/python3.12/site-packages/airflow/example_dags/example_params_ui_tutorial.py
[2025-07-13T23:43:17.730+0300] {logging_mixin.py:188} INFO - [2025-07-13T23:43:17.730+0300] {dag.py:3096} INFO - Sync 1 DAGs
[2025-07-13T23:43:17.747+0300] {logging_mixin.py:188} INFO - [2025-07-13T23:43:17.747+0300] {dag.py:3954} INFO - Setting next_dagrun for example_params_ui_tutorial to None, run_after=None
[2025-07-13T23:43:17.779+0300] {processor.py:183} INFO - Processing /home/wal/.pyenv/versions/3.12.0/lib/python3.12/site-packages/airflow/example_dags/example_params_ui_tutorial.py took 0.148 seconds
[2025-07-13T23:44:13.907+0300] {processor.py:161} INFO - Started process (PID=6763) to work on /home/wal/.pyenv/versions/3.12.0/lib/python3.12/site-packages/airflow/example_dags/example_params_ui_tutorial.py
[2025-07-13T23:44:13.913+0300] {processor.py:830} INFO - Processing file /home/wal/.pyenv/versions/3.12.0/lib/python3.12/site-packages/airflow/example_dags/example_params_ui_tutorial.py for tasks to queue
[2025-07-13T23:44:13.917+0300] {logging_mixin.py:188} INFO - [2025-07-13T23:44:13.916+0300] {dagbag.py:545} INFO - Filling up the DagBag from /home/wal/.pyenv/versions/3.12.0/lib/python3.12/site-packages/airflow/example_dags/example_params_ui_tutorial.py
[2025-07-13T23:44:13.933+0300] {processor.py:840} INFO - DAG(s) 'example_params_ui_tutorial' retrieved from /home/wal/.pyenv/versions/3.12.0/lib/python3.12/site-packages/airflow/example_dags/example_params_ui_tutorial.py
[2025-07-13T23:44:13.993+0300] {logging_mixin.py:188} INFO - [2025-07-13T23:44:13.993+0300] {dag.py:3096} INFO - Sync 1 DAGs
[2025-07-13T23:44:14.008+0300] {logging_mixin.py:188} INFO - [2025-07-13T23:44:14.008+0300] {dag.py:3954} INFO - Setting next_dagrun for example_params_ui_tutorial to None, run_after=None
[2025-07-13T23:44:14.044+0300] {processor.py:183} INFO - Processing /home/wal/.pyenv/versions/3.12.0/lib/python3.12/site-packages/airflow/example_dags/example_params_ui_tutorial.py took 0.147 seconds
[2025-07-13T23:45:09.873+0300] {processor.py:161} INFO - Started process (PID=6818) to work on /home/wal/.pyenv/versions/3.12.0/lib/python3.12/site-packages/airflow/example_dags/example_params_ui_tutorial.py
[2025-07-13T23:45:09.876+0300] {processor.py:830} INFO - Processing file /home/wal/.pyenv/versions/3.12.0/lib/python3.12/site-packages/airflow/example_dags/example_params_ui_tutorial.py for tasks to queue
[2025-07-13T23:45:09.881+0300] {logging_mixin.py:188} INFO - [2025-07-13T23:45:09.880+0300] {dagbag.py:545} INFO - Filling up the DagBag from /home/wal/.pyenv/versions/3.12.0/lib/python3.12/site-packages/airflow/example_dags/example_params_ui_tutorial.py
[2025-07-13T23:45:09.899+0300] {processor.py:840} INFO - DAG(s) 'example_params_ui_tutorial' retrieved from /home/wal/.pyenv/versions/3.12.0/lib/python3.12/site-packages/airflow/example_dags/example_params_ui_tutorial.py
[2025-07-13T23:45:09.969+0300] {logging_mixin.py:188} INFO - [2025-07-13T23:45:09.969+0300] {dag.py:3096} INFO - Sync 1 DAGs
[2025-07-13T23:45:09.989+0300] {logging_mixin.py:188} INFO - [2025-07-13T23:45:09.988+0300] {dag.py:3954} INFO - Setting next_dagrun for example_params_ui_tutorial to None, run_after=None
[2025-07-13T23:45:10.018+0300] {processor.py:183} INFO - Processing /home/wal/.pyenv/versions/3.12.0/lib/python3.12/site-packages/airflow/example_dags/example_params_ui_tutorial.py took 0.152 seconds
[2025-07-13T23:46:06.335+0300] {processor.py:161} INFO - Started process (PID=6869) to work on /home/wal/.pyenv/versions/3.12.0/lib/python3.12/site-packages/airflow/example_dags/example_params_ui_tutorial.py
[2025-07-13T23:46:06.337+0300] {processor.py:830} INFO - Processing file /home/wal/.pyenv/versions/3.12.0/lib/python3.12/site-packages/airflow/example_dags/example_params_ui_tutorial.py for tasks to queue
[2025-07-13T23:46:06.343+0300] {logging_mixin.py:188} INFO - [2025-07-13T23:46:06.340+0300] {dagbag.py:545} INFO - Filling up the DagBag from /home/wal/.pyenv/versions/3.12.0/lib/python3.12/site-packages/airflow/example_dags/example_params_ui_tutorial.py
[2025-07-13T23:46:06.371+0300] {processor.py:840} INFO - DAG(s) 'example_params_ui_tutorial' retrieved from /home/wal/.pyenv/versions/3.12.0/lib/python3.12/site-packages/airflow/example_dags/example_params_ui_tutorial.py
[2025-07-13T23:46:06.521+0300] {logging_mixin.py:188} INFO - [2025-07-13T23:46:06.521+0300] {dag.py:3096} INFO - Sync 1 DAGs
[2025-07-13T23:46:06.551+0300] {logging_mixin.py:188} INFO - [2025-07-13T23:46:06.550+0300] {dag.py:3954} INFO - Setting next_dagrun for example_params_ui_tutorial to None, run_after=None
[2025-07-13T23:46:06.594+0300] {processor.py:183} INFO - Processing /home/wal/.pyenv/versions/3.12.0/lib/python3.12/site-packages/airflow/example_dags/example_params_ui_tutorial.py took 0.276 seconds
[2025-07-13T23:47:02.589+0300] {processor.py:161} INFO - Started process (PID=6920) to work on /home/wal/.pyenv/versions/3.12.0/lib/python3.12/site-packages/airflow/example_dags/example_params_ui_tutorial.py
[2025-07-13T23:47:02.594+0300] {processor.py:830} INFO - Processing file /home/wal/.pyenv/versions/3.12.0/lib/python3.12/site-packages/airflow/example_dags/example_params_ui_tutorial.py for tasks to queue
[2025-07-13T23:47:02.597+0300] {logging_mixin.py:188} INFO - [2025-07-13T23:47:02.596+0300] {dagbag.py:545} INFO - Filling up the DagBag from /home/wal/.pyenv/versions/3.12.0/lib/python3.12/site-packages/airflow/example_dags/example_params_ui_tutorial.py
[2025-07-13T23:47:02.620+0300] {processor.py:840} INFO - DAG(s) 'example_params_ui_tutorial' retrieved from /home/wal/.pyenv/versions/3.12.0/lib/python3.12/site-packages/airflow/example_dags/example_params_ui_tutorial.py
[2025-07-13T23:47:02.700+0300] {logging_mixin.py:188} INFO - [2025-07-13T23:47:02.700+0300] {dag.py:3096} INFO - Sync 1 DAGs
[2025-07-13T23:47:02.723+0300] {logging_mixin.py:188} INFO - [2025-07-13T23:47:02.723+0300] {dag.py:3954} INFO - Setting next_dagrun for example_params_ui_tutorial to None, run_after=None
[2025-07-13T23:47:02.757+0300] {processor.py:183} INFO - Processing /home/wal/.pyenv/versions/3.12.0/lib/python3.12/site-packages/airflow/example_dags/example_params_ui_tutorial.py took 0.178 seconds
[2025-07-13T23:47:57.593+0300] {processor.py:161} INFO - Started process (PID=6970) to work on /home/wal/.pyenv/versions/3.12.0/lib/python3.12/site-packages/airflow/example_dags/example_params_ui_tutorial.py
[2025-07-13T23:47:57.595+0300] {processor.py:830} INFO - Processing file /home/wal/.pyenv/versions/3.12.0/lib/python3.12/site-packages/airflow/example_dags/example_params_ui_tutorial.py for tasks to queue
[2025-07-13T23:47:57.598+0300] {logging_mixin.py:188} INFO - [2025-07-13T23:47:57.597+0300] {dagbag.py:545} INFO - Filling up the DagBag from /home/wal/.pyenv/versions/3.12.0/lib/python3.12/site-packages/airflow/example_dags/example_params_ui_tutorial.py
[2025-07-13T23:47:57.615+0300] {processor.py:840} INFO - DAG(s) 'example_params_ui_tutorial' retrieved from /home/wal/.pyenv/versions/3.12.0/lib/python3.12/site-packages/airflow/example_dags/example_params_ui_tutorial.py
[2025-07-13T23:47:57.673+0300] {logging_mixin.py:188} INFO - [2025-07-13T23:47:57.673+0300] {dag.py:3096} INFO - Sync 1 DAGs
[2025-07-13T23:47:57.688+0300] {logging_mixin.py:188} INFO - [2025-07-13T23:47:57.688+0300] {dag.py:3954} INFO - Setting next_dagrun for example_params_ui_tutorial to None, run_after=None
[2025-07-13T23:47:57.728+0300] {processor.py:183} INFO - Processing /home/wal/.pyenv/versions/3.12.0/lib/python3.12/site-packages/airflow/example_dags/example_params_ui_tutorial.py took 0.144 seconds
[2025-07-13T23:48:50.825+0300] {processor.py:161} INFO - Started process (PID=7020) to work on /home/wal/.pyenv/versions/3.12.0/lib/python3.12/site-packages/airflow/example_dags/example_params_ui_tutorial.py
[2025-07-13T23:48:50.831+0300] {processor.py:830} INFO - Processing file /home/wal/.pyenv/versions/3.12.0/lib/python3.12/site-packages/airflow/example_dags/example_params_ui_tutorial.py for tasks to queue
[2025-07-13T23:48:50.834+0300] {logging_mixin.py:188} INFO - [2025-07-13T23:48:50.833+0300] {dagbag.py:545} INFO - Filling up the DagBag from /home/wal/.pyenv/versions/3.12.0/lib/python3.12/site-packages/airflow/example_dags/example_params_ui_tutorial.py
[2025-07-13T23:48:50.849+0300] {processor.py:840} INFO - DAG(s) 'example_params_ui_tutorial' retrieved from /home/wal/.pyenv/versions/3.12.0/lib/python3.12/site-packages/airflow/example_dags/example_params_ui_tutorial.py
[2025-07-13T23:48:50.903+0300] {logging_mixin.py:188} INFO - [2025-07-13T23:48:50.902+0300] {dag.py:3096} INFO - Sync 1 DAGs
[2025-07-13T23:48:50.918+0300] {logging_mixin.py:188} INFO - [2025-07-13T23:48:50.917+0300] {dag.py:3954} INFO - Setting next_dagrun for example_params_ui_tutorial to None, run_after=None
[2025-07-13T23:48:50.949+0300] {processor.py:183} INFO - Processing /home/wal/.pyenv/versions/3.12.0/lib/python3.12/site-packages/airflow/example_dags/example_params_ui_tutorial.py took 0.131 seconds
[2025-07-13T23:49:45.841+0300] {processor.py:161} INFO - Started process (PID=7069) to work on /home/wal/.pyenv/versions/3.12.0/lib/python3.12/site-packages/airflow/example_dags/example_params_ui_tutorial.py
[2025-07-13T23:49:45.843+0300] {processor.py:830} INFO - Processing file /home/wal/.pyenv/versions/3.12.0/lib/python3.12/site-packages/airflow/example_dags/example_params_ui_tutorial.py for tasks to queue
[2025-07-13T23:49:45.845+0300] {logging_mixin.py:188} INFO - [2025-07-13T23:49:45.845+0300] {dagbag.py:545} INFO - Filling up the DagBag from /home/wal/.pyenv/versions/3.12.0/lib/python3.12/site-packages/airflow/example_dags/example_params_ui_tutorial.py
[2025-07-13T23:49:45.861+0300] {processor.py:840} INFO - DAG(s) 'example_params_ui_tutorial' retrieved from /home/wal/.pyenv/versions/3.12.0/lib/python3.12/site-packages/airflow/example_dags/example_params_ui_tutorial.py
[2025-07-13T23:49:45.916+0300] {logging_mixin.py:188} INFO - [2025-07-13T23:49:45.916+0300] {dag.py:3096} INFO - Sync 1 DAGs
[2025-07-13T23:49:45.933+0300] {logging_mixin.py:188} INFO - [2025-07-13T23:49:45.933+0300] {dag.py:3954} INFO - Setting next_dagrun for example_params_ui_tutorial to None, run_after=None
[2025-07-13T23:49:45.964+0300] {processor.py:183} INFO - Processing /home/wal/.pyenv/versions/3.12.0/lib/python3.12/site-packages/airflow/example_dags/example_params_ui_tutorial.py took 0.132 seconds
[2025-07-13T23:50:36.136+0300] {processor.py:161} INFO - Started process (PID=7117) to work on /home/wal/.pyenv/versions/3.12.0/lib/python3.12/site-packages/airflow/example_dags/example_params_ui_tutorial.py
[2025-07-13T23:50:36.138+0300] {processor.py:830} INFO - Processing file /home/wal/.pyenv/versions/3.12.0/lib/python3.12/site-packages/airflow/example_dags/example_params_ui_tutorial.py for tasks to queue
[2025-07-13T23:50:36.140+0300] {logging_mixin.py:188} INFO - [2025-07-13T23:50:36.140+0300] {dagbag.py:545} INFO - Filling up the DagBag from /home/wal/.pyenv/versions/3.12.0/lib/python3.12/site-packages/airflow/example_dags/example_params_ui_tutorial.py
[2025-07-13T23:50:36.160+0300] {processor.py:840} INFO - DAG(s) 'example_params_ui_tutorial' retrieved from /home/wal/.pyenv/versions/3.12.0/lib/python3.12/site-packages/airflow/example_dags/example_params_ui_tutorial.py
[2025-07-13T23:50:36.264+0300] {logging_mixin.py:188} INFO - [2025-07-13T23:50:36.263+0300] {dag.py:3096} INFO - Sync 1 DAGs
[2025-07-13T23:50:36.282+0300] {logging_mixin.py:188} INFO - [2025-07-13T23:50:36.282+0300] {dag.py:3954} INFO - Setting next_dagrun for example_params_ui_tutorial to None, run_after=None
[2025-07-13T23:50:36.316+0300] {processor.py:183} INFO - Processing /home/wal/.pyenv/versions/3.12.0/lib/python3.12/site-packages/airflow/example_dags/example_params_ui_tutorial.py took 0.192 seconds
[2025-07-13T23:51:32.591+0300] {processor.py:161} INFO - Started process (PID=7167) to work on /home/wal/.pyenv/versions/3.12.0/lib/python3.12/site-packages/airflow/example_dags/example_params_ui_tutorial.py
[2025-07-13T23:51:32.593+0300] {processor.py:830} INFO - Processing file /home/wal/.pyenv/versions/3.12.0/lib/python3.12/site-packages/airflow/example_dags/example_params_ui_tutorial.py for tasks to queue
[2025-07-13T23:51:32.596+0300] {logging_mixin.py:188} INFO - [2025-07-13T23:51:32.596+0300] {dagbag.py:545} INFO - Filling up the DagBag from /home/wal/.pyenv/versions/3.12.0/lib/python3.12/site-packages/airflow/example_dags/example_params_ui_tutorial.py
[2025-07-13T23:51:32.651+0300] {processor.py:840} INFO - DAG(s) 'example_params_ui_tutorial' retrieved from /home/wal/.pyenv/versions/3.12.0/lib/python3.12/site-packages/airflow/example_dags/example_params_ui_tutorial.py
[2025-07-13T23:51:32.772+0300] {logging_mixin.py:188} INFO - [2025-07-13T23:51:32.772+0300] {dag.py:3096} INFO - Sync 1 DAGs
[2025-07-13T23:51:32.794+0300] {logging_mixin.py:188} INFO - [2025-07-13T23:51:32.794+0300] {dag.py:3954} INFO - Setting next_dagrun for example_params_ui_tutorial to None, run_after=None
[2025-07-13T23:51:32.832+0300] {processor.py:183} INFO - Processing /home/wal/.pyenv/versions/3.12.0/lib/python3.12/site-packages/airflow/example_dags/example_params_ui_tutorial.py took 0.265 seconds
[2025-07-13T23:52:35.505+0300] {processor.py:161} INFO - Started process (PID=7223) to work on /home/wal/.pyenv/versions/3.12.0/lib/python3.12/site-packages/airflow/example_dags/example_params_ui_tutorial.py
[2025-07-13T23:52:35.507+0300] {processor.py:830} INFO - Processing file /home/wal/.pyenv/versions/3.12.0/lib/python3.12/site-packages/airflow/example_dags/example_params_ui_tutorial.py for tasks to queue
[2025-07-13T23:52:35.511+0300] {logging_mixin.py:188} INFO - [2025-07-13T23:52:35.509+0300] {dagbag.py:545} INFO - Filling up the DagBag from /home/wal/.pyenv/versions/3.12.0/lib/python3.12/site-packages/airflow/example_dags/example_params_ui_tutorial.py
[2025-07-13T23:52:35.533+0300] {processor.py:840} INFO - DAG(s) 'example_params_ui_tutorial' retrieved from /home/wal/.pyenv/versions/3.12.0/lib/python3.12/site-packages/airflow/example_dags/example_params_ui_tutorial.py
[2025-07-13T23:52:35.612+0300] {logging_mixin.py:188} INFO - [2025-07-13T23:52:35.612+0300] {dag.py:3096} INFO - Sync 1 DAGs
[2025-07-13T23:52:35.633+0300] {logging_mixin.py:188} INFO - [2025-07-13T23:52:35.633+0300] {dag.py:3954} INFO - Setting next_dagrun for example_params_ui_tutorial to None, run_after=None
[2025-07-13T23:52:35.678+0300] {processor.py:183} INFO - Processing /home/wal/.pyenv/versions/3.12.0/lib/python3.12/site-packages/airflow/example_dags/example_params_ui_tutorial.py took 0.181 seconds
[2025-07-13T23:53:33.387+0300] {processor.py:161} INFO - Started process (PID=7274) to work on /home/wal/.pyenv/versions/3.12.0/lib/python3.12/site-packages/airflow/example_dags/example_params_ui_tutorial.py
[2025-07-13T23:53:33.395+0300] {processor.py:830} INFO - Processing file /home/wal/.pyenv/versions/3.12.0/lib/python3.12/site-packages/airflow/example_dags/example_params_ui_tutorial.py for tasks to queue
[2025-07-13T23:53:33.398+0300] {logging_mixin.py:188} INFO - [2025-07-13T23:53:33.397+0300] {dagbag.py:545} INFO - Filling up the DagBag from /home/wal/.pyenv/versions/3.12.0/lib/python3.12/site-packages/airflow/example_dags/example_params_ui_tutorial.py
[2025-07-13T23:53:33.413+0300] {processor.py:840} INFO - DAG(s) 'example_params_ui_tutorial' retrieved from /home/wal/.pyenv/versions/3.12.0/lib/python3.12/site-packages/airflow/example_dags/example_params_ui_tutorial.py
[2025-07-13T23:53:33.471+0300] {logging_mixin.py:188} INFO - [2025-07-13T23:53:33.471+0300] {dag.py:3096} INFO - Sync 1 DAGs
[2025-07-13T23:53:33.486+0300] {logging_mixin.py:188} INFO - [2025-07-13T23:53:33.486+0300] {dag.py:3954} INFO - Setting next_dagrun for example_params_ui_tutorial to None, run_after=None
[2025-07-13T23:53:33.523+0300] {processor.py:183} INFO - Processing /home/wal/.pyenv/versions/3.12.0/lib/python3.12/site-packages/airflow/example_dags/example_params_ui_tutorial.py took 0.145 seconds
[2025-07-13T23:54:29.462+0300] {processor.py:161} INFO - Started process (PID=7326) to work on /home/wal/.pyenv/versions/3.12.0/lib/python3.12/site-packages/airflow/example_dags/example_params_ui_tutorial.py
[2025-07-13T23:54:29.464+0300] {processor.py:830} INFO - Processing file /home/wal/.pyenv/versions/3.12.0/lib/python3.12/site-packages/airflow/example_dags/example_params_ui_tutorial.py for tasks to queue
[2025-07-13T23:54:29.466+0300] {logging_mixin.py:188} INFO - [2025-07-13T23:54:29.465+0300] {dagbag.py:545} INFO - Filling up the DagBag from /home/wal/.pyenv/versions/3.12.0/lib/python3.12/site-packages/airflow/example_dags/example_params_ui_tutorial.py
[2025-07-13T23:54:29.483+0300] {processor.py:840} INFO - DAG(s) 'example_params_ui_tutorial' retrieved from /home/wal/.pyenv/versions/3.12.0/lib/python3.12/site-packages/airflow/example_dags/example_params_ui_tutorial.py
[2025-07-13T23:54:29.559+0300] {logging_mixin.py:188} INFO - [2025-07-13T23:54:29.558+0300] {dag.py:3096} INFO - Sync 1 DAGs
[2025-07-13T23:54:29.579+0300] {logging_mixin.py:188} INFO - [2025-07-13T23:54:29.579+0300] {dag.py:3954} INFO - Setting next_dagrun for example_params_ui_tutorial to None, run_after=None
[2025-07-13T23:54:29.612+0300] {processor.py:183} INFO - Processing /home/wal/.pyenv/versions/3.12.0/lib/python3.12/site-packages/airflow/example_dags/example_params_ui_tutorial.py took 0.162 seconds
[2025-07-13T23:55:26.572+0300] {processor.py:161} INFO - Started process (PID=7379) to work on /home/wal/.pyenv/versions/3.12.0/lib/python3.12/site-packages/airflow/example_dags/example_params_ui_tutorial.py
[2025-07-13T23:55:26.578+0300] {processor.py:830} INFO - Processing file /home/wal/.pyenv/versions/3.12.0/lib/python3.12/site-packages/airflow/example_dags/example_params_ui_tutorial.py for tasks to queue
[2025-07-13T23:55:26.582+0300] {logging_mixin.py:188} INFO - [2025-07-13T23:55:26.581+0300] {dagbag.py:545} INFO - Filling up the DagBag from /home/wal/.pyenv/versions/3.12.0/lib/python3.12/site-packages/airflow/example_dags/example_params_ui_tutorial.py
[2025-07-13T23:55:26.601+0300] {processor.py:840} INFO - DAG(s) 'example_params_ui_tutorial' retrieved from /home/wal/.pyenv/versions/3.12.0/lib/python3.12/site-packages/airflow/example_dags/example_params_ui_tutorial.py
[2025-07-13T23:55:26.675+0300] {logging_mixin.py:188} INFO - [2025-07-13T23:55:26.674+0300] {dag.py:3096} INFO - Sync 1 DAGs
[2025-07-13T23:55:26.696+0300] {logging_mixin.py:188} INFO - [2025-07-13T23:55:26.696+0300] {dag.py:3954} INFO - Setting next_dagrun for example_params_ui_tutorial to None, run_after=None
[2025-07-13T23:55:26.732+0300] {processor.py:183} INFO - Processing /home/wal/.pyenv/versions/3.12.0/lib/python3.12/site-packages/airflow/example_dags/example_params_ui_tutorial.py took 0.167 seconds
[2025-07-13T23:56:21.886+0300] {processor.py:161} INFO - Started process (PID=7429) to work on /home/wal/.pyenv/versions/3.12.0/lib/python3.12/site-packages/airflow/example_dags/example_params_ui_tutorial.py
[2025-07-13T23:56:21.888+0300] {processor.py:830} INFO - Processing file /home/wal/.pyenv/versions/3.12.0/lib/python3.12/site-packages/airflow/example_dags/example_params_ui_tutorial.py for tasks to queue
[2025-07-13T23:56:21.892+0300] {logging_mixin.py:188} INFO - [2025-07-13T23:56:21.891+0300] {dagbag.py:545} INFO - Filling up the DagBag from /home/wal/.pyenv/versions/3.12.0/lib/python3.12/site-packages/airflow/example_dags/example_params_ui_tutorial.py
[2025-07-13T23:56:21.912+0300] {processor.py:840} INFO - DAG(s) 'example_params_ui_tutorial' retrieved from /home/wal/.pyenv/versions/3.12.0/lib/python3.12/site-packages/airflow/example_dags/example_params_ui_tutorial.py
[2025-07-13T23:56:21.969+0300] {logging_mixin.py:188} INFO - [2025-07-13T23:56:21.969+0300] {dag.py:3096} INFO - Sync 1 DAGs
[2025-07-13T23:56:21.986+0300] {logging_mixin.py:188} INFO - [2025-07-13T23:56:21.985+0300] {dag.py:3954} INFO - Setting next_dagrun for example_params_ui_tutorial to None, run_after=None
[2025-07-13T23:56:22.016+0300] {processor.py:183} INFO - Processing /home/wal/.pyenv/versions/3.12.0/lib/python3.12/site-packages/airflow/example_dags/example_params_ui_tutorial.py took 0.143 seconds
[2025-07-13T23:57:18.386+0300] {processor.py:161} INFO - Started process (PID=7480) to work on /home/wal/.pyenv/versions/3.12.0/lib/python3.12/site-packages/airflow/example_dags/example_params_ui_tutorial.py
[2025-07-13T23:57:18.389+0300] {processor.py:830} INFO - Processing file /home/wal/.pyenv/versions/3.12.0/lib/python3.12/site-packages/airflow/example_dags/example_params_ui_tutorial.py for tasks to queue
[2025-07-13T23:57:18.391+0300] {logging_mixin.py:188} INFO - [2025-07-13T23:57:18.390+0300] {dagbag.py:545} INFO - Filling up the DagBag from /home/wal/.pyenv/versions/3.12.0/lib/python3.12/site-packages/airflow/example_dags/example_params_ui_tutorial.py
[2025-07-13T23:57:18.407+0300] {processor.py:840} INFO - DAG(s) 'example_params_ui_tutorial' retrieved from /home/wal/.pyenv/versions/3.12.0/lib/python3.12/site-packages/airflow/example_dags/example_params_ui_tutorial.py
[2025-07-13T23:57:18.469+0300] {logging_mixin.py:188} INFO - [2025-07-13T23:57:18.469+0300] {dag.py:3096} INFO - Sync 1 DAGs
[2025-07-13T23:57:18.488+0300] {logging_mixin.py:188} INFO - [2025-07-13T23:57:18.488+0300] {dag.py:3954} INFO - Setting next_dagrun for example_params_ui_tutorial to None, run_after=None
[2025-07-13T23:57:18.521+0300] {processor.py:183} INFO - Processing /home/wal/.pyenv/versions/3.12.0/lib/python3.12/site-packages/airflow/example_dags/example_params_ui_tutorial.py took 0.145 seconds
[2025-07-13T23:58:14.793+0300] {processor.py:161} INFO - Started process (PID=7532) to work on /home/wal/.pyenv/versions/3.12.0/lib/python3.12/site-packages/airflow/example_dags/example_params_ui_tutorial.py
[2025-07-13T23:58:14.795+0300] {processor.py:830} INFO - Processing file /home/wal/.pyenv/versions/3.12.0/lib/python3.12/site-packages/airflow/example_dags/example_params_ui_tutorial.py for tasks to queue
[2025-07-13T23:58:14.799+0300] {logging_mixin.py:188} INFO - [2025-07-13T23:58:14.799+0300] {dagbag.py:545} INFO - Filling up the DagBag from /home/wal/.pyenv/versions/3.12.0/lib/python3.12/site-packages/airflow/example_dags/example_params_ui_tutorial.py
[2025-07-13T23:58:14.816+0300] {processor.py:840} INFO - DAG(s) 'example_params_ui_tutorial' retrieved from /home/wal/.pyenv/versions/3.12.0/lib/python3.12/site-packages/airflow/example_dags/example_params_ui_tutorial.py
[2025-07-13T23:58:14.878+0300] {logging_mixin.py:188} INFO - [2025-07-13T23:58:14.877+0300] {dag.py:3096} INFO - Sync 1 DAGs
[2025-07-13T23:58:14.892+0300] {logging_mixin.py:188} INFO - [2025-07-13T23:58:14.891+0300] {dag.py:3954} INFO - Setting next_dagrun for example_params_ui_tutorial to None, run_after=None
[2025-07-13T23:58:14.922+0300] {processor.py:183} INFO - Processing /home/wal/.pyenv/versions/3.12.0/lib/python3.12/site-packages/airflow/example_dags/example_params_ui_tutorial.py took 0.136 seconds
[2025-07-13T23:59:07.938+0300] {processor.py:161} INFO - Started process (PID=7584) to work on /home/wal/.pyenv/versions/3.12.0/lib/python3.12/site-packages/airflow/example_dags/example_params_ui_tutorial.py
[2025-07-13T23:59:07.944+0300] {processor.py:830} INFO - Processing file /home/wal/.pyenv/versions/3.12.0/lib/python3.12/site-packages/airflow/example_dags/example_params_ui_tutorial.py for tasks to queue
[2025-07-13T23:59:07.946+0300] {logging_mixin.py:188} INFO - [2025-07-13T23:59:07.946+0300] {dagbag.py:545} INFO - Filling up the DagBag from /home/wal/.pyenv/versions/3.12.0/lib/python3.12/site-packages/airflow/example_dags/example_params_ui_tutorial.py
[2025-07-13T23:59:07.961+0300] {processor.py:840} INFO - DAG(s) 'example_params_ui_tutorial' retrieved from /home/wal/.pyenv/versions/3.12.0/lib/python3.12/site-packages/airflow/example_dags/example_params_ui_tutorial.py
[2025-07-13T23:59:08.022+0300] {logging_mixin.py:188} INFO - [2025-07-13T23:59:08.021+0300] {dag.py:3096} INFO - Sync 1 DAGs
[2025-07-13T23:59:08.040+0300] {logging_mixin.py:188} INFO - [2025-07-13T23:59:08.040+0300] {dag.py:3954} INFO - Setting next_dagrun for example_params_ui_tutorial to None, run_after=None
[2025-07-13T23:59:08.075+0300] {processor.py:183} INFO - Processing /home/wal/.pyenv/versions/3.12.0/lib/python3.12/site-packages/airflow/example_dags/example_params_ui_tutorial.py took 0.149 seconds
[2025-07-14T00:00:06.914+0300] {processor.py:161} INFO - Started process (PID=7635) to work on /home/wal/.pyenv/versions/3.12.0/lib/python3.12/site-packages/airflow/example_dags/example_params_ui_tutorial.py
[2025-07-14T00:00:06.916+0300] {processor.py:830} INFO - Processing file /home/wal/.pyenv/versions/3.12.0/lib/python3.12/site-packages/airflow/example_dags/example_params_ui_tutorial.py for tasks to queue
[2025-07-14T00:00:06.918+0300] {logging_mixin.py:188} INFO - [2025-07-14T00:00:06.918+0300] {dagbag.py:545} INFO - Filling up the DagBag from /home/wal/.pyenv/versions/3.12.0/lib/python3.12/site-packages/airflow/example_dags/example_params_ui_tutorial.py
[2025-07-14T00:00:06.935+0300] {processor.py:840} INFO - DAG(s) 'example_params_ui_tutorial' retrieved from /home/wal/.pyenv/versions/3.12.0/lib/python3.12/site-packages/airflow/example_dags/example_params_ui_tutorial.py
[2025-07-14T00:00:07.159+0300] {logging_mixin.py:188} INFO - [2025-07-14T00:00:07.158+0300] {dag.py:3096} INFO - Sync 1 DAGs
[2025-07-14T00:00:07.190+0300] {logging_mixin.py:188} INFO - [2025-07-14T00:00:07.190+0300] {dag.py:3954} INFO - Setting next_dagrun for example_params_ui_tutorial to None, run_after=None
[2025-07-14T00:00:07.283+0300] {processor.py:183} INFO - Processing /home/wal/.pyenv/versions/3.12.0/lib/python3.12/site-packages/airflow/example_dags/example_params_ui_tutorial.py took 0.382 seconds
[2025-07-14T00:01:05.112+0300] {processor.py:161} INFO - Started process (PID=7702) to work on /home/wal/.pyenv/versions/3.12.0/lib/python3.12/site-packages/airflow/example_dags/example_params_ui_tutorial.py
[2025-07-14T00:01:05.117+0300] {processor.py:830} INFO - Processing file /home/wal/.pyenv/versions/3.12.0/lib/python3.12/site-packages/airflow/example_dags/example_params_ui_tutorial.py for tasks to queue
[2025-07-14T00:01:05.121+0300] {logging_mixin.py:188} INFO - [2025-07-14T00:01:05.121+0300] {dagbag.py:545} INFO - Filling up the DagBag from /home/wal/.pyenv/versions/3.12.0/lib/python3.12/site-packages/airflow/example_dags/example_params_ui_tutorial.py
[2025-07-14T00:01:05.135+0300] {processor.py:840} INFO - DAG(s) 'example_params_ui_tutorial' retrieved from /home/wal/.pyenv/versions/3.12.0/lib/python3.12/site-packages/airflow/example_dags/example_params_ui_tutorial.py
[2025-07-14T00:01:05.189+0300] {logging_mixin.py:188} INFO - [2025-07-14T00:01:05.189+0300] {dag.py:3096} INFO - Sync 1 DAGs
[2025-07-14T00:01:05.203+0300] {logging_mixin.py:188} INFO - [2025-07-14T00:01:05.203+0300] {dag.py:3954} INFO - Setting next_dagrun for example_params_ui_tutorial to None, run_after=None
[2025-07-14T00:01:05.234+0300] {processor.py:183} INFO - Processing /home/wal/.pyenv/versions/3.12.0/lib/python3.12/site-packages/airflow/example_dags/example_params_ui_tutorial.py took 0.129 seconds
[2025-07-14T00:02:02.288+0300] {processor.py:161} INFO - Started process (PID=7753) to work on /home/wal/.pyenv/versions/3.12.0/lib/python3.12/site-packages/airflow/example_dags/example_params_ui_tutorial.py
[2025-07-14T00:02:02.295+0300] {processor.py:830} INFO - Processing file /home/wal/.pyenv/versions/3.12.0/lib/python3.12/site-packages/airflow/example_dags/example_params_ui_tutorial.py for tasks to queue
[2025-07-14T00:02:02.298+0300] {logging_mixin.py:188} INFO - [2025-07-14T00:02:02.297+0300] {dagbag.py:545} INFO - Filling up the DagBag from /home/wal/.pyenv/versions/3.12.0/lib/python3.12/site-packages/airflow/example_dags/example_params_ui_tutorial.py
[2025-07-14T00:02:02.323+0300] {processor.py:840} INFO - DAG(s) 'example_params_ui_tutorial' retrieved from /home/wal/.pyenv/versions/3.12.0/lib/python3.12/site-packages/airflow/example_dags/example_params_ui_tutorial.py
[2025-07-14T00:02:02.385+0300] {logging_mixin.py:188} INFO - [2025-07-14T00:02:02.384+0300] {dag.py:3096} INFO - Sync 1 DAGs
[2025-07-14T00:02:02.404+0300] {logging_mixin.py:188} INFO - [2025-07-14T00:02:02.403+0300] {dag.py:3954} INFO - Setting next_dagrun for example_params_ui_tutorial to None, run_after=None
[2025-07-14T00:02:02.432+0300] {processor.py:183} INFO - Processing /home/wal/.pyenv/versions/3.12.0/lib/python3.12/site-packages/airflow/example_dags/example_params_ui_tutorial.py took 0.154 seconds
[2025-07-14T00:02:56.816+0300] {processor.py:161} INFO - Started process (PID=7802) to work on /home/wal/.pyenv/versions/3.12.0/lib/python3.12/site-packages/airflow/example_dags/example_params_ui_tutorial.py
[2025-07-14T00:02:56.824+0300] {processor.py:830} INFO - Processing file /home/wal/.pyenv/versions/3.12.0/lib/python3.12/site-packages/airflow/example_dags/example_params_ui_tutorial.py for tasks to queue
[2025-07-14T00:02:56.829+0300] {logging_mixin.py:188} INFO - [2025-07-14T00:02:56.828+0300] {dagbag.py:545} INFO - Filling up the DagBag from /home/wal/.pyenv/versions/3.12.0/lib/python3.12/site-packages/airflow/example_dags/example_params_ui_tutorial.py
[2025-07-14T00:02:56.866+0300] {processor.py:840} INFO - DAG(s) 'example_params_ui_tutorial' retrieved from /home/wal/.pyenv/versions/3.12.0/lib/python3.12/site-packages/airflow/example_dags/example_params_ui_tutorial.py
[2025-07-14T00:02:56.945+0300] {logging_mixin.py:188} INFO - [2025-07-14T00:02:56.944+0300] {dag.py:3096} INFO - Sync 1 DAGs
[2025-07-14T00:02:56.981+0300] {logging_mixin.py:188} INFO - [2025-07-14T00:02:56.981+0300] {dag.py:3954} INFO - Setting next_dagrun for example_params_ui_tutorial to None, run_after=None
[2025-07-14T00:02:57.023+0300] {processor.py:183} INFO - Processing /home/wal/.pyenv/versions/3.12.0/lib/python3.12/site-packages/airflow/example_dags/example_params_ui_tutorial.py took 0.225 seconds
[2025-07-14T00:03:51.599+0300] {processor.py:161} INFO - Started process (PID=7853) to work on /home/wal/.pyenv/versions/3.12.0/lib/python3.12/site-packages/airflow/example_dags/example_params_ui_tutorial.py
[2025-07-14T00:03:51.602+0300] {processor.py:830} INFO - Processing file /home/wal/.pyenv/versions/3.12.0/lib/python3.12/site-packages/airflow/example_dags/example_params_ui_tutorial.py for tasks to queue
[2025-07-14T00:03:51.606+0300] {logging_mixin.py:188} INFO - [2025-07-14T00:03:51.605+0300] {dagbag.py:545} INFO - Filling up the DagBag from /home/wal/.pyenv/versions/3.12.0/lib/python3.12/site-packages/airflow/example_dags/example_params_ui_tutorial.py
[2025-07-14T00:03:51.623+0300] {processor.py:840} INFO - DAG(s) 'example_params_ui_tutorial' retrieved from /home/wal/.pyenv/versions/3.12.0/lib/python3.12/site-packages/airflow/example_dags/example_params_ui_tutorial.py
[2025-07-14T00:03:51.685+0300] {logging_mixin.py:188} INFO - [2025-07-14T00:03:51.685+0300] {dag.py:3096} INFO - Sync 1 DAGs
[2025-07-14T00:03:51.700+0300] {logging_mixin.py:188} INFO - [2025-07-14T00:03:51.700+0300] {dag.py:3954} INFO - Setting next_dagrun for example_params_ui_tutorial to None, run_after=None
[2025-07-14T00:03:51.726+0300] {processor.py:183} INFO - Processing /home/wal/.pyenv/versions/3.12.0/lib/python3.12/site-packages/airflow/example_dags/example_params_ui_tutorial.py took 0.135 seconds
[2025-07-14T00:04:43.698+0300] {processor.py:161} INFO - Started process (PID=7902) to work on /home/wal/.pyenv/versions/3.12.0/lib/python3.12/site-packages/airflow/example_dags/example_params_ui_tutorial.py
[2025-07-14T00:04:43.700+0300] {processor.py:830} INFO - Processing file /home/wal/.pyenv/versions/3.12.0/lib/python3.12/site-packages/airflow/example_dags/example_params_ui_tutorial.py for tasks to queue
[2025-07-14T00:04:43.706+0300] {logging_mixin.py:188} INFO - [2025-07-14T00:04:43.703+0300] {dagbag.py:545} INFO - Filling up the DagBag from /home/wal/.pyenv/versions/3.12.0/lib/python3.12/site-packages/airflow/example_dags/example_params_ui_tutorial.py
[2025-07-14T00:04:43.741+0300] {processor.py:840} INFO - DAG(s) 'example_params_ui_tutorial' retrieved from /home/wal/.pyenv/versions/3.12.0/lib/python3.12/site-packages/airflow/example_dags/example_params_ui_tutorial.py
[2025-07-14T00:04:43.905+0300] {logging_mixin.py:188} INFO - [2025-07-14T00:04:43.905+0300] {dag.py:3096} INFO - Sync 1 DAGs
[2025-07-14T00:04:43.950+0300] {logging_mixin.py:188} INFO - [2025-07-14T00:04:43.950+0300] {dag.py:3954} INFO - Setting next_dagrun for example_params_ui_tutorial to None, run_after=None
[2025-07-14T00:04:44.005+0300] {processor.py:183} INFO - Processing /home/wal/.pyenv/versions/3.12.0/lib/python3.12/site-packages/airflow/example_dags/example_params_ui_tutorial.py took 0.326 seconds
[2025-07-14T00:05:35.878+0300] {processor.py:161} INFO - Started process (PID=7957) to work on /home/wal/.pyenv/versions/3.12.0/lib/python3.12/site-packages/airflow/example_dags/example_params_ui_tutorial.py
[2025-07-14T00:05:35.884+0300] {processor.py:830} INFO - Processing file /home/wal/.pyenv/versions/3.12.0/lib/python3.12/site-packages/airflow/example_dags/example_params_ui_tutorial.py for tasks to queue
[2025-07-14T00:05:35.886+0300] {logging_mixin.py:188} INFO - [2025-07-14T00:05:35.886+0300] {dagbag.py:545} INFO - Filling up the DagBag from /home/wal/.pyenv/versions/3.12.0/lib/python3.12/site-packages/airflow/example_dags/example_params_ui_tutorial.py
[2025-07-14T00:05:35.902+0300] {processor.py:840} INFO - DAG(s) 'example_params_ui_tutorial' retrieved from /home/wal/.pyenv/versions/3.12.0/lib/python3.12/site-packages/airflow/example_dags/example_params_ui_tutorial.py
[2025-07-14T00:05:35.960+0300] {logging_mixin.py:188} INFO - [2025-07-14T00:05:35.960+0300] {dag.py:3096} INFO - Sync 1 DAGs
[2025-07-14T00:05:35.977+0300] {logging_mixin.py:188} INFO - [2025-07-14T00:05:35.976+0300] {dag.py:3954} INFO - Setting next_dagrun for example_params_ui_tutorial to None, run_after=None
[2025-07-14T00:05:36.008+0300] {processor.py:183} INFO - Processing /home/wal/.pyenv/versions/3.12.0/lib/python3.12/site-packages/airflow/example_dags/example_params_ui_tutorial.py took 0.139 seconds
[2025-07-14T00:06:31.112+0300] {processor.py:161} INFO - Started process (PID=8007) to work on /home/wal/.pyenv/versions/3.12.0/lib/python3.12/site-packages/airflow/example_dags/example_params_ui_tutorial.py
[2025-07-14T00:06:31.114+0300] {processor.py:830} INFO - Processing file /home/wal/.pyenv/versions/3.12.0/lib/python3.12/site-packages/airflow/example_dags/example_params_ui_tutorial.py for tasks to queue
[2025-07-14T00:06:31.116+0300] {logging_mixin.py:188} INFO - [2025-07-14T00:06:31.116+0300] {dagbag.py:545} INFO - Filling up the DagBag from /home/wal/.pyenv/versions/3.12.0/lib/python3.12/site-packages/airflow/example_dags/example_params_ui_tutorial.py
[2025-07-14T00:06:31.131+0300] {processor.py:840} INFO - DAG(s) 'example_params_ui_tutorial' retrieved from /home/wal/.pyenv/versions/3.12.0/lib/python3.12/site-packages/airflow/example_dags/example_params_ui_tutorial.py
[2025-07-14T00:06:31.189+0300] {logging_mixin.py:188} INFO - [2025-07-14T00:06:31.189+0300] {dag.py:3096} INFO - Sync 1 DAGs
[2025-07-14T00:06:31.206+0300] {logging_mixin.py:188} INFO - [2025-07-14T00:06:31.206+0300] {dag.py:3954} INFO - Setting next_dagrun for example_params_ui_tutorial to None, run_after=None
[2025-07-14T00:06:31.234+0300] {processor.py:183} INFO - Processing /home/wal/.pyenv/versions/3.12.0/lib/python3.12/site-packages/airflow/example_dags/example_params_ui_tutorial.py took 0.131 seconds
[2025-07-14T00:07:23.458+0300] {processor.py:161} INFO - Started process (PID=8055) to work on /home/wal/.pyenv/versions/3.12.0/lib/python3.12/site-packages/airflow/example_dags/example_params_ui_tutorial.py
[2025-07-14T00:07:23.462+0300] {processor.py:830} INFO - Processing file /home/wal/.pyenv/versions/3.12.0/lib/python3.12/site-packages/airflow/example_dags/example_params_ui_tutorial.py for tasks to queue
[2025-07-14T00:07:23.465+0300] {logging_mixin.py:188} INFO - [2025-07-14T00:07:23.465+0300] {dagbag.py:545} INFO - Filling up the DagBag from /home/wal/.pyenv/versions/3.12.0/lib/python3.12/site-packages/airflow/example_dags/example_params_ui_tutorial.py
[2025-07-14T00:07:23.484+0300] {processor.py:840} INFO - DAG(s) 'example_params_ui_tutorial' retrieved from /home/wal/.pyenv/versions/3.12.0/lib/python3.12/site-packages/airflow/example_dags/example_params_ui_tutorial.py
[2025-07-14T00:07:23.611+0300] {logging_mixin.py:188} INFO - [2025-07-14T00:07:23.610+0300] {dag.py:3096} INFO - Sync 1 DAGs
[2025-07-14T00:07:23.638+0300] {logging_mixin.py:188} INFO - [2025-07-14T00:07:23.637+0300] {dag.py:3954} INFO - Setting next_dagrun for example_params_ui_tutorial to None, run_after=None
[2025-07-14T00:07:23.687+0300] {processor.py:183} INFO - Processing /home/wal/.pyenv/versions/3.12.0/lib/python3.12/site-packages/airflow/example_dags/example_params_ui_tutorial.py took 0.243 seconds
[2025-07-14T00:55:51.619+0300] {processor.py:161} INFO - Started process (PID=8126) to work on /home/wal/.pyenv/versions/3.12.0/lib/python3.12/site-packages/airflow/example_dags/example_params_ui_tutorial.py
[2025-07-14T00:55:51.635+0300] {processor.py:830} INFO - Processing file /home/wal/.pyenv/versions/3.12.0/lib/python3.12/site-packages/airflow/example_dags/example_params_ui_tutorial.py for tasks to queue
[2025-07-14T00:55:51.668+0300] {logging_mixin.py:188} INFO - [2025-07-14T00:55:51.664+0300] {dagbag.py:545} INFO - Filling up the DagBag from /home/wal/.pyenv/versions/3.12.0/lib/python3.12/site-packages/airflow/example_dags/example_params_ui_tutorial.py
[2025-07-14T00:55:51.935+0300] {processor.py:840} INFO - DAG(s) 'example_params_ui_tutorial' retrieved from /home/wal/.pyenv/versions/3.12.0/lib/python3.12/site-packages/airflow/example_dags/example_params_ui_tutorial.py
[2025-07-14T00:55:52.606+0300] {logging_mixin.py:188} INFO - [2025-07-14T00:55:52.605+0300] {dag.py:3096} INFO - Sync 1 DAGs
[2025-07-14T00:55:52.751+0300] {logging_mixin.py:188} INFO - [2025-07-14T00:55:52.750+0300] {dag.py:3954} INFO - Setting next_dagrun for example_params_ui_tutorial to None, run_after=None
[2025-07-14T00:55:53.003+0300] {processor.py:183} INFO - Processing /home/wal/.pyenv/versions/3.12.0/lib/python3.12/site-packages/airflow/example_dags/example_params_ui_tutorial.py took 1.514 seconds
