[2025-07-13T22:56:33.841+0300] {processor.py:161} INFO - Started process (PID=4045) to work on /home/wal/.pyenv/versions/3.12.0/lib/python3.12/site-packages/airflow/example_dags/example_bash_operator.py
[2025-07-13T22:56:33.842+0300] {processor.py:830} INFO - Processing file /home/wal/.pyenv/versions/3.12.0/lib/python3.12/site-packages/airflow/example_dags/example_bash_operator.py for tasks to queue
[2025-07-13T22:56:33.843+0300] {logging_mixin.py:188} INFO - [2025-07-13T22:56:33.843+0300] {dagbag.py:545} INFO - Filling up the DagBag from /home/wal/.pyenv/versions/3.12.0/lib/python3.12/site-packages/airflow/example_dags/example_bash_operator.py
[2025-07-13T22:56:33.857+0300] {processor.py:840} INFO - DAG(s) 'example_bash_operator' retrieved from /home/wal/.pyenv/versions/3.12.0/lib/python3.12/site-packages/airflow/example_dags/example_bash_operator.py
[2025-07-13T22:56:33.885+0300] {logging_mixin.py:188} INFO - [2025-07-13T22:56:33.885+0300] {dag.py:3096} INFO - Sync 1 DAGs
[2025-07-13T22:56:33.909+0300] {logging_mixin.py:188} INFO - [2025-07-13T22:56:33.909+0300] {dag.py:3954} INFO - Setting next_dagrun for example_bash_operator to 2025-07-12 00:00:00+00:00, run_after=2025-07-13 00:00:00+00:00
[2025-07-13T22:56:33.934+0300] {processor.py:183} INFO - Processing /home/wal/.pyenv/versions/3.12.0/lib/python3.12/site-packages/airflow/example_dags/example_bash_operator.py took 0.101 seconds
[2025-07-13T22:57:29.684+0300] {processor.py:161} INFO - Started process (PID=4183) to work on /home/wal/.pyenv/versions/3.12.0/lib/python3.12/site-packages/airflow/example_dags/example_bash_operator.py
[2025-07-13T22:57:29.685+0300] {processor.py:830} INFO - Processing file /home/wal/.pyenv/versions/3.12.0/lib/python3.12/site-packages/airflow/example_dags/example_bash_operator.py for tasks to queue
[2025-07-13T22:57:29.687+0300] {logging_mixin.py:188} INFO - [2025-07-13T22:57:29.687+0300] {dagbag.py:545} INFO - Filling up the DagBag from /home/wal/.pyenv/versions/3.12.0/lib/python3.12/site-packages/airflow/example_dags/example_bash_operator.py
[2025-07-13T22:57:29.700+0300] {processor.py:840} INFO - DAG(s) 'example_bash_operator' retrieved from /home/wal/.pyenv/versions/3.12.0/lib/python3.12/site-packages/airflow/example_dags/example_bash_operator.py
[2025-07-13T22:57:29.727+0300] {logging_mixin.py:188} INFO - [2025-07-13T22:57:29.727+0300] {dag.py:3096} INFO - Sync 1 DAGs
[2025-07-13T22:57:29.752+0300] {logging_mixin.py:188} INFO - [2025-07-13T22:57:29.752+0300] {dag.py:3954} INFO - Setting next_dagrun for example_bash_operator to 2025-07-12 00:00:00+00:00, run_after=2025-07-13 00:00:00+00:00
[2025-07-13T22:57:29.778+0300] {processor.py:183} INFO - Processing /home/wal/.pyenv/versions/3.12.0/lib/python3.12/site-packages/airflow/example_dags/example_bash_operator.py took 0.102 seconds
[2025-07-13T22:58:27.328+0300] {processor.py:161} INFO - Started process (PID=4293) to work on /home/wal/.pyenv/versions/3.12.0/lib/python3.12/site-packages/airflow/example_dags/example_bash_operator.py
[2025-07-13T22:58:27.330+0300] {processor.py:830} INFO - Processing file /home/wal/.pyenv/versions/3.12.0/lib/python3.12/site-packages/airflow/example_dags/example_bash_operator.py for tasks to queue
[2025-07-13T22:58:27.332+0300] {logging_mixin.py:188} INFO - [2025-07-13T22:58:27.331+0300] {dagbag.py:545} INFO - Filling up the DagBag from /home/wal/.pyenv/versions/3.12.0/lib/python3.12/site-packages/airflow/example_dags/example_bash_operator.py
[2025-07-13T22:58:27.347+0300] {processor.py:840} INFO - DAG(s) 'example_bash_operator' retrieved from /home/wal/.pyenv/versions/3.12.0/lib/python3.12/site-packages/airflow/example_dags/example_bash_operator.py
[2025-07-13T22:58:27.374+0300] {logging_mixin.py:188} INFO - [2025-07-13T22:58:27.374+0300] {dag.py:3096} INFO - Sync 1 DAGs
[2025-07-13T22:58:27.400+0300] {logging_mixin.py:188} INFO - [2025-07-13T22:58:27.400+0300] {dag.py:3954} INFO - Setting next_dagrun for example_bash_operator to 2025-07-12 00:00:00+00:00, run_after=2025-07-13 00:00:00+00:00
[2025-07-13T22:58:27.428+0300] {processor.py:183} INFO - Processing /home/wal/.pyenv/versions/3.12.0/lib/python3.12/site-packages/airflow/example_dags/example_bash_operator.py took 0.106 seconds
[2025-07-13T23:00:14.133+0300] {processor.py:161} INFO - Started process (PID=4553) to work on /home/wal/.pyenv/versions/3.12.0/lib/python3.12/site-packages/airflow/example_dags/example_bash_operator.py
[2025-07-13T23:00:14.137+0300] {processor.py:830} INFO - Processing file /home/wal/.pyenv/versions/3.12.0/lib/python3.12/site-packages/airflow/example_dags/example_bash_operator.py for tasks to queue
[2025-07-13T23:00:14.142+0300] {logging_mixin.py:188} INFO - [2025-07-13T23:00:14.141+0300] {dagbag.py:545} INFO - Filling up the DagBag from /home/wal/.pyenv/versions/3.12.0/lib/python3.12/site-packages/airflow/example_dags/example_bash_operator.py
[2025-07-13T23:00:14.166+0300] {processor.py:840} INFO - DAG(s) 'example_bash_operator' retrieved from /home/wal/.pyenv/versions/3.12.0/lib/python3.12/site-packages/airflow/example_dags/example_bash_operator.py
[2025-07-13T23:00:14.489+0300] {logging_mixin.py:188} INFO - [2025-07-13T23:00:14.488+0300] {dag.py:3096} INFO - Sync 1 DAGs
[2025-07-13T23:00:14.552+0300] {logging_mixin.py:188} INFO - [2025-07-13T23:00:14.551+0300] {dag.py:3954} INFO - Setting next_dagrun for example_bash_operator to 2025-07-12 00:00:00+00:00, run_after=2025-07-13 00:00:00+00:00
[2025-07-13T23:00:14.612+0300] {processor.py:183} INFO - Processing /home/wal/.pyenv/versions/3.12.0/lib/python3.12/site-packages/airflow/example_dags/example_bash_operator.py took 0.492 seconds
[2025-07-13T23:01:59.700+0300] {processor.py:161} INFO - Started process (PID=4620) to work on /home/wal/.pyenv/versions/3.12.0/lib/python3.12/site-packages/airflow/example_dags/example_bash_operator.py
[2025-07-13T23:01:59.703+0300] {processor.py:830} INFO - Processing file /home/wal/.pyenv/versions/3.12.0/lib/python3.12/site-packages/airflow/example_dags/example_bash_operator.py for tasks to queue
[2025-07-13T23:01:59.708+0300] {logging_mixin.py:188} INFO - [2025-07-13T23:01:59.707+0300] {dagbag.py:545} INFO - Filling up the DagBag from /home/wal/.pyenv/versions/3.12.0/lib/python3.12/site-packages/airflow/example_dags/example_bash_operator.py
[2025-07-13T23:01:59.744+0300] {processor.py:840} INFO - DAG(s) 'example_bash_operator' retrieved from /home/wal/.pyenv/versions/3.12.0/lib/python3.12/site-packages/airflow/example_dags/example_bash_operator.py
[2025-07-13T23:01:59.803+0300] {logging_mixin.py:188} INFO - [2025-07-13T23:01:59.803+0300] {dag.py:3096} INFO - Sync 1 DAGs
[2025-07-13T23:01:59.868+0300] {logging_mixin.py:188} INFO - [2025-07-13T23:01:59.867+0300] {dag.py:3954} INFO - Setting next_dagrun for example_bash_operator to 2025-07-12 00:00:00+00:00, run_after=2025-07-13 00:00:00+00:00
[2025-07-13T23:01:59.985+0300] {processor.py:183} INFO - Processing /home/wal/.pyenv/versions/3.12.0/lib/python3.12/site-packages/airflow/example_dags/example_bash_operator.py took 0.304 seconds
[2025-07-13T23:03:38.171+0300] {processor.py:161} INFO - Started process (PID=4691) to work on /home/wal/.pyenv/versions/3.12.0/lib/python3.12/site-packages/airflow/example_dags/example_bash_operator.py
[2025-07-13T23:03:38.175+0300] {processor.py:830} INFO - Processing file /home/wal/.pyenv/versions/3.12.0/lib/python3.12/site-packages/airflow/example_dags/example_bash_operator.py for tasks to queue
[2025-07-13T23:03:38.184+0300] {logging_mixin.py:188} INFO - [2025-07-13T23:03:38.182+0300] {dagbag.py:545} INFO - Filling up the DagBag from /home/wal/.pyenv/versions/3.12.0/lib/python3.12/site-packages/airflow/example_dags/example_bash_operator.py
[2025-07-13T23:03:38.248+0300] {processor.py:840} INFO - DAG(s) 'example_bash_operator' retrieved from /home/wal/.pyenv/versions/3.12.0/lib/python3.12/site-packages/airflow/example_dags/example_bash_operator.py
[2025-07-13T23:03:38.428+0300] {logging_mixin.py:188} INFO - [2025-07-13T23:03:38.427+0300] {dag.py:3096} INFO - Sync 1 DAGs
[2025-07-13T23:03:38.582+0300] {logging_mixin.py:188} INFO - [2025-07-13T23:03:38.580+0300] {dag.py:3954} INFO - Setting next_dagrun for example_bash_operator to 2025-07-12 00:00:00+00:00, run_after=2025-07-13 00:00:00+00:00
[2025-07-13T23:03:38.749+0300] {processor.py:183} INFO - Processing /home/wal/.pyenv/versions/3.12.0/lib/python3.12/site-packages/airflow/example_dags/example_bash_operator.py took 0.610 seconds
[2025-07-13T23:04:52.239+0300] {processor.py:161} INFO - Started process (PID=4751) to work on /home/wal/.pyenv/versions/3.12.0/lib/python3.12/site-packages/airflow/example_dags/example_bash_operator.py
[2025-07-13T23:04:52.242+0300] {processor.py:830} INFO - Processing file /home/wal/.pyenv/versions/3.12.0/lib/python3.12/site-packages/airflow/example_dags/example_bash_operator.py for tasks to queue
[2025-07-13T23:04:52.249+0300] {logging_mixin.py:188} INFO - [2025-07-13T23:04:52.247+0300] {dagbag.py:545} INFO - Filling up the DagBag from /home/wal/.pyenv/versions/3.12.0/lib/python3.12/site-packages/airflow/example_dags/example_bash_operator.py
[2025-07-13T23:04:52.321+0300] {processor.py:840} INFO - DAG(s) 'example_bash_operator' retrieved from /home/wal/.pyenv/versions/3.12.0/lib/python3.12/site-packages/airflow/example_dags/example_bash_operator.py
[2025-07-13T23:04:52.518+0300] {logging_mixin.py:188} INFO - [2025-07-13T23:04:52.517+0300] {dag.py:3096} INFO - Sync 1 DAGs
[2025-07-13T23:04:52.712+0300] {logging_mixin.py:188} INFO - [2025-07-13T23:04:52.709+0300] {dag.py:3954} INFO - Setting next_dagrun for example_bash_operator to 2025-07-12 00:00:00+00:00, run_after=2025-07-13 00:00:00+00:00
[2025-07-13T23:04:52.843+0300] {processor.py:183} INFO - Processing /home/wal/.pyenv/versions/3.12.0/lib/python3.12/site-packages/airflow/example_dags/example_bash_operator.py took 0.627 seconds
[2025-07-13T23:06:22.459+0300] {processor.py:161} INFO - Started process (PID=4817) to work on /home/wal/.pyenv/versions/3.12.0/lib/python3.12/site-packages/airflow/example_dags/example_bash_operator.py
[2025-07-13T23:06:22.465+0300] {processor.py:830} INFO - Processing file /home/wal/.pyenv/versions/3.12.0/lib/python3.12/site-packages/airflow/example_dags/example_bash_operator.py for tasks to queue
[2025-07-13T23:06:22.472+0300] {logging_mixin.py:188} INFO - [2025-07-13T23:06:22.470+0300] {dagbag.py:545} INFO - Filling up the DagBag from /home/wal/.pyenv/versions/3.12.0/lib/python3.12/site-packages/airflow/example_dags/example_bash_operator.py
[2025-07-13T23:06:22.555+0300] {processor.py:840} INFO - DAG(s) 'example_bash_operator' retrieved from /home/wal/.pyenv/versions/3.12.0/lib/python3.12/site-packages/airflow/example_dags/example_bash_operator.py
[2025-07-13T23:06:22.769+0300] {logging_mixin.py:188} INFO - [2025-07-13T23:06:22.758+0300] {dag.py:3096} INFO - Sync 1 DAGs
[2025-07-13T23:06:22.940+0300] {logging_mixin.py:188} INFO - [2025-07-13T23:06:22.939+0300] {dag.py:3954} INFO - Setting next_dagrun for example_bash_operator to 2025-07-12 00:00:00+00:00, run_after=2025-07-13 00:00:00+00:00
[2025-07-13T23:06:23.133+0300] {processor.py:183} INFO - Processing /home/wal/.pyenv/versions/3.12.0/lib/python3.12/site-packages/airflow/example_dags/example_bash_operator.py took 0.708 seconds
[2025-07-13T23:07:50.106+0300] {processor.py:161} INFO - Started process (PID=4886) to work on /home/wal/.pyenv/versions/3.12.0/lib/python3.12/site-packages/airflow/example_dags/example_bash_operator.py
[2025-07-13T23:07:50.113+0300] {processor.py:830} INFO - Processing file /home/wal/.pyenv/versions/3.12.0/lib/python3.12/site-packages/airflow/example_dags/example_bash_operator.py for tasks to queue
[2025-07-13T23:07:50.116+0300] {logging_mixin.py:188} INFO - [2025-07-13T23:07:50.115+0300] {dagbag.py:545} INFO - Filling up the DagBag from /home/wal/.pyenv/versions/3.12.0/lib/python3.12/site-packages/airflow/example_dags/example_bash_operator.py
[2025-07-13T23:07:50.156+0300] {processor.py:840} INFO - DAG(s) 'example_bash_operator' retrieved from /home/wal/.pyenv/versions/3.12.0/lib/python3.12/site-packages/airflow/example_dags/example_bash_operator.py
[2025-07-13T23:07:50.272+0300] {logging_mixin.py:188} INFO - [2025-07-13T23:07:50.271+0300] {dag.py:3096} INFO - Sync 1 DAGs
[2025-07-13T23:07:50.374+0300] {logging_mixin.py:188} INFO - [2025-07-13T23:07:50.374+0300] {dag.py:3954} INFO - Setting next_dagrun for example_bash_operator to 2025-07-12 00:00:00+00:00, run_after=2025-07-13 00:00:00+00:00
[2025-07-13T23:07:50.461+0300] {processor.py:183} INFO - Processing /home/wal/.pyenv/versions/3.12.0/lib/python3.12/site-packages/airflow/example_dags/example_bash_operator.py took 0.363 seconds
[2025-07-13T23:08:49.799+0300] {processor.py:161} INFO - Started process (PID=4940) to work on /home/wal/.pyenv/versions/3.12.0/lib/python3.12/site-packages/airflow/example_dags/example_bash_operator.py
[2025-07-13T23:08:49.801+0300] {processor.py:830} INFO - Processing file /home/wal/.pyenv/versions/3.12.0/lib/python3.12/site-packages/airflow/example_dags/example_bash_operator.py for tasks to queue
[2025-07-13T23:08:49.804+0300] {logging_mixin.py:188} INFO - [2025-07-13T23:08:49.803+0300] {dagbag.py:545} INFO - Filling up the DagBag from /home/wal/.pyenv/versions/3.12.0/lib/python3.12/site-packages/airflow/example_dags/example_bash_operator.py
[2025-07-13T23:08:50.622+0300] {processor.py:840} INFO - DAG(s) 'example_bash_operator' retrieved from /home/wal/.pyenv/versions/3.12.0/lib/python3.12/site-packages/airflow/example_dags/example_bash_operator.py
[2025-07-13T23:08:50.662+0300] {logging_mixin.py:188} INFO - [2025-07-13T23:08:50.662+0300] {dag.py:3096} INFO - Sync 1 DAGs
[2025-07-13T23:08:50.694+0300] {logging_mixin.py:188} INFO - [2025-07-13T23:08:50.694+0300] {dag.py:3954} INFO - Setting next_dagrun for example_bash_operator to 2025-07-12 00:00:00+00:00, run_after=2025-07-13 00:00:00+00:00
[2025-07-13T23:08:50.727+0300] {processor.py:183} INFO - Processing /home/wal/.pyenv/versions/3.12.0/lib/python3.12/site-packages/airflow/example_dags/example_bash_operator.py took 0.134 seconds
[2025-07-13T23:09:57.690+0300] {processor.py:161} INFO - Started process (PID=4994) to work on /home/wal/.pyenv/versions/3.12.0/lib/python3.12/site-packages/airflow/example_dags/example_bash_operator.py
[2025-07-13T23:09:57.697+0300] {processor.py:830} INFO - Processing file /home/wal/.pyenv/versions/3.12.0/lib/python3.12/site-packages/airflow/example_dags/example_bash_operator.py for tasks to queue
[2025-07-13T23:09:57.700+0300] {logging_mixin.py:188} INFO - [2025-07-13T23:09:57.700+0300] {dagbag.py:545} INFO - Filling up the DagBag from /home/wal/.pyenv/versions/3.12.0/lib/python3.12/site-packages/airflow/example_dags/example_bash_operator.py
[2025-07-13T23:09:57.727+0300] {processor.py:840} INFO - DAG(s) 'example_bash_operator' retrieved from /home/wal/.pyenv/versions/3.12.0/lib/python3.12/site-packages/airflow/example_dags/example_bash_operator.py
[2025-07-13T23:09:57.773+0300] {logging_mixin.py:188} INFO - [2025-07-13T23:09:57.773+0300] {dag.py:3096} INFO - Sync 1 DAGs
[2025-07-13T23:09:57.814+0300] {logging_mixin.py:188} INFO - [2025-07-13T23:09:57.813+0300] {dag.py:3954} INFO - Setting next_dagrun for example_bash_operator to 2025-07-12 00:00:00+00:00, run_after=2025-07-13 00:00:00+00:00
[2025-07-13T23:09:57.856+0300] {processor.py:183} INFO - Processing /home/wal/.pyenv/versions/3.12.0/lib/python3.12/site-packages/airflow/example_dags/example_bash_operator.py took 0.178 seconds
[2025-07-13T23:10:57.252+0300] {processor.py:161} INFO - Started process (PID=5049) to work on /home/wal/.pyenv/versions/3.12.0/lib/python3.12/site-packages/airflow/example_dags/example_bash_operator.py
[2025-07-13T23:10:57.255+0300] {processor.py:830} INFO - Processing file /home/wal/.pyenv/versions/3.12.0/lib/python3.12/site-packages/airflow/example_dags/example_bash_operator.py for tasks to queue
[2025-07-13T23:10:57.265+0300] {logging_mixin.py:188} INFO - [2025-07-13T23:10:57.263+0300] {dagbag.py:545} INFO - Filling up the DagBag from /home/wal/.pyenv/versions/3.12.0/lib/python3.12/site-packages/airflow/example_dags/example_bash_operator.py
[2025-07-13T23:10:57.330+0300] {processor.py:840} INFO - DAG(s) 'example_bash_operator' retrieved from /home/wal/.pyenv/versions/3.12.0/lib/python3.12/site-packages/airflow/example_dags/example_bash_operator.py
[2025-07-13T23:10:57.488+0300] {logging_mixin.py:188} INFO - [2025-07-13T23:10:57.487+0300] {dag.py:3096} INFO - Sync 1 DAGs
[2025-07-13T23:10:57.615+0300] {logging_mixin.py:188} INFO - [2025-07-13T23:10:57.614+0300] {dag.py:3954} INFO - Setting next_dagrun for example_bash_operator to 2025-07-12 00:00:00+00:00, run_after=2025-07-13 00:00:00+00:00
[2025-07-13T23:10:57.702+0300] {processor.py:183} INFO - Processing /home/wal/.pyenv/versions/3.12.0/lib/python3.12/site-packages/airflow/example_dags/example_bash_operator.py took 0.475 seconds
[2025-07-13T23:11:53.624+0300] {processor.py:161} INFO - Started process (PID=5101) to work on /home/wal/.pyenv/versions/3.12.0/lib/python3.12/site-packages/airflow/example_dags/example_bash_operator.py
[2025-07-13T23:11:53.625+0300] {processor.py:830} INFO - Processing file /home/wal/.pyenv/versions/3.12.0/lib/python3.12/site-packages/airflow/example_dags/example_bash_operator.py for tasks to queue
[2025-07-13T23:11:53.627+0300] {logging_mixin.py:188} INFO - [2025-07-13T23:11:53.627+0300] {dagbag.py:545} INFO - Filling up the DagBag from /home/wal/.pyenv/versions/3.12.0/lib/python3.12/site-packages/airflow/example_dags/example_bash_operator.py
[2025-07-13T23:11:53.642+0300] {processor.py:840} INFO - DAG(s) 'example_bash_operator' retrieved from /home/wal/.pyenv/versions/3.12.0/lib/python3.12/site-packages/airflow/example_dags/example_bash_operator.py
[2025-07-13T23:11:53.673+0300] {logging_mixin.py:188} INFO - [2025-07-13T23:11:53.673+0300] {dag.py:3096} INFO - Sync 1 DAGs
[2025-07-13T23:11:53.701+0300] {logging_mixin.py:188} INFO - [2025-07-13T23:11:53.700+0300] {dag.py:3954} INFO - Setting next_dagrun for example_bash_operator to 2025-07-12 00:00:00+00:00, run_after=2025-07-13 00:00:00+00:00
[2025-07-13T23:11:53.730+0300] {processor.py:183} INFO - Processing /home/wal/.pyenv/versions/3.12.0/lib/python3.12/site-packages/airflow/example_dags/example_bash_operator.py took 0.114 seconds
[2025-07-13T23:12:56.761+0300] {processor.py:161} INFO - Started process (PID=5157) to work on /home/wal/.pyenv/versions/3.12.0/lib/python3.12/site-packages/airflow/example_dags/example_bash_operator.py
[2025-07-13T23:12:56.763+0300] {processor.py:830} INFO - Processing file /home/wal/.pyenv/versions/3.12.0/lib/python3.12/site-packages/airflow/example_dags/example_bash_operator.py for tasks to queue
[2025-07-13T23:12:56.766+0300] {logging_mixin.py:188} INFO - [2025-07-13T23:12:56.766+0300] {dagbag.py:545} INFO - Filling up the DagBag from /home/wal/.pyenv/versions/3.12.0/lib/python3.12/site-packages/airflow/example_dags/example_bash_operator.py
[2025-07-13T23:12:56.789+0300] {processor.py:840} INFO - DAG(s) 'example_bash_operator' retrieved from /home/wal/.pyenv/versions/3.12.0/lib/python3.12/site-packages/airflow/example_dags/example_bash_operator.py
[2025-07-13T23:12:56.826+0300] {logging_mixin.py:188} INFO - [2025-07-13T23:12:56.825+0300] {dag.py:3096} INFO - Sync 1 DAGs
[2025-07-13T23:12:56.858+0300] {logging_mixin.py:188} INFO - [2025-07-13T23:12:56.857+0300] {dag.py:3954} INFO - Setting next_dagrun for example_bash_operator to 2025-07-12 00:00:00+00:00, run_after=2025-07-13 00:00:00+00:00
[2025-07-13T23:12:56.892+0300] {processor.py:183} INFO - Processing /home/wal/.pyenv/versions/3.12.0/lib/python3.12/site-packages/airflow/example_dags/example_bash_operator.py took 0.139 seconds
[2025-07-13T23:14:02.992+0300] {processor.py:161} INFO - Started process (PID=5221) to work on /home/wal/.pyenv/versions/3.12.0/lib/python3.12/site-packages/airflow/example_dags/example_bash_operator.py
[2025-07-13T23:14:02.997+0300] {processor.py:830} INFO - Processing file /home/wal/.pyenv/versions/3.12.0/lib/python3.12/site-packages/airflow/example_dags/example_bash_operator.py for tasks to queue
[2025-07-13T23:14:03.000+0300] {logging_mixin.py:188} INFO - [2025-07-13T23:14:02.999+0300] {dagbag.py:545} INFO - Filling up the DagBag from /home/wal/.pyenv/versions/3.12.0/lib/python3.12/site-packages/airflow/example_dags/example_bash_operator.py
[2025-07-13T23:14:03.029+0300] {processor.py:840} INFO - DAG(s) 'example_bash_operator' retrieved from /home/wal/.pyenv/versions/3.12.0/lib/python3.12/site-packages/airflow/example_dags/example_bash_operator.py
[2025-07-13T23:14:03.093+0300] {logging_mixin.py:188} INFO - [2025-07-13T23:14:03.092+0300] {dag.py:3096} INFO - Sync 1 DAGs
[2025-07-13T23:14:03.125+0300] {logging_mixin.py:188} INFO - [2025-07-13T23:14:03.125+0300] {dag.py:3954} INFO - Setting next_dagrun for example_bash_operator to 2025-07-12 00:00:00+00:00, run_after=2025-07-13 00:00:00+00:00
[2025-07-13T23:14:03.158+0300] {processor.py:183} INFO - Processing /home/wal/.pyenv/versions/3.12.0/lib/python3.12/site-packages/airflow/example_dags/example_bash_operator.py took 0.176 seconds
[2025-07-13T23:14:59.115+0300] {processor.py:161} INFO - Started process (PID=5281) to work on /home/wal/.pyenv/versions/3.12.0/lib/python3.12/site-packages/airflow/example_dags/example_bash_operator.py
[2025-07-13T23:14:59.116+0300] {processor.py:830} INFO - Processing file /home/wal/.pyenv/versions/3.12.0/lib/python3.12/site-packages/airflow/example_dags/example_bash_operator.py for tasks to queue
[2025-07-13T23:14:59.118+0300] {logging_mixin.py:188} INFO - [2025-07-13T23:14:59.117+0300] {dagbag.py:545} INFO - Filling up the DagBag from /home/wal/.pyenv/versions/3.12.0/lib/python3.12/site-packages/airflow/example_dags/example_bash_operator.py
[2025-07-13T23:14:59.132+0300] {processor.py:840} INFO - DAG(s) 'example_bash_operator' retrieved from /home/wal/.pyenv/versions/3.12.0/lib/python3.12/site-packages/airflow/example_dags/example_bash_operator.py
[2025-07-13T23:14:59.162+0300] {logging_mixin.py:188} INFO - [2025-07-13T23:14:59.161+0300] {dag.py:3096} INFO - Sync 1 DAGs
[2025-07-13T23:14:59.200+0300] {logging_mixin.py:188} INFO - [2025-07-13T23:14:59.200+0300] {dag.py:3954} INFO - Setting next_dagrun for example_bash_operator to 2025-07-12 00:00:00+00:00, run_after=2025-07-13 00:00:00+00:00
[2025-07-13T23:14:59.237+0300] {processor.py:183} INFO - Processing /home/wal/.pyenv/versions/3.12.0/lib/python3.12/site-packages/airflow/example_dags/example_bash_operator.py took 0.131 seconds
[2025-07-13T23:16:17.164+0300] {processor.py:161} INFO - Started process (PID=5354) to work on /home/wal/.pyenv/versions/3.12.0/lib/python3.12/site-packages/airflow/example_dags/example_bash_operator.py
[2025-07-13T23:16:17.167+0300] {processor.py:830} INFO - Processing file /home/wal/.pyenv/versions/3.12.0/lib/python3.12/site-packages/airflow/example_dags/example_bash_operator.py for tasks to queue
[2025-07-13T23:16:17.170+0300] {logging_mixin.py:188} INFO - [2025-07-13T23:16:17.170+0300] {dagbag.py:545} INFO - Filling up the DagBag from /home/wal/.pyenv/versions/3.12.0/lib/python3.12/site-packages/airflow/example_dags/example_bash_operator.py
[2025-07-13T23:16:17.206+0300] {processor.py:840} INFO - DAG(s) 'example_bash_operator' retrieved from /home/wal/.pyenv/versions/3.12.0/lib/python3.12/site-packages/airflow/example_dags/example_bash_operator.py
[2025-07-13T23:16:17.261+0300] {logging_mixin.py:188} INFO - [2025-07-13T23:16:17.260+0300] {dag.py:3096} INFO - Sync 1 DAGs
[2025-07-13T23:16:17.301+0300] {logging_mixin.py:188} INFO - [2025-07-13T23:16:17.300+0300] {dag.py:3954} INFO - Setting next_dagrun for example_bash_operator to 2025-07-12 00:00:00+00:00, run_after=2025-07-13 00:00:00+00:00
[2025-07-13T23:16:17.344+0300] {processor.py:183} INFO - Processing /home/wal/.pyenv/versions/3.12.0/lib/python3.12/site-packages/airflow/example_dags/example_bash_operator.py took 0.192 seconds
[2025-07-13T23:17:25.982+0300] {processor.py:161} INFO - Started process (PID=5412) to work on /home/wal/.pyenv/versions/3.12.0/lib/python3.12/site-packages/airflow/example_dags/example_bash_operator.py
[2025-07-13T23:17:25.984+0300] {processor.py:830} INFO - Processing file /home/wal/.pyenv/versions/3.12.0/lib/python3.12/site-packages/airflow/example_dags/example_bash_operator.py for tasks to queue
[2025-07-13T23:17:25.986+0300] {logging_mixin.py:188} INFO - [2025-07-13T23:17:25.986+0300] {dagbag.py:545} INFO - Filling up the DagBag from /home/wal/.pyenv/versions/3.12.0/lib/python3.12/site-packages/airflow/example_dags/example_bash_operator.py
[2025-07-13T23:17:26.002+0300] {processor.py:840} INFO - DAG(s) 'example_bash_operator' retrieved from /home/wal/.pyenv/versions/3.12.0/lib/python3.12/site-packages/airflow/example_dags/example_bash_operator.py
[2025-07-13T23:17:26.031+0300] {logging_mixin.py:188} INFO - [2025-07-13T23:17:26.030+0300] {dag.py:3096} INFO - Sync 1 DAGs
[2025-07-13T23:17:26.059+0300] {logging_mixin.py:188} INFO - [2025-07-13T23:17:26.059+0300] {dag.py:3954} INFO - Setting next_dagrun for example_bash_operator to 2025-07-12 00:00:00+00:00, run_after=2025-07-13 00:00:00+00:00
[2025-07-13T23:17:26.091+0300] {processor.py:183} INFO - Processing /home/wal/.pyenv/versions/3.12.0/lib/python3.12/site-packages/airflow/example_dags/example_bash_operator.py took 0.117 seconds
[2025-07-13T23:18:38.479+0300] {processor.py:161} INFO - Started process (PID=5472) to work on /home/wal/.pyenv/versions/3.12.0/lib/python3.12/site-packages/airflow/example_dags/example_bash_operator.py
[2025-07-13T23:18:38.485+0300] {processor.py:830} INFO - Processing file /home/wal/.pyenv/versions/3.12.0/lib/python3.12/site-packages/airflow/example_dags/example_bash_operator.py for tasks to queue
[2025-07-13T23:18:38.487+0300] {logging_mixin.py:188} INFO - [2025-07-13T23:18:38.487+0300] {dagbag.py:545} INFO - Filling up the DagBag from /home/wal/.pyenv/versions/3.12.0/lib/python3.12/site-packages/airflow/example_dags/example_bash_operator.py
[2025-07-13T23:18:38.504+0300] {processor.py:840} INFO - DAG(s) 'example_bash_operator' retrieved from /home/wal/.pyenv/versions/3.12.0/lib/python3.12/site-packages/airflow/example_dags/example_bash_operator.py
[2025-07-13T23:18:38.567+0300] {logging_mixin.py:188} INFO - [2025-07-13T23:18:38.566+0300] {dag.py:3096} INFO - Sync 1 DAGs
[2025-07-13T23:18:38.613+0300] {logging_mixin.py:188} INFO - [2025-07-13T23:18:38.612+0300] {dag.py:3954} INFO - Setting next_dagrun for example_bash_operator to 2025-07-12 00:00:00+00:00, run_after=2025-07-13 00:00:00+00:00
[2025-07-13T23:18:38.653+0300] {processor.py:183} INFO - Processing /home/wal/.pyenv/versions/3.12.0/lib/python3.12/site-packages/airflow/example_dags/example_bash_operator.py took 0.182 seconds
[2025-07-13T23:19:44.503+0300] {processor.py:161} INFO - Started process (PID=5529) to work on /home/wal/.pyenv/versions/3.12.0/lib/python3.12/site-packages/airflow/example_dags/example_bash_operator.py
[2025-07-13T23:19:44.508+0300] {processor.py:830} INFO - Processing file /home/wal/.pyenv/versions/3.12.0/lib/python3.12/site-packages/airflow/example_dags/example_bash_operator.py for tasks to queue
[2025-07-13T23:19:44.510+0300] {logging_mixin.py:188} INFO - [2025-07-13T23:19:44.510+0300] {dagbag.py:545} INFO - Filling up the DagBag from /home/wal/.pyenv/versions/3.12.0/lib/python3.12/site-packages/airflow/example_dags/example_bash_operator.py
[2025-07-13T23:19:44.524+0300] {processor.py:840} INFO - DAG(s) 'example_bash_operator' retrieved from /home/wal/.pyenv/versions/3.12.0/lib/python3.12/site-packages/airflow/example_dags/example_bash_operator.py
[2025-07-13T23:19:44.555+0300] {logging_mixin.py:188} INFO - [2025-07-13T23:19:44.555+0300] {dag.py:3096} INFO - Sync 1 DAGs
[2025-07-13T23:19:44.583+0300] {logging_mixin.py:188} INFO - [2025-07-13T23:19:44.583+0300] {dag.py:3954} INFO - Setting next_dagrun for example_bash_operator to 2025-07-12 00:00:00+00:00, run_after=2025-07-13 00:00:00+00:00
[2025-07-13T23:19:44.609+0300] {processor.py:183} INFO - Processing /home/wal/.pyenv/versions/3.12.0/lib/python3.12/site-packages/airflow/example_dags/example_bash_operator.py took 0.114 seconds
[2025-07-13T23:20:45.916+0300] {processor.py:161} INFO - Started process (PID=5581) to work on /home/wal/.pyenv/versions/3.12.0/lib/python3.12/site-packages/airflow/example_dags/example_bash_operator.py
[2025-07-13T23:20:45.919+0300] {processor.py:830} INFO - Processing file /home/wal/.pyenv/versions/3.12.0/lib/python3.12/site-packages/airflow/example_dags/example_bash_operator.py for tasks to queue
[2025-07-13T23:20:45.922+0300] {logging_mixin.py:188} INFO - [2025-07-13T23:20:45.921+0300] {dagbag.py:545} INFO - Filling up the DagBag from /home/wal/.pyenv/versions/3.12.0/lib/python3.12/site-packages/airflow/example_dags/example_bash_operator.py
[2025-07-13T23:20:45.949+0300] {processor.py:840} INFO - DAG(s) 'example_bash_operator' retrieved from /home/wal/.pyenv/versions/3.12.0/lib/python3.12/site-packages/airflow/example_dags/example_bash_operator.py
[2025-07-13T23:20:45.984+0300] {logging_mixin.py:188} INFO - [2025-07-13T23:20:45.984+0300] {dag.py:3096} INFO - Sync 1 DAGs
[2025-07-13T23:20:46.012+0300] {logging_mixin.py:188} INFO - [2025-07-13T23:20:46.012+0300] {dag.py:3954} INFO - Setting next_dagrun for example_bash_operator to 2025-07-12 00:00:00+00:00, run_after=2025-07-13 00:00:00+00:00
[2025-07-13T23:20:46.045+0300] {processor.py:183} INFO - Processing /home/wal/.pyenv/versions/3.12.0/lib/python3.12/site-packages/airflow/example_dags/example_bash_operator.py took 0.138 seconds
[2025-07-13T23:21:50.815+0300] {processor.py:161} INFO - Started process (PID=5635) to work on /home/wal/.pyenv/versions/3.12.0/lib/python3.12/site-packages/airflow/example_dags/example_bash_operator.py
[2025-07-13T23:21:50.817+0300] {processor.py:830} INFO - Processing file /home/wal/.pyenv/versions/3.12.0/lib/python3.12/site-packages/airflow/example_dags/example_bash_operator.py for tasks to queue
[2025-07-13T23:21:50.819+0300] {logging_mixin.py:188} INFO - [2025-07-13T23:21:50.819+0300] {dagbag.py:545} INFO - Filling up the DagBag from /home/wal/.pyenv/versions/3.12.0/lib/python3.12/site-packages/airflow/example_dags/example_bash_operator.py
[2025-07-13T23:21:50.839+0300] {processor.py:840} INFO - DAG(s) 'example_bash_operator' retrieved from /home/wal/.pyenv/versions/3.12.0/lib/python3.12/site-packages/airflow/example_dags/example_bash_operator.py
[2025-07-13T23:21:50.888+0300] {logging_mixin.py:188} INFO - [2025-07-13T23:21:50.886+0300] {dag.py:3096} INFO - Sync 1 DAGs
[2025-07-13T23:21:50.940+0300] {logging_mixin.py:188} INFO - [2025-07-13T23:21:50.940+0300] {dag.py:3954} INFO - Setting next_dagrun for example_bash_operator to 2025-07-12 00:00:00+00:00, run_after=2025-07-13 00:00:00+00:00
[2025-07-13T23:21:50.996+0300] {processor.py:183} INFO - Processing /home/wal/.pyenv/versions/3.12.0/lib/python3.12/site-packages/airflow/example_dags/example_bash_operator.py took 0.194 seconds
[2025-07-13T23:23:03.440+0300] {processor.py:161} INFO - Started process (PID=5692) to work on /home/wal/.pyenv/versions/3.12.0/lib/python3.12/site-packages/airflow/example_dags/example_bash_operator.py
[2025-07-13T23:23:03.451+0300] {processor.py:830} INFO - Processing file /home/wal/.pyenv/versions/3.12.0/lib/python3.12/site-packages/airflow/example_dags/example_bash_operator.py for tasks to queue
[2025-07-13T23:23:03.458+0300] {logging_mixin.py:188} INFO - [2025-07-13T23:23:03.456+0300] {dagbag.py:545} INFO - Filling up the DagBag from /home/wal/.pyenv/versions/3.12.0/lib/python3.12/site-packages/airflow/example_dags/example_bash_operator.py
[2025-07-13T23:23:03.526+0300] {processor.py:840} INFO - DAG(s) 'example_bash_operator' retrieved from /home/wal/.pyenv/versions/3.12.0/lib/python3.12/site-packages/airflow/example_dags/example_bash_operator.py
[2025-07-13T23:23:03.598+0300] {logging_mixin.py:188} INFO - [2025-07-13T23:23:03.597+0300] {dag.py:3096} INFO - Sync 1 DAGs
[2025-07-13T23:23:03.669+0300] {logging_mixin.py:188} INFO - [2025-07-13T23:23:03.668+0300] {dag.py:3954} INFO - Setting next_dagrun for example_bash_operator to 2025-07-12 00:00:00+00:00, run_after=2025-07-13 00:00:00+00:00
[2025-07-13T23:23:03.752+0300] {processor.py:183} INFO - Processing /home/wal/.pyenv/versions/3.12.0/lib/python3.12/site-packages/airflow/example_dags/example_bash_operator.py took 0.351 seconds
[2025-07-13T23:24:23.214+0300] {processor.py:161} INFO - Started process (PID=5750) to work on /home/wal/.pyenv/versions/3.12.0/lib/python3.12/site-packages/airflow/example_dags/example_bash_operator.py
[2025-07-13T23:24:23.226+0300] {processor.py:830} INFO - Processing file /home/wal/.pyenv/versions/3.12.0/lib/python3.12/site-packages/airflow/example_dags/example_bash_operator.py for tasks to queue
[2025-07-13T23:24:23.232+0300] {logging_mixin.py:188} INFO - [2025-07-13T23:24:23.230+0300] {dagbag.py:545} INFO - Filling up the DagBag from /home/wal/.pyenv/versions/3.12.0/lib/python3.12/site-packages/airflow/example_dags/example_bash_operator.py
[2025-07-13T23:24:23.308+0300] {processor.py:840} INFO - DAG(s) 'example_bash_operator' retrieved from /home/wal/.pyenv/versions/3.12.0/lib/python3.12/site-packages/airflow/example_dags/example_bash_operator.py
[2025-07-13T23:24:23.482+0300] {logging_mixin.py:188} INFO - [2025-07-13T23:24:23.481+0300] {dag.py:3096} INFO - Sync 1 DAGs
[2025-07-13T23:24:23.605+0300] {logging_mixin.py:188} INFO - [2025-07-13T23:24:23.604+0300] {dag.py:3954} INFO - Setting next_dagrun for example_bash_operator to 2025-07-12 00:00:00+00:00, run_after=2025-07-13 00:00:00+00:00
[2025-07-13T23:24:23.765+0300] {processor.py:183} INFO - Processing /home/wal/.pyenv/versions/3.12.0/lib/python3.12/site-packages/airflow/example_dags/example_bash_operator.py took 0.579 seconds
[2025-07-13T23:26:20.049+0300] {processor.py:161} INFO - Started process (PID=5827) to work on /home/wal/.pyenv/versions/3.12.0/lib/python3.12/site-packages/airflow/example_dags/example_bash_operator.py
[2025-07-13T23:26:20.051+0300] {processor.py:830} INFO - Processing file /home/wal/.pyenv/versions/3.12.0/lib/python3.12/site-packages/airflow/example_dags/example_bash_operator.py for tasks to queue
[2025-07-13T23:26:20.058+0300] {logging_mixin.py:188} INFO - [2025-07-13T23:26:20.057+0300] {dagbag.py:545} INFO - Filling up the DagBag from /home/wal/.pyenv/versions/3.12.0/lib/python3.12/site-packages/airflow/example_dags/example_bash_operator.py
[2025-07-13T23:26:20.129+0300] {processor.py:840} INFO - DAG(s) 'example_bash_operator' retrieved from /home/wal/.pyenv/versions/3.12.0/lib/python3.12/site-packages/airflow/example_dags/example_bash_operator.py
[2025-07-13T23:26:20.221+0300] {logging_mixin.py:188} INFO - [2025-07-13T23:26:20.220+0300] {dag.py:3096} INFO - Sync 1 DAGs
[2025-07-13T23:26:20.815+0300] {logging_mixin.py:188} INFO - [2025-07-13T23:26:20.814+0300] {dag.py:3954} INFO - Setting next_dagrun for example_bash_operator to 2025-07-12 00:00:00+00:00, run_after=2025-07-13 00:00:00+00:00
[2025-07-13T23:26:20.954+0300] {processor.py:183} INFO - Processing /home/wal/.pyenv/versions/3.12.0/lib/python3.12/site-packages/airflow/example_dags/example_bash_operator.py took 0.936 seconds
[2025-07-13T23:27:30.148+0300] {processor.py:161} INFO - Started process (PID=5884) to work on /home/wal/.pyenv/versions/3.12.0/lib/python3.12/site-packages/airflow/example_dags/example_bash_operator.py
[2025-07-13T23:27:30.152+0300] {processor.py:830} INFO - Processing file /home/wal/.pyenv/versions/3.12.0/lib/python3.12/site-packages/airflow/example_dags/example_bash_operator.py for tasks to queue
[2025-07-13T23:27:30.159+0300] {logging_mixin.py:188} INFO - [2025-07-13T23:27:30.157+0300] {dagbag.py:545} INFO - Filling up the DagBag from /home/wal/.pyenv/versions/3.12.0/lib/python3.12/site-packages/airflow/example_dags/example_bash_operator.py
[2025-07-13T23:27:30.213+0300] {processor.py:840} INFO - DAG(s) 'example_bash_operator' retrieved from /home/wal/.pyenv/versions/3.12.0/lib/python3.12/site-packages/airflow/example_dags/example_bash_operator.py
[2025-07-13T23:27:30.318+0300] {logging_mixin.py:188} INFO - [2025-07-13T23:27:30.316+0300] {dag.py:3096} INFO - Sync 1 DAGs
[2025-07-13T23:27:30.458+0300] {logging_mixin.py:188} INFO - [2025-07-13T23:27:30.457+0300] {dag.py:3954} INFO - Setting next_dagrun for example_bash_operator to 2025-07-12 00:00:00+00:00, run_after=2025-07-13 00:00:00+00:00
[2025-07-13T23:27:30.805+0300] {processor.py:183} INFO - Processing /home/wal/.pyenv/versions/3.12.0/lib/python3.12/site-packages/airflow/example_dags/example_bash_operator.py took 0.687 seconds
[2025-07-13T23:28:45.254+0300] {processor.py:161} INFO - Started process (PID=5942) to work on /home/wal/.pyenv/versions/3.12.0/lib/python3.12/site-packages/airflow/example_dags/example_bash_operator.py
[2025-07-13T23:28:45.260+0300] {processor.py:830} INFO - Processing file /home/wal/.pyenv/versions/3.12.0/lib/python3.12/site-packages/airflow/example_dags/example_bash_operator.py for tasks to queue
[2025-07-13T23:28:45.265+0300] {logging_mixin.py:188} INFO - [2025-07-13T23:28:45.264+0300] {dagbag.py:545} INFO - Filling up the DagBag from /home/wal/.pyenv/versions/3.12.0/lib/python3.12/site-packages/airflow/example_dags/example_bash_operator.py
[2025-07-13T23:28:45.285+0300] {processor.py:840} INFO - DAG(s) 'example_bash_operator' retrieved from /home/wal/.pyenv/versions/3.12.0/lib/python3.12/site-packages/airflow/example_dags/example_bash_operator.py
[2025-07-13T23:28:45.322+0300] {logging_mixin.py:188} INFO - [2025-07-13T23:28:45.322+0300] {dag.py:3096} INFO - Sync 1 DAGs
[2025-07-13T23:28:45.364+0300] {logging_mixin.py:188} INFO - [2025-07-13T23:28:45.364+0300] {dag.py:3954} INFO - Setting next_dagrun for example_bash_operator to 2025-07-12 00:00:00+00:00, run_after=2025-07-13 00:00:00+00:00
[2025-07-13T23:28:45.404+0300] {processor.py:183} INFO - Processing /home/wal/.pyenv/versions/3.12.0/lib/python3.12/site-packages/airflow/example_dags/example_bash_operator.py took 0.161 seconds
[2025-07-13T23:29:48.906+0300] {processor.py:161} INFO - Started process (PID=5996) to work on /home/wal/.pyenv/versions/3.12.0/lib/python3.12/site-packages/airflow/example_dags/example_bash_operator.py
[2025-07-13T23:29:48.909+0300] {processor.py:830} INFO - Processing file /home/wal/.pyenv/versions/3.12.0/lib/python3.12/site-packages/airflow/example_dags/example_bash_operator.py for tasks to queue
[2025-07-13T23:29:48.912+0300] {logging_mixin.py:188} INFO - [2025-07-13T23:29:48.911+0300] {dagbag.py:545} INFO - Filling up the DagBag from /home/wal/.pyenv/versions/3.12.0/lib/python3.12/site-packages/airflow/example_dags/example_bash_operator.py
[2025-07-13T23:29:48.932+0300] {processor.py:840} INFO - DAG(s) 'example_bash_operator' retrieved from /home/wal/.pyenv/versions/3.12.0/lib/python3.12/site-packages/airflow/example_dags/example_bash_operator.py
[2025-07-13T23:29:49.003+0300] {logging_mixin.py:188} INFO - [2025-07-13T23:29:49.002+0300] {dag.py:3096} INFO - Sync 1 DAGs
[2025-07-13T23:29:49.046+0300] {logging_mixin.py:188} INFO - [2025-07-13T23:29:49.046+0300] {dag.py:3954} INFO - Setting next_dagrun for example_bash_operator to 2025-07-12 00:00:00+00:00, run_after=2025-07-13 00:00:00+00:00
[2025-07-13T23:29:49.103+0300] {processor.py:183} INFO - Processing /home/wal/.pyenv/versions/3.12.0/lib/python3.12/site-packages/airflow/example_dags/example_bash_operator.py took 0.209 seconds
[2025-07-13T23:30:48.200+0300] {processor.py:161} INFO - Started process (PID=6049) to work on /home/wal/.pyenv/versions/3.12.0/lib/python3.12/site-packages/airflow/example_dags/example_bash_operator.py
[2025-07-13T23:30:48.203+0300] {processor.py:830} INFO - Processing file /home/wal/.pyenv/versions/3.12.0/lib/python3.12/site-packages/airflow/example_dags/example_bash_operator.py for tasks to queue
[2025-07-13T23:30:48.207+0300] {logging_mixin.py:188} INFO - [2025-07-13T23:30:48.206+0300] {dagbag.py:545} INFO - Filling up the DagBag from /home/wal/.pyenv/versions/3.12.0/lib/python3.12/site-packages/airflow/example_dags/example_bash_operator.py
[2025-07-13T23:30:48.234+0300] {processor.py:840} INFO - DAG(s) 'example_bash_operator' retrieved from /home/wal/.pyenv/versions/3.12.0/lib/python3.12/site-packages/airflow/example_dags/example_bash_operator.py
[2025-07-13T23:30:48.307+0300] {logging_mixin.py:188} INFO - [2025-07-13T23:30:48.307+0300] {dag.py:3096} INFO - Sync 1 DAGs
[2025-07-13T23:30:48.389+0300] {logging_mixin.py:188} INFO - [2025-07-13T23:30:48.389+0300] {dag.py:3954} INFO - Setting next_dagrun for example_bash_operator to 2025-07-12 00:00:00+00:00, run_after=2025-07-13 00:00:00+00:00
[2025-07-13T23:30:48.450+0300] {processor.py:183} INFO - Processing /home/wal/.pyenv/versions/3.12.0/lib/python3.12/site-packages/airflow/example_dags/example_bash_operator.py took 0.264 seconds
[2025-07-13T23:31:47.164+0300] {processor.py:161} INFO - Started process (PID=6102) to work on /home/wal/.pyenv/versions/3.12.0/lib/python3.12/site-packages/airflow/example_dags/example_bash_operator.py
[2025-07-13T23:31:47.171+0300] {processor.py:830} INFO - Processing file /home/wal/.pyenv/versions/3.12.0/lib/python3.12/site-packages/airflow/example_dags/example_bash_operator.py for tasks to queue
[2025-07-13T23:31:47.174+0300] {logging_mixin.py:188} INFO - [2025-07-13T23:31:47.173+0300] {dagbag.py:545} INFO - Filling up the DagBag from /home/wal/.pyenv/versions/3.12.0/lib/python3.12/site-packages/airflow/example_dags/example_bash_operator.py
[2025-07-13T23:31:47.193+0300] {processor.py:840} INFO - DAG(s) 'example_bash_operator' retrieved from /home/wal/.pyenv/versions/3.12.0/lib/python3.12/site-packages/airflow/example_dags/example_bash_operator.py
[2025-07-13T23:31:47.229+0300] {logging_mixin.py:188} INFO - [2025-07-13T23:31:47.229+0300] {dag.py:3096} INFO - Sync 1 DAGs
[2025-07-13T23:31:47.268+0300] {logging_mixin.py:188} INFO - [2025-07-13T23:31:47.268+0300] {dag.py:3954} INFO - Setting next_dagrun for example_bash_operator to 2025-07-12 00:00:00+00:00, run_after=2025-07-13 00:00:00+00:00
[2025-07-13T23:31:47.301+0300] {processor.py:183} INFO - Processing /home/wal/.pyenv/versions/3.12.0/lib/python3.12/site-packages/airflow/example_dags/example_bash_operator.py took 0.144 seconds
[2025-07-13T23:32:45.311+0300] {processor.py:161} INFO - Started process (PID=6152) to work on /home/wal/.pyenv/versions/3.12.0/lib/python3.12/site-packages/airflow/example_dags/example_bash_operator.py
[2025-07-13T23:32:45.318+0300] {processor.py:830} INFO - Processing file /home/wal/.pyenv/versions/3.12.0/lib/python3.12/site-packages/airflow/example_dags/example_bash_operator.py for tasks to queue
[2025-07-13T23:32:45.323+0300] {logging_mixin.py:188} INFO - [2025-07-13T23:32:45.322+0300] {dagbag.py:545} INFO - Filling up the DagBag from /home/wal/.pyenv/versions/3.12.0/lib/python3.12/site-packages/airflow/example_dags/example_bash_operator.py
[2025-07-13T23:32:45.341+0300] {processor.py:840} INFO - DAG(s) 'example_bash_operator' retrieved from /home/wal/.pyenv/versions/3.12.0/lib/python3.12/site-packages/airflow/example_dags/example_bash_operator.py
[2025-07-13T23:32:45.383+0300] {logging_mixin.py:188} INFO - [2025-07-13T23:32:45.382+0300] {dag.py:3096} INFO - Sync 1 DAGs
[2025-07-13T23:32:45.422+0300] {logging_mixin.py:188} INFO - [2025-07-13T23:32:45.421+0300] {dag.py:3954} INFO - Setting next_dagrun for example_bash_operator to 2025-07-12 00:00:00+00:00, run_after=2025-07-13 00:00:00+00:00
[2025-07-13T23:32:45.461+0300] {processor.py:183} INFO - Processing /home/wal/.pyenv/versions/3.12.0/lib/python3.12/site-packages/airflow/example_dags/example_bash_operator.py took 0.159 seconds
[2025-07-13T23:33:50.685+0300] {processor.py:161} INFO - Started process (PID=6207) to work on /home/wal/.pyenv/versions/3.12.0/lib/python3.12/site-packages/airflow/example_dags/example_bash_operator.py
[2025-07-13T23:33:50.687+0300] {processor.py:830} INFO - Processing file /home/wal/.pyenv/versions/3.12.0/lib/python3.12/site-packages/airflow/example_dags/example_bash_operator.py for tasks to queue
[2025-07-13T23:33:50.689+0300] {logging_mixin.py:188} INFO - [2025-07-13T23:33:50.689+0300] {dagbag.py:545} INFO - Filling up the DagBag from /home/wal/.pyenv/versions/3.12.0/lib/python3.12/site-packages/airflow/example_dags/example_bash_operator.py
[2025-07-13T23:33:50.714+0300] {processor.py:840} INFO - DAG(s) 'example_bash_operator' retrieved from /home/wal/.pyenv/versions/3.12.0/lib/python3.12/site-packages/airflow/example_dags/example_bash_operator.py
[2025-07-13T23:33:50.754+0300] {logging_mixin.py:188} INFO - [2025-07-13T23:33:50.754+0300] {dag.py:3096} INFO - Sync 1 DAGs
[2025-07-13T23:33:50.790+0300] {logging_mixin.py:188} INFO - [2025-07-13T23:33:50.790+0300] {dag.py:3954} INFO - Setting next_dagrun for example_bash_operator to 2025-07-12 00:00:00+00:00, run_after=2025-07-13 00:00:00+00:00
[2025-07-13T23:33:50.829+0300] {processor.py:183} INFO - Processing /home/wal/.pyenv/versions/3.12.0/lib/python3.12/site-packages/airflow/example_dags/example_bash_operator.py took 0.157 seconds
[2025-07-13T23:35:03.011+0300] {processor.py:161} INFO - Started process (PID=6263) to work on /home/wal/.pyenv/versions/3.12.0/lib/python3.12/site-packages/airflow/example_dags/example_bash_operator.py
[2025-07-13T23:35:03.013+0300] {processor.py:830} INFO - Processing file /home/wal/.pyenv/versions/3.12.0/lib/python3.12/site-packages/airflow/example_dags/example_bash_operator.py for tasks to queue
[2025-07-13T23:35:03.016+0300] {logging_mixin.py:188} INFO - [2025-07-13T23:35:03.015+0300] {dagbag.py:545} INFO - Filling up the DagBag from /home/wal/.pyenv/versions/3.12.0/lib/python3.12/site-packages/airflow/example_dags/example_bash_operator.py
[2025-07-13T23:35:03.047+0300] {processor.py:840} INFO - DAG(s) 'example_bash_operator' retrieved from /home/wal/.pyenv/versions/3.12.0/lib/python3.12/site-packages/airflow/example_dags/example_bash_operator.py
[2025-07-13T23:35:03.103+0300] {logging_mixin.py:188} INFO - [2025-07-13T23:35:03.102+0300] {dag.py:3096} INFO - Sync 1 DAGs
[2025-07-13T23:35:03.166+0300] {logging_mixin.py:188} INFO - [2025-07-13T23:35:03.165+0300] {dag.py:3954} INFO - Setting next_dagrun for example_bash_operator to 2025-07-12 00:00:00+00:00, run_after=2025-07-13 00:00:00+00:00
[2025-07-13T23:35:03.215+0300] {processor.py:183} INFO - Processing /home/wal/.pyenv/versions/3.12.0/lib/python3.12/site-packages/airflow/example_dags/example_bash_operator.py took 0.218 seconds
[2025-07-13T23:36:11.209+0300] {processor.py:161} INFO - Started process (PID=6325) to work on /home/wal/.pyenv/versions/3.12.0/lib/python3.12/site-packages/airflow/example_dags/example_bash_operator.py
[2025-07-13T23:36:11.213+0300] {processor.py:830} INFO - Processing file /home/wal/.pyenv/versions/3.12.0/lib/python3.12/site-packages/airflow/example_dags/example_bash_operator.py for tasks to queue
[2025-07-13T23:36:11.217+0300] {logging_mixin.py:188} INFO - [2025-07-13T23:36:11.216+0300] {dagbag.py:545} INFO - Filling up the DagBag from /home/wal/.pyenv/versions/3.12.0/lib/python3.12/site-packages/airflow/example_dags/example_bash_operator.py
[2025-07-13T23:36:11.234+0300] {processor.py:840} INFO - DAG(s) 'example_bash_operator' retrieved from /home/wal/.pyenv/versions/3.12.0/lib/python3.12/site-packages/airflow/example_dags/example_bash_operator.py
[2025-07-13T23:36:11.266+0300] {logging_mixin.py:188} INFO - [2025-07-13T23:36:11.265+0300] {dag.py:3096} INFO - Sync 1 DAGs
[2025-07-13T23:36:11.291+0300] {logging_mixin.py:188} INFO - [2025-07-13T23:36:11.290+0300] {dag.py:3954} INFO - Setting next_dagrun for example_bash_operator to 2025-07-12 00:00:00+00:00, run_after=2025-07-13 00:00:00+00:00
[2025-07-13T23:36:11.320+0300] {processor.py:183} INFO - Processing /home/wal/.pyenv/versions/3.12.0/lib/python3.12/site-packages/airflow/example_dags/example_bash_operator.py took 0.117 seconds
[2025-07-13T23:37:10.317+0300] {processor.py:161} INFO - Started process (PID=6377) to work on /home/wal/.pyenv/versions/3.12.0/lib/python3.12/site-packages/airflow/example_dags/example_bash_operator.py
[2025-07-13T23:37:10.325+0300] {processor.py:830} INFO - Processing file /home/wal/.pyenv/versions/3.12.0/lib/python3.12/site-packages/airflow/example_dags/example_bash_operator.py for tasks to queue
[2025-07-13T23:37:10.328+0300] {logging_mixin.py:188} INFO - [2025-07-13T23:37:10.327+0300] {dagbag.py:545} INFO - Filling up the DagBag from /home/wal/.pyenv/versions/3.12.0/lib/python3.12/site-packages/airflow/example_dags/example_bash_operator.py
[2025-07-13T23:37:10.347+0300] {processor.py:840} INFO - DAG(s) 'example_bash_operator' retrieved from /home/wal/.pyenv/versions/3.12.0/lib/python3.12/site-packages/airflow/example_dags/example_bash_operator.py
[2025-07-13T23:37:10.380+0300] {logging_mixin.py:188} INFO - [2025-07-13T23:37:10.379+0300] {dag.py:3096} INFO - Sync 1 DAGs
[2025-07-13T23:37:10.409+0300] {logging_mixin.py:188} INFO - [2025-07-13T23:37:10.409+0300] {dag.py:3954} INFO - Setting next_dagrun for example_bash_operator to 2025-07-12 00:00:00+00:00, run_after=2025-07-13 00:00:00+00:00
[2025-07-13T23:37:10.443+0300] {processor.py:183} INFO - Processing /home/wal/.pyenv/versions/3.12.0/lib/python3.12/site-packages/airflow/example_dags/example_bash_operator.py took 0.138 seconds
[2025-07-13T23:38:10.775+0300] {processor.py:161} INFO - Started process (PID=6430) to work on /home/wal/.pyenv/versions/3.12.0/lib/python3.12/site-packages/airflow/example_dags/example_bash_operator.py
[2025-07-13T23:38:10.781+0300] {processor.py:830} INFO - Processing file /home/wal/.pyenv/versions/3.12.0/lib/python3.12/site-packages/airflow/example_dags/example_bash_operator.py for tasks to queue
[2025-07-13T23:38:10.785+0300] {logging_mixin.py:188} INFO - [2025-07-13T23:38:10.784+0300] {dagbag.py:545} INFO - Filling up the DagBag from /home/wal/.pyenv/versions/3.12.0/lib/python3.12/site-packages/airflow/example_dags/example_bash_operator.py
[2025-07-13T23:38:10.804+0300] {processor.py:840} INFO - DAG(s) 'example_bash_operator' retrieved from /home/wal/.pyenv/versions/3.12.0/lib/python3.12/site-packages/airflow/example_dags/example_bash_operator.py
[2025-07-13T23:38:10.834+0300] {logging_mixin.py:188} INFO - [2025-07-13T23:38:10.834+0300] {dag.py:3096} INFO - Sync 1 DAGs
[2025-07-13T23:38:10.867+0300] {logging_mixin.py:188} INFO - [2025-07-13T23:38:10.867+0300] {dag.py:3954} INFO - Setting next_dagrun for example_bash_operator to 2025-07-12 00:00:00+00:00, run_after=2025-07-13 00:00:00+00:00
[2025-07-13T23:38:10.901+0300] {processor.py:183} INFO - Processing /home/wal/.pyenv/versions/3.12.0/lib/python3.12/site-packages/airflow/example_dags/example_bash_operator.py took 0.136 seconds
[2025-07-13T23:39:08.996+0300] {processor.py:161} INFO - Started process (PID=6482) to work on /home/wal/.pyenv/versions/3.12.0/lib/python3.12/site-packages/airflow/example_dags/example_bash_operator.py
[2025-07-13T23:39:08.998+0300] {processor.py:830} INFO - Processing file /home/wal/.pyenv/versions/3.12.0/lib/python3.12/site-packages/airflow/example_dags/example_bash_operator.py for tasks to queue
[2025-07-13T23:39:09.000+0300] {logging_mixin.py:188} INFO - [2025-07-13T23:39:08.999+0300] {dagbag.py:545} INFO - Filling up the DagBag from /home/wal/.pyenv/versions/3.12.0/lib/python3.12/site-packages/airflow/example_dags/example_bash_operator.py
[2025-07-13T23:39:09.017+0300] {processor.py:840} INFO - DAG(s) 'example_bash_operator' retrieved from /home/wal/.pyenv/versions/3.12.0/lib/python3.12/site-packages/airflow/example_dags/example_bash_operator.py
[2025-07-13T23:39:09.049+0300] {logging_mixin.py:188} INFO - [2025-07-13T23:39:09.048+0300] {dag.py:3096} INFO - Sync 1 DAGs
[2025-07-13T23:39:09.076+0300] {logging_mixin.py:188} INFO - [2025-07-13T23:39:09.076+0300] {dag.py:3954} INFO - Setting next_dagrun for example_bash_operator to 2025-07-12 00:00:00+00:00, run_after=2025-07-13 00:00:00+00:00
[2025-07-13T23:39:09.105+0300] {processor.py:183} INFO - Processing /home/wal/.pyenv/versions/3.12.0/lib/python3.12/site-packages/airflow/example_dags/example_bash_operator.py took 0.119 seconds
[2025-07-13T23:40:06.522+0300] {processor.py:161} INFO - Started process (PID=6533) to work on /home/wal/.pyenv/versions/3.12.0/lib/python3.12/site-packages/airflow/example_dags/example_bash_operator.py
[2025-07-13T23:40:06.529+0300] {processor.py:830} INFO - Processing file /home/wal/.pyenv/versions/3.12.0/lib/python3.12/site-packages/airflow/example_dags/example_bash_operator.py for tasks to queue
[2025-07-13T23:40:06.531+0300] {logging_mixin.py:188} INFO - [2025-07-13T23:40:06.531+0300] {dagbag.py:545} INFO - Filling up the DagBag from /home/wal/.pyenv/versions/3.12.0/lib/python3.12/site-packages/airflow/example_dags/example_bash_operator.py
[2025-07-13T23:40:06.550+0300] {processor.py:840} INFO - DAG(s) 'example_bash_operator' retrieved from /home/wal/.pyenv/versions/3.12.0/lib/python3.12/site-packages/airflow/example_dags/example_bash_operator.py
[2025-07-13T23:40:06.589+0300] {logging_mixin.py:188} INFO - [2025-07-13T23:40:06.587+0300] {dag.py:3096} INFO - Sync 1 DAGs
[2025-07-13T23:40:06.627+0300] {logging_mixin.py:188} INFO - [2025-07-13T23:40:06.626+0300] {dag.py:3954} INFO - Setting next_dagrun for example_bash_operator to 2025-07-12 00:00:00+00:00, run_after=2025-07-13 00:00:00+00:00
[2025-07-13T23:40:06.665+0300] {processor.py:183} INFO - Processing /home/wal/.pyenv/versions/3.12.0/lib/python3.12/site-packages/airflow/example_dags/example_bash_operator.py took 0.154 seconds
[2025-07-13T23:41:21.852+0300] {processor.py:161} INFO - Started process (PID=6606) to work on /home/wal/.pyenv/versions/3.12.0/lib/python3.12/site-packages/airflow/example_dags/example_bash_operator.py
[2025-07-13T23:41:21.854+0300] {processor.py:830} INFO - Processing file /home/wal/.pyenv/versions/3.12.0/lib/python3.12/site-packages/airflow/example_dags/example_bash_operator.py for tasks to queue
[2025-07-13T23:41:21.856+0300] {logging_mixin.py:188} INFO - [2025-07-13T23:41:21.855+0300] {dagbag.py:545} INFO - Filling up the DagBag from /home/wal/.pyenv/versions/3.12.0/lib/python3.12/site-packages/airflow/example_dags/example_bash_operator.py
[2025-07-13T23:41:21.871+0300] {processor.py:840} INFO - DAG(s) 'example_bash_operator' retrieved from /home/wal/.pyenv/versions/3.12.0/lib/python3.12/site-packages/airflow/example_dags/example_bash_operator.py
[2025-07-13T23:41:21.904+0300] {logging_mixin.py:188} INFO - [2025-07-13T23:41:21.903+0300] {dag.py:3096} INFO - Sync 1 DAGs
[2025-07-13T23:41:21.935+0300] {logging_mixin.py:188} INFO - [2025-07-13T23:41:21.935+0300] {dag.py:3954} INFO - Setting next_dagrun for example_bash_operator to 2025-07-12 00:00:00+00:00, run_after=2025-07-13 00:00:00+00:00
[2025-07-13T23:41:21.970+0300] {processor.py:183} INFO - Processing /home/wal/.pyenv/versions/3.12.0/lib/python3.12/site-packages/airflow/example_dags/example_bash_operator.py took 0.126 seconds
[2025-07-13T23:42:38.832+0300] {processor.py:161} INFO - Started process (PID=6679) to work on /home/wal/.pyenv/versions/3.12.0/lib/python3.12/site-packages/airflow/example_dags/example_bash_operator.py
[2025-07-13T23:42:38.834+0300] {processor.py:830} INFO - Processing file /home/wal/.pyenv/versions/3.12.0/lib/python3.12/site-packages/airflow/example_dags/example_bash_operator.py for tasks to queue
[2025-07-13T23:42:38.836+0300] {logging_mixin.py:188} INFO - [2025-07-13T23:42:38.836+0300] {dagbag.py:545} INFO - Filling up the DagBag from /home/wal/.pyenv/versions/3.12.0/lib/python3.12/site-packages/airflow/example_dags/example_bash_operator.py
[2025-07-13T23:42:38.853+0300] {processor.py:840} INFO - DAG(s) 'example_bash_operator' retrieved from /home/wal/.pyenv/versions/3.12.0/lib/python3.12/site-packages/airflow/example_dags/example_bash_operator.py
[2025-07-13T23:42:38.884+0300] {logging_mixin.py:188} INFO - [2025-07-13T23:42:38.883+0300] {dag.py:3096} INFO - Sync 1 DAGs
[2025-07-13T23:42:38.913+0300] {logging_mixin.py:188} INFO - [2025-07-13T23:42:38.913+0300] {dag.py:3954} INFO - Setting next_dagrun for example_bash_operator to 2025-07-12 00:00:00+00:00, run_after=2025-07-13 00:00:00+00:00
[2025-07-13T23:42:38.951+0300] {processor.py:183} INFO - Processing /home/wal/.pyenv/versions/3.12.0/lib/python3.12/site-packages/airflow/example_dags/example_bash_operator.py took 0.129 seconds
[2025-07-13T23:44:02.507+0300] {processor.py:161} INFO - Started process (PID=6753) to work on /home/wal/.pyenv/versions/3.12.0/lib/python3.12/site-packages/airflow/example_dags/example_bash_operator.py
[2025-07-13T23:44:02.508+0300] {processor.py:830} INFO - Processing file /home/wal/.pyenv/versions/3.12.0/lib/python3.12/site-packages/airflow/example_dags/example_bash_operator.py for tasks to queue
[2025-07-13T23:44:02.513+0300] {logging_mixin.py:188} INFO - [2025-07-13T23:44:02.512+0300] {dagbag.py:545} INFO - Filling up the DagBag from /home/wal/.pyenv/versions/3.12.0/lib/python3.12/site-packages/airflow/example_dags/example_bash_operator.py
[2025-07-13T23:44:02.533+0300] {processor.py:840} INFO - DAG(s) 'example_bash_operator' retrieved from /home/wal/.pyenv/versions/3.12.0/lib/python3.12/site-packages/airflow/example_dags/example_bash_operator.py
[2025-07-13T23:44:02.568+0300] {logging_mixin.py:188} INFO - [2025-07-13T23:44:02.568+0300] {dag.py:3096} INFO - Sync 1 DAGs
[2025-07-13T23:44:02.603+0300] {logging_mixin.py:188} INFO - [2025-07-13T23:44:02.602+0300] {dag.py:3954} INFO - Setting next_dagrun for example_bash_operator to 2025-07-12 00:00:00+00:00, run_after=2025-07-13 00:00:00+00:00
[2025-07-13T23:44:02.637+0300] {processor.py:183} INFO - Processing /home/wal/.pyenv/versions/3.12.0/lib/python3.12/site-packages/airflow/example_dags/example_bash_operator.py took 0.139 seconds
[2025-07-13T23:44:59.335+0300] {processor.py:161} INFO - Started process (PID=6805) to work on /home/wal/.pyenv/versions/3.12.0/lib/python3.12/site-packages/airflow/example_dags/example_bash_operator.py
[2025-07-13T23:44:59.342+0300] {processor.py:830} INFO - Processing file /home/wal/.pyenv/versions/3.12.0/lib/python3.12/site-packages/airflow/example_dags/example_bash_operator.py for tasks to queue
[2025-07-13T23:44:59.347+0300] {logging_mixin.py:188} INFO - [2025-07-13T23:44:59.345+0300] {dagbag.py:545} INFO - Filling up the DagBag from /home/wal/.pyenv/versions/3.12.0/lib/python3.12/site-packages/airflow/example_dags/example_bash_operator.py
[2025-07-13T23:44:59.412+0300] {processor.py:840} INFO - DAG(s) 'example_bash_operator' retrieved from /home/wal/.pyenv/versions/3.12.0/lib/python3.12/site-packages/airflow/example_dags/example_bash_operator.py
[2025-07-13T23:44:59.518+0300] {logging_mixin.py:188} INFO - [2025-07-13T23:44:59.518+0300] {dag.py:3096} INFO - Sync 1 DAGs
[2025-07-13T23:44:59.552+0300] {logging_mixin.py:188} INFO - [2025-07-13T23:44:59.552+0300] {dag.py:3954} INFO - Setting next_dagrun for example_bash_operator to 2025-07-12 00:00:00+00:00, run_after=2025-07-13 00:00:00+00:00
[2025-07-13T23:44:59.586+0300] {processor.py:183} INFO - Processing /home/wal/.pyenv/versions/3.12.0/lib/python3.12/site-packages/airflow/example_dags/example_bash_operator.py took 0.267 seconds
[2025-07-13T23:45:54.778+0300] {processor.py:161} INFO - Started process (PID=6859) to work on /home/wal/.pyenv/versions/3.12.0/lib/python3.12/site-packages/airflow/example_dags/example_bash_operator.py
[2025-07-13T23:45:54.784+0300] {processor.py:830} INFO - Processing file /home/wal/.pyenv/versions/3.12.0/lib/python3.12/site-packages/airflow/example_dags/example_bash_operator.py for tasks to queue
[2025-07-13T23:45:54.788+0300] {logging_mixin.py:188} INFO - [2025-07-13T23:45:54.787+0300] {dagbag.py:545} INFO - Filling up the DagBag from /home/wal/.pyenv/versions/3.12.0/lib/python3.12/site-packages/airflow/example_dags/example_bash_operator.py
[2025-07-13T23:45:54.804+0300] {processor.py:840} INFO - DAG(s) 'example_bash_operator' retrieved from /home/wal/.pyenv/versions/3.12.0/lib/python3.12/site-packages/airflow/example_dags/example_bash_operator.py
[2025-07-13T23:45:54.837+0300] {logging_mixin.py:188} INFO - [2025-07-13T23:45:54.836+0300] {dag.py:3096} INFO - Sync 1 DAGs
[2025-07-13T23:45:54.866+0300] {logging_mixin.py:188} INFO - [2025-07-13T23:45:54.865+0300] {dag.py:3954} INFO - Setting next_dagrun for example_bash_operator to 2025-07-12 00:00:00+00:00, run_after=2025-07-13 00:00:00+00:00
[2025-07-13T23:45:54.897+0300] {processor.py:183} INFO - Processing /home/wal/.pyenv/versions/3.12.0/lib/python3.12/site-packages/airflow/example_dags/example_bash_operator.py took 0.128 seconds
[2025-07-13T23:47:18.616+0300] {processor.py:161} INFO - Started process (PID=6934) to work on /home/wal/.pyenv/versions/3.12.0/lib/python3.12/site-packages/airflow/example_dags/example_bash_operator.py
[2025-07-13T23:47:18.618+0300] {processor.py:830} INFO - Processing file /home/wal/.pyenv/versions/3.12.0/lib/python3.12/site-packages/airflow/example_dags/example_bash_operator.py for tasks to queue
[2025-07-13T23:47:18.621+0300] {logging_mixin.py:188} INFO - [2025-07-13T23:47:18.620+0300] {dagbag.py:545} INFO - Filling up the DagBag from /home/wal/.pyenv/versions/3.12.0/lib/python3.12/site-packages/airflow/example_dags/example_bash_operator.py
[2025-07-13T23:47:18.641+0300] {processor.py:840} INFO - DAG(s) 'example_bash_operator' retrieved from /home/wal/.pyenv/versions/3.12.0/lib/python3.12/site-packages/airflow/example_dags/example_bash_operator.py
[2025-07-13T23:47:18.683+0300] {logging_mixin.py:188} INFO - [2025-07-13T23:47:18.683+0300] {dag.py:3096} INFO - Sync 1 DAGs
[2025-07-13T23:47:18.713+0300] {logging_mixin.py:188} INFO - [2025-07-13T23:47:18.712+0300] {dag.py:3954} INFO - Setting next_dagrun for example_bash_operator to 2025-07-12 00:00:00+00:00, run_after=2025-07-13 00:00:00+00:00
[2025-07-13T23:47:18.740+0300] {processor.py:183} INFO - Processing /home/wal/.pyenv/versions/3.12.0/lib/python3.12/site-packages/airflow/example_dags/example_bash_operator.py took 0.135 seconds
[2025-07-13T23:48:40.678+0300] {processor.py:161} INFO - Started process (PID=7008) to work on /home/wal/.pyenv/versions/3.12.0/lib/python3.12/site-packages/airflow/example_dags/example_bash_operator.py
[2025-07-13T23:48:40.684+0300] {processor.py:830} INFO - Processing file /home/wal/.pyenv/versions/3.12.0/lib/python3.12/site-packages/airflow/example_dags/example_bash_operator.py for tasks to queue
[2025-07-13T23:48:40.687+0300] {logging_mixin.py:188} INFO - [2025-07-13T23:48:40.687+0300] {dagbag.py:545} INFO - Filling up the DagBag from /home/wal/.pyenv/versions/3.12.0/lib/python3.12/site-packages/airflow/example_dags/example_bash_operator.py
[2025-07-13T23:48:40.702+0300] {processor.py:840} INFO - DAG(s) 'example_bash_operator' retrieved from /home/wal/.pyenv/versions/3.12.0/lib/python3.12/site-packages/airflow/example_dags/example_bash_operator.py
[2025-07-13T23:48:40.730+0300] {logging_mixin.py:188} INFO - [2025-07-13T23:48:40.730+0300] {dag.py:3096} INFO - Sync 1 DAGs
[2025-07-13T23:48:40.758+0300] {logging_mixin.py:188} INFO - [2025-07-13T23:48:40.757+0300] {dag.py:3954} INFO - Setting next_dagrun for example_bash_operator to 2025-07-12 00:00:00+00:00, run_after=2025-07-13 00:00:00+00:00
[2025-07-13T23:48:40.790+0300] {processor.py:183} INFO - Processing /home/wal/.pyenv/versions/3.12.0/lib/python3.12/site-packages/airflow/example_dags/example_bash_operator.py took 0.122 seconds
[2025-07-13T23:49:35.741+0300] {processor.py:161} INFO - Started process (PID=7060) to work on /home/wal/.pyenv/versions/3.12.0/lib/python3.12/site-packages/airflow/example_dags/example_bash_operator.py
[2025-07-13T23:49:35.747+0300] {processor.py:830} INFO - Processing file /home/wal/.pyenv/versions/3.12.0/lib/python3.12/site-packages/airflow/example_dags/example_bash_operator.py for tasks to queue
[2025-07-13T23:49:35.749+0300] {logging_mixin.py:188} INFO - [2025-07-13T23:49:35.748+0300] {dagbag.py:545} INFO - Filling up the DagBag from /home/wal/.pyenv/versions/3.12.0/lib/python3.12/site-packages/airflow/example_dags/example_bash_operator.py
[2025-07-13T23:49:35.764+0300] {processor.py:840} INFO - DAG(s) 'example_bash_operator' retrieved from /home/wal/.pyenv/versions/3.12.0/lib/python3.12/site-packages/airflow/example_dags/example_bash_operator.py
[2025-07-13T23:49:35.794+0300] {logging_mixin.py:188} INFO - [2025-07-13T23:49:35.794+0300] {dag.py:3096} INFO - Sync 1 DAGs
[2025-07-13T23:49:35.825+0300] {logging_mixin.py:188} INFO - [2025-07-13T23:49:35.825+0300] {dag.py:3954} INFO - Setting next_dagrun for example_bash_operator to 2025-07-12 00:00:00+00:00, run_after=2025-07-13 00:00:00+00:00
[2025-07-13T23:49:35.858+0300] {processor.py:183} INFO - Processing /home/wal/.pyenv/versions/3.12.0/lib/python3.12/site-packages/airflow/example_dags/example_bash_operator.py took 0.127 seconds
[2025-07-13T23:50:55.445+0300] {processor.py:161} INFO - Started process (PID=7134) to work on /home/wal/.pyenv/versions/3.12.0/lib/python3.12/site-packages/airflow/example_dags/example_bash_operator.py
[2025-07-13T23:50:55.451+0300] {processor.py:830} INFO - Processing file /home/wal/.pyenv/versions/3.12.0/lib/python3.12/site-packages/airflow/example_dags/example_bash_operator.py for tasks to queue
[2025-07-13T23:50:55.453+0300] {logging_mixin.py:188} INFO - [2025-07-13T23:50:55.453+0300] {dagbag.py:545} INFO - Filling up the DagBag from /home/wal/.pyenv/versions/3.12.0/lib/python3.12/site-packages/airflow/example_dags/example_bash_operator.py
[2025-07-13T23:50:55.474+0300] {processor.py:840} INFO - DAG(s) 'example_bash_operator' retrieved from /home/wal/.pyenv/versions/3.12.0/lib/python3.12/site-packages/airflow/example_dags/example_bash_operator.py
[2025-07-13T23:50:55.504+0300] {logging_mixin.py:188} INFO - [2025-07-13T23:50:55.504+0300] {dag.py:3096} INFO - Sync 1 DAGs
[2025-07-13T23:50:55.538+0300] {logging_mixin.py:188} INFO - [2025-07-13T23:50:55.538+0300] {dag.py:3954} INFO - Setting next_dagrun for example_bash_operator to 2025-07-12 00:00:00+00:00, run_after=2025-07-13 00:00:00+00:00
[2025-07-13T23:50:55.569+0300] {processor.py:183} INFO - Processing /home/wal/.pyenv/versions/3.12.0/lib/python3.12/site-packages/airflow/example_dags/example_bash_operator.py took 0.133 seconds
[2025-07-13T23:52:22.780+0300] {processor.py:161} INFO - Started process (PID=7211) to work on /home/wal/.pyenv/versions/3.12.0/lib/python3.12/site-packages/airflow/example_dags/example_bash_operator.py
[2025-07-13T23:52:22.783+0300] {processor.py:830} INFO - Processing file /home/wal/.pyenv/versions/3.12.0/lib/python3.12/site-packages/airflow/example_dags/example_bash_operator.py for tasks to queue
[2025-07-13T23:52:22.786+0300] {logging_mixin.py:188} INFO - [2025-07-13T23:52:22.786+0300] {dagbag.py:545} INFO - Filling up the DagBag from /home/wal/.pyenv/versions/3.12.0/lib/python3.12/site-packages/airflow/example_dags/example_bash_operator.py
[2025-07-13T23:52:22.809+0300] {processor.py:840} INFO - DAG(s) 'example_bash_operator' retrieved from /home/wal/.pyenv/versions/3.12.0/lib/python3.12/site-packages/airflow/example_dags/example_bash_operator.py
[2025-07-13T23:52:22.850+0300] {logging_mixin.py:188} INFO - [2025-07-13T23:52:22.850+0300] {dag.py:3096} INFO - Sync 1 DAGs
[2025-07-13T23:52:22.881+0300] {logging_mixin.py:188} INFO - [2025-07-13T23:52:22.880+0300] {dag.py:3954} INFO - Setting next_dagrun for example_bash_operator to 2025-07-12 00:00:00+00:00, run_after=2025-07-13 00:00:00+00:00
[2025-07-13T23:52:22.912+0300] {processor.py:183} INFO - Processing /home/wal/.pyenv/versions/3.12.0/lib/python3.12/site-packages/airflow/example_dags/example_bash_operator.py took 0.142 seconds
[2025-07-13T23:53:20.860+0300] {processor.py:161} INFO - Started process (PID=7263) to work on /home/wal/.pyenv/versions/3.12.0/lib/python3.12/site-packages/airflow/example_dags/example_bash_operator.py
[2025-07-13T23:53:20.867+0300] {processor.py:830} INFO - Processing file /home/wal/.pyenv/versions/3.12.0/lib/python3.12/site-packages/airflow/example_dags/example_bash_operator.py for tasks to queue
[2025-07-13T23:53:20.869+0300] {logging_mixin.py:188} INFO - [2025-07-13T23:53:20.868+0300] {dagbag.py:545} INFO - Filling up the DagBag from /home/wal/.pyenv/versions/3.12.0/lib/python3.12/site-packages/airflow/example_dags/example_bash_operator.py
[2025-07-13T23:53:20.884+0300] {processor.py:840} INFO - DAG(s) 'example_bash_operator' retrieved from /home/wal/.pyenv/versions/3.12.0/lib/python3.12/site-packages/airflow/example_dags/example_bash_operator.py
[2025-07-13T23:53:20.916+0300] {logging_mixin.py:188} INFO - [2025-07-13T23:53:20.916+0300] {dag.py:3096} INFO - Sync 1 DAGs
[2025-07-13T23:53:20.944+0300] {logging_mixin.py:188} INFO - [2025-07-13T23:53:20.943+0300] {dag.py:3954} INFO - Setting next_dagrun for example_bash_operator to 2025-07-12 00:00:00+00:00, run_after=2025-07-13 00:00:00+00:00
[2025-07-13T23:53:20.975+0300] {processor.py:183} INFO - Processing /home/wal/.pyenv/versions/3.12.0/lib/python3.12/site-packages/airflow/example_dags/example_bash_operator.py took 0.124 seconds
[2025-07-13T23:54:17.963+0300] {processor.py:161} INFO - Started process (PID=7315) to work on /home/wal/.pyenv/versions/3.12.0/lib/python3.12/site-packages/airflow/example_dags/example_bash_operator.py
[2025-07-13T23:54:17.964+0300] {processor.py:830} INFO - Processing file /home/wal/.pyenv/versions/3.12.0/lib/python3.12/site-packages/airflow/example_dags/example_bash_operator.py for tasks to queue
[2025-07-13T23:54:17.966+0300] {logging_mixin.py:188} INFO - [2025-07-13T23:54:17.965+0300] {dagbag.py:545} INFO - Filling up the DagBag from /home/wal/.pyenv/versions/3.12.0/lib/python3.12/site-packages/airflow/example_dags/example_bash_operator.py
[2025-07-13T23:54:17.989+0300] {processor.py:840} INFO - DAG(s) 'example_bash_operator' retrieved from /home/wal/.pyenv/versions/3.12.0/lib/python3.12/site-packages/airflow/example_dags/example_bash_operator.py
[2025-07-13T23:54:18.025+0300] {logging_mixin.py:188} INFO - [2025-07-13T23:54:18.025+0300] {dag.py:3096} INFO - Sync 1 DAGs
[2025-07-13T23:54:18.060+0300] {logging_mixin.py:188} INFO - [2025-07-13T23:54:18.059+0300] {dag.py:3954} INFO - Setting next_dagrun for example_bash_operator to 2025-07-12 00:00:00+00:00, run_after=2025-07-13 00:00:00+00:00
[2025-07-13T23:54:18.093+0300] {processor.py:183} INFO - Processing /home/wal/.pyenv/versions/3.12.0/lib/python3.12/site-packages/airflow/example_dags/example_bash_operator.py took 0.141 seconds
[2025-07-13T23:55:42.156+0300] {processor.py:161} INFO - Started process (PID=7394) to work on /home/wal/.pyenv/versions/3.12.0/lib/python3.12/site-packages/airflow/example_dags/example_bash_operator.py
[2025-07-13T23:55:42.163+0300] {processor.py:830} INFO - Processing file /home/wal/.pyenv/versions/3.12.0/lib/python3.12/site-packages/airflow/example_dags/example_bash_operator.py for tasks to queue
[2025-07-13T23:55:42.165+0300] {logging_mixin.py:188} INFO - [2025-07-13T23:55:42.164+0300] {dagbag.py:545} INFO - Filling up the DagBag from /home/wal/.pyenv/versions/3.12.0/lib/python3.12/site-packages/airflow/example_dags/example_bash_operator.py
[2025-07-13T23:55:42.181+0300] {processor.py:840} INFO - DAG(s) 'example_bash_operator' retrieved from /home/wal/.pyenv/versions/3.12.0/lib/python3.12/site-packages/airflow/example_dags/example_bash_operator.py
[2025-07-13T23:55:42.211+0300] {logging_mixin.py:188} INFO - [2025-07-13T23:55:42.211+0300] {dag.py:3096} INFO - Sync 1 DAGs
[2025-07-13T23:55:42.245+0300] {logging_mixin.py:188} INFO - [2025-07-13T23:55:42.244+0300] {dag.py:3954} INFO - Setting next_dagrun for example_bash_operator to 2025-07-12 00:00:00+00:00, run_after=2025-07-13 00:00:00+00:00
[2025-07-13T23:55:42.279+0300] {processor.py:183} INFO - Processing /home/wal/.pyenv/versions/3.12.0/lib/python3.12/site-packages/airflow/example_dags/example_bash_operator.py took 0.139 seconds
[2025-07-13T23:57:06.567+0300] {processor.py:161} INFO - Started process (PID=7469) to work on /home/wal/.pyenv/versions/3.12.0/lib/python3.12/site-packages/airflow/example_dags/example_bash_operator.py
[2025-07-13T23:57:06.570+0300] {processor.py:830} INFO - Processing file /home/wal/.pyenv/versions/3.12.0/lib/python3.12/site-packages/airflow/example_dags/example_bash_operator.py for tasks to queue
[2025-07-13T23:57:06.575+0300] {logging_mixin.py:188} INFO - [2025-07-13T23:57:06.574+0300] {dagbag.py:545} INFO - Filling up the DagBag from /home/wal/.pyenv/versions/3.12.0/lib/python3.12/site-packages/airflow/example_dags/example_bash_operator.py
[2025-07-13T23:57:06.597+0300] {processor.py:840} INFO - DAG(s) 'example_bash_operator' retrieved from /home/wal/.pyenv/versions/3.12.0/lib/python3.12/site-packages/airflow/example_dags/example_bash_operator.py
[2025-07-13T23:57:06.633+0300] {logging_mixin.py:188} INFO - [2025-07-13T23:57:06.633+0300] {dag.py:3096} INFO - Sync 1 DAGs
[2025-07-13T23:57:06.663+0300] {logging_mixin.py:188} INFO - [2025-07-13T23:57:06.663+0300] {dag.py:3954} INFO - Setting next_dagrun for example_bash_operator to 2025-07-12 00:00:00+00:00, run_after=2025-07-13 00:00:00+00:00
[2025-07-13T23:57:06.697+0300] {processor.py:183} INFO - Processing /home/wal/.pyenv/versions/3.12.0/lib/python3.12/site-packages/airflow/example_dags/example_bash_operator.py took 0.139 seconds
[2025-07-13T23:58:03.290+0300] {processor.py:161} INFO - Started process (PID=7520) to work on /home/wal/.pyenv/versions/3.12.0/lib/python3.12/site-packages/airflow/example_dags/example_bash_operator.py
[2025-07-13T23:58:03.293+0300] {processor.py:830} INFO - Processing file /home/wal/.pyenv/versions/3.12.0/lib/python3.12/site-packages/airflow/example_dags/example_bash_operator.py for tasks to queue
[2025-07-13T23:58:03.297+0300] {logging_mixin.py:188} INFO - [2025-07-13T23:58:03.297+0300] {dagbag.py:545} INFO - Filling up the DagBag from /home/wal/.pyenv/versions/3.12.0/lib/python3.12/site-packages/airflow/example_dags/example_bash_operator.py
[2025-07-13T23:58:03.316+0300] {processor.py:840} INFO - DAG(s) 'example_bash_operator' retrieved from /home/wal/.pyenv/versions/3.12.0/lib/python3.12/site-packages/airflow/example_dags/example_bash_operator.py
[2025-07-13T23:58:03.350+0300] {logging_mixin.py:188} INFO - [2025-07-13T23:58:03.350+0300] {dag.py:3096} INFO - Sync 1 DAGs
[2025-07-13T23:58:03.378+0300] {logging_mixin.py:188} INFO - [2025-07-13T23:58:03.377+0300] {dag.py:3954} INFO - Setting next_dagrun for example_bash_operator to 2025-07-12 00:00:00+00:00, run_after=2025-07-13 00:00:00+00:00
[2025-07-13T23:58:03.405+0300] {processor.py:183} INFO - Processing /home/wal/.pyenv/versions/3.12.0/lib/python3.12/site-packages/airflow/example_dags/example_bash_operator.py took 0.122 seconds
[2025-07-13T23:59:24.737+0300] {processor.py:161} INFO - Started process (PID=7599) to work on /home/wal/.pyenv/versions/3.12.0/lib/python3.12/site-packages/airflow/example_dags/example_bash_operator.py
[2025-07-13T23:59:24.766+0300] {processor.py:830} INFO - Processing file /home/wal/.pyenv/versions/3.12.0/lib/python3.12/site-packages/airflow/example_dags/example_bash_operator.py for tasks to queue
[2025-07-13T23:59:24.772+0300] {logging_mixin.py:188} INFO - [2025-07-13T23:59:24.771+0300] {dagbag.py:545} INFO - Filling up the DagBag from /home/wal/.pyenv/versions/3.12.0/lib/python3.12/site-packages/airflow/example_dags/example_bash_operator.py
[2025-07-13T23:59:24.796+0300] {processor.py:840} INFO - DAG(s) 'example_bash_operator' retrieved from /home/wal/.pyenv/versions/3.12.0/lib/python3.12/site-packages/airflow/example_dags/example_bash_operator.py
[2025-07-13T23:59:24.827+0300] {logging_mixin.py:188} INFO - [2025-07-13T23:59:24.827+0300] {dag.py:3096} INFO - Sync 1 DAGs
[2025-07-13T23:59:24.855+0300] {logging_mixin.py:188} INFO - [2025-07-13T23:59:24.855+0300] {dag.py:3954} INFO - Setting next_dagrun for example_bash_operator to 2025-07-12 00:00:00+00:00, run_after=2025-07-13 00:00:00+00:00
[2025-07-13T23:59:24.887+0300] {processor.py:183} INFO - Processing /home/wal/.pyenv/versions/3.12.0/lib/python3.12/site-packages/airflow/example_dags/example_bash_operator.py took 0.163 seconds
[2025-07-14T00:00:27.167+0300] {processor.py:161} INFO - Started process (PID=7667) to work on /home/wal/.pyenv/versions/3.12.0/lib/python3.12/site-packages/airflow/example_dags/example_bash_operator.py
[2025-07-14T00:00:27.183+0300] {processor.py:830} INFO - Processing file /home/wal/.pyenv/versions/3.12.0/lib/python3.12/site-packages/airflow/example_dags/example_bash_operator.py for tasks to queue
[2025-07-14T00:00:27.185+0300] {logging_mixin.py:188} INFO - [2025-07-14T00:00:27.185+0300] {dagbag.py:545} INFO - Filling up the DagBag from /home/wal/.pyenv/versions/3.12.0/lib/python3.12/site-packages/airflow/example_dags/example_bash_operator.py
[2025-07-14T00:00:27.202+0300] {processor.py:840} INFO - DAG(s) 'example_bash_operator' retrieved from /home/wal/.pyenv/versions/3.12.0/lib/python3.12/site-packages/airflow/example_dags/example_bash_operator.py
[2025-07-14T00:00:27.238+0300] {logging_mixin.py:188} INFO - [2025-07-14T00:00:27.238+0300] {dag.py:3096} INFO - Sync 1 DAGs
[2025-07-14T00:00:27.269+0300] {logging_mixin.py:188} INFO - [2025-07-14T00:00:27.269+0300] {dag.py:3954} INFO - Setting next_dagrun for example_bash_operator to 2025-07-12 00:00:00+00:00, run_after=2025-07-13 00:00:00+00:00
[2025-07-14T00:00:27.351+0300] {processor.py:183} INFO - Processing /home/wal/.pyenv/versions/3.12.0/lib/python3.12/site-packages/airflow/example_dags/example_bash_operator.py took 0.199 seconds
[2025-07-14T00:01:49.758+0300] {processor.py:161} INFO - Started process (PID=7742) to work on /home/wal/.pyenv/versions/3.12.0/lib/python3.12/site-packages/airflow/example_dags/example_bash_operator.py
[2025-07-14T00:01:49.765+0300] {processor.py:830} INFO - Processing file /home/wal/.pyenv/versions/3.12.0/lib/python3.12/site-packages/airflow/example_dags/example_bash_operator.py for tasks to queue
[2025-07-14T00:01:49.767+0300] {logging_mixin.py:188} INFO - [2025-07-14T00:01:49.767+0300] {dagbag.py:545} INFO - Filling up the DagBag from /home/wal/.pyenv/versions/3.12.0/lib/python3.12/site-packages/airflow/example_dags/example_bash_operator.py
[2025-07-14T00:01:49.782+0300] {processor.py:840} INFO - DAG(s) 'example_bash_operator' retrieved from /home/wal/.pyenv/versions/3.12.0/lib/python3.12/site-packages/airflow/example_dags/example_bash_operator.py
[2025-07-14T00:01:49.811+0300] {logging_mixin.py:188} INFO - [2025-07-14T00:01:49.811+0300] {dag.py:3096} INFO - Sync 1 DAGs
[2025-07-14T00:01:49.852+0300] {logging_mixin.py:188} INFO - [2025-07-14T00:01:49.851+0300] {dag.py:3954} INFO - Setting next_dagrun for example_bash_operator to 2025-07-12 00:00:00+00:00, run_after=2025-07-13 00:00:00+00:00
[2025-07-14T00:01:49.885+0300] {processor.py:183} INFO - Processing /home/wal/.pyenv/versions/3.12.0/lib/python3.12/site-packages/airflow/example_dags/example_bash_operator.py took 0.135 seconds
[2025-07-14T00:03:12.755+0300] {processor.py:161} INFO - Started process (PID=7818) to work on /home/wal/.pyenv/versions/3.12.0/lib/python3.12/site-packages/airflow/example_dags/example_bash_operator.py
[2025-07-14T00:03:12.757+0300] {processor.py:830} INFO - Processing file /home/wal/.pyenv/versions/3.12.0/lib/python3.12/site-packages/airflow/example_dags/example_bash_operator.py for tasks to queue
[2025-07-14T00:03:12.762+0300] {logging_mixin.py:188} INFO - [2025-07-14T00:03:12.761+0300] {dagbag.py:545} INFO - Filling up the DagBag from /home/wal/.pyenv/versions/3.12.0/lib/python3.12/site-packages/airflow/example_dags/example_bash_operator.py
[2025-07-14T00:03:12.780+0300] {processor.py:840} INFO - DAG(s) 'example_bash_operator' retrieved from /home/wal/.pyenv/versions/3.12.0/lib/python3.12/site-packages/airflow/example_dags/example_bash_operator.py
[2025-07-14T00:03:12.813+0300] {logging_mixin.py:188} INFO - [2025-07-14T00:03:12.813+0300] {dag.py:3096} INFO - Sync 1 DAGs
[2025-07-14T00:03:12.844+0300] {logging_mixin.py:188} INFO - [2025-07-14T00:03:12.843+0300] {dag.py:3954} INFO - Setting next_dagrun for example_bash_operator to 2025-07-12 00:00:00+00:00, run_after=2025-07-13 00:00:00+00:00
[2025-07-14T00:03:12.879+0300] {processor.py:183} INFO - Processing /home/wal/.pyenv/versions/3.12.0/lib/python3.12/site-packages/airflow/example_dags/example_bash_operator.py took 0.132 seconds
[2025-07-14T00:04:29.554+0300] {processor.py:161} INFO - Started process (PID=7890) to work on /home/wal/.pyenv/versions/3.12.0/lib/python3.12/site-packages/airflow/example_dags/example_bash_operator.py
[2025-07-14T00:04:29.561+0300] {processor.py:830} INFO - Processing file /home/wal/.pyenv/versions/3.12.0/lib/python3.12/site-packages/airflow/example_dags/example_bash_operator.py for tasks to queue
[2025-07-14T00:04:29.565+0300] {logging_mixin.py:188} INFO - [2025-07-14T00:04:29.564+0300] {dagbag.py:545} INFO - Filling up the DagBag from /home/wal/.pyenv/versions/3.12.0/lib/python3.12/site-packages/airflow/example_dags/example_bash_operator.py
[2025-07-14T00:04:29.583+0300] {processor.py:840} INFO - DAG(s) 'example_bash_operator' retrieved from /home/wal/.pyenv/versions/3.12.0/lib/python3.12/site-packages/airflow/example_dags/example_bash_operator.py
[2025-07-14T00:04:29.615+0300] {logging_mixin.py:188} INFO - [2025-07-14T00:04:29.614+0300] {dag.py:3096} INFO - Sync 1 DAGs
[2025-07-14T00:04:29.641+0300] {logging_mixin.py:188} INFO - [2025-07-14T00:04:29.641+0300] {dag.py:3954} INFO - Setting next_dagrun for example_bash_operator to 2025-07-12 00:00:00+00:00, run_after=2025-07-13 00:00:00+00:00
[2025-07-14T00:04:29.671+0300] {processor.py:183} INFO - Processing /home/wal/.pyenv/versions/3.12.0/lib/python3.12/site-packages/airflow/example_dags/example_bash_operator.py took 0.127 seconds
[2025-07-14T00:05:26.572+0300] {processor.py:161} INFO - Started process (PID=7947) to work on /home/wal/.pyenv/versions/3.12.0/lib/python3.12/site-packages/airflow/example_dags/example_bash_operator.py
[2025-07-14T00:05:26.574+0300] {processor.py:830} INFO - Processing file /home/wal/.pyenv/versions/3.12.0/lib/python3.12/site-packages/airflow/example_dags/example_bash_operator.py for tasks to queue
[2025-07-14T00:05:26.577+0300] {logging_mixin.py:188} INFO - [2025-07-14T00:05:26.577+0300] {dagbag.py:545} INFO - Filling up the DagBag from /home/wal/.pyenv/versions/3.12.0/lib/python3.12/site-packages/airflow/example_dags/example_bash_operator.py
[2025-07-14T00:05:26.597+0300] {processor.py:840} INFO - DAG(s) 'example_bash_operator' retrieved from /home/wal/.pyenv/versions/3.12.0/lib/python3.12/site-packages/airflow/example_dags/example_bash_operator.py
[2025-07-14T00:05:26.632+0300] {logging_mixin.py:188} INFO - [2025-07-14T00:05:26.631+0300] {dag.py:3096} INFO - Sync 1 DAGs
[2025-07-14T00:05:26.667+0300] {logging_mixin.py:188} INFO - [2025-07-14T00:05:26.667+0300] {dag.py:3954} INFO - Setting next_dagrun for example_bash_operator to 2025-07-12 00:00:00+00:00, run_after=2025-07-13 00:00:00+00:00
[2025-07-14T00:05:26.701+0300] {processor.py:183} INFO - Processing /home/wal/.pyenv/versions/3.12.0/lib/python3.12/site-packages/airflow/example_dags/example_bash_operator.py took 0.141 seconds
[2025-07-14T00:06:44.289+0300] {processor.py:161} INFO - Started process (PID=8020) to work on /home/wal/.pyenv/versions/3.12.0/lib/python3.12/site-packages/airflow/example_dags/example_bash_operator.py
[2025-07-14T00:06:44.292+0300] {processor.py:830} INFO - Processing file /home/wal/.pyenv/versions/3.12.0/lib/python3.12/site-packages/airflow/example_dags/example_bash_operator.py for tasks to queue
[2025-07-14T00:06:44.293+0300] {logging_mixin.py:188} INFO - [2025-07-14T00:06:44.293+0300] {dagbag.py:545} INFO - Filling up the DagBag from /home/wal/.pyenv/versions/3.12.0/lib/python3.12/site-packages/airflow/example_dags/example_bash_operator.py
[2025-07-14T00:06:44.308+0300] {processor.py:840} INFO - DAG(s) 'example_bash_operator' retrieved from /home/wal/.pyenv/versions/3.12.0/lib/python3.12/site-packages/airflow/example_dags/example_bash_operator.py
[2025-07-14T00:06:44.351+0300] {logging_mixin.py:188} INFO - [2025-07-14T00:06:44.351+0300] {dag.py:3096} INFO - Sync 1 DAGs
[2025-07-14T00:06:44.378+0300] {logging_mixin.py:188} INFO - [2025-07-14T00:06:44.377+0300] {dag.py:3954} INFO - Setting next_dagrun for example_bash_operator to 2025-07-12 00:00:00+00:00, run_after=2025-07-13 00:00:00+00:00
[2025-07-14T00:06:44.406+0300] {processor.py:183} INFO - Processing /home/wal/.pyenv/versions/3.12.0/lib/python3.12/site-packages/airflow/example_dags/example_bash_operator.py took 0.124 seconds
[2025-07-14T00:08:14.533+0300] {processor.py:161} INFO - Started process (PID=8097) to work on /home/wal/.pyenv/versions/3.12.0/lib/python3.12/site-packages/airflow/example_dags/example_bash_operator.py
[2025-07-14T00:08:14.536+0300] {processor.py:830} INFO - Processing file /home/wal/.pyenv/versions/3.12.0/lib/python3.12/site-packages/airflow/example_dags/example_bash_operator.py for tasks to queue
[2025-07-14T00:08:14.542+0300] {logging_mixin.py:188} INFO - [2025-07-14T00:08:14.541+0300] {dagbag.py:545} INFO - Filling up the DagBag from /home/wal/.pyenv/versions/3.12.0/lib/python3.12/site-packages/airflow/example_dags/example_bash_operator.py
[2025-07-14T00:08:14.629+0300] {processor.py:840} INFO - DAG(s) 'example_bash_operator' retrieved from /home/wal/.pyenv/versions/3.12.0/lib/python3.12/site-packages/airflow/example_dags/example_bash_operator.py
[2025-07-14T00:08:14.815+0300] {logging_mixin.py:188} INFO - [2025-07-14T00:08:14.814+0300] {dag.py:3096} INFO - Sync 1 DAGs
[2025-07-14T00:08:14.964+0300] {logging_mixin.py:188} INFO - [2025-07-14T00:08:14.963+0300] {dag.py:3954} INFO - Setting next_dagrun for example_bash_operator to 2025-07-12 00:00:00+00:00, run_after=2025-07-13 00:00:00+00:00
[2025-07-14T00:08:15.055+0300] {processor.py:183} INFO - Processing /home/wal/.pyenv/versions/3.12.0/lib/python3.12/site-packages/airflow/example_dags/example_bash_operator.py took 0.547 seconds
