[2025-07-13T22:56:04.880+0300] {processor.py:161} INFO - Started process (PID=3976) to work on /home/wal/.pyenv/versions/3.12.0/lib/python3.12/site-packages/airflow/example_dags/example_kubernetes_executor.py
[2025-07-13T22:56:04.881+0300] {processor.py:830} INFO - Processing file /home/wal/.pyenv/versions/3.12.0/lib/python3.12/site-packages/airflow/example_dags/example_kubernetes_executor.py for tasks to queue
[2025-07-13T22:56:04.882+0300] {logging_mixin.py:188} INFO - [2025-07-13T22:56:04.882+0300] {dagbag.py:545} INFO - Filling up the DagBag from /home/wal/.pyenv/versions/3.12.0/lib/python3.12/site-packages/airflow/example_dags/example_kubernetes_executor.py
[2025-07-13T22:56:04.885+0300] {logging_mixin.py:188} INFO - [2025-07-13T22:56:04.885+0300] {example_kubernetes_executor.py:39} WARNING - The example_kubernetes_executor example DAG requires the kubernetes provider. Please install it with: pip install apache-airflow[cncf.kubernetes]
[2025-07-13T22:56:04.885+0300] {processor.py:842} WARNING - No viable dags retrieved from /home/wal/.pyenv/versions/3.12.0/lib/python3.12/site-packages/airflow/example_dags/example_kubernetes_executor.py
[2025-07-13T22:56:04.897+0300] {processor.py:183} INFO - Processing /home/wal/.pyenv/versions/3.12.0/lib/python3.12/site-packages/airflow/example_dags/example_kubernetes_executor.py took 0.025 seconds
[2025-07-13T22:57:01.860+0300] {processor.py:161} INFO - Started process (PID=4158) to work on /home/wal/.pyenv/versions/3.12.0/lib/python3.12/site-packages/airflow/example_dags/example_kubernetes_executor.py
[2025-07-13T22:57:01.862+0300] {processor.py:830} INFO - Processing file /home/wal/.pyenv/versions/3.12.0/lib/python3.12/site-packages/airflow/example_dags/example_kubernetes_executor.py for tasks to queue
[2025-07-13T22:57:01.866+0300] {logging_mixin.py:188} INFO - [2025-07-13T22:57:01.865+0300] {dagbag.py:545} INFO - Filling up the DagBag from /home/wal/.pyenv/versions/3.12.0/lib/python3.12/site-packages/airflow/example_dags/example_kubernetes_executor.py
[2025-07-13T22:57:01.870+0300] {logging_mixin.py:188} INFO - [2025-07-13T22:57:01.870+0300] {example_kubernetes_executor.py:39} WARNING - The example_kubernetes_executor example DAG requires the kubernetes provider. Please install it with: pip install apache-airflow[cncf.kubernetes]
[2025-07-13T22:57:01.870+0300] {processor.py:842} WARNING - No viable dags retrieved from /home/wal/.pyenv/versions/3.12.0/lib/python3.12/site-packages/airflow/example_dags/example_kubernetes_executor.py
[2025-07-13T22:57:01.889+0300] {processor.py:183} INFO - Processing /home/wal/.pyenv/versions/3.12.0/lib/python3.12/site-packages/airflow/example_dags/example_kubernetes_executor.py took 0.040 seconds
[2025-07-13T22:57:59.284+0300] {processor.py:161} INFO - Started process (PID=4266) to work on /home/wal/.pyenv/versions/3.12.0/lib/python3.12/site-packages/airflow/example_dags/example_kubernetes_executor.py
[2025-07-13T22:57:59.287+0300] {processor.py:830} INFO - Processing file /home/wal/.pyenv/versions/3.12.0/lib/python3.12/site-packages/airflow/example_dags/example_kubernetes_executor.py for tasks to queue
[2025-07-13T22:57:59.291+0300] {logging_mixin.py:188} INFO - [2025-07-13T22:57:59.290+0300] {dagbag.py:545} INFO - Filling up the DagBag from /home/wal/.pyenv/versions/3.12.0/lib/python3.12/site-packages/airflow/example_dags/example_kubernetes_executor.py
[2025-07-13T22:57:59.298+0300] {logging_mixin.py:188} INFO - [2025-07-13T22:57:59.297+0300] {example_kubernetes_executor.py:39} WARNING - The example_kubernetes_executor example DAG requires the kubernetes provider. Please install it with: pip install apache-airflow[cncf.kubernetes]
[2025-07-13T22:57:59.298+0300] {processor.py:842} WARNING - No viable dags retrieved from /home/wal/.pyenv/versions/3.12.0/lib/python3.12/site-packages/airflow/example_dags/example_kubernetes_executor.py
[2025-07-13T22:57:59.321+0300] {processor.py:183} INFO - Processing /home/wal/.pyenv/versions/3.12.0/lib/python3.12/site-packages/airflow/example_dags/example_kubernetes_executor.py took 0.052 seconds
[2025-07-13T22:58:54.854+0300] {processor.py:161} INFO - Started process (PID=4359) to work on /home/wal/.pyenv/versions/3.12.0/lib/python3.12/site-packages/airflow/example_dags/example_kubernetes_executor.py
[2025-07-13T22:58:54.857+0300] {processor.py:830} INFO - Processing file /home/wal/.pyenv/versions/3.12.0/lib/python3.12/site-packages/airflow/example_dags/example_kubernetes_executor.py for tasks to queue
[2025-07-13T22:58:54.864+0300] {logging_mixin.py:188} INFO - [2025-07-13T22:58:54.863+0300] {dagbag.py:545} INFO - Filling up the DagBag from /home/wal/.pyenv/versions/3.12.0/lib/python3.12/site-packages/airflow/example_dags/example_kubernetes_executor.py
[2025-07-13T22:58:54.873+0300] {logging_mixin.py:188} INFO - [2025-07-13T22:58:54.872+0300] {example_kubernetes_executor.py:39} WARNING - The example_kubernetes_executor example DAG requires the kubernetes provider. Please install it with: pip install apache-airflow[cncf.kubernetes]
[2025-07-13T22:58:54.874+0300] {processor.py:842} WARNING - No viable dags retrieved from /home/wal/.pyenv/versions/3.12.0/lib/python3.12/site-packages/airflow/example_dags/example_kubernetes_executor.py
[2025-07-13T22:58:54.914+0300] {processor.py:183} INFO - Processing /home/wal/.pyenv/versions/3.12.0/lib/python3.12/site-packages/airflow/example_dags/example_kubernetes_executor.py took 0.079 seconds
[2025-07-13T22:59:40.975+0300] {processor.py:161} INFO - Started process (PID=4521) to work on /home/wal/.pyenv/versions/3.12.0/lib/python3.12/site-packages/airflow/example_dags/example_kubernetes_executor.py
[2025-07-13T22:59:40.982+0300] {processor.py:830} INFO - Processing file /home/wal/.pyenv/versions/3.12.0/lib/python3.12/site-packages/airflow/example_dags/example_kubernetes_executor.py for tasks to queue
[2025-07-13T22:59:40.984+0300] {logging_mixin.py:188} INFO - [2025-07-13T22:59:40.983+0300] {dagbag.py:545} INFO - Filling up the DagBag from /home/wal/.pyenv/versions/3.12.0/lib/python3.12/site-packages/airflow/example_dags/example_kubernetes_executor.py
[2025-07-13T22:59:40.987+0300] {logging_mixin.py:188} INFO - [2025-07-13T22:59:40.987+0300] {example_kubernetes_executor.py:39} WARNING - The example_kubernetes_executor example DAG requires the kubernetes provider. Please install it with: pip install apache-airflow[cncf.kubernetes]
[2025-07-13T22:59:40.987+0300] {processor.py:842} WARNING - No viable dags retrieved from /home/wal/.pyenv/versions/3.12.0/lib/python3.12/site-packages/airflow/example_dags/example_kubernetes_executor.py
[2025-07-13T22:59:41.000+0300] {processor.py:183} INFO - Processing /home/wal/.pyenv/versions/3.12.0/lib/python3.12/site-packages/airflow/example_dags/example_kubernetes_executor.py took 0.033 seconds
[2025-07-13T23:00:53.073+0300] {processor.py:161} INFO - Started process (PID=4582) to work on /home/wal/.pyenv/versions/3.12.0/lib/python3.12/site-packages/airflow/example_dags/example_kubernetes_executor.py
[2025-07-13T23:00:53.075+0300] {processor.py:830} INFO - Processing file /home/wal/.pyenv/versions/3.12.0/lib/python3.12/site-packages/airflow/example_dags/example_kubernetes_executor.py for tasks to queue
[2025-07-13T23:00:53.079+0300] {logging_mixin.py:188} INFO - [2025-07-13T23:00:53.079+0300] {dagbag.py:545} INFO - Filling up the DagBag from /home/wal/.pyenv/versions/3.12.0/lib/python3.12/site-packages/airflow/example_dags/example_kubernetes_executor.py
[2025-07-13T23:00:53.085+0300] {logging_mixin.py:188} INFO - [2025-07-13T23:00:53.084+0300] {example_kubernetes_executor.py:39} WARNING - The example_kubernetes_executor example DAG requires the kubernetes provider. Please install it with: pip install apache-airflow[cncf.kubernetes]
[2025-07-13T23:00:53.085+0300] {processor.py:842} WARNING - No viable dags retrieved from /home/wal/.pyenv/versions/3.12.0/lib/python3.12/site-packages/airflow/example_dags/example_kubernetes_executor.py
[2025-07-13T23:00:53.104+0300] {processor.py:183} INFO - Processing /home/wal/.pyenv/versions/3.12.0/lib/python3.12/site-packages/airflow/example_dags/example_kubernetes_executor.py took 0.046 seconds
[2025-07-13T23:02:38.505+0300] {processor.py:161} INFO - Started process (PID=4646) to work on /home/wal/.pyenv/versions/3.12.0/lib/python3.12/site-packages/airflow/example_dags/example_kubernetes_executor.py
[2025-07-13T23:02:38.509+0300] {processor.py:830} INFO - Processing file /home/wal/.pyenv/versions/3.12.0/lib/python3.12/site-packages/airflow/example_dags/example_kubernetes_executor.py for tasks to queue
[2025-07-13T23:02:38.523+0300] {logging_mixin.py:188} INFO - [2025-07-13T23:02:38.522+0300] {dagbag.py:545} INFO - Filling up the DagBag from /home/wal/.pyenv/versions/3.12.0/lib/python3.12/site-packages/airflow/example_dags/example_kubernetes_executor.py
[2025-07-13T23:02:38.541+0300] {logging_mixin.py:188} INFO - [2025-07-13T23:02:38.540+0300] {example_kubernetes_executor.py:39} WARNING - The example_kubernetes_executor example DAG requires the kubernetes provider. Please install it with: pip install apache-airflow[cncf.kubernetes]
[2025-07-13T23:02:38.542+0300] {processor.py:842} WARNING - No viable dags retrieved from /home/wal/.pyenv/versions/3.12.0/lib/python3.12/site-packages/airflow/example_dags/example_kubernetes_executor.py
[2025-07-13T23:02:38.593+0300] {processor.py:183} INFO - Processing /home/wal/.pyenv/versions/3.12.0/lib/python3.12/site-packages/airflow/example_dags/example_kubernetes_executor.py took 0.143 seconds
[2025-07-13T23:04:05.007+0300] {processor.py:161} INFO - Started process (PID=4713) to work on /home/wal/.pyenv/versions/3.12.0/lib/python3.12/site-packages/airflow/example_dags/example_kubernetes_executor.py
[2025-07-13T23:04:05.015+0300] {processor.py:830} INFO - Processing file /home/wal/.pyenv/versions/3.12.0/lib/python3.12/site-packages/airflow/example_dags/example_kubernetes_executor.py for tasks to queue
[2025-07-13T23:04:05.031+0300] {logging_mixin.py:188} INFO - [2025-07-13T23:04:05.023+0300] {dagbag.py:545} INFO - Filling up the DagBag from /home/wal/.pyenv/versions/3.12.0/lib/python3.12/site-packages/airflow/example_dags/example_kubernetes_executor.py
[2025-07-13T23:04:05.054+0300] {logging_mixin.py:188} INFO - [2025-07-13T23:04:05.052+0300] {example_kubernetes_executor.py:39} WARNING - The example_kubernetes_executor example DAG requires the kubernetes provider. Please install it with: pip install apache-airflow[cncf.kubernetes]
[2025-07-13T23:04:05.055+0300] {processor.py:842} WARNING - No viable dags retrieved from /home/wal/.pyenv/versions/3.12.0/lib/python3.12/site-packages/airflow/example_dags/example_kubernetes_executor.py
[2025-07-13T23:04:05.116+0300] {processor.py:183} INFO - Processing /home/wal/.pyenv/versions/3.12.0/lib/python3.12/site-packages/airflow/example_dags/example_kubernetes_executor.py took 0.144 seconds
[2025-07-13T23:05:18.817+0300] {processor.py:161} INFO - Started process (PID=4777) to work on /home/wal/.pyenv/versions/3.12.0/lib/python3.12/site-packages/airflow/example_dags/example_kubernetes_executor.py
[2025-07-13T23:05:18.820+0300] {processor.py:830} INFO - Processing file /home/wal/.pyenv/versions/3.12.0/lib/python3.12/site-packages/airflow/example_dags/example_kubernetes_executor.py for tasks to queue
[2025-07-13T23:05:18.825+0300] {logging_mixin.py:188} INFO - [2025-07-13T23:05:18.823+0300] {dagbag.py:545} INFO - Filling up the DagBag from /home/wal/.pyenv/versions/3.12.0/lib/python3.12/site-packages/airflow/example_dags/example_kubernetes_executor.py
[2025-07-13T23:05:18.832+0300] {logging_mixin.py:188} INFO - [2025-07-13T23:05:18.832+0300] {example_kubernetes_executor.py:39} WARNING - The example_kubernetes_executor example DAG requires the kubernetes provider. Please install it with: pip install apache-airflow[cncf.kubernetes]
[2025-07-13T23:05:18.834+0300] {processor.py:842} WARNING - No viable dags retrieved from /home/wal/.pyenv/versions/3.12.0/lib/python3.12/site-packages/airflow/example_dags/example_kubernetes_executor.py
[2025-07-13T23:05:18.857+0300] {processor.py:183} INFO - Processing /home/wal/.pyenv/versions/3.12.0/lib/python3.12/site-packages/airflow/example_dags/example_kubernetes_executor.py took 0.062 seconds
[2025-07-13T23:06:58.300+0300] {processor.py:161} INFO - Started process (PID=4844) to work on /home/wal/.pyenv/versions/3.12.0/lib/python3.12/site-packages/airflow/example_dags/example_kubernetes_executor.py
[2025-07-13T23:06:58.302+0300] {processor.py:830} INFO - Processing file /home/wal/.pyenv/versions/3.12.0/lib/python3.12/site-packages/airflow/example_dags/example_kubernetes_executor.py for tasks to queue
[2025-07-13T23:06:58.308+0300] {logging_mixin.py:188} INFO - [2025-07-13T23:06:58.307+0300] {dagbag.py:545} INFO - Filling up the DagBag from /home/wal/.pyenv/versions/3.12.0/lib/python3.12/site-packages/airflow/example_dags/example_kubernetes_executor.py
[2025-07-13T23:06:58.317+0300] {logging_mixin.py:188} INFO - [2025-07-13T23:06:58.317+0300] {example_kubernetes_executor.py:39} WARNING - The example_kubernetes_executor example DAG requires the kubernetes provider. Please install it with: pip install apache-airflow[cncf.kubernetes]
[2025-07-13T23:06:58.318+0300] {processor.py:842} WARNING - No viable dags retrieved from /home/wal/.pyenv/versions/3.12.0/lib/python3.12/site-packages/airflow/example_dags/example_kubernetes_executor.py
[2025-07-13T23:06:58.348+0300] {processor.py:183} INFO - Processing /home/wal/.pyenv/versions/3.12.0/lib/python3.12/site-packages/airflow/example_dags/example_kubernetes_executor.py took 0.071 seconds
[2025-07-13T23:08:08.115+0300] {processor.py:161} INFO - Started process (PID=4902) to work on /home/wal/.pyenv/versions/3.12.0/lib/python3.12/site-packages/airflow/example_dags/example_kubernetes_executor.py
[2025-07-13T23:08:08.117+0300] {processor.py:830} INFO - Processing file /home/wal/.pyenv/versions/3.12.0/lib/python3.12/site-packages/airflow/example_dags/example_kubernetes_executor.py for tasks to queue
[2025-07-13T23:08:08.121+0300] {logging_mixin.py:188} INFO - [2025-07-13T23:08:08.119+0300] {dagbag.py:545} INFO - Filling up the DagBag from /home/wal/.pyenv/versions/3.12.0/lib/python3.12/site-packages/airflow/example_dags/example_kubernetes_executor.py
[2025-07-13T23:08:08.126+0300] {logging_mixin.py:188} INFO - [2025-07-13T23:08:08.125+0300] {example_kubernetes_executor.py:39} WARNING - The example_kubernetes_executor example DAG requires the kubernetes provider. Please install it with: pip install apache-airflow[cncf.kubernetes]
[2025-07-13T23:08:08.126+0300] {processor.py:842} WARNING - No viable dags retrieved from /home/wal/.pyenv/versions/3.12.0/lib/python3.12/site-packages/airflow/example_dags/example_kubernetes_executor.py
[2025-07-13T23:08:08.147+0300] {processor.py:183} INFO - Processing /home/wal/.pyenv/versions/3.12.0/lib/python3.12/site-packages/airflow/example_dags/example_kubernetes_executor.py took 0.046 seconds
[2025-07-13T23:09:09.740+0300] {processor.py:161} INFO - Started process (PID=4955) to work on /home/wal/.pyenv/versions/3.12.0/lib/python3.12/site-packages/airflow/example_dags/example_kubernetes_executor.py
[2025-07-13T23:09:09.742+0300] {processor.py:830} INFO - Processing file /home/wal/.pyenv/versions/3.12.0/lib/python3.12/site-packages/airflow/example_dags/example_kubernetes_executor.py for tasks to queue
[2025-07-13T23:09:09.744+0300] {logging_mixin.py:188} INFO - [2025-07-13T23:09:09.743+0300] {dagbag.py:545} INFO - Filling up the DagBag from /home/wal/.pyenv/versions/3.12.0/lib/python3.12/site-packages/airflow/example_dags/example_kubernetes_executor.py
[2025-07-13T23:09:09.747+0300] {logging_mixin.py:188} INFO - [2025-07-13T23:09:09.746+0300] {example_kubernetes_executor.py:39} WARNING - The example_kubernetes_executor example DAG requires the kubernetes provider. Please install it with: pip install apache-airflow[cncf.kubernetes]
[2025-07-13T23:09:09.747+0300] {processor.py:842} WARNING - No viable dags retrieved from /home/wal/.pyenv/versions/3.12.0/lib/python3.12/site-packages/airflow/example_dags/example_kubernetes_executor.py
[2025-07-13T23:09:09.761+0300] {processor.py:183} INFO - Processing /home/wal/.pyenv/versions/3.12.0/lib/python3.12/site-packages/airflow/example_dags/example_kubernetes_executor.py took 0.027 seconds
[2025-07-13T23:10:18.799+0300] {processor.py:161} INFO - Started process (PID=5012) to work on /home/wal/.pyenv/versions/3.12.0/lib/python3.12/site-packages/airflow/example_dags/example_kubernetes_executor.py
[2025-07-13T23:10:18.805+0300] {processor.py:830} INFO - Processing file /home/wal/.pyenv/versions/3.12.0/lib/python3.12/site-packages/airflow/example_dags/example_kubernetes_executor.py for tasks to queue
[2025-07-13T23:10:18.807+0300] {logging_mixin.py:188} INFO - [2025-07-13T23:10:18.807+0300] {dagbag.py:545} INFO - Filling up the DagBag from /home/wal/.pyenv/versions/3.12.0/lib/python3.12/site-packages/airflow/example_dags/example_kubernetes_executor.py
[2025-07-13T23:10:18.810+0300] {logging_mixin.py:188} INFO - [2025-07-13T23:10:18.809+0300] {example_kubernetes_executor.py:39} WARNING - The example_kubernetes_executor example DAG requires the kubernetes provider. Please install it with: pip install apache-airflow[cncf.kubernetes]
[2025-07-13T23:10:18.810+0300] {processor.py:842} WARNING - No viable dags retrieved from /home/wal/.pyenv/versions/3.12.0/lib/python3.12/site-packages/airflow/example_dags/example_kubernetes_executor.py
[2025-07-13T23:10:18.822+0300] {processor.py:183} INFO - Processing /home/wal/.pyenv/versions/3.12.0/lib/python3.12/site-packages/airflow/example_dags/example_kubernetes_executor.py took 0.030 seconds
[2025-07-13T23:11:15.937+0300] {processor.py:161} INFO - Started process (PID=5064) to work on /home/wal/.pyenv/versions/3.12.0/lib/python3.12/site-packages/airflow/example_dags/example_kubernetes_executor.py
[2025-07-13T23:11:15.940+0300] {processor.py:830} INFO - Processing file /home/wal/.pyenv/versions/3.12.0/lib/python3.12/site-packages/airflow/example_dags/example_kubernetes_executor.py for tasks to queue
[2025-07-13T23:11:15.944+0300] {logging_mixin.py:188} INFO - [2025-07-13T23:11:15.943+0300] {dagbag.py:545} INFO - Filling up the DagBag from /home/wal/.pyenv/versions/3.12.0/lib/python3.12/site-packages/airflow/example_dags/example_kubernetes_executor.py
[2025-07-13T23:11:15.949+0300] {logging_mixin.py:188} INFO - [2025-07-13T23:11:15.948+0300] {example_kubernetes_executor.py:39} WARNING - The example_kubernetes_executor example DAG requires the kubernetes provider. Please install it with: pip install apache-airflow[cncf.kubernetes]
[2025-07-13T23:11:15.951+0300] {processor.py:842} WARNING - No viable dags retrieved from /home/wal/.pyenv/versions/3.12.0/lib/python3.12/site-packages/airflow/example_dags/example_kubernetes_executor.py
[2025-07-13T23:11:15.972+0300] {processor.py:183} INFO - Processing /home/wal/.pyenv/versions/3.12.0/lib/python3.12/site-packages/airflow/example_dags/example_kubernetes_executor.py took 0.050 seconds
[2025-07-13T23:12:08.484+0300] {processor.py:161} INFO - Started process (PID=5114) to work on /home/wal/.pyenv/versions/3.12.0/lib/python3.12/site-packages/airflow/example_dags/example_kubernetes_executor.py
[2025-07-13T23:12:08.486+0300] {processor.py:830} INFO - Processing file /home/wal/.pyenv/versions/3.12.0/lib/python3.12/site-packages/airflow/example_dags/example_kubernetes_executor.py for tasks to queue
[2025-07-13T23:12:08.489+0300] {logging_mixin.py:188} INFO - [2025-07-13T23:12:08.488+0300] {dagbag.py:545} INFO - Filling up the DagBag from /home/wal/.pyenv/versions/3.12.0/lib/python3.12/site-packages/airflow/example_dags/example_kubernetes_executor.py
[2025-07-13T23:12:08.493+0300] {logging_mixin.py:188} INFO - [2025-07-13T23:12:08.492+0300] {example_kubernetes_executor.py:39} WARNING - The example_kubernetes_executor example DAG requires the kubernetes provider. Please install it with: pip install apache-airflow[cncf.kubernetes]
[2025-07-13T23:12:08.493+0300] {processor.py:842} WARNING - No viable dags retrieved from /home/wal/.pyenv/versions/3.12.0/lib/python3.12/site-packages/airflow/example_dags/example_kubernetes_executor.py
[2025-07-13T23:12:08.510+0300] {processor.py:183} INFO - Processing /home/wal/.pyenv/versions/3.12.0/lib/python3.12/site-packages/airflow/example_dags/example_kubernetes_executor.py took 0.034 seconds
[2025-07-13T23:13:18.175+0300] {processor.py:161} INFO - Started process (PID=5176) to work on /home/wal/.pyenv/versions/3.12.0/lib/python3.12/site-packages/airflow/example_dags/example_kubernetes_executor.py
[2025-07-13T23:13:18.178+0300] {processor.py:830} INFO - Processing file /home/wal/.pyenv/versions/3.12.0/lib/python3.12/site-packages/airflow/example_dags/example_kubernetes_executor.py for tasks to queue
[2025-07-13T23:13:18.185+0300] {logging_mixin.py:188} INFO - [2025-07-13T23:13:18.182+0300] {dagbag.py:545} INFO - Filling up the DagBag from /home/wal/.pyenv/versions/3.12.0/lib/python3.12/site-packages/airflow/example_dags/example_kubernetes_executor.py
[2025-07-13T23:13:18.194+0300] {logging_mixin.py:188} INFO - [2025-07-13T23:13:18.193+0300] {example_kubernetes_executor.py:39} WARNING - The example_kubernetes_executor example DAG requires the kubernetes provider. Please install it with: pip install apache-airflow[cncf.kubernetes]
[2025-07-13T23:13:18.195+0300] {processor.py:842} WARNING - No viable dags retrieved from /home/wal/.pyenv/versions/3.12.0/lib/python3.12/site-packages/airflow/example_dags/example_kubernetes_executor.py
[2025-07-13T23:13:18.236+0300] {processor.py:183} INFO - Processing /home/wal/.pyenv/versions/3.12.0/lib/python3.12/site-packages/airflow/example_dags/example_kubernetes_executor.py took 0.093 seconds
[2025-07-13T23:14:23.161+0300] {processor.py:161} INFO - Started process (PID=5243) to work on /home/wal/.pyenv/versions/3.12.0/lib/python3.12/site-packages/airflow/example_dags/example_kubernetes_executor.py
[2025-07-13T23:14:23.167+0300] {processor.py:830} INFO - Processing file /home/wal/.pyenv/versions/3.12.0/lib/python3.12/site-packages/airflow/example_dags/example_kubernetes_executor.py for tasks to queue
[2025-07-13T23:14:23.173+0300] {logging_mixin.py:188} INFO - [2025-07-13T23:14:23.171+0300] {dagbag.py:545} INFO - Filling up the DagBag from /home/wal/.pyenv/versions/3.12.0/lib/python3.12/site-packages/airflow/example_dags/example_kubernetes_executor.py
[2025-07-13T23:14:23.179+0300] {logging_mixin.py:188} INFO - [2025-07-13T23:14:23.179+0300] {example_kubernetes_executor.py:39} WARNING - The example_kubernetes_executor example DAG requires the kubernetes provider. Please install it with: pip install apache-airflow[cncf.kubernetes]
[2025-07-13T23:14:23.180+0300] {processor.py:842} WARNING - No viable dags retrieved from /home/wal/.pyenv/versions/3.12.0/lib/python3.12/site-packages/airflow/example_dags/example_kubernetes_executor.py
[2025-07-13T23:14:23.247+0300] {processor.py:183} INFO - Processing /home/wal/.pyenv/versions/3.12.0/lib/python3.12/site-packages/airflow/example_dags/example_kubernetes_executor.py took 0.108 seconds
[2025-07-13T23:15:17.029+0300] {processor.py:161} INFO - Started process (PID=5302) to work on /home/wal/.pyenv/versions/3.12.0/lib/python3.12/site-packages/airflow/example_dags/example_kubernetes_executor.py
[2025-07-13T23:15:17.042+0300] {processor.py:830} INFO - Processing file /home/wal/.pyenv/versions/3.12.0/lib/python3.12/site-packages/airflow/example_dags/example_kubernetes_executor.py for tasks to queue
[2025-07-13T23:15:17.057+0300] {logging_mixin.py:188} INFO - [2025-07-13T23:15:17.046+0300] {dagbag.py:545} INFO - Filling up the DagBag from /home/wal/.pyenv/versions/3.12.0/lib/python3.12/site-packages/airflow/example_dags/example_kubernetes_executor.py
[2025-07-13T23:15:17.074+0300] {logging_mixin.py:188} INFO - [2025-07-13T23:15:17.073+0300] {example_kubernetes_executor.py:39} WARNING - The example_kubernetes_executor example DAG requires the kubernetes provider. Please install it with: pip install apache-airflow[cncf.kubernetes]
[2025-07-13T23:15:17.075+0300] {processor.py:842} WARNING - No viable dags retrieved from /home/wal/.pyenv/versions/3.12.0/lib/python3.12/site-packages/airflow/example_dags/example_kubernetes_executor.py
[2025-07-13T23:15:17.104+0300] {processor.py:183} INFO - Processing /home/wal/.pyenv/versions/3.12.0/lib/python3.12/site-packages/airflow/example_dags/example_kubernetes_executor.py took 0.100 seconds
[2025-07-13T23:16:09.105+0300] {processor.py:161} INFO - Started process (PID=5348) to work on /home/wal/.pyenv/versions/3.12.0/lib/python3.12/site-packages/airflow/example_dags/example_kubernetes_executor.py
[2025-07-13T23:16:09.113+0300] {processor.py:830} INFO - Processing file /home/wal/.pyenv/versions/3.12.0/lib/python3.12/site-packages/airflow/example_dags/example_kubernetes_executor.py for tasks to queue
[2025-07-13T23:16:09.118+0300] {logging_mixin.py:188} INFO - [2025-07-13T23:16:09.117+0300] {dagbag.py:545} INFO - Filling up the DagBag from /home/wal/.pyenv/versions/3.12.0/lib/python3.12/site-packages/airflow/example_dags/example_kubernetes_executor.py
[2025-07-13T23:16:09.127+0300] {logging_mixin.py:188} INFO - [2025-07-13T23:16:09.126+0300] {example_kubernetes_executor.py:39} WARNING - The example_kubernetes_executor example DAG requires the kubernetes provider. Please install it with: pip install apache-airflow[cncf.kubernetes]
[2025-07-13T23:16:09.128+0300] {processor.py:842} WARNING - No viable dags retrieved from /home/wal/.pyenv/versions/3.12.0/lib/python3.12/site-packages/airflow/example_dags/example_kubernetes_executor.py
[2025-07-13T23:16:09.165+0300] {processor.py:183} INFO - Processing /home/wal/.pyenv/versions/3.12.0/lib/python3.12/site-packages/airflow/example_dags/example_kubernetes_executor.py took 0.092 seconds
[2025-07-13T23:17:18.462+0300] {processor.py:161} INFO - Started process (PID=5406) to work on /home/wal/.pyenv/versions/3.12.0/lib/python3.12/site-packages/airflow/example_dags/example_kubernetes_executor.py
[2025-07-13T23:17:18.465+0300] {processor.py:830} INFO - Processing file /home/wal/.pyenv/versions/3.12.0/lib/python3.12/site-packages/airflow/example_dags/example_kubernetes_executor.py for tasks to queue
[2025-07-13T23:17:18.468+0300] {logging_mixin.py:188} INFO - [2025-07-13T23:17:18.467+0300] {dagbag.py:545} INFO - Filling up the DagBag from /home/wal/.pyenv/versions/3.12.0/lib/python3.12/site-packages/airflow/example_dags/example_kubernetes_executor.py
[2025-07-13T23:17:18.473+0300] {logging_mixin.py:188} INFO - [2025-07-13T23:17:18.473+0300] {example_kubernetes_executor.py:39} WARNING - The example_kubernetes_executor example DAG requires the kubernetes provider. Please install it with: pip install apache-airflow[cncf.kubernetes]
[2025-07-13T23:17:18.474+0300] {processor.py:842} WARNING - No viable dags retrieved from /home/wal/.pyenv/versions/3.12.0/lib/python3.12/site-packages/airflow/example_dags/example_kubernetes_executor.py
[2025-07-13T23:17:18.492+0300] {processor.py:183} INFO - Processing /home/wal/.pyenv/versions/3.12.0/lib/python3.12/site-packages/airflow/example_dags/example_kubernetes_executor.py took 0.042 seconds
[2025-07-13T23:18:30.802+0300] {processor.py:161} INFO - Started process (PID=5466) to work on /home/wal/.pyenv/versions/3.12.0/lib/python3.12/site-packages/airflow/example_dags/example_kubernetes_executor.py
[2025-07-13T23:18:30.808+0300] {processor.py:830} INFO - Processing file /home/wal/.pyenv/versions/3.12.0/lib/python3.12/site-packages/airflow/example_dags/example_kubernetes_executor.py for tasks to queue
[2025-07-13T23:18:30.811+0300] {logging_mixin.py:188} INFO - [2025-07-13T23:18:30.810+0300] {dagbag.py:545} INFO - Filling up the DagBag from /home/wal/.pyenv/versions/3.12.0/lib/python3.12/site-packages/airflow/example_dags/example_kubernetes_executor.py
[2025-07-13T23:18:30.816+0300] {logging_mixin.py:188} INFO - [2025-07-13T23:18:30.816+0300] {example_kubernetes_executor.py:39} WARNING - The example_kubernetes_executor example DAG requires the kubernetes provider. Please install it with: pip install apache-airflow[cncf.kubernetes]
[2025-07-13T23:18:30.817+0300] {processor.py:842} WARNING - No viable dags retrieved from /home/wal/.pyenv/versions/3.12.0/lib/python3.12/site-packages/airflow/example_dags/example_kubernetes_executor.py
[2025-07-13T23:18:30.829+0300] {processor.py:183} INFO - Processing /home/wal/.pyenv/versions/3.12.0/lib/python3.12/site-packages/airflow/example_dags/example_kubernetes_executor.py took 0.035 seconds
[2025-07-13T23:19:39.974+0300] {processor.py:161} INFO - Started process (PID=5523) to work on /home/wal/.pyenv/versions/3.12.0/lib/python3.12/site-packages/airflow/example_dags/example_kubernetes_executor.py
[2025-07-13T23:19:39.981+0300] {processor.py:830} INFO - Processing file /home/wal/.pyenv/versions/3.12.0/lib/python3.12/site-packages/airflow/example_dags/example_kubernetes_executor.py for tasks to queue
[2025-07-13T23:19:39.983+0300] {logging_mixin.py:188} INFO - [2025-07-13T23:19:39.982+0300] {dagbag.py:545} INFO - Filling up the DagBag from /home/wal/.pyenv/versions/3.12.0/lib/python3.12/site-packages/airflow/example_dags/example_kubernetes_executor.py
[2025-07-13T23:19:39.986+0300] {logging_mixin.py:188} INFO - [2025-07-13T23:19:39.986+0300] {example_kubernetes_executor.py:39} WARNING - The example_kubernetes_executor example DAG requires the kubernetes provider. Please install it with: pip install apache-airflow[cncf.kubernetes]
[2025-07-13T23:19:39.987+0300] {processor.py:842} WARNING - No viable dags retrieved from /home/wal/.pyenv/versions/3.12.0/lib/python3.12/site-packages/airflow/example_dags/example_kubernetes_executor.py
[2025-07-13T23:19:40.001+0300] {processor.py:183} INFO - Processing /home/wal/.pyenv/versions/3.12.0/lib/python3.12/site-packages/airflow/example_dags/example_kubernetes_executor.py took 0.034 seconds
[2025-07-13T23:20:39.169+0300] {processor.py:161} INFO - Started process (PID=5575) to work on /home/wal/.pyenv/versions/3.12.0/lib/python3.12/site-packages/airflow/example_dags/example_kubernetes_executor.py
[2025-07-13T23:20:39.176+0300] {processor.py:830} INFO - Processing file /home/wal/.pyenv/versions/3.12.0/lib/python3.12/site-packages/airflow/example_dags/example_kubernetes_executor.py for tasks to queue
[2025-07-13T23:20:39.178+0300] {logging_mixin.py:188} INFO - [2025-07-13T23:20:39.177+0300] {dagbag.py:545} INFO - Filling up the DagBag from /home/wal/.pyenv/versions/3.12.0/lib/python3.12/site-packages/airflow/example_dags/example_kubernetes_executor.py
[2025-07-13T23:20:39.182+0300] {logging_mixin.py:188} INFO - [2025-07-13T23:20:39.182+0300] {example_kubernetes_executor.py:39} WARNING - The example_kubernetes_executor example DAG requires the kubernetes provider. Please install it with: pip install apache-airflow[cncf.kubernetes]
[2025-07-13T23:20:39.182+0300] {processor.py:842} WARNING - No viable dags retrieved from /home/wal/.pyenv/versions/3.12.0/lib/python3.12/site-packages/airflow/example_dags/example_kubernetes_executor.py
[2025-07-13T23:20:39.198+0300] {processor.py:183} INFO - Processing /home/wal/.pyenv/versions/3.12.0/lib/python3.12/site-packages/airflow/example_dags/example_kubernetes_executor.py took 0.037 seconds
[2025-07-13T23:21:44.445+0300] {processor.py:161} INFO - Started process (PID=5629) to work on /home/wal/.pyenv/versions/3.12.0/lib/python3.12/site-packages/airflow/example_dags/example_kubernetes_executor.py
[2025-07-13T23:21:44.452+0300] {processor.py:830} INFO - Processing file /home/wal/.pyenv/versions/3.12.0/lib/python3.12/site-packages/airflow/example_dags/example_kubernetes_executor.py for tasks to queue
[2025-07-13T23:21:44.456+0300] {logging_mixin.py:188} INFO - [2025-07-13T23:21:44.455+0300] {dagbag.py:545} INFO - Filling up the DagBag from /home/wal/.pyenv/versions/3.12.0/lib/python3.12/site-packages/airflow/example_dags/example_kubernetes_executor.py
[2025-07-13T23:21:44.461+0300] {logging_mixin.py:188} INFO - [2025-07-13T23:21:44.460+0300] {example_kubernetes_executor.py:39} WARNING - The example_kubernetes_executor example DAG requires the kubernetes provider. Please install it with: pip install apache-airflow[cncf.kubernetes]
[2025-07-13T23:21:44.461+0300] {processor.py:842} WARNING - No viable dags retrieved from /home/wal/.pyenv/versions/3.12.0/lib/python3.12/site-packages/airflow/example_dags/example_kubernetes_executor.py
[2025-07-13T23:21:44.481+0300] {processor.py:183} INFO - Processing /home/wal/.pyenv/versions/3.12.0/lib/python3.12/site-packages/airflow/example_dags/example_kubernetes_executor.py took 0.049 seconds
[2025-07-13T23:22:54.990+0300] {processor.py:161} INFO - Started process (PID=5686) to work on /home/wal/.pyenv/versions/3.12.0/lib/python3.12/site-packages/airflow/example_dags/example_kubernetes_executor.py
[2025-07-13T23:22:54.993+0300] {processor.py:830} INFO - Processing file /home/wal/.pyenv/versions/3.12.0/lib/python3.12/site-packages/airflow/example_dags/example_kubernetes_executor.py for tasks to queue
[2025-07-13T23:22:54.996+0300] {logging_mixin.py:188} INFO - [2025-07-13T23:22:54.995+0300] {dagbag.py:545} INFO - Filling up the DagBag from /home/wal/.pyenv/versions/3.12.0/lib/python3.12/site-packages/airflow/example_dags/example_kubernetes_executor.py
[2025-07-13T23:22:55.005+0300] {logging_mixin.py:188} INFO - [2025-07-13T23:22:55.004+0300] {example_kubernetes_executor.py:39} WARNING - The example_kubernetes_executor example DAG requires the kubernetes provider. Please install it with: pip install apache-airflow[cncf.kubernetes]
[2025-07-13T23:22:55.007+0300] {processor.py:842} WARNING - No viable dags retrieved from /home/wal/.pyenv/versions/3.12.0/lib/python3.12/site-packages/airflow/example_dags/example_kubernetes_executor.py
[2025-07-13T23:22:55.038+0300] {processor.py:183} INFO - Processing /home/wal/.pyenv/versions/3.12.0/lib/python3.12/site-packages/airflow/example_dags/example_kubernetes_executor.py took 0.069 seconds
[2025-07-13T23:24:12.334+0300] {processor.py:161} INFO - Started process (PID=5744) to work on /home/wal/.pyenv/versions/3.12.0/lib/python3.12/site-packages/airflow/example_dags/example_kubernetes_executor.py
[2025-07-13T23:24:12.336+0300] {processor.py:830} INFO - Processing file /home/wal/.pyenv/versions/3.12.0/lib/python3.12/site-packages/airflow/example_dags/example_kubernetes_executor.py for tasks to queue
[2025-07-13T23:24:12.342+0300] {logging_mixin.py:188} INFO - [2025-07-13T23:24:12.341+0300] {dagbag.py:545} INFO - Filling up the DagBag from /home/wal/.pyenv/versions/3.12.0/lib/python3.12/site-packages/airflow/example_dags/example_kubernetes_executor.py
[2025-07-13T23:24:12.348+0300] {logging_mixin.py:188} INFO - [2025-07-13T23:24:12.348+0300] {example_kubernetes_executor.py:39} WARNING - The example_kubernetes_executor example DAG requires the kubernetes provider. Please install it with: pip install apache-airflow[cncf.kubernetes]
[2025-07-13T23:24:12.349+0300] {processor.py:842} WARNING - No viable dags retrieved from /home/wal/.pyenv/versions/3.12.0/lib/python3.12/site-packages/airflow/example_dags/example_kubernetes_executor.py
[2025-07-13T23:24:12.370+0300] {processor.py:183} INFO - Processing /home/wal/.pyenv/versions/3.12.0/lib/python3.12/site-packages/airflow/example_dags/example_kubernetes_executor.py took 0.066 seconds
[2025-07-13T23:26:03.444+0300] {processor.py:161} INFO - Started process (PID=5813) to work on /home/wal/.pyenv/versions/3.12.0/lib/python3.12/site-packages/airflow/example_dags/example_kubernetes_executor.py
[2025-07-13T23:26:03.445+0300] {processor.py:830} INFO - Processing file /home/wal/.pyenv/versions/3.12.0/lib/python3.12/site-packages/airflow/example_dags/example_kubernetes_executor.py for tasks to queue
[2025-07-13T23:26:03.448+0300] {logging_mixin.py:188} INFO - [2025-07-13T23:26:03.447+0300] {dagbag.py:545} INFO - Filling up the DagBag from /home/wal/.pyenv/versions/3.12.0/lib/python3.12/site-packages/airflow/example_dags/example_kubernetes_executor.py
[2025-07-13T23:26:03.452+0300] {logging_mixin.py:188} INFO - [2025-07-13T23:26:03.451+0300] {example_kubernetes_executor.py:39} WARNING - The example_kubernetes_executor example DAG requires the kubernetes provider. Please install it with: pip install apache-airflow[cncf.kubernetes]
[2025-07-13T23:26:03.452+0300] {processor.py:842} WARNING - No viable dags retrieved from /home/wal/.pyenv/versions/3.12.0/lib/python3.12/site-packages/airflow/example_dags/example_kubernetes_executor.py
[2025-07-13T23:26:03.472+0300] {processor.py:183} INFO - Processing /home/wal/.pyenv/versions/3.12.0/lib/python3.12/site-packages/airflow/example_dags/example_kubernetes_executor.py took 0.043 seconds
[2025-07-13T23:27:12.752+0300] {processor.py:161} INFO - Started process (PID=5871) to work on /home/wal/.pyenv/versions/3.12.0/lib/python3.12/site-packages/airflow/example_dags/example_kubernetes_executor.py
[2025-07-13T23:27:12.755+0300] {processor.py:830} INFO - Processing file /home/wal/.pyenv/versions/3.12.0/lib/python3.12/site-packages/airflow/example_dags/example_kubernetes_executor.py for tasks to queue
[2025-07-13T23:27:12.763+0300] {logging_mixin.py:188} INFO - [2025-07-13T23:27:12.763+0300] {dagbag.py:545} INFO - Filling up the DagBag from /home/wal/.pyenv/versions/3.12.0/lib/python3.12/site-packages/airflow/example_dags/example_kubernetes_executor.py
[2025-07-13T23:27:12.770+0300] {logging_mixin.py:188} INFO - [2025-07-13T23:27:12.769+0300] {example_kubernetes_executor.py:39} WARNING - The example_kubernetes_executor example DAG requires the kubernetes provider. Please install it with: pip install apache-airflow[cncf.kubernetes]
[2025-07-13T23:27:12.770+0300] {processor.py:842} WARNING - No viable dags retrieved from /home/wal/.pyenv/versions/3.12.0/lib/python3.12/site-packages/airflow/example_dags/example_kubernetes_executor.py
[2025-07-13T23:27:12.791+0300] {processor.py:183} INFO - Processing /home/wal/.pyenv/versions/3.12.0/lib/python3.12/site-packages/airflow/example_dags/example_kubernetes_executor.py took 0.061 seconds
[2025-07-13T23:28:28.168+0300] {processor.py:161} INFO - Started process (PID=5929) to work on /home/wal/.pyenv/versions/3.12.0/lib/python3.12/site-packages/airflow/example_dags/example_kubernetes_executor.py
[2025-07-13T23:28:28.174+0300] {processor.py:830} INFO - Processing file /home/wal/.pyenv/versions/3.12.0/lib/python3.12/site-packages/airflow/example_dags/example_kubernetes_executor.py for tasks to queue
[2025-07-13T23:28:28.177+0300] {logging_mixin.py:188} INFO - [2025-07-13T23:28:28.176+0300] {dagbag.py:545} INFO - Filling up the DagBag from /home/wal/.pyenv/versions/3.12.0/lib/python3.12/site-packages/airflow/example_dags/example_kubernetes_executor.py
[2025-07-13T23:28:28.183+0300] {logging_mixin.py:188} INFO - [2025-07-13T23:28:28.182+0300] {example_kubernetes_executor.py:39} WARNING - The example_kubernetes_executor example DAG requires the kubernetes provider. Please install it with: pip install apache-airflow[cncf.kubernetes]
[2025-07-13T23:28:28.184+0300] {processor.py:842} WARNING - No viable dags retrieved from /home/wal/.pyenv/versions/3.12.0/lib/python3.12/site-packages/airflow/example_dags/example_kubernetes_executor.py
[2025-07-13T23:28:28.202+0300] {processor.py:183} INFO - Processing /home/wal/.pyenv/versions/3.12.0/lib/python3.12/site-packages/airflow/example_dags/example_kubernetes_executor.py took 0.047 seconds
[2025-07-13T23:29:31.265+0300] {processor.py:161} INFO - Started process (PID=5983) to work on /home/wal/.pyenv/versions/3.12.0/lib/python3.12/site-packages/airflow/example_dags/example_kubernetes_executor.py
[2025-07-13T23:29:31.272+0300] {processor.py:830} INFO - Processing file /home/wal/.pyenv/versions/3.12.0/lib/python3.12/site-packages/airflow/example_dags/example_kubernetes_executor.py for tasks to queue
[2025-07-13T23:29:31.276+0300] {logging_mixin.py:188} INFO - [2025-07-13T23:29:31.275+0300] {dagbag.py:545} INFO - Filling up the DagBag from /home/wal/.pyenv/versions/3.12.0/lib/python3.12/site-packages/airflow/example_dags/example_kubernetes_executor.py
[2025-07-13T23:29:31.281+0300] {logging_mixin.py:188} INFO - [2025-07-13T23:29:31.281+0300] {example_kubernetes_executor.py:39} WARNING - The example_kubernetes_executor example DAG requires the kubernetes provider. Please install it with: pip install apache-airflow[cncf.kubernetes]
[2025-07-13T23:29:31.282+0300] {processor.py:842} WARNING - No viable dags retrieved from /home/wal/.pyenv/versions/3.12.0/lib/python3.12/site-packages/airflow/example_dags/example_kubernetes_executor.py
[2025-07-13T23:29:31.299+0300] {processor.py:183} INFO - Processing /home/wal/.pyenv/versions/3.12.0/lib/python3.12/site-packages/airflow/example_dags/example_kubernetes_executor.py took 0.046 seconds
[2025-07-13T23:30:32.122+0300] {processor.py:161} INFO - Started process (PID=6036) to work on /home/wal/.pyenv/versions/3.12.0/lib/python3.12/site-packages/airflow/example_dags/example_kubernetes_executor.py
[2025-07-13T23:30:32.128+0300] {processor.py:830} INFO - Processing file /home/wal/.pyenv/versions/3.12.0/lib/python3.12/site-packages/airflow/example_dags/example_kubernetes_executor.py for tasks to queue
[2025-07-13T23:30:32.131+0300] {logging_mixin.py:188} INFO - [2025-07-13T23:30:32.130+0300] {dagbag.py:545} INFO - Filling up the DagBag from /home/wal/.pyenv/versions/3.12.0/lib/python3.12/site-packages/airflow/example_dags/example_kubernetes_executor.py
[2025-07-13T23:30:32.138+0300] {logging_mixin.py:188} INFO - [2025-07-13T23:30:32.137+0300] {example_kubernetes_executor.py:39} WARNING - The example_kubernetes_executor example DAG requires the kubernetes provider. Please install it with: pip install apache-airflow[cncf.kubernetes]
[2025-07-13T23:30:32.138+0300] {processor.py:842} WARNING - No viable dags retrieved from /home/wal/.pyenv/versions/3.12.0/lib/python3.12/site-packages/airflow/example_dags/example_kubernetes_executor.py
[2025-07-13T23:30:32.156+0300] {processor.py:183} INFO - Processing /home/wal/.pyenv/versions/3.12.0/lib/python3.12/site-packages/airflow/example_dags/example_kubernetes_executor.py took 0.046 seconds
[2025-07-13T23:31:31.883+0300] {processor.py:161} INFO - Started process (PID=6089) to work on /home/wal/.pyenv/versions/3.12.0/lib/python3.12/site-packages/airflow/example_dags/example_kubernetes_executor.py
[2025-07-13T23:31:31.890+0300] {processor.py:830} INFO - Processing file /home/wal/.pyenv/versions/3.12.0/lib/python3.12/site-packages/airflow/example_dags/example_kubernetes_executor.py for tasks to queue
[2025-07-13T23:31:31.894+0300] {logging_mixin.py:188} INFO - [2025-07-13T23:31:31.893+0300] {dagbag.py:545} INFO - Filling up the DagBag from /home/wal/.pyenv/versions/3.12.0/lib/python3.12/site-packages/airflow/example_dags/example_kubernetes_executor.py
[2025-07-13T23:31:31.900+0300] {logging_mixin.py:188} INFO - [2025-07-13T23:31:31.899+0300] {example_kubernetes_executor.py:39} WARNING - The example_kubernetes_executor example DAG requires the kubernetes provider. Please install it with: pip install apache-airflow[cncf.kubernetes]
[2025-07-13T23:31:31.900+0300] {processor.py:842} WARNING - No viable dags retrieved from /home/wal/.pyenv/versions/3.12.0/lib/python3.12/site-packages/airflow/example_dags/example_kubernetes_executor.py
[2025-07-13T23:31:31.918+0300] {processor.py:183} INFO - Processing /home/wal/.pyenv/versions/3.12.0/lib/python3.12/site-packages/airflow/example_dags/example_kubernetes_executor.py took 0.046 seconds
[2025-07-13T23:32:29.108+0300] {processor.py:161} INFO - Started process (PID=6139) to work on /home/wal/.pyenv/versions/3.12.0/lib/python3.12/site-packages/airflow/example_dags/example_kubernetes_executor.py
[2025-07-13T23:32:29.111+0300] {processor.py:830} INFO - Processing file /home/wal/.pyenv/versions/3.12.0/lib/python3.12/site-packages/airflow/example_dags/example_kubernetes_executor.py for tasks to queue
[2025-07-13T23:32:29.113+0300] {logging_mixin.py:188} INFO - [2025-07-13T23:32:29.112+0300] {dagbag.py:545} INFO - Filling up the DagBag from /home/wal/.pyenv/versions/3.12.0/lib/python3.12/site-packages/airflow/example_dags/example_kubernetes_executor.py
[2025-07-13T23:32:29.117+0300] {logging_mixin.py:188} INFO - [2025-07-13T23:32:29.117+0300] {example_kubernetes_executor.py:39} WARNING - The example_kubernetes_executor example DAG requires the kubernetes provider. Please install it with: pip install apache-airflow[cncf.kubernetes]
[2025-07-13T23:32:29.118+0300] {processor.py:842} WARNING - No viable dags retrieved from /home/wal/.pyenv/versions/3.12.0/lib/python3.12/site-packages/airflow/example_dags/example_kubernetes_executor.py
[2025-07-13T23:32:29.137+0300] {processor.py:183} INFO - Processing /home/wal/.pyenv/versions/3.12.0/lib/python3.12/site-packages/airflow/example_dags/example_kubernetes_executor.py took 0.041 seconds
[2025-07-13T23:33:35.368+0300] {processor.py:161} INFO - Started process (PID=6194) to work on /home/wal/.pyenv/versions/3.12.0/lib/python3.12/site-packages/airflow/example_dags/example_kubernetes_executor.py
[2025-07-13T23:33:35.375+0300] {processor.py:830} INFO - Processing file /home/wal/.pyenv/versions/3.12.0/lib/python3.12/site-packages/airflow/example_dags/example_kubernetes_executor.py for tasks to queue
[2025-07-13T23:33:35.378+0300] {logging_mixin.py:188} INFO - [2025-07-13T23:33:35.377+0300] {dagbag.py:545} INFO - Filling up the DagBag from /home/wal/.pyenv/versions/3.12.0/lib/python3.12/site-packages/airflow/example_dags/example_kubernetes_executor.py
[2025-07-13T23:33:35.381+0300] {logging_mixin.py:188} INFO - [2025-07-13T23:33:35.381+0300] {example_kubernetes_executor.py:39} WARNING - The example_kubernetes_executor example DAG requires the kubernetes provider. Please install it with: pip install apache-airflow[cncf.kubernetes]
[2025-07-13T23:33:35.382+0300] {processor.py:842} WARNING - No viable dags retrieved from /home/wal/.pyenv/versions/3.12.0/lib/python3.12/site-packages/airflow/example_dags/example_kubernetes_executor.py
[2025-07-13T23:33:35.398+0300] {processor.py:183} INFO - Processing /home/wal/.pyenv/versions/3.12.0/lib/python3.12/site-packages/airflow/example_dags/example_kubernetes_executor.py took 0.040 seconds
[2025-07-13T23:34:46.163+0300] {processor.py:161} INFO - Started process (PID=6250) to work on /home/wal/.pyenv/versions/3.12.0/lib/python3.12/site-packages/airflow/example_dags/example_kubernetes_executor.py
[2025-07-13T23:34:46.170+0300] {processor.py:830} INFO - Processing file /home/wal/.pyenv/versions/3.12.0/lib/python3.12/site-packages/airflow/example_dags/example_kubernetes_executor.py for tasks to queue
[2025-07-13T23:34:46.177+0300] {logging_mixin.py:188} INFO - [2025-07-13T23:34:46.174+0300] {dagbag.py:545} INFO - Filling up the DagBag from /home/wal/.pyenv/versions/3.12.0/lib/python3.12/site-packages/airflow/example_dags/example_kubernetes_executor.py
[2025-07-13T23:34:46.188+0300] {logging_mixin.py:188} INFO - [2025-07-13T23:34:46.187+0300] {example_kubernetes_executor.py:39} WARNING - The example_kubernetes_executor example DAG requires the kubernetes provider. Please install it with: pip install apache-airflow[cncf.kubernetes]
[2025-07-13T23:34:46.188+0300] {processor.py:842} WARNING - No viable dags retrieved from /home/wal/.pyenv/versions/3.12.0/lib/python3.12/site-packages/airflow/example_dags/example_kubernetes_executor.py
[2025-07-13T23:34:46.223+0300] {processor.py:183} INFO - Processing /home/wal/.pyenv/versions/3.12.0/lib/python3.12/site-packages/airflow/example_dags/example_kubernetes_executor.py took 0.089 seconds
[2025-07-13T23:35:55.724+0300] {processor.py:161} INFO - Started process (PID=6312) to work on /home/wal/.pyenv/versions/3.12.0/lib/python3.12/site-packages/airflow/example_dags/example_kubernetes_executor.py
[2025-07-13T23:35:55.726+0300] {processor.py:830} INFO - Processing file /home/wal/.pyenv/versions/3.12.0/lib/python3.12/site-packages/airflow/example_dags/example_kubernetes_executor.py for tasks to queue
[2025-07-13T23:35:55.734+0300] {logging_mixin.py:188} INFO - [2025-07-13T23:35:55.733+0300] {dagbag.py:545} INFO - Filling up the DagBag from /home/wal/.pyenv/versions/3.12.0/lib/python3.12/site-packages/airflow/example_dags/example_kubernetes_executor.py
[2025-07-13T23:35:55.739+0300] {logging_mixin.py:188} INFO - [2025-07-13T23:35:55.739+0300] {example_kubernetes_executor.py:39} WARNING - The example_kubernetes_executor example DAG requires the kubernetes provider. Please install it with: pip install apache-airflow[cncf.kubernetes]
[2025-07-13T23:35:55.739+0300] {processor.py:842} WARNING - No viable dags retrieved from /home/wal/.pyenv/versions/3.12.0/lib/python3.12/site-packages/airflow/example_dags/example_kubernetes_executor.py
[2025-07-13T23:35:55.763+0300] {processor.py:183} INFO - Processing /home/wal/.pyenv/versions/3.12.0/lib/python3.12/site-packages/airflow/example_dags/example_kubernetes_executor.py took 0.069 seconds
[2025-07-13T23:36:53.883+0300] {processor.py:161} INFO - Started process (PID=6364) to work on /home/wal/.pyenv/versions/3.12.0/lib/python3.12/site-packages/airflow/example_dags/example_kubernetes_executor.py
[2025-07-13T23:36:53.888+0300] {processor.py:830} INFO - Processing file /home/wal/.pyenv/versions/3.12.0/lib/python3.12/site-packages/airflow/example_dags/example_kubernetes_executor.py for tasks to queue
[2025-07-13T23:36:53.891+0300] {logging_mixin.py:188} INFO - [2025-07-13T23:36:53.890+0300] {dagbag.py:545} INFO - Filling up the DagBag from /home/wal/.pyenv/versions/3.12.0/lib/python3.12/site-packages/airflow/example_dags/example_kubernetes_executor.py
[2025-07-13T23:36:53.895+0300] {logging_mixin.py:188} INFO - [2025-07-13T23:36:53.894+0300] {example_kubernetes_executor.py:39} WARNING - The example_kubernetes_executor example DAG requires the kubernetes provider. Please install it with: pip install apache-airflow[cncf.kubernetes]
[2025-07-13T23:36:53.895+0300] {processor.py:842} WARNING - No viable dags retrieved from /home/wal/.pyenv/versions/3.12.0/lib/python3.12/site-packages/airflow/example_dags/example_kubernetes_executor.py
[2025-07-13T23:36:53.909+0300] {processor.py:183} INFO - Processing /home/wal/.pyenv/versions/3.12.0/lib/python3.12/site-packages/airflow/example_dags/example_kubernetes_executor.py took 0.037 seconds
[2025-07-13T23:37:55.356+0300] {processor.py:161} INFO - Started process (PID=6417) to work on /home/wal/.pyenv/versions/3.12.0/lib/python3.12/site-packages/airflow/example_dags/example_kubernetes_executor.py
[2025-07-13T23:37:55.358+0300] {processor.py:830} INFO - Processing file /home/wal/.pyenv/versions/3.12.0/lib/python3.12/site-packages/airflow/example_dags/example_kubernetes_executor.py for tasks to queue
[2025-07-13T23:37:55.360+0300] {logging_mixin.py:188} INFO - [2025-07-13T23:37:55.360+0300] {dagbag.py:545} INFO - Filling up the DagBag from /home/wal/.pyenv/versions/3.12.0/lib/python3.12/site-packages/airflow/example_dags/example_kubernetes_executor.py
[2025-07-13T23:37:55.363+0300] {logging_mixin.py:188} INFO - [2025-07-13T23:37:55.363+0300] {example_kubernetes_executor.py:39} WARNING - The example_kubernetes_executor example DAG requires the kubernetes provider. Please install it with: pip install apache-airflow[cncf.kubernetes]
[2025-07-13T23:37:55.363+0300] {processor.py:842} WARNING - No viable dags retrieved from /home/wal/.pyenv/versions/3.12.0/lib/python3.12/site-packages/airflow/example_dags/example_kubernetes_executor.py
[2025-07-13T23:37:55.377+0300] {processor.py:183} INFO - Processing /home/wal/.pyenv/versions/3.12.0/lib/python3.12/site-packages/airflow/example_dags/example_kubernetes_executor.py took 0.032 seconds
[2025-07-13T23:38:54.751+0300] {processor.py:161} INFO - Started process (PID=6469) to work on /home/wal/.pyenv/versions/3.12.0/lib/python3.12/site-packages/airflow/example_dags/example_kubernetes_executor.py
[2025-07-13T23:38:54.753+0300] {processor.py:830} INFO - Processing file /home/wal/.pyenv/versions/3.12.0/lib/python3.12/site-packages/airflow/example_dags/example_kubernetes_executor.py for tasks to queue
[2025-07-13T23:38:54.756+0300] {logging_mixin.py:188} INFO - [2025-07-13T23:38:54.755+0300] {dagbag.py:545} INFO - Filling up the DagBag from /home/wal/.pyenv/versions/3.12.0/lib/python3.12/site-packages/airflow/example_dags/example_kubernetes_executor.py
[2025-07-13T23:38:54.762+0300] {logging_mixin.py:188} INFO - [2025-07-13T23:38:54.762+0300] {example_kubernetes_executor.py:39} WARNING - The example_kubernetes_executor example DAG requires the kubernetes provider. Please install it with: pip install apache-airflow[cncf.kubernetes]
[2025-07-13T23:38:54.763+0300] {processor.py:842} WARNING - No viable dags retrieved from /home/wal/.pyenv/versions/3.12.0/lib/python3.12/site-packages/airflow/example_dags/example_kubernetes_executor.py
[2025-07-13T23:38:54.778+0300] {processor.py:183} INFO - Processing /home/wal/.pyenv/versions/3.12.0/lib/python3.12/site-packages/airflow/example_dags/example_kubernetes_executor.py took 0.038 seconds
[2025-07-13T23:39:50.748+0300] {processor.py:161} INFO - Started process (PID=6520) to work on /home/wal/.pyenv/versions/3.12.0/lib/python3.12/site-packages/airflow/example_dags/example_kubernetes_executor.py
[2025-07-13T23:39:50.754+0300] {processor.py:830} INFO - Processing file /home/wal/.pyenv/versions/3.12.0/lib/python3.12/site-packages/airflow/example_dags/example_kubernetes_executor.py for tasks to queue
[2025-07-13T23:39:50.758+0300] {logging_mixin.py:188} INFO - [2025-07-13T23:39:50.757+0300] {dagbag.py:545} INFO - Filling up the DagBag from /home/wal/.pyenv/versions/3.12.0/lib/python3.12/site-packages/airflow/example_dags/example_kubernetes_executor.py
[2025-07-13T23:39:50.762+0300] {logging_mixin.py:188} INFO - [2025-07-13T23:39:50.761+0300] {example_kubernetes_executor.py:39} WARNING - The example_kubernetes_executor example DAG requires the kubernetes provider. Please install it with: pip install apache-airflow[cncf.kubernetes]
[2025-07-13T23:39:50.762+0300] {processor.py:842} WARNING - No viable dags retrieved from /home/wal/.pyenv/versions/3.12.0/lib/python3.12/site-packages/airflow/example_dags/example_kubernetes_executor.py
[2025-07-13T23:39:50.776+0300] {processor.py:183} INFO - Processing /home/wal/.pyenv/versions/3.12.0/lib/python3.12/site-packages/airflow/example_dags/example_kubernetes_executor.py took 0.037 seconds
[2025-07-13T23:40:45.507+0300] {processor.py:161} INFO - Started process (PID=6571) to work on /home/wal/.pyenv/versions/3.12.0/lib/python3.12/site-packages/airflow/example_dags/example_kubernetes_executor.py
[2025-07-13T23:40:45.514+0300] {processor.py:830} INFO - Processing file /home/wal/.pyenv/versions/3.12.0/lib/python3.12/site-packages/airflow/example_dags/example_kubernetes_executor.py for tasks to queue
[2025-07-13T23:40:45.516+0300] {logging_mixin.py:188} INFO - [2025-07-13T23:40:45.516+0300] {dagbag.py:545} INFO - Filling up the DagBag from /home/wal/.pyenv/versions/3.12.0/lib/python3.12/site-packages/airflow/example_dags/example_kubernetes_executor.py
[2025-07-13T23:40:45.520+0300] {logging_mixin.py:188} INFO - [2025-07-13T23:40:45.520+0300] {example_kubernetes_executor.py:39} WARNING - The example_kubernetes_executor example DAG requires the kubernetes provider. Please install it with: pip install apache-airflow[cncf.kubernetes]
[2025-07-13T23:40:45.520+0300] {processor.py:842} WARNING - No viable dags retrieved from /home/wal/.pyenv/versions/3.12.0/lib/python3.12/site-packages/airflow/example_dags/example_kubernetes_executor.py
[2025-07-13T23:40:45.535+0300] {processor.py:183} INFO - Processing /home/wal/.pyenv/versions/3.12.0/lib/python3.12/site-packages/airflow/example_dags/example_kubernetes_executor.py took 0.036 seconds
[2025-07-13T23:41:34.591+0300] {processor.py:161} INFO - Started process (PID=6618) to work on /home/wal/.pyenv/versions/3.12.0/lib/python3.12/site-packages/airflow/example_dags/example_kubernetes_executor.py
[2025-07-13T23:41:34.593+0300] {processor.py:830} INFO - Processing file /home/wal/.pyenv/versions/3.12.0/lib/python3.12/site-packages/airflow/example_dags/example_kubernetes_executor.py for tasks to queue
[2025-07-13T23:41:34.595+0300] {logging_mixin.py:188} INFO - [2025-07-13T23:41:34.595+0300] {dagbag.py:545} INFO - Filling up the DagBag from /home/wal/.pyenv/versions/3.12.0/lib/python3.12/site-packages/airflow/example_dags/example_kubernetes_executor.py
[2025-07-13T23:41:34.600+0300] {logging_mixin.py:188} INFO - [2025-07-13T23:41:34.600+0300] {example_kubernetes_executor.py:39} WARNING - The example_kubernetes_executor example DAG requires the kubernetes provider. Please install it with: pip install apache-airflow[cncf.kubernetes]
[2025-07-13T23:41:34.601+0300] {processor.py:842} WARNING - No viable dags retrieved from /home/wal/.pyenv/versions/3.12.0/lib/python3.12/site-packages/airflow/example_dags/example_kubernetes_executor.py
[2025-07-13T23:41:34.612+0300] {processor.py:183} INFO - Processing /home/wal/.pyenv/versions/3.12.0/lib/python3.12/site-packages/airflow/example_dags/example_kubernetes_executor.py took 0.034 seconds
[2025-07-13T23:42:25.740+0300] {processor.py:161} INFO - Started process (PID=6665) to work on /home/wal/.pyenv/versions/3.12.0/lib/python3.12/site-packages/airflow/example_dags/example_kubernetes_executor.py
[2025-07-13T23:42:25.747+0300] {processor.py:830} INFO - Processing file /home/wal/.pyenv/versions/3.12.0/lib/python3.12/site-packages/airflow/example_dags/example_kubernetes_executor.py for tasks to queue
[2025-07-13T23:42:25.749+0300] {logging_mixin.py:188} INFO - [2025-07-13T23:42:25.749+0300] {dagbag.py:545} INFO - Filling up the DagBag from /home/wal/.pyenv/versions/3.12.0/lib/python3.12/site-packages/airflow/example_dags/example_kubernetes_executor.py
[2025-07-13T23:42:25.756+0300] {logging_mixin.py:188} INFO - [2025-07-13T23:42:25.755+0300] {example_kubernetes_executor.py:39} WARNING - The example_kubernetes_executor example DAG requires the kubernetes provider. Please install it with: pip install apache-airflow[cncf.kubernetes]
[2025-07-13T23:42:25.756+0300] {processor.py:842} WARNING - No viable dags retrieved from /home/wal/.pyenv/versions/3.12.0/lib/python3.12/site-packages/airflow/example_dags/example_kubernetes_executor.py
[2025-07-13T23:42:25.770+0300] {processor.py:183} INFO - Processing /home/wal/.pyenv/versions/3.12.0/lib/python3.12/site-packages/airflow/example_dags/example_kubernetes_executor.py took 0.041 seconds
[2025-07-13T23:43:19.508+0300] {processor.py:161} INFO - Started process (PID=6715) to work on /home/wal/.pyenv/versions/3.12.0/lib/python3.12/site-packages/airflow/example_dags/example_kubernetes_executor.py
[2025-07-13T23:43:19.510+0300] {processor.py:830} INFO - Processing file /home/wal/.pyenv/versions/3.12.0/lib/python3.12/site-packages/airflow/example_dags/example_kubernetes_executor.py for tasks to queue
[2025-07-13T23:43:19.514+0300] {logging_mixin.py:188} INFO - [2025-07-13T23:43:19.513+0300] {dagbag.py:545} INFO - Filling up the DagBag from /home/wal/.pyenv/versions/3.12.0/lib/python3.12/site-packages/airflow/example_dags/example_kubernetes_executor.py
[2025-07-13T23:43:19.518+0300] {logging_mixin.py:188} INFO - [2025-07-13T23:43:19.518+0300] {example_kubernetes_executor.py:39} WARNING - The example_kubernetes_executor example DAG requires the kubernetes provider. Please install it with: pip install apache-airflow[cncf.kubernetes]
[2025-07-13T23:43:19.519+0300] {processor.py:842} WARNING - No viable dags retrieved from /home/wal/.pyenv/versions/3.12.0/lib/python3.12/site-packages/airflow/example_dags/example_kubernetes_executor.py
[2025-07-13T23:43:19.538+0300] {processor.py:183} INFO - Processing /home/wal/.pyenv/versions/3.12.0/lib/python3.12/site-packages/airflow/example_dags/example_kubernetes_executor.py took 0.041 seconds
[2025-07-13T23:44:16.429+0300] {processor.py:161} INFO - Started process (PID=6765) to work on /home/wal/.pyenv/versions/3.12.0/lib/python3.12/site-packages/airflow/example_dags/example_kubernetes_executor.py
[2025-07-13T23:44:16.435+0300] {processor.py:830} INFO - Processing file /home/wal/.pyenv/versions/3.12.0/lib/python3.12/site-packages/airflow/example_dags/example_kubernetes_executor.py for tasks to queue
[2025-07-13T23:44:16.437+0300] {logging_mixin.py:188} INFO - [2025-07-13T23:44:16.436+0300] {dagbag.py:545} INFO - Filling up the DagBag from /home/wal/.pyenv/versions/3.12.0/lib/python3.12/site-packages/airflow/example_dags/example_kubernetes_executor.py
[2025-07-13T23:44:16.440+0300] {logging_mixin.py:188} INFO - [2025-07-13T23:44:16.440+0300] {example_kubernetes_executor.py:39} WARNING - The example_kubernetes_executor example DAG requires the kubernetes provider. Please install it with: pip install apache-airflow[cncf.kubernetes]
[2025-07-13T23:44:16.440+0300] {processor.py:842} WARNING - No viable dags retrieved from /home/wal/.pyenv/versions/3.12.0/lib/python3.12/site-packages/airflow/example_dags/example_kubernetes_executor.py
[2025-07-13T23:44:16.454+0300] {processor.py:183} INFO - Processing /home/wal/.pyenv/versions/3.12.0/lib/python3.12/site-packages/airflow/example_dags/example_kubernetes_executor.py took 0.035 seconds
[2025-07-13T23:45:12.191+0300] {processor.py:161} INFO - Started process (PID=6820) to work on /home/wal/.pyenv/versions/3.12.0/lib/python3.12/site-packages/airflow/example_dags/example_kubernetes_executor.py
[2025-07-13T23:45:12.195+0300] {processor.py:830} INFO - Processing file /home/wal/.pyenv/versions/3.12.0/lib/python3.12/site-packages/airflow/example_dags/example_kubernetes_executor.py for tasks to queue
[2025-07-13T23:45:12.197+0300] {logging_mixin.py:188} INFO - [2025-07-13T23:45:12.196+0300] {dagbag.py:545} INFO - Filling up the DagBag from /home/wal/.pyenv/versions/3.12.0/lib/python3.12/site-packages/airflow/example_dags/example_kubernetes_executor.py
[2025-07-13T23:45:12.200+0300] {logging_mixin.py:188} INFO - [2025-07-13T23:45:12.200+0300] {example_kubernetes_executor.py:39} WARNING - The example_kubernetes_executor example DAG requires the kubernetes provider. Please install it with: pip install apache-airflow[cncf.kubernetes]
[2025-07-13T23:45:12.201+0300] {processor.py:842} WARNING - No viable dags retrieved from /home/wal/.pyenv/versions/3.12.0/lib/python3.12/site-packages/airflow/example_dags/example_kubernetes_executor.py
[2025-07-13T23:45:12.215+0300] {processor.py:183} INFO - Processing /home/wal/.pyenv/versions/3.12.0/lib/python3.12/site-packages/airflow/example_dags/example_kubernetes_executor.py took 0.032 seconds
[2025-07-13T23:46:09.122+0300] {processor.py:161} INFO - Started process (PID=6871) to work on /home/wal/.pyenv/versions/3.12.0/lib/python3.12/site-packages/airflow/example_dags/example_kubernetes_executor.py
[2025-07-13T23:46:09.132+0300] {processor.py:830} INFO - Processing file /home/wal/.pyenv/versions/3.12.0/lib/python3.12/site-packages/airflow/example_dags/example_kubernetes_executor.py for tasks to queue
[2025-07-13T23:46:09.135+0300] {logging_mixin.py:188} INFO - [2025-07-13T23:46:09.135+0300] {dagbag.py:545} INFO - Filling up the DagBag from /home/wal/.pyenv/versions/3.12.0/lib/python3.12/site-packages/airflow/example_dags/example_kubernetes_executor.py
[2025-07-13T23:46:09.140+0300] {logging_mixin.py:188} INFO - [2025-07-13T23:46:09.139+0300] {example_kubernetes_executor.py:39} WARNING - The example_kubernetes_executor example DAG requires the kubernetes provider. Please install it with: pip install apache-airflow[cncf.kubernetes]
[2025-07-13T23:46:09.143+0300] {processor.py:842} WARNING - No viable dags retrieved from /home/wal/.pyenv/versions/3.12.0/lib/python3.12/site-packages/airflow/example_dags/example_kubernetes_executor.py
[2025-07-13T23:46:09.164+0300] {processor.py:183} INFO - Processing /home/wal/.pyenv/versions/3.12.0/lib/python3.12/site-packages/airflow/example_dags/example_kubernetes_executor.py took 0.063 seconds
[2025-07-13T23:47:04.392+0300] {processor.py:161} INFO - Started process (PID=6922) to work on /home/wal/.pyenv/versions/3.12.0/lib/python3.12/site-packages/airflow/example_dags/example_kubernetes_executor.py
[2025-07-13T23:47:04.399+0300] {processor.py:830} INFO - Processing file /home/wal/.pyenv/versions/3.12.0/lib/python3.12/site-packages/airflow/example_dags/example_kubernetes_executor.py for tasks to queue
[2025-07-13T23:47:04.402+0300] {logging_mixin.py:188} INFO - [2025-07-13T23:47:04.401+0300] {dagbag.py:545} INFO - Filling up the DagBag from /home/wal/.pyenv/versions/3.12.0/lib/python3.12/site-packages/airflow/example_dags/example_kubernetes_executor.py
[2025-07-13T23:47:04.406+0300] {logging_mixin.py:188} INFO - [2025-07-13T23:47:04.406+0300] {example_kubernetes_executor.py:39} WARNING - The example_kubernetes_executor example DAG requires the kubernetes provider. Please install it with: pip install apache-airflow[cncf.kubernetes]
[2025-07-13T23:47:04.406+0300] {processor.py:842} WARNING - No viable dags retrieved from /home/wal/.pyenv/versions/3.12.0/lib/python3.12/site-packages/airflow/example_dags/example_kubernetes_executor.py
[2025-07-13T23:47:04.426+0300] {processor.py:183} INFO - Processing /home/wal/.pyenv/versions/3.12.0/lib/python3.12/site-packages/airflow/example_dags/example_kubernetes_executor.py took 0.049 seconds
[2025-07-13T23:47:59.778+0300] {processor.py:161} INFO - Started process (PID=6972) to work on /home/wal/.pyenv/versions/3.12.0/lib/python3.12/site-packages/airflow/example_dags/example_kubernetes_executor.py
[2025-07-13T23:47:59.784+0300] {processor.py:830} INFO - Processing file /home/wal/.pyenv/versions/3.12.0/lib/python3.12/site-packages/airflow/example_dags/example_kubernetes_executor.py for tasks to queue
[2025-07-13T23:47:59.786+0300] {logging_mixin.py:188} INFO - [2025-07-13T23:47:59.786+0300] {dagbag.py:545} INFO - Filling up the DagBag from /home/wal/.pyenv/versions/3.12.0/lib/python3.12/site-packages/airflow/example_dags/example_kubernetes_executor.py
[2025-07-13T23:47:59.789+0300] {logging_mixin.py:188} INFO - [2025-07-13T23:47:59.789+0300] {example_kubernetes_executor.py:39} WARNING - The example_kubernetes_executor example DAG requires the kubernetes provider. Please install it with: pip install apache-airflow[cncf.kubernetes]
[2025-07-13T23:47:59.790+0300] {processor.py:842} WARNING - No viable dags retrieved from /home/wal/.pyenv/versions/3.12.0/lib/python3.12/site-packages/airflow/example_dags/example_kubernetes_executor.py
[2025-07-13T23:47:59.803+0300] {processor.py:183} INFO - Processing /home/wal/.pyenv/versions/3.12.0/lib/python3.12/site-packages/airflow/example_dags/example_kubernetes_executor.py took 0.035 seconds
[2025-07-13T23:48:53.050+0300] {processor.py:161} INFO - Started process (PID=7022) to work on /home/wal/.pyenv/versions/3.12.0/lib/python3.12/site-packages/airflow/example_dags/example_kubernetes_executor.py
[2025-07-13T23:48:53.056+0300] {processor.py:830} INFO - Processing file /home/wal/.pyenv/versions/3.12.0/lib/python3.12/site-packages/airflow/example_dags/example_kubernetes_executor.py for tasks to queue
[2025-07-13T23:48:53.058+0300] {logging_mixin.py:188} INFO - [2025-07-13T23:48:53.057+0300] {dagbag.py:545} INFO - Filling up the DagBag from /home/wal/.pyenv/versions/3.12.0/lib/python3.12/site-packages/airflow/example_dags/example_kubernetes_executor.py
[2025-07-13T23:48:53.062+0300] {logging_mixin.py:188} INFO - [2025-07-13T23:48:53.061+0300] {example_kubernetes_executor.py:39} WARNING - The example_kubernetes_executor example DAG requires the kubernetes provider. Please install it with: pip install apache-airflow[cncf.kubernetes]
[2025-07-13T23:48:53.062+0300] {processor.py:842} WARNING - No viable dags retrieved from /home/wal/.pyenv/versions/3.12.0/lib/python3.12/site-packages/airflow/example_dags/example_kubernetes_executor.py
[2025-07-13T23:48:53.075+0300] {processor.py:183} INFO - Processing /home/wal/.pyenv/versions/3.12.0/lib/python3.12/site-packages/airflow/example_dags/example_kubernetes_executor.py took 0.037 seconds
[2025-07-13T23:49:48.362+0300] {processor.py:161} INFO - Started process (PID=7071) to work on /home/wal/.pyenv/versions/3.12.0/lib/python3.12/site-packages/airflow/example_dags/example_kubernetes_executor.py
[2025-07-13T23:49:48.365+0300] {processor.py:830} INFO - Processing file /home/wal/.pyenv/versions/3.12.0/lib/python3.12/site-packages/airflow/example_dags/example_kubernetes_executor.py for tasks to queue
[2025-07-13T23:49:48.367+0300] {logging_mixin.py:188} INFO - [2025-07-13T23:49:48.366+0300] {dagbag.py:545} INFO - Filling up the DagBag from /home/wal/.pyenv/versions/3.12.0/lib/python3.12/site-packages/airflow/example_dags/example_kubernetes_executor.py
[2025-07-13T23:49:48.370+0300] {logging_mixin.py:188} INFO - [2025-07-13T23:49:48.370+0300] {example_kubernetes_executor.py:39} WARNING - The example_kubernetes_executor example DAG requires the kubernetes provider. Please install it with: pip install apache-airflow[cncf.kubernetes]
[2025-07-13T23:49:48.371+0300] {processor.py:842} WARNING - No viable dags retrieved from /home/wal/.pyenv/versions/3.12.0/lib/python3.12/site-packages/airflow/example_dags/example_kubernetes_executor.py
[2025-07-13T23:49:48.384+0300] {processor.py:183} INFO - Processing /home/wal/.pyenv/versions/3.12.0/lib/python3.12/site-packages/airflow/example_dags/example_kubernetes_executor.py took 0.030 seconds
[2025-07-13T23:50:38.114+0300] {processor.py:161} INFO - Started process (PID=7119) to work on /home/wal/.pyenv/versions/3.12.0/lib/python3.12/site-packages/airflow/example_dags/example_kubernetes_executor.py
[2025-07-13T23:50:38.120+0300] {processor.py:830} INFO - Processing file /home/wal/.pyenv/versions/3.12.0/lib/python3.12/site-packages/airflow/example_dags/example_kubernetes_executor.py for tasks to queue
[2025-07-13T23:50:38.126+0300] {logging_mixin.py:188} INFO - [2025-07-13T23:50:38.125+0300] {dagbag.py:545} INFO - Filling up the DagBag from /home/wal/.pyenv/versions/3.12.0/lib/python3.12/site-packages/airflow/example_dags/example_kubernetes_executor.py
[2025-07-13T23:50:38.130+0300] {logging_mixin.py:188} INFO - [2025-07-13T23:50:38.130+0300] {example_kubernetes_executor.py:39} WARNING - The example_kubernetes_executor example DAG requires the kubernetes provider. Please install it with: pip install apache-airflow[cncf.kubernetes]
[2025-07-13T23:50:38.131+0300] {processor.py:842} WARNING - No viable dags retrieved from /home/wal/.pyenv/versions/3.12.0/lib/python3.12/site-packages/airflow/example_dags/example_kubernetes_executor.py
[2025-07-13T23:50:38.150+0300] {processor.py:183} INFO - Processing /home/wal/.pyenv/versions/3.12.0/lib/python3.12/site-packages/airflow/example_dags/example_kubernetes_executor.py took 0.048 seconds
[2025-07-13T23:51:35.478+0300] {processor.py:161} INFO - Started process (PID=7169) to work on /home/wal/.pyenv/versions/3.12.0/lib/python3.12/site-packages/airflow/example_dags/example_kubernetes_executor.py
[2025-07-13T23:51:35.482+0300] {processor.py:830} INFO - Processing file /home/wal/.pyenv/versions/3.12.0/lib/python3.12/site-packages/airflow/example_dags/example_kubernetes_executor.py for tasks to queue
[2025-07-13T23:51:35.495+0300] {logging_mixin.py:188} INFO - [2025-07-13T23:51:35.494+0300] {dagbag.py:545} INFO - Filling up the DagBag from /home/wal/.pyenv/versions/3.12.0/lib/python3.12/site-packages/airflow/example_dags/example_kubernetes_executor.py
[2025-07-13T23:51:35.511+0300] {logging_mixin.py:188} INFO - [2025-07-13T23:51:35.505+0300] {example_kubernetes_executor.py:39} WARNING - The example_kubernetes_executor example DAG requires the kubernetes provider. Please install it with: pip install apache-airflow[cncf.kubernetes]
[2025-07-13T23:51:35.515+0300] {processor.py:842} WARNING - No viable dags retrieved from /home/wal/.pyenv/versions/3.12.0/lib/python3.12/site-packages/airflow/example_dags/example_kubernetes_executor.py
[2025-07-13T23:51:35.566+0300] {processor.py:183} INFO - Processing /home/wal/.pyenv/versions/3.12.0/lib/python3.12/site-packages/airflow/example_dags/example_kubernetes_executor.py took 0.120 seconds
[2025-07-13T23:52:38.027+0300] {processor.py:161} INFO - Started process (PID=7225) to work on /home/wal/.pyenv/versions/3.12.0/lib/python3.12/site-packages/airflow/example_dags/example_kubernetes_executor.py
[2025-07-13T23:52:38.028+0300] {processor.py:830} INFO - Processing file /home/wal/.pyenv/versions/3.12.0/lib/python3.12/site-packages/airflow/example_dags/example_kubernetes_executor.py for tasks to queue
[2025-07-13T23:52:38.031+0300] {logging_mixin.py:188} INFO - [2025-07-13T23:52:38.030+0300] {dagbag.py:545} INFO - Filling up the DagBag from /home/wal/.pyenv/versions/3.12.0/lib/python3.12/site-packages/airflow/example_dags/example_kubernetes_executor.py
[2025-07-13T23:52:38.041+0300] {logging_mixin.py:188} INFO - [2025-07-13T23:52:38.041+0300] {example_kubernetes_executor.py:39} WARNING - The example_kubernetes_executor example DAG requires the kubernetes provider. Please install it with: pip install apache-airflow[cncf.kubernetes]
[2025-07-13T23:52:38.042+0300] {processor.py:842} WARNING - No viable dags retrieved from /home/wal/.pyenv/versions/3.12.0/lib/python3.12/site-packages/airflow/example_dags/example_kubernetes_executor.py
[2025-07-13T23:52:38.065+0300] {processor.py:183} INFO - Processing /home/wal/.pyenv/versions/3.12.0/lib/python3.12/site-packages/airflow/example_dags/example_kubernetes_executor.py took 0.052 seconds
[2025-07-13T23:53:36.006+0300] {processor.py:161} INFO - Started process (PID=7276) to work on /home/wal/.pyenv/versions/3.12.0/lib/python3.12/site-packages/airflow/example_dags/example_kubernetes_executor.py
[2025-07-13T23:53:36.012+0300] {processor.py:830} INFO - Processing file /home/wal/.pyenv/versions/3.12.0/lib/python3.12/site-packages/airflow/example_dags/example_kubernetes_executor.py for tasks to queue
[2025-07-13T23:53:36.016+0300] {logging_mixin.py:188} INFO - [2025-07-13T23:53:36.015+0300] {dagbag.py:545} INFO - Filling up the DagBag from /home/wal/.pyenv/versions/3.12.0/lib/python3.12/site-packages/airflow/example_dags/example_kubernetes_executor.py
[2025-07-13T23:53:36.021+0300] {logging_mixin.py:188} INFO - [2025-07-13T23:53:36.020+0300] {example_kubernetes_executor.py:39} WARNING - The example_kubernetes_executor example DAG requires the kubernetes provider. Please install it with: pip install apache-airflow[cncf.kubernetes]
[2025-07-13T23:53:36.021+0300] {processor.py:842} WARNING - No viable dags retrieved from /home/wal/.pyenv/versions/3.12.0/lib/python3.12/site-packages/airflow/example_dags/example_kubernetes_executor.py
[2025-07-13T23:53:36.038+0300] {processor.py:183} INFO - Processing /home/wal/.pyenv/versions/3.12.0/lib/python3.12/site-packages/airflow/example_dags/example_kubernetes_executor.py took 0.046 seconds
[2025-07-13T23:54:32.099+0300] {processor.py:161} INFO - Started process (PID=7328) to work on /home/wal/.pyenv/versions/3.12.0/lib/python3.12/site-packages/airflow/example_dags/example_kubernetes_executor.py
[2025-07-13T23:54:32.100+0300] {processor.py:830} INFO - Processing file /home/wal/.pyenv/versions/3.12.0/lib/python3.12/site-packages/airflow/example_dags/example_kubernetes_executor.py for tasks to queue
[2025-07-13T23:54:32.103+0300] {logging_mixin.py:188} INFO - [2025-07-13T23:54:32.102+0300] {dagbag.py:545} INFO - Filling up the DagBag from /home/wal/.pyenv/versions/3.12.0/lib/python3.12/site-packages/airflow/example_dags/example_kubernetes_executor.py
[2025-07-13T23:54:32.106+0300] {logging_mixin.py:188} INFO - [2025-07-13T23:54:32.106+0300] {example_kubernetes_executor.py:39} WARNING - The example_kubernetes_executor example DAG requires the kubernetes provider. Please install it with: pip install apache-airflow[cncf.kubernetes]
[2025-07-13T23:54:32.107+0300] {processor.py:842} WARNING - No viable dags retrieved from /home/wal/.pyenv/versions/3.12.0/lib/python3.12/site-packages/airflow/example_dags/example_kubernetes_executor.py
[2025-07-13T23:54:32.121+0300] {processor.py:183} INFO - Processing /home/wal/.pyenv/versions/3.12.0/lib/python3.12/site-packages/airflow/example_dags/example_kubernetes_executor.py took 0.035 seconds
[2025-07-13T23:55:29.063+0300] {processor.py:161} INFO - Started process (PID=7381) to work on /home/wal/.pyenv/versions/3.12.0/lib/python3.12/site-packages/airflow/example_dags/example_kubernetes_executor.py
[2025-07-13T23:55:29.069+0300] {processor.py:830} INFO - Processing file /home/wal/.pyenv/versions/3.12.0/lib/python3.12/site-packages/airflow/example_dags/example_kubernetes_executor.py for tasks to queue
[2025-07-13T23:55:29.072+0300] {logging_mixin.py:188} INFO - [2025-07-13T23:55:29.071+0300] {dagbag.py:545} INFO - Filling up the DagBag from /home/wal/.pyenv/versions/3.12.0/lib/python3.12/site-packages/airflow/example_dags/example_kubernetes_executor.py
[2025-07-13T23:55:29.075+0300] {logging_mixin.py:188} INFO - [2025-07-13T23:55:29.074+0300] {example_kubernetes_executor.py:39} WARNING - The example_kubernetes_executor example DAG requires the kubernetes provider. Please install it with: pip install apache-airflow[cncf.kubernetes]
[2025-07-13T23:55:29.075+0300] {processor.py:842} WARNING - No viable dags retrieved from /home/wal/.pyenv/versions/3.12.0/lib/python3.12/site-packages/airflow/example_dags/example_kubernetes_executor.py
[2025-07-13T23:55:29.088+0300] {processor.py:183} INFO - Processing /home/wal/.pyenv/versions/3.12.0/lib/python3.12/site-packages/airflow/example_dags/example_kubernetes_executor.py took 0.033 seconds
[2025-07-13T23:56:23.529+0300] {processor.py:161} INFO - Started process (PID=7431) to work on /home/wal/.pyenv/versions/3.12.0/lib/python3.12/site-packages/airflow/example_dags/example_kubernetes_executor.py
[2025-07-13T23:56:23.536+0300] {processor.py:830} INFO - Processing file /home/wal/.pyenv/versions/3.12.0/lib/python3.12/site-packages/airflow/example_dags/example_kubernetes_executor.py for tasks to queue
[2025-07-13T23:56:23.540+0300] {logging_mixin.py:188} INFO - [2025-07-13T23:56:23.539+0300] {dagbag.py:545} INFO - Filling up the DagBag from /home/wal/.pyenv/versions/3.12.0/lib/python3.12/site-packages/airflow/example_dags/example_kubernetes_executor.py
[2025-07-13T23:56:23.545+0300] {logging_mixin.py:188} INFO - [2025-07-13T23:56:23.544+0300] {example_kubernetes_executor.py:39} WARNING - The example_kubernetes_executor example DAG requires the kubernetes provider. Please install it with: pip install apache-airflow[cncf.kubernetes]
[2025-07-13T23:56:23.545+0300] {processor.py:842} WARNING - No viable dags retrieved from /home/wal/.pyenv/versions/3.12.0/lib/python3.12/site-packages/airflow/example_dags/example_kubernetes_executor.py
[2025-07-13T23:56:23.560+0300] {processor.py:183} INFO - Processing /home/wal/.pyenv/versions/3.12.0/lib/python3.12/site-packages/airflow/example_dags/example_kubernetes_executor.py took 0.042 seconds
[2025-07-13T23:57:20.915+0300] {processor.py:161} INFO - Started process (PID=7482) to work on /home/wal/.pyenv/versions/3.12.0/lib/python3.12/site-packages/airflow/example_dags/example_kubernetes_executor.py
[2025-07-13T23:57:20.917+0300] {processor.py:830} INFO - Processing file /home/wal/.pyenv/versions/3.12.0/lib/python3.12/site-packages/airflow/example_dags/example_kubernetes_executor.py for tasks to queue
[2025-07-13T23:57:20.919+0300] {logging_mixin.py:188} INFO - [2025-07-13T23:57:20.918+0300] {dagbag.py:545} INFO - Filling up the DagBag from /home/wal/.pyenv/versions/3.12.0/lib/python3.12/site-packages/airflow/example_dags/example_kubernetes_executor.py
[2025-07-13T23:57:20.922+0300] {logging_mixin.py:188} INFO - [2025-07-13T23:57:20.922+0300] {example_kubernetes_executor.py:39} WARNING - The example_kubernetes_executor example DAG requires the kubernetes provider. Please install it with: pip install apache-airflow[cncf.kubernetes]
[2025-07-13T23:57:20.922+0300] {processor.py:842} WARNING - No viable dags retrieved from /home/wal/.pyenv/versions/3.12.0/lib/python3.12/site-packages/airflow/example_dags/example_kubernetes_executor.py
[2025-07-13T23:57:20.937+0300] {processor.py:183} INFO - Processing /home/wal/.pyenv/versions/3.12.0/lib/python3.12/site-packages/airflow/example_dags/example_kubernetes_executor.py took 0.034 seconds
[2025-07-13T23:58:17.300+0300] {processor.py:161} INFO - Started process (PID=7534) to work on /home/wal/.pyenv/versions/3.12.0/lib/python3.12/site-packages/airflow/example_dags/example_kubernetes_executor.py
[2025-07-13T23:58:17.302+0300] {processor.py:830} INFO - Processing file /home/wal/.pyenv/versions/3.12.0/lib/python3.12/site-packages/airflow/example_dags/example_kubernetes_executor.py for tasks to queue
[2025-07-13T23:58:17.305+0300] {logging_mixin.py:188} INFO - [2025-07-13T23:58:17.304+0300] {dagbag.py:545} INFO - Filling up the DagBag from /home/wal/.pyenv/versions/3.12.0/lib/python3.12/site-packages/airflow/example_dags/example_kubernetes_executor.py
[2025-07-13T23:58:17.310+0300] {logging_mixin.py:188} INFO - [2025-07-13T23:58:17.310+0300] {example_kubernetes_executor.py:39} WARNING - The example_kubernetes_executor example DAG requires the kubernetes provider. Please install it with: pip install apache-airflow[cncf.kubernetes]
[2025-07-13T23:58:17.311+0300] {processor.py:842} WARNING - No viable dags retrieved from /home/wal/.pyenv/versions/3.12.0/lib/python3.12/site-packages/airflow/example_dags/example_kubernetes_executor.py
[2025-07-13T23:58:17.325+0300] {processor.py:183} INFO - Processing /home/wal/.pyenv/versions/3.12.0/lib/python3.12/site-packages/airflow/example_dags/example_kubernetes_executor.py took 0.032 seconds
[2025-07-13T23:59:10.426+0300] {processor.py:161} INFO - Started process (PID=7586) to work on /home/wal/.pyenv/versions/3.12.0/lib/python3.12/site-packages/airflow/example_dags/example_kubernetes_executor.py
[2025-07-13T23:59:10.432+0300] {processor.py:830} INFO - Processing file /home/wal/.pyenv/versions/3.12.0/lib/python3.12/site-packages/airflow/example_dags/example_kubernetes_executor.py for tasks to queue
[2025-07-13T23:59:10.435+0300] {logging_mixin.py:188} INFO - [2025-07-13T23:59:10.434+0300] {dagbag.py:545} INFO - Filling up the DagBag from /home/wal/.pyenv/versions/3.12.0/lib/python3.12/site-packages/airflow/example_dags/example_kubernetes_executor.py
[2025-07-13T23:59:10.438+0300] {logging_mixin.py:188} INFO - [2025-07-13T23:59:10.438+0300] {example_kubernetes_executor.py:39} WARNING - The example_kubernetes_executor example DAG requires the kubernetes provider. Please install it with: pip install apache-airflow[cncf.kubernetes]
[2025-07-13T23:59:10.438+0300] {processor.py:842} WARNING - No viable dags retrieved from /home/wal/.pyenv/versions/3.12.0/lib/python3.12/site-packages/airflow/example_dags/example_kubernetes_executor.py
[2025-07-13T23:59:10.452+0300] {processor.py:183} INFO - Processing /home/wal/.pyenv/versions/3.12.0/lib/python3.12/site-packages/airflow/example_dags/example_kubernetes_executor.py took 0.035 seconds
[2025-07-14T00:00:09.660+0300] {processor.py:161} INFO - Started process (PID=7638) to work on /home/wal/.pyenv/versions/3.12.0/lib/python3.12/site-packages/airflow/example_dags/example_kubernetes_executor.py
[2025-07-14T00:00:09.662+0300] {processor.py:830} INFO - Processing file /home/wal/.pyenv/versions/3.12.0/lib/python3.12/site-packages/airflow/example_dags/example_kubernetes_executor.py for tasks to queue
[2025-07-14T00:00:09.664+0300] {logging_mixin.py:188} INFO - [2025-07-14T00:00:09.664+0300] {dagbag.py:545} INFO - Filling up the DagBag from /home/wal/.pyenv/versions/3.12.0/lib/python3.12/site-packages/airflow/example_dags/example_kubernetes_executor.py
[2025-07-14T00:00:09.668+0300] {logging_mixin.py:188} INFO - [2025-07-14T00:00:09.668+0300] {example_kubernetes_executor.py:39} WARNING - The example_kubernetes_executor example DAG requires the kubernetes provider. Please install it with: pip install apache-airflow[cncf.kubernetes]
[2025-07-14T00:00:09.668+0300] {processor.py:842} WARNING - No viable dags retrieved from /home/wal/.pyenv/versions/3.12.0/lib/python3.12/site-packages/airflow/example_dags/example_kubernetes_executor.py
[2025-07-14T00:00:09.685+0300] {processor.py:183} INFO - Processing /home/wal/.pyenv/versions/3.12.0/lib/python3.12/site-packages/airflow/example_dags/example_kubernetes_executor.py took 0.035 seconds
[2025-07-14T00:01:07.303+0300] {processor.py:161} INFO - Started process (PID=7704) to work on /home/wal/.pyenv/versions/3.12.0/lib/python3.12/site-packages/airflow/example_dags/example_kubernetes_executor.py
[2025-07-14T00:01:07.305+0300] {processor.py:830} INFO - Processing file /home/wal/.pyenv/versions/3.12.0/lib/python3.12/site-packages/airflow/example_dags/example_kubernetes_executor.py for tasks to queue
[2025-07-14T00:01:07.308+0300] {logging_mixin.py:188} INFO - [2025-07-14T00:01:07.307+0300] {dagbag.py:545} INFO - Filling up the DagBag from /home/wal/.pyenv/versions/3.12.0/lib/python3.12/site-packages/airflow/example_dags/example_kubernetes_executor.py
[2025-07-14T00:01:07.312+0300] {logging_mixin.py:188} INFO - [2025-07-14T00:01:07.311+0300] {example_kubernetes_executor.py:39} WARNING - The example_kubernetes_executor example DAG requires the kubernetes provider. Please install it with: pip install apache-airflow[cncf.kubernetes]
[2025-07-14T00:01:07.312+0300] {processor.py:842} WARNING - No viable dags retrieved from /home/wal/.pyenv/versions/3.12.0/lib/python3.12/site-packages/airflow/example_dags/example_kubernetes_executor.py
[2025-07-14T00:01:07.325+0300] {processor.py:183} INFO - Processing /home/wal/.pyenv/versions/3.12.0/lib/python3.12/site-packages/airflow/example_dags/example_kubernetes_executor.py took 0.030 seconds
[2025-07-14T00:02:04.226+0300] {processor.py:161} INFO - Started process (PID=7755) to work on /home/wal/.pyenv/versions/3.12.0/lib/python3.12/site-packages/airflow/example_dags/example_kubernetes_executor.py
[2025-07-14T00:02:04.232+0300] {processor.py:830} INFO - Processing file /home/wal/.pyenv/versions/3.12.0/lib/python3.12/site-packages/airflow/example_dags/example_kubernetes_executor.py for tasks to queue
[2025-07-14T00:02:04.235+0300] {logging_mixin.py:188} INFO - [2025-07-14T00:02:04.234+0300] {dagbag.py:545} INFO - Filling up the DagBag from /home/wal/.pyenv/versions/3.12.0/lib/python3.12/site-packages/airflow/example_dags/example_kubernetes_executor.py
[2025-07-14T00:02:04.240+0300] {logging_mixin.py:188} INFO - [2025-07-14T00:02:04.239+0300] {example_kubernetes_executor.py:39} WARNING - The example_kubernetes_executor example DAG requires the kubernetes provider. Please install it with: pip install apache-airflow[cncf.kubernetes]
[2025-07-14T00:02:04.240+0300] {processor.py:842} WARNING - No viable dags retrieved from /home/wal/.pyenv/versions/3.12.0/lib/python3.12/site-packages/airflow/example_dags/example_kubernetes_executor.py
[2025-07-14T00:02:04.252+0300] {processor.py:183} INFO - Processing /home/wal/.pyenv/versions/3.12.0/lib/python3.12/site-packages/airflow/example_dags/example_kubernetes_executor.py took 0.035 seconds
[2025-07-14T00:02:58.690+0300] {processor.py:161} INFO - Started process (PID=7804) to work on /home/wal/.pyenv/versions/3.12.0/lib/python3.12/site-packages/airflow/example_dags/example_kubernetes_executor.py
[2025-07-14T00:02:58.693+0300] {processor.py:830} INFO - Processing file /home/wal/.pyenv/versions/3.12.0/lib/python3.12/site-packages/airflow/example_dags/example_kubernetes_executor.py for tasks to queue
[2025-07-14T00:02:58.705+0300] {logging_mixin.py:188} INFO - [2025-07-14T00:02:58.703+0300] {dagbag.py:545} INFO - Filling up the DagBag from /home/wal/.pyenv/versions/3.12.0/lib/python3.12/site-packages/airflow/example_dags/example_kubernetes_executor.py
[2025-07-14T00:02:58.712+0300] {logging_mixin.py:188} INFO - [2025-07-14T00:02:58.711+0300] {example_kubernetes_executor.py:39} WARNING - The example_kubernetes_executor example DAG requires the kubernetes provider. Please install it with: pip install apache-airflow[cncf.kubernetes]
[2025-07-14T00:02:58.713+0300] {processor.py:842} WARNING - No viable dags retrieved from /home/wal/.pyenv/versions/3.12.0/lib/python3.12/site-packages/airflow/example_dags/example_kubernetes_executor.py
[2025-07-14T00:02:58.760+0300] {processor.py:183} INFO - Processing /home/wal/.pyenv/versions/3.12.0/lib/python3.12/site-packages/airflow/example_dags/example_kubernetes_executor.py took 0.090 seconds
[2025-07-14T00:03:53.109+0300] {processor.py:161} INFO - Started process (PID=7855) to work on /home/wal/.pyenv/versions/3.12.0/lib/python3.12/site-packages/airflow/example_dags/example_kubernetes_executor.py
[2025-07-14T00:03:53.116+0300] {processor.py:830} INFO - Processing file /home/wal/.pyenv/versions/3.12.0/lib/python3.12/site-packages/airflow/example_dags/example_kubernetes_executor.py for tasks to queue
[2025-07-14T00:03:53.118+0300] {logging_mixin.py:188} INFO - [2025-07-14T00:03:53.117+0300] {dagbag.py:545} INFO - Filling up the DagBag from /home/wal/.pyenv/versions/3.12.0/lib/python3.12/site-packages/airflow/example_dags/example_kubernetes_executor.py
[2025-07-14T00:03:53.121+0300] {logging_mixin.py:188} INFO - [2025-07-14T00:03:53.121+0300] {example_kubernetes_executor.py:39} WARNING - The example_kubernetes_executor example DAG requires the kubernetes provider. Please install it with: pip install apache-airflow[cncf.kubernetes]
[2025-07-14T00:03:53.121+0300] {processor.py:842} WARNING - No viable dags retrieved from /home/wal/.pyenv/versions/3.12.0/lib/python3.12/site-packages/airflow/example_dags/example_kubernetes_executor.py
[2025-07-14T00:03:53.135+0300] {processor.py:183} INFO - Processing /home/wal/.pyenv/versions/3.12.0/lib/python3.12/site-packages/airflow/example_dags/example_kubernetes_executor.py took 0.035 seconds
[2025-07-14T00:04:46.410+0300] {processor.py:161} INFO - Started process (PID=7904) to work on /home/wal/.pyenv/versions/3.12.0/lib/python3.12/site-packages/airflow/example_dags/example_kubernetes_executor.py
[2025-07-14T00:04:46.417+0300] {processor.py:830} INFO - Processing file /home/wal/.pyenv/versions/3.12.0/lib/python3.12/site-packages/airflow/example_dags/example_kubernetes_executor.py for tasks to queue
[2025-07-14T00:04:46.423+0300] {logging_mixin.py:188} INFO - [2025-07-14T00:04:46.421+0300] {dagbag.py:545} INFO - Filling up the DagBag from /home/wal/.pyenv/versions/3.12.0/lib/python3.12/site-packages/airflow/example_dags/example_kubernetes_executor.py
[2025-07-14T00:04:46.431+0300] {logging_mixin.py:188} INFO - [2025-07-14T00:04:46.430+0300] {example_kubernetes_executor.py:39} WARNING - The example_kubernetes_executor example DAG requires the kubernetes provider. Please install it with: pip install apache-airflow[cncf.kubernetes]
[2025-07-14T00:04:46.432+0300] {processor.py:842} WARNING - No viable dags retrieved from /home/wal/.pyenv/versions/3.12.0/lib/python3.12/site-packages/airflow/example_dags/example_kubernetes_executor.py
[2025-07-14T00:04:46.462+0300] {processor.py:183} INFO - Processing /home/wal/.pyenv/versions/3.12.0/lib/python3.12/site-packages/airflow/example_dags/example_kubernetes_executor.py took 0.064 seconds
[2025-07-14T00:05:38.399+0300] {processor.py:161} INFO - Started process (PID=7959) to work on /home/wal/.pyenv/versions/3.12.0/lib/python3.12/site-packages/airflow/example_dags/example_kubernetes_executor.py
[2025-07-14T00:05:38.406+0300] {processor.py:830} INFO - Processing file /home/wal/.pyenv/versions/3.12.0/lib/python3.12/site-packages/airflow/example_dags/example_kubernetes_executor.py for tasks to queue
[2025-07-14T00:05:38.408+0300] {logging_mixin.py:188} INFO - [2025-07-14T00:05:38.407+0300] {dagbag.py:545} INFO - Filling up the DagBag from /home/wal/.pyenv/versions/3.12.0/lib/python3.12/site-packages/airflow/example_dags/example_kubernetes_executor.py
[2025-07-14T00:05:38.413+0300] {logging_mixin.py:188} INFO - [2025-07-14T00:05:38.413+0300] {example_kubernetes_executor.py:39} WARNING - The example_kubernetes_executor example DAG requires the kubernetes provider. Please install it with: pip install apache-airflow[cncf.kubernetes]
[2025-07-14T00:05:38.414+0300] {processor.py:842} WARNING - No viable dags retrieved from /home/wal/.pyenv/versions/3.12.0/lib/python3.12/site-packages/airflow/example_dags/example_kubernetes_executor.py
[2025-07-14T00:05:38.425+0300] {processor.py:183} INFO - Processing /home/wal/.pyenv/versions/3.12.0/lib/python3.12/site-packages/airflow/example_dags/example_kubernetes_executor.py took 0.036 seconds
[2025-07-14T00:06:33.638+0300] {processor.py:161} INFO - Started process (PID=8009) to work on /home/wal/.pyenv/versions/3.12.0/lib/python3.12/site-packages/airflow/example_dags/example_kubernetes_executor.py
[2025-07-14T00:06:33.644+0300] {processor.py:830} INFO - Processing file /home/wal/.pyenv/versions/3.12.0/lib/python3.12/site-packages/airflow/example_dags/example_kubernetes_executor.py for tasks to queue
[2025-07-14T00:06:33.647+0300] {logging_mixin.py:188} INFO - [2025-07-14T00:06:33.646+0300] {dagbag.py:545} INFO - Filling up the DagBag from /home/wal/.pyenv/versions/3.12.0/lib/python3.12/site-packages/airflow/example_dags/example_kubernetes_executor.py
[2025-07-14T00:06:33.650+0300] {logging_mixin.py:188} INFO - [2025-07-14T00:06:33.650+0300] {example_kubernetes_executor.py:39} WARNING - The example_kubernetes_executor example DAG requires the kubernetes provider. Please install it with: pip install apache-airflow[cncf.kubernetes]
[2025-07-14T00:06:33.650+0300] {processor.py:842} WARNING - No viable dags retrieved from /home/wal/.pyenv/versions/3.12.0/lib/python3.12/site-packages/airflow/example_dags/example_kubernetes_executor.py
[2025-07-14T00:06:33.665+0300] {processor.py:183} INFO - Processing /home/wal/.pyenv/versions/3.12.0/lib/python3.12/site-packages/airflow/example_dags/example_kubernetes_executor.py took 0.038 seconds
[2025-07-14T00:07:26.080+0300] {processor.py:161} INFO - Started process (PID=8057) to work on /home/wal/.pyenv/versions/3.12.0/lib/python3.12/site-packages/airflow/example_dags/example_kubernetes_executor.py
[2025-07-14T00:07:26.082+0300] {processor.py:830} INFO - Processing file /home/wal/.pyenv/versions/3.12.0/lib/python3.12/site-packages/airflow/example_dags/example_kubernetes_executor.py for tasks to queue
[2025-07-14T00:07:26.085+0300] {logging_mixin.py:188} INFO - [2025-07-14T00:07:26.084+0300] {dagbag.py:545} INFO - Filling up the DagBag from /home/wal/.pyenv/versions/3.12.0/lib/python3.12/site-packages/airflow/example_dags/example_kubernetes_executor.py
[2025-07-14T00:07:26.088+0300] {logging_mixin.py:188} INFO - [2025-07-14T00:07:26.088+0300] {example_kubernetes_executor.py:39} WARNING - The example_kubernetes_executor example DAG requires the kubernetes provider. Please install it with: pip install apache-airflow[cncf.kubernetes]
[2025-07-14T00:07:26.089+0300] {processor.py:842} WARNING - No viable dags retrieved from /home/wal/.pyenv/versions/3.12.0/lib/python3.12/site-packages/airflow/example_dags/example_kubernetes_executor.py
[2025-07-14T00:07:26.104+0300] {processor.py:183} INFO - Processing /home/wal/.pyenv/versions/3.12.0/lib/python3.12/site-packages/airflow/example_dags/example_kubernetes_executor.py took 0.040 seconds
[2025-07-14T00:55:56.948+0300] {processor.py:161} INFO - Started process (PID=8128) to work on /home/wal/.pyenv/versions/3.12.0/lib/python3.12/site-packages/airflow/example_dags/example_kubernetes_executor.py
[2025-07-14T00:55:56.955+0300] {processor.py:830} INFO - Processing file /home/wal/.pyenv/versions/3.12.0/lib/python3.12/site-packages/airflow/example_dags/example_kubernetes_executor.py for tasks to queue
[2025-07-14T00:55:56.967+0300] {logging_mixin.py:188} INFO - [2025-07-14T00:55:56.966+0300] {dagbag.py:545} INFO - Filling up the DagBag from /home/wal/.pyenv/versions/3.12.0/lib/python3.12/site-packages/airflow/example_dags/example_kubernetes_executor.py
[2025-07-14T00:55:56.983+0300] {logging_mixin.py:188} INFO - [2025-07-14T00:55:56.982+0300] {example_kubernetes_executor.py:39} WARNING - The example_kubernetes_executor example DAG requires the kubernetes provider. Please install it with: pip install apache-airflow[cncf.kubernetes]
[2025-07-14T00:55:56.983+0300] {processor.py:842} WARNING - No viable dags retrieved from /home/wal/.pyenv/versions/3.12.0/lib/python3.12/site-packages/airflow/example_dags/example_kubernetes_executor.py
[2025-07-14T00:55:57.160+0300] {processor.py:183} INFO - Processing /home/wal/.pyenv/versions/3.12.0/lib/python3.12/site-packages/airflow/example_dags/example_kubernetes_executor.py took 0.272 seconds
