[2025-07-13T22:56:20.722+0300] {processor.py:161} INFO - Started process (PID=4032) to work on /home/wal/.pyenv/versions/3.12.0/lib/python3.12/site-packages/airflow/example_dags/example_dynamic_task_mapping.py
[2025-07-13T22:56:20.723+0300] {processor.py:830} INFO - Processing file /home/wal/.pyenv/versions/3.12.0/lib/python3.12/site-packages/airflow/example_dags/example_dynamic_task_mapping.py for tasks to queue
[2025-07-13T22:56:20.725+0300] {logging_mixin.py:188} INFO - [2025-07-13T22:56:20.724+0300] {dagbag.py:545} INFO - Filling up the DagBag from /home/wal/.pyenv/versions/3.12.0/lib/python3.12/site-packages/airflow/example_dags/example_dynamic_task_mapping.py
[2025-07-13T22:56:20.733+0300] {processor.py:840} INFO - DAG(s) 'example_dynamic_task_mapping' retrieved from /home/wal/.pyenv/versions/3.12.0/lib/python3.12/site-packages/airflow/example_dags/example_dynamic_task_mapping.py
[2025-07-13T22:56:20.756+0300] {logging_mixin.py:188} INFO - [2025-07-13T22:56:20.755+0300] {dag.py:3096} INFO - Sync 1 DAGs
[2025-07-13T22:56:20.780+0300] {logging_mixin.py:188} INFO - [2025-07-13T22:56:20.780+0300] {dag.py:3954} INFO - Setting next_dagrun for example_dynamic_task_mapping to 2022-03-04 00:00:00+00:00, run_after=2022-03-05 00:00:00+00:00
[2025-07-13T22:56:20.812+0300] {processor.py:183} INFO - Processing /home/wal/.pyenv/versions/3.12.0/lib/python3.12/site-packages/airflow/example_dags/example_dynamic_task_mapping.py took 0.099 seconds
[2025-07-13T22:57:16.868+0300] {processor.py:161} INFO - Started process (PID=4171) to work on /home/wal/.pyenv/versions/3.12.0/lib/python3.12/site-packages/airflow/example_dags/example_dynamic_task_mapping.py
[2025-07-13T22:57:16.870+0300] {processor.py:830} INFO - Processing file /home/wal/.pyenv/versions/3.12.0/lib/python3.12/site-packages/airflow/example_dags/example_dynamic_task_mapping.py for tasks to queue
[2025-07-13T22:57:16.873+0300] {logging_mixin.py:188} INFO - [2025-07-13T22:57:16.872+0300] {dagbag.py:545} INFO - Filling up the DagBag from /home/wal/.pyenv/versions/3.12.0/lib/python3.12/site-packages/airflow/example_dags/example_dynamic_task_mapping.py
[2025-07-13T22:57:16.885+0300] {processor.py:840} INFO - DAG(s) 'example_dynamic_task_mapping' retrieved from /home/wal/.pyenv/versions/3.12.0/lib/python3.12/site-packages/airflow/example_dags/example_dynamic_task_mapping.py
[2025-07-13T22:57:16.906+0300] {logging_mixin.py:188} INFO - [2025-07-13T22:57:16.906+0300] {dag.py:3096} INFO - Sync 1 DAGs
[2025-07-13T22:57:16.935+0300] {logging_mixin.py:188} INFO - [2025-07-13T22:57:16.935+0300] {dag.py:3954} INFO - Setting next_dagrun for example_dynamic_task_mapping to 2022-03-04 00:00:00+00:00, run_after=2022-03-05 00:00:00+00:00
[2025-07-13T22:57:16.965+0300] {processor.py:183} INFO - Processing /home/wal/.pyenv/versions/3.12.0/lib/python3.12/site-packages/airflow/example_dags/example_dynamic_task_mapping.py took 0.106 seconds
[2025-07-13T22:58:12.939+0300] {processor.py:161} INFO - Started process (PID=4280) to work on /home/wal/.pyenv/versions/3.12.0/lib/python3.12/site-packages/airflow/example_dags/example_dynamic_task_mapping.py
[2025-07-13T22:58:12.941+0300] {processor.py:830} INFO - Processing file /home/wal/.pyenv/versions/3.12.0/lib/python3.12/site-packages/airflow/example_dags/example_dynamic_task_mapping.py for tasks to queue
[2025-07-13T22:58:12.944+0300] {logging_mixin.py:188} INFO - [2025-07-13T22:58:12.943+0300] {dagbag.py:545} INFO - Filling up the DagBag from /home/wal/.pyenv/versions/3.12.0/lib/python3.12/site-packages/airflow/example_dags/example_dynamic_task_mapping.py
[2025-07-13T22:58:12.953+0300] {processor.py:840} INFO - DAG(s) 'example_dynamic_task_mapping' retrieved from /home/wal/.pyenv/versions/3.12.0/lib/python3.12/site-packages/airflow/example_dags/example_dynamic_task_mapping.py
[2025-07-13T22:58:12.972+0300] {logging_mixin.py:188} INFO - [2025-07-13T22:58:12.971+0300] {dag.py:3096} INFO - Sync 1 DAGs
[2025-07-13T22:58:12.998+0300] {logging_mixin.py:188} INFO - [2025-07-13T22:58:12.997+0300] {dag.py:3954} INFO - Setting next_dagrun for example_dynamic_task_mapping to 2022-03-04 00:00:00+00:00, run_after=2022-03-05 00:00:00+00:00
[2025-07-13T22:58:13.028+0300] {processor.py:183} INFO - Processing /home/wal/.pyenv/versions/3.12.0/lib/python3.12/site-packages/airflow/example_dags/example_dynamic_task_mapping.py took 0.095 seconds
[2025-07-13T22:59:56.459+0300] {processor.py:161} INFO - Started process (PID=4539) to work on /home/wal/.pyenv/versions/3.12.0/lib/python3.12/site-packages/airflow/example_dags/example_dynamic_task_mapping.py
[2025-07-13T22:59:56.461+0300] {processor.py:830} INFO - Processing file /home/wal/.pyenv/versions/3.12.0/lib/python3.12/site-packages/airflow/example_dags/example_dynamic_task_mapping.py for tasks to queue
[2025-07-13T22:59:56.463+0300] {logging_mixin.py:188} INFO - [2025-07-13T22:59:56.462+0300] {dagbag.py:545} INFO - Filling up the DagBag from /home/wal/.pyenv/versions/3.12.0/lib/python3.12/site-packages/airflow/example_dags/example_dynamic_task_mapping.py
[2025-07-13T22:59:56.474+0300] {processor.py:840} INFO - DAG(s) 'example_dynamic_task_mapping' retrieved from /home/wal/.pyenv/versions/3.12.0/lib/python3.12/site-packages/airflow/example_dags/example_dynamic_task_mapping.py
[2025-07-13T22:59:56.730+0300] {logging_mixin.py:188} INFO - [2025-07-13T22:59:56.730+0300] {dag.py:3096} INFO - Sync 1 DAGs
[2025-07-13T22:59:56.766+0300] {logging_mixin.py:188} INFO - [2025-07-13T22:59:56.765+0300] {dag.py:3954} INFO - Setting next_dagrun for example_dynamic_task_mapping to 2022-03-04 00:00:00+00:00, run_after=2022-03-05 00:00:00+00:00
[2025-07-13T22:59:56.812+0300] {processor.py:183} INFO - Processing /home/wal/.pyenv/versions/3.12.0/lib/python3.12/site-packages/airflow/example_dags/example_dynamic_task_mapping.py took 0.362 seconds
[2025-07-13T23:01:35.808+0300] {processor.py:161} INFO - Started process (PID=4607) to work on /home/wal/.pyenv/versions/3.12.0/lib/python3.12/site-packages/airflow/example_dags/example_dynamic_task_mapping.py
[2025-07-13T23:01:35.811+0300] {processor.py:830} INFO - Processing file /home/wal/.pyenv/versions/3.12.0/lib/python3.12/site-packages/airflow/example_dags/example_dynamic_task_mapping.py for tasks to queue
[2025-07-13T23:01:35.826+0300] {logging_mixin.py:188} INFO - [2025-07-13T23:01:35.824+0300] {dagbag.py:545} INFO - Filling up the DagBag from /home/wal/.pyenv/versions/3.12.0/lib/python3.12/site-packages/airflow/example_dags/example_dynamic_task_mapping.py
[2025-07-13T23:01:35.868+0300] {processor.py:840} INFO - DAG(s) 'example_dynamic_task_mapping' retrieved from /home/wal/.pyenv/versions/3.12.0/lib/python3.12/site-packages/airflow/example_dags/example_dynamic_task_mapping.py
[2025-07-13T23:01:35.950+0300] {logging_mixin.py:188} INFO - [2025-07-13T23:01:35.949+0300] {dag.py:3096} INFO - Sync 1 DAGs
[2025-07-13T23:01:36.081+0300] {logging_mixin.py:188} INFO - [2025-07-13T23:01:36.080+0300] {dag.py:3954} INFO - Setting next_dagrun for example_dynamic_task_mapping to 2022-03-04 00:00:00+00:00, run_after=2022-03-05 00:00:00+00:00
[2025-07-13T23:01:36.234+0300] {processor.py:183} INFO - Processing /home/wal/.pyenv/versions/3.12.0/lib/python3.12/site-packages/airflow/example_dags/example_dynamic_task_mapping.py took 0.474 seconds
[2025-07-13T23:03:20.318+0300] {processor.py:161} INFO - Started process (PID=4678) to work on /home/wal/.pyenv/versions/3.12.0/lib/python3.12/site-packages/airflow/example_dags/example_dynamic_task_mapping.py
[2025-07-13T23:03:20.330+0300] {processor.py:830} INFO - Processing file /home/wal/.pyenv/versions/3.12.0/lib/python3.12/site-packages/airflow/example_dags/example_dynamic_task_mapping.py for tasks to queue
[2025-07-13T23:03:20.338+0300] {logging_mixin.py:188} INFO - [2025-07-13T23:03:20.337+0300] {dagbag.py:545} INFO - Filling up the DagBag from /home/wal/.pyenv/versions/3.12.0/lib/python3.12/site-packages/airflow/example_dags/example_dynamic_task_mapping.py
[2025-07-13T23:03:20.381+0300] {processor.py:840} INFO - DAG(s) 'example_dynamic_task_mapping' retrieved from /home/wal/.pyenv/versions/3.12.0/lib/python3.12/site-packages/airflow/example_dags/example_dynamic_task_mapping.py
[2025-07-13T23:03:20.507+0300] {logging_mixin.py:188} INFO - [2025-07-13T23:03:20.506+0300] {dag.py:3096} INFO - Sync 1 DAGs
[2025-07-13T23:03:20.710+0300] {logging_mixin.py:188} INFO - [2025-07-13T23:03:20.708+0300] {dag.py:3954} INFO - Setting next_dagrun for example_dynamic_task_mapping to 2022-03-04 00:00:00+00:00, run_after=2022-03-05 00:00:00+00:00
[2025-07-13T23:03:20.874+0300] {processor.py:183} INFO - Processing /home/wal/.pyenv/versions/3.12.0/lib/python3.12/site-packages/airflow/example_dags/example_dynamic_task_mapping.py took 0.590 seconds
[2025-07-13T23:04:35.330+0300] {processor.py:161} INFO - Started process (PID=4738) to work on /home/wal/.pyenv/versions/3.12.0/lib/python3.12/site-packages/airflow/example_dags/example_dynamic_task_mapping.py
[2025-07-13T23:04:35.332+0300] {processor.py:830} INFO - Processing file /home/wal/.pyenv/versions/3.12.0/lib/python3.12/site-packages/airflow/example_dags/example_dynamic_task_mapping.py for tasks to queue
[2025-07-13T23:04:35.335+0300] {logging_mixin.py:188} INFO - [2025-07-13T23:04:35.334+0300] {dagbag.py:545} INFO - Filling up the DagBag from /home/wal/.pyenv/versions/3.12.0/lib/python3.12/site-packages/airflow/example_dags/example_dynamic_task_mapping.py
[2025-07-13T23:04:35.347+0300] {processor.py:840} INFO - DAG(s) 'example_dynamic_task_mapping' retrieved from /home/wal/.pyenv/versions/3.12.0/lib/python3.12/site-packages/airflow/example_dags/example_dynamic_task_mapping.py
[2025-07-13T23:04:35.370+0300] {logging_mixin.py:188} INFO - [2025-07-13T23:04:35.370+0300] {dag.py:3096} INFO - Sync 1 DAGs
[2025-07-13T23:04:35.410+0300] {logging_mixin.py:188} INFO - [2025-07-13T23:04:35.409+0300] {dag.py:3954} INFO - Setting next_dagrun for example_dynamic_task_mapping to 2022-03-04 00:00:00+00:00, run_after=2022-03-05 00:00:00+00:00
[2025-07-13T23:04:35.446+0300] {processor.py:183} INFO - Processing /home/wal/.pyenv/versions/3.12.0/lib/python3.12/site-packages/airflow/example_dags/example_dynamic_task_mapping.py took 0.125 seconds
[2025-07-13T23:05:55.426+0300] {processor.py:161} INFO - Started process (PID=4805) to work on /home/wal/.pyenv/versions/3.12.0/lib/python3.12/site-packages/airflow/example_dags/example_dynamic_task_mapping.py
[2025-07-13T23:05:55.432+0300] {processor.py:830} INFO - Processing file /home/wal/.pyenv/versions/3.12.0/lib/python3.12/site-packages/airflow/example_dags/example_dynamic_task_mapping.py for tasks to queue
[2025-07-13T23:05:55.458+0300] {logging_mixin.py:188} INFO - [2025-07-13T23:05:55.446+0300] {dagbag.py:545} INFO - Filling up the DagBag from /home/wal/.pyenv/versions/3.12.0/lib/python3.12/site-packages/airflow/example_dags/example_dynamic_task_mapping.py
[2025-07-13T23:05:55.548+0300] {processor.py:840} INFO - DAG(s) 'example_dynamic_task_mapping' retrieved from /home/wal/.pyenv/versions/3.12.0/lib/python3.12/site-packages/airflow/example_dags/example_dynamic_task_mapping.py
[2025-07-13T23:05:55.777+0300] {logging_mixin.py:188} INFO - [2025-07-13T23:05:55.776+0300] {dag.py:3096} INFO - Sync 1 DAGs
[2025-07-13T23:05:56.389+0300] {logging_mixin.py:188} INFO - [2025-07-13T23:05:56.387+0300] {dag.py:3954} INFO - Setting next_dagrun for example_dynamic_task_mapping to 2022-03-04 00:00:00+00:00, run_after=2022-03-05 00:00:00+00:00
[2025-07-13T23:05:56.595+0300] {processor.py:183} INFO - Processing /home/wal/.pyenv/versions/3.12.0/lib/python3.12/site-packages/airflow/example_dags/example_dynamic_task_mapping.py took 1.248 seconds
[2025-07-13T23:07:16.277+0300] {processor.py:161} INFO - Started process (PID=4857) to work on /home/wal/.pyenv/versions/3.12.0/lib/python3.12/site-packages/airflow/example_dags/example_dynamic_task_mapping.py
[2025-07-13T23:07:16.283+0300] {processor.py:830} INFO - Processing file /home/wal/.pyenv/versions/3.12.0/lib/python3.12/site-packages/airflow/example_dags/example_dynamic_task_mapping.py for tasks to queue
[2025-07-13T23:07:16.286+0300] {logging_mixin.py:188} INFO - [2025-07-13T23:07:16.285+0300] {dagbag.py:545} INFO - Filling up the DagBag from /home/wal/.pyenv/versions/3.12.0/lib/python3.12/site-packages/airflow/example_dags/example_dynamic_task_mapping.py
[2025-07-13T23:07:16.300+0300] {processor.py:840} INFO - DAG(s) 'example_dynamic_task_mapping' retrieved from /home/wal/.pyenv/versions/3.12.0/lib/python3.12/site-packages/airflow/example_dags/example_dynamic_task_mapping.py
[2025-07-13T23:07:16.339+0300] {logging_mixin.py:188} INFO - [2025-07-13T23:07:16.338+0300] {dag.py:3096} INFO - Sync 1 DAGs
[2025-07-13T23:07:16.409+0300] {logging_mixin.py:188} INFO - [2025-07-13T23:07:16.408+0300] {dag.py:3954} INFO - Setting next_dagrun for example_dynamic_task_mapping to 2022-03-04 00:00:00+00:00, run_after=2022-03-05 00:00:00+00:00
[2025-07-13T23:07:16.495+0300] {processor.py:183} INFO - Processing /home/wal/.pyenv/versions/3.12.0/lib/python3.12/site-packages/airflow/example_dags/example_dynamic_task_mapping.py took 0.229 seconds
[2025-07-13T23:08:24.280+0300] {processor.py:161} INFO - Started process (PID=4915) to work on /home/wal/.pyenv/versions/3.12.0/lib/python3.12/site-packages/airflow/example_dags/example_dynamic_task_mapping.py
[2025-07-13T23:08:24.286+0300] {processor.py:830} INFO - Processing file /home/wal/.pyenv/versions/3.12.0/lib/python3.12/site-packages/airflow/example_dags/example_dynamic_task_mapping.py for tasks to queue
[2025-07-13T23:08:24.291+0300] {logging_mixin.py:188} INFO - [2025-07-13T23:08:24.290+0300] {dagbag.py:545} INFO - Filling up the DagBag from /home/wal/.pyenv/versions/3.12.0/lib/python3.12/site-packages/airflow/example_dags/example_dynamic_task_mapping.py
[2025-07-13T23:08:24.307+0300] {processor.py:840} INFO - DAG(s) 'example_dynamic_task_mapping' retrieved from /home/wal/.pyenv/versions/3.12.0/lib/python3.12/site-packages/airflow/example_dags/example_dynamic_task_mapping.py
[2025-07-13T23:08:24.338+0300] {logging_mixin.py:188} INFO - [2025-07-13T23:08:24.338+0300] {dag.py:3096} INFO - Sync 1 DAGs
[2025-07-13T23:08:24.384+0300] {logging_mixin.py:188} INFO - [2025-07-13T23:08:24.384+0300] {dag.py:3954} INFO - Setting next_dagrun for example_dynamic_task_mapping to 2022-03-04 00:00:00+00:00, run_after=2022-03-05 00:00:00+00:00
[2025-07-13T23:08:24.429+0300] {processor.py:183} INFO - Processing /home/wal/.pyenv/versions/3.12.0/lib/python3.12/site-packages/airflow/example_dags/example_dynamic_task_mapping.py took 0.163 seconds
[2025-07-13T23:09:25.066+0300] {processor.py:161} INFO - Started process (PID=4968) to work on /home/wal/.pyenv/versions/3.12.0/lib/python3.12/site-packages/airflow/example_dags/example_dynamic_task_mapping.py
[2025-07-13T23:09:25.069+0300] {processor.py:830} INFO - Processing file /home/wal/.pyenv/versions/3.12.0/lib/python3.12/site-packages/airflow/example_dags/example_dynamic_task_mapping.py for tasks to queue
[2025-07-13T23:09:25.073+0300] {logging_mixin.py:188} INFO - [2025-07-13T23:09:25.072+0300] {dagbag.py:545} INFO - Filling up the DagBag from /home/wal/.pyenv/versions/3.12.0/lib/python3.12/site-packages/airflow/example_dags/example_dynamic_task_mapping.py
[2025-07-13T23:09:25.090+0300] {processor.py:840} INFO - DAG(s) 'example_dynamic_task_mapping' retrieved from /home/wal/.pyenv/versions/3.12.0/lib/python3.12/site-packages/airflow/example_dags/example_dynamic_task_mapping.py
[2025-07-13T23:09:25.124+0300] {logging_mixin.py:188} INFO - [2025-07-13T23:09:25.124+0300] {dag.py:3096} INFO - Sync 1 DAGs
[2025-07-13T23:09:25.187+0300] {logging_mixin.py:188} INFO - [2025-07-13T23:09:25.186+0300] {dag.py:3954} INFO - Setting next_dagrun for example_dynamic_task_mapping to 2022-03-04 00:00:00+00:00, run_after=2022-03-05 00:00:00+00:00
[2025-07-13T23:09:25.324+0300] {processor.py:183} INFO - Processing /home/wal/.pyenv/versions/3.12.0/lib/python3.12/site-packages/airflow/example_dags/example_dynamic_task_mapping.py took 0.268 seconds
[2025-07-13T23:10:34.227+0300] {processor.py:161} INFO - Started process (PID=5025) to work on /home/wal/.pyenv/versions/3.12.0/lib/python3.12/site-packages/airflow/example_dags/example_dynamic_task_mapping.py
[2025-07-13T23:10:34.233+0300] {processor.py:830} INFO - Processing file /home/wal/.pyenv/versions/3.12.0/lib/python3.12/site-packages/airflow/example_dags/example_dynamic_task_mapping.py for tasks to queue
[2025-07-13T23:10:34.236+0300] {logging_mixin.py:188} INFO - [2025-07-13T23:10:34.236+0300] {dagbag.py:545} INFO - Filling up the DagBag from /home/wal/.pyenv/versions/3.12.0/lib/python3.12/site-packages/airflow/example_dags/example_dynamic_task_mapping.py
[2025-07-13T23:10:34.245+0300] {processor.py:840} INFO - DAG(s) 'example_dynamic_task_mapping' retrieved from /home/wal/.pyenv/versions/3.12.0/lib/python3.12/site-packages/airflow/example_dags/example_dynamic_task_mapping.py
[2025-07-13T23:10:34.264+0300] {logging_mixin.py:188} INFO - [2025-07-13T23:10:34.263+0300] {dag.py:3096} INFO - Sync 1 DAGs
[2025-07-13T23:10:34.291+0300] {logging_mixin.py:188} INFO - [2025-07-13T23:10:34.291+0300] {dag.py:3954} INFO - Setting next_dagrun for example_dynamic_task_mapping to 2022-03-04 00:00:00+00:00, run_after=2022-03-05 00:00:00+00:00
[2025-07-13T23:10:34.319+0300] {processor.py:183} INFO - Processing /home/wal/.pyenv/versions/3.12.0/lib/python3.12/site-packages/airflow/example_dags/example_dynamic_task_mapping.py took 0.100 seconds
[2025-07-13T23:11:42.248+0300] {processor.py:161} INFO - Started process (PID=5088) to work on /home/wal/.pyenv/versions/3.12.0/lib/python3.12/site-packages/airflow/example_dags/example_dynamic_task_mapping.py
[2025-07-13T23:11:42.250+0300] {processor.py:830} INFO - Processing file /home/wal/.pyenv/versions/3.12.0/lib/python3.12/site-packages/airflow/example_dags/example_dynamic_task_mapping.py for tasks to queue
[2025-07-13T23:11:42.253+0300] {logging_mixin.py:188} INFO - [2025-07-13T23:11:42.252+0300] {dagbag.py:545} INFO - Filling up the DagBag from /home/wal/.pyenv/versions/3.12.0/lib/python3.12/site-packages/airflow/example_dags/example_dynamic_task_mapping.py
[2025-07-13T23:11:42.268+0300] {processor.py:840} INFO - DAG(s) 'example_dynamic_task_mapping' retrieved from /home/wal/.pyenv/versions/3.12.0/lib/python3.12/site-packages/airflow/example_dags/example_dynamic_task_mapping.py
[2025-07-13T23:11:42.291+0300] {logging_mixin.py:188} INFO - [2025-07-13T23:11:42.290+0300] {dag.py:3096} INFO - Sync 1 DAGs
[2025-07-13T23:11:42.318+0300] {logging_mixin.py:188} INFO - [2025-07-13T23:11:42.318+0300] {dag.py:3954} INFO - Setting next_dagrun for example_dynamic_task_mapping to 2022-03-04 00:00:00+00:00, run_after=2022-03-05 00:00:00+00:00
[2025-07-13T23:11:42.357+0300] {processor.py:183} INFO - Processing /home/wal/.pyenv/versions/3.12.0/lib/python3.12/site-packages/airflow/example_dags/example_dynamic_task_mapping.py took 0.119 seconds
[2025-07-13T23:12:41.959+0300] {processor.py:161} INFO - Started process (PID=5140) to work on /home/wal/.pyenv/versions/3.12.0/lib/python3.12/site-packages/airflow/example_dags/example_dynamic_task_mapping.py
[2025-07-13T23:12:41.962+0300] {processor.py:830} INFO - Processing file /home/wal/.pyenv/versions/3.12.0/lib/python3.12/site-packages/airflow/example_dags/example_dynamic_task_mapping.py for tasks to queue
[2025-07-13T23:12:41.967+0300] {logging_mixin.py:188} INFO - [2025-07-13T23:12:41.966+0300] {dagbag.py:545} INFO - Filling up the DagBag from /home/wal/.pyenv/versions/3.12.0/lib/python3.12/site-packages/airflow/example_dags/example_dynamic_task_mapping.py
[2025-07-13T23:12:41.986+0300] {processor.py:840} INFO - DAG(s) 'example_dynamic_task_mapping' retrieved from /home/wal/.pyenv/versions/3.12.0/lib/python3.12/site-packages/airflow/example_dags/example_dynamic_task_mapping.py
[2025-07-13T23:12:42.019+0300] {logging_mixin.py:188} INFO - [2025-07-13T23:12:42.019+0300] {dag.py:3096} INFO - Sync 1 DAGs
[2025-07-13T23:12:42.069+0300] {logging_mixin.py:188} INFO - [2025-07-13T23:12:42.068+0300] {dag.py:3954} INFO - Setting next_dagrun for example_dynamic_task_mapping to 2022-03-04 00:00:00+00:00, run_after=2022-03-05 00:00:00+00:00
[2025-07-13T23:12:42.155+0300] {processor.py:183} INFO - Processing /home/wal/.pyenv/versions/3.12.0/lib/python3.12/site-packages/airflow/example_dags/example_dynamic_task_mapping.py took 0.213 seconds
[2025-07-13T23:13:48.209+0300] {processor.py:161} INFO - Started process (PID=5202) to work on /home/wal/.pyenv/versions/3.12.0/lib/python3.12/site-packages/airflow/example_dags/example_dynamic_task_mapping.py
[2025-07-13T23:13:48.215+0300] {processor.py:830} INFO - Processing file /home/wal/.pyenv/versions/3.12.0/lib/python3.12/site-packages/airflow/example_dags/example_dynamic_task_mapping.py for tasks to queue
[2025-07-13T23:13:48.218+0300] {logging_mixin.py:188} INFO - [2025-07-13T23:13:48.217+0300] {dagbag.py:545} INFO - Filling up the DagBag from /home/wal/.pyenv/versions/3.12.0/lib/python3.12/site-packages/airflow/example_dags/example_dynamic_task_mapping.py
[2025-07-13T23:13:48.236+0300] {processor.py:840} INFO - DAG(s) 'example_dynamic_task_mapping' retrieved from /home/wal/.pyenv/versions/3.12.0/lib/python3.12/site-packages/airflow/example_dags/example_dynamic_task_mapping.py
[2025-07-13T23:13:48.275+0300] {logging_mixin.py:188} INFO - [2025-07-13T23:13:48.274+0300] {dag.py:3096} INFO - Sync 1 DAGs
[2025-07-13T23:13:48.326+0300] {logging_mixin.py:188} INFO - [2025-07-13T23:13:48.326+0300] {dag.py:3954} INFO - Setting next_dagrun for example_dynamic_task_mapping to 2022-03-04 00:00:00+00:00, run_after=2022-03-05 00:00:00+00:00
[2025-07-13T23:13:48.368+0300] {processor.py:183} INFO - Processing /home/wal/.pyenv/versions/3.12.0/lib/python3.12/site-packages/airflow/example_dags/example_dynamic_task_mapping.py took 0.178 seconds
[2025-07-13T23:14:44.687+0300] {processor.py:161} INFO - Started process (PID=5268) to work on /home/wal/.pyenv/versions/3.12.0/lib/python3.12/site-packages/airflow/example_dags/example_dynamic_task_mapping.py
[2025-07-13T23:14:44.689+0300] {processor.py:830} INFO - Processing file /home/wal/.pyenv/versions/3.12.0/lib/python3.12/site-packages/airflow/example_dags/example_dynamic_task_mapping.py for tasks to queue
[2025-07-13T23:14:44.691+0300] {logging_mixin.py:188} INFO - [2025-07-13T23:14:44.691+0300] {dagbag.py:545} INFO - Filling up the DagBag from /home/wal/.pyenv/versions/3.12.0/lib/python3.12/site-packages/airflow/example_dags/example_dynamic_task_mapping.py
[2025-07-13T23:14:44.702+0300] {processor.py:840} INFO - DAG(s) 'example_dynamic_task_mapping' retrieved from /home/wal/.pyenv/versions/3.12.0/lib/python3.12/site-packages/airflow/example_dags/example_dynamic_task_mapping.py
[2025-07-13T23:14:44.723+0300] {logging_mixin.py:188} INFO - [2025-07-13T23:14:44.722+0300] {dag.py:3096} INFO - Sync 1 DAGs
[2025-07-13T23:14:44.754+0300] {logging_mixin.py:188} INFO - [2025-07-13T23:14:44.754+0300] {dag.py:3954} INFO - Setting next_dagrun for example_dynamic_task_mapping to 2022-03-04 00:00:00+00:00, run_after=2022-03-05 00:00:00+00:00
[2025-07-13T23:14:44.788+0300] {processor.py:183} INFO - Processing /home/wal/.pyenv/versions/3.12.0/lib/python3.12/site-packages/airflow/example_dags/example_dynamic_task_mapping.py took 0.117 seconds
[2025-07-13T23:15:38.027+0300] {processor.py:161} INFO - Started process (PID=5321) to work on /home/wal/.pyenv/versions/3.12.0/lib/python3.12/site-packages/airflow/example_dags/example_dynamic_task_mapping.py
[2025-07-13T23:15:38.033+0300] {processor.py:830} INFO - Processing file /home/wal/.pyenv/versions/3.12.0/lib/python3.12/site-packages/airflow/example_dags/example_dynamic_task_mapping.py for tasks to queue
[2025-07-13T23:15:38.036+0300] {logging_mixin.py:188} INFO - [2025-07-13T23:15:38.035+0300] {dagbag.py:545} INFO - Filling up the DagBag from /home/wal/.pyenv/versions/3.12.0/lib/python3.12/site-packages/airflow/example_dags/example_dynamic_task_mapping.py
[2025-07-13T23:15:38.043+0300] {processor.py:840} INFO - DAG(s) 'example_dynamic_task_mapping' retrieved from /home/wal/.pyenv/versions/3.12.0/lib/python3.12/site-packages/airflow/example_dags/example_dynamic_task_mapping.py
[2025-07-13T23:15:38.060+0300] {logging_mixin.py:188} INFO - [2025-07-13T23:15:38.060+0300] {dag.py:3096} INFO - Sync 1 DAGs
[2025-07-13T23:15:38.086+0300] {logging_mixin.py:188} INFO - [2025-07-13T23:15:38.086+0300] {dag.py:3954} INFO - Setting next_dagrun for example_dynamic_task_mapping to 2022-03-04 00:00:00+00:00, run_after=2022-03-05 00:00:00+00:00
[2025-07-13T23:15:38.109+0300] {processor.py:183} INFO - Processing /home/wal/.pyenv/versions/3.12.0/lib/python3.12/site-packages/airflow/example_dags/example_dynamic_task_mapping.py took 0.088 seconds
[2025-07-13T23:16:39.988+0300] {processor.py:161} INFO - Started process (PID=5373) to work on /home/wal/.pyenv/versions/3.12.0/lib/python3.12/site-packages/airflow/example_dags/example_dynamic_task_mapping.py
[2025-07-13T23:16:39.989+0300] {processor.py:830} INFO - Processing file /home/wal/.pyenv/versions/3.12.0/lib/python3.12/site-packages/airflow/example_dags/example_dynamic_task_mapping.py for tasks to queue
[2025-07-13T23:16:39.991+0300] {logging_mixin.py:188} INFO - [2025-07-13T23:16:39.991+0300] {dagbag.py:545} INFO - Filling up the DagBag from /home/wal/.pyenv/versions/3.12.0/lib/python3.12/site-packages/airflow/example_dags/example_dynamic_task_mapping.py
[2025-07-13T23:16:40.001+0300] {processor.py:840} INFO - DAG(s) 'example_dynamic_task_mapping' retrieved from /home/wal/.pyenv/versions/3.12.0/lib/python3.12/site-packages/airflow/example_dags/example_dynamic_task_mapping.py
[2025-07-13T23:16:40.022+0300] {logging_mixin.py:188} INFO - [2025-07-13T23:16:40.021+0300] {dag.py:3096} INFO - Sync 1 DAGs
[2025-07-13T23:16:40.048+0300] {logging_mixin.py:188} INFO - [2025-07-13T23:16:40.048+0300] {dag.py:3954} INFO - Setting next_dagrun for example_dynamic_task_mapping to 2022-03-04 00:00:00+00:00, run_after=2022-03-05 00:00:00+00:00
[2025-07-13T23:16:40.075+0300] {processor.py:183} INFO - Processing /home/wal/.pyenv/versions/3.12.0/lib/python3.12/site-packages/airflow/example_dags/example_dynamic_task_mapping.py took 0.098 seconds
[2025-07-13T23:17:54.942+0300] {processor.py:161} INFO - Started process (PID=5434) to work on /home/wal/.pyenv/versions/3.12.0/lib/python3.12/site-packages/airflow/example_dags/example_dynamic_task_mapping.py
[2025-07-13T23:17:54.943+0300] {processor.py:830} INFO - Processing file /home/wal/.pyenv/versions/3.12.0/lib/python3.12/site-packages/airflow/example_dags/example_dynamic_task_mapping.py for tasks to queue
[2025-07-13T23:17:54.947+0300] {logging_mixin.py:188} INFO - [2025-07-13T23:17:54.946+0300] {dagbag.py:545} INFO - Filling up the DagBag from /home/wal/.pyenv/versions/3.12.0/lib/python3.12/site-packages/airflow/example_dags/example_dynamic_task_mapping.py
[2025-07-13T23:17:54.956+0300] {processor.py:840} INFO - DAG(s) 'example_dynamic_task_mapping' retrieved from /home/wal/.pyenv/versions/3.12.0/lib/python3.12/site-packages/airflow/example_dags/example_dynamic_task_mapping.py
[2025-07-13T23:17:54.980+0300] {logging_mixin.py:188} INFO - [2025-07-13T23:17:54.979+0300] {dag.py:3096} INFO - Sync 1 DAGs
[2025-07-13T23:17:55.014+0300] {logging_mixin.py:188} INFO - [2025-07-13T23:17:55.013+0300] {dag.py:3954} INFO - Setting next_dagrun for example_dynamic_task_mapping to 2022-03-04 00:00:00+00:00, run_after=2022-03-05 00:00:00+00:00
[2025-07-13T23:17:55.044+0300] {processor.py:183} INFO - Processing /home/wal/.pyenv/versions/3.12.0/lib/python3.12/site-packages/airflow/example_dags/example_dynamic_task_mapping.py took 0.111 seconds
[2025-07-13T23:19:01.246+0300] {processor.py:161} INFO - Started process (PID=5490) to work on /home/wal/.pyenv/versions/3.12.0/lib/python3.12/site-packages/airflow/example_dags/example_dynamic_task_mapping.py
[2025-07-13T23:19:01.249+0300] {processor.py:830} INFO - Processing file /home/wal/.pyenv/versions/3.12.0/lib/python3.12/site-packages/airflow/example_dags/example_dynamic_task_mapping.py for tasks to queue
[2025-07-13T23:19:01.253+0300] {logging_mixin.py:188} INFO - [2025-07-13T23:19:01.252+0300] {dagbag.py:545} INFO - Filling up the DagBag from /home/wal/.pyenv/versions/3.12.0/lib/python3.12/site-packages/airflow/example_dags/example_dynamic_task_mapping.py
[2025-07-13T23:19:01.267+0300] {processor.py:840} INFO - DAG(s) 'example_dynamic_task_mapping' retrieved from /home/wal/.pyenv/versions/3.12.0/lib/python3.12/site-packages/airflow/example_dags/example_dynamic_task_mapping.py
[2025-07-13T23:19:01.310+0300] {logging_mixin.py:188} INFO - [2025-07-13T23:19:01.310+0300] {dag.py:3096} INFO - Sync 1 DAGs
[2025-07-13T23:19:01.358+0300] {logging_mixin.py:188} INFO - [2025-07-13T23:19:01.357+0300] {dag.py:3954} INFO - Setting next_dagrun for example_dynamic_task_mapping to 2022-03-04 00:00:00+00:00, run_after=2022-03-05 00:00:00+00:00
[2025-07-13T23:19:01.398+0300] {processor.py:183} INFO - Processing /home/wal/.pyenv/versions/3.12.0/lib/python3.12/site-packages/airflow/example_dags/example_dynamic_task_mapping.py took 0.164 seconds
[2025-07-13T23:20:04.400+0300] {processor.py:161} INFO - Started process (PID=5545) to work on /home/wal/.pyenv/versions/3.12.0/lib/python3.12/site-packages/airflow/example_dags/example_dynamic_task_mapping.py
[2025-07-13T23:20:04.403+0300] {processor.py:830} INFO - Processing file /home/wal/.pyenv/versions/3.12.0/lib/python3.12/site-packages/airflow/example_dags/example_dynamic_task_mapping.py for tasks to queue
[2025-07-13T23:20:04.405+0300] {logging_mixin.py:188} INFO - [2025-07-13T23:20:04.405+0300] {dagbag.py:545} INFO - Filling up the DagBag from /home/wal/.pyenv/versions/3.12.0/lib/python3.12/site-packages/airflow/example_dags/example_dynamic_task_mapping.py
[2025-07-13T23:20:04.418+0300] {processor.py:840} INFO - DAG(s) 'example_dynamic_task_mapping' retrieved from /home/wal/.pyenv/versions/3.12.0/lib/python3.12/site-packages/airflow/example_dags/example_dynamic_task_mapping.py
[2025-07-13T23:20:04.448+0300] {logging_mixin.py:188} INFO - [2025-07-13T23:20:04.447+0300] {dag.py:3096} INFO - Sync 1 DAGs
[2025-07-13T23:20:04.500+0300] {logging_mixin.py:188} INFO - [2025-07-13T23:20:04.498+0300] {dag.py:3954} INFO - Setting next_dagrun for example_dynamic_task_mapping to 2022-03-04 00:00:00+00:00, run_after=2022-03-05 00:00:00+00:00
[2025-07-13T23:20:04.547+0300] {processor.py:183} INFO - Processing /home/wal/.pyenv/versions/3.12.0/lib/python3.12/site-packages/airflow/example_dags/example_dynamic_task_mapping.py took 0.159 seconds
[2025-07-13T23:21:07.266+0300] {processor.py:161} INFO - Started process (PID=5599) to work on /home/wal/.pyenv/versions/3.12.0/lib/python3.12/site-packages/airflow/example_dags/example_dynamic_task_mapping.py
[2025-07-13T23:21:07.268+0300] {processor.py:830} INFO - Processing file /home/wal/.pyenv/versions/3.12.0/lib/python3.12/site-packages/airflow/example_dags/example_dynamic_task_mapping.py for tasks to queue
[2025-07-13T23:21:07.272+0300] {logging_mixin.py:188} INFO - [2025-07-13T23:21:07.271+0300] {dagbag.py:545} INFO - Filling up the DagBag from /home/wal/.pyenv/versions/3.12.0/lib/python3.12/site-packages/airflow/example_dags/example_dynamic_task_mapping.py
[2025-07-13T23:21:07.289+0300] {processor.py:840} INFO - DAG(s) 'example_dynamic_task_mapping' retrieved from /home/wal/.pyenv/versions/3.12.0/lib/python3.12/site-packages/airflow/example_dags/example_dynamic_task_mapping.py
[2025-07-13T23:21:07.333+0300] {logging_mixin.py:188} INFO - [2025-07-13T23:21:07.333+0300] {dag.py:3096} INFO - Sync 1 DAGs
[2025-07-13T23:21:07.392+0300] {logging_mixin.py:188} INFO - [2025-07-13T23:21:07.391+0300] {dag.py:3954} INFO - Setting next_dagrun for example_dynamic_task_mapping to 2022-03-04 00:00:00+00:00, run_after=2022-03-05 00:00:00+00:00
[2025-07-13T23:21:07.439+0300] {processor.py:183} INFO - Processing /home/wal/.pyenv/versions/3.12.0/lib/python3.12/site-packages/airflow/example_dags/example_dynamic_task_mapping.py took 0.191 seconds
[2025-07-13T23:22:14.884+0300] {processor.py:161} INFO - Started process (PID=5654) to work on /home/wal/.pyenv/versions/3.12.0/lib/python3.12/site-packages/airflow/example_dags/example_dynamic_task_mapping.py
[2025-07-13T23:22:14.886+0300] {processor.py:830} INFO - Processing file /home/wal/.pyenv/versions/3.12.0/lib/python3.12/site-packages/airflow/example_dags/example_dynamic_task_mapping.py for tasks to queue
[2025-07-13T23:22:14.891+0300] {logging_mixin.py:188} INFO - [2025-07-13T23:22:14.890+0300] {dagbag.py:545} INFO - Filling up the DagBag from /home/wal/.pyenv/versions/3.12.0/lib/python3.12/site-packages/airflow/example_dags/example_dynamic_task_mapping.py
[2025-07-13T23:22:14.909+0300] {processor.py:840} INFO - DAG(s) 'example_dynamic_task_mapping' retrieved from /home/wal/.pyenv/versions/3.12.0/lib/python3.12/site-packages/airflow/example_dags/example_dynamic_task_mapping.py
[2025-07-13T23:22:14.942+0300] {logging_mixin.py:188} INFO - [2025-07-13T23:22:14.942+0300] {dag.py:3096} INFO - Sync 1 DAGs
[2025-07-13T23:22:15.046+0300] {logging_mixin.py:188} INFO - [2025-07-13T23:22:15.045+0300] {dag.py:3954} INFO - Setting next_dagrun for example_dynamic_task_mapping to 2022-03-04 00:00:00+00:00, run_after=2022-03-05 00:00:00+00:00
[2025-07-13T23:22:15.192+0300] {processor.py:183} INFO - Processing /home/wal/.pyenv/versions/3.12.0/lib/python3.12/site-packages/airflow/example_dags/example_dynamic_task_mapping.py took 0.323 seconds
[2025-07-13T23:23:29.555+0300] {processor.py:161} INFO - Started process (PID=5713) to work on /home/wal/.pyenv/versions/3.12.0/lib/python3.12/site-packages/airflow/example_dags/example_dynamic_task_mapping.py
[2025-07-13T23:23:29.561+0300] {processor.py:830} INFO - Processing file /home/wal/.pyenv/versions/3.12.0/lib/python3.12/site-packages/airflow/example_dags/example_dynamic_task_mapping.py for tasks to queue
[2025-07-13T23:23:29.567+0300] {logging_mixin.py:188} INFO - [2025-07-13T23:23:29.565+0300] {dagbag.py:545} INFO - Filling up the DagBag from /home/wal/.pyenv/versions/3.12.0/lib/python3.12/site-packages/airflow/example_dags/example_dynamic_task_mapping.py
[2025-07-13T23:23:29.584+0300] {processor.py:840} INFO - DAG(s) 'example_dynamic_task_mapping' retrieved from /home/wal/.pyenv/versions/3.12.0/lib/python3.12/site-packages/airflow/example_dags/example_dynamic_task_mapping.py
[2025-07-13T23:23:29.621+0300] {logging_mixin.py:188} INFO - [2025-07-13T23:23:29.621+0300] {dag.py:3096} INFO - Sync 1 DAGs
[2025-07-13T23:23:29.670+0300] {logging_mixin.py:188} INFO - [2025-07-13T23:23:29.669+0300] {dag.py:3954} INFO - Setting next_dagrun for example_dynamic_task_mapping to 2022-03-04 00:00:00+00:00, run_after=2022-03-05 00:00:00+00:00
[2025-07-13T23:23:29.720+0300] {processor.py:183} INFO - Processing /home/wal/.pyenv/versions/3.12.0/lib/python3.12/site-packages/airflow/example_dags/example_dynamic_task_mapping.py took 0.179 seconds
[2025-07-13T23:25:12.693+0300] {processor.py:161} INFO - Started process (PID=5781) to work on /home/wal/.pyenv/versions/3.12.0/lib/python3.12/site-packages/airflow/example_dags/example_dynamic_task_mapping.py
[2025-07-13T23:25:12.698+0300] {processor.py:830} INFO - Processing file /home/wal/.pyenv/versions/3.12.0/lib/python3.12/site-packages/airflow/example_dags/example_dynamic_task_mapping.py for tasks to queue
[2025-07-13T23:25:12.724+0300] {logging_mixin.py:188} INFO - [2025-07-13T23:25:12.713+0300] {dagbag.py:545} INFO - Filling up the DagBag from /home/wal/.pyenv/versions/3.12.0/lib/python3.12/site-packages/airflow/example_dags/example_dynamic_task_mapping.py
[2025-07-13T23:25:12.808+0300] {processor.py:840} INFO - DAG(s) 'example_dynamic_task_mapping' retrieved from /home/wal/.pyenv/versions/3.12.0/lib/python3.12/site-packages/airflow/example_dags/example_dynamic_task_mapping.py
[2025-07-13T23:25:12.994+0300] {logging_mixin.py:188} INFO - [2025-07-13T23:25:12.993+0300] {dag.py:3096} INFO - Sync 1 DAGs
[2025-07-13T23:25:13.260+0300] {logging_mixin.py:188} INFO - [2025-07-13T23:25:13.259+0300] {dag.py:3954} INFO - Setting next_dagrun for example_dynamic_task_mapping to 2022-03-04 00:00:00+00:00, run_after=2022-03-05 00:00:00+00:00
[2025-07-13T23:25:13.443+0300] {processor.py:183} INFO - Processing /home/wal/.pyenv/versions/3.12.0/lib/python3.12/site-packages/airflow/example_dags/example_dynamic_task_mapping.py took 0.817 seconds
[2025-07-13T23:26:47.286+0300] {processor.py:161} INFO - Started process (PID=5848) to work on /home/wal/.pyenv/versions/3.12.0/lib/python3.12/site-packages/airflow/example_dags/example_dynamic_task_mapping.py
[2025-07-13T23:26:47.293+0300] {processor.py:830} INFO - Processing file /home/wal/.pyenv/versions/3.12.0/lib/python3.12/site-packages/airflow/example_dags/example_dynamic_task_mapping.py for tasks to queue
[2025-07-13T23:26:47.308+0300] {logging_mixin.py:188} INFO - [2025-07-13T23:26:47.302+0300] {dagbag.py:545} INFO - Filling up the DagBag from /home/wal/.pyenv/versions/3.12.0/lib/python3.12/site-packages/airflow/example_dags/example_dynamic_task_mapping.py
[2025-07-13T23:26:47.331+0300] {processor.py:840} INFO - DAG(s) 'example_dynamic_task_mapping' retrieved from /home/wal/.pyenv/versions/3.12.0/lib/python3.12/site-packages/airflow/example_dags/example_dynamic_task_mapping.py
[2025-07-13T23:26:47.359+0300] {logging_mixin.py:188} INFO - [2025-07-13T23:26:47.358+0300] {dag.py:3096} INFO - Sync 1 DAGs
[2025-07-13T23:26:47.392+0300] {logging_mixin.py:188} INFO - [2025-07-13T23:26:47.392+0300] {dag.py:3954} INFO - Setting next_dagrun for example_dynamic_task_mapping to 2022-03-04 00:00:00+00:00, run_after=2022-03-05 00:00:00+00:00
[2025-07-13T23:26:47.424+0300] {processor.py:183} INFO - Processing /home/wal/.pyenv/versions/3.12.0/lib/python3.12/site-packages/airflow/example_dags/example_dynamic_task_mapping.py took 0.150 seconds
[2025-07-13T23:27:57.097+0300] {processor.py:161} INFO - Started process (PID=5904) to work on /home/wal/.pyenv/versions/3.12.0/lib/python3.12/site-packages/airflow/example_dags/example_dynamic_task_mapping.py
[2025-07-13T23:27:57.107+0300] {processor.py:830} INFO - Processing file /home/wal/.pyenv/versions/3.12.0/lib/python3.12/site-packages/airflow/example_dags/example_dynamic_task_mapping.py for tasks to queue
[2025-07-13T23:27:57.111+0300] {logging_mixin.py:188} INFO - [2025-07-13T23:27:57.110+0300] {dagbag.py:545} INFO - Filling up the DagBag from /home/wal/.pyenv/versions/3.12.0/lib/python3.12/site-packages/airflow/example_dags/example_dynamic_task_mapping.py
[2025-07-13T23:27:57.141+0300] {processor.py:840} INFO - DAG(s) 'example_dynamic_task_mapping' retrieved from /home/wal/.pyenv/versions/3.12.0/lib/python3.12/site-packages/airflow/example_dags/example_dynamic_task_mapping.py
[2025-07-13T23:27:57.172+0300] {logging_mixin.py:188} INFO - [2025-07-13T23:27:57.172+0300] {dag.py:3096} INFO - Sync 1 DAGs
[2025-07-13T23:27:57.428+0300] {logging_mixin.py:188} INFO - [2025-07-13T23:27:57.427+0300] {dag.py:3954} INFO - Setting next_dagrun for example_dynamic_task_mapping to 2022-03-04 00:00:00+00:00, run_after=2022-03-05 00:00:00+00:00
[2025-07-13T23:27:57.467+0300] {processor.py:183} INFO - Processing /home/wal/.pyenv/versions/3.12.0/lib/python3.12/site-packages/airflow/example_dags/example_dynamic_task_mapping.py took 0.392 seconds
[2025-07-13T23:29:07.849+0300] {processor.py:161} INFO - Started process (PID=5962) to work on /home/wal/.pyenv/versions/3.12.0/lib/python3.12/site-packages/airflow/example_dags/example_dynamic_task_mapping.py
[2025-07-13T23:29:07.855+0300] {processor.py:830} INFO - Processing file /home/wal/.pyenv/versions/3.12.0/lib/python3.12/site-packages/airflow/example_dags/example_dynamic_task_mapping.py for tasks to queue
[2025-07-13T23:29:07.861+0300] {logging_mixin.py:188} INFO - [2025-07-13T23:29:07.860+0300] {dagbag.py:545} INFO - Filling up the DagBag from /home/wal/.pyenv/versions/3.12.0/lib/python3.12/site-packages/airflow/example_dags/example_dynamic_task_mapping.py
[2025-07-13T23:29:07.875+0300] {processor.py:840} INFO - DAG(s) 'example_dynamic_task_mapping' retrieved from /home/wal/.pyenv/versions/3.12.0/lib/python3.12/site-packages/airflow/example_dags/example_dynamic_task_mapping.py
[2025-07-13T23:29:07.899+0300] {logging_mixin.py:188} INFO - [2025-07-13T23:29:07.899+0300] {dag.py:3096} INFO - Sync 1 DAGs
[2025-07-13T23:29:07.941+0300] {logging_mixin.py:188} INFO - [2025-07-13T23:29:07.939+0300] {dag.py:3954} INFO - Setting next_dagrun for example_dynamic_task_mapping to 2022-03-04 00:00:00+00:00, run_after=2022-03-05 00:00:00+00:00
[2025-07-13T23:29:07.981+0300] {processor.py:183} INFO - Processing /home/wal/.pyenv/versions/3.12.0/lib/python3.12/site-packages/airflow/example_dags/example_dynamic_task_mapping.py took 0.144 seconds
[2025-07-13T23:30:09.119+0300] {processor.py:161} INFO - Started process (PID=6015) to work on /home/wal/.pyenv/versions/3.12.0/lib/python3.12/site-packages/airflow/example_dags/example_dynamic_task_mapping.py
[2025-07-13T23:30:09.121+0300] {processor.py:830} INFO - Processing file /home/wal/.pyenv/versions/3.12.0/lib/python3.12/site-packages/airflow/example_dags/example_dynamic_task_mapping.py for tasks to queue
[2025-07-13T23:30:09.123+0300] {logging_mixin.py:188} INFO - [2025-07-13T23:30:09.122+0300] {dagbag.py:545} INFO - Filling up the DagBag from /home/wal/.pyenv/versions/3.12.0/lib/python3.12/site-packages/airflow/example_dags/example_dynamic_task_mapping.py
[2025-07-13T23:30:09.137+0300] {processor.py:840} INFO - DAG(s) 'example_dynamic_task_mapping' retrieved from /home/wal/.pyenv/versions/3.12.0/lib/python3.12/site-packages/airflow/example_dags/example_dynamic_task_mapping.py
[2025-07-13T23:30:09.161+0300] {logging_mixin.py:188} INFO - [2025-07-13T23:30:09.160+0300] {dag.py:3096} INFO - Sync 1 DAGs
[2025-07-13T23:30:09.200+0300] {logging_mixin.py:188} INFO - [2025-07-13T23:30:09.199+0300] {dag.py:3954} INFO - Setting next_dagrun for example_dynamic_task_mapping to 2022-03-04 00:00:00+00:00, run_after=2022-03-05 00:00:00+00:00
[2025-07-13T23:30:09.244+0300] {processor.py:183} INFO - Processing /home/wal/.pyenv/versions/3.12.0/lib/python3.12/site-packages/airflow/example_dags/example_dynamic_task_mapping.py took 0.137 seconds
[2025-07-13T23:31:09.795+0300] {processor.py:161} INFO - Started process (PID=6068) to work on /home/wal/.pyenv/versions/3.12.0/lib/python3.12/site-packages/airflow/example_dags/example_dynamic_task_mapping.py
[2025-07-13T23:31:09.801+0300] {processor.py:830} INFO - Processing file /home/wal/.pyenv/versions/3.12.0/lib/python3.12/site-packages/airflow/example_dags/example_dynamic_task_mapping.py for tasks to queue
[2025-07-13T23:31:09.803+0300] {logging_mixin.py:188} INFO - [2025-07-13T23:31:09.803+0300] {dagbag.py:545} INFO - Filling up the DagBag from /home/wal/.pyenv/versions/3.12.0/lib/python3.12/site-packages/airflow/example_dags/example_dynamic_task_mapping.py
[2025-07-13T23:31:09.815+0300] {processor.py:840} INFO - DAG(s) 'example_dynamic_task_mapping' retrieved from /home/wal/.pyenv/versions/3.12.0/lib/python3.12/site-packages/airflow/example_dags/example_dynamic_task_mapping.py
[2025-07-13T23:31:09.837+0300] {logging_mixin.py:188} INFO - [2025-07-13T23:31:09.837+0300] {dag.py:3096} INFO - Sync 1 DAGs
[2025-07-13T23:31:09.870+0300] {logging_mixin.py:188} INFO - [2025-07-13T23:31:09.869+0300] {dag.py:3954} INFO - Setting next_dagrun for example_dynamic_task_mapping to 2022-03-04 00:00:00+00:00, run_after=2022-03-05 00:00:00+00:00
[2025-07-13T23:31:09.915+0300] {processor.py:183} INFO - Processing /home/wal/.pyenv/versions/3.12.0/lib/python3.12/site-packages/airflow/example_dags/example_dynamic_task_mapping.py took 0.133 seconds
[2025-07-13T23:32:08.243+0300] {processor.py:161} INFO - Started process (PID=6120) to work on /home/wal/.pyenv/versions/3.12.0/lib/python3.12/site-packages/airflow/example_dags/example_dynamic_task_mapping.py
[2025-07-13T23:32:08.245+0300] {processor.py:830} INFO - Processing file /home/wal/.pyenv/versions/3.12.0/lib/python3.12/site-packages/airflow/example_dags/example_dynamic_task_mapping.py for tasks to queue
[2025-07-13T23:32:08.247+0300] {logging_mixin.py:188} INFO - [2025-07-13T23:32:08.247+0300] {dagbag.py:545} INFO - Filling up the DagBag from /home/wal/.pyenv/versions/3.12.0/lib/python3.12/site-packages/airflow/example_dags/example_dynamic_task_mapping.py
[2025-07-13T23:32:08.260+0300] {processor.py:840} INFO - DAG(s) 'example_dynamic_task_mapping' retrieved from /home/wal/.pyenv/versions/3.12.0/lib/python3.12/site-packages/airflow/example_dags/example_dynamic_task_mapping.py
[2025-07-13T23:32:08.284+0300] {logging_mixin.py:188} INFO - [2025-07-13T23:32:08.283+0300] {dag.py:3096} INFO - Sync 1 DAGs
[2025-07-13T23:32:08.324+0300] {logging_mixin.py:188} INFO - [2025-07-13T23:32:08.323+0300] {dag.py:3954} INFO - Setting next_dagrun for example_dynamic_task_mapping to 2022-03-04 00:00:00+00:00, run_after=2022-03-05 00:00:00+00:00
[2025-07-13T23:32:08.361+0300] {processor.py:183} INFO - Processing /home/wal/.pyenv/versions/3.12.0/lib/python3.12/site-packages/airflow/example_dags/example_dynamic_task_mapping.py took 0.130 seconds
[2025-07-13T23:33:11.627+0300] {processor.py:161} INFO - Started process (PID=6174) to work on /home/wal/.pyenv/versions/3.12.0/lib/python3.12/site-packages/airflow/example_dags/example_dynamic_task_mapping.py
[2025-07-13T23:33:11.629+0300] {processor.py:830} INFO - Processing file /home/wal/.pyenv/versions/3.12.0/lib/python3.12/site-packages/airflow/example_dags/example_dynamic_task_mapping.py for tasks to queue
[2025-07-13T23:33:11.636+0300] {logging_mixin.py:188} INFO - [2025-07-13T23:33:11.634+0300] {dagbag.py:545} INFO - Filling up the DagBag from /home/wal/.pyenv/versions/3.12.0/lib/python3.12/site-packages/airflow/example_dags/example_dynamic_task_mapping.py
[2025-07-13T23:33:11.651+0300] {processor.py:840} INFO - DAG(s) 'example_dynamic_task_mapping' retrieved from /home/wal/.pyenv/versions/3.12.0/lib/python3.12/site-packages/airflow/example_dags/example_dynamic_task_mapping.py
[2025-07-13T23:33:11.682+0300] {logging_mixin.py:188} INFO - [2025-07-13T23:33:11.680+0300] {dag.py:3096} INFO - Sync 1 DAGs
[2025-07-13T23:33:11.721+0300] {logging_mixin.py:188} INFO - [2025-07-13T23:33:11.720+0300] {dag.py:3954} INFO - Setting next_dagrun for example_dynamic_task_mapping to 2022-03-04 00:00:00+00:00, run_after=2022-03-05 00:00:00+00:00
[2025-07-13T23:33:11.755+0300] {processor.py:183} INFO - Processing /home/wal/.pyenv/versions/3.12.0/lib/python3.12/site-packages/airflow/example_dags/example_dynamic_task_mapping.py took 0.138 seconds
[2025-07-13T23:34:14.573+0300] {processor.py:161} INFO - Started process (PID=6228) to work on /home/wal/.pyenv/versions/3.12.0/lib/python3.12/site-packages/airflow/example_dags/example_dynamic_task_mapping.py
[2025-07-13T23:34:14.580+0300] {processor.py:830} INFO - Processing file /home/wal/.pyenv/versions/3.12.0/lib/python3.12/site-packages/airflow/example_dags/example_dynamic_task_mapping.py for tasks to queue
[2025-07-13T23:34:14.587+0300] {logging_mixin.py:188} INFO - [2025-07-13T23:34:14.585+0300] {dagbag.py:545} INFO - Filling up the DagBag from /home/wal/.pyenv/versions/3.12.0/lib/python3.12/site-packages/airflow/example_dags/example_dynamic_task_mapping.py
[2025-07-13T23:34:14.604+0300] {processor.py:840} INFO - DAG(s) 'example_dynamic_task_mapping' retrieved from /home/wal/.pyenv/versions/3.12.0/lib/python3.12/site-packages/airflow/example_dags/example_dynamic_task_mapping.py
[2025-07-13T23:34:14.643+0300] {logging_mixin.py:188} INFO - [2025-07-13T23:34:14.643+0300] {dag.py:3096} INFO - Sync 1 DAGs
[2025-07-13T23:34:14.725+0300] {logging_mixin.py:188} INFO - [2025-07-13T23:34:14.724+0300] {dag.py:3954} INFO - Setting next_dagrun for example_dynamic_task_mapping to 2022-03-04 00:00:00+00:00, run_after=2022-03-05 00:00:00+00:00
[2025-07-13T23:34:14.801+0300] {processor.py:183} INFO - Processing /home/wal/.pyenv/versions/3.12.0/lib/python3.12/site-packages/airflow/example_dags/example_dynamic_task_mapping.py took 0.256 seconds
[2025-07-13T23:35:35.942+0300] {processor.py:161} INFO - Started process (PID=6294) to work on /home/wal/.pyenv/versions/3.12.0/lib/python3.12/site-packages/airflow/example_dags/example_dynamic_task_mapping.py
[2025-07-13T23:35:35.949+0300] {processor.py:830} INFO - Processing file /home/wal/.pyenv/versions/3.12.0/lib/python3.12/site-packages/airflow/example_dags/example_dynamic_task_mapping.py for tasks to queue
[2025-07-13T23:35:35.952+0300] {logging_mixin.py:188} INFO - [2025-07-13T23:35:35.951+0300] {dagbag.py:545} INFO - Filling up the DagBag from /home/wal/.pyenv/versions/3.12.0/lib/python3.12/site-packages/airflow/example_dags/example_dynamic_task_mapping.py
[2025-07-13T23:35:35.963+0300] {processor.py:840} INFO - DAG(s) 'example_dynamic_task_mapping' retrieved from /home/wal/.pyenv/versions/3.12.0/lib/python3.12/site-packages/airflow/example_dags/example_dynamic_task_mapping.py
[2025-07-13T23:35:35.991+0300] {logging_mixin.py:188} INFO - [2025-07-13T23:35:35.991+0300] {dag.py:3096} INFO - Sync 1 DAGs
[2025-07-13T23:35:36.026+0300] {logging_mixin.py:188} INFO - [2025-07-13T23:35:36.026+0300] {dag.py:3954} INFO - Setting next_dagrun for example_dynamic_task_mapping to 2022-03-04 00:00:00+00:00, run_after=2022-03-05 00:00:00+00:00
[2025-07-13T23:35:36.066+0300] {processor.py:183} INFO - Processing /home/wal/.pyenv/versions/3.12.0/lib/python3.12/site-packages/airflow/example_dags/example_dynamic_task_mapping.py took 0.137 seconds
[2025-07-13T23:36:36.613+0300] {processor.py:161} INFO - Started process (PID=6348) to work on /home/wal/.pyenv/versions/3.12.0/lib/python3.12/site-packages/airflow/example_dags/example_dynamic_task_mapping.py
[2025-07-13T23:36:36.620+0300] {processor.py:830} INFO - Processing file /home/wal/.pyenv/versions/3.12.0/lib/python3.12/site-packages/airflow/example_dags/example_dynamic_task_mapping.py for tasks to queue
[2025-07-13T23:36:36.623+0300] {logging_mixin.py:188} INFO - [2025-07-13T23:36:36.623+0300] {dagbag.py:545} INFO - Filling up the DagBag from /home/wal/.pyenv/versions/3.12.0/lib/python3.12/site-packages/airflow/example_dags/example_dynamic_task_mapping.py
[2025-07-13T23:36:36.639+0300] {processor.py:840} INFO - DAG(s) 'example_dynamic_task_mapping' retrieved from /home/wal/.pyenv/versions/3.12.0/lib/python3.12/site-packages/airflow/example_dags/example_dynamic_task_mapping.py
[2025-07-13T23:36:36.664+0300] {logging_mixin.py:188} INFO - [2025-07-13T23:36:36.664+0300] {dag.py:3096} INFO - Sync 1 DAGs
[2025-07-13T23:36:36.699+0300] {logging_mixin.py:188} INFO - [2025-07-13T23:36:36.698+0300] {dag.py:3954} INFO - Setting next_dagrun for example_dynamic_task_mapping to 2022-03-04 00:00:00+00:00, run_after=2022-03-05 00:00:00+00:00
[2025-07-13T23:36:36.737+0300] {processor.py:183} INFO - Processing /home/wal/.pyenv/versions/3.12.0/lib/python3.12/site-packages/airflow/example_dags/example_dynamic_task_mapping.py took 0.149 seconds
[2025-07-13T23:37:33.687+0300] {processor.py:161} INFO - Started process (PID=6399) to work on /home/wal/.pyenv/versions/3.12.0/lib/python3.12/site-packages/airflow/example_dags/example_dynamic_task_mapping.py
[2025-07-13T23:37:33.694+0300] {processor.py:830} INFO - Processing file /home/wal/.pyenv/versions/3.12.0/lib/python3.12/site-packages/airflow/example_dags/example_dynamic_task_mapping.py for tasks to queue
[2025-07-13T23:37:33.698+0300] {logging_mixin.py:188} INFO - [2025-07-13T23:37:33.697+0300] {dagbag.py:545} INFO - Filling up the DagBag from /home/wal/.pyenv/versions/3.12.0/lib/python3.12/site-packages/airflow/example_dags/example_dynamic_task_mapping.py
[2025-07-13T23:37:33.714+0300] {processor.py:840} INFO - DAG(s) 'example_dynamic_task_mapping' retrieved from /home/wal/.pyenv/versions/3.12.0/lib/python3.12/site-packages/airflow/example_dags/example_dynamic_task_mapping.py
[2025-07-13T23:37:33.744+0300] {logging_mixin.py:188} INFO - [2025-07-13T23:37:33.744+0300] {dag.py:3096} INFO - Sync 1 DAGs
[2025-07-13T23:37:33.779+0300] {logging_mixin.py:188} INFO - [2025-07-13T23:37:33.779+0300] {dag.py:3954} INFO - Setting next_dagrun for example_dynamic_task_mapping to 2022-03-04 00:00:00+00:00, run_after=2022-03-05 00:00:00+00:00
[2025-07-13T23:37:33.811+0300] {processor.py:183} INFO - Processing /home/wal/.pyenv/versions/3.12.0/lib/python3.12/site-packages/airflow/example_dags/example_dynamic_task_mapping.py took 0.139 seconds
[2025-07-13T23:38:35.230+0300] {processor.py:161} INFO - Started process (PID=6451) to work on /home/wal/.pyenv/versions/3.12.0/lib/python3.12/site-packages/airflow/example_dags/example_dynamic_task_mapping.py
[2025-07-13T23:38:35.232+0300] {processor.py:830} INFO - Processing file /home/wal/.pyenv/versions/3.12.0/lib/python3.12/site-packages/airflow/example_dags/example_dynamic_task_mapping.py for tasks to queue
[2025-07-13T23:38:35.234+0300] {logging_mixin.py:188} INFO - [2025-07-13T23:38:35.234+0300] {dagbag.py:545} INFO - Filling up the DagBag from /home/wal/.pyenv/versions/3.12.0/lib/python3.12/site-packages/airflow/example_dags/example_dynamic_task_mapping.py
[2025-07-13T23:38:35.248+0300] {processor.py:840} INFO - DAG(s) 'example_dynamic_task_mapping' retrieved from /home/wal/.pyenv/versions/3.12.0/lib/python3.12/site-packages/airflow/example_dags/example_dynamic_task_mapping.py
[2025-07-13T23:38:35.270+0300] {logging_mixin.py:188} INFO - [2025-07-13T23:38:35.270+0300] {dag.py:3096} INFO - Sync 1 DAGs
[2025-07-13T23:38:35.302+0300] {logging_mixin.py:188} INFO - [2025-07-13T23:38:35.301+0300] {dag.py:3954} INFO - Setting next_dagrun for example_dynamic_task_mapping to 2022-03-04 00:00:00+00:00, run_after=2022-03-05 00:00:00+00:00
[2025-07-13T23:38:35.335+0300] {processor.py:183} INFO - Processing /home/wal/.pyenv/versions/3.12.0/lib/python3.12/site-packages/airflow/example_dags/example_dynamic_task_mapping.py took 0.117 seconds
[2025-07-13T23:39:32.777+0300] {processor.py:161} INFO - Started process (PID=6503) to work on /home/wal/.pyenv/versions/3.12.0/lib/python3.12/site-packages/airflow/example_dags/example_dynamic_task_mapping.py
[2025-07-13T23:39:32.784+0300] {processor.py:830} INFO - Processing file /home/wal/.pyenv/versions/3.12.0/lib/python3.12/site-packages/airflow/example_dags/example_dynamic_task_mapping.py for tasks to queue
[2025-07-13T23:39:32.789+0300] {logging_mixin.py:188} INFO - [2025-07-13T23:39:32.788+0300] {dagbag.py:545} INFO - Filling up the DagBag from /home/wal/.pyenv/versions/3.12.0/lib/python3.12/site-packages/airflow/example_dags/example_dynamic_task_mapping.py
[2025-07-13T23:39:32.802+0300] {processor.py:840} INFO - DAG(s) 'example_dynamic_task_mapping' retrieved from /home/wal/.pyenv/versions/3.12.0/lib/python3.12/site-packages/airflow/example_dags/example_dynamic_task_mapping.py
[2025-07-13T23:39:32.844+0300] {logging_mixin.py:188} INFO - [2025-07-13T23:39:32.844+0300] {dag.py:3096} INFO - Sync 1 DAGs
[2025-07-13T23:39:32.890+0300] {logging_mixin.py:188} INFO - [2025-07-13T23:39:32.889+0300] {dag.py:3954} INFO - Setting next_dagrun for example_dynamic_task_mapping to 2022-03-04 00:00:00+00:00, run_after=2022-03-05 00:00:00+00:00
[2025-07-13T23:39:32.944+0300] {processor.py:183} INFO - Processing /home/wal/.pyenv/versions/3.12.0/lib/python3.12/site-packages/airflow/example_dags/example_dynamic_task_mapping.py took 0.185 seconds
[2025-07-13T23:40:27.531+0300] {processor.py:161} INFO - Started process (PID=6553) to work on /home/wal/.pyenv/versions/3.12.0/lib/python3.12/site-packages/airflow/example_dags/example_dynamic_task_mapping.py
[2025-07-13T23:40:27.537+0300] {processor.py:830} INFO - Processing file /home/wal/.pyenv/versions/3.12.0/lib/python3.12/site-packages/airflow/example_dags/example_dynamic_task_mapping.py for tasks to queue
[2025-07-13T23:40:27.543+0300] {logging_mixin.py:188} INFO - [2025-07-13T23:40:27.542+0300] {dagbag.py:545} INFO - Filling up the DagBag from /home/wal/.pyenv/versions/3.12.0/lib/python3.12/site-packages/airflow/example_dags/example_dynamic_task_mapping.py
[2025-07-13T23:40:27.554+0300] {processor.py:840} INFO - DAG(s) 'example_dynamic_task_mapping' retrieved from /home/wal/.pyenv/versions/3.12.0/lib/python3.12/site-packages/airflow/example_dags/example_dynamic_task_mapping.py
[2025-07-13T23:40:27.575+0300] {logging_mixin.py:188} INFO - [2025-07-13T23:40:27.575+0300] {dag.py:3096} INFO - Sync 1 DAGs
[2025-07-13T23:40:27.604+0300] {logging_mixin.py:188} INFO - [2025-07-13T23:40:27.603+0300] {dag.py:3954} INFO - Setting next_dagrun for example_dynamic_task_mapping to 2022-03-04 00:00:00+00:00, run_after=2022-03-05 00:00:00+00:00
[2025-07-13T23:40:27.633+0300] {processor.py:183} INFO - Processing /home/wal/.pyenv/versions/3.12.0/lib/python3.12/site-packages/airflow/example_dags/example_dynamic_task_mapping.py took 0.125 seconds
[2025-07-13T23:41:19.065+0300] {processor.py:161} INFO - Started process (PID=6603) to work on /home/wal/.pyenv/versions/3.12.0/lib/python3.12/site-packages/airflow/example_dags/example_dynamic_task_mapping.py
[2025-07-13T23:41:19.067+0300] {processor.py:830} INFO - Processing file /home/wal/.pyenv/versions/3.12.0/lib/python3.12/site-packages/airflow/example_dags/example_dynamic_task_mapping.py for tasks to queue
[2025-07-13T23:41:19.069+0300] {logging_mixin.py:188} INFO - [2025-07-13T23:41:19.069+0300] {dagbag.py:545} INFO - Filling up the DagBag from /home/wal/.pyenv/versions/3.12.0/lib/python3.12/site-packages/airflow/example_dags/example_dynamic_task_mapping.py
[2025-07-13T23:41:19.081+0300] {processor.py:840} INFO - DAG(s) 'example_dynamic_task_mapping' retrieved from /home/wal/.pyenv/versions/3.12.0/lib/python3.12/site-packages/airflow/example_dags/example_dynamic_task_mapping.py
[2025-07-13T23:41:19.101+0300] {logging_mixin.py:188} INFO - [2025-07-13T23:41:19.100+0300] {dag.py:3096} INFO - Sync 1 DAGs
[2025-07-13T23:41:19.130+0300] {logging_mixin.py:188} INFO - [2025-07-13T23:41:19.130+0300] {dag.py:3954} INFO - Setting next_dagrun for example_dynamic_task_mapping to 2022-03-04 00:00:00+00:00, run_after=2022-03-05 00:00:00+00:00
[2025-07-13T23:41:19.163+0300] {processor.py:183} INFO - Processing /home/wal/.pyenv/versions/3.12.0/lib/python3.12/site-packages/airflow/example_dags/example_dynamic_task_mapping.py took 0.111 seconds
[2025-07-13T23:42:33.340+0300] {processor.py:161} INFO - Started process (PID=6673) to work on /home/wal/.pyenv/versions/3.12.0/lib/python3.12/site-packages/airflow/example_dags/example_dynamic_task_mapping.py
[2025-07-13T23:42:33.346+0300] {processor.py:830} INFO - Processing file /home/wal/.pyenv/versions/3.12.0/lib/python3.12/site-packages/airflow/example_dags/example_dynamic_task_mapping.py for tasks to queue
[2025-07-13T23:42:33.348+0300] {logging_mixin.py:188} INFO - [2025-07-13T23:42:33.348+0300] {dagbag.py:545} INFO - Filling up the DagBag from /home/wal/.pyenv/versions/3.12.0/lib/python3.12/site-packages/airflow/example_dags/example_dynamic_task_mapping.py
[2025-07-13T23:42:33.359+0300] {processor.py:840} INFO - DAG(s) 'example_dynamic_task_mapping' retrieved from /home/wal/.pyenv/versions/3.12.0/lib/python3.12/site-packages/airflow/example_dags/example_dynamic_task_mapping.py
[2025-07-13T23:42:33.379+0300] {logging_mixin.py:188} INFO - [2025-07-13T23:42:33.379+0300] {dag.py:3096} INFO - Sync 1 DAGs
[2025-07-13T23:42:33.407+0300] {logging_mixin.py:188} INFO - [2025-07-13T23:42:33.407+0300] {dag.py:3954} INFO - Setting next_dagrun for example_dynamic_task_mapping to 2022-03-04 00:00:00+00:00, run_after=2022-03-05 00:00:00+00:00
[2025-07-13T23:42:33.440+0300] {processor.py:183} INFO - Processing /home/wal/.pyenv/versions/3.12.0/lib/python3.12/site-packages/airflow/example_dags/example_dynamic_task_mapping.py took 0.112 seconds
[2025-07-13T23:43:29.064+0300] {processor.py:161} INFO - Started process (PID=6723) to work on /home/wal/.pyenv/versions/3.12.0/lib/python3.12/site-packages/airflow/example_dags/example_dynamic_task_mapping.py
[2025-07-13T23:43:29.071+0300] {processor.py:830} INFO - Processing file /home/wal/.pyenv/versions/3.12.0/lib/python3.12/site-packages/airflow/example_dags/example_dynamic_task_mapping.py for tasks to queue
[2025-07-13T23:43:29.073+0300] {logging_mixin.py:188} INFO - [2025-07-13T23:43:29.073+0300] {dagbag.py:545} INFO - Filling up the DagBag from /home/wal/.pyenv/versions/3.12.0/lib/python3.12/site-packages/airflow/example_dags/example_dynamic_task_mapping.py
[2025-07-13T23:43:29.086+0300] {processor.py:840} INFO - DAG(s) 'example_dynamic_task_mapping' retrieved from /home/wal/.pyenv/versions/3.12.0/lib/python3.12/site-packages/airflow/example_dags/example_dynamic_task_mapping.py
[2025-07-13T23:43:29.112+0300] {logging_mixin.py:188} INFO - [2025-07-13T23:43:29.112+0300] {dag.py:3096} INFO - Sync 1 DAGs
[2025-07-13T23:43:29.145+0300] {logging_mixin.py:188} INFO - [2025-07-13T23:43:29.145+0300] {dag.py:3954} INFO - Setting next_dagrun for example_dynamic_task_mapping to 2022-03-04 00:00:00+00:00, run_after=2022-03-05 00:00:00+00:00
[2025-07-13T23:43:29.179+0300] {processor.py:183} INFO - Processing /home/wal/.pyenv/versions/3.12.0/lib/python3.12/site-packages/airflow/example_dags/example_dynamic_task_mapping.py took 0.125 seconds
[2025-07-13T23:44:25.092+0300] {processor.py:161} INFO - Started process (PID=6773) to work on /home/wal/.pyenv/versions/3.12.0/lib/python3.12/site-packages/airflow/example_dags/example_dynamic_task_mapping.py
[2025-07-13T23:44:25.099+0300] {processor.py:830} INFO - Processing file /home/wal/.pyenv/versions/3.12.0/lib/python3.12/site-packages/airflow/example_dags/example_dynamic_task_mapping.py for tasks to queue
[2025-07-13T23:44:25.101+0300] {logging_mixin.py:188} INFO - [2025-07-13T23:44:25.101+0300] {dagbag.py:545} INFO - Filling up the DagBag from /home/wal/.pyenv/versions/3.12.0/lib/python3.12/site-packages/airflow/example_dags/example_dynamic_task_mapping.py
[2025-07-13T23:44:25.113+0300] {processor.py:840} INFO - DAG(s) 'example_dynamic_task_mapping' retrieved from /home/wal/.pyenv/versions/3.12.0/lib/python3.12/site-packages/airflow/example_dags/example_dynamic_task_mapping.py
[2025-07-13T23:44:25.134+0300] {logging_mixin.py:188} INFO - [2025-07-13T23:44:25.134+0300] {dag.py:3096} INFO - Sync 1 DAGs
[2025-07-13T23:44:25.163+0300] {logging_mixin.py:188} INFO - [2025-07-13T23:44:25.163+0300] {dag.py:3954} INFO - Setting next_dagrun for example_dynamic_task_mapping to 2022-03-04 00:00:00+00:00, run_after=2022-03-05 00:00:00+00:00
[2025-07-13T23:44:25.196+0300] {processor.py:183} INFO - Processing /home/wal/.pyenv/versions/3.12.0/lib/python3.12/site-packages/airflow/example_dags/example_dynamic_task_mapping.py took 0.117 seconds
[2025-07-13T23:45:21.586+0300] {processor.py:161} INFO - Started process (PID=6828) to work on /home/wal/.pyenv/versions/3.12.0/lib/python3.12/site-packages/airflow/example_dags/example_dynamic_task_mapping.py
[2025-07-13T23:45:21.594+0300] {processor.py:830} INFO - Processing file /home/wal/.pyenv/versions/3.12.0/lib/python3.12/site-packages/airflow/example_dags/example_dynamic_task_mapping.py for tasks to queue
[2025-07-13T23:45:21.596+0300] {logging_mixin.py:188} INFO - [2025-07-13T23:45:21.596+0300] {dagbag.py:545} INFO - Filling up the DagBag from /home/wal/.pyenv/versions/3.12.0/lib/python3.12/site-packages/airflow/example_dags/example_dynamic_task_mapping.py
[2025-07-13T23:45:21.609+0300] {processor.py:840} INFO - DAG(s) 'example_dynamic_task_mapping' retrieved from /home/wal/.pyenv/versions/3.12.0/lib/python3.12/site-packages/airflow/example_dags/example_dynamic_task_mapping.py
[2025-07-13T23:45:21.630+0300] {logging_mixin.py:188} INFO - [2025-07-13T23:45:21.630+0300] {dag.py:3096} INFO - Sync 1 DAGs
[2025-07-13T23:45:21.660+0300] {logging_mixin.py:188} INFO - [2025-07-13T23:45:21.659+0300] {dag.py:3954} INFO - Setting next_dagrun for example_dynamic_task_mapping to 2022-03-04 00:00:00+00:00, run_after=2022-03-05 00:00:00+00:00
[2025-07-13T23:45:21.694+0300] {processor.py:183} INFO - Processing /home/wal/.pyenv/versions/3.12.0/lib/python3.12/site-packages/airflow/example_dags/example_dynamic_task_mapping.py took 0.118 seconds
[2025-07-13T23:46:17.995+0300] {processor.py:161} INFO - Started process (PID=6879) to work on /home/wal/.pyenv/versions/3.12.0/lib/python3.12/site-packages/airflow/example_dags/example_dynamic_task_mapping.py
[2025-07-13T23:46:17.997+0300] {processor.py:830} INFO - Processing file /home/wal/.pyenv/versions/3.12.0/lib/python3.12/site-packages/airflow/example_dags/example_dynamic_task_mapping.py for tasks to queue
[2025-07-13T23:46:17.999+0300] {logging_mixin.py:188} INFO - [2025-07-13T23:46:17.998+0300] {dagbag.py:545} INFO - Filling up the DagBag from /home/wal/.pyenv/versions/3.12.0/lib/python3.12/site-packages/airflow/example_dags/example_dynamic_task_mapping.py
[2025-07-13T23:46:18.010+0300] {processor.py:840} INFO - DAG(s) 'example_dynamic_task_mapping' retrieved from /home/wal/.pyenv/versions/3.12.0/lib/python3.12/site-packages/airflow/example_dags/example_dynamic_task_mapping.py
[2025-07-13T23:46:18.031+0300] {logging_mixin.py:188} INFO - [2025-07-13T23:46:18.031+0300] {dag.py:3096} INFO - Sync 1 DAGs
[2025-07-13T23:46:18.060+0300] {logging_mixin.py:188} INFO - [2025-07-13T23:46:18.060+0300] {dag.py:3954} INFO - Setting next_dagrun for example_dynamic_task_mapping to 2022-03-04 00:00:00+00:00, run_after=2022-03-05 00:00:00+00:00
[2025-07-13T23:46:18.099+0300] {processor.py:183} INFO - Processing /home/wal/.pyenv/versions/3.12.0/lib/python3.12/site-packages/airflow/example_dags/example_dynamic_task_mapping.py took 0.116 seconds
[2025-07-13T23:47:13.717+0300] {processor.py:161} INFO - Started process (PID=6930) to work on /home/wal/.pyenv/versions/3.12.0/lib/python3.12/site-packages/airflow/example_dags/example_dynamic_task_mapping.py
[2025-07-13T23:47:13.720+0300] {processor.py:830} INFO - Processing file /home/wal/.pyenv/versions/3.12.0/lib/python3.12/site-packages/airflow/example_dags/example_dynamic_task_mapping.py for tasks to queue
[2025-07-13T23:47:13.725+0300] {logging_mixin.py:188} INFO - [2025-07-13T23:47:13.724+0300] {dagbag.py:545} INFO - Filling up the DagBag from /home/wal/.pyenv/versions/3.12.0/lib/python3.12/site-packages/airflow/example_dags/example_dynamic_task_mapping.py
[2025-07-13T23:47:13.746+0300] {processor.py:840} INFO - DAG(s) 'example_dynamic_task_mapping' retrieved from /home/wal/.pyenv/versions/3.12.0/lib/python3.12/site-packages/airflow/example_dags/example_dynamic_task_mapping.py
[2025-07-13T23:47:13.776+0300] {logging_mixin.py:188} INFO - [2025-07-13T23:47:13.776+0300] {dag.py:3096} INFO - Sync 1 DAGs
[2025-07-13T23:47:13.816+0300] {logging_mixin.py:188} INFO - [2025-07-13T23:47:13.816+0300] {dag.py:3954} INFO - Setting next_dagrun for example_dynamic_task_mapping to 2022-03-04 00:00:00+00:00, run_after=2022-03-05 00:00:00+00:00
[2025-07-13T23:47:13.851+0300] {processor.py:183} INFO - Processing /home/wal/.pyenv/versions/3.12.0/lib/python3.12/site-packages/airflow/example_dags/example_dynamic_task_mapping.py took 0.162 seconds
[2025-07-13T23:48:07.806+0300] {processor.py:161} INFO - Started process (PID=6980) to work on /home/wal/.pyenv/versions/3.12.0/lib/python3.12/site-packages/airflow/example_dags/example_dynamic_task_mapping.py
[2025-07-13T23:48:07.813+0300] {processor.py:830} INFO - Processing file /home/wal/.pyenv/versions/3.12.0/lib/python3.12/site-packages/airflow/example_dags/example_dynamic_task_mapping.py for tasks to queue
[2025-07-13T23:48:07.816+0300] {logging_mixin.py:188} INFO - [2025-07-13T23:48:07.815+0300] {dagbag.py:545} INFO - Filling up the DagBag from /home/wal/.pyenv/versions/3.12.0/lib/python3.12/site-packages/airflow/example_dags/example_dynamic_task_mapping.py
[2025-07-13T23:48:07.825+0300] {processor.py:840} INFO - DAG(s) 'example_dynamic_task_mapping' retrieved from /home/wal/.pyenv/versions/3.12.0/lib/python3.12/site-packages/airflow/example_dags/example_dynamic_task_mapping.py
[2025-07-13T23:48:07.846+0300] {logging_mixin.py:188} INFO - [2025-07-13T23:48:07.846+0300] {dag.py:3096} INFO - Sync 1 DAGs
[2025-07-13T23:48:07.872+0300] {logging_mixin.py:188} INFO - [2025-07-13T23:48:07.871+0300] {dag.py:3954} INFO - Setting next_dagrun for example_dynamic_task_mapping to 2022-03-04 00:00:00+00:00, run_after=2022-03-05 00:00:00+00:00
[2025-07-13T23:48:07.904+0300] {processor.py:183} INFO - Processing /home/wal/.pyenv/versions/3.12.0/lib/python3.12/site-packages/airflow/example_dags/example_dynamic_task_mapping.py took 0.109 seconds
[2025-07-13T23:49:02.481+0300] {processor.py:161} INFO - Started process (PID=7030) to work on /home/wal/.pyenv/versions/3.12.0/lib/python3.12/site-packages/airflow/example_dags/example_dynamic_task_mapping.py
[2025-07-13T23:49:02.489+0300] {processor.py:830} INFO - Processing file /home/wal/.pyenv/versions/3.12.0/lib/python3.12/site-packages/airflow/example_dags/example_dynamic_task_mapping.py for tasks to queue
[2025-07-13T23:49:02.494+0300] {logging_mixin.py:188} INFO - [2025-07-13T23:49:02.493+0300] {dagbag.py:545} INFO - Filling up the DagBag from /home/wal/.pyenv/versions/3.12.0/lib/python3.12/site-packages/airflow/example_dags/example_dynamic_task_mapping.py
[2025-07-13T23:49:02.512+0300] {processor.py:840} INFO - DAG(s) 'example_dynamic_task_mapping' retrieved from /home/wal/.pyenv/versions/3.12.0/lib/python3.12/site-packages/airflow/example_dags/example_dynamic_task_mapping.py
[2025-07-13T23:49:02.549+0300] {logging_mixin.py:188} INFO - [2025-07-13T23:49:02.548+0300] {dag.py:3096} INFO - Sync 1 DAGs
[2025-07-13T23:49:02.576+0300] {logging_mixin.py:188} INFO - [2025-07-13T23:49:02.576+0300] {dag.py:3954} INFO - Setting next_dagrun for example_dynamic_task_mapping to 2022-03-04 00:00:00+00:00, run_after=2022-03-05 00:00:00+00:00
[2025-07-13T23:49:02.609+0300] {processor.py:183} INFO - Processing /home/wal/.pyenv/versions/3.12.0/lib/python3.12/site-packages/airflow/example_dags/example_dynamic_task_mapping.py took 0.142 seconds
[2025-07-13T23:49:55.837+0300] {processor.py:161} INFO - Started process (PID=7080) to work on /home/wal/.pyenv/versions/3.12.0/lib/python3.12/site-packages/airflow/example_dags/example_dynamic_task_mapping.py
[2025-07-13T23:49:55.845+0300] {processor.py:830} INFO - Processing file /home/wal/.pyenv/versions/3.12.0/lib/python3.12/site-packages/airflow/example_dags/example_dynamic_task_mapping.py for tasks to queue
[2025-07-13T23:49:55.848+0300] {logging_mixin.py:188} INFO - [2025-07-13T23:49:55.847+0300] {dagbag.py:545} INFO - Filling up the DagBag from /home/wal/.pyenv/versions/3.12.0/lib/python3.12/site-packages/airflow/example_dags/example_dynamic_task_mapping.py
[2025-07-13T23:49:55.865+0300] {processor.py:840} INFO - DAG(s) 'example_dynamic_task_mapping' retrieved from /home/wal/.pyenv/versions/3.12.0/lib/python3.12/site-packages/airflow/example_dags/example_dynamic_task_mapping.py
[2025-07-13T23:49:55.894+0300] {logging_mixin.py:188} INFO - [2025-07-13T23:49:55.894+0300] {dag.py:3096} INFO - Sync 1 DAGs
[2025-07-13T23:49:55.924+0300] {logging_mixin.py:188} INFO - [2025-07-13T23:49:55.924+0300] {dag.py:3954} INFO - Setting next_dagrun for example_dynamic_task_mapping to 2022-03-04 00:00:00+00:00, run_after=2022-03-05 00:00:00+00:00
[2025-07-13T23:49:55.954+0300] {processor.py:183} INFO - Processing /home/wal/.pyenv/versions/3.12.0/lib/python3.12/site-packages/airflow/example_dags/example_dynamic_task_mapping.py took 0.130 seconds
[2025-07-13T23:50:47.773+0300] {processor.py:161} INFO - Started process (PID=7127) to work on /home/wal/.pyenv/versions/3.12.0/lib/python3.12/site-packages/airflow/example_dags/example_dynamic_task_mapping.py
[2025-07-13T23:50:47.775+0300] {processor.py:830} INFO - Processing file /home/wal/.pyenv/versions/3.12.0/lib/python3.12/site-packages/airflow/example_dags/example_dynamic_task_mapping.py for tasks to queue
[2025-07-13T23:50:47.777+0300] {logging_mixin.py:188} INFO - [2025-07-13T23:50:47.777+0300] {dagbag.py:545} INFO - Filling up the DagBag from /home/wal/.pyenv/versions/3.12.0/lib/python3.12/site-packages/airflow/example_dags/example_dynamic_task_mapping.py
[2025-07-13T23:50:47.791+0300] {processor.py:840} INFO - DAG(s) 'example_dynamic_task_mapping' retrieved from /home/wal/.pyenv/versions/3.12.0/lib/python3.12/site-packages/airflow/example_dags/example_dynamic_task_mapping.py
[2025-07-13T23:50:47.821+0300] {logging_mixin.py:188} INFO - [2025-07-13T23:50:47.820+0300] {dag.py:3096} INFO - Sync 1 DAGs
[2025-07-13T23:50:47.854+0300] {logging_mixin.py:188} INFO - [2025-07-13T23:50:47.854+0300] {dag.py:3954} INFO - Setting next_dagrun for example_dynamic_task_mapping to 2022-03-04 00:00:00+00:00, run_after=2022-03-05 00:00:00+00:00
[2025-07-13T23:50:47.889+0300] {processor.py:183} INFO - Processing /home/wal/.pyenv/versions/3.12.0/lib/python3.12/site-packages/airflow/example_dags/example_dynamic_task_mapping.py took 0.129 seconds
[2025-07-13T23:51:44.740+0300] {processor.py:161} INFO - Started process (PID=7177) to work on /home/wal/.pyenv/versions/3.12.0/lib/python3.12/site-packages/airflow/example_dags/example_dynamic_task_mapping.py
[2025-07-13T23:51:44.742+0300] {processor.py:830} INFO - Processing file /home/wal/.pyenv/versions/3.12.0/lib/python3.12/site-packages/airflow/example_dags/example_dynamic_task_mapping.py for tasks to queue
[2025-07-13T23:51:44.744+0300] {logging_mixin.py:188} INFO - [2025-07-13T23:51:44.744+0300] {dagbag.py:545} INFO - Filling up the DagBag from /home/wal/.pyenv/versions/3.12.0/lib/python3.12/site-packages/airflow/example_dags/example_dynamic_task_mapping.py
[2025-07-13T23:51:44.756+0300] {processor.py:840} INFO - DAG(s) 'example_dynamic_task_mapping' retrieved from /home/wal/.pyenv/versions/3.12.0/lib/python3.12/site-packages/airflow/example_dags/example_dynamic_task_mapping.py
[2025-07-13T23:51:44.775+0300] {logging_mixin.py:188} INFO - [2025-07-13T23:51:44.775+0300] {dag.py:3096} INFO - Sync 1 DAGs
[2025-07-13T23:51:44.803+0300] {logging_mixin.py:188} INFO - [2025-07-13T23:51:44.802+0300] {dag.py:3954} INFO - Setting next_dagrun for example_dynamic_task_mapping to 2022-03-04 00:00:00+00:00, run_after=2022-03-05 00:00:00+00:00
[2025-07-13T23:51:44.830+0300] {processor.py:183} INFO - Processing /home/wal/.pyenv/versions/3.12.0/lib/python3.12/site-packages/airflow/example_dags/example_dynamic_task_mapping.py took 0.100 seconds
[2025-07-13T23:52:46.348+0300] {processor.py:161} INFO - Started process (PID=7233) to work on /home/wal/.pyenv/versions/3.12.0/lib/python3.12/site-packages/airflow/example_dags/example_dynamic_task_mapping.py
[2025-07-13T23:52:46.351+0300] {processor.py:830} INFO - Processing file /home/wal/.pyenv/versions/3.12.0/lib/python3.12/site-packages/airflow/example_dags/example_dynamic_task_mapping.py for tasks to queue
[2025-07-13T23:52:46.363+0300] {logging_mixin.py:188} INFO - [2025-07-13T23:52:46.362+0300] {dagbag.py:545} INFO - Filling up the DagBag from /home/wal/.pyenv/versions/3.12.0/lib/python3.12/site-packages/airflow/example_dags/example_dynamic_task_mapping.py
[2025-07-13T23:52:46.396+0300] {processor.py:840} INFO - DAG(s) 'example_dynamic_task_mapping' retrieved from /home/wal/.pyenv/versions/3.12.0/lib/python3.12/site-packages/airflow/example_dags/example_dynamic_task_mapping.py
[2025-07-13T23:52:46.450+0300] {logging_mixin.py:188} INFO - [2025-07-13T23:52:46.449+0300] {dag.py:3096} INFO - Sync 1 DAGs
[2025-07-13T23:52:46.529+0300] {logging_mixin.py:188} INFO - [2025-07-13T23:52:46.528+0300] {dag.py:3954} INFO - Setting next_dagrun for example_dynamic_task_mapping to 2022-03-04 00:00:00+00:00, run_after=2022-03-05 00:00:00+00:00
[2025-07-13T23:52:46.627+0300] {processor.py:183} INFO - Processing /home/wal/.pyenv/versions/3.12.0/lib/python3.12/site-packages/airflow/example_dags/example_dynamic_task_mapping.py took 0.311 seconds
[2025-07-13T23:53:44.934+0300] {processor.py:161} INFO - Started process (PID=7284) to work on /home/wal/.pyenv/versions/3.12.0/lib/python3.12/site-packages/airflow/example_dags/example_dynamic_task_mapping.py
[2025-07-13T23:53:44.937+0300] {processor.py:830} INFO - Processing file /home/wal/.pyenv/versions/3.12.0/lib/python3.12/site-packages/airflow/example_dags/example_dynamic_task_mapping.py for tasks to queue
[2025-07-13T23:53:44.939+0300] {logging_mixin.py:188} INFO - [2025-07-13T23:53:44.939+0300] {dagbag.py:545} INFO - Filling up the DagBag from /home/wal/.pyenv/versions/3.12.0/lib/python3.12/site-packages/airflow/example_dags/example_dynamic_task_mapping.py
[2025-07-13T23:53:44.955+0300] {processor.py:840} INFO - DAG(s) 'example_dynamic_task_mapping' retrieved from /home/wal/.pyenv/versions/3.12.0/lib/python3.12/site-packages/airflow/example_dags/example_dynamic_task_mapping.py
[2025-07-13T23:53:44.996+0300] {logging_mixin.py:188} INFO - [2025-07-13T23:53:44.995+0300] {dag.py:3096} INFO - Sync 1 DAGs
[2025-07-13T23:53:45.066+0300] {logging_mixin.py:188} INFO - [2025-07-13T23:53:45.065+0300] {dag.py:3954} INFO - Setting next_dagrun for example_dynamic_task_mapping to 2022-03-04 00:00:00+00:00, run_after=2022-03-05 00:00:00+00:00
[2025-07-13T23:53:45.140+0300] {processor.py:183} INFO - Processing /home/wal/.pyenv/versions/3.12.0/lib/python3.12/site-packages/airflow/example_dags/example_dynamic_task_mapping.py took 0.222 seconds
[2025-07-13T23:54:41.996+0300] {processor.py:161} INFO - Started process (PID=7336) to work on /home/wal/.pyenv/versions/3.12.0/lib/python3.12/site-packages/airflow/example_dags/example_dynamic_task_mapping.py
[2025-07-13T23:54:42.002+0300] {processor.py:830} INFO - Processing file /home/wal/.pyenv/versions/3.12.0/lib/python3.12/site-packages/airflow/example_dags/example_dynamic_task_mapping.py for tasks to queue
[2025-07-13T23:54:42.005+0300] {logging_mixin.py:188} INFO - [2025-07-13T23:54:42.004+0300] {dagbag.py:545} INFO - Filling up the DagBag from /home/wal/.pyenv/versions/3.12.0/lib/python3.12/site-packages/airflow/example_dags/example_dynamic_task_mapping.py
[2025-07-13T23:54:42.015+0300] {processor.py:840} INFO - DAG(s) 'example_dynamic_task_mapping' retrieved from /home/wal/.pyenv/versions/3.12.0/lib/python3.12/site-packages/airflow/example_dags/example_dynamic_task_mapping.py
[2025-07-13T23:54:42.035+0300] {logging_mixin.py:188} INFO - [2025-07-13T23:54:42.035+0300] {dag.py:3096} INFO - Sync 1 DAGs
[2025-07-13T23:54:42.060+0300] {logging_mixin.py:188} INFO - [2025-07-13T23:54:42.060+0300] {dag.py:3954} INFO - Setting next_dagrun for example_dynamic_task_mapping to 2022-03-04 00:00:00+00:00, run_after=2022-03-05 00:00:00+00:00
[2025-07-13T23:54:42.092+0300] {processor.py:183} INFO - Processing /home/wal/.pyenv/versions/3.12.0/lib/python3.12/site-packages/airflow/example_dags/example_dynamic_task_mapping.py took 0.105 seconds
[2025-07-13T23:55:37.663+0300] {processor.py:161} INFO - Started process (PID=7389) to work on /home/wal/.pyenv/versions/3.12.0/lib/python3.12/site-packages/airflow/example_dags/example_dynamic_task_mapping.py
[2025-07-13T23:55:37.666+0300] {processor.py:830} INFO - Processing file /home/wal/.pyenv/versions/3.12.0/lib/python3.12/site-packages/airflow/example_dags/example_dynamic_task_mapping.py for tasks to queue
[2025-07-13T23:55:37.671+0300] {logging_mixin.py:188} INFO - [2025-07-13T23:55:37.670+0300] {dagbag.py:545} INFO - Filling up the DagBag from /home/wal/.pyenv/versions/3.12.0/lib/python3.12/site-packages/airflow/example_dags/example_dynamic_task_mapping.py
[2025-07-13T23:55:37.687+0300] {processor.py:840} INFO - DAG(s) 'example_dynamic_task_mapping' retrieved from /home/wal/.pyenv/versions/3.12.0/lib/python3.12/site-packages/airflow/example_dags/example_dynamic_task_mapping.py
[2025-07-13T23:55:37.709+0300] {logging_mixin.py:188} INFO - [2025-07-13T23:55:37.708+0300] {dag.py:3096} INFO - Sync 1 DAGs
[2025-07-13T23:55:37.738+0300] {logging_mixin.py:188} INFO - [2025-07-13T23:55:37.738+0300] {dag.py:3954} INFO - Setting next_dagrun for example_dynamic_task_mapping to 2022-03-04 00:00:00+00:00, run_after=2022-03-05 00:00:00+00:00
[2025-07-13T23:55:37.772+0300] {processor.py:183} INFO - Processing /home/wal/.pyenv/versions/3.12.0/lib/python3.12/site-packages/airflow/example_dags/example_dynamic_task_mapping.py took 0.125 seconds
[2025-07-13T23:56:32.485+0300] {processor.py:161} INFO - Started process (PID=7439) to work on /home/wal/.pyenv/versions/3.12.0/lib/python3.12/site-packages/airflow/example_dags/example_dynamic_task_mapping.py
[2025-07-13T23:56:32.486+0300] {processor.py:830} INFO - Processing file /home/wal/.pyenv/versions/3.12.0/lib/python3.12/site-packages/airflow/example_dags/example_dynamic_task_mapping.py for tasks to queue
[2025-07-13T23:56:32.488+0300] {logging_mixin.py:188} INFO - [2025-07-13T23:56:32.488+0300] {dagbag.py:545} INFO - Filling up the DagBag from /home/wal/.pyenv/versions/3.12.0/lib/python3.12/site-packages/airflow/example_dags/example_dynamic_task_mapping.py
[2025-07-13T23:56:32.503+0300] {processor.py:840} INFO - DAG(s) 'example_dynamic_task_mapping' retrieved from /home/wal/.pyenv/versions/3.12.0/lib/python3.12/site-packages/airflow/example_dags/example_dynamic_task_mapping.py
[2025-07-13T23:56:32.536+0300] {logging_mixin.py:188} INFO - [2025-07-13T23:56:32.536+0300] {dag.py:3096} INFO - Sync 1 DAGs
[2025-07-13T23:56:32.580+0300] {logging_mixin.py:188} INFO - [2025-07-13T23:56:32.580+0300] {dag.py:3954} INFO - Setting next_dagrun for example_dynamic_task_mapping to 2022-03-04 00:00:00+00:00, run_after=2022-03-05 00:00:00+00:00
[2025-07-13T23:56:32.615+0300] {processor.py:183} INFO - Processing /home/wal/.pyenv/versions/3.12.0/lib/python3.12/site-packages/airflow/example_dags/example_dynamic_task_mapping.py took 0.143 seconds
[2025-07-13T23:57:29.886+0300] {processor.py:161} INFO - Started process (PID=7490) to work on /home/wal/.pyenv/versions/3.12.0/lib/python3.12/site-packages/airflow/example_dags/example_dynamic_task_mapping.py
[2025-07-13T23:57:29.888+0300] {processor.py:830} INFO - Processing file /home/wal/.pyenv/versions/3.12.0/lib/python3.12/site-packages/airflow/example_dags/example_dynamic_task_mapping.py for tasks to queue
[2025-07-13T23:57:29.890+0300] {logging_mixin.py:188} INFO - [2025-07-13T23:57:29.889+0300] {dagbag.py:545} INFO - Filling up the DagBag from /home/wal/.pyenv/versions/3.12.0/lib/python3.12/site-packages/airflow/example_dags/example_dynamic_task_mapping.py
[2025-07-13T23:57:29.901+0300] {processor.py:840} INFO - DAG(s) 'example_dynamic_task_mapping' retrieved from /home/wal/.pyenv/versions/3.12.0/lib/python3.12/site-packages/airflow/example_dags/example_dynamic_task_mapping.py
[2025-07-13T23:57:29.923+0300] {logging_mixin.py:188} INFO - [2025-07-13T23:57:29.923+0300] {dag.py:3096} INFO - Sync 1 DAGs
[2025-07-13T23:57:29.951+0300] {logging_mixin.py:188} INFO - [2025-07-13T23:57:29.951+0300] {dag.py:3954} INFO - Setting next_dagrun for example_dynamic_task_mapping to 2022-03-04 00:00:00+00:00, run_after=2022-03-05 00:00:00+00:00
[2025-07-13T23:57:29.978+0300] {processor.py:183} INFO - Processing /home/wal/.pyenv/versions/3.12.0/lib/python3.12/site-packages/airflow/example_dags/example_dynamic_task_mapping.py took 0.103 seconds
[2025-07-13T23:58:25.543+0300] {processor.py:161} INFO - Started process (PID=7542) to work on /home/wal/.pyenv/versions/3.12.0/lib/python3.12/site-packages/airflow/example_dags/example_dynamic_task_mapping.py
[2025-07-13T23:58:25.545+0300] {processor.py:830} INFO - Processing file /home/wal/.pyenv/versions/3.12.0/lib/python3.12/site-packages/airflow/example_dags/example_dynamic_task_mapping.py for tasks to queue
[2025-07-13T23:58:25.548+0300] {logging_mixin.py:188} INFO - [2025-07-13T23:58:25.547+0300] {dagbag.py:545} INFO - Filling up the DagBag from /home/wal/.pyenv/versions/3.12.0/lib/python3.12/site-packages/airflow/example_dags/example_dynamic_task_mapping.py
[2025-07-13T23:58:25.562+0300] {processor.py:840} INFO - DAG(s) 'example_dynamic_task_mapping' retrieved from /home/wal/.pyenv/versions/3.12.0/lib/python3.12/site-packages/airflow/example_dags/example_dynamic_task_mapping.py
[2025-07-13T23:58:25.586+0300] {logging_mixin.py:188} INFO - [2025-07-13T23:58:25.586+0300] {dag.py:3096} INFO - Sync 1 DAGs
[2025-07-13T23:58:25.634+0300] {logging_mixin.py:188} INFO - [2025-07-13T23:58:25.633+0300] {dag.py:3954} INFO - Setting next_dagrun for example_dynamic_task_mapping to 2022-03-04 00:00:00+00:00, run_after=2022-03-05 00:00:00+00:00
[2025-07-13T23:58:25.682+0300] {processor.py:183} INFO - Processing /home/wal/.pyenv/versions/3.12.0/lib/python3.12/site-packages/airflow/example_dags/example_dynamic_task_mapping.py took 0.151 seconds
[2025-07-13T23:59:18.462+0300] {processor.py:161} INFO - Started process (PID=7594) to work on /home/wal/.pyenv/versions/3.12.0/lib/python3.12/site-packages/airflow/example_dags/example_dynamic_task_mapping.py
[2025-07-13T23:59:18.469+0300] {processor.py:830} INFO - Processing file /home/wal/.pyenv/versions/3.12.0/lib/python3.12/site-packages/airflow/example_dags/example_dynamic_task_mapping.py for tasks to queue
[2025-07-13T23:59:18.471+0300] {logging_mixin.py:188} INFO - [2025-07-13T23:59:18.471+0300] {dagbag.py:545} INFO - Filling up the DagBag from /home/wal/.pyenv/versions/3.12.0/lib/python3.12/site-packages/airflow/example_dags/example_dynamic_task_mapping.py
[2025-07-13T23:59:18.484+0300] {processor.py:840} INFO - DAG(s) 'example_dynamic_task_mapping' retrieved from /home/wal/.pyenv/versions/3.12.0/lib/python3.12/site-packages/airflow/example_dags/example_dynamic_task_mapping.py
[2025-07-13T23:59:18.506+0300] {logging_mixin.py:188} INFO - [2025-07-13T23:59:18.506+0300] {dag.py:3096} INFO - Sync 1 DAGs
[2025-07-13T23:59:18.545+0300] {logging_mixin.py:188} INFO - [2025-07-13T23:59:18.543+0300] {dag.py:3954} INFO - Setting next_dagrun for example_dynamic_task_mapping to 2022-03-04 00:00:00+00:00, run_after=2022-03-05 00:00:00+00:00
[2025-07-13T23:59:18.581+0300] {processor.py:183} INFO - Processing /home/wal/.pyenv/versions/3.12.0/lib/python3.12/site-packages/airflow/example_dags/example_dynamic_task_mapping.py took 0.134 seconds
[2025-07-14T00:00:20.033+0300] {processor.py:161} INFO - Started process (PID=7661) to work on /home/wal/.pyenv/versions/3.12.0/lib/python3.12/site-packages/airflow/example_dags/example_dynamic_task_mapping.py
[2025-07-14T00:00:20.036+0300] {processor.py:830} INFO - Processing file /home/wal/.pyenv/versions/3.12.0/lib/python3.12/site-packages/airflow/example_dags/example_dynamic_task_mapping.py for tasks to queue
[2025-07-14T00:00:20.040+0300] {logging_mixin.py:188} INFO - [2025-07-14T00:00:20.039+0300] {dagbag.py:545} INFO - Filling up the DagBag from /home/wal/.pyenv/versions/3.12.0/lib/python3.12/site-packages/airflow/example_dags/example_dynamic_task_mapping.py
[2025-07-14T00:00:20.083+0300] {processor.py:840} INFO - DAG(s) 'example_dynamic_task_mapping' retrieved from /home/wal/.pyenv/versions/3.12.0/lib/python3.12/site-packages/airflow/example_dags/example_dynamic_task_mapping.py
[2025-07-14T00:00:20.212+0300] {logging_mixin.py:188} INFO - [2025-07-14T00:00:20.211+0300] {dag.py:3096} INFO - Sync 1 DAGs
[2025-07-14T00:00:20.329+0300] {logging_mixin.py:188} INFO - [2025-07-14T00:00:20.329+0300] {dag.py:3954} INFO - Setting next_dagrun for example_dynamic_task_mapping to 2022-03-04 00:00:00+00:00, run_after=2022-03-05 00:00:00+00:00
[2025-07-14T00:00:20.421+0300] {processor.py:183} INFO - Processing /home/wal/.pyenv/versions/3.12.0/lib/python3.12/site-packages/airflow/example_dags/example_dynamic_task_mapping.py took 0.412 seconds
[2025-07-14T00:01:16.649+0300] {processor.py:161} INFO - Started process (PID=7713) to work on /home/wal/.pyenv/versions/3.12.0/lib/python3.12/site-packages/airflow/example_dags/example_dynamic_task_mapping.py
[2025-07-14T00:01:16.652+0300] {processor.py:830} INFO - Processing file /home/wal/.pyenv/versions/3.12.0/lib/python3.12/site-packages/airflow/example_dags/example_dynamic_task_mapping.py for tasks to queue
[2025-07-14T00:01:16.655+0300] {logging_mixin.py:188} INFO - [2025-07-14T00:01:16.655+0300] {dagbag.py:545} INFO - Filling up the DagBag from /home/wal/.pyenv/versions/3.12.0/lib/python3.12/site-packages/airflow/example_dags/example_dynamic_task_mapping.py
[2025-07-14T00:01:16.667+0300] {processor.py:840} INFO - DAG(s) 'example_dynamic_task_mapping' retrieved from /home/wal/.pyenv/versions/3.12.0/lib/python3.12/site-packages/airflow/example_dags/example_dynamic_task_mapping.py
[2025-07-14T00:01:16.689+0300] {logging_mixin.py:188} INFO - [2025-07-14T00:01:16.688+0300] {dag.py:3096} INFO - Sync 1 DAGs
[2025-07-14T00:01:16.718+0300] {logging_mixin.py:188} INFO - [2025-07-14T00:01:16.717+0300] {dag.py:3954} INFO - Setting next_dagrun for example_dynamic_task_mapping to 2022-03-04 00:00:00+00:00, run_after=2022-03-05 00:00:00+00:00
[2025-07-14T00:01:16.744+0300] {processor.py:183} INFO - Processing /home/wal/.pyenv/versions/3.12.0/lib/python3.12/site-packages/airflow/example_dags/example_dynamic_task_mapping.py took 0.109 seconds
[2025-07-14T00:02:12.466+0300] {processor.py:161} INFO - Started process (PID=7763) to work on /home/wal/.pyenv/versions/3.12.0/lib/python3.12/site-packages/airflow/example_dags/example_dynamic_task_mapping.py
[2025-07-14T00:02:12.475+0300] {processor.py:830} INFO - Processing file /home/wal/.pyenv/versions/3.12.0/lib/python3.12/site-packages/airflow/example_dags/example_dynamic_task_mapping.py for tasks to queue
[2025-07-14T00:02:12.478+0300] {logging_mixin.py:188} INFO - [2025-07-14T00:02:12.478+0300] {dagbag.py:545} INFO - Filling up the DagBag from /home/wal/.pyenv/versions/3.12.0/lib/python3.12/site-packages/airflow/example_dags/example_dynamic_task_mapping.py
[2025-07-14T00:02:12.496+0300] {processor.py:840} INFO - DAG(s) 'example_dynamic_task_mapping' retrieved from /home/wal/.pyenv/versions/3.12.0/lib/python3.12/site-packages/airflow/example_dags/example_dynamic_task_mapping.py
[2025-07-14T00:02:12.539+0300] {logging_mixin.py:188} INFO - [2025-07-14T00:02:12.538+0300] {dag.py:3096} INFO - Sync 1 DAGs
[2025-07-14T00:02:12.601+0300] {logging_mixin.py:188} INFO - [2025-07-14T00:02:12.600+0300] {dag.py:3954} INFO - Setting next_dagrun for example_dynamic_task_mapping to 2022-03-04 00:00:00+00:00, run_after=2022-03-05 00:00:00+00:00
[2025-07-14T00:02:12.662+0300] {processor.py:183} INFO - Processing /home/wal/.pyenv/versions/3.12.0/lib/python3.12/site-packages/airflow/example_dags/example_dynamic_task_mapping.py took 0.220 seconds
[2025-07-14T00:03:07.540+0300] {processor.py:161} INFO - Started process (PID=7812) to work on /home/wal/.pyenv/versions/3.12.0/lib/python3.12/site-packages/airflow/example_dags/example_dynamic_task_mapping.py
[2025-07-14T00:03:07.547+0300] {processor.py:830} INFO - Processing file /home/wal/.pyenv/versions/3.12.0/lib/python3.12/site-packages/airflow/example_dags/example_dynamic_task_mapping.py for tasks to queue
[2025-07-14T00:03:07.552+0300] {logging_mixin.py:188} INFO - [2025-07-14T00:03:07.551+0300] {dagbag.py:545} INFO - Filling up the DagBag from /home/wal/.pyenv/versions/3.12.0/lib/python3.12/site-packages/airflow/example_dags/example_dynamic_task_mapping.py
[2025-07-14T00:03:07.568+0300] {processor.py:840} INFO - DAG(s) 'example_dynamic_task_mapping' retrieved from /home/wal/.pyenv/versions/3.12.0/lib/python3.12/site-packages/airflow/example_dags/example_dynamic_task_mapping.py
[2025-07-14T00:03:07.593+0300] {logging_mixin.py:188} INFO - [2025-07-14T00:03:07.593+0300] {dag.py:3096} INFO - Sync 1 DAGs
[2025-07-14T00:03:07.619+0300] {logging_mixin.py:188} INFO - [2025-07-14T00:03:07.619+0300] {dag.py:3954} INFO - Setting next_dagrun for example_dynamic_task_mapping to 2022-03-04 00:00:00+00:00, run_after=2022-03-05 00:00:00+00:00
[2025-07-14T00:03:07.651+0300] {processor.py:183} INFO - Processing /home/wal/.pyenv/versions/3.12.0/lib/python3.12/site-packages/airflow/example_dags/example_dynamic_task_mapping.py took 0.131 seconds
[2025-07-14T00:04:01.246+0300] {processor.py:161} INFO - Started process (PID=7863) to work on /home/wal/.pyenv/versions/3.12.0/lib/python3.12/site-packages/airflow/example_dags/example_dynamic_task_mapping.py
[2025-07-14T00:04:01.249+0300] {processor.py:830} INFO - Processing file /home/wal/.pyenv/versions/3.12.0/lib/python3.12/site-packages/airflow/example_dags/example_dynamic_task_mapping.py for tasks to queue
[2025-07-14T00:04:01.254+0300] {logging_mixin.py:188} INFO - [2025-07-14T00:04:01.253+0300] {dagbag.py:545} INFO - Filling up the DagBag from /home/wal/.pyenv/versions/3.12.0/lib/python3.12/site-packages/airflow/example_dags/example_dynamic_task_mapping.py
[2025-07-14T00:04:01.269+0300] {processor.py:840} INFO - DAG(s) 'example_dynamic_task_mapping' retrieved from /home/wal/.pyenv/versions/3.12.0/lib/python3.12/site-packages/airflow/example_dags/example_dynamic_task_mapping.py
[2025-07-14T00:04:01.293+0300] {logging_mixin.py:188} INFO - [2025-07-14T00:04:01.293+0300] {dag.py:3096} INFO - Sync 1 DAGs
[2025-07-14T00:04:01.327+0300] {logging_mixin.py:188} INFO - [2025-07-14T00:04:01.327+0300] {dag.py:3954} INFO - Setting next_dagrun for example_dynamic_task_mapping to 2022-03-04 00:00:00+00:00, run_after=2022-03-05 00:00:00+00:00
[2025-07-14T00:04:01.359+0300] {processor.py:183} INFO - Processing /home/wal/.pyenv/versions/3.12.0/lib/python3.12/site-packages/airflow/example_dags/example_dynamic_task_mapping.py took 0.123 seconds
[2025-07-14T00:04:54.060+0300] {processor.py:161} INFO - Started process (PID=7912) to work on /home/wal/.pyenv/versions/3.12.0/lib/python3.12/site-packages/airflow/example_dags/example_dynamic_task_mapping.py
[2025-07-14T00:04:54.065+0300] {processor.py:830} INFO - Processing file /home/wal/.pyenv/versions/3.12.0/lib/python3.12/site-packages/airflow/example_dags/example_dynamic_task_mapping.py for tasks to queue
[2025-07-14T00:04:54.068+0300] {logging_mixin.py:188} INFO - [2025-07-14T00:04:54.067+0300] {dagbag.py:545} INFO - Filling up the DagBag from /home/wal/.pyenv/versions/3.12.0/lib/python3.12/site-packages/airflow/example_dags/example_dynamic_task_mapping.py
[2025-07-14T00:04:54.083+0300] {processor.py:840} INFO - DAG(s) 'example_dynamic_task_mapping' retrieved from /home/wal/.pyenv/versions/3.12.0/lib/python3.12/site-packages/airflow/example_dags/example_dynamic_task_mapping.py
[2025-07-14T00:04:54.110+0300] {logging_mixin.py:188} INFO - [2025-07-14T00:04:54.110+0300] {dag.py:3096} INFO - Sync 1 DAGs
[2025-07-14T00:04:54.145+0300] {logging_mixin.py:188} INFO - [2025-07-14T00:04:54.144+0300] {dag.py:3954} INFO - Setting next_dagrun for example_dynamic_task_mapping to 2022-03-04 00:00:00+00:00, run_after=2022-03-05 00:00:00+00:00
[2025-07-14T00:04:54.178+0300] {processor.py:183} INFO - Processing /home/wal/.pyenv/versions/3.12.0/lib/python3.12/site-packages/airflow/example_dags/example_dynamic_task_mapping.py took 0.128 seconds
[2025-07-14T00:05:47.354+0300] {processor.py:161} INFO - Started process (PID=7967) to work on /home/wal/.pyenv/versions/3.12.0/lib/python3.12/site-packages/airflow/example_dags/example_dynamic_task_mapping.py
[2025-07-14T00:05:47.358+0300] {processor.py:830} INFO - Processing file /home/wal/.pyenv/versions/3.12.0/lib/python3.12/site-packages/airflow/example_dags/example_dynamic_task_mapping.py for tasks to queue
[2025-07-14T00:05:47.361+0300] {logging_mixin.py:188} INFO - [2025-07-14T00:05:47.361+0300] {dagbag.py:545} INFO - Filling up the DagBag from /home/wal/.pyenv/versions/3.12.0/lib/python3.12/site-packages/airflow/example_dags/example_dynamic_task_mapping.py
[2025-07-14T00:05:47.380+0300] {processor.py:840} INFO - DAG(s) 'example_dynamic_task_mapping' retrieved from /home/wal/.pyenv/versions/3.12.0/lib/python3.12/site-packages/airflow/example_dags/example_dynamic_task_mapping.py
[2025-07-14T00:05:47.419+0300] {logging_mixin.py:188} INFO - [2025-07-14T00:05:47.418+0300] {dag.py:3096} INFO - Sync 1 DAGs
[2025-07-14T00:05:47.544+0300] {logging_mixin.py:188} INFO - [2025-07-14T00:05:47.543+0300] {dag.py:3954} INFO - Setting next_dagrun for example_dynamic_task_mapping to 2022-03-04 00:00:00+00:00, run_after=2022-03-05 00:00:00+00:00
[2025-07-14T00:05:47.635+0300] {processor.py:183} INFO - Processing /home/wal/.pyenv/versions/3.12.0/lib/python3.12/site-packages/airflow/example_dags/example_dynamic_task_mapping.py took 0.298 seconds
[2025-07-14T00:06:41.539+0300] {processor.py:161} INFO - Started process (PID=8017) to work on /home/wal/.pyenv/versions/3.12.0/lib/python3.12/site-packages/airflow/example_dags/example_dynamic_task_mapping.py
[2025-07-14T00:06:41.541+0300] {processor.py:830} INFO - Processing file /home/wal/.pyenv/versions/3.12.0/lib/python3.12/site-packages/airflow/example_dags/example_dynamic_task_mapping.py for tasks to queue
[2025-07-14T00:06:41.543+0300] {logging_mixin.py:188} INFO - [2025-07-14T00:06:41.542+0300] {dagbag.py:545} INFO - Filling up the DagBag from /home/wal/.pyenv/versions/3.12.0/lib/python3.12/site-packages/airflow/example_dags/example_dynamic_task_mapping.py
[2025-07-14T00:06:41.553+0300] {processor.py:840} INFO - DAG(s) 'example_dynamic_task_mapping' retrieved from /home/wal/.pyenv/versions/3.12.0/lib/python3.12/site-packages/airflow/example_dags/example_dynamic_task_mapping.py
[2025-07-14T00:06:41.577+0300] {logging_mixin.py:188} INFO - [2025-07-14T00:06:41.577+0300] {dag.py:3096} INFO - Sync 1 DAGs
[2025-07-14T00:06:41.605+0300] {logging_mixin.py:188} INFO - [2025-07-14T00:06:41.605+0300] {dag.py:3954} INFO - Setting next_dagrun for example_dynamic_task_mapping to 2022-03-04 00:00:00+00:00, run_after=2022-03-05 00:00:00+00:00
[2025-07-14T00:06:41.637+0300] {processor.py:183} INFO - Processing /home/wal/.pyenv/versions/3.12.0/lib/python3.12/site-packages/airflow/example_dags/example_dynamic_task_mapping.py took 0.108 seconds
[2025-07-14T00:07:37.249+0300] {processor.py:161} INFO - Started process (PID=8065) to work on /home/wal/.pyenv/versions/3.12.0/lib/python3.12/site-packages/airflow/example_dags/example_dynamic_task_mapping.py
[2025-07-14T00:07:37.255+0300] {processor.py:830} INFO - Processing file /home/wal/.pyenv/versions/3.12.0/lib/python3.12/site-packages/airflow/example_dags/example_dynamic_task_mapping.py for tasks to queue
[2025-07-14T00:07:37.261+0300] {logging_mixin.py:188} INFO - [2025-07-14T00:07:37.260+0300] {dagbag.py:545} INFO - Filling up the DagBag from /home/wal/.pyenv/versions/3.12.0/lib/python3.12/site-packages/airflow/example_dags/example_dynamic_task_mapping.py
[2025-07-14T00:07:37.271+0300] {processor.py:840} INFO - DAG(s) 'example_dynamic_task_mapping' retrieved from /home/wal/.pyenv/versions/3.12.0/lib/python3.12/site-packages/airflow/example_dags/example_dynamic_task_mapping.py
[2025-07-14T00:07:37.298+0300] {logging_mixin.py:188} INFO - [2025-07-14T00:07:37.298+0300] {dag.py:3096} INFO - Sync 1 DAGs
[2025-07-14T00:07:37.330+0300] {logging_mixin.py:188} INFO - [2025-07-14T00:07:37.329+0300] {dag.py:3954} INFO - Setting next_dagrun for example_dynamic_task_mapping to 2022-03-04 00:00:00+00:00, run_after=2022-03-05 00:00:00+00:00
[2025-07-14T00:07:37.371+0300] {processor.py:183} INFO - Processing /home/wal/.pyenv/versions/3.12.0/lib/python3.12/site-packages/airflow/example_dags/example_dynamic_task_mapping.py took 0.135 seconds
