[2025-07-13T22:56:13.238+0300] {processor.py:161} INFO - Started process (PID=4026) to work on /home/wal/.pyenv/versions/3.12.0/lib/python3.12/site-packages/airflow/example_dags/example_setup_teardown.py
[2025-07-13T22:56:13.240+0300] {processor.py:830} INFO - Processing file /home/wal/.pyenv/versions/3.12.0/lib/python3.12/site-packages/airflow/example_dags/example_setup_teardown.py for tasks to queue
[2025-07-13T22:56:13.243+0300] {logging_mixin.py:188} INFO - [2025-07-13T22:56:13.243+0300] {dagbag.py:545} INFO - Filling up the DagBag from /home/wal/.pyenv/versions/3.12.0/lib/python3.12/site-packages/airflow/example_dags/example_setup_teardown.py
[2025-07-13T22:56:13.260+0300] {processor.py:840} INFO - DAG(s) 'example_setup_teardown' retrieved from /home/wal/.pyenv/versions/3.12.0/lib/python3.12/site-packages/airflow/example_dags/example_setup_teardown.py
[2025-07-13T22:56:13.310+0300] {logging_mixin.py:188} INFO - [2025-07-13T22:56:13.310+0300] {dag.py:3096} INFO - Sync 1 DAGs
[2025-07-13T22:56:13.358+0300] {logging_mixin.py:188} INFO - [2025-07-13T22:56:13.358+0300] {dag.py:3954} INFO - Setting next_dagrun for example_setup_teardown to 2025-07-12 00:00:00+00:00, run_after=2025-07-13 00:00:00+00:00
[2025-07-13T22:56:13.405+0300] {processor.py:183} INFO - Processing /home/wal/.pyenv/versions/3.12.0/lib/python3.12/site-packages/airflow/example_dags/example_setup_teardown.py took 0.181 seconds
[2025-07-13T22:57:10.116+0300] {processor.py:161} INFO - Started process (PID=4165) to work on /home/wal/.pyenv/versions/3.12.0/lib/python3.12/site-packages/airflow/example_dags/example_setup_teardown.py
[2025-07-13T22:57:10.122+0300] {processor.py:830} INFO - Processing file /home/wal/.pyenv/versions/3.12.0/lib/python3.12/site-packages/airflow/example_dags/example_setup_teardown.py for tasks to queue
[2025-07-13T22:57:10.125+0300] {logging_mixin.py:188} INFO - [2025-07-13T22:57:10.124+0300] {dagbag.py:545} INFO - Filling up the DagBag from /home/wal/.pyenv/versions/3.12.0/lib/python3.12/site-packages/airflow/example_dags/example_setup_teardown.py
[2025-07-13T22:57:10.132+0300] {processor.py:840} INFO - DAG(s) 'example_setup_teardown' retrieved from /home/wal/.pyenv/versions/3.12.0/lib/python3.12/site-packages/airflow/example_dags/example_setup_teardown.py
[2025-07-13T22:57:10.148+0300] {logging_mixin.py:188} INFO - [2025-07-13T22:57:10.148+0300] {dag.py:3096} INFO - Sync 1 DAGs
[2025-07-13T22:57:10.168+0300] {logging_mixin.py:188} INFO - [2025-07-13T22:57:10.167+0300] {dag.py:3954} INFO - Setting next_dagrun for example_setup_teardown to 2025-07-12 00:00:00+00:00, run_after=2025-07-13 00:00:00+00:00
[2025-07-13T22:57:10.195+0300] {processor.py:183} INFO - Processing /home/wal/.pyenv/versions/3.12.0/lib/python3.12/site-packages/airflow/example_dags/example_setup_teardown.py took 0.085 seconds
[2025-07-13T22:58:07.961+0300] {processor.py:161} INFO - Started process (PID=4274) to work on /home/wal/.pyenv/versions/3.12.0/lib/python3.12/site-packages/airflow/example_dags/example_setup_teardown.py
[2025-07-13T22:58:07.963+0300] {processor.py:830} INFO - Processing file /home/wal/.pyenv/versions/3.12.0/lib/python3.12/site-packages/airflow/example_dags/example_setup_teardown.py for tasks to queue
[2025-07-13T22:58:07.965+0300] {logging_mixin.py:188} INFO - [2025-07-13T22:58:07.965+0300] {dagbag.py:545} INFO - Filling up the DagBag from /home/wal/.pyenv/versions/3.12.0/lib/python3.12/site-packages/airflow/example_dags/example_setup_teardown.py
[2025-07-13T22:58:07.974+0300] {processor.py:840} INFO - DAG(s) 'example_setup_teardown' retrieved from /home/wal/.pyenv/versions/3.12.0/lib/python3.12/site-packages/airflow/example_dags/example_setup_teardown.py
[2025-07-13T22:58:07.997+0300] {logging_mixin.py:188} INFO - [2025-07-13T22:58:07.996+0300] {dag.py:3096} INFO - Sync 1 DAGs
[2025-07-13T22:58:08.021+0300] {logging_mixin.py:188} INFO - [2025-07-13T22:58:08.021+0300] {dag.py:3954} INFO - Setting next_dagrun for example_setup_teardown to 2025-07-12 00:00:00+00:00, run_after=2025-07-13 00:00:00+00:00
[2025-07-13T22:58:08.047+0300] {processor.py:183} INFO - Processing /home/wal/.pyenv/versions/3.12.0/lib/python3.12/site-packages/airflow/example_dags/example_setup_teardown.py took 0.095 seconds
[2025-07-13T22:59:49.931+0300] {processor.py:161} INFO - Started process (PID=4528) to work on /home/wal/.pyenv/versions/3.12.0/lib/python3.12/site-packages/airflow/example_dags/example_setup_teardown.py
[2025-07-13T22:59:49.933+0300] {processor.py:830} INFO - Processing file /home/wal/.pyenv/versions/3.12.0/lib/python3.12/site-packages/airflow/example_dags/example_setup_teardown.py for tasks to queue
[2025-07-13T22:59:49.935+0300] {logging_mixin.py:188} INFO - [2025-07-13T22:59:49.935+0300] {dagbag.py:545} INFO - Filling up the DagBag from /home/wal/.pyenv/versions/3.12.0/lib/python3.12/site-packages/airflow/example_dags/example_setup_teardown.py
[2025-07-13T22:59:49.949+0300] {processor.py:840} INFO - DAG(s) 'example_setup_teardown' retrieved from /home/wal/.pyenv/versions/3.12.0/lib/python3.12/site-packages/airflow/example_dags/example_setup_teardown.py
[2025-07-13T22:59:50.145+0300] {logging_mixin.py:188} INFO - [2025-07-13T22:59:50.145+0300] {dag.py:3096} INFO - Sync 1 DAGs
[2025-07-13T22:59:50.166+0300] {logging_mixin.py:188} INFO - [2025-07-13T22:59:50.166+0300] {dag.py:3954} INFO - Setting next_dagrun for example_setup_teardown to 2025-07-12 00:00:00+00:00, run_after=2025-07-13 00:00:00+00:00
[2025-07-13T22:59:50.194+0300] {processor.py:183} INFO - Processing /home/wal/.pyenv/versions/3.12.0/lib/python3.12/site-packages/airflow/example_dags/example_setup_teardown.py took 0.272 seconds
[2025-07-13T23:01:05.128+0300] {processor.py:161} INFO - Started process (PID=4589) to work on /home/wal/.pyenv/versions/3.12.0/lib/python3.12/site-packages/airflow/example_dags/example_setup_teardown.py
[2025-07-13T23:01:05.141+0300] {processor.py:830} INFO - Processing file /home/wal/.pyenv/versions/3.12.0/lib/python3.12/site-packages/airflow/example_dags/example_setup_teardown.py for tasks to queue
[2025-07-13T23:01:05.147+0300] {logging_mixin.py:188} INFO - [2025-07-13T23:01:05.146+0300] {dagbag.py:545} INFO - Filling up the DagBag from /home/wal/.pyenv/versions/3.12.0/lib/python3.12/site-packages/airflow/example_dags/example_setup_teardown.py
[2025-07-13T23:01:05.187+0300] {processor.py:840} INFO - DAG(s) 'example_setup_teardown' retrieved from /home/wal/.pyenv/versions/3.12.0/lib/python3.12/site-packages/airflow/example_dags/example_setup_teardown.py
[2025-07-13T23:01:05.310+0300] {logging_mixin.py:188} INFO - [2025-07-13T23:01:05.309+0300] {dag.py:3096} INFO - Sync 1 DAGs
[2025-07-13T23:01:05.448+0300] {logging_mixin.py:188} INFO - [2025-07-13T23:01:05.448+0300] {dag.py:3954} INFO - Setting next_dagrun for example_setup_teardown to 2025-07-12 00:00:00+00:00, run_after=2025-07-13 00:00:00+00:00
[2025-07-13T23:01:05.637+0300] {processor.py:183} INFO - Processing /home/wal/.pyenv/versions/3.12.0/lib/python3.12/site-packages/airflow/example_dags/example_setup_teardown.py took 0.556 seconds
[2025-07-13T23:02:49.962+0300] {processor.py:161} INFO - Started process (PID=4654) to work on /home/wal/.pyenv/versions/3.12.0/lib/python3.12/site-packages/airflow/example_dags/example_setup_teardown.py
[2025-07-13T23:02:49.975+0300] {processor.py:830} INFO - Processing file /home/wal/.pyenv/versions/3.12.0/lib/python3.12/site-packages/airflow/example_dags/example_setup_teardown.py for tasks to queue
[2025-07-13T23:02:49.983+0300] {logging_mixin.py:188} INFO - [2025-07-13T23:02:49.981+0300] {dagbag.py:545} INFO - Filling up the DagBag from /home/wal/.pyenv/versions/3.12.0/lib/python3.12/site-packages/airflow/example_dags/example_setup_teardown.py
[2025-07-13T23:02:50.008+0300] {processor.py:840} INFO - DAG(s) 'example_setup_teardown' retrieved from /home/wal/.pyenv/versions/3.12.0/lib/python3.12/site-packages/airflow/example_dags/example_setup_teardown.py
[2025-07-13T23:02:50.064+0300] {logging_mixin.py:188} INFO - [2025-07-13T23:02:50.063+0300] {dag.py:3096} INFO - Sync 1 DAGs
[2025-07-13T23:02:50.159+0300] {logging_mixin.py:188} INFO - [2025-07-13T23:02:50.156+0300] {dag.py:3954} INFO - Setting next_dagrun for example_setup_teardown to 2025-07-12 00:00:00+00:00, run_after=2025-07-13 00:00:00+00:00
[2025-07-13T23:02:50.247+0300] {processor.py:183} INFO - Processing /home/wal/.pyenv/versions/3.12.0/lib/python3.12/site-packages/airflow/example_dags/example_setup_teardown.py took 0.312 seconds
[2025-07-13T23:04:15.109+0300] {processor.py:161} INFO - Started process (PID=4720) to work on /home/wal/.pyenv/versions/3.12.0/lib/python3.12/site-packages/airflow/example_dags/example_setup_teardown.py
[2025-07-13T23:04:15.117+0300] {processor.py:830} INFO - Processing file /home/wal/.pyenv/versions/3.12.0/lib/python3.12/site-packages/airflow/example_dags/example_setup_teardown.py for tasks to queue
[2025-07-13T23:04:15.120+0300] {logging_mixin.py:188} INFO - [2025-07-13T23:04:15.119+0300] {dagbag.py:545} INFO - Filling up the DagBag from /home/wal/.pyenv/versions/3.12.0/lib/python3.12/site-packages/airflow/example_dags/example_setup_teardown.py
[2025-07-13T23:04:15.135+0300] {processor.py:840} INFO - DAG(s) 'example_setup_teardown' retrieved from /home/wal/.pyenv/versions/3.12.0/lib/python3.12/site-packages/airflow/example_dags/example_setup_teardown.py
[2025-07-13T23:04:15.169+0300] {logging_mixin.py:188} INFO - [2025-07-13T23:04:15.168+0300] {dag.py:3096} INFO - Sync 1 DAGs
[2025-07-13T23:04:15.213+0300] {logging_mixin.py:188} INFO - [2025-07-13T23:04:15.212+0300] {dag.py:3954} INFO - Setting next_dagrun for example_setup_teardown to 2025-07-12 00:00:00+00:00, run_after=2025-07-13 00:00:00+00:00
[2025-07-13T23:04:15.257+0300] {processor.py:183} INFO - Processing /home/wal/.pyenv/versions/3.12.0/lib/python3.12/site-packages/airflow/example_dags/example_setup_teardown.py took 0.164 seconds
[2025-07-13T23:05:26.860+0300] {processor.py:161} INFO - Started process (PID=4784) to work on /home/wal/.pyenv/versions/3.12.0/lib/python3.12/site-packages/airflow/example_dags/example_setup_teardown.py
[2025-07-13T23:05:26.864+0300] {processor.py:830} INFO - Processing file /home/wal/.pyenv/versions/3.12.0/lib/python3.12/site-packages/airflow/example_dags/example_setup_teardown.py for tasks to queue
[2025-07-13T23:05:26.889+0300] {logging_mixin.py:188} INFO - [2025-07-13T23:05:26.878+0300] {dagbag.py:545} INFO - Filling up the DagBag from /home/wal/.pyenv/versions/3.12.0/lib/python3.12/site-packages/airflow/example_dags/example_setup_teardown.py
[2025-07-13T23:05:26.982+0300] {processor.py:840} INFO - DAG(s) 'example_setup_teardown' retrieved from /home/wal/.pyenv/versions/3.12.0/lib/python3.12/site-packages/airflow/example_dags/example_setup_teardown.py
[2025-07-13T23:05:27.202+0300] {logging_mixin.py:188} INFO - [2025-07-13T23:05:27.201+0300] {dag.py:3096} INFO - Sync 1 DAGs
[2025-07-13T23:05:27.464+0300] {logging_mixin.py:188} INFO - [2025-07-13T23:05:27.463+0300] {dag.py:3954} INFO - Setting next_dagrun for example_setup_teardown to 2025-07-12 00:00:00+00:00, run_after=2025-07-13 00:00:00+00:00
[2025-07-13T23:05:27.675+0300] {processor.py:183} INFO - Processing /home/wal/.pyenv/versions/3.12.0/lib/python3.12/site-packages/airflow/example_dags/example_setup_teardown.py took 0.862 seconds
[2025-07-13T23:07:07.397+0300] {processor.py:161} INFO - Started process (PID=4851) to work on /home/wal/.pyenv/versions/3.12.0/lib/python3.12/site-packages/airflow/example_dags/example_setup_teardown.py
[2025-07-13T23:07:07.404+0300] {processor.py:830} INFO - Processing file /home/wal/.pyenv/versions/3.12.0/lib/python3.12/site-packages/airflow/example_dags/example_setup_teardown.py for tasks to queue
[2025-07-13T23:07:07.408+0300] {logging_mixin.py:188} INFO - [2025-07-13T23:07:07.407+0300] {dagbag.py:545} INFO - Filling up the DagBag from /home/wal/.pyenv/versions/3.12.0/lib/python3.12/site-packages/airflow/example_dags/example_setup_teardown.py
[2025-07-13T23:07:07.424+0300] {processor.py:840} INFO - DAG(s) 'example_setup_teardown' retrieved from /home/wal/.pyenv/versions/3.12.0/lib/python3.12/site-packages/airflow/example_dags/example_setup_teardown.py
[2025-07-13T23:07:07.469+0300] {logging_mixin.py:188} INFO - [2025-07-13T23:07:07.468+0300] {dag.py:3096} INFO - Sync 1 DAGs
[2025-07-13T23:07:07.535+0300] {logging_mixin.py:188} INFO - [2025-07-13T23:07:07.534+0300] {dag.py:3954} INFO - Setting next_dagrun for example_setup_teardown to 2025-07-12 00:00:00+00:00, run_after=2025-07-13 00:00:00+00:00
[2025-07-13T23:07:07.585+0300] {processor.py:183} INFO - Processing /home/wal/.pyenv/versions/3.12.0/lib/python3.12/site-packages/airflow/example_dags/example_setup_teardown.py took 0.211 seconds
[2025-07-13T23:08:15.943+0300] {processor.py:161} INFO - Started process (PID=4909) to work on /home/wal/.pyenv/versions/3.12.0/lib/python3.12/site-packages/airflow/example_dags/example_setup_teardown.py
[2025-07-13T23:08:15.950+0300] {processor.py:830} INFO - Processing file /home/wal/.pyenv/versions/3.12.0/lib/python3.12/site-packages/airflow/example_dags/example_setup_teardown.py for tasks to queue
[2025-07-13T23:08:15.954+0300] {logging_mixin.py:188} INFO - [2025-07-13T23:08:15.953+0300] {dagbag.py:545} INFO - Filling up the DagBag from /home/wal/.pyenv/versions/3.12.0/lib/python3.12/site-packages/airflow/example_dags/example_setup_teardown.py
[2025-07-13T23:08:15.968+0300] {processor.py:840} INFO - DAG(s) 'example_setup_teardown' retrieved from /home/wal/.pyenv/versions/3.12.0/lib/python3.12/site-packages/airflow/example_dags/example_setup_teardown.py
[2025-07-13T23:08:16.002+0300] {logging_mixin.py:188} INFO - [2025-07-13T23:08:16.002+0300] {dag.py:3096} INFO - Sync 1 DAGs
[2025-07-13T23:08:16.065+0300] {logging_mixin.py:188} INFO - [2025-07-13T23:08:16.064+0300] {dag.py:3954} INFO - Setting next_dagrun for example_setup_teardown to 2025-07-12 00:00:00+00:00, run_after=2025-07-13 00:00:00+00:00
[2025-07-13T23:08:16.143+0300] {processor.py:183} INFO - Processing /home/wal/.pyenv/versions/3.12.0/lib/python3.12/site-packages/airflow/example_dags/example_setup_teardown.py took 0.216 seconds
[2025-07-13T23:09:17.105+0300] {processor.py:161} INFO - Started process (PID=4962) to work on /home/wal/.pyenv/versions/3.12.0/lib/python3.12/site-packages/airflow/example_dags/example_setup_teardown.py
[2025-07-13T23:09:17.111+0300] {processor.py:830} INFO - Processing file /home/wal/.pyenv/versions/3.12.0/lib/python3.12/site-packages/airflow/example_dags/example_setup_teardown.py for tasks to queue
[2025-07-13T23:09:17.115+0300] {logging_mixin.py:188} INFO - [2025-07-13T23:09:17.114+0300] {dagbag.py:545} INFO - Filling up the DagBag from /home/wal/.pyenv/versions/3.12.0/lib/python3.12/site-packages/airflow/example_dags/example_setup_teardown.py
[2025-07-13T23:09:17.127+0300] {processor.py:840} INFO - DAG(s) 'example_setup_teardown' retrieved from /home/wal/.pyenv/versions/3.12.0/lib/python3.12/site-packages/airflow/example_dags/example_setup_teardown.py
[2025-07-13T23:09:17.161+0300] {logging_mixin.py:188} INFO - [2025-07-13T23:09:17.161+0300] {dag.py:3096} INFO - Sync 1 DAGs
[2025-07-13T23:09:17.195+0300] {logging_mixin.py:188} INFO - [2025-07-13T23:09:17.195+0300] {dag.py:3954} INFO - Setting next_dagrun for example_setup_teardown to 2025-07-12 00:00:00+00:00, run_after=2025-07-13 00:00:00+00:00
[2025-07-13T23:09:17.232+0300] {processor.py:183} INFO - Processing /home/wal/.pyenv/versions/3.12.0/lib/python3.12/site-packages/airflow/example_dags/example_setup_teardown.py took 0.140 seconds
[2025-07-13T23:10:27.114+0300] {processor.py:161} INFO - Started process (PID=5019) to work on /home/wal/.pyenv/versions/3.12.0/lib/python3.12/site-packages/airflow/example_dags/example_setup_teardown.py
[2025-07-13T23:10:27.116+0300] {processor.py:830} INFO - Processing file /home/wal/.pyenv/versions/3.12.0/lib/python3.12/site-packages/airflow/example_dags/example_setup_teardown.py for tasks to queue
[2025-07-13T23:10:27.119+0300] {logging_mixin.py:188} INFO - [2025-07-13T23:10:27.117+0300] {dagbag.py:545} INFO - Filling up the DagBag from /home/wal/.pyenv/versions/3.12.0/lib/python3.12/site-packages/airflow/example_dags/example_setup_teardown.py
[2025-07-13T23:10:27.128+0300] {processor.py:840} INFO - DAG(s) 'example_setup_teardown' retrieved from /home/wal/.pyenv/versions/3.12.0/lib/python3.12/site-packages/airflow/example_dags/example_setup_teardown.py
[2025-07-13T23:10:27.162+0300] {logging_mixin.py:188} INFO - [2025-07-13T23:10:27.162+0300] {dag.py:3096} INFO - Sync 1 DAGs
[2025-07-13T23:10:27.190+0300] {logging_mixin.py:188} INFO - [2025-07-13T23:10:27.190+0300] {dag.py:3954} INFO - Setting next_dagrun for example_setup_teardown to 2025-07-12 00:00:00+00:00, run_after=2025-07-13 00:00:00+00:00
[2025-07-13T23:10:27.220+0300] {processor.py:183} INFO - Processing /home/wal/.pyenv/versions/3.12.0/lib/python3.12/site-packages/airflow/example_dags/example_setup_teardown.py took 0.113 seconds
[2025-07-13T23:11:23.434+0300] {processor.py:161} INFO - Started process (PID=5071) to work on /home/wal/.pyenv/versions/3.12.0/lib/python3.12/site-packages/airflow/example_dags/example_setup_teardown.py
[2025-07-13T23:11:23.435+0300] {processor.py:830} INFO - Processing file /home/wal/.pyenv/versions/3.12.0/lib/python3.12/site-packages/airflow/example_dags/example_setup_teardown.py for tasks to queue
[2025-07-13T23:11:23.438+0300] {logging_mixin.py:188} INFO - [2025-07-13T23:11:23.438+0300] {dagbag.py:545} INFO - Filling up the DagBag from /home/wal/.pyenv/versions/3.12.0/lib/python3.12/site-packages/airflow/example_dags/example_setup_teardown.py
[2025-07-13T23:11:23.448+0300] {processor.py:840} INFO - DAG(s) 'example_setup_teardown' retrieved from /home/wal/.pyenv/versions/3.12.0/lib/python3.12/site-packages/airflow/example_dags/example_setup_teardown.py
[2025-07-13T23:11:23.470+0300] {logging_mixin.py:188} INFO - [2025-07-13T23:11:23.469+0300] {dag.py:3096} INFO - Sync 1 DAGs
[2025-07-13T23:11:23.497+0300] {logging_mixin.py:188} INFO - [2025-07-13T23:11:23.496+0300] {dag.py:3954} INFO - Setting next_dagrun for example_setup_teardown to 2025-07-12 00:00:00+00:00, run_after=2025-07-13 00:00:00+00:00
[2025-07-13T23:11:23.531+0300] {processor.py:183} INFO - Processing /home/wal/.pyenv/versions/3.12.0/lib/python3.12/site-packages/airflow/example_dags/example_setup_teardown.py took 0.104 seconds
[2025-07-13T23:12:19.111+0300] {processor.py:161} INFO - Started process (PID=5121) to work on /home/wal/.pyenv/versions/3.12.0/lib/python3.12/site-packages/airflow/example_dags/example_setup_teardown.py
[2025-07-13T23:12:19.124+0300] {processor.py:830} INFO - Processing file /home/wal/.pyenv/versions/3.12.0/lib/python3.12/site-packages/airflow/example_dags/example_setup_teardown.py for tasks to queue
[2025-07-13T23:12:19.142+0300] {logging_mixin.py:188} INFO - [2025-07-13T23:12:19.129+0300] {dagbag.py:545} INFO - Filling up the DagBag from /home/wal/.pyenv/versions/3.12.0/lib/python3.12/site-packages/airflow/example_dags/example_setup_teardown.py
[2025-07-13T23:12:19.247+0300] {processor.py:840} INFO - DAG(s) 'example_setup_teardown' retrieved from /home/wal/.pyenv/versions/3.12.0/lib/python3.12/site-packages/airflow/example_dags/example_setup_teardown.py
[2025-07-13T23:12:19.366+0300] {logging_mixin.py:188} INFO - [2025-07-13T23:12:19.365+0300] {dag.py:3096} INFO - Sync 1 DAGs
[2025-07-13T23:12:19.527+0300] {logging_mixin.py:188} INFO - [2025-07-13T23:12:19.526+0300] {dag.py:3954} INFO - Setting next_dagrun for example_setup_teardown to 2025-07-12 00:00:00+00:00, run_after=2025-07-13 00:00:00+00:00
[2025-07-13T23:12:19.666+0300] {processor.py:183} INFO - Processing /home/wal/.pyenv/versions/3.12.0/lib/python3.12/site-packages/airflow/example_dags/example_setup_teardown.py took 0.596 seconds
[2025-07-13T23:13:27.017+0300] {processor.py:161} INFO - Started process (PID=5183) to work on /home/wal/.pyenv/versions/3.12.0/lib/python3.12/site-packages/airflow/example_dags/example_setup_teardown.py
[2025-07-13T23:13:27.019+0300] {processor.py:830} INFO - Processing file /home/wal/.pyenv/versions/3.12.0/lib/python3.12/site-packages/airflow/example_dags/example_setup_teardown.py for tasks to queue
[2025-07-13T23:13:27.022+0300] {logging_mixin.py:188} INFO - [2025-07-13T23:13:27.021+0300] {dagbag.py:545} INFO - Filling up the DagBag from /home/wal/.pyenv/versions/3.12.0/lib/python3.12/site-packages/airflow/example_dags/example_setup_teardown.py
[2025-07-13T23:13:27.033+0300] {processor.py:840} INFO - DAG(s) 'example_setup_teardown' retrieved from /home/wal/.pyenv/versions/3.12.0/lib/python3.12/site-packages/airflow/example_dags/example_setup_teardown.py
[2025-07-13T23:13:27.063+0300] {logging_mixin.py:188} INFO - [2025-07-13T23:13:27.063+0300] {dag.py:3096} INFO - Sync 1 DAGs
[2025-07-13T23:13:27.104+0300] {logging_mixin.py:188} INFO - [2025-07-13T23:13:27.104+0300] {dag.py:3954} INFO - Setting next_dagrun for example_setup_teardown to 2025-07-12 00:00:00+00:00, run_after=2025-07-13 00:00:00+00:00
[2025-07-13T23:13:27.142+0300] {processor.py:183} INFO - Processing /home/wal/.pyenv/versions/3.12.0/lib/python3.12/site-packages/airflow/example_dags/example_setup_teardown.py took 0.134 seconds
[2025-07-13T23:14:31.942+0300] {processor.py:161} INFO - Started process (PID=5252) to work on /home/wal/.pyenv/versions/3.12.0/lib/python3.12/site-packages/airflow/example_dags/example_setup_teardown.py
[2025-07-13T23:14:31.948+0300] {processor.py:830} INFO - Processing file /home/wal/.pyenv/versions/3.12.0/lib/python3.12/site-packages/airflow/example_dags/example_setup_teardown.py for tasks to queue
[2025-07-13T23:14:31.950+0300] {logging_mixin.py:188} INFO - [2025-07-13T23:14:31.950+0300] {dagbag.py:545} INFO - Filling up the DagBag from /home/wal/.pyenv/versions/3.12.0/lib/python3.12/site-packages/airflow/example_dags/example_setup_teardown.py
[2025-07-13T23:14:31.959+0300] {processor.py:840} INFO - DAG(s) 'example_setup_teardown' retrieved from /home/wal/.pyenv/versions/3.12.0/lib/python3.12/site-packages/airflow/example_dags/example_setup_teardown.py
[2025-07-13T23:14:31.981+0300] {logging_mixin.py:188} INFO - [2025-07-13T23:14:31.980+0300] {dag.py:3096} INFO - Sync 1 DAGs
[2025-07-13T23:14:32.013+0300] {logging_mixin.py:188} INFO - [2025-07-13T23:14:32.012+0300] {dag.py:3954} INFO - Setting next_dagrun for example_setup_teardown to 2025-07-12 00:00:00+00:00, run_after=2025-07-13 00:00:00+00:00
[2025-07-13T23:14:32.044+0300] {processor.py:183} INFO - Processing /home/wal/.pyenv/versions/3.12.0/lib/python3.12/site-packages/airflow/example_dags/example_setup_teardown.py took 0.112 seconds
[2025-07-13T23:15:31.635+0300] {processor.py:161} INFO - Started process (PID=5315) to work on /home/wal/.pyenv/versions/3.12.0/lib/python3.12/site-packages/airflow/example_dags/example_setup_teardown.py
[2025-07-13T23:15:31.639+0300] {processor.py:830} INFO - Processing file /home/wal/.pyenv/versions/3.12.0/lib/python3.12/site-packages/airflow/example_dags/example_setup_teardown.py for tasks to queue
[2025-07-13T23:15:31.643+0300] {logging_mixin.py:188} INFO - [2025-07-13T23:15:31.642+0300] {dagbag.py:545} INFO - Filling up the DagBag from /home/wal/.pyenv/versions/3.12.0/lib/python3.12/site-packages/airflow/example_dags/example_setup_teardown.py
[2025-07-13T23:15:31.653+0300] {processor.py:840} INFO - DAG(s) 'example_setup_teardown' retrieved from /home/wal/.pyenv/versions/3.12.0/lib/python3.12/site-packages/airflow/example_dags/example_setup_teardown.py
[2025-07-13T23:15:31.676+0300] {logging_mixin.py:188} INFO - [2025-07-13T23:15:31.676+0300] {dag.py:3096} INFO - Sync 1 DAGs
[2025-07-13T23:15:31.702+0300] {logging_mixin.py:188} INFO - [2025-07-13T23:15:31.702+0300] {dag.py:3954} INFO - Setting next_dagrun for example_setup_teardown to 2025-07-12 00:00:00+00:00, run_after=2025-07-13 00:00:00+00:00
[2025-07-13T23:15:31.730+0300] {processor.py:183} INFO - Processing /home/wal/.pyenv/versions/3.12.0/lib/python3.12/site-packages/airflow/example_dags/example_setup_teardown.py took 0.102 seconds
[2025-07-13T23:16:31.636+0300] {processor.py:161} INFO - Started process (PID=5367) to work on /home/wal/.pyenv/versions/3.12.0/lib/python3.12/site-packages/airflow/example_dags/example_setup_teardown.py
[2025-07-13T23:16:31.639+0300] {processor.py:830} INFO - Processing file /home/wal/.pyenv/versions/3.12.0/lib/python3.12/site-packages/airflow/example_dags/example_setup_teardown.py for tasks to queue
[2025-07-13T23:16:31.643+0300] {logging_mixin.py:188} INFO - [2025-07-13T23:16:31.642+0300] {dagbag.py:545} INFO - Filling up the DagBag from /home/wal/.pyenv/versions/3.12.0/lib/python3.12/site-packages/airflow/example_dags/example_setup_teardown.py
[2025-07-13T23:16:31.677+0300] {processor.py:840} INFO - DAG(s) 'example_setup_teardown' retrieved from /home/wal/.pyenv/versions/3.12.0/lib/python3.12/site-packages/airflow/example_dags/example_setup_teardown.py
[2025-07-13T23:16:31.764+0300] {logging_mixin.py:188} INFO - [2025-07-13T23:16:31.763+0300] {dag.py:3096} INFO - Sync 1 DAGs
[2025-07-13T23:16:31.840+0300] {logging_mixin.py:188} INFO - [2025-07-13T23:16:31.838+0300] {dag.py:3954} INFO - Setting next_dagrun for example_setup_teardown to 2025-07-12 00:00:00+00:00, run_after=2025-07-13 00:00:00+00:00
[2025-07-13T23:16:31.917+0300] {processor.py:183} INFO - Processing /home/wal/.pyenv/versions/3.12.0/lib/python3.12/site-packages/airflow/example_dags/example_setup_teardown.py took 0.301 seconds
[2025-07-13T23:17:47.591+0300] {processor.py:161} INFO - Started process (PID=5428) to work on /home/wal/.pyenv/versions/3.12.0/lib/python3.12/site-packages/airflow/example_dags/example_setup_teardown.py
[2025-07-13T23:17:47.599+0300] {processor.py:830} INFO - Processing file /home/wal/.pyenv/versions/3.12.0/lib/python3.12/site-packages/airflow/example_dags/example_setup_teardown.py for tasks to queue
[2025-07-13T23:17:47.606+0300] {logging_mixin.py:188} INFO - [2025-07-13T23:17:47.604+0300] {dagbag.py:545} INFO - Filling up the DagBag from /home/wal/.pyenv/versions/3.12.0/lib/python3.12/site-packages/airflow/example_dags/example_setup_teardown.py
[2025-07-13T23:17:47.647+0300] {processor.py:840} INFO - DAG(s) 'example_setup_teardown' retrieved from /home/wal/.pyenv/versions/3.12.0/lib/python3.12/site-packages/airflow/example_dags/example_setup_teardown.py
[2025-07-13T23:17:47.766+0300] {logging_mixin.py:188} INFO - [2025-07-13T23:17:47.766+0300] {dag.py:3096} INFO - Sync 1 DAGs
[2025-07-13T23:17:47.903+0300] {logging_mixin.py:188} INFO - [2025-07-13T23:17:47.902+0300] {dag.py:3954} INFO - Setting next_dagrun for example_setup_teardown to 2025-07-12 00:00:00+00:00, run_after=2025-07-13 00:00:00+00:00
[2025-07-13T23:17:48.031+0300] {processor.py:183} INFO - Processing /home/wal/.pyenv/versions/3.12.0/lib/python3.12/site-packages/airflow/example_dags/example_setup_teardown.py took 0.466 seconds
[2025-07-13T23:18:54.961+0300] {processor.py:161} INFO - Started process (PID=5484) to work on /home/wal/.pyenv/versions/3.12.0/lib/python3.12/site-packages/airflow/example_dags/example_setup_teardown.py
[2025-07-13T23:18:54.962+0300] {processor.py:830} INFO - Processing file /home/wal/.pyenv/versions/3.12.0/lib/python3.12/site-packages/airflow/example_dags/example_setup_teardown.py for tasks to queue
[2025-07-13T23:18:54.964+0300] {logging_mixin.py:188} INFO - [2025-07-13T23:18:54.964+0300] {dagbag.py:545} INFO - Filling up the DagBag from /home/wal/.pyenv/versions/3.12.0/lib/python3.12/site-packages/airflow/example_dags/example_setup_teardown.py
[2025-07-13T23:18:54.973+0300] {processor.py:840} INFO - DAG(s) 'example_setup_teardown' retrieved from /home/wal/.pyenv/versions/3.12.0/lib/python3.12/site-packages/airflow/example_dags/example_setup_teardown.py
[2025-07-13T23:18:54.994+0300] {logging_mixin.py:188} INFO - [2025-07-13T23:18:54.994+0300] {dag.py:3096} INFO - Sync 1 DAGs
[2025-07-13T23:18:55.027+0300] {logging_mixin.py:188} INFO - [2025-07-13T23:18:55.026+0300] {dag.py:3954} INFO - Setting next_dagrun for example_setup_teardown to 2025-07-12 00:00:00+00:00, run_after=2025-07-13 00:00:00+00:00
[2025-07-13T23:18:55.059+0300] {processor.py:183} INFO - Processing /home/wal/.pyenv/versions/3.12.0/lib/python3.12/site-packages/airflow/example_dags/example_setup_teardown.py took 0.106 seconds
[2025-07-13T23:19:56.778+0300] {processor.py:161} INFO - Started process (PID=5538) to work on /home/wal/.pyenv/versions/3.12.0/lib/python3.12/site-packages/airflow/example_dags/example_setup_teardown.py
[2025-07-13T23:19:56.785+0300] {processor.py:830} INFO - Processing file /home/wal/.pyenv/versions/3.12.0/lib/python3.12/site-packages/airflow/example_dags/example_setup_teardown.py for tasks to queue
[2025-07-13T23:19:56.788+0300] {logging_mixin.py:188} INFO - [2025-07-13T23:19:56.787+0300] {dagbag.py:545} INFO - Filling up the DagBag from /home/wal/.pyenv/versions/3.12.0/lib/python3.12/site-packages/airflow/example_dags/example_setup_teardown.py
[2025-07-13T23:19:56.798+0300] {processor.py:840} INFO - DAG(s) 'example_setup_teardown' retrieved from /home/wal/.pyenv/versions/3.12.0/lib/python3.12/site-packages/airflow/example_dags/example_setup_teardown.py
[2025-07-13T23:19:56.826+0300] {logging_mixin.py:188} INFO - [2025-07-13T23:19:56.826+0300] {dag.py:3096} INFO - Sync 1 DAGs
[2025-07-13T23:19:56.859+0300] {logging_mixin.py:188} INFO - [2025-07-13T23:19:56.858+0300] {dag.py:3954} INFO - Setting next_dagrun for example_setup_teardown to 2025-07-12 00:00:00+00:00, run_after=2025-07-13 00:00:00+00:00
[2025-07-13T23:19:56.893+0300] {processor.py:183} INFO - Processing /home/wal/.pyenv/versions/3.12.0/lib/python3.12/site-packages/airflow/example_dags/example_setup_teardown.py took 0.128 seconds
[2025-07-13T23:20:59.611+0300] {processor.py:161} INFO - Started process (PID=5592) to work on /home/wal/.pyenv/versions/3.12.0/lib/python3.12/site-packages/airflow/example_dags/example_setup_teardown.py
[2025-07-13T23:20:59.617+0300] {processor.py:830} INFO - Processing file /home/wal/.pyenv/versions/3.12.0/lib/python3.12/site-packages/airflow/example_dags/example_setup_teardown.py for tasks to queue
[2025-07-13T23:20:59.620+0300] {logging_mixin.py:188} INFO - [2025-07-13T23:20:59.619+0300] {dagbag.py:545} INFO - Filling up the DagBag from /home/wal/.pyenv/versions/3.12.0/lib/python3.12/site-packages/airflow/example_dags/example_setup_teardown.py
[2025-07-13T23:20:59.633+0300] {processor.py:840} INFO - DAG(s) 'example_setup_teardown' retrieved from /home/wal/.pyenv/versions/3.12.0/lib/python3.12/site-packages/airflow/example_dags/example_setup_teardown.py
[2025-07-13T23:20:59.667+0300] {logging_mixin.py:188} INFO - [2025-07-13T23:20:59.667+0300] {dag.py:3096} INFO - Sync 1 DAGs
[2025-07-13T23:20:59.722+0300] {logging_mixin.py:188} INFO - [2025-07-13T23:20:59.721+0300] {dag.py:3954} INFO - Setting next_dagrun for example_setup_teardown to 2025-07-12 00:00:00+00:00, run_after=2025-07-13 00:00:00+00:00
[2025-07-13T23:20:59.772+0300] {processor.py:183} INFO - Processing /home/wal/.pyenv/versions/3.12.0/lib/python3.12/site-packages/airflow/example_dags/example_setup_teardown.py took 0.173 seconds
[2025-07-13T23:22:06.276+0300] {processor.py:161} INFO - Started process (PID=5648) to work on /home/wal/.pyenv/versions/3.12.0/lib/python3.12/site-packages/airflow/example_dags/example_setup_teardown.py
[2025-07-13T23:22:06.282+0300] {processor.py:830} INFO - Processing file /home/wal/.pyenv/versions/3.12.0/lib/python3.12/site-packages/airflow/example_dags/example_setup_teardown.py for tasks to queue
[2025-07-13T23:22:06.285+0300] {logging_mixin.py:188} INFO - [2025-07-13T23:22:06.284+0300] {dagbag.py:545} INFO - Filling up the DagBag from /home/wal/.pyenv/versions/3.12.0/lib/python3.12/site-packages/airflow/example_dags/example_setup_teardown.py
[2025-07-13T23:22:06.297+0300] {processor.py:840} INFO - DAG(s) 'example_setup_teardown' retrieved from /home/wal/.pyenv/versions/3.12.0/lib/python3.12/site-packages/airflow/example_dags/example_setup_teardown.py
[2025-07-13T23:22:06.328+0300] {logging_mixin.py:188} INFO - [2025-07-13T23:22:06.327+0300] {dag.py:3096} INFO - Sync 1 DAGs
[2025-07-13T23:22:06.368+0300] {logging_mixin.py:188} INFO - [2025-07-13T23:22:06.368+0300] {dag.py:3954} INFO - Setting next_dagrun for example_setup_teardown to 2025-07-12 00:00:00+00:00, run_after=2025-07-13 00:00:00+00:00
[2025-07-13T23:22:06.409+0300] {processor.py:183} INFO - Processing /home/wal/.pyenv/versions/3.12.0/lib/python3.12/site-packages/airflow/example_dags/example_setup_teardown.py took 0.144 seconds
[2025-07-13T23:23:22.088+0300] {processor.py:161} INFO - Started process (PID=5707) to work on /home/wal/.pyenv/versions/3.12.0/lib/python3.12/site-packages/airflow/example_dags/example_setup_teardown.py
[2025-07-13T23:23:22.091+0300] {processor.py:830} INFO - Processing file /home/wal/.pyenv/versions/3.12.0/lib/python3.12/site-packages/airflow/example_dags/example_setup_teardown.py for tasks to queue
[2025-07-13T23:23:22.105+0300] {logging_mixin.py:188} INFO - [2025-07-13T23:23:22.104+0300] {dagbag.py:545} INFO - Filling up the DagBag from /home/wal/.pyenv/versions/3.12.0/lib/python3.12/site-packages/airflow/example_dags/example_setup_teardown.py
[2025-07-13T23:23:22.143+0300] {processor.py:840} INFO - DAG(s) 'example_setup_teardown' retrieved from /home/wal/.pyenv/versions/3.12.0/lib/python3.12/site-packages/airflow/example_dags/example_setup_teardown.py
[2025-07-13T23:23:22.223+0300] {logging_mixin.py:188} INFO - [2025-07-13T23:23:22.222+0300] {dag.py:3096} INFO - Sync 1 DAGs
[2025-07-13T23:23:22.288+0300] {logging_mixin.py:188} INFO - [2025-07-13T23:23:22.287+0300] {dag.py:3954} INFO - Setting next_dagrun for example_setup_teardown to 2025-07-12 00:00:00+00:00, run_after=2025-07-13 00:00:00+00:00
[2025-07-13T23:23:22.347+0300] {processor.py:183} INFO - Processing /home/wal/.pyenv/versions/3.12.0/lib/python3.12/site-packages/airflow/example_dags/example_setup_teardown.py took 0.278 seconds
[2025-07-13T23:25:00.473+0300] {processor.py:161} INFO - Started process (PID=5770) to work on /home/wal/.pyenv/versions/3.12.0/lib/python3.12/site-packages/airflow/example_dags/example_setup_teardown.py
[2025-07-13T23:25:00.486+0300] {processor.py:830} INFO - Processing file /home/wal/.pyenv/versions/3.12.0/lib/python3.12/site-packages/airflow/example_dags/example_setup_teardown.py for tasks to queue
[2025-07-13T23:25:00.504+0300] {logging_mixin.py:188} INFO - [2025-07-13T23:25:00.492+0300] {dagbag.py:545} INFO - Filling up the DagBag from /home/wal/.pyenv/versions/3.12.0/lib/python3.12/site-packages/airflow/example_dags/example_setup_teardown.py
[2025-07-13T23:25:00.556+0300] {processor.py:840} INFO - DAG(s) 'example_setup_teardown' retrieved from /home/wal/.pyenv/versions/3.12.0/lib/python3.12/site-packages/airflow/example_dags/example_setup_teardown.py
[2025-07-13T23:25:00.695+0300] {logging_mixin.py:188} INFO - [2025-07-13T23:25:00.692+0300] {dag.py:3096} INFO - Sync 1 DAGs
[2025-07-13T23:25:00.902+0300] {logging_mixin.py:188} INFO - [2025-07-13T23:25:00.900+0300] {dag.py:3954} INFO - Setting next_dagrun for example_setup_teardown to 2025-07-12 00:00:00+00:00, run_after=2025-07-13 00:00:00+00:00
[2025-07-13T23:25:01.106+0300] {processor.py:183} INFO - Processing /home/wal/.pyenv/versions/3.12.0/lib/python3.12/site-packages/airflow/example_dags/example_setup_teardown.py took 0.680 seconds
[2025-07-13T23:26:11.575+0300] {processor.py:161} INFO - Started process (PID=5821) to work on /home/wal/.pyenv/versions/3.12.0/lib/python3.12/site-packages/airflow/example_dags/example_setup_teardown.py
[2025-07-13T23:26:11.577+0300] {processor.py:830} INFO - Processing file /home/wal/.pyenv/versions/3.12.0/lib/python3.12/site-packages/airflow/example_dags/example_setup_teardown.py for tasks to queue
[2025-07-13T23:26:11.582+0300] {logging_mixin.py:188} INFO - [2025-07-13T23:26:11.580+0300] {dagbag.py:545} INFO - Filling up the DagBag from /home/wal/.pyenv/versions/3.12.0/lib/python3.12/site-packages/airflow/example_dags/example_setup_teardown.py
[2025-07-13T23:26:11.594+0300] {processor.py:840} INFO - DAG(s) 'example_setup_teardown' retrieved from /home/wal/.pyenv/versions/3.12.0/lib/python3.12/site-packages/airflow/example_dags/example_setup_teardown.py
[2025-07-13T23:26:11.628+0300] {logging_mixin.py:188} INFO - [2025-07-13T23:26:11.627+0300] {dag.py:3096} INFO - Sync 1 DAGs
[2025-07-13T23:26:11.866+0300] {logging_mixin.py:188} INFO - [2025-07-13T23:26:11.866+0300] {dag.py:3954} INFO - Setting next_dagrun for example_setup_teardown to 2025-07-12 00:00:00+00:00, run_after=2025-07-13 00:00:00+00:00
[2025-07-13T23:26:11.909+0300] {processor.py:183} INFO - Processing /home/wal/.pyenv/versions/3.12.0/lib/python3.12/site-packages/airflow/example_dags/example_setup_teardown.py took 0.346 seconds
[2025-07-13T23:27:20.566+0300] {processor.py:161} INFO - Started process (PID=5878) to work on /home/wal/.pyenv/versions/3.12.0/lib/python3.12/site-packages/airflow/example_dags/example_setup_teardown.py
[2025-07-13T23:27:20.569+0300] {processor.py:830} INFO - Processing file /home/wal/.pyenv/versions/3.12.0/lib/python3.12/site-packages/airflow/example_dags/example_setup_teardown.py for tasks to queue
[2025-07-13T23:27:20.571+0300] {logging_mixin.py:188} INFO - [2025-07-13T23:27:20.571+0300] {dagbag.py:545} INFO - Filling up the DagBag from /home/wal/.pyenv/versions/3.12.0/lib/python3.12/site-packages/airflow/example_dags/example_setup_teardown.py
[2025-07-13T23:27:20.584+0300] {processor.py:840} INFO - DAG(s) 'example_setup_teardown' retrieved from /home/wal/.pyenv/versions/3.12.0/lib/python3.12/site-packages/airflow/example_dags/example_setup_teardown.py
[2025-07-13T23:27:20.607+0300] {logging_mixin.py:188} INFO - [2025-07-13T23:27:20.607+0300] {dag.py:3096} INFO - Sync 1 DAGs
[2025-07-13T23:27:20.640+0300] {logging_mixin.py:188} INFO - [2025-07-13T23:27:20.640+0300] {dag.py:3954} INFO - Setting next_dagrun for example_setup_teardown to 2025-07-12 00:00:00+00:00, run_after=2025-07-13 00:00:00+00:00
[2025-07-13T23:27:20.680+0300] {processor.py:183} INFO - Processing /home/wal/.pyenv/versions/3.12.0/lib/python3.12/site-packages/airflow/example_dags/example_setup_teardown.py took 0.126 seconds
[2025-07-13T23:28:38.361+0300] {processor.py:161} INFO - Started process (PID=5936) to work on /home/wal/.pyenv/versions/3.12.0/lib/python3.12/site-packages/airflow/example_dags/example_setup_teardown.py
[2025-07-13T23:28:38.363+0300] {processor.py:830} INFO - Processing file /home/wal/.pyenv/versions/3.12.0/lib/python3.12/site-packages/airflow/example_dags/example_setup_teardown.py for tasks to queue
[2025-07-13T23:28:38.366+0300] {logging_mixin.py:188} INFO - [2025-07-13T23:28:38.365+0300] {dagbag.py:545} INFO - Filling up the DagBag from /home/wal/.pyenv/versions/3.12.0/lib/python3.12/site-packages/airflow/example_dags/example_setup_teardown.py
[2025-07-13T23:28:38.380+0300] {processor.py:840} INFO - DAG(s) 'example_setup_teardown' retrieved from /home/wal/.pyenv/versions/3.12.0/lib/python3.12/site-packages/airflow/example_dags/example_setup_teardown.py
[2025-07-13T23:28:38.417+0300] {logging_mixin.py:188} INFO - [2025-07-13T23:28:38.416+0300] {dag.py:3096} INFO - Sync 1 DAGs
[2025-07-13T23:28:38.463+0300] {logging_mixin.py:188} INFO - [2025-07-13T23:28:38.462+0300] {dag.py:3954} INFO - Setting next_dagrun for example_setup_teardown to 2025-07-12 00:00:00+00:00, run_after=2025-07-13 00:00:00+00:00
[2025-07-13T23:28:38.515+0300] {processor.py:183} INFO - Processing /home/wal/.pyenv/versions/3.12.0/lib/python3.12/site-packages/airflow/example_dags/example_setup_teardown.py took 0.169 seconds
[2025-07-13T23:29:40.595+0300] {processor.py:161} INFO - Started process (PID=5990) to work on /home/wal/.pyenv/versions/3.12.0/lib/python3.12/site-packages/airflow/example_dags/example_setup_teardown.py
[2025-07-13T23:29:40.605+0300] {processor.py:830} INFO - Processing file /home/wal/.pyenv/versions/3.12.0/lib/python3.12/site-packages/airflow/example_dags/example_setup_teardown.py for tasks to queue
[2025-07-13T23:29:40.610+0300] {logging_mixin.py:188} INFO - [2025-07-13T23:29:40.609+0300] {dagbag.py:545} INFO - Filling up the DagBag from /home/wal/.pyenv/versions/3.12.0/lib/python3.12/site-packages/airflow/example_dags/example_setup_teardown.py
[2025-07-13T23:29:40.642+0300] {processor.py:840} INFO - DAG(s) 'example_setup_teardown' retrieved from /home/wal/.pyenv/versions/3.12.0/lib/python3.12/site-packages/airflow/example_dags/example_setup_teardown.py
[2025-07-13T23:29:40.705+0300] {logging_mixin.py:188} INFO - [2025-07-13T23:29:40.704+0300] {dag.py:3096} INFO - Sync 1 DAGs
[2025-07-13T23:29:40.817+0300] {logging_mixin.py:188} INFO - [2025-07-13T23:29:40.816+0300] {dag.py:3954} INFO - Setting next_dagrun for example_setup_teardown to 2025-07-12 00:00:00+00:00, run_after=2025-07-13 00:00:00+00:00
[2025-07-13T23:29:40.939+0300] {processor.py:183} INFO - Processing /home/wal/.pyenv/versions/3.12.0/lib/python3.12/site-packages/airflow/example_dags/example_setup_teardown.py took 0.375 seconds
[2025-07-13T23:30:39.904+0300] {processor.py:161} INFO - Started process (PID=6043) to work on /home/wal/.pyenv/versions/3.12.0/lib/python3.12/site-packages/airflow/example_dags/example_setup_teardown.py
[2025-07-13T23:30:39.906+0300] {processor.py:830} INFO - Processing file /home/wal/.pyenv/versions/3.12.0/lib/python3.12/site-packages/airflow/example_dags/example_setup_teardown.py for tasks to queue
[2025-07-13T23:30:39.908+0300] {logging_mixin.py:188} INFO - [2025-07-13T23:30:39.908+0300] {dagbag.py:545} INFO - Filling up the DagBag from /home/wal/.pyenv/versions/3.12.0/lib/python3.12/site-packages/airflow/example_dags/example_setup_teardown.py
[2025-07-13T23:30:39.919+0300] {processor.py:840} INFO - DAG(s) 'example_setup_teardown' retrieved from /home/wal/.pyenv/versions/3.12.0/lib/python3.12/site-packages/airflow/example_dags/example_setup_teardown.py
[2025-07-13T23:30:39.943+0300] {logging_mixin.py:188} INFO - [2025-07-13T23:30:39.942+0300] {dag.py:3096} INFO - Sync 1 DAGs
[2025-07-13T23:30:39.974+0300] {logging_mixin.py:188} INFO - [2025-07-13T23:30:39.974+0300] {dag.py:3954} INFO - Setting next_dagrun for example_setup_teardown to 2025-07-12 00:00:00+00:00, run_after=2025-07-13 00:00:00+00:00
[2025-07-13T23:30:40.013+0300] {processor.py:183} INFO - Processing /home/wal/.pyenv/versions/3.12.0/lib/python3.12/site-packages/airflow/example_dags/example_setup_teardown.py took 0.120 seconds
[2025-07-13T23:31:39.646+0300] {processor.py:161} INFO - Started process (PID=6096) to work on /home/wal/.pyenv/versions/3.12.0/lib/python3.12/site-packages/airflow/example_dags/example_setup_teardown.py
[2025-07-13T23:31:39.656+0300] {processor.py:830} INFO - Processing file /home/wal/.pyenv/versions/3.12.0/lib/python3.12/site-packages/airflow/example_dags/example_setup_teardown.py for tasks to queue
[2025-07-13T23:31:39.659+0300] {logging_mixin.py:188} INFO - [2025-07-13T23:31:39.658+0300] {dagbag.py:545} INFO - Filling up the DagBag from /home/wal/.pyenv/versions/3.12.0/lib/python3.12/site-packages/airflow/example_dags/example_setup_teardown.py
[2025-07-13T23:31:39.673+0300] {processor.py:840} INFO - DAG(s) 'example_setup_teardown' retrieved from /home/wal/.pyenv/versions/3.12.0/lib/python3.12/site-packages/airflow/example_dags/example_setup_teardown.py
[2025-07-13T23:31:39.724+0300] {logging_mixin.py:188} INFO - [2025-07-13T23:31:39.724+0300] {dag.py:3096} INFO - Sync 1 DAGs
[2025-07-13T23:31:39.773+0300] {logging_mixin.py:188} INFO - [2025-07-13T23:31:39.773+0300] {dag.py:3954} INFO - Setting next_dagrun for example_setup_teardown to 2025-07-12 00:00:00+00:00, run_after=2025-07-13 00:00:00+00:00
[2025-07-13T23:31:39.808+0300] {processor.py:183} INFO - Processing /home/wal/.pyenv/versions/3.12.0/lib/python3.12/site-packages/airflow/example_dags/example_setup_teardown.py took 0.172 seconds
[2025-07-13T23:32:37.893+0300] {processor.py:161} INFO - Started process (PID=6146) to work on /home/wal/.pyenv/versions/3.12.0/lib/python3.12/site-packages/airflow/example_dags/example_setup_teardown.py
[2025-07-13T23:32:37.899+0300] {processor.py:830} INFO - Processing file /home/wal/.pyenv/versions/3.12.0/lib/python3.12/site-packages/airflow/example_dags/example_setup_teardown.py for tasks to queue
[2025-07-13T23:32:37.901+0300] {logging_mixin.py:188} INFO - [2025-07-13T23:32:37.901+0300] {dagbag.py:545} INFO - Filling up the DagBag from /home/wal/.pyenv/versions/3.12.0/lib/python3.12/site-packages/airflow/example_dags/example_setup_teardown.py
[2025-07-13T23:32:37.914+0300] {processor.py:840} INFO - DAG(s) 'example_setup_teardown' retrieved from /home/wal/.pyenv/versions/3.12.0/lib/python3.12/site-packages/airflow/example_dags/example_setup_teardown.py
[2025-07-13T23:32:37.940+0300] {logging_mixin.py:188} INFO - [2025-07-13T23:32:37.939+0300] {dag.py:3096} INFO - Sync 1 DAGs
[2025-07-13T23:32:37.971+0300] {logging_mixin.py:188} INFO - [2025-07-13T23:32:37.970+0300] {dag.py:3954} INFO - Setting next_dagrun for example_setup_teardown to 2025-07-12 00:00:00+00:00, run_after=2025-07-13 00:00:00+00:00
[2025-07-13T23:32:38.013+0300] {processor.py:183} INFO - Processing /home/wal/.pyenv/versions/3.12.0/lib/python3.12/site-packages/airflow/example_dags/example_setup_teardown.py took 0.130 seconds
[2025-07-13T23:33:43.083+0300] {processor.py:161} INFO - Started process (PID=6201) to work on /home/wal/.pyenv/versions/3.12.0/lib/python3.12/site-packages/airflow/example_dags/example_setup_teardown.py
[2025-07-13T23:33:43.089+0300] {processor.py:830} INFO - Processing file /home/wal/.pyenv/versions/3.12.0/lib/python3.12/site-packages/airflow/example_dags/example_setup_teardown.py for tasks to queue
[2025-07-13T23:33:43.091+0300] {logging_mixin.py:188} INFO - [2025-07-13T23:33:43.090+0300] {dagbag.py:545} INFO - Filling up the DagBag from /home/wal/.pyenv/versions/3.12.0/lib/python3.12/site-packages/airflow/example_dags/example_setup_teardown.py
[2025-07-13T23:33:43.104+0300] {processor.py:840} INFO - DAG(s) 'example_setup_teardown' retrieved from /home/wal/.pyenv/versions/3.12.0/lib/python3.12/site-packages/airflow/example_dags/example_setup_teardown.py
[2025-07-13T23:33:43.131+0300] {logging_mixin.py:188} INFO - [2025-07-13T23:33:43.130+0300] {dag.py:3096} INFO - Sync 1 DAGs
[2025-07-13T23:33:43.161+0300] {logging_mixin.py:188} INFO - [2025-07-13T23:33:43.161+0300] {dag.py:3954} INFO - Setting next_dagrun for example_setup_teardown to 2025-07-12 00:00:00+00:00, run_after=2025-07-13 00:00:00+00:00
[2025-07-13T23:33:43.208+0300] {processor.py:183} INFO - Processing /home/wal/.pyenv/versions/3.12.0/lib/python3.12/site-packages/airflow/example_dags/example_setup_teardown.py took 0.133 seconds
[2025-07-13T23:34:57.074+0300] {processor.py:161} INFO - Started process (PID=6257) to work on /home/wal/.pyenv/versions/3.12.0/lib/python3.12/site-packages/airflow/example_dags/example_setup_teardown.py
[2025-07-13T23:34:57.078+0300] {processor.py:830} INFO - Processing file /home/wal/.pyenv/versions/3.12.0/lib/python3.12/site-packages/airflow/example_dags/example_setup_teardown.py for tasks to queue
[2025-07-13T23:34:57.084+0300] {logging_mixin.py:188} INFO - [2025-07-13T23:34:57.081+0300] {dagbag.py:545} INFO - Filling up the DagBag from /home/wal/.pyenv/versions/3.12.0/lib/python3.12/site-packages/airflow/example_dags/example_setup_teardown.py
[2025-07-13T23:34:57.126+0300] {processor.py:840} INFO - DAG(s) 'example_setup_teardown' retrieved from /home/wal/.pyenv/versions/3.12.0/lib/python3.12/site-packages/airflow/example_dags/example_setup_teardown.py
[2025-07-13T23:34:57.209+0300] {logging_mixin.py:188} INFO - [2025-07-13T23:34:57.208+0300] {dag.py:3096} INFO - Sync 1 DAGs
[2025-07-13T23:34:57.299+0300] {logging_mixin.py:188} INFO - [2025-07-13T23:34:57.297+0300] {dag.py:3954} INFO - Setting next_dagrun for example_setup_teardown to 2025-07-12 00:00:00+00:00, run_after=2025-07-13 00:00:00+00:00
[2025-07-13T23:34:57.404+0300] {processor.py:183} INFO - Processing /home/wal/.pyenv/versions/3.12.0/lib/python3.12/site-packages/airflow/example_dags/example_setup_teardown.py took 0.368 seconds
[2025-07-13T23:36:04.922+0300] {processor.py:161} INFO - Started process (PID=6319) to work on /home/wal/.pyenv/versions/3.12.0/lib/python3.12/site-packages/airflow/example_dags/example_setup_teardown.py
[2025-07-13T23:36:04.929+0300] {processor.py:830} INFO - Processing file /home/wal/.pyenv/versions/3.12.0/lib/python3.12/site-packages/airflow/example_dags/example_setup_teardown.py for tasks to queue
[2025-07-13T23:36:04.932+0300] {logging_mixin.py:188} INFO - [2025-07-13T23:36:04.931+0300] {dagbag.py:545} INFO - Filling up the DagBag from /home/wal/.pyenv/versions/3.12.0/lib/python3.12/site-packages/airflow/example_dags/example_setup_teardown.py
[2025-07-13T23:36:04.944+0300] {processor.py:840} INFO - DAG(s) 'example_setup_teardown' retrieved from /home/wal/.pyenv/versions/3.12.0/lib/python3.12/site-packages/airflow/example_dags/example_setup_teardown.py
[2025-07-13T23:36:04.966+0300] {logging_mixin.py:188} INFO - [2025-07-13T23:36:04.966+0300] {dag.py:3096} INFO - Sync 1 DAGs
[2025-07-13T23:36:05.001+0300] {logging_mixin.py:188} INFO - [2025-07-13T23:36:05.000+0300] {dag.py:3954} INFO - Setting next_dagrun for example_setup_teardown to 2025-07-12 00:00:00+00:00, run_after=2025-07-13 00:00:00+00:00
[2025-07-13T23:36:05.041+0300] {processor.py:183} INFO - Processing /home/wal/.pyenv/versions/3.12.0/lib/python3.12/site-packages/airflow/example_dags/example_setup_teardown.py took 0.136 seconds
[2025-07-13T23:37:02.693+0300] {processor.py:161} INFO - Started process (PID=6371) to work on /home/wal/.pyenv/versions/3.12.0/lib/python3.12/site-packages/airflow/example_dags/example_setup_teardown.py
[2025-07-13T23:37:02.700+0300] {processor.py:830} INFO - Processing file /home/wal/.pyenv/versions/3.12.0/lib/python3.12/site-packages/airflow/example_dags/example_setup_teardown.py for tasks to queue
[2025-07-13T23:37:02.703+0300] {logging_mixin.py:188} INFO - [2025-07-13T23:37:02.702+0300] {dagbag.py:545} INFO - Filling up the DagBag from /home/wal/.pyenv/versions/3.12.0/lib/python3.12/site-packages/airflow/example_dags/example_setup_teardown.py
[2025-07-13T23:37:02.712+0300] {processor.py:840} INFO - DAG(s) 'example_setup_teardown' retrieved from /home/wal/.pyenv/versions/3.12.0/lib/python3.12/site-packages/airflow/example_dags/example_setup_teardown.py
[2025-07-13T23:37:02.739+0300] {logging_mixin.py:188} INFO - [2025-07-13T23:37:02.738+0300] {dag.py:3096} INFO - Sync 1 DAGs
[2025-07-13T23:37:02.768+0300] {logging_mixin.py:188} INFO - [2025-07-13T23:37:02.768+0300] {dag.py:3954} INFO - Setting next_dagrun for example_setup_teardown to 2025-07-12 00:00:00+00:00, run_after=2025-07-13 00:00:00+00:00
[2025-07-13T23:37:02.801+0300] {processor.py:183} INFO - Processing /home/wal/.pyenv/versions/3.12.0/lib/python3.12/site-packages/airflow/example_dags/example_setup_teardown.py took 0.117 seconds
[2025-07-13T23:38:03.205+0300] {processor.py:161} INFO - Started process (PID=6424) to work on /home/wal/.pyenv/versions/3.12.0/lib/python3.12/site-packages/airflow/example_dags/example_setup_teardown.py
[2025-07-13T23:38:03.206+0300] {processor.py:830} INFO - Processing file /home/wal/.pyenv/versions/3.12.0/lib/python3.12/site-packages/airflow/example_dags/example_setup_teardown.py for tasks to queue
[2025-07-13T23:38:03.209+0300] {logging_mixin.py:188} INFO - [2025-07-13T23:38:03.209+0300] {dagbag.py:545} INFO - Filling up the DagBag from /home/wal/.pyenv/versions/3.12.0/lib/python3.12/site-packages/airflow/example_dags/example_setup_teardown.py
[2025-07-13T23:38:03.222+0300] {processor.py:840} INFO - DAG(s) 'example_setup_teardown' retrieved from /home/wal/.pyenv/versions/3.12.0/lib/python3.12/site-packages/airflow/example_dags/example_setup_teardown.py
[2025-07-13T23:38:03.254+0300] {logging_mixin.py:188} INFO - [2025-07-13T23:38:03.253+0300] {dag.py:3096} INFO - Sync 1 DAGs
[2025-07-13T23:38:03.288+0300] {logging_mixin.py:188} INFO - [2025-07-13T23:38:03.288+0300] {dag.py:3954} INFO - Setting next_dagrun for example_setup_teardown to 2025-07-12 00:00:00+00:00, run_after=2025-07-13 00:00:00+00:00
[2025-07-13T23:38:03.334+0300] {processor.py:183} INFO - Processing /home/wal/.pyenv/versions/3.12.0/lib/python3.12/site-packages/airflow/example_dags/example_setup_teardown.py took 0.142 seconds
[2025-07-13T23:39:02.507+0300] {processor.py:161} INFO - Started process (PID=6476) to work on /home/wal/.pyenv/versions/3.12.0/lib/python3.12/site-packages/airflow/example_dags/example_setup_teardown.py
[2025-07-13T23:39:02.514+0300] {processor.py:830} INFO - Processing file /home/wal/.pyenv/versions/3.12.0/lib/python3.12/site-packages/airflow/example_dags/example_setup_teardown.py for tasks to queue
[2025-07-13T23:39:02.519+0300] {logging_mixin.py:188} INFO - [2025-07-13T23:39:02.518+0300] {dagbag.py:545} INFO - Filling up the DagBag from /home/wal/.pyenv/versions/3.12.0/lib/python3.12/site-packages/airflow/example_dags/example_setup_teardown.py
[2025-07-13T23:39:02.531+0300] {processor.py:840} INFO - DAG(s) 'example_setup_teardown' retrieved from /home/wal/.pyenv/versions/3.12.0/lib/python3.12/site-packages/airflow/example_dags/example_setup_teardown.py
[2025-07-13T23:39:02.555+0300] {logging_mixin.py:188} INFO - [2025-07-13T23:39:02.555+0300] {dag.py:3096} INFO - Sync 1 DAGs
[2025-07-13T23:39:02.583+0300] {logging_mixin.py:188} INFO - [2025-07-13T23:39:02.582+0300] {dag.py:3954} INFO - Setting next_dagrun for example_setup_teardown to 2025-07-12 00:00:00+00:00, run_after=2025-07-13 00:00:00+00:00
[2025-07-13T23:39:02.613+0300] {processor.py:183} INFO - Processing /home/wal/.pyenv/versions/3.12.0/lib/python3.12/site-packages/airflow/example_dags/example_setup_teardown.py took 0.118 seconds
[2025-07-13T23:39:59.962+0300] {processor.py:161} INFO - Started process (PID=6527) to work on /home/wal/.pyenv/versions/3.12.0/lib/python3.12/site-packages/airflow/example_dags/example_setup_teardown.py
[2025-07-13T23:39:59.969+0300] {processor.py:830} INFO - Processing file /home/wal/.pyenv/versions/3.12.0/lib/python3.12/site-packages/airflow/example_dags/example_setup_teardown.py for tasks to queue
[2025-07-13T23:39:59.971+0300] {logging_mixin.py:188} INFO - [2025-07-13T23:39:59.970+0300] {dagbag.py:545} INFO - Filling up the DagBag from /home/wal/.pyenv/versions/3.12.0/lib/python3.12/site-packages/airflow/example_dags/example_setup_teardown.py
[2025-07-13T23:39:59.984+0300] {processor.py:840} INFO - DAG(s) 'example_setup_teardown' retrieved from /home/wal/.pyenv/versions/3.12.0/lib/python3.12/site-packages/airflow/example_dags/example_setup_teardown.py
[2025-07-13T23:40:00.005+0300] {logging_mixin.py:188} INFO - [2025-07-13T23:40:00.005+0300] {dag.py:3096} INFO - Sync 1 DAGs
[2025-07-13T23:40:00.034+0300] {logging_mixin.py:188} INFO - [2025-07-13T23:40:00.034+0300] {dag.py:3954} INFO - Setting next_dagrun for example_setup_teardown to 2025-07-12 00:00:00+00:00, run_after=2025-07-13 00:00:00+00:00
[2025-07-13T23:40:00.066+0300] {processor.py:183} INFO - Processing /home/wal/.pyenv/versions/3.12.0/lib/python3.12/site-packages/airflow/example_dags/example_setup_teardown.py took 0.118 seconds
[2025-07-13T23:40:53.260+0300] {processor.py:161} INFO - Started process (PID=6578) to work on /home/wal/.pyenv/versions/3.12.0/lib/python3.12/site-packages/airflow/example_dags/example_setup_teardown.py
[2025-07-13T23:40:53.262+0300] {processor.py:830} INFO - Processing file /home/wal/.pyenv/versions/3.12.0/lib/python3.12/site-packages/airflow/example_dags/example_setup_teardown.py for tasks to queue
[2025-07-13T23:40:53.264+0300] {logging_mixin.py:188} INFO - [2025-07-13T23:40:53.264+0300] {dagbag.py:545} INFO - Filling up the DagBag from /home/wal/.pyenv/versions/3.12.0/lib/python3.12/site-packages/airflow/example_dags/example_setup_teardown.py
[2025-07-13T23:40:53.275+0300] {processor.py:840} INFO - DAG(s) 'example_setup_teardown' retrieved from /home/wal/.pyenv/versions/3.12.0/lib/python3.12/site-packages/airflow/example_dags/example_setup_teardown.py
[2025-07-13T23:40:53.297+0300] {logging_mixin.py:188} INFO - [2025-07-13T23:40:53.296+0300] {dag.py:3096} INFO - Sync 1 DAGs
[2025-07-13T23:40:53.323+0300] {logging_mixin.py:188} INFO - [2025-07-13T23:40:53.323+0300] {dag.py:3954} INFO - Setting next_dagrun for example_setup_teardown to 2025-07-12 00:00:00+00:00, run_after=2025-07-13 00:00:00+00:00
[2025-07-13T23:40:53.351+0300] {processor.py:183} INFO - Processing /home/wal/.pyenv/versions/3.12.0/lib/python3.12/site-packages/airflow/example_dags/example_setup_teardown.py took 0.105 seconds
[2025-07-13T23:41:42.382+0300] {processor.py:161} INFO - Started process (PID=6626) to work on /home/wal/.pyenv/versions/3.12.0/lib/python3.12/site-packages/airflow/example_dags/example_setup_teardown.py
[2025-07-13T23:41:42.384+0300] {processor.py:830} INFO - Processing file /home/wal/.pyenv/versions/3.12.0/lib/python3.12/site-packages/airflow/example_dags/example_setup_teardown.py for tasks to queue
[2025-07-13T23:41:42.388+0300] {logging_mixin.py:188} INFO - [2025-07-13T23:41:42.388+0300] {dagbag.py:545} INFO - Filling up the DagBag from /home/wal/.pyenv/versions/3.12.0/lib/python3.12/site-packages/airflow/example_dags/example_setup_teardown.py
[2025-07-13T23:41:42.405+0300] {processor.py:840} INFO - DAG(s) 'example_setup_teardown' retrieved from /home/wal/.pyenv/versions/3.12.0/lib/python3.12/site-packages/airflow/example_dags/example_setup_teardown.py
[2025-07-13T23:41:42.438+0300] {logging_mixin.py:188} INFO - [2025-07-13T23:41:42.438+0300] {dag.py:3096} INFO - Sync 1 DAGs
[2025-07-13T23:41:42.472+0300] {logging_mixin.py:188} INFO - [2025-07-13T23:41:42.472+0300] {dag.py:3954} INFO - Setting next_dagrun for example_setup_teardown to 2025-07-12 00:00:00+00:00, run_after=2025-07-13 00:00:00+00:00
[2025-07-13T23:41:42.506+0300] {processor.py:183} INFO - Processing /home/wal/.pyenv/versions/3.12.0/lib/python3.12/site-packages/airflow/example_dags/example_setup_teardown.py took 0.145 seconds
[2025-07-13T23:42:32.091+0300] {processor.py:161} INFO - Started process (PID=6672) to work on /home/wal/.pyenv/versions/3.12.0/lib/python3.12/site-packages/airflow/example_dags/example_setup_teardown.py
[2025-07-13T23:42:32.093+0300] {processor.py:830} INFO - Processing file /home/wal/.pyenv/versions/3.12.0/lib/python3.12/site-packages/airflow/example_dags/example_setup_teardown.py for tasks to queue
[2025-07-13T23:42:32.095+0300] {logging_mixin.py:188} INFO - [2025-07-13T23:42:32.094+0300] {dagbag.py:545} INFO - Filling up the DagBag from /home/wal/.pyenv/versions/3.12.0/lib/python3.12/site-packages/airflow/example_dags/example_setup_teardown.py
[2025-07-13T23:42:32.105+0300] {processor.py:840} INFO - DAG(s) 'example_setup_teardown' retrieved from /home/wal/.pyenv/versions/3.12.0/lib/python3.12/site-packages/airflow/example_dags/example_setup_teardown.py
[2025-07-13T23:42:32.130+0300] {logging_mixin.py:188} INFO - [2025-07-13T23:42:32.130+0300] {dag.py:3096} INFO - Sync 1 DAGs
[2025-07-13T23:42:32.166+0300] {logging_mixin.py:188} INFO - [2025-07-13T23:42:32.165+0300] {dag.py:3954} INFO - Setting next_dagrun for example_setup_teardown to 2025-07-12 00:00:00+00:00, run_after=2025-07-13 00:00:00+00:00
[2025-07-13T23:42:32.207+0300] {processor.py:183} INFO - Processing /home/wal/.pyenv/versions/3.12.0/lib/python3.12/site-packages/airflow/example_dags/example_setup_teardown.py took 0.128 seconds
[2025-07-13T23:43:27.774+0300] {processor.py:161} INFO - Started process (PID=6722) to work on /home/wal/.pyenv/versions/3.12.0/lib/python3.12/site-packages/airflow/example_dags/example_setup_teardown.py
[2025-07-13T23:43:27.781+0300] {processor.py:830} INFO - Processing file /home/wal/.pyenv/versions/3.12.0/lib/python3.12/site-packages/airflow/example_dags/example_setup_teardown.py for tasks to queue
[2025-07-13T23:43:27.783+0300] {logging_mixin.py:188} INFO - [2025-07-13T23:43:27.782+0300] {dagbag.py:545} INFO - Filling up the DagBag from /home/wal/.pyenv/versions/3.12.0/lib/python3.12/site-packages/airflow/example_dags/example_setup_teardown.py
[2025-07-13T23:43:27.795+0300] {processor.py:840} INFO - DAG(s) 'example_setup_teardown' retrieved from /home/wal/.pyenv/versions/3.12.0/lib/python3.12/site-packages/airflow/example_dags/example_setup_teardown.py
[2025-07-13T23:43:27.829+0300] {logging_mixin.py:188} INFO - [2025-07-13T23:43:27.829+0300] {dag.py:3096} INFO - Sync 1 DAGs
[2025-07-13T23:43:27.862+0300] {logging_mixin.py:188} INFO - [2025-07-13T23:43:27.862+0300] {dag.py:3954} INFO - Setting next_dagrun for example_setup_teardown to 2025-07-12 00:00:00+00:00, run_after=2025-07-13 00:00:00+00:00
[2025-07-13T23:43:27.897+0300] {processor.py:183} INFO - Processing /home/wal/.pyenv/versions/3.12.0/lib/python3.12/site-packages/airflow/example_dags/example_setup_teardown.py took 0.135 seconds
[2025-07-13T23:44:24.319+0300] {processor.py:161} INFO - Started process (PID=6772) to work on /home/wal/.pyenv/versions/3.12.0/lib/python3.12/site-packages/airflow/example_dags/example_setup_teardown.py
[2025-07-13T23:44:24.325+0300] {processor.py:830} INFO - Processing file /home/wal/.pyenv/versions/3.12.0/lib/python3.12/site-packages/airflow/example_dags/example_setup_teardown.py for tasks to queue
[2025-07-13T23:44:24.329+0300] {logging_mixin.py:188} INFO - [2025-07-13T23:44:24.327+0300] {dagbag.py:545} INFO - Filling up the DagBag from /home/wal/.pyenv/versions/3.12.0/lib/python3.12/site-packages/airflow/example_dags/example_setup_teardown.py
[2025-07-13T23:44:24.342+0300] {processor.py:840} INFO - DAG(s) 'example_setup_teardown' retrieved from /home/wal/.pyenv/versions/3.12.0/lib/python3.12/site-packages/airflow/example_dags/example_setup_teardown.py
[2025-07-13T23:44:24.368+0300] {logging_mixin.py:188} INFO - [2025-07-13T23:44:24.367+0300] {dag.py:3096} INFO - Sync 1 DAGs
[2025-07-13T23:44:24.397+0300] {logging_mixin.py:188} INFO - [2025-07-13T23:44:24.396+0300] {dag.py:3954} INFO - Setting next_dagrun for example_setup_teardown to 2025-07-12 00:00:00+00:00, run_after=2025-07-13 00:00:00+00:00
[2025-07-13T23:44:24.423+0300] {processor.py:183} INFO - Processing /home/wal/.pyenv/versions/3.12.0/lib/python3.12/site-packages/airflow/example_dags/example_setup_teardown.py took 0.116 seconds
[2025-07-13T23:45:20.327+0300] {processor.py:161} INFO - Started process (PID=6827) to work on /home/wal/.pyenv/versions/3.12.0/lib/python3.12/site-packages/airflow/example_dags/example_setup_teardown.py
[2025-07-13T23:45:20.333+0300] {processor.py:830} INFO - Processing file /home/wal/.pyenv/versions/3.12.0/lib/python3.12/site-packages/airflow/example_dags/example_setup_teardown.py for tasks to queue
[2025-07-13T23:45:20.335+0300] {logging_mixin.py:188} INFO - [2025-07-13T23:45:20.334+0300] {dagbag.py:545} INFO - Filling up the DagBag from /home/wal/.pyenv/versions/3.12.0/lib/python3.12/site-packages/airflow/example_dags/example_setup_teardown.py
[2025-07-13T23:45:20.346+0300] {processor.py:840} INFO - DAG(s) 'example_setup_teardown' retrieved from /home/wal/.pyenv/versions/3.12.0/lib/python3.12/site-packages/airflow/example_dags/example_setup_teardown.py
[2025-07-13T23:45:20.368+0300] {logging_mixin.py:188} INFO - [2025-07-13T23:45:20.368+0300] {dag.py:3096} INFO - Sync 1 DAGs
[2025-07-13T23:45:20.400+0300] {logging_mixin.py:188} INFO - [2025-07-13T23:45:20.400+0300] {dag.py:3954} INFO - Setting next_dagrun for example_setup_teardown to 2025-07-12 00:00:00+00:00, run_after=2025-07-13 00:00:00+00:00
[2025-07-13T23:45:20.433+0300] {processor.py:183} INFO - Processing /home/wal/.pyenv/versions/3.12.0/lib/python3.12/site-packages/airflow/example_dags/example_setup_teardown.py took 0.118 seconds
[2025-07-13T23:46:16.745+0300] {processor.py:161} INFO - Started process (PID=6878) to work on /home/wal/.pyenv/versions/3.12.0/lib/python3.12/site-packages/airflow/example_dags/example_setup_teardown.py
[2025-07-13T23:46:16.751+0300] {processor.py:830} INFO - Processing file /home/wal/.pyenv/versions/3.12.0/lib/python3.12/site-packages/airflow/example_dags/example_setup_teardown.py for tasks to queue
[2025-07-13T23:46:16.753+0300] {logging_mixin.py:188} INFO - [2025-07-13T23:46:16.753+0300] {dagbag.py:545} INFO - Filling up the DagBag from /home/wal/.pyenv/versions/3.12.0/lib/python3.12/site-packages/airflow/example_dags/example_setup_teardown.py
[2025-07-13T23:46:16.764+0300] {processor.py:840} INFO - DAG(s) 'example_setup_teardown' retrieved from /home/wal/.pyenv/versions/3.12.0/lib/python3.12/site-packages/airflow/example_dags/example_setup_teardown.py
[2025-07-13T23:46:16.788+0300] {logging_mixin.py:188} INFO - [2025-07-13T23:46:16.787+0300] {dag.py:3096} INFO - Sync 1 DAGs
[2025-07-13T23:46:16.820+0300] {logging_mixin.py:188} INFO - [2025-07-13T23:46:16.820+0300] {dag.py:3954} INFO - Setting next_dagrun for example_setup_teardown to 2025-07-12 00:00:00+00:00, run_after=2025-07-13 00:00:00+00:00
[2025-07-13T23:46:16.852+0300] {processor.py:183} INFO - Processing /home/wal/.pyenv/versions/3.12.0/lib/python3.12/site-packages/airflow/example_dags/example_setup_teardown.py took 0.124 seconds
[2025-07-13T23:47:13.292+0300] {processor.py:161} INFO - Started process (PID=6929) to work on /home/wal/.pyenv/versions/3.12.0/lib/python3.12/site-packages/airflow/example_dags/example_setup_teardown.py
[2025-07-13T23:47:13.294+0300] {processor.py:830} INFO - Processing file /home/wal/.pyenv/versions/3.12.0/lib/python3.12/site-packages/airflow/example_dags/example_setup_teardown.py for tasks to queue
[2025-07-13T23:47:13.298+0300] {logging_mixin.py:188} INFO - [2025-07-13T23:47:13.296+0300] {dagbag.py:545} INFO - Filling up the DagBag from /home/wal/.pyenv/versions/3.12.0/lib/python3.12/site-packages/airflow/example_dags/example_setup_teardown.py
[2025-07-13T23:47:13.310+0300] {processor.py:840} INFO - DAG(s) 'example_setup_teardown' retrieved from /home/wal/.pyenv/versions/3.12.0/lib/python3.12/site-packages/airflow/example_dags/example_setup_teardown.py
[2025-07-13T23:47:13.349+0300] {logging_mixin.py:188} INFO - [2025-07-13T23:47:13.349+0300] {dag.py:3096} INFO - Sync 1 DAGs
[2025-07-13T23:47:13.400+0300] {logging_mixin.py:188} INFO - [2025-07-13T23:47:13.400+0300] {dag.py:3954} INFO - Setting next_dagrun for example_setup_teardown to 2025-07-12 00:00:00+00:00, run_after=2025-07-13 00:00:00+00:00
[2025-07-13T23:47:13.450+0300] {processor.py:183} INFO - Processing /home/wal/.pyenv/versions/3.12.0/lib/python3.12/site-packages/airflow/example_dags/example_setup_teardown.py took 0.170 seconds
[2025-07-13T23:48:06.560+0300] {processor.py:161} INFO - Started process (PID=6979) to work on /home/wal/.pyenv/versions/3.12.0/lib/python3.12/site-packages/airflow/example_dags/example_setup_teardown.py
[2025-07-13T23:48:06.567+0300] {processor.py:830} INFO - Processing file /home/wal/.pyenv/versions/3.12.0/lib/python3.12/site-packages/airflow/example_dags/example_setup_teardown.py for tasks to queue
[2025-07-13T23:48:06.569+0300] {logging_mixin.py:188} INFO - [2025-07-13T23:48:06.569+0300] {dagbag.py:545} INFO - Filling up the DagBag from /home/wal/.pyenv/versions/3.12.0/lib/python3.12/site-packages/airflow/example_dags/example_setup_teardown.py
[2025-07-13T23:48:06.579+0300] {processor.py:840} INFO - DAG(s) 'example_setup_teardown' retrieved from /home/wal/.pyenv/versions/3.12.0/lib/python3.12/site-packages/airflow/example_dags/example_setup_teardown.py
[2025-07-13T23:48:06.599+0300] {logging_mixin.py:188} INFO - [2025-07-13T23:48:06.599+0300] {dag.py:3096} INFO - Sync 1 DAGs
[2025-07-13T23:48:06.625+0300] {logging_mixin.py:188} INFO - [2025-07-13T23:48:06.625+0300] {dag.py:3954} INFO - Setting next_dagrun for example_setup_teardown to 2025-07-12 00:00:00+00:00, run_after=2025-07-13 00:00:00+00:00
[2025-07-13T23:48:06.655+0300] {processor.py:183} INFO - Processing /home/wal/.pyenv/versions/3.12.0/lib/python3.12/site-packages/airflow/example_dags/example_setup_teardown.py took 0.107 seconds
[2025-07-13T23:49:01.170+0300] {processor.py:161} INFO - Started process (PID=7029) to work on /home/wal/.pyenv/versions/3.12.0/lib/python3.12/site-packages/airflow/example_dags/example_setup_teardown.py
[2025-07-13T23:49:01.175+0300] {processor.py:830} INFO - Processing file /home/wal/.pyenv/versions/3.12.0/lib/python3.12/site-packages/airflow/example_dags/example_setup_teardown.py for tasks to queue
[2025-07-13T23:49:01.178+0300] {logging_mixin.py:188} INFO - [2025-07-13T23:49:01.177+0300] {dagbag.py:545} INFO - Filling up the DagBag from /home/wal/.pyenv/versions/3.12.0/lib/python3.12/site-packages/airflow/example_dags/example_setup_teardown.py
[2025-07-13T23:49:01.188+0300] {processor.py:840} INFO - DAG(s) 'example_setup_teardown' retrieved from /home/wal/.pyenv/versions/3.12.0/lib/python3.12/site-packages/airflow/example_dags/example_setup_teardown.py
[2025-07-13T23:49:01.208+0300] {logging_mixin.py:188} INFO - [2025-07-13T23:49:01.208+0300] {dag.py:3096} INFO - Sync 1 DAGs
[2025-07-13T23:49:01.236+0300] {logging_mixin.py:188} INFO - [2025-07-13T23:49:01.235+0300] {dag.py:3954} INFO - Setting next_dagrun for example_setup_teardown to 2025-07-12 00:00:00+00:00, run_after=2025-07-13 00:00:00+00:00
[2025-07-13T23:49:01.267+0300] {processor.py:183} INFO - Processing /home/wal/.pyenv/versions/3.12.0/lib/python3.12/site-packages/airflow/example_dags/example_setup_teardown.py took 0.109 seconds
[2025-07-13T23:49:54.663+0300] {processor.py:161} INFO - Started process (PID=7079) to work on /home/wal/.pyenv/versions/3.12.0/lib/python3.12/site-packages/airflow/example_dags/example_setup_teardown.py
[2025-07-13T23:49:54.665+0300] {processor.py:830} INFO - Processing file /home/wal/.pyenv/versions/3.12.0/lib/python3.12/site-packages/airflow/example_dags/example_setup_teardown.py for tasks to queue
[2025-07-13T23:49:54.668+0300] {logging_mixin.py:188} INFO - [2025-07-13T23:49:54.667+0300] {dagbag.py:545} INFO - Filling up the DagBag from /home/wal/.pyenv/versions/3.12.0/lib/python3.12/site-packages/airflow/example_dags/example_setup_teardown.py
[2025-07-13T23:49:54.677+0300] {processor.py:840} INFO - DAG(s) 'example_setup_teardown' retrieved from /home/wal/.pyenv/versions/3.12.0/lib/python3.12/site-packages/airflow/example_dags/example_setup_teardown.py
[2025-07-13T23:49:54.696+0300] {logging_mixin.py:188} INFO - [2025-07-13T23:49:54.696+0300] {dag.py:3096} INFO - Sync 1 DAGs
[2025-07-13T23:49:54.722+0300] {logging_mixin.py:188} INFO - [2025-07-13T23:49:54.722+0300] {dag.py:3954} INFO - Setting next_dagrun for example_setup_teardown to 2025-07-12 00:00:00+00:00, run_after=2025-07-13 00:00:00+00:00
[2025-07-13T23:49:54.750+0300] {processor.py:183} INFO - Processing /home/wal/.pyenv/versions/3.12.0/lib/python3.12/site-packages/airflow/example_dags/example_setup_teardown.py took 0.094 seconds
[2025-07-13T23:50:46.500+0300] {processor.py:161} INFO - Started process (PID=7126) to work on /home/wal/.pyenv/versions/3.12.0/lib/python3.12/site-packages/airflow/example_dags/example_setup_teardown.py
[2025-07-13T23:50:46.507+0300] {processor.py:830} INFO - Processing file /home/wal/.pyenv/versions/3.12.0/lib/python3.12/site-packages/airflow/example_dags/example_setup_teardown.py for tasks to queue
[2025-07-13T23:50:46.510+0300] {logging_mixin.py:188} INFO - [2025-07-13T23:50:46.510+0300] {dagbag.py:545} INFO - Filling up the DagBag from /home/wal/.pyenv/versions/3.12.0/lib/python3.12/site-packages/airflow/example_dags/example_setup_teardown.py
[2025-07-13T23:50:46.524+0300] {processor.py:840} INFO - DAG(s) 'example_setup_teardown' retrieved from /home/wal/.pyenv/versions/3.12.0/lib/python3.12/site-packages/airflow/example_dags/example_setup_teardown.py
[2025-07-13T23:50:46.548+0300] {logging_mixin.py:188} INFO - [2025-07-13T23:50:46.547+0300] {dag.py:3096} INFO - Sync 1 DAGs
[2025-07-13T23:50:46.579+0300] {logging_mixin.py:188} INFO - [2025-07-13T23:50:46.578+0300] {dag.py:3954} INFO - Setting next_dagrun for example_setup_teardown to 2025-07-12 00:00:00+00:00, run_after=2025-07-13 00:00:00+00:00
[2025-07-13T23:50:46.613+0300] {processor.py:183} INFO - Processing /home/wal/.pyenv/versions/3.12.0/lib/python3.12/site-packages/airflow/example_dags/example_setup_teardown.py took 0.120 seconds
[2025-07-13T23:51:44.291+0300] {processor.py:161} INFO - Started process (PID=7176) to work on /home/wal/.pyenv/versions/3.12.0/lib/python3.12/site-packages/airflow/example_dags/example_setup_teardown.py
[2025-07-13T23:51:44.298+0300] {processor.py:830} INFO - Processing file /home/wal/.pyenv/versions/3.12.0/lib/python3.12/site-packages/airflow/example_dags/example_setup_teardown.py for tasks to queue
[2025-07-13T23:51:44.301+0300] {logging_mixin.py:188} INFO - [2025-07-13T23:51:44.300+0300] {dagbag.py:545} INFO - Filling up the DagBag from /home/wal/.pyenv/versions/3.12.0/lib/python3.12/site-packages/airflow/example_dags/example_setup_teardown.py
[2025-07-13T23:51:44.311+0300] {processor.py:840} INFO - DAG(s) 'example_setup_teardown' retrieved from /home/wal/.pyenv/versions/3.12.0/lib/python3.12/site-packages/airflow/example_dags/example_setup_teardown.py
[2025-07-13T23:51:44.336+0300] {logging_mixin.py:188} INFO - [2025-07-13T23:51:44.336+0300] {dag.py:3096} INFO - Sync 1 DAGs
[2025-07-13T23:51:44.368+0300] {logging_mixin.py:188} INFO - [2025-07-13T23:51:44.367+0300] {dag.py:3954} INFO - Setting next_dagrun for example_setup_teardown to 2025-07-12 00:00:00+00:00, run_after=2025-07-13 00:00:00+00:00
[2025-07-13T23:51:44.402+0300] {processor.py:183} INFO - Processing /home/wal/.pyenv/versions/3.12.0/lib/python3.12/site-packages/airflow/example_dags/example_setup_teardown.py took 0.126 seconds
[2025-07-13T23:52:44.944+0300] {processor.py:161} INFO - Started process (PID=7232) to work on /home/wal/.pyenv/versions/3.12.0/lib/python3.12/site-packages/airflow/example_dags/example_setup_teardown.py
[2025-07-13T23:52:44.947+0300] {processor.py:830} INFO - Processing file /home/wal/.pyenv/versions/3.12.0/lib/python3.12/site-packages/airflow/example_dags/example_setup_teardown.py for tasks to queue
[2025-07-13T23:52:44.955+0300] {logging_mixin.py:188} INFO - [2025-07-13T23:52:44.952+0300] {dagbag.py:545} INFO - Filling up the DagBag from /home/wal/.pyenv/versions/3.12.0/lib/python3.12/site-packages/airflow/example_dags/example_setup_teardown.py
[2025-07-13T23:52:44.974+0300] {processor.py:840} INFO - DAG(s) 'example_setup_teardown' retrieved from /home/wal/.pyenv/versions/3.12.0/lib/python3.12/site-packages/airflow/example_dags/example_setup_teardown.py
[2025-07-13T23:52:45.016+0300] {logging_mixin.py:188} INFO - [2025-07-13T23:52:45.016+0300] {dag.py:3096} INFO - Sync 1 DAGs
[2025-07-13T23:52:45.072+0300] {logging_mixin.py:188} INFO - [2025-07-13T23:52:45.072+0300] {dag.py:3954} INFO - Setting next_dagrun for example_setup_teardown to 2025-07-12 00:00:00+00:00, run_after=2025-07-13 00:00:00+00:00
[2025-07-13T23:52:45.133+0300] {processor.py:183} INFO - Processing /home/wal/.pyenv/versions/3.12.0/lib/python3.12/site-packages/airflow/example_dags/example_setup_teardown.py took 0.204 seconds
[2025-07-13T23:53:43.673+0300] {processor.py:161} INFO - Started process (PID=7283) to work on /home/wal/.pyenv/versions/3.12.0/lib/python3.12/site-packages/airflow/example_dags/example_setup_teardown.py
[2025-07-13T23:53:43.680+0300] {processor.py:830} INFO - Processing file /home/wal/.pyenv/versions/3.12.0/lib/python3.12/site-packages/airflow/example_dags/example_setup_teardown.py for tasks to queue
[2025-07-13T23:53:43.685+0300] {logging_mixin.py:188} INFO - [2025-07-13T23:53:43.684+0300] {dagbag.py:545} INFO - Filling up the DagBag from /home/wal/.pyenv/versions/3.12.0/lib/python3.12/site-packages/airflow/example_dags/example_setup_teardown.py
[2025-07-13T23:53:43.694+0300] {processor.py:840} INFO - DAG(s) 'example_setup_teardown' retrieved from /home/wal/.pyenv/versions/3.12.0/lib/python3.12/site-packages/airflow/example_dags/example_setup_teardown.py
[2025-07-13T23:53:43.723+0300] {logging_mixin.py:188} INFO - [2025-07-13T23:53:43.722+0300] {dag.py:3096} INFO - Sync 1 DAGs
[2025-07-13T23:53:43.763+0300] {logging_mixin.py:188} INFO - [2025-07-13T23:53:43.762+0300] {dag.py:3954} INFO - Setting next_dagrun for example_setup_teardown to 2025-07-12 00:00:00+00:00, run_after=2025-07-13 00:00:00+00:00
[2025-07-13T23:53:43.810+0300] {processor.py:183} INFO - Processing /home/wal/.pyenv/versions/3.12.0/lib/python3.12/site-packages/airflow/example_dags/example_setup_teardown.py took 0.152 seconds
[2025-07-13T23:54:40.764+0300] {processor.py:161} INFO - Started process (PID=7335) to work on /home/wal/.pyenv/versions/3.12.0/lib/python3.12/site-packages/airflow/example_dags/example_setup_teardown.py
[2025-07-13T23:54:40.767+0300] {processor.py:830} INFO - Processing file /home/wal/.pyenv/versions/3.12.0/lib/python3.12/site-packages/airflow/example_dags/example_setup_teardown.py for tasks to queue
[2025-07-13T23:54:40.772+0300] {logging_mixin.py:188} INFO - [2025-07-13T23:54:40.771+0300] {dagbag.py:545} INFO - Filling up the DagBag from /home/wal/.pyenv/versions/3.12.0/lib/python3.12/site-packages/airflow/example_dags/example_setup_teardown.py
[2025-07-13T23:54:40.787+0300] {processor.py:840} INFO - DAG(s) 'example_setup_teardown' retrieved from /home/wal/.pyenv/versions/3.12.0/lib/python3.12/site-packages/airflow/example_dags/example_setup_teardown.py
[2025-07-13T23:54:40.813+0300] {logging_mixin.py:188} INFO - [2025-07-13T23:54:40.812+0300] {dag.py:3096} INFO - Sync 1 DAGs
[2025-07-13T23:54:40.840+0300] {logging_mixin.py:188} INFO - [2025-07-13T23:54:40.840+0300] {dag.py:3954} INFO - Setting next_dagrun for example_setup_teardown to 2025-07-12 00:00:00+00:00, run_after=2025-07-13 00:00:00+00:00
[2025-07-13T23:54:40.870+0300] {processor.py:183} INFO - Processing /home/wal/.pyenv/versions/3.12.0/lib/python3.12/site-packages/airflow/example_dags/example_setup_teardown.py took 0.120 seconds
[2025-07-13T23:55:36.400+0300] {processor.py:161} INFO - Started process (PID=7388) to work on /home/wal/.pyenv/versions/3.12.0/lib/python3.12/site-packages/airflow/example_dags/example_setup_teardown.py
[2025-07-13T23:55:36.402+0300] {processor.py:830} INFO - Processing file /home/wal/.pyenv/versions/3.12.0/lib/python3.12/site-packages/airflow/example_dags/example_setup_teardown.py for tasks to queue
[2025-07-13T23:55:36.406+0300] {logging_mixin.py:188} INFO - [2025-07-13T23:55:36.404+0300] {dagbag.py:545} INFO - Filling up the DagBag from /home/wal/.pyenv/versions/3.12.0/lib/python3.12/site-packages/airflow/example_dags/example_setup_teardown.py
[2025-07-13T23:55:36.415+0300] {processor.py:840} INFO - DAG(s) 'example_setup_teardown' retrieved from /home/wal/.pyenv/versions/3.12.0/lib/python3.12/site-packages/airflow/example_dags/example_setup_teardown.py
[2025-07-13T23:55:36.441+0300] {logging_mixin.py:188} INFO - [2025-07-13T23:55:36.440+0300] {dag.py:3096} INFO - Sync 1 DAGs
[2025-07-13T23:55:36.463+0300] {logging_mixin.py:188} INFO - [2025-07-13T23:55:36.463+0300] {dag.py:3954} INFO - Setting next_dagrun for example_setup_teardown to 2025-07-12 00:00:00+00:00, run_after=2025-07-13 00:00:00+00:00
[2025-07-13T23:55:36.497+0300] {processor.py:183} INFO - Processing /home/wal/.pyenv/versions/3.12.0/lib/python3.12/site-packages/airflow/example_dags/example_setup_teardown.py took 0.103 seconds
[2025-07-13T23:56:31.229+0300] {processor.py:161} INFO - Started process (PID=7438) to work on /home/wal/.pyenv/versions/3.12.0/lib/python3.12/site-packages/airflow/example_dags/example_setup_teardown.py
[2025-07-13T23:56:31.231+0300] {processor.py:830} INFO - Processing file /home/wal/.pyenv/versions/3.12.0/lib/python3.12/site-packages/airflow/example_dags/example_setup_teardown.py for tasks to queue
[2025-07-13T23:56:31.240+0300] {logging_mixin.py:188} INFO - [2025-07-13T23:56:31.238+0300] {dagbag.py:545} INFO - Filling up the DagBag from /home/wal/.pyenv/versions/3.12.0/lib/python3.12/site-packages/airflow/example_dags/example_setup_teardown.py
[2025-07-13T23:56:31.267+0300] {processor.py:840} INFO - DAG(s) 'example_setup_teardown' retrieved from /home/wal/.pyenv/versions/3.12.0/lib/python3.12/site-packages/airflow/example_dags/example_setup_teardown.py
[2025-07-13T23:56:31.305+0300] {logging_mixin.py:188} INFO - [2025-07-13T23:56:31.305+0300] {dag.py:3096} INFO - Sync 1 DAGs
[2025-07-13T23:56:31.345+0300] {logging_mixin.py:188} INFO - [2025-07-13T23:56:31.345+0300] {dag.py:3954} INFO - Setting next_dagrun for example_setup_teardown to 2025-07-12 00:00:00+00:00, run_after=2025-07-13 00:00:00+00:00
[2025-07-13T23:56:31.388+0300] {processor.py:183} INFO - Processing /home/wal/.pyenv/versions/3.12.0/lib/python3.12/site-packages/airflow/example_dags/example_setup_teardown.py took 0.174 seconds
[2025-07-13T23:57:29.360+0300] {processor.py:161} INFO - Started process (PID=7489) to work on /home/wal/.pyenv/versions/3.12.0/lib/python3.12/site-packages/airflow/example_dags/example_setup_teardown.py
[2025-07-13T23:57:29.363+0300] {processor.py:830} INFO - Processing file /home/wal/.pyenv/versions/3.12.0/lib/python3.12/site-packages/airflow/example_dags/example_setup_teardown.py for tasks to queue
[2025-07-13T23:57:29.366+0300] {logging_mixin.py:188} INFO - [2025-07-13T23:57:29.365+0300] {dagbag.py:545} INFO - Filling up the DagBag from /home/wal/.pyenv/versions/3.12.0/lib/python3.12/site-packages/airflow/example_dags/example_setup_teardown.py
[2025-07-13T23:57:29.375+0300] {processor.py:840} INFO - DAG(s) 'example_setup_teardown' retrieved from /home/wal/.pyenv/versions/3.12.0/lib/python3.12/site-packages/airflow/example_dags/example_setup_teardown.py
[2025-07-13T23:57:29.400+0300] {logging_mixin.py:188} INFO - [2025-07-13T23:57:29.400+0300] {dag.py:3096} INFO - Sync 1 DAGs
[2025-07-13T23:57:29.429+0300] {logging_mixin.py:188} INFO - [2025-07-13T23:57:29.429+0300] {dag.py:3954} INFO - Setting next_dagrun for example_setup_teardown to 2025-07-12 00:00:00+00:00, run_after=2025-07-13 00:00:00+00:00
[2025-07-13T23:57:29.460+0300] {processor.py:183} INFO - Processing /home/wal/.pyenv/versions/3.12.0/lib/python3.12/site-packages/airflow/example_dags/example_setup_teardown.py took 0.113 seconds
[2025-07-13T23:58:24.292+0300] {processor.py:161} INFO - Started process (PID=7541) to work on /home/wal/.pyenv/versions/3.12.0/lib/python3.12/site-packages/airflow/example_dags/example_setup_teardown.py
[2025-07-13T23:58:24.294+0300] {processor.py:830} INFO - Processing file /home/wal/.pyenv/versions/3.12.0/lib/python3.12/site-packages/airflow/example_dags/example_setup_teardown.py for tasks to queue
[2025-07-13T23:58:24.296+0300] {logging_mixin.py:188} INFO - [2025-07-13T23:58:24.296+0300] {dagbag.py:545} INFO - Filling up the DagBag from /home/wal/.pyenv/versions/3.12.0/lib/python3.12/site-packages/airflow/example_dags/example_setup_teardown.py
[2025-07-13T23:58:24.307+0300] {processor.py:840} INFO - DAG(s) 'example_setup_teardown' retrieved from /home/wal/.pyenv/versions/3.12.0/lib/python3.12/site-packages/airflow/example_dags/example_setup_teardown.py
[2025-07-13T23:58:24.335+0300] {logging_mixin.py:188} INFO - [2025-07-13T23:58:24.335+0300] {dag.py:3096} INFO - Sync 1 DAGs
[2025-07-13T23:58:24.374+0300] {logging_mixin.py:188} INFO - [2025-07-13T23:58:24.374+0300] {dag.py:3954} INFO - Setting next_dagrun for example_setup_teardown to 2025-07-12 00:00:00+00:00, run_after=2025-07-13 00:00:00+00:00
[2025-07-13T23:58:24.408+0300] {processor.py:183} INFO - Processing /home/wal/.pyenv/versions/3.12.0/lib/python3.12/site-packages/airflow/example_dags/example_setup_teardown.py took 0.127 seconds
[2025-07-13T23:59:17.172+0300] {processor.py:161} INFO - Started process (PID=7593) to work on /home/wal/.pyenv/versions/3.12.0/lib/python3.12/site-packages/airflow/example_dags/example_setup_teardown.py
[2025-07-13T23:59:17.179+0300] {processor.py:830} INFO - Processing file /home/wal/.pyenv/versions/3.12.0/lib/python3.12/site-packages/airflow/example_dags/example_setup_teardown.py for tasks to queue
[2025-07-13T23:59:17.182+0300] {logging_mixin.py:188} INFO - [2025-07-13T23:59:17.181+0300] {dagbag.py:545} INFO - Filling up the DagBag from /home/wal/.pyenv/versions/3.12.0/lib/python3.12/site-packages/airflow/example_dags/example_setup_teardown.py
[2025-07-13T23:59:17.197+0300] {processor.py:840} INFO - DAG(s) 'example_setup_teardown' retrieved from /home/wal/.pyenv/versions/3.12.0/lib/python3.12/site-packages/airflow/example_dags/example_setup_teardown.py
[2025-07-13T23:59:17.229+0300] {logging_mixin.py:188} INFO - [2025-07-13T23:59:17.228+0300] {dag.py:3096} INFO - Sync 1 DAGs
[2025-07-13T23:59:17.275+0300] {logging_mixin.py:188} INFO - [2025-07-13T23:59:17.275+0300] {dag.py:3954} INFO - Setting next_dagrun for example_setup_teardown to 2025-07-12 00:00:00+00:00, run_after=2025-07-13 00:00:00+00:00
[2025-07-13T23:59:17.326+0300] {processor.py:183} INFO - Processing /home/wal/.pyenv/versions/3.12.0/lib/python3.12/site-packages/airflow/example_dags/example_setup_teardown.py took 0.165 seconds
[2025-07-14T00:00:19.475+0300] {processor.py:161} INFO - Started process (PID=7660) to work on /home/wal/.pyenv/versions/3.12.0/lib/python3.12/site-packages/airflow/example_dags/example_setup_teardown.py
[2025-07-14T00:00:19.478+0300] {processor.py:830} INFO - Processing file /home/wal/.pyenv/versions/3.12.0/lib/python3.12/site-packages/airflow/example_dags/example_setup_teardown.py for tasks to queue
[2025-07-14T00:00:19.483+0300] {logging_mixin.py:188} INFO - [2025-07-14T00:00:19.482+0300] {dagbag.py:545} INFO - Filling up the DagBag from /home/wal/.pyenv/versions/3.12.0/lib/python3.12/site-packages/airflow/example_dags/example_setup_teardown.py
[2025-07-14T00:00:19.520+0300] {processor.py:840} INFO - DAG(s) 'example_setup_teardown' retrieved from /home/wal/.pyenv/versions/3.12.0/lib/python3.12/site-packages/airflow/example_dags/example_setup_teardown.py
[2025-07-14T00:00:19.586+0300] {logging_mixin.py:188} INFO - [2025-07-14T00:00:19.586+0300] {dag.py:3096} INFO - Sync 1 DAGs
[2025-07-14T00:00:19.651+0300] {logging_mixin.py:188} INFO - [2025-07-14T00:00:19.651+0300] {dag.py:3954} INFO - Setting next_dagrun for example_setup_teardown to 2025-07-12 00:00:00+00:00, run_after=2025-07-13 00:00:00+00:00
[2025-07-14T00:00:19.731+0300] {processor.py:183} INFO - Processing /home/wal/.pyenv/versions/3.12.0/lib/python3.12/site-packages/airflow/example_dags/example_setup_teardown.py took 0.279 seconds
[2025-07-14T00:01:15.386+0300] {processor.py:161} INFO - Started process (PID=7712) to work on /home/wal/.pyenv/versions/3.12.0/lib/python3.12/site-packages/airflow/example_dags/example_setup_teardown.py
[2025-07-14T00:01:15.389+0300] {processor.py:830} INFO - Processing file /home/wal/.pyenv/versions/3.12.0/lib/python3.12/site-packages/airflow/example_dags/example_setup_teardown.py for tasks to queue
[2025-07-14T00:01:15.392+0300] {logging_mixin.py:188} INFO - [2025-07-14T00:01:15.391+0300] {dagbag.py:545} INFO - Filling up the DagBag from /home/wal/.pyenv/versions/3.12.0/lib/python3.12/site-packages/airflow/example_dags/example_setup_teardown.py
[2025-07-14T00:01:15.403+0300] {processor.py:840} INFO - DAG(s) 'example_setup_teardown' retrieved from /home/wal/.pyenv/versions/3.12.0/lib/python3.12/site-packages/airflow/example_dags/example_setup_teardown.py
[2025-07-14T00:01:15.426+0300] {logging_mixin.py:188} INFO - [2025-07-14T00:01:15.426+0300] {dag.py:3096} INFO - Sync 1 DAGs
[2025-07-14T00:01:15.451+0300] {logging_mixin.py:188} INFO - [2025-07-14T00:01:15.450+0300] {dag.py:3954} INFO - Setting next_dagrun for example_setup_teardown to 2025-07-12 00:00:00+00:00, run_after=2025-07-13 00:00:00+00:00
[2025-07-14T00:01:15.478+0300] {processor.py:183} INFO - Processing /home/wal/.pyenv/versions/3.12.0/lib/python3.12/site-packages/airflow/example_dags/example_setup_teardown.py took 0.101 seconds
[2025-07-14T00:02:11.197+0300] {processor.py:161} INFO - Started process (PID=7762) to work on /home/wal/.pyenv/versions/3.12.0/lib/python3.12/site-packages/airflow/example_dags/example_setup_teardown.py
[2025-07-14T00:02:11.204+0300] {processor.py:830} INFO - Processing file /home/wal/.pyenv/versions/3.12.0/lib/python3.12/site-packages/airflow/example_dags/example_setup_teardown.py for tasks to queue
[2025-07-14T00:02:11.206+0300] {logging_mixin.py:188} INFO - [2025-07-14T00:02:11.206+0300] {dagbag.py:545} INFO - Filling up the DagBag from /home/wal/.pyenv/versions/3.12.0/lib/python3.12/site-packages/airflow/example_dags/example_setup_teardown.py
[2025-07-14T00:02:11.218+0300] {processor.py:840} INFO - DAG(s) 'example_setup_teardown' retrieved from /home/wal/.pyenv/versions/3.12.0/lib/python3.12/site-packages/airflow/example_dags/example_setup_teardown.py
[2025-07-14T00:02:11.240+0300] {logging_mixin.py:188} INFO - [2025-07-14T00:02:11.239+0300] {dag.py:3096} INFO - Sync 1 DAGs
[2025-07-14T00:02:11.271+0300] {logging_mixin.py:188} INFO - [2025-07-14T00:02:11.271+0300] {dag.py:3954} INFO - Setting next_dagrun for example_setup_teardown to 2025-07-12 00:00:00+00:00, run_after=2025-07-13 00:00:00+00:00
[2025-07-14T00:02:11.304+0300] {processor.py:183} INFO - Processing /home/wal/.pyenv/versions/3.12.0/lib/python3.12/site-packages/airflow/example_dags/example_setup_teardown.py took 0.117 seconds
[2025-07-14T00:03:06.269+0300] {processor.py:161} INFO - Started process (PID=7811) to work on /home/wal/.pyenv/versions/3.12.0/lib/python3.12/site-packages/airflow/example_dags/example_setup_teardown.py
[2025-07-14T00:03:06.272+0300] {processor.py:830} INFO - Processing file /home/wal/.pyenv/versions/3.12.0/lib/python3.12/site-packages/airflow/example_dags/example_setup_teardown.py for tasks to queue
[2025-07-14T00:03:06.275+0300] {logging_mixin.py:188} INFO - [2025-07-14T00:03:06.274+0300] {dagbag.py:545} INFO - Filling up the DagBag from /home/wal/.pyenv/versions/3.12.0/lib/python3.12/site-packages/airflow/example_dags/example_setup_teardown.py
[2025-07-14T00:03:06.283+0300] {processor.py:840} INFO - DAG(s) 'example_setup_teardown' retrieved from /home/wal/.pyenv/versions/3.12.0/lib/python3.12/site-packages/airflow/example_dags/example_setup_teardown.py
[2025-07-14T00:03:06.309+0300] {logging_mixin.py:188} INFO - [2025-07-14T00:03:06.308+0300] {dag.py:3096} INFO - Sync 1 DAGs
[2025-07-14T00:03:06.333+0300] {logging_mixin.py:188} INFO - [2025-07-14T00:03:06.332+0300] {dag.py:3954} INFO - Setting next_dagrun for example_setup_teardown to 2025-07-12 00:00:00+00:00, run_after=2025-07-13 00:00:00+00:00
[2025-07-14T00:03:06.362+0300] {processor.py:183} INFO - Processing /home/wal/.pyenv/versions/3.12.0/lib/python3.12/site-packages/airflow/example_dags/example_setup_teardown.py took 0.101 seconds
[2025-07-14T00:03:59.997+0300] {processor.py:161} INFO - Started process (PID=7862) to work on /home/wal/.pyenv/versions/3.12.0/lib/python3.12/site-packages/airflow/example_dags/example_setup_teardown.py
[2025-07-14T00:04:00.003+0300] {processor.py:830} INFO - Processing file /home/wal/.pyenv/versions/3.12.0/lib/python3.12/site-packages/airflow/example_dags/example_setup_teardown.py for tasks to queue
[2025-07-14T00:04:00.007+0300] {logging_mixin.py:188} INFO - [2025-07-14T00:04:00.006+0300] {dagbag.py:545} INFO - Filling up the DagBag from /home/wal/.pyenv/versions/3.12.0/lib/python3.12/site-packages/airflow/example_dags/example_setup_teardown.py
[2025-07-14T00:04:00.016+0300] {processor.py:840} INFO - DAG(s) 'example_setup_teardown' retrieved from /home/wal/.pyenv/versions/3.12.0/lib/python3.12/site-packages/airflow/example_dags/example_setup_teardown.py
[2025-07-14T00:04:00.050+0300] {logging_mixin.py:188} INFO - [2025-07-14T00:04:00.049+0300] {dag.py:3096} INFO - Sync 1 DAGs
[2025-07-14T00:04:00.083+0300] {logging_mixin.py:188} INFO - [2025-07-14T00:04:00.082+0300] {dag.py:3954} INFO - Setting next_dagrun for example_setup_teardown to 2025-07-12 00:00:00+00:00, run_after=2025-07-13 00:00:00+00:00
[2025-07-14T00:04:00.117+0300] {processor.py:183} INFO - Processing /home/wal/.pyenv/versions/3.12.0/lib/python3.12/site-packages/airflow/example_dags/example_setup_teardown.py took 0.128 seconds
[2025-07-14T00:04:52.816+0300] {processor.py:161} INFO - Started process (PID=7911) to work on /home/wal/.pyenv/versions/3.12.0/lib/python3.12/site-packages/airflow/example_dags/example_setup_teardown.py
[2025-07-14T00:04:52.818+0300] {processor.py:830} INFO - Processing file /home/wal/.pyenv/versions/3.12.0/lib/python3.12/site-packages/airflow/example_dags/example_setup_teardown.py for tasks to queue
[2025-07-14T00:04:52.823+0300] {logging_mixin.py:188} INFO - [2025-07-14T00:04:52.823+0300] {dagbag.py:545} INFO - Filling up the DagBag from /home/wal/.pyenv/versions/3.12.0/lib/python3.12/site-packages/airflow/example_dags/example_setup_teardown.py
[2025-07-14T00:04:52.832+0300] {processor.py:840} INFO - DAG(s) 'example_setup_teardown' retrieved from /home/wal/.pyenv/versions/3.12.0/lib/python3.12/site-packages/airflow/example_dags/example_setup_teardown.py
[2025-07-14T00:04:52.861+0300] {logging_mixin.py:188} INFO - [2025-07-14T00:04:52.860+0300] {dag.py:3096} INFO - Sync 1 DAGs
[2025-07-14T00:04:52.899+0300] {logging_mixin.py:188} INFO - [2025-07-14T00:04:52.898+0300] {dag.py:3954} INFO - Setting next_dagrun for example_setup_teardown to 2025-07-12 00:00:00+00:00, run_after=2025-07-13 00:00:00+00:00
[2025-07-14T00:04:52.939+0300] {processor.py:183} INFO - Processing /home/wal/.pyenv/versions/3.12.0/lib/python3.12/site-packages/airflow/example_dags/example_setup_teardown.py took 0.134 seconds
[2025-07-14T00:05:46.094+0300] {processor.py:161} INFO - Started process (PID=7966) to work on /home/wal/.pyenv/versions/3.12.0/lib/python3.12/site-packages/airflow/example_dags/example_setup_teardown.py
[2025-07-14T00:05:46.102+0300] {processor.py:830} INFO - Processing file /home/wal/.pyenv/versions/3.12.0/lib/python3.12/site-packages/airflow/example_dags/example_setup_teardown.py for tasks to queue
[2025-07-14T00:05:46.105+0300] {logging_mixin.py:188} INFO - [2025-07-14T00:05:46.104+0300] {dagbag.py:545} INFO - Filling up the DagBag from /home/wal/.pyenv/versions/3.12.0/lib/python3.12/site-packages/airflow/example_dags/example_setup_teardown.py
[2025-07-14T00:05:46.117+0300] {processor.py:840} INFO - DAG(s) 'example_setup_teardown' retrieved from /home/wal/.pyenv/versions/3.12.0/lib/python3.12/site-packages/airflow/example_dags/example_setup_teardown.py
[2025-07-14T00:05:46.140+0300] {logging_mixin.py:188} INFO - [2025-07-14T00:05:46.139+0300] {dag.py:3096} INFO - Sync 1 DAGs
[2025-07-14T00:05:46.166+0300] {logging_mixin.py:188} INFO - [2025-07-14T00:05:46.166+0300] {dag.py:3954} INFO - Setting next_dagrun for example_setup_teardown to 2025-07-12 00:00:00+00:00, run_after=2025-07-13 00:00:00+00:00
[2025-07-14T00:05:46.207+0300] {processor.py:183} INFO - Processing /home/wal/.pyenv/versions/3.12.0/lib/python3.12/site-packages/airflow/example_dags/example_setup_teardown.py took 0.122 seconds
[2025-07-14T00:06:40.286+0300] {processor.py:161} INFO - Started process (PID=8016) to work on /home/wal/.pyenv/versions/3.12.0/lib/python3.12/site-packages/airflow/example_dags/example_setup_teardown.py
[2025-07-14T00:06:40.287+0300] {processor.py:830} INFO - Processing file /home/wal/.pyenv/versions/3.12.0/lib/python3.12/site-packages/airflow/example_dags/example_setup_teardown.py for tasks to queue
[2025-07-14T00:06:40.289+0300] {logging_mixin.py:188} INFO - [2025-07-14T00:06:40.289+0300] {dagbag.py:545} INFO - Filling up the DagBag from /home/wal/.pyenv/versions/3.12.0/lib/python3.12/site-packages/airflow/example_dags/example_setup_teardown.py
[2025-07-14T00:06:40.300+0300] {processor.py:840} INFO - DAG(s) 'example_setup_teardown' retrieved from /home/wal/.pyenv/versions/3.12.0/lib/python3.12/site-packages/airflow/example_dags/example_setup_teardown.py
[2025-07-14T00:06:40.323+0300] {logging_mixin.py:188} INFO - [2025-07-14T00:06:40.323+0300] {dag.py:3096} INFO - Sync 1 DAGs
[2025-07-14T00:06:40.349+0300] {logging_mixin.py:188} INFO - [2025-07-14T00:06:40.348+0300] {dag.py:3954} INFO - Setting next_dagrun for example_setup_teardown to 2025-07-12 00:00:00+00:00, run_after=2025-07-13 00:00:00+00:00
[2025-07-14T00:06:40.379+0300] {processor.py:183} INFO - Processing /home/wal/.pyenv/versions/3.12.0/lib/python3.12/site-packages/airflow/example_dags/example_setup_teardown.py took 0.100 seconds
[2025-07-14T00:07:35.959+0300] {processor.py:161} INFO - Started process (PID=8064) to work on /home/wal/.pyenv/versions/3.12.0/lib/python3.12/site-packages/airflow/example_dags/example_setup_teardown.py
[2025-07-14T00:07:35.968+0300] {processor.py:830} INFO - Processing file /home/wal/.pyenv/versions/3.12.0/lib/python3.12/site-packages/airflow/example_dags/example_setup_teardown.py for tasks to queue
[2025-07-14T00:07:35.972+0300] {logging_mixin.py:188} INFO - [2025-07-14T00:07:35.971+0300] {dagbag.py:545} INFO - Filling up the DagBag from /home/wal/.pyenv/versions/3.12.0/lib/python3.12/site-packages/airflow/example_dags/example_setup_teardown.py
[2025-07-14T00:07:36.004+0300] {processor.py:840} INFO - DAG(s) 'example_setup_teardown' retrieved from /home/wal/.pyenv/versions/3.12.0/lib/python3.12/site-packages/airflow/example_dags/example_setup_teardown.py
[2025-07-14T00:07:36.035+0300] {logging_mixin.py:188} INFO - [2025-07-14T00:07:36.035+0300] {dag.py:3096} INFO - Sync 1 DAGs
[2025-07-14T00:07:36.067+0300] {logging_mixin.py:188} INFO - [2025-07-14T00:07:36.067+0300] {dag.py:3954} INFO - Setting next_dagrun for example_setup_teardown to 2025-07-12 00:00:00+00:00, run_after=2025-07-13 00:00:00+00:00
[2025-07-14T00:07:36.104+0300] {processor.py:183} INFO - Processing /home/wal/.pyenv/versions/3.12.0/lib/python3.12/site-packages/airflow/example_dags/example_setup_teardown.py took 0.170 seconds
