[2025-07-13T22:56:07.537+0300] {processor.py:161} INFO - Started process (PID=3979) to work on /home/wal/.pyenv/versions/3.12.0/lib/python3.12/site-packages/airflow/example_dags/example_sensors.py
[2025-07-13T22:56:07.538+0300] {processor.py:830} INFO - Processing file /home/wal/.pyenv/versions/3.12.0/lib/python3.12/site-packages/airflow/example_dags/example_sensors.py for tasks to queue
[2025-07-13T22:56:07.541+0300] {logging_mixin.py:188} INFO - [2025-07-13T22:56:07.539+0300] {dagbag.py:545} INFO - Filling up the DagBag from /home/wal/.pyenv/versions/3.12.0/lib/python3.12/site-packages/airflow/example_dags/example_sensors.py
[2025-07-13T22:56:07.553+0300] {processor.py:840} INFO - DAG(s) 'example_sensors' retrieved from /home/wal/.pyenv/versions/3.12.0/lib/python3.12/site-packages/airflow/example_dags/example_sensors.py
[2025-07-13T22:56:07.587+0300] {logging_mixin.py:188} INFO - [2025-07-13T22:56:07.586+0300] {dag.py:3096} INFO - Sync 1 DAGs
[2025-07-13T22:56:07.602+0300] {logging_mixin.py:188} INFO - [2025-07-13T22:56:07.601+0300] {dag.py:3954} INFO - Setting next_dagrun for example_sensors to None, run_after=None
[2025-07-13T22:56:07.630+0300] {processor.py:183} INFO - Processing /home/wal/.pyenv/versions/3.12.0/lib/python3.12/site-packages/airflow/example_dags/example_sensors.py took 0.101 seconds
[2025-07-13T22:57:05.558+0300] {processor.py:161} INFO - Started process (PID=4161) to work on /home/wal/.pyenv/versions/3.12.0/lib/python3.12/site-packages/airflow/example_dags/example_sensors.py
[2025-07-13T22:57:05.560+0300] {processor.py:830} INFO - Processing file /home/wal/.pyenv/versions/3.12.0/lib/python3.12/site-packages/airflow/example_dags/example_sensors.py for tasks to queue
[2025-07-13T22:57:05.563+0300] {logging_mixin.py:188} INFO - [2025-07-13T22:57:05.562+0300] {dagbag.py:545} INFO - Filling up the DagBag from /home/wal/.pyenv/versions/3.12.0/lib/python3.12/site-packages/airflow/example_dags/example_sensors.py
[2025-07-13T22:57:05.577+0300] {processor.py:840} INFO - DAG(s) 'example_sensors' retrieved from /home/wal/.pyenv/versions/3.12.0/lib/python3.12/site-packages/airflow/example_dags/example_sensors.py
[2025-07-13T22:57:05.644+0300] {logging_mixin.py:188} INFO - [2025-07-13T22:57:05.643+0300] {dag.py:3096} INFO - Sync 1 DAGs
[2025-07-13T22:57:05.699+0300] {logging_mixin.py:188} INFO - [2025-07-13T22:57:05.698+0300] {dag.py:3954} INFO - Setting next_dagrun for example_sensors to None, run_after=None
[2025-07-13T22:57:05.803+0300] {processor.py:183} INFO - Processing /home/wal/.pyenv/versions/3.12.0/lib/python3.12/site-packages/airflow/example_dags/example_sensors.py took 0.254 seconds
[2025-07-13T22:58:03.948+0300] {processor.py:161} INFO - Started process (PID=4270) to work on /home/wal/.pyenv/versions/3.12.0/lib/python3.12/site-packages/airflow/example_dags/example_sensors.py
[2025-07-13T22:58:03.950+0300] {processor.py:830} INFO - Processing file /home/wal/.pyenv/versions/3.12.0/lib/python3.12/site-packages/airflow/example_dags/example_sensors.py for tasks to queue
[2025-07-13T22:58:03.953+0300] {logging_mixin.py:188} INFO - [2025-07-13T22:58:03.952+0300] {dagbag.py:545} INFO - Filling up the DagBag from /home/wal/.pyenv/versions/3.12.0/lib/python3.12/site-packages/airflow/example_dags/example_sensors.py
[2025-07-13T22:58:03.966+0300] {processor.py:840} INFO - DAG(s) 'example_sensors' retrieved from /home/wal/.pyenv/versions/3.12.0/lib/python3.12/site-packages/airflow/example_dags/example_sensors.py
[2025-07-13T22:58:03.991+0300] {logging_mixin.py:188} INFO - [2025-07-13T22:58:03.991+0300] {dag.py:3096} INFO - Sync 1 DAGs
[2025-07-13T22:58:04.006+0300] {logging_mixin.py:188} INFO - [2025-07-13T22:58:04.005+0300] {dag.py:3954} INFO - Setting next_dagrun for example_sensors to None, run_after=None
[2025-07-13T22:58:04.034+0300] {processor.py:183} INFO - Processing /home/wal/.pyenv/versions/3.12.0/lib/python3.12/site-packages/airflow/example_dags/example_sensors.py took 0.094 seconds
[2025-07-13T22:59:45.297+0300] {processor.py:161} INFO - Started process (PID=4524) to work on /home/wal/.pyenv/versions/3.12.0/lib/python3.12/site-packages/airflow/example_dags/example_sensors.py
[2025-07-13T22:59:45.299+0300] {processor.py:830} INFO - Processing file /home/wal/.pyenv/versions/3.12.0/lib/python3.12/site-packages/airflow/example_dags/example_sensors.py for tasks to queue
[2025-07-13T22:59:45.301+0300] {logging_mixin.py:188} INFO - [2025-07-13T22:59:45.300+0300] {dagbag.py:545} INFO - Filling up the DagBag from /home/wal/.pyenv/versions/3.12.0/lib/python3.12/site-packages/airflow/example_dags/example_sensors.py
[2025-07-13T22:59:45.312+0300] {processor.py:840} INFO - DAG(s) 'example_sensors' retrieved from /home/wal/.pyenv/versions/3.12.0/lib/python3.12/site-packages/airflow/example_dags/example_sensors.py
[2025-07-13T22:59:45.448+0300] {logging_mixin.py:188} INFO - [2025-07-13T22:59:45.448+0300] {dag.py:3096} INFO - Sync 1 DAGs
[2025-07-13T22:59:45.462+0300] {logging_mixin.py:188} INFO - [2025-07-13T22:59:45.461+0300] {dag.py:3954} INFO - Setting next_dagrun for example_sensors to None, run_after=None
[2025-07-13T22:59:45.493+0300] {processor.py:183} INFO - Processing /home/wal/.pyenv/versions/3.12.0/lib/python3.12/site-packages/airflow/example_dags/example_sensors.py took 0.202 seconds
[2025-07-13T23:00:57.468+0300] {processor.py:161} INFO - Started process (PID=4585) to work on /home/wal/.pyenv/versions/3.12.0/lib/python3.12/site-packages/airflow/example_dags/example_sensors.py
[2025-07-13T23:00:57.480+0300] {processor.py:830} INFO - Processing file /home/wal/.pyenv/versions/3.12.0/lib/python3.12/site-packages/airflow/example_dags/example_sensors.py for tasks to queue
[2025-07-13T23:00:57.485+0300] {logging_mixin.py:188} INFO - [2025-07-13T23:00:57.483+0300] {dagbag.py:545} INFO - Filling up the DagBag from /home/wal/.pyenv/versions/3.12.0/lib/python3.12/site-packages/airflow/example_dags/example_sensors.py
[2025-07-13T23:00:57.573+0300] {processor.py:840} INFO - DAG(s) 'example_sensors' retrieved from /home/wal/.pyenv/versions/3.12.0/lib/python3.12/site-packages/airflow/example_dags/example_sensors.py
[2025-07-13T23:00:57.878+0300] {logging_mixin.py:188} INFO - [2025-07-13T23:00:57.876+0300] {dag.py:3096} INFO - Sync 1 DAGs
[2025-07-13T23:00:58.408+0300] {logging_mixin.py:188} INFO - [2025-07-13T23:00:58.407+0300] {dag.py:3954} INFO - Setting next_dagrun for example_sensors to None, run_after=None
[2025-07-13T23:00:58.900+0300] {processor.py:183} INFO - Processing /home/wal/.pyenv/versions/3.12.0/lib/python3.12/site-packages/airflow/example_dags/example_sensors.py took 1.482 seconds
[2025-07-13T23:02:42.276+0300] {processor.py:161} INFO - Started process (PID=4650) to work on /home/wal/.pyenv/versions/3.12.0/lib/python3.12/site-packages/airflow/example_dags/example_sensors.py
[2025-07-13T23:02:42.279+0300] {processor.py:830} INFO - Processing file /home/wal/.pyenv/versions/3.12.0/lib/python3.12/site-packages/airflow/example_dags/example_sensors.py for tasks to queue
[2025-07-13T23:02:42.295+0300] {logging_mixin.py:188} INFO - [2025-07-13T23:02:42.292+0300] {dagbag.py:545} INFO - Filling up the DagBag from /home/wal/.pyenv/versions/3.12.0/lib/python3.12/site-packages/airflow/example_dags/example_sensors.py
[2025-07-13T23:02:42.358+0300] {processor.py:840} INFO - DAG(s) 'example_sensors' retrieved from /home/wal/.pyenv/versions/3.12.0/lib/python3.12/site-packages/airflow/example_dags/example_sensors.py
[2025-07-13T23:02:42.567+0300] {logging_mixin.py:188} INFO - [2025-07-13T23:02:42.566+0300] {dag.py:3096} INFO - Sync 1 DAGs
[2025-07-13T23:02:42.672+0300] {logging_mixin.py:188} INFO - [2025-07-13T23:02:42.667+0300] {dag.py:3954} INFO - Setting next_dagrun for example_sensors to None, run_after=None
[2025-07-13T23:02:42.835+0300] {processor.py:183} INFO - Processing /home/wal/.pyenv/versions/3.12.0/lib/python3.12/site-packages/airflow/example_dags/example_sensors.py took 0.598 seconds
[2025-07-13T23:04:09.709+0300] {processor.py:161} INFO - Started process (PID=4716) to work on /home/wal/.pyenv/versions/3.12.0/lib/python3.12/site-packages/airflow/example_dags/example_sensors.py
[2025-07-13T23:04:09.715+0300] {processor.py:830} INFO - Processing file /home/wal/.pyenv/versions/3.12.0/lib/python3.12/site-packages/airflow/example_dags/example_sensors.py for tasks to queue
[2025-07-13T23:04:09.719+0300] {logging_mixin.py:188} INFO - [2025-07-13T23:04:09.718+0300] {dagbag.py:545} INFO - Filling up the DagBag from /home/wal/.pyenv/versions/3.12.0/lib/python3.12/site-packages/airflow/example_dags/example_sensors.py
[2025-07-13T23:04:09.737+0300] {processor.py:840} INFO - DAG(s) 'example_sensors' retrieved from /home/wal/.pyenv/versions/3.12.0/lib/python3.12/site-packages/airflow/example_dags/example_sensors.py
[2025-07-13T23:04:09.793+0300] {logging_mixin.py:188} INFO - [2025-07-13T23:04:09.793+0300] {dag.py:3096} INFO - Sync 1 DAGs
[2025-07-13T23:04:09.827+0300] {logging_mixin.py:188} INFO - [2025-07-13T23:04:09.827+0300] {dag.py:3954} INFO - Setting next_dagrun for example_sensors to None, run_after=None
[2025-07-13T23:04:09.922+0300] {processor.py:183} INFO - Processing /home/wal/.pyenv/versions/3.12.0/lib/python3.12/site-packages/airflow/example_dags/example_sensors.py took 0.224 seconds
[2025-07-13T23:05:21.488+0300] {processor.py:161} INFO - Started process (PID=4780) to work on /home/wal/.pyenv/versions/3.12.0/lib/python3.12/site-packages/airflow/example_dags/example_sensors.py
[2025-07-13T23:05:21.494+0300] {processor.py:830} INFO - Processing file /home/wal/.pyenv/versions/3.12.0/lib/python3.12/site-packages/airflow/example_dags/example_sensors.py for tasks to queue
[2025-07-13T23:05:21.496+0300] {logging_mixin.py:188} INFO - [2025-07-13T23:05:21.496+0300] {dagbag.py:545} INFO - Filling up the DagBag from /home/wal/.pyenv/versions/3.12.0/lib/python3.12/site-packages/airflow/example_dags/example_sensors.py
[2025-07-13T23:05:21.508+0300] {processor.py:840} INFO - DAG(s) 'example_sensors' retrieved from /home/wal/.pyenv/versions/3.12.0/lib/python3.12/site-packages/airflow/example_dags/example_sensors.py
[2025-07-13T23:05:21.540+0300] {logging_mixin.py:188} INFO - [2025-07-13T23:05:21.540+0300] {dag.py:3096} INFO - Sync 1 DAGs
[2025-07-13T23:05:21.573+0300] {logging_mixin.py:188} INFO - [2025-07-13T23:05:21.572+0300] {dag.py:3954} INFO - Setting next_dagrun for example_sensors to None, run_after=None
[2025-07-13T23:05:21.622+0300] {processor.py:183} INFO - Processing /home/wal/.pyenv/versions/3.12.0/lib/python3.12/site-packages/airflow/example_dags/example_sensors.py took 0.142 seconds
[2025-07-13T23:07:02.288+0300] {processor.py:161} INFO - Started process (PID=4847) to work on /home/wal/.pyenv/versions/3.12.0/lib/python3.12/site-packages/airflow/example_dags/example_sensors.py
[2025-07-13T23:07:02.291+0300] {processor.py:830} INFO - Processing file /home/wal/.pyenv/versions/3.12.0/lib/python3.12/site-packages/airflow/example_dags/example_sensors.py for tasks to queue
[2025-07-13T23:07:02.297+0300] {logging_mixin.py:188} INFO - [2025-07-13T23:07:02.295+0300] {dagbag.py:545} INFO - Filling up the DagBag from /home/wal/.pyenv/versions/3.12.0/lib/python3.12/site-packages/airflow/example_dags/example_sensors.py
[2025-07-13T23:07:02.323+0300] {processor.py:840} INFO - DAG(s) 'example_sensors' retrieved from /home/wal/.pyenv/versions/3.12.0/lib/python3.12/site-packages/airflow/example_dags/example_sensors.py
[2025-07-13T23:07:02.373+0300] {logging_mixin.py:188} INFO - [2025-07-13T23:07:02.373+0300] {dag.py:3096} INFO - Sync 1 DAGs
[2025-07-13T23:07:02.405+0300] {logging_mixin.py:188} INFO - [2025-07-13T23:07:02.404+0300] {dag.py:3954} INFO - Setting next_dagrun for example_sensors to None, run_after=None
[2025-07-13T23:07:02.473+0300] {processor.py:183} INFO - Processing /home/wal/.pyenv/versions/3.12.0/lib/python3.12/site-packages/airflow/example_dags/example_sensors.py took 0.205 seconds
[2025-07-13T23:08:12.007+0300] {processor.py:161} INFO - Started process (PID=4905) to work on /home/wal/.pyenv/versions/3.12.0/lib/python3.12/site-packages/airflow/example_dags/example_sensors.py
[2025-07-13T23:08:12.014+0300] {processor.py:830} INFO - Processing file /home/wal/.pyenv/versions/3.12.0/lib/python3.12/site-packages/airflow/example_dags/example_sensors.py for tasks to queue
[2025-07-13T23:08:12.018+0300] {logging_mixin.py:188} INFO - [2025-07-13T23:08:12.017+0300] {dagbag.py:545} INFO - Filling up the DagBag from /home/wal/.pyenv/versions/3.12.0/lib/python3.12/site-packages/airflow/example_dags/example_sensors.py
[2025-07-13T23:08:12.039+0300] {processor.py:840} INFO - DAG(s) 'example_sensors' retrieved from /home/wal/.pyenv/versions/3.12.0/lib/python3.12/site-packages/airflow/example_dags/example_sensors.py
[2025-07-13T23:08:12.082+0300] {logging_mixin.py:188} INFO - [2025-07-13T23:08:12.082+0300] {dag.py:3096} INFO - Sync 1 DAGs
[2025-07-13T23:08:12.108+0300] {logging_mixin.py:188} INFO - [2025-07-13T23:08:12.107+0300] {dag.py:3954} INFO - Setting next_dagrun for example_sensors to None, run_after=None
[2025-07-13T23:08:12.158+0300] {processor.py:183} INFO - Processing /home/wal/.pyenv/versions/3.12.0/lib/python3.12/site-packages/airflow/example_dags/example_sensors.py took 0.170 seconds
[2025-07-13T23:09:12.498+0300] {processor.py:161} INFO - Started process (PID=4958) to work on /home/wal/.pyenv/versions/3.12.0/lib/python3.12/site-packages/airflow/example_dags/example_sensors.py
[2025-07-13T23:09:12.501+0300] {processor.py:830} INFO - Processing file /home/wal/.pyenv/versions/3.12.0/lib/python3.12/site-packages/airflow/example_dags/example_sensors.py for tasks to queue
[2025-07-13T23:09:12.503+0300] {logging_mixin.py:188} INFO - [2025-07-13T23:09:12.503+0300] {dagbag.py:545} INFO - Filling up the DagBag from /home/wal/.pyenv/versions/3.12.0/lib/python3.12/site-packages/airflow/example_dags/example_sensors.py
[2025-07-13T23:09:12.515+0300] {processor.py:840} INFO - DAG(s) 'example_sensors' retrieved from /home/wal/.pyenv/versions/3.12.0/lib/python3.12/site-packages/airflow/example_dags/example_sensors.py
[2025-07-13T23:09:12.542+0300] {logging_mixin.py:188} INFO - [2025-07-13T23:09:12.542+0300] {dag.py:3096} INFO - Sync 1 DAGs
[2025-07-13T23:09:12.557+0300] {logging_mixin.py:188} INFO - [2025-07-13T23:09:12.557+0300] {dag.py:3954} INFO - Setting next_dagrun for example_sensors to None, run_after=None
[2025-07-13T23:09:12.588+0300] {processor.py:183} INFO - Processing /home/wal/.pyenv/versions/3.12.0/lib/python3.12/site-packages/airflow/example_dags/example_sensors.py took 0.097 seconds
[2025-07-13T23:10:22.084+0300] {processor.py:161} INFO - Started process (PID=5015) to work on /home/wal/.pyenv/versions/3.12.0/lib/python3.12/site-packages/airflow/example_dags/example_sensors.py
[2025-07-13T23:10:22.090+0300] {processor.py:830} INFO - Processing file /home/wal/.pyenv/versions/3.12.0/lib/python3.12/site-packages/airflow/example_dags/example_sensors.py for tasks to queue
[2025-07-13T23:10:22.092+0300] {logging_mixin.py:188} INFO - [2025-07-13T23:10:22.091+0300] {dagbag.py:545} INFO - Filling up the DagBag from /home/wal/.pyenv/versions/3.12.0/lib/python3.12/site-packages/airflow/example_dags/example_sensors.py
[2025-07-13T23:10:22.104+0300] {processor.py:840} INFO - DAG(s) 'example_sensors' retrieved from /home/wal/.pyenv/versions/3.12.0/lib/python3.12/site-packages/airflow/example_dags/example_sensors.py
[2025-07-13T23:10:22.129+0300] {logging_mixin.py:188} INFO - [2025-07-13T23:10:22.129+0300] {dag.py:3096} INFO - Sync 1 DAGs
[2025-07-13T23:10:22.144+0300] {logging_mixin.py:188} INFO - [2025-07-13T23:10:22.144+0300] {dag.py:3954} INFO - Setting next_dagrun for example_sensors to None, run_after=None
[2025-07-13T23:10:22.177+0300] {processor.py:183} INFO - Processing /home/wal/.pyenv/versions/3.12.0/lib/python3.12/site-packages/airflow/example_dags/example_sensors.py took 0.100 seconds
[2025-07-13T23:11:18.803+0300] {processor.py:161} INFO - Started process (PID=5067) to work on /home/wal/.pyenv/versions/3.12.0/lib/python3.12/site-packages/airflow/example_dags/example_sensors.py
[2025-07-13T23:11:18.806+0300] {processor.py:830} INFO - Processing file /home/wal/.pyenv/versions/3.12.0/lib/python3.12/site-packages/airflow/example_dags/example_sensors.py for tasks to queue
[2025-07-13T23:11:18.808+0300] {logging_mixin.py:188} INFO - [2025-07-13T23:11:18.807+0300] {dagbag.py:545} INFO - Filling up the DagBag from /home/wal/.pyenv/versions/3.12.0/lib/python3.12/site-packages/airflow/example_dags/example_sensors.py
[2025-07-13T23:11:18.821+0300] {processor.py:840} INFO - DAG(s) 'example_sensors' retrieved from /home/wal/.pyenv/versions/3.12.0/lib/python3.12/site-packages/airflow/example_dags/example_sensors.py
[2025-07-13T23:11:18.848+0300] {logging_mixin.py:188} INFO - [2025-07-13T23:11:18.848+0300] {dag.py:3096} INFO - Sync 1 DAGs
[2025-07-13T23:11:18.865+0300] {logging_mixin.py:188} INFO - [2025-07-13T23:11:18.865+0300] {dag.py:3954} INFO - Setting next_dagrun for example_sensors to None, run_after=None
[2025-07-13T23:11:18.898+0300] {processor.py:183} INFO - Processing /home/wal/.pyenv/versions/3.12.0/lib/python3.12/site-packages/airflow/example_dags/example_sensors.py took 0.101 seconds
[2025-07-13T23:12:12.596+0300] {processor.py:161} INFO - Started process (PID=5117) to work on /home/wal/.pyenv/versions/3.12.0/lib/python3.12/site-packages/airflow/example_dags/example_sensors.py
[2025-07-13T23:12:12.600+0300] {processor.py:830} INFO - Processing file /home/wal/.pyenv/versions/3.12.0/lib/python3.12/site-packages/airflow/example_dags/example_sensors.py for tasks to queue
[2025-07-13T23:12:12.605+0300] {logging_mixin.py:188} INFO - [2025-07-13T23:12:12.604+0300] {dagbag.py:545} INFO - Filling up the DagBag from /home/wal/.pyenv/versions/3.12.0/lib/python3.12/site-packages/airflow/example_dags/example_sensors.py
[2025-07-13T23:12:12.626+0300] {processor.py:840} INFO - DAG(s) 'example_sensors' retrieved from /home/wal/.pyenv/versions/3.12.0/lib/python3.12/site-packages/airflow/example_dags/example_sensors.py
[2025-07-13T23:12:12.694+0300] {logging_mixin.py:188} INFO - [2025-07-13T23:12:12.694+0300] {dag.py:3096} INFO - Sync 1 DAGs
[2025-07-13T23:12:12.719+0300] {logging_mixin.py:188} INFO - [2025-07-13T23:12:12.719+0300] {dag.py:3954} INFO - Setting next_dagrun for example_sensors to None, run_after=None
[2025-07-13T23:12:12.764+0300] {processor.py:183} INFO - Processing /home/wal/.pyenv/versions/3.12.0/lib/python3.12/site-packages/airflow/example_dags/example_sensors.py took 0.183 seconds
[2025-07-13T23:13:22.197+0300] {processor.py:161} INFO - Started process (PID=5179) to work on /home/wal/.pyenv/versions/3.12.0/lib/python3.12/site-packages/airflow/example_dags/example_sensors.py
[2025-07-13T23:13:22.215+0300] {processor.py:830} INFO - Processing file /home/wal/.pyenv/versions/3.12.0/lib/python3.12/site-packages/airflow/example_dags/example_sensors.py for tasks to queue
[2025-07-13T23:13:22.228+0300] {logging_mixin.py:188} INFO - [2025-07-13T23:13:22.226+0300] {dagbag.py:545} INFO - Filling up the DagBag from /home/wal/.pyenv/versions/3.12.0/lib/python3.12/site-packages/airflow/example_dags/example_sensors.py
[2025-07-13T23:13:22.294+0300] {processor.py:840} INFO - DAG(s) 'example_sensors' retrieved from /home/wal/.pyenv/versions/3.12.0/lib/python3.12/site-packages/airflow/example_dags/example_sensors.py
[2025-07-13T23:13:22.493+0300] {logging_mixin.py:188} INFO - [2025-07-13T23:13:22.492+0300] {dag.py:3096} INFO - Sync 1 DAGs
[2025-07-13T23:13:22.613+0300] {logging_mixin.py:188} INFO - [2025-07-13T23:13:22.612+0300] {dag.py:3954} INFO - Setting next_dagrun for example_sensors to None, run_after=None
[2025-07-13T23:13:22.738+0300] {processor.py:183} INFO - Processing /home/wal/.pyenv/versions/3.12.0/lib/python3.12/site-packages/airflow/example_dags/example_sensors.py took 0.577 seconds
[2025-07-13T23:14:27.084+0300] {processor.py:161} INFO - Started process (PID=5248) to work on /home/wal/.pyenv/versions/3.12.0/lib/python3.12/site-packages/airflow/example_dags/example_sensors.py
[2025-07-13T23:14:27.088+0300] {processor.py:830} INFO - Processing file /home/wal/.pyenv/versions/3.12.0/lib/python3.12/site-packages/airflow/example_dags/example_sensors.py for tasks to queue
[2025-07-13T23:14:27.093+0300] {logging_mixin.py:188} INFO - [2025-07-13T23:14:27.092+0300] {dagbag.py:545} INFO - Filling up the DagBag from /home/wal/.pyenv/versions/3.12.0/lib/python3.12/site-packages/airflow/example_dags/example_sensors.py
[2025-07-13T23:14:27.121+0300] {processor.py:840} INFO - DAG(s) 'example_sensors' retrieved from /home/wal/.pyenv/versions/3.12.0/lib/python3.12/site-packages/airflow/example_dags/example_sensors.py
[2025-07-13T23:14:27.199+0300] {logging_mixin.py:188} INFO - [2025-07-13T23:14:27.198+0300] {dag.py:3096} INFO - Sync 1 DAGs
[2025-07-13T23:14:27.238+0300] {logging_mixin.py:188} INFO - [2025-07-13T23:14:27.237+0300] {dag.py:3954} INFO - Setting next_dagrun for example_sensors to None, run_after=None
[2025-07-13T23:14:27.292+0300] {processor.py:183} INFO - Processing /home/wal/.pyenv/versions/3.12.0/lib/python3.12/site-packages/airflow/example_dags/example_sensors.py took 0.225 seconds
[2025-07-13T23:15:20.138+0300] {processor.py:161} INFO - Started process (PID=5305) to work on /home/wal/.pyenv/versions/3.12.0/lib/python3.12/site-packages/airflow/example_dags/example_sensors.py
[2025-07-13T23:15:20.144+0300] {processor.py:830} INFO - Processing file /home/wal/.pyenv/versions/3.12.0/lib/python3.12/site-packages/airflow/example_dags/example_sensors.py for tasks to queue
[2025-07-13T23:15:20.147+0300] {logging_mixin.py:188} INFO - [2025-07-13T23:15:20.146+0300] {dagbag.py:545} INFO - Filling up the DagBag from /home/wal/.pyenv/versions/3.12.0/lib/python3.12/site-packages/airflow/example_dags/example_sensors.py
[2025-07-13T23:15:20.160+0300] {processor.py:840} INFO - DAG(s) 'example_sensors' retrieved from /home/wal/.pyenv/versions/3.12.0/lib/python3.12/site-packages/airflow/example_dags/example_sensors.py
[2025-07-13T23:15:20.189+0300] {logging_mixin.py:188} INFO - [2025-07-13T23:15:20.189+0300] {dag.py:3096} INFO - Sync 1 DAGs
[2025-07-13T23:15:20.204+0300] {logging_mixin.py:188} INFO - [2025-07-13T23:15:20.204+0300] {dag.py:3954} INFO - Setting next_dagrun for example_sensors to None, run_after=None
[2025-07-13T23:15:20.235+0300] {processor.py:183} INFO - Processing /home/wal/.pyenv/versions/3.12.0/lib/python3.12/site-packages/airflow/example_dags/example_sensors.py took 0.106 seconds
[2025-07-13T23:16:26.318+0300] {processor.py:161} INFO - Started process (PID=5363) to work on /home/wal/.pyenv/versions/3.12.0/lib/python3.12/site-packages/airflow/example_dags/example_sensors.py
[2025-07-13T23:16:26.320+0300] {processor.py:830} INFO - Processing file /home/wal/.pyenv/versions/3.12.0/lib/python3.12/site-packages/airflow/example_dags/example_sensors.py for tasks to queue
[2025-07-13T23:16:26.322+0300] {logging_mixin.py:188} INFO - [2025-07-13T23:16:26.321+0300] {dagbag.py:545} INFO - Filling up the DagBag from /home/wal/.pyenv/versions/3.12.0/lib/python3.12/site-packages/airflow/example_dags/example_sensors.py
[2025-07-13T23:16:26.332+0300] {processor.py:840} INFO - DAG(s) 'example_sensors' retrieved from /home/wal/.pyenv/versions/3.12.0/lib/python3.12/site-packages/airflow/example_dags/example_sensors.py
[2025-07-13T23:16:26.362+0300] {logging_mixin.py:188} INFO - [2025-07-13T23:16:26.361+0300] {dag.py:3096} INFO - Sync 1 DAGs
[2025-07-13T23:16:26.377+0300] {logging_mixin.py:188} INFO - [2025-07-13T23:16:26.377+0300] {dag.py:3954} INFO - Setting next_dagrun for example_sensors to None, run_after=None
[2025-07-13T23:16:26.402+0300] {processor.py:183} INFO - Processing /home/wal/.pyenv/versions/3.12.0/lib/python3.12/site-packages/airflow/example_dags/example_sensors.py took 0.091 seconds
[2025-07-13T23:17:40.475+0300] {processor.py:161} INFO - Started process (PID=5424) to work on /home/wal/.pyenv/versions/3.12.0/lib/python3.12/site-packages/airflow/example_dags/example_sensors.py
[2025-07-13T23:17:40.489+0300] {processor.py:830} INFO - Processing file /home/wal/.pyenv/versions/3.12.0/lib/python3.12/site-packages/airflow/example_dags/example_sensors.py for tasks to queue
[2025-07-13T23:17:40.504+0300] {logging_mixin.py:188} INFO - [2025-07-13T23:17:40.503+0300] {dagbag.py:545} INFO - Filling up the DagBag from /home/wal/.pyenv/versions/3.12.0/lib/python3.12/site-packages/airflow/example_dags/example_sensors.py
[2025-07-13T23:17:40.591+0300] {processor.py:840} INFO - DAG(s) 'example_sensors' retrieved from /home/wal/.pyenv/versions/3.12.0/lib/python3.12/site-packages/airflow/example_dags/example_sensors.py
[2025-07-13T23:17:40.953+0300] {logging_mixin.py:188} INFO - [2025-07-13T23:17:40.941+0300] {dag.py:3096} INFO - Sync 1 DAGs
[2025-07-13T23:17:41.104+0300] {logging_mixin.py:188} INFO - [2025-07-13T23:17:41.102+0300] {dag.py:3954} INFO - Setting next_dagrun for example_sensors to None, run_after=None
[2025-07-13T23:17:42.097+0300] {processor.py:183} INFO - Processing /home/wal/.pyenv/versions/3.12.0/lib/python3.12/site-packages/airflow/example_dags/example_sensors.py took 0.904 seconds
[2025-07-13T23:18:49.835+0300] {processor.py:161} INFO - Started process (PID=5480) to work on /home/wal/.pyenv/versions/3.12.0/lib/python3.12/site-packages/airflow/example_dags/example_sensors.py
[2025-07-13T23:18:49.837+0300] {processor.py:830} INFO - Processing file /home/wal/.pyenv/versions/3.12.0/lib/python3.12/site-packages/airflow/example_dags/example_sensors.py for tasks to queue
[2025-07-13T23:18:49.842+0300] {logging_mixin.py:188} INFO - [2025-07-13T23:18:49.841+0300] {dagbag.py:545} INFO - Filling up the DagBag from /home/wal/.pyenv/versions/3.12.0/lib/python3.12/site-packages/airflow/example_dags/example_sensors.py
[2025-07-13T23:18:49.858+0300] {processor.py:840} INFO - DAG(s) 'example_sensors' retrieved from /home/wal/.pyenv/versions/3.12.0/lib/python3.12/site-packages/airflow/example_dags/example_sensors.py
[2025-07-13T23:18:49.916+0300] {logging_mixin.py:188} INFO - [2025-07-13T23:18:49.915+0300] {dag.py:3096} INFO - Sync 1 DAGs
[2025-07-13T23:18:49.950+0300] {logging_mixin.py:188} INFO - [2025-07-13T23:18:49.950+0300] {dag.py:3954} INFO - Setting next_dagrun for example_sensors to None, run_after=None
[2025-07-13T23:18:50.000+0300] {processor.py:183} INFO - Processing /home/wal/.pyenv/versions/3.12.0/lib/python3.12/site-packages/airflow/example_dags/example_sensors.py took 0.180 seconds
[2025-07-13T23:19:50.835+0300] {processor.py:161} INFO - Started process (PID=5534) to work on /home/wal/.pyenv/versions/3.12.0/lib/python3.12/site-packages/airflow/example_dags/example_sensors.py
[2025-07-13T23:19:50.838+0300] {processor.py:830} INFO - Processing file /home/wal/.pyenv/versions/3.12.0/lib/python3.12/site-packages/airflow/example_dags/example_sensors.py for tasks to queue
[2025-07-13T23:19:50.846+0300] {logging_mixin.py:188} INFO - [2025-07-13T23:19:50.844+0300] {dagbag.py:545} INFO - Filling up the DagBag from /home/wal/.pyenv/versions/3.12.0/lib/python3.12/site-packages/airflow/example_dags/example_sensors.py
[2025-07-13T23:19:50.904+0300] {processor.py:840} INFO - DAG(s) 'example_sensors' retrieved from /home/wal/.pyenv/versions/3.12.0/lib/python3.12/site-packages/airflow/example_dags/example_sensors.py
[2025-07-13T23:19:50.974+0300] {logging_mixin.py:188} INFO - [2025-07-13T23:19:50.973+0300] {dag.py:3096} INFO - Sync 1 DAGs
[2025-07-13T23:19:51.017+0300] {logging_mixin.py:188} INFO - [2025-07-13T23:19:51.016+0300] {dag.py:3954} INFO - Setting next_dagrun for example_sensors to None, run_after=None
[2025-07-13T23:19:51.128+0300] {processor.py:183} INFO - Processing /home/wal/.pyenv/versions/3.12.0/lib/python3.12/site-packages/airflow/example_dags/example_sensors.py took 0.326 seconds
[2025-07-13T23:20:53.336+0300] {processor.py:161} INFO - Started process (PID=5588) to work on /home/wal/.pyenv/versions/3.12.0/lib/python3.12/site-packages/airflow/example_dags/example_sensors.py
[2025-07-13T23:20:53.341+0300] {processor.py:830} INFO - Processing file /home/wal/.pyenv/versions/3.12.0/lib/python3.12/site-packages/airflow/example_dags/example_sensors.py for tasks to queue
[2025-07-13T23:20:53.349+0300] {logging_mixin.py:188} INFO - [2025-07-13T23:20:53.345+0300] {dagbag.py:545} INFO - Filling up the DagBag from /home/wal/.pyenv/versions/3.12.0/lib/python3.12/site-packages/airflow/example_dags/example_sensors.py
[2025-07-13T23:20:53.403+0300] {processor.py:840} INFO - DAG(s) 'example_sensors' retrieved from /home/wal/.pyenv/versions/3.12.0/lib/python3.12/site-packages/airflow/example_dags/example_sensors.py
[2025-07-13T23:20:53.572+0300] {logging_mixin.py:188} INFO - [2025-07-13T23:20:53.571+0300] {dag.py:3096} INFO - Sync 1 DAGs
[2025-07-13T23:20:53.671+0300] {logging_mixin.py:188} INFO - [2025-07-13T23:20:53.670+0300] {dag.py:3954} INFO - Setting next_dagrun for example_sensors to None, run_after=None
[2025-07-13T23:20:53.846+0300] {processor.py:183} INFO - Processing /home/wal/.pyenv/versions/3.12.0/lib/python3.12/site-packages/airflow/example_dags/example_sensors.py took 0.538 seconds
[2025-07-13T23:22:01.126+0300] {processor.py:161} INFO - Started process (PID=5643) to work on /home/wal/.pyenv/versions/3.12.0/lib/python3.12/site-packages/airflow/example_dags/example_sensors.py
[2025-07-13T23:22:01.129+0300] {processor.py:830} INFO - Processing file /home/wal/.pyenv/versions/3.12.0/lib/python3.12/site-packages/airflow/example_dags/example_sensors.py for tasks to queue
[2025-07-13T23:22:01.134+0300] {logging_mixin.py:188} INFO - [2025-07-13T23:22:01.133+0300] {dagbag.py:545} INFO - Filling up the DagBag from /home/wal/.pyenv/versions/3.12.0/lib/python3.12/site-packages/airflow/example_dags/example_sensors.py
[2025-07-13T23:22:01.174+0300] {processor.py:840} INFO - DAG(s) 'example_sensors' retrieved from /home/wal/.pyenv/versions/3.12.0/lib/python3.12/site-packages/airflow/example_dags/example_sensors.py
[2025-07-13T23:22:01.263+0300] {logging_mixin.py:188} INFO - [2025-07-13T23:22:01.262+0300] {dag.py:3096} INFO - Sync 1 DAGs
[2025-07-13T23:22:01.300+0300] {logging_mixin.py:188} INFO - [2025-07-13T23:22:01.300+0300] {dag.py:3954} INFO - Setting next_dagrun for example_sensors to None, run_after=None
[2025-07-13T23:22:01.382+0300] {processor.py:183} INFO - Processing /home/wal/.pyenv/versions/3.12.0/lib/python3.12/site-packages/airflow/example_dags/example_sensors.py took 0.280 seconds
[2025-07-13T23:23:15.828+0300] {processor.py:161} INFO - Started process (PID=5703) to work on /home/wal/.pyenv/versions/3.12.0/lib/python3.12/site-packages/airflow/example_dags/example_sensors.py
[2025-07-13T23:23:15.839+0300] {processor.py:830} INFO - Processing file /home/wal/.pyenv/versions/3.12.0/lib/python3.12/site-packages/airflow/example_dags/example_sensors.py for tasks to queue
[2025-07-13T23:23:15.846+0300] {logging_mixin.py:188} INFO - [2025-07-13T23:23:15.844+0300] {dagbag.py:545} INFO - Filling up the DagBag from /home/wal/.pyenv/versions/3.12.0/lib/python3.12/site-packages/airflow/example_dags/example_sensors.py
[2025-07-13T23:23:15.924+0300] {processor.py:840} INFO - DAG(s) 'example_sensors' retrieved from /home/wal/.pyenv/versions/3.12.0/lib/python3.12/site-packages/airflow/example_dags/example_sensors.py
[2025-07-13T23:23:16.112+0300] {logging_mixin.py:188} INFO - [2025-07-13T23:23:16.110+0300] {dag.py:3096} INFO - Sync 1 DAGs
[2025-07-13T23:23:16.255+0300] {logging_mixin.py:188} INFO - [2025-07-13T23:23:16.254+0300] {dag.py:3954} INFO - Setting next_dagrun for example_sensors to None, run_after=None
[2025-07-13T23:23:16.368+0300] {processor.py:183} INFO - Processing /home/wal/.pyenv/versions/3.12.0/lib/python3.12/site-packages/airflow/example_dags/example_sensors.py took 0.589 seconds
[2025-07-13T23:24:50.819+0300] {processor.py:161} INFO - Started process (PID=5766) to work on /home/wal/.pyenv/versions/3.12.0/lib/python3.12/site-packages/airflow/example_dags/example_sensors.py
[2025-07-13T23:24:50.833+0300] {processor.py:830} INFO - Processing file /home/wal/.pyenv/versions/3.12.0/lib/python3.12/site-packages/airflow/example_dags/example_sensors.py for tasks to queue
[2025-07-13T23:24:50.849+0300] {logging_mixin.py:188} INFO - [2025-07-13T23:24:50.847+0300] {dagbag.py:545} INFO - Filling up the DagBag from /home/wal/.pyenv/versions/3.12.0/lib/python3.12/site-packages/airflow/example_dags/example_sensors.py
[2025-07-13T23:24:50.939+0300] {processor.py:840} INFO - DAG(s) 'example_sensors' retrieved from /home/wal/.pyenv/versions/3.12.0/lib/python3.12/site-packages/airflow/example_dags/example_sensors.py
[2025-07-13T23:24:51.192+0300] {logging_mixin.py:188} INFO - [2025-07-13T23:24:51.192+0300] {dag.py:3096} INFO - Sync 1 DAGs
[2025-07-13T23:24:51.435+0300] {logging_mixin.py:188} INFO - [2025-07-13T23:24:51.433+0300] {dag.py:3954} INFO - Setting next_dagrun for example_sensors to None, run_after=None
[2025-07-13T23:24:51.778+0300] {processor.py:183} INFO - Processing /home/wal/.pyenv/versions/3.12.0/lib/python3.12/site-packages/airflow/example_dags/example_sensors.py took 1.007 seconds
[2025-07-13T23:26:06.781+0300] {processor.py:161} INFO - Started process (PID=5816) to work on /home/wal/.pyenv/versions/3.12.0/lib/python3.12/site-packages/airflow/example_dags/example_sensors.py
[2025-07-13T23:26:06.784+0300] {processor.py:830} INFO - Processing file /home/wal/.pyenv/versions/3.12.0/lib/python3.12/site-packages/airflow/example_dags/example_sensors.py for tasks to queue
[2025-07-13T23:26:06.787+0300] {logging_mixin.py:188} INFO - [2025-07-13T23:26:06.786+0300] {dagbag.py:545} INFO - Filling up the DagBag from /home/wal/.pyenv/versions/3.12.0/lib/python3.12/site-packages/airflow/example_dags/example_sensors.py
[2025-07-13T23:26:06.805+0300] {processor.py:840} INFO - DAG(s) 'example_sensors' retrieved from /home/wal/.pyenv/versions/3.12.0/lib/python3.12/site-packages/airflow/example_dags/example_sensors.py
[2025-07-13T23:26:06.842+0300] {logging_mixin.py:188} INFO - [2025-07-13T23:26:06.842+0300] {dag.py:3096} INFO - Sync 1 DAGs
[2025-07-13T23:26:06.867+0300] {logging_mixin.py:188} INFO - [2025-07-13T23:26:06.867+0300] {dag.py:3954} INFO - Setting next_dagrun for example_sensors to None, run_after=None
[2025-07-13T23:26:06.914+0300] {processor.py:183} INFO - Processing /home/wal/.pyenv/versions/3.12.0/lib/python3.12/site-packages/airflow/example_dags/example_sensors.py took 0.144 seconds
[2025-07-13T23:27:15.413+0300] {processor.py:161} INFO - Started process (PID=5874) to work on /home/wal/.pyenv/versions/3.12.0/lib/python3.12/site-packages/airflow/example_dags/example_sensors.py
[2025-07-13T23:27:15.415+0300] {processor.py:830} INFO - Processing file /home/wal/.pyenv/versions/3.12.0/lib/python3.12/site-packages/airflow/example_dags/example_sensors.py for tasks to queue
[2025-07-13T23:27:15.417+0300] {logging_mixin.py:188} INFO - [2025-07-13T23:27:15.417+0300] {dagbag.py:545} INFO - Filling up the DagBag from /home/wal/.pyenv/versions/3.12.0/lib/python3.12/site-packages/airflow/example_dags/example_sensors.py
[2025-07-13T23:27:15.434+0300] {processor.py:840} INFO - DAG(s) 'example_sensors' retrieved from /home/wal/.pyenv/versions/3.12.0/lib/python3.12/site-packages/airflow/example_dags/example_sensors.py
[2025-07-13T23:27:15.466+0300] {logging_mixin.py:188} INFO - [2025-07-13T23:27:15.465+0300] {dag.py:3096} INFO - Sync 1 DAGs
[2025-07-13T23:27:15.483+0300] {logging_mixin.py:188} INFO - [2025-07-13T23:27:15.483+0300] {dag.py:3954} INFO - Setting next_dagrun for example_sensors to None, run_after=None
[2025-07-13T23:27:15.518+0300] {processor.py:183} INFO - Processing /home/wal/.pyenv/versions/3.12.0/lib/python3.12/site-packages/airflow/example_dags/example_sensors.py took 0.115 seconds
[2025-07-13T23:28:31.594+0300] {processor.py:161} INFO - Started process (PID=5932) to work on /home/wal/.pyenv/versions/3.12.0/lib/python3.12/site-packages/airflow/example_dags/example_sensors.py
[2025-07-13T23:28:31.600+0300] {processor.py:830} INFO - Processing file /home/wal/.pyenv/versions/3.12.0/lib/python3.12/site-packages/airflow/example_dags/example_sensors.py for tasks to queue
[2025-07-13T23:28:31.603+0300] {logging_mixin.py:188} INFO - [2025-07-13T23:28:31.602+0300] {dagbag.py:545} INFO - Filling up the DagBag from /home/wal/.pyenv/versions/3.12.0/lib/python3.12/site-packages/airflow/example_dags/example_sensors.py
[2025-07-13T23:28:31.812+0300] {processor.py:840} INFO - DAG(s) 'example_sensors' retrieved from /home/wal/.pyenv/versions/3.12.0/lib/python3.12/site-packages/airflow/example_dags/example_sensors.py
[2025-07-13T23:28:31.911+0300] {logging_mixin.py:188} INFO - [2025-07-13T23:28:31.911+0300] {dag.py:3096} INFO - Sync 1 DAGs
[2025-07-13T23:28:31.960+0300] {logging_mixin.py:188} INFO - [2025-07-13T23:28:31.959+0300] {dag.py:3954} INFO - Setting next_dagrun for example_sensors to None, run_after=None
[2025-07-13T23:28:32.065+0300] {processor.py:183} INFO - Processing /home/wal/.pyenv/versions/3.12.0/lib/python3.12/site-packages/airflow/example_dags/example_sensors.py took 0.486 seconds
[2025-07-13T23:29:34.939+0300] {processor.py:161} INFO - Started process (PID=5986) to work on /home/wal/.pyenv/versions/3.12.0/lib/python3.12/site-packages/airflow/example_dags/example_sensors.py
[2025-07-13T23:29:34.945+0300] {processor.py:830} INFO - Processing file /home/wal/.pyenv/versions/3.12.0/lib/python3.12/site-packages/airflow/example_dags/example_sensors.py for tasks to queue
[2025-07-13T23:29:34.948+0300] {logging_mixin.py:188} INFO - [2025-07-13T23:29:34.947+0300] {dagbag.py:545} INFO - Filling up the DagBag from /home/wal/.pyenv/versions/3.12.0/lib/python3.12/site-packages/airflow/example_dags/example_sensors.py
[2025-07-13T23:29:34.963+0300] {processor.py:840} INFO - DAG(s) 'example_sensors' retrieved from /home/wal/.pyenv/versions/3.12.0/lib/python3.12/site-packages/airflow/example_dags/example_sensors.py
[2025-07-13T23:29:35.000+0300] {logging_mixin.py:188} INFO - [2025-07-13T23:29:35.000+0300] {dag.py:3096} INFO - Sync 1 DAGs
[2025-07-13T23:29:35.021+0300] {logging_mixin.py:188} INFO - [2025-07-13T23:29:35.021+0300] {dag.py:3954} INFO - Setting next_dagrun for example_sensors to None, run_after=None
[2025-07-13T23:29:35.055+0300] {processor.py:183} INFO - Processing /home/wal/.pyenv/versions/3.12.0/lib/python3.12/site-packages/airflow/example_dags/example_sensors.py took 0.126 seconds
[2025-07-13T23:30:34.913+0300] {processor.py:161} INFO - Started process (PID=6039) to work on /home/wal/.pyenv/versions/3.12.0/lib/python3.12/site-packages/airflow/example_dags/example_sensors.py
[2025-07-13T23:30:34.919+0300] {processor.py:830} INFO - Processing file /home/wal/.pyenv/versions/3.12.0/lib/python3.12/site-packages/airflow/example_dags/example_sensors.py for tasks to queue
[2025-07-13T23:30:34.922+0300] {logging_mixin.py:188} INFO - [2025-07-13T23:30:34.921+0300] {dagbag.py:545} INFO - Filling up the DagBag from /home/wal/.pyenv/versions/3.12.0/lib/python3.12/site-packages/airflow/example_dags/example_sensors.py
[2025-07-13T23:30:34.937+0300] {processor.py:840} INFO - DAG(s) 'example_sensors' retrieved from /home/wal/.pyenv/versions/3.12.0/lib/python3.12/site-packages/airflow/example_dags/example_sensors.py
[2025-07-13T23:30:34.975+0300] {logging_mixin.py:188} INFO - [2025-07-13T23:30:34.974+0300] {dag.py:3096} INFO - Sync 1 DAGs
[2025-07-13T23:30:34.994+0300] {logging_mixin.py:188} INFO - [2025-07-13T23:30:34.994+0300] {dag.py:3954} INFO - Setting next_dagrun for example_sensors to None, run_after=None
[2025-07-13T23:30:35.032+0300] {processor.py:183} INFO - Processing /home/wal/.pyenv/versions/3.12.0/lib/python3.12/site-packages/airflow/example_dags/example_sensors.py took 0.132 seconds
[2025-07-13T23:31:35.422+0300] {processor.py:161} INFO - Started process (PID=6092) to work on /home/wal/.pyenv/versions/3.12.0/lib/python3.12/site-packages/airflow/example_dags/example_sensors.py
[2025-07-13T23:31:35.423+0300] {processor.py:830} INFO - Processing file /home/wal/.pyenv/versions/3.12.0/lib/python3.12/site-packages/airflow/example_dags/example_sensors.py for tasks to queue
[2025-07-13T23:31:35.425+0300] {logging_mixin.py:188} INFO - [2025-07-13T23:31:35.425+0300] {dagbag.py:545} INFO - Filling up the DagBag from /home/wal/.pyenv/versions/3.12.0/lib/python3.12/site-packages/airflow/example_dags/example_sensors.py
[2025-07-13T23:31:35.439+0300] {processor.py:840} INFO - DAG(s) 'example_sensors' retrieved from /home/wal/.pyenv/versions/3.12.0/lib/python3.12/site-packages/airflow/example_dags/example_sensors.py
[2025-07-13T23:31:35.475+0300] {logging_mixin.py:188} INFO - [2025-07-13T23:31:35.475+0300] {dag.py:3096} INFO - Sync 1 DAGs
[2025-07-13T23:31:35.492+0300] {logging_mixin.py:188} INFO - [2025-07-13T23:31:35.492+0300] {dag.py:3954} INFO - Setting next_dagrun for example_sensors to None, run_after=None
[2025-07-13T23:31:35.532+0300] {processor.py:183} INFO - Processing /home/wal/.pyenv/versions/3.12.0/lib/python3.12/site-packages/airflow/example_dags/example_sensors.py took 0.122 seconds
[2025-07-13T23:32:32.834+0300] {processor.py:161} INFO - Started process (PID=6142) to work on /home/wal/.pyenv/versions/3.12.0/lib/python3.12/site-packages/airflow/example_dags/example_sensors.py
[2025-07-13T23:32:32.840+0300] {processor.py:830} INFO - Processing file /home/wal/.pyenv/versions/3.12.0/lib/python3.12/site-packages/airflow/example_dags/example_sensors.py for tasks to queue
[2025-07-13T23:32:32.843+0300] {logging_mixin.py:188} INFO - [2025-07-13T23:32:32.842+0300] {dagbag.py:545} INFO - Filling up the DagBag from /home/wal/.pyenv/versions/3.12.0/lib/python3.12/site-packages/airflow/example_dags/example_sensors.py
[2025-07-13T23:32:32.857+0300] {processor.py:840} INFO - DAG(s) 'example_sensors' retrieved from /home/wal/.pyenv/versions/3.12.0/lib/python3.12/site-packages/airflow/example_dags/example_sensors.py
[2025-07-13T23:32:32.890+0300] {logging_mixin.py:188} INFO - [2025-07-13T23:32:32.889+0300] {dag.py:3096} INFO - Sync 1 DAGs
[2025-07-13T23:32:32.907+0300] {logging_mixin.py:188} INFO - [2025-07-13T23:32:32.907+0300] {dag.py:3954} INFO - Setting next_dagrun for example_sensors to None, run_after=None
[2025-07-13T23:32:32.939+0300] {processor.py:183} INFO - Processing /home/wal/.pyenv/versions/3.12.0/lib/python3.12/site-packages/airflow/example_dags/example_sensors.py took 0.117 seconds
[2025-07-13T23:33:38.114+0300] {processor.py:161} INFO - Started process (PID=6197) to work on /home/wal/.pyenv/versions/3.12.0/lib/python3.12/site-packages/airflow/example_dags/example_sensors.py
[2025-07-13T23:33:38.116+0300] {processor.py:830} INFO - Processing file /home/wal/.pyenv/versions/3.12.0/lib/python3.12/site-packages/airflow/example_dags/example_sensors.py for tasks to queue
[2025-07-13T23:33:38.118+0300] {logging_mixin.py:188} INFO - [2025-07-13T23:33:38.118+0300] {dagbag.py:545} INFO - Filling up the DagBag from /home/wal/.pyenv/versions/3.12.0/lib/python3.12/site-packages/airflow/example_dags/example_sensors.py
[2025-07-13T23:33:38.132+0300] {processor.py:840} INFO - DAG(s) 'example_sensors' retrieved from /home/wal/.pyenv/versions/3.12.0/lib/python3.12/site-packages/airflow/example_dags/example_sensors.py
[2025-07-13T23:33:38.167+0300] {logging_mixin.py:188} INFO - [2025-07-13T23:33:38.167+0300] {dag.py:3096} INFO - Sync 1 DAGs
[2025-07-13T23:33:38.190+0300] {logging_mixin.py:188} INFO - [2025-07-13T23:33:38.189+0300] {dag.py:3954} INFO - Setting next_dagrun for example_sensors to None, run_after=None
[2025-07-13T23:33:38.227+0300] {processor.py:183} INFO - Processing /home/wal/.pyenv/versions/3.12.0/lib/python3.12/site-packages/airflow/example_dags/example_sensors.py took 0.127 seconds
[2025-07-13T23:34:49.296+0300] {processor.py:161} INFO - Started process (PID=6253) to work on /home/wal/.pyenv/versions/3.12.0/lib/python3.12/site-packages/airflow/example_dags/example_sensors.py
[2025-07-13T23:34:49.303+0300] {processor.py:830} INFO - Processing file /home/wal/.pyenv/versions/3.12.0/lib/python3.12/site-packages/airflow/example_dags/example_sensors.py for tasks to queue
[2025-07-13T23:34:49.307+0300] {logging_mixin.py:188} INFO - [2025-07-13T23:34:49.306+0300] {dagbag.py:545} INFO - Filling up the DagBag from /home/wal/.pyenv/versions/3.12.0/lib/python3.12/site-packages/airflow/example_dags/example_sensors.py
[2025-07-13T23:34:49.350+0300] {processor.py:840} INFO - DAG(s) 'example_sensors' retrieved from /home/wal/.pyenv/versions/3.12.0/lib/python3.12/site-packages/airflow/example_dags/example_sensors.py
[2025-07-13T23:34:49.554+0300] {logging_mixin.py:188} INFO - [2025-07-13T23:34:49.553+0300] {dag.py:3096} INFO - Sync 1 DAGs
[2025-07-13T23:34:49.634+0300] {logging_mixin.py:188} INFO - [2025-07-13T23:34:49.634+0300] {dag.py:3954} INFO - Setting next_dagrun for example_sensors to None, run_after=None
[2025-07-13T23:34:49.695+0300] {processor.py:183} INFO - Processing /home/wal/.pyenv/versions/3.12.0/lib/python3.12/site-packages/airflow/example_dags/example_sensors.py took 0.419 seconds
[2025-07-13T23:36:00.561+0300] {processor.py:161} INFO - Started process (PID=6315) to work on /home/wal/.pyenv/versions/3.12.0/lib/python3.12/site-packages/airflow/example_dags/example_sensors.py
[2025-07-13T23:36:00.563+0300] {processor.py:830} INFO - Processing file /home/wal/.pyenv/versions/3.12.0/lib/python3.12/site-packages/airflow/example_dags/example_sensors.py for tasks to queue
[2025-07-13T23:36:00.571+0300] {logging_mixin.py:188} INFO - [2025-07-13T23:36:00.569+0300] {dagbag.py:545} INFO - Filling up the DagBag from /home/wal/.pyenv/versions/3.12.0/lib/python3.12/site-packages/airflow/example_dags/example_sensors.py
[2025-07-13T23:36:00.611+0300] {processor.py:840} INFO - DAG(s) 'example_sensors' retrieved from /home/wal/.pyenv/versions/3.12.0/lib/python3.12/site-packages/airflow/example_dags/example_sensors.py
[2025-07-13T23:36:00.704+0300] {logging_mixin.py:188} INFO - [2025-07-13T23:36:00.703+0300] {dag.py:3096} INFO - Sync 1 DAGs
[2025-07-13T23:36:00.741+0300] {logging_mixin.py:188} INFO - [2025-07-13T23:36:00.740+0300] {dag.py:3954} INFO - Setting next_dagrun for example_sensors to None, run_after=None
[2025-07-13T23:36:00.800+0300] {processor.py:183} INFO - Processing /home/wal/.pyenv/versions/3.12.0/lib/python3.12/site-packages/airflow/example_dags/example_sensors.py took 0.258 seconds
[2025-07-13T23:36:57.682+0300] {processor.py:161} INFO - Started process (PID=6367) to work on /home/wal/.pyenv/versions/3.12.0/lib/python3.12/site-packages/airflow/example_dags/example_sensors.py
[2025-07-13T23:36:57.689+0300] {processor.py:830} INFO - Processing file /home/wal/.pyenv/versions/3.12.0/lib/python3.12/site-packages/airflow/example_dags/example_sensors.py for tasks to queue
[2025-07-13T23:36:57.693+0300] {logging_mixin.py:188} INFO - [2025-07-13T23:36:57.692+0300] {dagbag.py:545} INFO - Filling up the DagBag from /home/wal/.pyenv/versions/3.12.0/lib/python3.12/site-packages/airflow/example_dags/example_sensors.py
[2025-07-13T23:36:57.715+0300] {processor.py:840} INFO - DAG(s) 'example_sensors' retrieved from /home/wal/.pyenv/versions/3.12.0/lib/python3.12/site-packages/airflow/example_dags/example_sensors.py
[2025-07-13T23:36:57.747+0300] {logging_mixin.py:188} INFO - [2025-07-13T23:36:57.746+0300] {dag.py:3096} INFO - Sync 1 DAGs
[2025-07-13T23:36:57.769+0300] {logging_mixin.py:188} INFO - [2025-07-13T23:36:57.769+0300] {dag.py:3954} INFO - Setting next_dagrun for example_sensors to None, run_after=None
[2025-07-13T23:36:57.798+0300] {processor.py:183} INFO - Processing /home/wal/.pyenv/versions/3.12.0/lib/python3.12/site-packages/airflow/example_dags/example_sensors.py took 0.133 seconds
[2025-07-13T23:37:58.090+0300] {processor.py:161} INFO - Started process (PID=6420) to work on /home/wal/.pyenv/versions/3.12.0/lib/python3.12/site-packages/airflow/example_dags/example_sensors.py
[2025-07-13T23:37:58.092+0300] {processor.py:830} INFO - Processing file /home/wal/.pyenv/versions/3.12.0/lib/python3.12/site-packages/airflow/example_dags/example_sensors.py for tasks to queue
[2025-07-13T23:37:58.095+0300] {logging_mixin.py:188} INFO - [2025-07-13T23:37:58.094+0300] {dagbag.py:545} INFO - Filling up the DagBag from /home/wal/.pyenv/versions/3.12.0/lib/python3.12/site-packages/airflow/example_dags/example_sensors.py
[2025-07-13T23:37:58.115+0300] {processor.py:840} INFO - DAG(s) 'example_sensors' retrieved from /home/wal/.pyenv/versions/3.12.0/lib/python3.12/site-packages/airflow/example_dags/example_sensors.py
[2025-07-13T23:37:58.155+0300] {logging_mixin.py:188} INFO - [2025-07-13T23:37:58.155+0300] {dag.py:3096} INFO - Sync 1 DAGs
[2025-07-13T23:37:58.174+0300] {logging_mixin.py:188} INFO - [2025-07-13T23:37:58.174+0300] {dag.py:3954} INFO - Setting next_dagrun for example_sensors to None, run_after=None
[2025-07-13T23:37:58.216+0300] {processor.py:183} INFO - Processing /home/wal/.pyenv/versions/3.12.0/lib/python3.12/site-packages/airflow/example_dags/example_sensors.py took 0.141 seconds
[2025-07-13T23:38:57.479+0300] {processor.py:161} INFO - Started process (PID=6472) to work on /home/wal/.pyenv/versions/3.12.0/lib/python3.12/site-packages/airflow/example_dags/example_sensors.py
[2025-07-13T23:38:57.486+0300] {processor.py:830} INFO - Processing file /home/wal/.pyenv/versions/3.12.0/lib/python3.12/site-packages/airflow/example_dags/example_sensors.py for tasks to queue
[2025-07-13T23:38:57.491+0300] {logging_mixin.py:188} INFO - [2025-07-13T23:38:57.490+0300] {dagbag.py:545} INFO - Filling up the DagBag from /home/wal/.pyenv/versions/3.12.0/lib/python3.12/site-packages/airflow/example_dags/example_sensors.py
[2025-07-13T23:38:57.508+0300] {processor.py:840} INFO - DAG(s) 'example_sensors' retrieved from /home/wal/.pyenv/versions/3.12.0/lib/python3.12/site-packages/airflow/example_dags/example_sensors.py
[2025-07-13T23:38:57.542+0300] {logging_mixin.py:188} INFO - [2025-07-13T23:38:57.542+0300] {dag.py:3096} INFO - Sync 1 DAGs
[2025-07-13T23:38:57.559+0300] {logging_mixin.py:188} INFO - [2025-07-13T23:38:57.559+0300] {dag.py:3954} INFO - Setting next_dagrun for example_sensors to None, run_after=None
[2025-07-13T23:38:57.591+0300] {processor.py:183} INFO - Processing /home/wal/.pyenv/versions/3.12.0/lib/python3.12/site-packages/airflow/example_dags/example_sensors.py took 0.121 seconds
[2025-07-13T23:39:55.294+0300] {processor.py:161} INFO - Started process (PID=6523) to work on /home/wal/.pyenv/versions/3.12.0/lib/python3.12/site-packages/airflow/example_dags/example_sensors.py
[2025-07-13T23:39:55.296+0300] {processor.py:830} INFO - Processing file /home/wal/.pyenv/versions/3.12.0/lib/python3.12/site-packages/airflow/example_dags/example_sensors.py for tasks to queue
[2025-07-13T23:39:55.299+0300] {logging_mixin.py:188} INFO - [2025-07-13T23:39:55.299+0300] {dagbag.py:545} INFO - Filling up the DagBag from /home/wal/.pyenv/versions/3.12.0/lib/python3.12/site-packages/airflow/example_dags/example_sensors.py
[2025-07-13T23:39:55.315+0300] {processor.py:840} INFO - DAG(s) 'example_sensors' retrieved from /home/wal/.pyenv/versions/3.12.0/lib/python3.12/site-packages/airflow/example_dags/example_sensors.py
[2025-07-13T23:39:55.351+0300] {logging_mixin.py:188} INFO - [2025-07-13T23:39:55.350+0300] {dag.py:3096} INFO - Sync 1 DAGs
[2025-07-13T23:39:55.375+0300] {logging_mixin.py:188} INFO - [2025-07-13T23:39:55.374+0300] {dag.py:3954} INFO - Setting next_dagrun for example_sensors to None, run_after=None
[2025-07-13T23:39:55.429+0300] {processor.py:183} INFO - Processing /home/wal/.pyenv/versions/3.12.0/lib/python3.12/site-packages/airflow/example_dags/example_sensors.py took 0.149 seconds
[2025-07-13T23:40:49.176+0300] {processor.py:161} INFO - Started process (PID=6574) to work on /home/wal/.pyenv/versions/3.12.0/lib/python3.12/site-packages/airflow/example_dags/example_sensors.py
[2025-07-13T23:40:49.178+0300] {processor.py:830} INFO - Processing file /home/wal/.pyenv/versions/3.12.0/lib/python3.12/site-packages/airflow/example_dags/example_sensors.py for tasks to queue
[2025-07-13T23:40:49.180+0300] {logging_mixin.py:188} INFO - [2025-07-13T23:40:49.180+0300] {dagbag.py:545} INFO - Filling up the DagBag from /home/wal/.pyenv/versions/3.12.0/lib/python3.12/site-packages/airflow/example_dags/example_sensors.py
[2025-07-13T23:40:49.196+0300] {processor.py:840} INFO - DAG(s) 'example_sensors' retrieved from /home/wal/.pyenv/versions/3.12.0/lib/python3.12/site-packages/airflow/example_dags/example_sensors.py
[2025-07-13T23:40:49.228+0300] {logging_mixin.py:188} INFO - [2025-07-13T23:40:49.228+0300] {dag.py:3096} INFO - Sync 1 DAGs
[2025-07-13T23:40:49.245+0300] {logging_mixin.py:188} INFO - [2025-07-13T23:40:49.245+0300] {dag.py:3954} INFO - Setting next_dagrun for example_sensors to None, run_after=None
[2025-07-13T23:40:49.277+0300] {processor.py:183} INFO - Processing /home/wal/.pyenv/versions/3.12.0/lib/python3.12/site-packages/airflow/example_dags/example_sensors.py took 0.116 seconds
[2025-07-13T23:41:37.819+0300] {processor.py:161} INFO - Started process (PID=6622) to work on /home/wal/.pyenv/versions/3.12.0/lib/python3.12/site-packages/airflow/example_dags/example_sensors.py
[2025-07-13T23:41:37.825+0300] {processor.py:830} INFO - Processing file /home/wal/.pyenv/versions/3.12.0/lib/python3.12/site-packages/airflow/example_dags/example_sensors.py for tasks to queue
[2025-07-13T23:41:37.827+0300] {logging_mixin.py:188} INFO - [2025-07-13T23:41:37.827+0300] {dagbag.py:545} INFO - Filling up the DagBag from /home/wal/.pyenv/versions/3.12.0/lib/python3.12/site-packages/airflow/example_dags/example_sensors.py
[2025-07-13T23:41:37.839+0300] {processor.py:840} INFO - DAG(s) 'example_sensors' retrieved from /home/wal/.pyenv/versions/3.12.0/lib/python3.12/site-packages/airflow/example_dags/example_sensors.py
[2025-07-13T23:41:37.867+0300] {logging_mixin.py:188} INFO - [2025-07-13T23:41:37.867+0300] {dag.py:3096} INFO - Sync 1 DAGs
[2025-07-13T23:41:37.882+0300] {logging_mixin.py:188} INFO - [2025-07-13T23:41:37.882+0300] {dag.py:3954} INFO - Setting next_dagrun for example_sensors to None, run_after=None
[2025-07-13T23:41:37.917+0300] {processor.py:183} INFO - Processing /home/wal/.pyenv/versions/3.12.0/lib/python3.12/site-packages/airflow/example_dags/example_sensors.py took 0.105 seconds
[2025-07-13T23:42:28.581+0300] {processor.py:161} INFO - Started process (PID=6668) to work on /home/wal/.pyenv/versions/3.12.0/lib/python3.12/site-packages/airflow/example_dags/example_sensors.py
[2025-07-13T23:42:28.584+0300] {processor.py:830} INFO - Processing file /home/wal/.pyenv/versions/3.12.0/lib/python3.12/site-packages/airflow/example_dags/example_sensors.py for tasks to queue
[2025-07-13T23:42:28.587+0300] {logging_mixin.py:188} INFO - [2025-07-13T23:42:28.586+0300] {dagbag.py:545} INFO - Filling up the DagBag from /home/wal/.pyenv/versions/3.12.0/lib/python3.12/site-packages/airflow/example_dags/example_sensors.py
[2025-07-13T23:42:28.601+0300] {processor.py:840} INFO - DAG(s) 'example_sensors' retrieved from /home/wal/.pyenv/versions/3.12.0/lib/python3.12/site-packages/airflow/example_dags/example_sensors.py
[2025-07-13T23:42:28.636+0300] {logging_mixin.py:188} INFO - [2025-07-13T23:42:28.635+0300] {dag.py:3096} INFO - Sync 1 DAGs
[2025-07-13T23:42:28.651+0300] {logging_mixin.py:188} INFO - [2025-07-13T23:42:28.650+0300] {dag.py:3954} INFO - Setting next_dagrun for example_sensors to None, run_after=None
[2025-07-13T23:42:28.684+0300] {processor.py:183} INFO - Processing /home/wal/.pyenv/versions/3.12.0/lib/python3.12/site-packages/airflow/example_dags/example_sensors.py took 0.110 seconds
[2025-07-13T23:43:22.920+0300] {processor.py:161} INFO - Started process (PID=6718) to work on /home/wal/.pyenv/versions/3.12.0/lib/python3.12/site-packages/airflow/example_dags/example_sensors.py
[2025-07-13T23:43:22.927+0300] {processor.py:830} INFO - Processing file /home/wal/.pyenv/versions/3.12.0/lib/python3.12/site-packages/airflow/example_dags/example_sensors.py for tasks to queue
[2025-07-13T23:43:22.932+0300] {logging_mixin.py:188} INFO - [2025-07-13T23:43:22.931+0300] {dagbag.py:545} INFO - Filling up the DagBag from /home/wal/.pyenv/versions/3.12.0/lib/python3.12/site-packages/airflow/example_dags/example_sensors.py
[2025-07-13T23:43:22.952+0300] {processor.py:840} INFO - DAG(s) 'example_sensors' retrieved from /home/wal/.pyenv/versions/3.12.0/lib/python3.12/site-packages/airflow/example_dags/example_sensors.py
[2025-07-13T23:43:22.995+0300] {logging_mixin.py:188} INFO - [2025-07-13T23:43:22.994+0300] {dag.py:3096} INFO - Sync 1 DAGs
[2025-07-13T23:43:23.012+0300] {logging_mixin.py:188} INFO - [2025-07-13T23:43:23.012+0300] {dag.py:3954} INFO - Setting next_dagrun for example_sensors to None, run_after=None
[2025-07-13T23:43:23.048+0300] {processor.py:183} INFO - Processing /home/wal/.pyenv/versions/3.12.0/lib/python3.12/site-packages/airflow/example_dags/example_sensors.py took 0.146 seconds
[2025-07-13T23:44:19.386+0300] {processor.py:161} INFO - Started process (PID=6768) to work on /home/wal/.pyenv/versions/3.12.0/lib/python3.12/site-packages/airflow/example_dags/example_sensors.py
[2025-07-13T23:44:19.387+0300] {processor.py:830} INFO - Processing file /home/wal/.pyenv/versions/3.12.0/lib/python3.12/site-packages/airflow/example_dags/example_sensors.py for tasks to queue
[2025-07-13T23:44:19.389+0300] {logging_mixin.py:188} INFO - [2025-07-13T23:44:19.389+0300] {dagbag.py:545} INFO - Filling up the DagBag from /home/wal/.pyenv/versions/3.12.0/lib/python3.12/site-packages/airflow/example_dags/example_sensors.py
[2025-07-13T23:44:19.405+0300] {processor.py:840} INFO - DAG(s) 'example_sensors' retrieved from /home/wal/.pyenv/versions/3.12.0/lib/python3.12/site-packages/airflow/example_dags/example_sensors.py
[2025-07-13T23:44:19.453+0300] {logging_mixin.py:188} INFO - [2025-07-13T23:44:19.452+0300] {dag.py:3096} INFO - Sync 1 DAGs
[2025-07-13T23:44:19.472+0300] {logging_mixin.py:188} INFO - [2025-07-13T23:44:19.472+0300] {dag.py:3954} INFO - Setting next_dagrun for example_sensors to None, run_after=None
[2025-07-13T23:44:19.507+0300] {processor.py:183} INFO - Processing /home/wal/.pyenv/versions/3.12.0/lib/python3.12/site-packages/airflow/example_dags/example_sensors.py took 0.132 seconds
[2025-07-13T23:45:15.858+0300] {processor.py:161} INFO - Started process (PID=6823) to work on /home/wal/.pyenv/versions/3.12.0/lib/python3.12/site-packages/airflow/example_dags/example_sensors.py
[2025-07-13T23:45:15.864+0300] {processor.py:830} INFO - Processing file /home/wal/.pyenv/versions/3.12.0/lib/python3.12/site-packages/airflow/example_dags/example_sensors.py for tasks to queue
[2025-07-13T23:45:15.866+0300] {logging_mixin.py:188} INFO - [2025-07-13T23:45:15.866+0300] {dagbag.py:545} INFO - Filling up the DagBag from /home/wal/.pyenv/versions/3.12.0/lib/python3.12/site-packages/airflow/example_dags/example_sensors.py
[2025-07-13T23:45:15.880+0300] {processor.py:840} INFO - DAG(s) 'example_sensors' retrieved from /home/wal/.pyenv/versions/3.12.0/lib/python3.12/site-packages/airflow/example_dags/example_sensors.py
[2025-07-13T23:45:15.916+0300] {logging_mixin.py:188} INFO - [2025-07-13T23:45:15.915+0300] {dag.py:3096} INFO - Sync 1 DAGs
[2025-07-13T23:45:15.938+0300] {logging_mixin.py:188} INFO - [2025-07-13T23:45:15.937+0300] {dag.py:3954} INFO - Setting next_dagrun for example_sensors to None, run_after=None
[2025-07-13T23:45:15.972+0300] {processor.py:183} INFO - Processing /home/wal/.pyenv/versions/3.12.0/lib/python3.12/site-packages/airflow/example_dags/example_sensors.py took 0.127 seconds
[2025-07-13T23:46:11.704+0300] {processor.py:161} INFO - Started process (PID=6874) to work on /home/wal/.pyenv/versions/3.12.0/lib/python3.12/site-packages/airflow/example_dags/example_sensors.py
[2025-07-13T23:46:11.711+0300] {processor.py:830} INFO - Processing file /home/wal/.pyenv/versions/3.12.0/lib/python3.12/site-packages/airflow/example_dags/example_sensors.py for tasks to queue
[2025-07-13T23:46:11.716+0300] {logging_mixin.py:188} INFO - [2025-07-13T23:46:11.715+0300] {dagbag.py:545} INFO - Filling up the DagBag from /home/wal/.pyenv/versions/3.12.0/lib/python3.12/site-packages/airflow/example_dags/example_sensors.py
[2025-07-13T23:46:11.733+0300] {processor.py:840} INFO - DAG(s) 'example_sensors' retrieved from /home/wal/.pyenv/versions/3.12.0/lib/python3.12/site-packages/airflow/example_dags/example_sensors.py
[2025-07-13T23:46:11.765+0300] {logging_mixin.py:188} INFO - [2025-07-13T23:46:11.765+0300] {dag.py:3096} INFO - Sync 1 DAGs
[2025-07-13T23:46:11.783+0300] {logging_mixin.py:188} INFO - [2025-07-13T23:46:11.783+0300] {dag.py:3954} INFO - Setting next_dagrun for example_sensors to None, run_after=None
[2025-07-13T23:46:11.817+0300] {processor.py:183} INFO - Processing /home/wal/.pyenv/versions/3.12.0/lib/python3.12/site-packages/airflow/example_dags/example_sensors.py took 0.124 seconds
[2025-07-13T23:47:07.865+0300] {processor.py:161} INFO - Started process (PID=6925) to work on /home/wal/.pyenv/versions/3.12.0/lib/python3.12/site-packages/airflow/example_dags/example_sensors.py
[2025-07-13T23:47:07.871+0300] {processor.py:830} INFO - Processing file /home/wal/.pyenv/versions/3.12.0/lib/python3.12/site-packages/airflow/example_dags/example_sensors.py for tasks to queue
[2025-07-13T23:47:07.873+0300] {logging_mixin.py:188} INFO - [2025-07-13T23:47:07.873+0300] {dagbag.py:545} INFO - Filling up the DagBag from /home/wal/.pyenv/versions/3.12.0/lib/python3.12/site-packages/airflow/example_dags/example_sensors.py
[2025-07-13T23:47:07.888+0300] {processor.py:840} INFO - DAG(s) 'example_sensors' retrieved from /home/wal/.pyenv/versions/3.12.0/lib/python3.12/site-packages/airflow/example_dags/example_sensors.py
[2025-07-13T23:47:07.921+0300] {logging_mixin.py:188} INFO - [2025-07-13T23:47:07.921+0300] {dag.py:3096} INFO - Sync 1 DAGs
[2025-07-13T23:47:07.942+0300] {logging_mixin.py:188} INFO - [2025-07-13T23:47:07.941+0300] {dag.py:3954} INFO - Setting next_dagrun for example_sensors to None, run_after=None
[2025-07-13T23:47:07.974+0300] {processor.py:183} INFO - Processing /home/wal/.pyenv/versions/3.12.0/lib/python3.12/site-packages/airflow/example_dags/example_sensors.py took 0.121 seconds
[2025-07-13T23:48:02.458+0300] {processor.py:161} INFO - Started process (PID=6975) to work on /home/wal/.pyenv/versions/3.12.0/lib/python3.12/site-packages/airflow/example_dags/example_sensors.py
[2025-07-13T23:48:02.461+0300] {processor.py:830} INFO - Processing file /home/wal/.pyenv/versions/3.12.0/lib/python3.12/site-packages/airflow/example_dags/example_sensors.py for tasks to queue
[2025-07-13T23:48:02.463+0300] {logging_mixin.py:188} INFO - [2025-07-13T23:48:02.462+0300] {dagbag.py:545} INFO - Filling up the DagBag from /home/wal/.pyenv/versions/3.12.0/lib/python3.12/site-packages/airflow/example_dags/example_sensors.py
[2025-07-13T23:48:02.475+0300] {processor.py:840} INFO - DAG(s) 'example_sensors' retrieved from /home/wal/.pyenv/versions/3.12.0/lib/python3.12/site-packages/airflow/example_dags/example_sensors.py
[2025-07-13T23:48:02.502+0300] {logging_mixin.py:188} INFO - [2025-07-13T23:48:02.501+0300] {dag.py:3096} INFO - Sync 1 DAGs
[2025-07-13T23:48:02.517+0300] {logging_mixin.py:188} INFO - [2025-07-13T23:48:02.517+0300] {dag.py:3954} INFO - Setting next_dagrun for example_sensors to None, run_after=None
[2025-07-13T23:48:02.546+0300] {processor.py:183} INFO - Processing /home/wal/.pyenv/versions/3.12.0/lib/python3.12/site-packages/airflow/example_dags/example_sensors.py took 0.098 seconds
[2025-07-13T23:48:56.718+0300] {processor.py:161} INFO - Started process (PID=7025) to work on /home/wal/.pyenv/versions/3.12.0/lib/python3.12/site-packages/airflow/example_dags/example_sensors.py
[2025-07-13T23:48:56.721+0300] {processor.py:830} INFO - Processing file /home/wal/.pyenv/versions/3.12.0/lib/python3.12/site-packages/airflow/example_dags/example_sensors.py for tasks to queue
[2025-07-13T23:48:56.725+0300] {logging_mixin.py:188} INFO - [2025-07-13T23:48:56.724+0300] {dagbag.py:545} INFO - Filling up the DagBag from /home/wal/.pyenv/versions/3.12.0/lib/python3.12/site-packages/airflow/example_dags/example_sensors.py
[2025-07-13T23:48:56.742+0300] {processor.py:840} INFO - DAG(s) 'example_sensors' retrieved from /home/wal/.pyenv/versions/3.12.0/lib/python3.12/site-packages/airflow/example_dags/example_sensors.py
[2025-07-13T23:48:56.771+0300] {logging_mixin.py:188} INFO - [2025-07-13T23:48:56.771+0300] {dag.py:3096} INFO - Sync 1 DAGs
[2025-07-13T23:48:56.790+0300] {logging_mixin.py:188} INFO - [2025-07-13T23:48:56.790+0300] {dag.py:3954} INFO - Setting next_dagrun for example_sensors to None, run_after=None
[2025-07-13T23:48:56.828+0300] {processor.py:183} INFO - Processing /home/wal/.pyenv/versions/3.12.0/lib/python3.12/site-packages/airflow/example_dags/example_sensors.py took 0.122 seconds
[2025-07-13T23:49:51.196+0300] {processor.py:161} INFO - Started process (PID=7075) to work on /home/wal/.pyenv/versions/3.12.0/lib/python3.12/site-packages/airflow/example_dags/example_sensors.py
[2025-07-13T23:49:51.203+0300] {processor.py:830} INFO - Processing file /home/wal/.pyenv/versions/3.12.0/lib/python3.12/site-packages/airflow/example_dags/example_sensors.py for tasks to queue
[2025-07-13T23:49:51.206+0300] {logging_mixin.py:188} INFO - [2025-07-13T23:49:51.206+0300] {dagbag.py:545} INFO - Filling up the DagBag from /home/wal/.pyenv/versions/3.12.0/lib/python3.12/site-packages/airflow/example_dags/example_sensors.py
[2025-07-13T23:49:51.217+0300] {processor.py:840} INFO - DAG(s) 'example_sensors' retrieved from /home/wal/.pyenv/versions/3.12.0/lib/python3.12/site-packages/airflow/example_dags/example_sensors.py
[2025-07-13T23:49:51.244+0300] {logging_mixin.py:188} INFO - [2025-07-13T23:49:51.243+0300] {dag.py:3096} INFO - Sync 1 DAGs
[2025-07-13T23:49:51.259+0300] {logging_mixin.py:188} INFO - [2025-07-13T23:49:51.259+0300] {dag.py:3954} INFO - Setting next_dagrun for example_sensors to None, run_after=None
[2025-07-13T23:49:51.290+0300] {processor.py:183} INFO - Processing /home/wal/.pyenv/versions/3.12.0/lib/python3.12/site-packages/airflow/example_dags/example_sensors.py took 0.103 seconds
[2025-07-13T23:50:41.404+0300] {processor.py:161} INFO - Started process (PID=7122) to work on /home/wal/.pyenv/versions/3.12.0/lib/python3.12/site-packages/airflow/example_dags/example_sensors.py
[2025-07-13T23:50:41.406+0300] {processor.py:830} INFO - Processing file /home/wal/.pyenv/versions/3.12.0/lib/python3.12/site-packages/airflow/example_dags/example_sensors.py for tasks to queue
[2025-07-13T23:50:41.408+0300] {logging_mixin.py:188} INFO - [2025-07-13T23:50:41.408+0300] {dagbag.py:545} INFO - Filling up the DagBag from /home/wal/.pyenv/versions/3.12.0/lib/python3.12/site-packages/airflow/example_dags/example_sensors.py
[2025-07-13T23:50:41.421+0300] {processor.py:840} INFO - DAG(s) 'example_sensors' retrieved from /home/wal/.pyenv/versions/3.12.0/lib/python3.12/site-packages/airflow/example_dags/example_sensors.py
[2025-07-13T23:50:41.451+0300] {logging_mixin.py:188} INFO - [2025-07-13T23:50:41.450+0300] {dag.py:3096} INFO - Sync 1 DAGs
[2025-07-13T23:50:41.466+0300] {logging_mixin.py:188} INFO - [2025-07-13T23:50:41.466+0300] {dag.py:3954} INFO - Setting next_dagrun for example_sensors to None, run_after=None
[2025-07-13T23:50:41.496+0300] {processor.py:183} INFO - Processing /home/wal/.pyenv/versions/3.12.0/lib/python3.12/site-packages/airflow/example_dags/example_sensors.py took 0.103 seconds
[2025-07-13T23:51:39.461+0300] {processor.py:161} INFO - Started process (PID=7172) to work on /home/wal/.pyenv/versions/3.12.0/lib/python3.12/site-packages/airflow/example_dags/example_sensors.py
[2025-07-13T23:51:39.464+0300] {processor.py:830} INFO - Processing file /home/wal/.pyenv/versions/3.12.0/lib/python3.12/site-packages/airflow/example_dags/example_sensors.py for tasks to queue
[2025-07-13T23:51:39.466+0300] {logging_mixin.py:188} INFO - [2025-07-13T23:51:39.466+0300] {dagbag.py:545} INFO - Filling up the DagBag from /home/wal/.pyenv/versions/3.12.0/lib/python3.12/site-packages/airflow/example_dags/example_sensors.py
[2025-07-13T23:51:39.484+0300] {processor.py:840} INFO - DAG(s) 'example_sensors' retrieved from /home/wal/.pyenv/versions/3.12.0/lib/python3.12/site-packages/airflow/example_dags/example_sensors.py
[2025-07-13T23:51:39.534+0300] {logging_mixin.py:188} INFO - [2025-07-13T23:51:39.533+0300] {dag.py:3096} INFO - Sync 1 DAGs
[2025-07-13T23:51:39.566+0300] {logging_mixin.py:188} INFO - [2025-07-13T23:51:39.565+0300] {dag.py:3954} INFO - Setting next_dagrun for example_sensors to None, run_after=None
[2025-07-13T23:51:39.614+0300] {processor.py:183} INFO - Processing /home/wal/.pyenv/versions/3.12.0/lib/python3.12/site-packages/airflow/example_dags/example_sensors.py took 0.170 seconds
[2025-07-13T23:52:40.350+0300] {processor.py:161} INFO - Started process (PID=7228) to work on /home/wal/.pyenv/versions/3.12.0/lib/python3.12/site-packages/airflow/example_dags/example_sensors.py
[2025-07-13T23:52:40.357+0300] {processor.py:830} INFO - Processing file /home/wal/.pyenv/versions/3.12.0/lib/python3.12/site-packages/airflow/example_dags/example_sensors.py for tasks to queue
[2025-07-13T23:52:40.365+0300] {logging_mixin.py:188} INFO - [2025-07-13T23:52:40.363+0300] {dagbag.py:545} INFO - Filling up the DagBag from /home/wal/.pyenv/versions/3.12.0/lib/python3.12/site-packages/airflow/example_dags/example_sensors.py
[2025-07-13T23:52:40.419+0300] {processor.py:840} INFO - DAG(s) 'example_sensors' retrieved from /home/wal/.pyenv/versions/3.12.0/lib/python3.12/site-packages/airflow/example_dags/example_sensors.py
[2025-07-13T23:52:40.532+0300] {logging_mixin.py:188} INFO - [2025-07-13T23:52:40.531+0300] {dag.py:3096} INFO - Sync 1 DAGs
[2025-07-13T23:52:40.566+0300] {logging_mixin.py:188} INFO - [2025-07-13T23:52:40.565+0300] {dag.py:3954} INFO - Setting next_dagrun for example_sensors to None, run_after=None
[2025-07-13T23:52:40.609+0300] {processor.py:183} INFO - Processing /home/wal/.pyenv/versions/3.12.0/lib/python3.12/site-packages/airflow/example_dags/example_sensors.py took 0.285 seconds
[2025-07-13T23:53:38.708+0300] {processor.py:161} INFO - Started process (PID=7279) to work on /home/wal/.pyenv/versions/3.12.0/lib/python3.12/site-packages/airflow/example_dags/example_sensors.py
[2025-07-13T23:53:38.714+0300] {processor.py:830} INFO - Processing file /home/wal/.pyenv/versions/3.12.0/lib/python3.12/site-packages/airflow/example_dags/example_sensors.py for tasks to queue
[2025-07-13T23:53:38.718+0300] {logging_mixin.py:188} INFO - [2025-07-13T23:53:38.718+0300] {dagbag.py:545} INFO - Filling up the DagBag from /home/wal/.pyenv/versions/3.12.0/lib/python3.12/site-packages/airflow/example_dags/example_sensors.py
[2025-07-13T23:53:38.729+0300] {processor.py:840} INFO - DAG(s) 'example_sensors' retrieved from /home/wal/.pyenv/versions/3.12.0/lib/python3.12/site-packages/airflow/example_dags/example_sensors.py
[2025-07-13T23:53:38.760+0300] {logging_mixin.py:188} INFO - [2025-07-13T23:53:38.759+0300] {dag.py:3096} INFO - Sync 1 DAGs
[2025-07-13T23:53:38.776+0300] {logging_mixin.py:188} INFO - [2025-07-13T23:53:38.775+0300] {dag.py:3954} INFO - Setting next_dagrun for example_sensors to None, run_after=None
[2025-07-13T23:53:38.807+0300] {processor.py:183} INFO - Processing /home/wal/.pyenv/versions/3.12.0/lib/python3.12/site-packages/airflow/example_dags/example_sensors.py took 0.108 seconds
[2025-07-13T23:54:34.695+0300] {processor.py:161} INFO - Started process (PID=7331) to work on /home/wal/.pyenv/versions/3.12.0/lib/python3.12/site-packages/airflow/example_dags/example_sensors.py
[2025-07-13T23:54:34.703+0300] {processor.py:830} INFO - Processing file /home/wal/.pyenv/versions/3.12.0/lib/python3.12/site-packages/airflow/example_dags/example_sensors.py for tasks to queue
[2025-07-13T23:54:34.706+0300] {logging_mixin.py:188} INFO - [2025-07-13T23:54:34.706+0300] {dagbag.py:545} INFO - Filling up the DagBag from /home/wal/.pyenv/versions/3.12.0/lib/python3.12/site-packages/airflow/example_dags/example_sensors.py
[2025-07-13T23:54:34.724+0300] {processor.py:840} INFO - DAG(s) 'example_sensors' retrieved from /home/wal/.pyenv/versions/3.12.0/lib/python3.12/site-packages/airflow/example_dags/example_sensors.py
[2025-07-13T23:54:34.756+0300] {logging_mixin.py:188} INFO - [2025-07-13T23:54:34.755+0300] {dag.py:3096} INFO - Sync 1 DAGs
[2025-07-13T23:54:34.775+0300] {logging_mixin.py:188} INFO - [2025-07-13T23:54:34.774+0300] {dag.py:3954} INFO - Setting next_dagrun for example_sensors to None, run_after=None
[2025-07-13T23:54:34.807+0300] {processor.py:183} INFO - Processing /home/wal/.pyenv/versions/3.12.0/lib/python3.12/site-packages/airflow/example_dags/example_sensors.py took 0.131 seconds
[2025-07-13T23:55:31.857+0300] {processor.py:161} INFO - Started process (PID=7384) to work on /home/wal/.pyenv/versions/3.12.0/lib/python3.12/site-packages/airflow/example_dags/example_sensors.py
[2025-07-13T23:55:31.863+0300] {processor.py:830} INFO - Processing file /home/wal/.pyenv/versions/3.12.0/lib/python3.12/site-packages/airflow/example_dags/example_sensors.py for tasks to queue
[2025-07-13T23:55:31.868+0300] {logging_mixin.py:188} INFO - [2025-07-13T23:55:31.867+0300] {dagbag.py:545} INFO - Filling up the DagBag from /home/wal/.pyenv/versions/3.12.0/lib/python3.12/site-packages/airflow/example_dags/example_sensors.py
[2025-07-13T23:55:31.878+0300] {processor.py:840} INFO - DAG(s) 'example_sensors' retrieved from /home/wal/.pyenv/versions/3.12.0/lib/python3.12/site-packages/airflow/example_dags/example_sensors.py
[2025-07-13T23:55:31.909+0300] {logging_mixin.py:188} INFO - [2025-07-13T23:55:31.908+0300] {dag.py:3096} INFO - Sync 1 DAGs
[2025-07-13T23:55:31.924+0300] {logging_mixin.py:188} INFO - [2025-07-13T23:55:31.924+0300] {dag.py:3954} INFO - Setting next_dagrun for example_sensors to None, run_after=None
[2025-07-13T23:55:31.956+0300] {processor.py:183} INFO - Processing /home/wal/.pyenv/versions/3.12.0/lib/python3.12/site-packages/airflow/example_dags/example_sensors.py took 0.108 seconds
[2025-07-13T23:56:26.013+0300] {processor.py:161} INFO - Started process (PID=7434) to work on /home/wal/.pyenv/versions/3.12.0/lib/python3.12/site-packages/airflow/example_dags/example_sensors.py
[2025-07-13T23:56:26.015+0300] {processor.py:830} INFO - Processing file /home/wal/.pyenv/versions/3.12.0/lib/python3.12/site-packages/airflow/example_dags/example_sensors.py for tasks to queue
[2025-07-13T23:56:26.017+0300] {logging_mixin.py:188} INFO - [2025-07-13T23:56:26.016+0300] {dagbag.py:545} INFO - Filling up the DagBag from /home/wal/.pyenv/versions/3.12.0/lib/python3.12/site-packages/airflow/example_dags/example_sensors.py
[2025-07-13T23:56:26.028+0300] {processor.py:840} INFO - DAG(s) 'example_sensors' retrieved from /home/wal/.pyenv/versions/3.12.0/lib/python3.12/site-packages/airflow/example_dags/example_sensors.py
[2025-07-13T23:56:26.057+0300] {logging_mixin.py:188} INFO - [2025-07-13T23:56:26.057+0300] {dag.py:3096} INFO - Sync 1 DAGs
[2025-07-13T23:56:26.074+0300] {logging_mixin.py:188} INFO - [2025-07-13T23:56:26.073+0300] {dag.py:3954} INFO - Setting next_dagrun for example_sensors to None, run_after=None
[2025-07-13T23:56:26.107+0300] {processor.py:183} INFO - Processing /home/wal/.pyenv/versions/3.12.0/lib/python3.12/site-packages/airflow/example_dags/example_sensors.py took 0.102 seconds
[2025-07-13T23:57:23.653+0300] {processor.py:161} INFO - Started process (PID=7485) to work on /home/wal/.pyenv/versions/3.12.0/lib/python3.12/site-packages/airflow/example_dags/example_sensors.py
[2025-07-13T23:57:23.659+0300] {processor.py:830} INFO - Processing file /home/wal/.pyenv/versions/3.12.0/lib/python3.12/site-packages/airflow/example_dags/example_sensors.py for tasks to queue
[2025-07-13T23:57:23.661+0300] {logging_mixin.py:188} INFO - [2025-07-13T23:57:23.661+0300] {dagbag.py:545} INFO - Filling up the DagBag from /home/wal/.pyenv/versions/3.12.0/lib/python3.12/site-packages/airflow/example_dags/example_sensors.py
[2025-07-13T23:57:23.675+0300] {processor.py:840} INFO - DAG(s) 'example_sensors' retrieved from /home/wal/.pyenv/versions/3.12.0/lib/python3.12/site-packages/airflow/example_dags/example_sensors.py
[2025-07-13T23:57:23.704+0300] {logging_mixin.py:188} INFO - [2025-07-13T23:57:23.704+0300] {dag.py:3096} INFO - Sync 1 DAGs
[2025-07-13T23:57:23.719+0300] {logging_mixin.py:188} INFO - [2025-07-13T23:57:23.719+0300] {dag.py:3954} INFO - Setting next_dagrun for example_sensors to None, run_after=None
[2025-07-13T23:57:23.743+0300] {processor.py:183} INFO - Processing /home/wal/.pyenv/versions/3.12.0/lib/python3.12/site-packages/airflow/example_dags/example_sensors.py took 0.099 seconds
[2025-07-13T23:58:19.214+0300] {processor.py:161} INFO - Started process (PID=7537) to work on /home/wal/.pyenv/versions/3.12.0/lib/python3.12/site-packages/airflow/example_dags/example_sensors.py
[2025-07-13T23:58:19.215+0300] {processor.py:830} INFO - Processing file /home/wal/.pyenv/versions/3.12.0/lib/python3.12/site-packages/airflow/example_dags/example_sensors.py for tasks to queue
[2025-07-13T23:58:19.221+0300] {logging_mixin.py:188} INFO - [2025-07-13T23:58:19.219+0300] {dagbag.py:545} INFO - Filling up the DagBag from /home/wal/.pyenv/versions/3.12.0/lib/python3.12/site-packages/airflow/example_dags/example_sensors.py
[2025-07-13T23:58:19.234+0300] {processor.py:840} INFO - DAG(s) 'example_sensors' retrieved from /home/wal/.pyenv/versions/3.12.0/lib/python3.12/site-packages/airflow/example_dags/example_sensors.py
[2025-07-13T23:58:19.265+0300] {logging_mixin.py:188} INFO - [2025-07-13T23:58:19.265+0300] {dag.py:3096} INFO - Sync 1 DAGs
[2025-07-13T23:58:19.285+0300] {logging_mixin.py:188} INFO - [2025-07-13T23:58:19.282+0300] {dag.py:3954} INFO - Setting next_dagrun for example_sensors to None, run_after=None
[2025-07-13T23:58:19.317+0300] {processor.py:183} INFO - Processing /home/wal/.pyenv/versions/3.12.0/lib/python3.12/site-packages/airflow/example_dags/example_sensors.py took 0.113 seconds
[2025-07-13T23:59:13.197+0300] {processor.py:161} INFO - Started process (PID=7589) to work on /home/wal/.pyenv/versions/3.12.0/lib/python3.12/site-packages/airflow/example_dags/example_sensors.py
[2025-07-13T23:59:13.202+0300] {processor.py:830} INFO - Processing file /home/wal/.pyenv/versions/3.12.0/lib/python3.12/site-packages/airflow/example_dags/example_sensors.py for tasks to queue
[2025-07-13T23:59:13.207+0300] {logging_mixin.py:188} INFO - [2025-07-13T23:59:13.207+0300] {dagbag.py:545} INFO - Filling up the DagBag from /home/wal/.pyenv/versions/3.12.0/lib/python3.12/site-packages/airflow/example_dags/example_sensors.py
[2025-07-13T23:59:13.230+0300] {processor.py:840} INFO - DAG(s) 'example_sensors' retrieved from /home/wal/.pyenv/versions/3.12.0/lib/python3.12/site-packages/airflow/example_dags/example_sensors.py
[2025-07-13T23:59:13.262+0300] {logging_mixin.py:188} INFO - [2025-07-13T23:59:13.262+0300] {dag.py:3096} INFO - Sync 1 DAGs
[2025-07-13T23:59:13.290+0300] {logging_mixin.py:188} INFO - [2025-07-13T23:59:13.289+0300] {dag.py:3954} INFO - Setting next_dagrun for example_sensors to None, run_after=None
[2025-07-13T23:59:13.360+0300] {processor.py:183} INFO - Processing /home/wal/.pyenv/versions/3.12.0/lib/python3.12/site-packages/airflow/example_dags/example_sensors.py took 0.186 seconds
[2025-07-14T00:00:13.353+0300] {processor.py:161} INFO - Started process (PID=7641) to work on /home/wal/.pyenv/versions/3.12.0/lib/python3.12/site-packages/airflow/example_dags/example_sensors.py
[2025-07-14T00:00:13.359+0300] {processor.py:830} INFO - Processing file /home/wal/.pyenv/versions/3.12.0/lib/python3.12/site-packages/airflow/example_dags/example_sensors.py for tasks to queue
[2025-07-14T00:00:13.364+0300] {logging_mixin.py:188} INFO - [2025-07-14T00:00:13.363+0300] {dagbag.py:545} INFO - Filling up the DagBag from /home/wal/.pyenv/versions/3.12.0/lib/python3.12/site-packages/airflow/example_dags/example_sensors.py
[2025-07-14T00:00:13.377+0300] {processor.py:840} INFO - DAG(s) 'example_sensors' retrieved from /home/wal/.pyenv/versions/3.12.0/lib/python3.12/site-packages/airflow/example_dags/example_sensors.py
[2025-07-14T00:00:13.409+0300] {logging_mixin.py:188} INFO - [2025-07-14T00:00:13.409+0300] {dag.py:3096} INFO - Sync 1 DAGs
[2025-07-14T00:00:13.428+0300] {logging_mixin.py:188} INFO - [2025-07-14T00:00:13.426+0300] {dag.py:3954} INFO - Setting next_dagrun for example_sensors to None, run_after=None
[2025-07-14T00:00:13.461+0300] {processor.py:183} INFO - Processing /home/wal/.pyenv/versions/3.12.0/lib/python3.12/site-packages/airflow/example_dags/example_sensors.py took 0.123 seconds
[2025-07-14T00:01:10.366+0300] {processor.py:161} INFO - Started process (PID=7707) to work on /home/wal/.pyenv/versions/3.12.0/lib/python3.12/site-packages/airflow/example_dags/example_sensors.py
[2025-07-14T00:01:10.368+0300] {processor.py:830} INFO - Processing file /home/wal/.pyenv/versions/3.12.0/lib/python3.12/site-packages/airflow/example_dags/example_sensors.py for tasks to queue
[2025-07-14T00:01:10.370+0300] {logging_mixin.py:188} INFO - [2025-07-14T00:01:10.370+0300] {dagbag.py:545} INFO - Filling up the DagBag from /home/wal/.pyenv/versions/3.12.0/lib/python3.12/site-packages/airflow/example_dags/example_sensors.py
[2025-07-14T00:01:10.380+0300] {processor.py:840} INFO - DAG(s) 'example_sensors' retrieved from /home/wal/.pyenv/versions/3.12.0/lib/python3.12/site-packages/airflow/example_dags/example_sensors.py
[2025-07-14T00:01:10.408+0300] {logging_mixin.py:188} INFO - [2025-07-14T00:01:10.408+0300] {dag.py:3096} INFO - Sync 1 DAGs
[2025-07-14T00:01:10.436+0300] {logging_mixin.py:188} INFO - [2025-07-14T00:01:10.435+0300] {dag.py:3954} INFO - Setting next_dagrun for example_sensors to None, run_after=None
[2025-07-14T00:01:10.462+0300] {processor.py:183} INFO - Processing /home/wal/.pyenv/versions/3.12.0/lib/python3.12/site-packages/airflow/example_dags/example_sensors.py took 0.103 seconds
[2025-07-14T00:02:07.202+0300] {processor.py:161} INFO - Started process (PID=7758) to work on /home/wal/.pyenv/versions/3.12.0/lib/python3.12/site-packages/airflow/example_dags/example_sensors.py
[2025-07-14T00:02:07.205+0300] {processor.py:830} INFO - Processing file /home/wal/.pyenv/versions/3.12.0/lib/python3.12/site-packages/airflow/example_dags/example_sensors.py for tasks to queue
[2025-07-14T00:02:07.207+0300] {logging_mixin.py:188} INFO - [2025-07-14T00:02:07.206+0300] {dagbag.py:545} INFO - Filling up the DagBag from /home/wal/.pyenv/versions/3.12.0/lib/python3.12/site-packages/airflow/example_dags/example_sensors.py
[2025-07-14T00:02:07.220+0300] {processor.py:840} INFO - DAG(s) 'example_sensors' retrieved from /home/wal/.pyenv/versions/3.12.0/lib/python3.12/site-packages/airflow/example_dags/example_sensors.py
[2025-07-14T00:02:07.248+0300] {logging_mixin.py:188} INFO - [2025-07-14T00:02:07.248+0300] {dag.py:3096} INFO - Sync 1 DAGs
[2025-07-14T00:02:07.264+0300] {logging_mixin.py:188} INFO - [2025-07-14T00:02:07.264+0300] {dag.py:3954} INFO - Setting next_dagrun for example_sensors to None, run_after=None
[2025-07-14T00:02:07.297+0300] {processor.py:183} INFO - Processing /home/wal/.pyenv/versions/3.12.0/lib/python3.12/site-packages/airflow/example_dags/example_sensors.py took 0.102 seconds
[2025-07-14T00:03:01.378+0300] {processor.py:161} INFO - Started process (PID=7807) to work on /home/wal/.pyenv/versions/3.12.0/lib/python3.12/site-packages/airflow/example_dags/example_sensors.py
[2025-07-14T00:03:01.379+0300] {processor.py:830} INFO - Processing file /home/wal/.pyenv/versions/3.12.0/lib/python3.12/site-packages/airflow/example_dags/example_sensors.py for tasks to queue
[2025-07-14T00:03:01.383+0300] {logging_mixin.py:188} INFO - [2025-07-14T00:03:01.382+0300] {dagbag.py:545} INFO - Filling up the DagBag from /home/wal/.pyenv/versions/3.12.0/lib/python3.12/site-packages/airflow/example_dags/example_sensors.py
[2025-07-14T00:03:01.394+0300] {processor.py:840} INFO - DAG(s) 'example_sensors' retrieved from /home/wal/.pyenv/versions/3.12.0/lib/python3.12/site-packages/airflow/example_dags/example_sensors.py
[2025-07-14T00:03:01.422+0300] {logging_mixin.py:188} INFO - [2025-07-14T00:03:01.422+0300] {dag.py:3096} INFO - Sync 1 DAGs
[2025-07-14T00:03:01.441+0300] {logging_mixin.py:188} INFO - [2025-07-14T00:03:01.441+0300] {dag.py:3954} INFO - Setting next_dagrun for example_sensors to None, run_after=None
[2025-07-14T00:03:01.475+0300] {processor.py:183} INFO - Processing /home/wal/.pyenv/versions/3.12.0/lib/python3.12/site-packages/airflow/example_dags/example_sensors.py took 0.105 seconds
[2025-07-14T00:03:56.254+0300] {processor.py:161} INFO - Started process (PID=7858) to work on /home/wal/.pyenv/versions/3.12.0/lib/python3.12/site-packages/airflow/example_dags/example_sensors.py
[2025-07-14T00:03:56.256+0300] {processor.py:830} INFO - Processing file /home/wal/.pyenv/versions/3.12.0/lib/python3.12/site-packages/airflow/example_dags/example_sensors.py for tasks to queue
[2025-07-14T00:03:56.258+0300] {logging_mixin.py:188} INFO - [2025-07-14T00:03:56.258+0300] {dagbag.py:545} INFO - Filling up the DagBag from /home/wal/.pyenv/versions/3.12.0/lib/python3.12/site-packages/airflow/example_dags/example_sensors.py
[2025-07-14T00:03:56.276+0300] {processor.py:840} INFO - DAG(s) 'example_sensors' retrieved from /home/wal/.pyenv/versions/3.12.0/lib/python3.12/site-packages/airflow/example_dags/example_sensors.py
[2025-07-14T00:03:56.311+0300] {logging_mixin.py:188} INFO - [2025-07-14T00:03:56.311+0300] {dag.py:3096} INFO - Sync 1 DAGs
[2025-07-14T00:03:56.333+0300] {logging_mixin.py:188} INFO - [2025-07-14T00:03:56.333+0300] {dag.py:3954} INFO - Setting next_dagrun for example_sensors to None, run_after=None
[2025-07-14T00:03:56.371+0300] {processor.py:183} INFO - Processing /home/wal/.pyenv/versions/3.12.0/lib/python3.12/site-packages/airflow/example_dags/example_sensors.py took 0.129 seconds
[2025-07-14T00:04:48.319+0300] {processor.py:161} INFO - Started process (PID=7907) to work on /home/wal/.pyenv/versions/3.12.0/lib/python3.12/site-packages/airflow/example_dags/example_sensors.py
[2025-07-14T00:04:48.320+0300] {processor.py:830} INFO - Processing file /home/wal/.pyenv/versions/3.12.0/lib/python3.12/site-packages/airflow/example_dags/example_sensors.py for tasks to queue
[2025-07-14T00:04:48.322+0300] {logging_mixin.py:188} INFO - [2025-07-14T00:04:48.322+0300] {dagbag.py:545} INFO - Filling up the DagBag from /home/wal/.pyenv/versions/3.12.0/lib/python3.12/site-packages/airflow/example_dags/example_sensors.py
[2025-07-14T00:04:48.336+0300] {processor.py:840} INFO - DAG(s) 'example_sensors' retrieved from /home/wal/.pyenv/versions/3.12.0/lib/python3.12/site-packages/airflow/example_dags/example_sensors.py
[2025-07-14T00:04:48.367+0300] {logging_mixin.py:188} INFO - [2025-07-14T00:04:48.366+0300] {dag.py:3096} INFO - Sync 1 DAGs
[2025-07-14T00:04:48.383+0300] {logging_mixin.py:188} INFO - [2025-07-14T00:04:48.382+0300] {dag.py:3954} INFO - Setting next_dagrun for example_sensors to None, run_after=None
[2025-07-14T00:04:48.409+0300] {processor.py:183} INFO - Processing /home/wal/.pyenv/versions/3.12.0/lib/python3.12/site-packages/airflow/example_dags/example_sensors.py took 0.099 seconds
[2025-07-14T00:05:41.650+0300] {processor.py:161} INFO - Started process (PID=7962) to work on /home/wal/.pyenv/versions/3.12.0/lib/python3.12/site-packages/airflow/example_dags/example_sensors.py
[2025-07-14T00:05:41.652+0300] {processor.py:830} INFO - Processing file /home/wal/.pyenv/versions/3.12.0/lib/python3.12/site-packages/airflow/example_dags/example_sensors.py for tasks to queue
[2025-07-14T00:05:41.655+0300] {logging_mixin.py:188} INFO - [2025-07-14T00:05:41.654+0300] {dagbag.py:545} INFO - Filling up the DagBag from /home/wal/.pyenv/versions/3.12.0/lib/python3.12/site-packages/airflow/example_dags/example_sensors.py
[2025-07-14T00:05:41.667+0300] {processor.py:840} INFO - DAG(s) 'example_sensors' retrieved from /home/wal/.pyenv/versions/3.12.0/lib/python3.12/site-packages/airflow/example_dags/example_sensors.py
[2025-07-14T00:05:41.701+0300] {logging_mixin.py:188} INFO - [2025-07-14T00:05:41.700+0300] {dag.py:3096} INFO - Sync 1 DAGs
[2025-07-14T00:05:41.723+0300] {logging_mixin.py:188} INFO - [2025-07-14T00:05:41.723+0300] {dag.py:3954} INFO - Setting next_dagrun for example_sensors to None, run_after=None
[2025-07-14T00:05:41.754+0300] {processor.py:183} INFO - Processing /home/wal/.pyenv/versions/3.12.0/lib/python3.12/site-packages/airflow/example_dags/example_sensors.py took 0.111 seconds
[2025-07-14T00:06:36.301+0300] {processor.py:161} INFO - Started process (PID=8012) to work on /home/wal/.pyenv/versions/3.12.0/lib/python3.12/site-packages/airflow/example_dags/example_sensors.py
[2025-07-14T00:06:36.303+0300] {processor.py:830} INFO - Processing file /home/wal/.pyenv/versions/3.12.0/lib/python3.12/site-packages/airflow/example_dags/example_sensors.py for tasks to queue
[2025-07-14T00:06:36.304+0300] {logging_mixin.py:188} INFO - [2025-07-14T00:06:36.304+0300] {dagbag.py:545} INFO - Filling up the DagBag from /home/wal/.pyenv/versions/3.12.0/lib/python3.12/site-packages/airflow/example_dags/example_sensors.py
[2025-07-14T00:06:36.317+0300] {processor.py:840} INFO - DAG(s) 'example_sensors' retrieved from /home/wal/.pyenv/versions/3.12.0/lib/python3.12/site-packages/airflow/example_dags/example_sensors.py
[2025-07-14T00:06:36.345+0300] {logging_mixin.py:188} INFO - [2025-07-14T00:06:36.344+0300] {dag.py:3096} INFO - Sync 1 DAGs
[2025-07-14T00:06:36.362+0300] {logging_mixin.py:188} INFO - [2025-07-14T00:06:36.362+0300] {dag.py:3954} INFO - Setting next_dagrun for example_sensors to None, run_after=None
[2025-07-14T00:06:36.392+0300] {processor.py:183} INFO - Processing /home/wal/.pyenv/versions/3.12.0/lib/python3.12/site-packages/airflow/example_dags/example_sensors.py took 0.097 seconds
[2025-07-14T00:07:29.793+0300] {processor.py:161} INFO - Started process (PID=8060) to work on /home/wal/.pyenv/versions/3.12.0/lib/python3.12/site-packages/airflow/example_dags/example_sensors.py
[2025-07-14T00:07:29.797+0300] {processor.py:830} INFO - Processing file /home/wal/.pyenv/versions/3.12.0/lib/python3.12/site-packages/airflow/example_dags/example_sensors.py for tasks to queue
[2025-07-14T00:07:29.801+0300] {logging_mixin.py:188} INFO - [2025-07-14T00:07:29.800+0300] {dagbag.py:545} INFO - Filling up the DagBag from /home/wal/.pyenv/versions/3.12.0/lib/python3.12/site-packages/airflow/example_dags/example_sensors.py
[2025-07-14T00:07:29.816+0300] {processor.py:840} INFO - DAG(s) 'example_sensors' retrieved from /home/wal/.pyenv/versions/3.12.0/lib/python3.12/site-packages/airflow/example_dags/example_sensors.py
[2025-07-14T00:07:29.851+0300] {logging_mixin.py:188} INFO - [2025-07-14T00:07:29.851+0300] {dag.py:3096} INFO - Sync 1 DAGs
[2025-07-14T00:07:29.870+0300] {logging_mixin.py:188} INFO - [2025-07-14T00:07:29.869+0300] {dag.py:3954} INFO - Setting next_dagrun for example_sensors to None, run_after=None
[2025-07-14T00:07:29.912+0300] {processor.py:183} INFO - Processing /home/wal/.pyenv/versions/3.12.0/lib/python3.12/site-packages/airflow/example_dags/example_sensors.py took 0.128 seconds
