[2025-07-13T22:55:50.732+0300] {processor.py:161} INFO - Started process (PID=3952) to work on /home/wal/.pyenv/versions/3.12.0/lib/python3.12/site-packages/airflow/example_dags/tutorial_dag.py
[2025-07-13T22:55:50.733+0300] {processor.py:830} INFO - Processing file /home/wal/.pyenv/versions/3.12.0/lib/python3.12/site-packages/airflow/example_dags/tutorial_dag.py for tasks to queue
[2025-07-13T22:55:50.736+0300] {logging_mixin.py:188} INFO - [2025-07-13T22:55:50.735+0300] {dagbag.py:545} INFO - Filling up the DagBag from /home/wal/.pyenv/versions/3.12.0/lib/python3.12/site-packages/airflow/example_dags/tutorial_dag.py
[2025-07-13T22:55:50.750+0300] {processor.py:840} INFO - DAG(s) 'tutorial_dag' retrieved from /home/wal/.pyenv/versions/3.12.0/lib/python3.12/site-packages/airflow/example_dags/tutorial_dag.py
[2025-07-13T22:55:50.777+0300] {logging_mixin.py:188} INFO - [2025-07-13T22:55:50.777+0300] {dag.py:3096} INFO - Sync 1 DAGs
[2025-07-13T22:55:50.795+0300] {logging_mixin.py:188} INFO - [2025-07-13T22:55:50.795+0300] {dag.py:3954} INFO - Setting next_dagrun for tutorial_dag to None, run_after=None
[2025-07-13T22:55:50.823+0300] {processor.py:183} INFO - Processing /home/wal/.pyenv/versions/3.12.0/lib/python3.12/site-packages/airflow/example_dags/tutorial_dag.py took 0.098 seconds
[2025-07-13T22:56:49.633+0300] {processor.py:161} INFO - Started process (PID=4138) to work on /home/wal/.pyenv/versions/3.12.0/lib/python3.12/site-packages/airflow/example_dags/tutorial_dag.py
[2025-07-13T22:56:49.636+0300] {processor.py:830} INFO - Processing file /home/wal/.pyenv/versions/3.12.0/lib/python3.12/site-packages/airflow/example_dags/tutorial_dag.py for tasks to queue
[2025-07-13T22:56:49.640+0300] {logging_mixin.py:188} INFO - [2025-07-13T22:56:49.639+0300] {dagbag.py:545} INFO - Filling up the DagBag from /home/wal/.pyenv/versions/3.12.0/lib/python3.12/site-packages/airflow/example_dags/tutorial_dag.py
[2025-07-13T22:56:49.653+0300] {processor.py:840} INFO - DAG(s) 'tutorial_dag' retrieved from /home/wal/.pyenv/versions/3.12.0/lib/python3.12/site-packages/airflow/example_dags/tutorial_dag.py
[2025-07-13T22:56:49.687+0300] {logging_mixin.py:188} INFO - [2025-07-13T22:56:49.687+0300] {dag.py:3096} INFO - Sync 1 DAGs
[2025-07-13T22:56:49.712+0300] {logging_mixin.py:188} INFO - [2025-07-13T22:56:49.712+0300] {dag.py:3954} INFO - Setting next_dagrun for tutorial_dag to None, run_after=None
[2025-07-13T22:56:49.752+0300] {processor.py:183} INFO - Processing /home/wal/.pyenv/versions/3.12.0/lib/python3.12/site-packages/airflow/example_dags/tutorial_dag.py took 0.130 seconds
[2025-07-13T22:57:44.238+0300] {processor.py:161} INFO - Started process (PID=4244) to work on /home/wal/.pyenv/versions/3.12.0/lib/python3.12/site-packages/airflow/example_dags/tutorial_dag.py
[2025-07-13T22:57:44.244+0300] {processor.py:830} INFO - Processing file /home/wal/.pyenv/versions/3.12.0/lib/python3.12/site-packages/airflow/example_dags/tutorial_dag.py for tasks to queue
[2025-07-13T22:57:44.247+0300] {logging_mixin.py:188} INFO - [2025-07-13T22:57:44.246+0300] {dagbag.py:545} INFO - Filling up the DagBag from /home/wal/.pyenv/versions/3.12.0/lib/python3.12/site-packages/airflow/example_dags/tutorial_dag.py
[2025-07-13T22:57:44.256+0300] {processor.py:840} INFO - DAG(s) 'tutorial_dag' retrieved from /home/wal/.pyenv/versions/3.12.0/lib/python3.12/site-packages/airflow/example_dags/tutorial_dag.py
[2025-07-13T22:57:44.279+0300] {logging_mixin.py:188} INFO - [2025-07-13T22:57:44.279+0300] {dag.py:3096} INFO - Sync 1 DAGs
[2025-07-13T22:57:44.295+0300] {logging_mixin.py:188} INFO - [2025-07-13T22:57:44.294+0300] {dag.py:3954} INFO - Setting next_dagrun for tutorial_dag to None, run_after=None
[2025-07-13T22:57:44.323+0300] {processor.py:183} INFO - Processing /home/wal/.pyenv/versions/3.12.0/lib/python3.12/site-packages/airflow/example_dags/tutorial_dag.py took 0.099 seconds
[2025-07-13T22:58:40.444+0300] {processor.py:161} INFO - Started process (PID=4307) to work on /home/wal/.pyenv/versions/3.12.0/lib/python3.12/site-packages/airflow/example_dags/tutorial_dag.py
[2025-07-13T22:58:40.446+0300] {processor.py:830} INFO - Processing file /home/wal/.pyenv/versions/3.12.0/lib/python3.12/site-packages/airflow/example_dags/tutorial_dag.py for tasks to queue
[2025-07-13T22:58:40.449+0300] {logging_mixin.py:188} INFO - [2025-07-13T22:58:40.448+0300] {dagbag.py:545} INFO - Filling up the DagBag from /home/wal/.pyenv/versions/3.12.0/lib/python3.12/site-packages/airflow/example_dags/tutorial_dag.py
[2025-07-13T22:58:40.456+0300] {processor.py:840} INFO - DAG(s) 'tutorial_dag' retrieved from /home/wal/.pyenv/versions/3.12.0/lib/python3.12/site-packages/airflow/example_dags/tutorial_dag.py
[2025-07-13T22:58:40.474+0300] {logging_mixin.py:188} INFO - [2025-07-13T22:58:40.474+0300] {dag.py:3096} INFO - Sync 1 DAGs
[2025-07-13T22:58:40.489+0300] {logging_mixin.py:188} INFO - [2025-07-13T22:58:40.488+0300] {dag.py:3954} INFO - Setting next_dagrun for tutorial_dag to None, run_after=None
[2025-07-13T22:58:40.516+0300] {processor.py:183} INFO - Processing /home/wal/.pyenv/versions/3.12.0/lib/python3.12/site-packages/airflow/example_dags/tutorial_dag.py took 0.086 seconds
[2025-07-13T22:59:26.849+0300] {processor.py:161} INFO - Started process (PID=4500) to work on /home/wal/.pyenv/versions/3.12.0/lib/python3.12/site-packages/airflow/example_dags/tutorial_dag.py
[2025-07-13T22:59:26.856+0300] {processor.py:830} INFO - Processing file /home/wal/.pyenv/versions/3.12.0/lib/python3.12/site-packages/airflow/example_dags/tutorial_dag.py for tasks to queue
[2025-07-13T22:59:26.865+0300] {logging_mixin.py:188} INFO - [2025-07-13T22:59:26.863+0300] {dagbag.py:545} INFO - Filling up the DagBag from /home/wal/.pyenv/versions/3.12.0/lib/python3.12/site-packages/airflow/example_dags/tutorial_dag.py
[2025-07-13T22:59:26.895+0300] {processor.py:840} INFO - DAG(s) 'tutorial_dag' retrieved from /home/wal/.pyenv/versions/3.12.0/lib/python3.12/site-packages/airflow/example_dags/tutorial_dag.py
[2025-07-13T22:59:27.223+0300] {logging_mixin.py:188} INFO - [2025-07-13T22:59:27.223+0300] {dag.py:3096} INFO - Sync 1 DAGs
[2025-07-13T22:59:27.260+0300] {logging_mixin.py:188} INFO - [2025-07-13T22:59:27.260+0300] {dag.py:3954} INFO - Setting next_dagrun for tutorial_dag to None, run_after=None
[2025-07-13T22:59:27.313+0300] {processor.py:183} INFO - Processing /home/wal/.pyenv/versions/3.12.0/lib/python3.12/site-packages/airflow/example_dags/tutorial_dag.py took 0.481 seconds
[2025-07-13T23:00:37.366+0300] {processor.py:161} INFO - Started process (PID=4570) to work on /home/wal/.pyenv/versions/3.12.0/lib/python3.12/site-packages/airflow/example_dags/tutorial_dag.py
[2025-07-13T23:00:37.369+0300] {processor.py:830} INFO - Processing file /home/wal/.pyenv/versions/3.12.0/lib/python3.12/site-packages/airflow/example_dags/tutorial_dag.py for tasks to queue
[2025-07-13T23:00:37.376+0300] {logging_mixin.py:188} INFO - [2025-07-13T23:00:37.375+0300] {dagbag.py:545} INFO - Filling up the DagBag from /home/wal/.pyenv/versions/3.12.0/lib/python3.12/site-packages/airflow/example_dags/tutorial_dag.py
[2025-07-13T23:00:37.402+0300] {processor.py:840} INFO - DAG(s) 'tutorial_dag' retrieved from /home/wal/.pyenv/versions/3.12.0/lib/python3.12/site-packages/airflow/example_dags/tutorial_dag.py
[2025-07-13T23:00:37.469+0300] {logging_mixin.py:188} INFO - [2025-07-13T23:00:37.468+0300] {dag.py:3096} INFO - Sync 1 DAGs
[2025-07-13T23:00:37.503+0300] {logging_mixin.py:188} INFO - [2025-07-13T23:00:37.502+0300] {dag.py:3954} INFO - Setting next_dagrun for tutorial_dag to None, run_after=None
[2025-07-13T23:00:37.547+0300] {processor.py:183} INFO - Processing /home/wal/.pyenv/versions/3.12.0/lib/python3.12/site-packages/airflow/example_dags/tutorial_dag.py took 0.203 seconds
[2025-07-13T23:01:27.315+0300] {processor.py:161} INFO - Started process (PID=4602) to work on /home/wal/.pyenv/versions/3.12.0/lib/python3.12/site-packages/airflow/example_dags/tutorial_dag.py
[2025-07-13T23:01:27.319+0300] {processor.py:830} INFO - Processing file /home/wal/.pyenv/versions/3.12.0/lib/python3.12/site-packages/airflow/example_dags/tutorial_dag.py for tasks to queue
[2025-07-13T23:01:27.336+0300] {logging_mixin.py:188} INFO - [2025-07-13T23:01:27.333+0300] {dagbag.py:545} INFO - Filling up the DagBag from /home/wal/.pyenv/versions/3.12.0/lib/python3.12/site-packages/airflow/example_dags/tutorial_dag.py
[2025-07-13T23:01:27.386+0300] {processor.py:840} INFO - DAG(s) 'tutorial_dag' retrieved from /home/wal/.pyenv/versions/3.12.0/lib/python3.12/site-packages/airflow/example_dags/tutorial_dag.py
[2025-07-13T23:01:27.537+0300] {logging_mixin.py:188} INFO - [2025-07-13T23:01:27.537+0300] {dag.py:3096} INFO - Sync 1 DAGs
[2025-07-13T23:01:27.679+0300] {logging_mixin.py:188} INFO - [2025-07-13T23:01:27.678+0300] {dag.py:3954} INFO - Setting next_dagrun for tutorial_dag to None, run_after=None
[2025-07-13T23:01:27.901+0300] {processor.py:183} INFO - Processing /home/wal/.pyenv/versions/3.12.0/lib/python3.12/site-packages/airflow/example_dags/tutorial_dag.py took 0.625 seconds
[2025-07-13T23:02:15.822+0300] {processor.py:161} INFO - Started process (PID=4634) to work on /home/wal/.pyenv/versions/3.12.0/lib/python3.12/site-packages/airflow/example_dags/tutorial_dag.py
[2025-07-13T23:02:15.829+0300] {processor.py:830} INFO - Processing file /home/wal/.pyenv/versions/3.12.0/lib/python3.12/site-packages/airflow/example_dags/tutorial_dag.py for tasks to queue
[2025-07-13T23:02:15.831+0300] {logging_mixin.py:188} INFO - [2025-07-13T23:02:15.831+0300] {dagbag.py:545} INFO - Filling up the DagBag from /home/wal/.pyenv/versions/3.12.0/lib/python3.12/site-packages/airflow/example_dags/tutorial_dag.py
[2025-07-13T23:02:15.844+0300] {processor.py:840} INFO - DAG(s) 'tutorial_dag' retrieved from /home/wal/.pyenv/versions/3.12.0/lib/python3.12/site-packages/airflow/example_dags/tutorial_dag.py
[2025-07-13T23:02:15.876+0300] {logging_mixin.py:188} INFO - [2025-07-13T23:02:15.876+0300] {dag.py:3096} INFO - Sync 1 DAGs
[2025-07-13T23:02:15.905+0300] {logging_mixin.py:188} INFO - [2025-07-13T23:02:15.904+0300] {dag.py:3954} INFO - Setting next_dagrun for tutorial_dag to None, run_after=None
[2025-07-13T23:02:15.952+0300] {processor.py:183} INFO - Processing /home/wal/.pyenv/versions/3.12.0/lib/python3.12/site-packages/airflow/example_dags/tutorial_dag.py took 0.142 seconds
[2025-07-13T23:03:09.890+0300] {processor.py:161} INFO - Started process (PID=4670) to work on /home/wal/.pyenv/versions/3.12.0/lib/python3.12/site-packages/airflow/example_dags/tutorial_dag.py
[2025-07-13T23:03:09.897+0300] {processor.py:830} INFO - Processing file /home/wal/.pyenv/versions/3.12.0/lib/python3.12/site-packages/airflow/example_dags/tutorial_dag.py for tasks to queue
[2025-07-13T23:03:09.904+0300] {logging_mixin.py:188} INFO - [2025-07-13T23:03:09.901+0300] {dagbag.py:545} INFO - Filling up the DagBag from /home/wal/.pyenv/versions/3.12.0/lib/python3.12/site-packages/airflow/example_dags/tutorial_dag.py
[2025-07-13T23:03:09.925+0300] {processor.py:840} INFO - DAG(s) 'tutorial_dag' retrieved from /home/wal/.pyenv/versions/3.12.0/lib/python3.12/site-packages/airflow/example_dags/tutorial_dag.py
[2025-07-13T23:03:09.982+0300] {logging_mixin.py:188} INFO - [2025-07-13T23:03:09.981+0300] {dag.py:3096} INFO - Sync 1 DAGs
[2025-07-13T23:03:10.025+0300] {logging_mixin.py:188} INFO - [2025-07-13T23:03:10.024+0300] {dag.py:3954} INFO - Setting next_dagrun for tutorial_dag to None, run_after=None
[2025-07-13T23:03:10.094+0300] {processor.py:183} INFO - Processing /home/wal/.pyenv/versions/3.12.0/lib/python3.12/site-packages/airflow/example_dags/tutorial_dag.py took 0.220 seconds
[2025-07-13T23:03:55.997+0300] {processor.py:161} INFO - Started process (PID=4706) to work on /home/wal/.pyenv/versions/3.12.0/lib/python3.12/site-packages/airflow/example_dags/tutorial_dag.py
[2025-07-13T23:03:56.004+0300] {processor.py:830} INFO - Processing file /home/wal/.pyenv/versions/3.12.0/lib/python3.12/site-packages/airflow/example_dags/tutorial_dag.py for tasks to queue
[2025-07-13T23:03:56.013+0300] {logging_mixin.py:188} INFO - [2025-07-13T23:03:56.011+0300] {dagbag.py:545} INFO - Filling up the DagBag from /home/wal/.pyenv/versions/3.12.0/lib/python3.12/site-packages/airflow/example_dags/tutorial_dag.py
[2025-07-13T23:03:56.035+0300] {processor.py:840} INFO - DAG(s) 'tutorial_dag' retrieved from /home/wal/.pyenv/versions/3.12.0/lib/python3.12/site-packages/airflow/example_dags/tutorial_dag.py
[2025-07-13T23:03:56.098+0300] {logging_mixin.py:188} INFO - [2025-07-13T23:03:56.097+0300] {dag.py:3096} INFO - Sync 1 DAGs
[2025-07-13T23:03:56.134+0300] {logging_mixin.py:188} INFO - [2025-07-13T23:03:56.134+0300] {dag.py:3954} INFO - Setting next_dagrun for tutorial_dag to None, run_after=None
[2025-07-13T23:03:56.198+0300] {processor.py:183} INFO - Processing /home/wal/.pyenv/versions/3.12.0/lib/python3.12/site-packages/airflow/example_dags/tutorial_dag.py took 0.221 seconds
[2025-07-13T23:05:07.815+0300] {processor.py:161} INFO - Started process (PID=4770) to work on /home/wal/.pyenv/versions/3.12.0/lib/python3.12/site-packages/airflow/example_dags/tutorial_dag.py
[2025-07-13T23:05:07.821+0300] {processor.py:830} INFO - Processing file /home/wal/.pyenv/versions/3.12.0/lib/python3.12/site-packages/airflow/example_dags/tutorial_dag.py for tasks to queue
[2025-07-13T23:05:07.824+0300] {logging_mixin.py:188} INFO - [2025-07-13T23:05:07.823+0300] {dagbag.py:545} INFO - Filling up the DagBag from /home/wal/.pyenv/versions/3.12.0/lib/python3.12/site-packages/airflow/example_dags/tutorial_dag.py
[2025-07-13T23:05:07.832+0300] {processor.py:840} INFO - DAG(s) 'tutorial_dag' retrieved from /home/wal/.pyenv/versions/3.12.0/lib/python3.12/site-packages/airflow/example_dags/tutorial_dag.py
[2025-07-13T23:05:07.859+0300] {logging_mixin.py:188} INFO - [2025-07-13T23:05:07.858+0300] {dag.py:3096} INFO - Sync 1 DAGs
[2025-07-13T23:05:07.879+0300] {logging_mixin.py:188} INFO - [2025-07-13T23:05:07.879+0300] {dag.py:3954} INFO - Setting next_dagrun for tutorial_dag to None, run_after=None
[2025-07-13T23:05:07.918+0300] {processor.py:183} INFO - Processing /home/wal/.pyenv/versions/3.12.0/lib/python3.12/site-packages/airflow/example_dags/tutorial_dag.py took 0.113 seconds
[2025-07-13T23:06:42.487+0300] {processor.py:161} INFO - Started process (PID=4831) to work on /home/wal/.pyenv/versions/3.12.0/lib/python3.12/site-packages/airflow/example_dags/tutorial_dag.py
[2025-07-13T23:06:42.490+0300] {processor.py:830} INFO - Processing file /home/wal/.pyenv/versions/3.12.0/lib/python3.12/site-packages/airflow/example_dags/tutorial_dag.py for tasks to queue
[2025-07-13T23:06:42.496+0300] {logging_mixin.py:188} INFO - [2025-07-13T23:06:42.494+0300] {dagbag.py:545} INFO - Filling up the DagBag from /home/wal/.pyenv/versions/3.12.0/lib/python3.12/site-packages/airflow/example_dags/tutorial_dag.py
[2025-07-13T23:06:42.511+0300] {processor.py:840} INFO - DAG(s) 'tutorial_dag' retrieved from /home/wal/.pyenv/versions/3.12.0/lib/python3.12/site-packages/airflow/example_dags/tutorial_dag.py
[2025-07-13T23:06:42.551+0300] {logging_mixin.py:188} INFO - [2025-07-13T23:06:42.549+0300] {dag.py:3096} INFO - Sync 1 DAGs
[2025-07-13T23:06:42.579+0300] {logging_mixin.py:188} INFO - [2025-07-13T23:06:42.579+0300] {dag.py:3954} INFO - Setting next_dagrun for tutorial_dag to None, run_after=None
[2025-07-13T23:06:42.639+0300] {processor.py:183} INFO - Processing /home/wal/.pyenv/versions/3.12.0/lib/python3.12/site-packages/airflow/example_dags/tutorial_dag.py took 0.178 seconds
[2025-07-13T23:07:28.584+0300] {processor.py:161} INFO - Started process (PID=4869) to work on /home/wal/.pyenv/versions/3.12.0/lib/python3.12/site-packages/airflow/example_dags/tutorial_dag.py
[2025-07-13T23:07:28.587+0300] {processor.py:830} INFO - Processing file /home/wal/.pyenv/versions/3.12.0/lib/python3.12/site-packages/airflow/example_dags/tutorial_dag.py for tasks to queue
[2025-07-13T23:07:28.598+0300] {logging_mixin.py:188} INFO - [2025-07-13T23:07:28.597+0300] {dagbag.py:545} INFO - Filling up the DagBag from /home/wal/.pyenv/versions/3.12.0/lib/python3.12/site-packages/airflow/example_dags/tutorial_dag.py
[2025-07-13T23:07:28.617+0300] {processor.py:840} INFO - DAG(s) 'tutorial_dag' retrieved from /home/wal/.pyenv/versions/3.12.0/lib/python3.12/site-packages/airflow/example_dags/tutorial_dag.py
[2025-07-13T23:07:28.676+0300] {logging_mixin.py:188} INFO - [2025-07-13T23:07:28.676+0300] {dag.py:3096} INFO - Sync 1 DAGs
[2025-07-13T23:07:28.701+0300] {logging_mixin.py:188} INFO - [2025-07-13T23:07:28.701+0300] {dag.py:3954} INFO - Setting next_dagrun for tutorial_dag to None, run_after=None
[2025-07-13T23:07:28.741+0300] {processor.py:183} INFO - Processing /home/wal/.pyenv/versions/3.12.0/lib/python3.12/site-packages/airflow/example_dags/tutorial_dag.py took 0.177 seconds
[2025-07-13T23:08:30.740+0300] {processor.py:161} INFO - Started process (PID=4922) to work on /home/wal/.pyenv/versions/3.12.0/lib/python3.12/site-packages/airflow/example_dags/tutorial_dag.py
[2025-07-13T23:08:30.746+0300] {processor.py:830} INFO - Processing file /home/wal/.pyenv/versions/3.12.0/lib/python3.12/site-packages/airflow/example_dags/tutorial_dag.py for tasks to queue
[2025-07-13T23:08:30.748+0300] {logging_mixin.py:188} INFO - [2025-07-13T23:08:30.747+0300] {dagbag.py:545} INFO - Filling up the DagBag from /home/wal/.pyenv/versions/3.12.0/lib/python3.12/site-packages/airflow/example_dags/tutorial_dag.py
[2025-07-13T23:08:30.756+0300] {processor.py:840} INFO - DAG(s) 'tutorial_dag' retrieved from /home/wal/.pyenv/versions/3.12.0/lib/python3.12/site-packages/airflow/example_dags/tutorial_dag.py
[2025-07-13T23:08:30.777+0300] {logging_mixin.py:188} INFO - [2025-07-13T23:08:30.777+0300] {dag.py:3096} INFO - Sync 1 DAGs
[2025-07-13T23:08:30.792+0300] {logging_mixin.py:188} INFO - [2025-07-13T23:08:30.792+0300] {dag.py:3954} INFO - Setting next_dagrun for tutorial_dag to None, run_after=None
[2025-07-13T23:08:30.822+0300] {processor.py:183} INFO - Processing /home/wal/.pyenv/versions/3.12.0/lib/python3.12/site-packages/airflow/example_dags/tutorial_dag.py took 0.090 seconds
[2025-07-13T23:09:34.298+0300] {processor.py:161} INFO - Started process (PID=4977) to work on /home/wal/.pyenv/versions/3.12.0/lib/python3.12/site-packages/airflow/example_dags/tutorial_dag.py
[2025-07-13T23:09:34.299+0300] {processor.py:830} INFO - Processing file /home/wal/.pyenv/versions/3.12.0/lib/python3.12/site-packages/airflow/example_dags/tutorial_dag.py for tasks to queue
[2025-07-13T23:09:34.301+0300] {logging_mixin.py:188} INFO - [2025-07-13T23:09:34.301+0300] {dagbag.py:545} INFO - Filling up the DagBag from /home/wal/.pyenv/versions/3.12.0/lib/python3.12/site-packages/airflow/example_dags/tutorial_dag.py
[2025-07-13T23:09:34.309+0300] {processor.py:840} INFO - DAG(s) 'tutorial_dag' retrieved from /home/wal/.pyenv/versions/3.12.0/lib/python3.12/site-packages/airflow/example_dags/tutorial_dag.py
[2025-07-13T23:09:34.330+0300] {logging_mixin.py:188} INFO - [2025-07-13T23:09:34.329+0300] {dag.py:3096} INFO - Sync 1 DAGs
[2025-07-13T23:09:34.346+0300] {logging_mixin.py:188} INFO - [2025-07-13T23:09:34.346+0300] {dag.py:3954} INFO - Setting next_dagrun for tutorial_dag to None, run_after=None
[2025-07-13T23:09:34.379+0300] {processor.py:183} INFO - Processing /home/wal/.pyenv/versions/3.12.0/lib/python3.12/site-packages/airflow/example_dags/tutorial_dag.py took 0.088 seconds
[2025-07-13T23:10:40.749+0300] {processor.py:161} INFO - Started process (PID=5032) to work on /home/wal/.pyenv/versions/3.12.0/lib/python3.12/site-packages/airflow/example_dags/tutorial_dag.py
[2025-07-13T23:10:40.755+0300] {processor.py:830} INFO - Processing file /home/wal/.pyenv/versions/3.12.0/lib/python3.12/site-packages/airflow/example_dags/tutorial_dag.py for tasks to queue
[2025-07-13T23:10:40.757+0300] {logging_mixin.py:188} INFO - [2025-07-13T23:10:40.757+0300] {dagbag.py:545} INFO - Filling up the DagBag from /home/wal/.pyenv/versions/3.12.0/lib/python3.12/site-packages/airflow/example_dags/tutorial_dag.py
[2025-07-13T23:10:40.764+0300] {processor.py:840} INFO - DAG(s) 'tutorial_dag' retrieved from /home/wal/.pyenv/versions/3.12.0/lib/python3.12/site-packages/airflow/example_dags/tutorial_dag.py
[2025-07-13T23:10:40.783+0300] {logging_mixin.py:188} INFO - [2025-07-13T23:10:40.783+0300] {dag.py:3096} INFO - Sync 1 DAGs
[2025-07-13T23:10:40.796+0300] {logging_mixin.py:188} INFO - [2025-07-13T23:10:40.796+0300] {dag.py:3954} INFO - Setting next_dagrun for tutorial_dag to None, run_after=None
[2025-07-13T23:10:40.824+0300] {processor.py:183} INFO - Processing /home/wal/.pyenv/versions/3.12.0/lib/python3.12/site-packages/airflow/example_dags/tutorial_dag.py took 0.082 seconds
[2025-07-13T23:11:35.066+0300] {processor.py:161} INFO - Started process (PID=5082) to work on /home/wal/.pyenv/versions/3.12.0/lib/python3.12/site-packages/airflow/example_dags/tutorial_dag.py
[2025-07-13T23:11:35.072+0300] {processor.py:830} INFO - Processing file /home/wal/.pyenv/versions/3.12.0/lib/python3.12/site-packages/airflow/example_dags/tutorial_dag.py for tasks to queue
[2025-07-13T23:11:35.075+0300] {logging_mixin.py:188} INFO - [2025-07-13T23:11:35.074+0300] {dagbag.py:545} INFO - Filling up the DagBag from /home/wal/.pyenv/versions/3.12.0/lib/python3.12/site-packages/airflow/example_dags/tutorial_dag.py
[2025-07-13T23:11:35.084+0300] {processor.py:840} INFO - DAG(s) 'tutorial_dag' retrieved from /home/wal/.pyenv/versions/3.12.0/lib/python3.12/site-packages/airflow/example_dags/tutorial_dag.py
[2025-07-13T23:11:35.106+0300] {logging_mixin.py:188} INFO - [2025-07-13T23:11:35.105+0300] {dag.py:3096} INFO - Sync 1 DAGs
[2025-07-13T23:11:35.122+0300] {logging_mixin.py:188} INFO - [2025-07-13T23:11:35.121+0300] {dag.py:3954} INFO - Setting next_dagrun for tutorial_dag to None, run_after=None
[2025-07-13T23:11:35.150+0300] {processor.py:183} INFO - Processing /home/wal/.pyenv/versions/3.12.0/lib/python3.12/site-packages/airflow/example_dags/tutorial_dag.py took 0.094 seconds
[2025-07-13T23:12:31.761+0300] {processor.py:161} INFO - Started process (PID=5130) to work on /home/wal/.pyenv/versions/3.12.0/lib/python3.12/site-packages/airflow/example_dags/tutorial_dag.py
[2025-07-13T23:12:31.764+0300] {processor.py:830} INFO - Processing file /home/wal/.pyenv/versions/3.12.0/lib/python3.12/site-packages/airflow/example_dags/tutorial_dag.py for tasks to queue
[2025-07-13T23:12:31.768+0300] {logging_mixin.py:188} INFO - [2025-07-13T23:12:31.766+0300] {dagbag.py:545} INFO - Filling up the DagBag from /home/wal/.pyenv/versions/3.12.0/lib/python3.12/site-packages/airflow/example_dags/tutorial_dag.py
[2025-07-13T23:12:31.780+0300] {processor.py:840} INFO - DAG(s) 'tutorial_dag' retrieved from /home/wal/.pyenv/versions/3.12.0/lib/python3.12/site-packages/airflow/example_dags/tutorial_dag.py
[2025-07-13T23:12:31.821+0300] {logging_mixin.py:188} INFO - [2025-07-13T23:12:31.820+0300] {dag.py:3096} INFO - Sync 1 DAGs
[2025-07-13T23:12:31.852+0300] {logging_mixin.py:188} INFO - [2025-07-13T23:12:31.852+0300] {dag.py:3954} INFO - Setting next_dagrun for tutorial_dag to None, run_after=None
[2025-07-13T23:12:31.909+0300] {processor.py:183} INFO - Processing /home/wal/.pyenv/versions/3.12.0/lib/python3.12/site-packages/airflow/example_dags/tutorial_dag.py took 0.164 seconds
[2025-07-13T23:13:36.086+0300] {processor.py:161} INFO - Started process (PID=5192) to work on /home/wal/.pyenv/versions/3.12.0/lib/python3.12/site-packages/airflow/example_dags/tutorial_dag.py
[2025-07-13T23:13:36.088+0300] {processor.py:830} INFO - Processing file /home/wal/.pyenv/versions/3.12.0/lib/python3.12/site-packages/airflow/example_dags/tutorial_dag.py for tasks to queue
[2025-07-13T23:13:36.091+0300] {logging_mixin.py:188} INFO - [2025-07-13T23:13:36.091+0300] {dagbag.py:545} INFO - Filling up the DagBag from /home/wal/.pyenv/versions/3.12.0/lib/python3.12/site-packages/airflow/example_dags/tutorial_dag.py
[2025-07-13T23:13:36.098+0300] {processor.py:840} INFO - DAG(s) 'tutorial_dag' retrieved from /home/wal/.pyenv/versions/3.12.0/lib/python3.12/site-packages/airflow/example_dags/tutorial_dag.py
[2025-07-13T23:13:36.119+0300] {logging_mixin.py:188} INFO - [2025-07-13T23:13:36.119+0300] {dag.py:3096} INFO - Sync 1 DAGs
[2025-07-13T23:13:36.136+0300] {logging_mixin.py:188} INFO - [2025-07-13T23:13:36.135+0300] {dag.py:3954} INFO - Setting next_dagrun for tutorial_dag to None, run_after=None
[2025-07-13T23:13:36.198+0300] {processor.py:183} INFO - Processing /home/wal/.pyenv/versions/3.12.0/lib/python3.12/site-packages/airflow/example_dags/tutorial_dag.py took 0.121 seconds
[2025-07-13T23:14:35.263+0300] {processor.py:161} INFO - Started process (PID=5256) to work on /home/wal/.pyenv/versions/3.12.0/lib/python3.12/site-packages/airflow/example_dags/tutorial_dag.py
[2025-07-13T23:14:35.269+0300] {processor.py:830} INFO - Processing file /home/wal/.pyenv/versions/3.12.0/lib/python3.12/site-packages/airflow/example_dags/tutorial_dag.py for tasks to queue
[2025-07-13T23:14:35.271+0300] {logging_mixin.py:188} INFO - [2025-07-13T23:14:35.270+0300] {dagbag.py:545} INFO - Filling up the DagBag from /home/wal/.pyenv/versions/3.12.0/lib/python3.12/site-packages/airflow/example_dags/tutorial_dag.py
[2025-07-13T23:14:35.277+0300] {processor.py:840} INFO - DAG(s) 'tutorial_dag' retrieved from /home/wal/.pyenv/versions/3.12.0/lib/python3.12/site-packages/airflow/example_dags/tutorial_dag.py
[2025-07-13T23:14:35.295+0300] {logging_mixin.py:188} INFO - [2025-07-13T23:14:35.295+0300] {dag.py:3096} INFO - Sync 1 DAGs
[2025-07-13T23:14:35.309+0300] {logging_mixin.py:188} INFO - [2025-07-13T23:14:35.309+0300] {dag.py:3954} INFO - Setting next_dagrun for tutorial_dag to None, run_after=None
[2025-07-13T23:14:35.337+0300] {processor.py:183} INFO - Processing /home/wal/.pyenv/versions/3.12.0/lib/python3.12/site-packages/airflow/example_dags/tutorial_dag.py took 0.082 seconds
[2025-07-13T23:15:24.095+0300] {processor.py:161} INFO - Started process (PID=5308) to work on /home/wal/.pyenv/versions/3.12.0/lib/python3.12/site-packages/airflow/example_dags/tutorial_dag.py
[2025-07-13T23:15:24.102+0300] {processor.py:830} INFO - Processing file /home/wal/.pyenv/versions/3.12.0/lib/python3.12/site-packages/airflow/example_dags/tutorial_dag.py for tasks to queue
[2025-07-13T23:15:24.109+0300] {logging_mixin.py:188} INFO - [2025-07-13T23:15:24.108+0300] {dagbag.py:545} INFO - Filling up the DagBag from /home/wal/.pyenv/versions/3.12.0/lib/python3.12/site-packages/airflow/example_dags/tutorial_dag.py
[2025-07-13T23:15:24.126+0300] {processor.py:840} INFO - DAG(s) 'tutorial_dag' retrieved from /home/wal/.pyenv/versions/3.12.0/lib/python3.12/site-packages/airflow/example_dags/tutorial_dag.py
[2025-07-13T23:15:24.166+0300] {logging_mixin.py:188} INFO - [2025-07-13T23:15:24.165+0300] {dag.py:3096} INFO - Sync 1 DAGs
[2025-07-13T23:15:24.219+0300] {logging_mixin.py:188} INFO - [2025-07-13T23:15:24.219+0300] {dag.py:3954} INFO - Setting next_dagrun for tutorial_dag to None, run_after=None
[2025-07-13T23:15:24.342+0300] {processor.py:183} INFO - Processing /home/wal/.pyenv/versions/3.12.0/lib/python3.12/site-packages/airflow/example_dags/tutorial_dag.py took 0.268 seconds
[2025-07-13T23:16:19.309+0300] {processor.py:161} INFO - Started process (PID=5356) to work on /home/wal/.pyenv/versions/3.12.0/lib/python3.12/site-packages/airflow/example_dags/tutorial_dag.py
[2025-07-13T23:16:19.311+0300] {processor.py:830} INFO - Processing file /home/wal/.pyenv/versions/3.12.0/lib/python3.12/site-packages/airflow/example_dags/tutorial_dag.py for tasks to queue
[2025-07-13T23:16:19.314+0300] {logging_mixin.py:188} INFO - [2025-07-13T23:16:19.313+0300] {dagbag.py:545} INFO - Filling up the DagBag from /home/wal/.pyenv/versions/3.12.0/lib/python3.12/site-packages/airflow/example_dags/tutorial_dag.py
[2025-07-13T23:16:19.321+0300] {processor.py:840} INFO - DAG(s) 'tutorial_dag' retrieved from /home/wal/.pyenv/versions/3.12.0/lib/python3.12/site-packages/airflow/example_dags/tutorial_dag.py
[2025-07-13T23:16:19.349+0300] {logging_mixin.py:188} INFO - [2025-07-13T23:16:19.349+0300] {dag.py:3096} INFO - Sync 1 DAGs
[2025-07-13T23:16:19.368+0300] {logging_mixin.py:188} INFO - [2025-07-13T23:16:19.367+0300] {dag.py:3954} INFO - Setting next_dagrun for tutorial_dag to None, run_after=None
[2025-07-13T23:16:19.401+0300] {processor.py:183} INFO - Processing /home/wal/.pyenv/versions/3.12.0/lib/python3.12/site-packages/airflow/example_dags/tutorial_dag.py took 0.101 seconds
[2025-07-13T23:17:06.223+0300] {processor.py:161} INFO - Started process (PID=5397) to work on /home/wal/.pyenv/versions/3.12.0/lib/python3.12/site-packages/airflow/example_dags/tutorial_dag.py
[2025-07-13T23:17:06.226+0300] {processor.py:830} INFO - Processing file /home/wal/.pyenv/versions/3.12.0/lib/python3.12/site-packages/airflow/example_dags/tutorial_dag.py for tasks to queue
[2025-07-13T23:17:06.230+0300] {logging_mixin.py:188} INFO - [2025-07-13T23:17:06.229+0300] {dagbag.py:545} INFO - Filling up the DagBag from /home/wal/.pyenv/versions/3.12.0/lib/python3.12/site-packages/airflow/example_dags/tutorial_dag.py
[2025-07-13T23:17:06.248+0300] {processor.py:840} INFO - DAG(s) 'tutorial_dag' retrieved from /home/wal/.pyenv/versions/3.12.0/lib/python3.12/site-packages/airflow/example_dags/tutorial_dag.py
[2025-07-13T23:17:06.300+0300] {logging_mixin.py:188} INFO - [2025-07-13T23:17:06.299+0300] {dag.py:3096} INFO - Sync 1 DAGs
[2025-07-13T23:17:06.343+0300] {logging_mixin.py:188} INFO - [2025-07-13T23:17:06.342+0300] {dag.py:3954} INFO - Setting next_dagrun for tutorial_dag to None, run_after=None
[2025-07-13T23:17:06.404+0300] {processor.py:183} INFO - Processing /home/wal/.pyenv/versions/3.12.0/lib/python3.12/site-packages/airflow/example_dags/tutorial_dag.py took 0.198 seconds
[2025-07-13T23:18:19.402+0300] {processor.py:161} INFO - Started process (PID=5455) to work on /home/wal/.pyenv/versions/3.12.0/lib/python3.12/site-packages/airflow/example_dags/tutorial_dag.py
[2025-07-13T23:18:19.409+0300] {processor.py:830} INFO - Processing file /home/wal/.pyenv/versions/3.12.0/lib/python3.12/site-packages/airflow/example_dags/tutorial_dag.py for tasks to queue
[2025-07-13T23:18:19.411+0300] {logging_mixin.py:188} INFO - [2025-07-13T23:18:19.411+0300] {dagbag.py:545} INFO - Filling up the DagBag from /home/wal/.pyenv/versions/3.12.0/lib/python3.12/site-packages/airflow/example_dags/tutorial_dag.py
[2025-07-13T23:18:19.419+0300] {processor.py:840} INFO - DAG(s) 'tutorial_dag' retrieved from /home/wal/.pyenv/versions/3.12.0/lib/python3.12/site-packages/airflow/example_dags/tutorial_dag.py
[2025-07-13T23:18:19.440+0300] {logging_mixin.py:188} INFO - [2025-07-13T23:18:19.440+0300] {dag.py:3096} INFO - Sync 1 DAGs
[2025-07-13T23:18:19.455+0300] {logging_mixin.py:188} INFO - [2025-07-13T23:18:19.455+0300] {dag.py:3954} INFO - Setting next_dagrun for tutorial_dag to None, run_after=None
[2025-07-13T23:18:19.484+0300] {processor.py:183} INFO - Processing /home/wal/.pyenv/versions/3.12.0/lib/python3.12/site-packages/airflow/example_dags/tutorial_dag.py took 0.089 seconds
[2025-07-13T23:19:27.081+0300] {processor.py:161} INFO - Started process (PID=5511) to work on /home/wal/.pyenv/versions/3.12.0/lib/python3.12/site-packages/airflow/example_dags/tutorial_dag.py
[2025-07-13T23:19:27.088+0300] {processor.py:830} INFO - Processing file /home/wal/.pyenv/versions/3.12.0/lib/python3.12/site-packages/airflow/example_dags/tutorial_dag.py for tasks to queue
[2025-07-13T23:19:27.093+0300] {logging_mixin.py:188} INFO - [2025-07-13T23:19:27.091+0300] {dagbag.py:545} INFO - Filling up the DagBag from /home/wal/.pyenv/versions/3.12.0/lib/python3.12/site-packages/airflow/example_dags/tutorial_dag.py
[2025-07-13T23:19:27.117+0300] {processor.py:840} INFO - DAG(s) 'tutorial_dag' retrieved from /home/wal/.pyenv/versions/3.12.0/lib/python3.12/site-packages/airflow/example_dags/tutorial_dag.py
[2025-07-13T23:19:27.177+0300] {logging_mixin.py:188} INFO - [2025-07-13T23:19:27.177+0300] {dag.py:3096} INFO - Sync 1 DAGs
[2025-07-13T23:19:27.205+0300] {logging_mixin.py:188} INFO - [2025-07-13T23:19:27.204+0300] {dag.py:3954} INFO - Setting next_dagrun for tutorial_dag to None, run_after=None
[2025-07-13T23:19:27.263+0300] {processor.py:183} INFO - Processing /home/wal/.pyenv/versions/3.12.0/lib/python3.12/site-packages/airflow/example_dags/tutorial_dag.py took 0.200 seconds
[2025-07-13T23:20:25.575+0300] {processor.py:161} INFO - Started process (PID=5564) to work on /home/wal/.pyenv/versions/3.12.0/lib/python3.12/site-packages/airflow/example_dags/tutorial_dag.py
[2025-07-13T23:20:25.581+0300] {processor.py:830} INFO - Processing file /home/wal/.pyenv/versions/3.12.0/lib/python3.12/site-packages/airflow/example_dags/tutorial_dag.py for tasks to queue
[2025-07-13T23:20:25.583+0300] {logging_mixin.py:188} INFO - [2025-07-13T23:20:25.583+0300] {dagbag.py:545} INFO - Filling up the DagBag from /home/wal/.pyenv/versions/3.12.0/lib/python3.12/site-packages/airflow/example_dags/tutorial_dag.py
[2025-07-13T23:20:25.591+0300] {processor.py:840} INFO - DAG(s) 'tutorial_dag' retrieved from /home/wal/.pyenv/versions/3.12.0/lib/python3.12/site-packages/airflow/example_dags/tutorial_dag.py
[2025-07-13T23:20:25.623+0300] {logging_mixin.py:188} INFO - [2025-07-13T23:20:25.622+0300] {dag.py:3096} INFO - Sync 1 DAGs
[2025-07-13T23:20:25.653+0300] {logging_mixin.py:188} INFO - [2025-07-13T23:20:25.652+0300] {dag.py:3954} INFO - Setting next_dagrun for tutorial_dag to None, run_after=None
[2025-07-13T23:20:25.683+0300] {processor.py:183} INFO - Processing /home/wal/.pyenv/versions/3.12.0/lib/python3.12/site-packages/airflow/example_dags/tutorial_dag.py took 0.118 seconds
[2025-07-13T23:21:28.629+0300] {processor.py:161} INFO - Started process (PID=5618) to work on /home/wal/.pyenv/versions/3.12.0/lib/python3.12/site-packages/airflow/example_dags/tutorial_dag.py
[2025-07-13T23:21:28.634+0300] {processor.py:830} INFO - Processing file /home/wal/.pyenv/versions/3.12.0/lib/python3.12/site-packages/airflow/example_dags/tutorial_dag.py for tasks to queue
[2025-07-13T23:21:28.644+0300] {logging_mixin.py:188} INFO - [2025-07-13T23:21:28.642+0300] {dagbag.py:545} INFO - Filling up the DagBag from /home/wal/.pyenv/versions/3.12.0/lib/python3.12/site-packages/airflow/example_dags/tutorial_dag.py
[2025-07-13T23:21:28.667+0300] {processor.py:840} INFO - DAG(s) 'tutorial_dag' retrieved from /home/wal/.pyenv/versions/3.12.0/lib/python3.12/site-packages/airflow/example_dags/tutorial_dag.py
[2025-07-13T23:21:28.762+0300] {logging_mixin.py:188} INFO - [2025-07-13T23:21:28.762+0300] {dag.py:3096} INFO - Sync 1 DAGs
[2025-07-13T23:21:28.816+0300] {logging_mixin.py:188} INFO - [2025-07-13T23:21:28.811+0300] {dag.py:3954} INFO - Setting next_dagrun for tutorial_dag to None, run_after=None
[2025-07-13T23:21:28.895+0300] {processor.py:183} INFO - Processing /home/wal/.pyenv/versions/3.12.0/lib/python3.12/site-packages/airflow/example_dags/tutorial_dag.py took 0.298 seconds
[2025-07-13T23:22:39.281+0300] {processor.py:161} INFO - Started process (PID=5674) to work on /home/wal/.pyenv/versions/3.12.0/lib/python3.12/site-packages/airflow/example_dags/tutorial_dag.py
[2025-07-13T23:22:39.284+0300] {processor.py:830} INFO - Processing file /home/wal/.pyenv/versions/3.12.0/lib/python3.12/site-packages/airflow/example_dags/tutorial_dag.py for tasks to queue
[2025-07-13T23:22:39.288+0300] {logging_mixin.py:188} INFO - [2025-07-13T23:22:39.287+0300] {dagbag.py:545} INFO - Filling up the DagBag from /home/wal/.pyenv/versions/3.12.0/lib/python3.12/site-packages/airflow/example_dags/tutorial_dag.py
[2025-07-13T23:22:39.304+0300] {processor.py:840} INFO - DAG(s) 'tutorial_dag' retrieved from /home/wal/.pyenv/versions/3.12.0/lib/python3.12/site-packages/airflow/example_dags/tutorial_dag.py
[2025-07-13T23:22:39.350+0300] {logging_mixin.py:188} INFO - [2025-07-13T23:22:39.349+0300] {dag.py:3096} INFO - Sync 1 DAGs
[2025-07-13T23:22:39.383+0300] {logging_mixin.py:188} INFO - [2025-07-13T23:22:39.382+0300] {dag.py:3954} INFO - Setting next_dagrun for tutorial_dag to None, run_after=None
[2025-07-13T23:22:39.434+0300] {processor.py:183} INFO - Processing /home/wal/.pyenv/versions/3.12.0/lib/python3.12/site-packages/airflow/example_dags/tutorial_dag.py took 0.186 seconds
[2025-07-13T23:23:52.811+0300] {processor.py:161} INFO - Started process (PID=5731) to work on /home/wal/.pyenv/versions/3.12.0/lib/python3.12/site-packages/airflow/example_dags/tutorial_dag.py
[2025-07-13T23:23:52.818+0300] {processor.py:830} INFO - Processing file /home/wal/.pyenv/versions/3.12.0/lib/python3.12/site-packages/airflow/example_dags/tutorial_dag.py for tasks to queue
[2025-07-13T23:23:52.827+0300] {logging_mixin.py:188} INFO - [2025-07-13T23:23:52.823+0300] {dagbag.py:545} INFO - Filling up the DagBag from /home/wal/.pyenv/versions/3.12.0/lib/python3.12/site-packages/airflow/example_dags/tutorial_dag.py
[2025-07-13T23:23:52.855+0300] {processor.py:840} INFO - DAG(s) 'tutorial_dag' retrieved from /home/wal/.pyenv/versions/3.12.0/lib/python3.12/site-packages/airflow/example_dags/tutorial_dag.py
[2025-07-13T23:23:52.920+0300] {logging_mixin.py:188} INFO - [2025-07-13T23:23:52.919+0300] {dag.py:3096} INFO - Sync 1 DAGs
[2025-07-13T23:23:52.980+0300] {logging_mixin.py:188} INFO - [2025-07-13T23:23:52.980+0300] {dag.py:3954} INFO - Setting next_dagrun for tutorial_dag to None, run_after=None
[2025-07-13T23:23:53.132+0300] {processor.py:183} INFO - Processing /home/wal/.pyenv/versions/3.12.0/lib/python3.12/site-packages/airflow/example_dags/tutorial_dag.py took 0.357 seconds
[2025-07-13T23:24:43.244+0300] {processor.py:161} INFO - Started process (PID=5762) to work on /home/wal/.pyenv/versions/3.12.0/lib/python3.12/site-packages/airflow/example_dags/tutorial_dag.py
[2025-07-13T23:24:43.247+0300] {processor.py:830} INFO - Processing file /home/wal/.pyenv/versions/3.12.0/lib/python3.12/site-packages/airflow/example_dags/tutorial_dag.py for tasks to queue
[2025-07-13T23:24:43.259+0300] {logging_mixin.py:188} INFO - [2025-07-13T23:24:43.259+0300] {dagbag.py:545} INFO - Filling up the DagBag from /home/wal/.pyenv/versions/3.12.0/lib/python3.12/site-packages/airflow/example_dags/tutorial_dag.py
[2025-07-13T23:24:43.307+0300] {processor.py:840} INFO - DAG(s) 'tutorial_dag' retrieved from /home/wal/.pyenv/versions/3.12.0/lib/python3.12/site-packages/airflow/example_dags/tutorial_dag.py
[2025-07-13T23:24:43.443+0300] {logging_mixin.py:188} INFO - [2025-07-13T23:24:43.442+0300] {dag.py:3096} INFO - Sync 1 DAGs
[2025-07-13T23:24:43.522+0300] {logging_mixin.py:188} INFO - [2025-07-13T23:24:43.520+0300] {dag.py:3954} INFO - Setting next_dagrun for tutorial_dag to None, run_after=None
[2025-07-13T23:24:43.686+0300] {processor.py:183} INFO - Processing /home/wal/.pyenv/versions/3.12.0/lib/python3.12/site-packages/airflow/example_dags/tutorial_dag.py took 0.488 seconds
[2025-07-13T23:25:48.582+0300] {processor.py:161} INFO - Started process (PID=5801) to work on /home/wal/.pyenv/versions/3.12.0/lib/python3.12/site-packages/airflow/example_dags/tutorial_dag.py
[2025-07-13T23:25:48.591+0300] {processor.py:830} INFO - Processing file /home/wal/.pyenv/versions/3.12.0/lib/python3.12/site-packages/airflow/example_dags/tutorial_dag.py for tasks to queue
[2025-07-13T23:25:48.600+0300] {logging_mixin.py:188} INFO - [2025-07-13T23:25:48.599+0300] {dagbag.py:545} INFO - Filling up the DagBag from /home/wal/.pyenv/versions/3.12.0/lib/python3.12/site-packages/airflow/example_dags/tutorial_dag.py
[2025-07-13T23:25:48.649+0300] {processor.py:840} INFO - DAG(s) 'tutorial_dag' retrieved from /home/wal/.pyenv/versions/3.12.0/lib/python3.12/site-packages/airflow/example_dags/tutorial_dag.py
[2025-07-13T23:25:48.742+0300] {logging_mixin.py:188} INFO - [2025-07-13T23:25:48.739+0300] {dag.py:3096} INFO - Sync 1 DAGs
[2025-07-13T23:25:48.830+0300] {logging_mixin.py:188} INFO - [2025-07-13T23:25:48.827+0300] {dag.py:3954} INFO - Setting next_dagrun for tutorial_dag to None, run_after=None
[2025-07-13T23:25:48.920+0300] {processor.py:183} INFO - Processing /home/wal/.pyenv/versions/3.12.0/lib/python3.12/site-packages/airflow/example_dags/tutorial_dag.py took 0.374 seconds
[2025-07-13T23:26:36.433+0300] {processor.py:161} INFO - Started process (PID=5839) to work on /home/wal/.pyenv/versions/3.12.0/lib/python3.12/site-packages/airflow/example_dags/tutorial_dag.py
[2025-07-13T23:26:36.441+0300] {processor.py:830} INFO - Processing file /home/wal/.pyenv/versions/3.12.0/lib/python3.12/site-packages/airflow/example_dags/tutorial_dag.py for tasks to queue
[2025-07-13T23:26:36.443+0300] {logging_mixin.py:188} INFO - [2025-07-13T23:26:36.442+0300] {dagbag.py:545} INFO - Filling up the DagBag from /home/wal/.pyenv/versions/3.12.0/lib/python3.12/site-packages/airflow/example_dags/tutorial_dag.py
[2025-07-13T23:26:36.453+0300] {processor.py:840} INFO - DAG(s) 'tutorial_dag' retrieved from /home/wal/.pyenv/versions/3.12.0/lib/python3.12/site-packages/airflow/example_dags/tutorial_dag.py
[2025-07-13T23:26:36.479+0300] {logging_mixin.py:188} INFO - [2025-07-13T23:26:36.479+0300] {dag.py:3096} INFO - Sync 1 DAGs
[2025-07-13T23:26:36.500+0300] {logging_mixin.py:188} INFO - [2025-07-13T23:26:36.499+0300] {dag.py:3954} INFO - Setting next_dagrun for tutorial_dag to None, run_after=None
[2025-07-13T23:26:36.539+0300] {processor.py:183} INFO - Processing /home/wal/.pyenv/versions/3.12.0/lib/python3.12/site-packages/airflow/example_dags/tutorial_dag.py took 0.115 seconds
[2025-07-13T23:27:45.351+0300] {processor.py:161} INFO - Started process (PID=5895) to work on /home/wal/.pyenv/versions/3.12.0/lib/python3.12/site-packages/airflow/example_dags/tutorial_dag.py
[2025-07-13T23:27:45.355+0300] {processor.py:830} INFO - Processing file /home/wal/.pyenv/versions/3.12.0/lib/python3.12/site-packages/airflow/example_dags/tutorial_dag.py for tasks to queue
[2025-07-13T23:27:45.361+0300] {logging_mixin.py:188} INFO - [2025-07-13T23:27:45.360+0300] {dagbag.py:545} INFO - Filling up the DagBag from /home/wal/.pyenv/versions/3.12.0/lib/python3.12/site-packages/airflow/example_dags/tutorial_dag.py
[2025-07-13T23:27:45.384+0300] {processor.py:840} INFO - DAG(s) 'tutorial_dag' retrieved from /home/wal/.pyenv/versions/3.12.0/lib/python3.12/site-packages/airflow/example_dags/tutorial_dag.py
[2025-07-13T23:27:45.437+0300] {logging_mixin.py:188} INFO - [2025-07-13T23:27:45.437+0300] {dag.py:3096} INFO - Sync 1 DAGs
[2025-07-13T23:27:45.484+0300] {logging_mixin.py:188} INFO - [2025-07-13T23:27:45.481+0300] {dag.py:3954} INFO - Setting next_dagrun for tutorial_dag to None, run_after=None
[2025-07-13T23:27:45.798+0300] {processor.py:183} INFO - Processing /home/wal/.pyenv/versions/3.12.0/lib/python3.12/site-packages/airflow/example_dags/tutorial_dag.py took 0.473 seconds
[2025-07-13T23:28:57.892+0300] {processor.py:161} INFO - Started process (PID=5953) to work on /home/wal/.pyenv/versions/3.12.0/lib/python3.12/site-packages/airflow/example_dags/tutorial_dag.py
[2025-07-13T23:28:57.900+0300] {processor.py:830} INFO - Processing file /home/wal/.pyenv/versions/3.12.0/lib/python3.12/site-packages/airflow/example_dags/tutorial_dag.py for tasks to queue
[2025-07-13T23:28:57.904+0300] {logging_mixin.py:188} INFO - [2025-07-13T23:28:57.903+0300] {dagbag.py:545} INFO - Filling up the DagBag from /home/wal/.pyenv/versions/3.12.0/lib/python3.12/site-packages/airflow/example_dags/tutorial_dag.py
[2025-07-13T23:28:57.916+0300] {processor.py:840} INFO - DAG(s) 'tutorial_dag' retrieved from /home/wal/.pyenv/versions/3.12.0/lib/python3.12/site-packages/airflow/example_dags/tutorial_dag.py
[2025-07-13T23:28:57.944+0300] {logging_mixin.py:188} INFO - [2025-07-13T23:28:57.943+0300] {dag.py:3096} INFO - Sync 1 DAGs
[2025-07-13T23:28:57.964+0300] {logging_mixin.py:188} INFO - [2025-07-13T23:28:57.963+0300] {dag.py:3954} INFO - Setting next_dagrun for tutorial_dag to None, run_after=None
[2025-07-13T23:28:57.996+0300] {processor.py:183} INFO - Processing /home/wal/.pyenv/versions/3.12.0/lib/python3.12/site-packages/airflow/example_dags/tutorial_dag.py took 0.115 seconds
[2025-07-13T23:30:00.103+0300] {processor.py:161} INFO - Started process (PID=6006) to work on /home/wal/.pyenv/versions/3.12.0/lib/python3.12/site-packages/airflow/example_dags/tutorial_dag.py
[2025-07-13T23:30:00.105+0300] {processor.py:830} INFO - Processing file /home/wal/.pyenv/versions/3.12.0/lib/python3.12/site-packages/airflow/example_dags/tutorial_dag.py for tasks to queue
[2025-07-13T23:30:00.112+0300] {logging_mixin.py:188} INFO - [2025-07-13T23:30:00.111+0300] {dagbag.py:545} INFO - Filling up the DagBag from /home/wal/.pyenv/versions/3.12.0/lib/python3.12/site-packages/airflow/example_dags/tutorial_dag.py
[2025-07-13T23:30:00.121+0300] {processor.py:840} INFO - DAG(s) 'tutorial_dag' retrieved from /home/wal/.pyenv/versions/3.12.0/lib/python3.12/site-packages/airflow/example_dags/tutorial_dag.py
[2025-07-13T23:30:00.153+0300] {logging_mixin.py:188} INFO - [2025-07-13T23:30:00.153+0300] {dag.py:3096} INFO - Sync 1 DAGs
[2025-07-13T23:30:00.178+0300] {logging_mixin.py:188} INFO - [2025-07-13T23:30:00.178+0300] {dag.py:3954} INFO - Setting next_dagrun for tutorial_dag to None, run_after=None
[2025-07-13T23:30:00.212+0300] {processor.py:183} INFO - Processing /home/wal/.pyenv/versions/3.12.0/lib/python3.12/site-packages/airflow/example_dags/tutorial_dag.py took 0.119 seconds
[2025-07-13T23:31:00.609+0300] {processor.py:161} INFO - Started process (PID=6059) to work on /home/wal/.pyenv/versions/3.12.0/lib/python3.12/site-packages/airflow/example_dags/tutorial_dag.py
[2025-07-13T23:31:00.612+0300] {processor.py:830} INFO - Processing file /home/wal/.pyenv/versions/3.12.0/lib/python3.12/site-packages/airflow/example_dags/tutorial_dag.py for tasks to queue
[2025-07-13T23:31:00.622+0300] {logging_mixin.py:188} INFO - [2025-07-13T23:31:00.620+0300] {dagbag.py:545} INFO - Filling up the DagBag from /home/wal/.pyenv/versions/3.12.0/lib/python3.12/site-packages/airflow/example_dags/tutorial_dag.py
[2025-07-13T23:31:00.637+0300] {processor.py:840} INFO - DAG(s) 'tutorial_dag' retrieved from /home/wal/.pyenv/versions/3.12.0/lib/python3.12/site-packages/airflow/example_dags/tutorial_dag.py
[2025-07-13T23:31:00.682+0300] {logging_mixin.py:188} INFO - [2025-07-13T23:31:00.681+0300] {dag.py:3096} INFO - Sync 1 DAGs
[2025-07-13T23:31:00.710+0300] {logging_mixin.py:188} INFO - [2025-07-13T23:31:00.708+0300] {dag.py:3954} INFO - Setting next_dagrun for tutorial_dag to None, run_after=None
[2025-07-13T23:31:00.753+0300] {processor.py:183} INFO - Processing /home/wal/.pyenv/versions/3.12.0/lib/python3.12/site-packages/airflow/example_dags/tutorial_dag.py took 0.164 seconds
[2025-07-13T23:31:57.417+0300] {processor.py:161} INFO - Started process (PID=6111) to work on /home/wal/.pyenv/versions/3.12.0/lib/python3.12/site-packages/airflow/example_dags/tutorial_dag.py
[2025-07-13T23:31:57.420+0300] {processor.py:830} INFO - Processing file /home/wal/.pyenv/versions/3.12.0/lib/python3.12/site-packages/airflow/example_dags/tutorial_dag.py for tasks to queue
[2025-07-13T23:31:57.426+0300] {logging_mixin.py:188} INFO - [2025-07-13T23:31:57.425+0300] {dagbag.py:545} INFO - Filling up the DagBag from /home/wal/.pyenv/versions/3.12.0/lib/python3.12/site-packages/airflow/example_dags/tutorial_dag.py
[2025-07-13T23:31:57.435+0300] {processor.py:840} INFO - DAG(s) 'tutorial_dag' retrieved from /home/wal/.pyenv/versions/3.12.0/lib/python3.12/site-packages/airflow/example_dags/tutorial_dag.py
[2025-07-13T23:31:57.466+0300] {logging_mixin.py:188} INFO - [2025-07-13T23:31:57.465+0300] {dag.py:3096} INFO - Sync 1 DAGs
[2025-07-13T23:31:57.491+0300] {logging_mixin.py:188} INFO - [2025-07-13T23:31:57.491+0300] {dag.py:3954} INFO - Setting next_dagrun for tutorial_dag to None, run_after=None
[2025-07-13T23:31:57.530+0300] {processor.py:183} INFO - Processing /home/wal/.pyenv/versions/3.12.0/lib/python3.12/site-packages/airflow/example_dags/tutorial_dag.py took 0.121 seconds
[2025-07-13T23:33:01.034+0300] {processor.py:161} INFO - Started process (PID=6165) to work on /home/wal/.pyenv/versions/3.12.0/lib/python3.12/site-packages/airflow/example_dags/tutorial_dag.py
[2025-07-13T23:33:01.039+0300] {processor.py:830} INFO - Processing file /home/wal/.pyenv/versions/3.12.0/lib/python3.12/site-packages/airflow/example_dags/tutorial_dag.py for tasks to queue
[2025-07-13T23:33:01.044+0300] {logging_mixin.py:188} INFO - [2025-07-13T23:33:01.043+0300] {dagbag.py:545} INFO - Filling up the DagBag from /home/wal/.pyenv/versions/3.12.0/lib/python3.12/site-packages/airflow/example_dags/tutorial_dag.py
[2025-07-13T23:33:01.059+0300] {processor.py:840} INFO - DAG(s) 'tutorial_dag' retrieved from /home/wal/.pyenv/versions/3.12.0/lib/python3.12/site-packages/airflow/example_dags/tutorial_dag.py
[2025-07-13T23:33:01.100+0300] {logging_mixin.py:188} INFO - [2025-07-13T23:33:01.099+0300] {dag.py:3096} INFO - Sync 1 DAGs
[2025-07-13T23:33:01.131+0300] {logging_mixin.py:188} INFO - [2025-07-13T23:33:01.131+0300] {dag.py:3954} INFO - Setting next_dagrun for tutorial_dag to None, run_after=None
[2025-07-13T23:33:01.194+0300] {processor.py:183} INFO - Processing /home/wal/.pyenv/versions/3.12.0/lib/python3.12/site-packages/airflow/example_dags/tutorial_dag.py took 0.177 seconds
[2025-07-13T23:34:02.720+0300] {processor.py:161} INFO - Started process (PID=6219) to work on /home/wal/.pyenv/versions/3.12.0/lib/python3.12/site-packages/airflow/example_dags/tutorial_dag.py
[2025-07-13T23:34:02.728+0300] {processor.py:830} INFO - Processing file /home/wal/.pyenv/versions/3.12.0/lib/python3.12/site-packages/airflow/example_dags/tutorial_dag.py for tasks to queue
[2025-07-13T23:34:02.737+0300] {logging_mixin.py:188} INFO - [2025-07-13T23:34:02.735+0300] {dagbag.py:545} INFO - Filling up the DagBag from /home/wal/.pyenv/versions/3.12.0/lib/python3.12/site-packages/airflow/example_dags/tutorial_dag.py
[2025-07-13T23:34:02.765+0300] {processor.py:840} INFO - DAG(s) 'tutorial_dag' retrieved from /home/wal/.pyenv/versions/3.12.0/lib/python3.12/site-packages/airflow/example_dags/tutorial_dag.py
[2025-07-13T23:34:02.845+0300] {logging_mixin.py:188} INFO - [2025-07-13T23:34:02.844+0300] {dag.py:3096} INFO - Sync 1 DAGs
[2025-07-13T23:34:02.887+0300] {logging_mixin.py:188} INFO - [2025-07-13T23:34:02.887+0300] {dag.py:3954} INFO - Setting next_dagrun for tutorial_dag to None, run_after=None
[2025-07-13T23:34:03.011+0300] {processor.py:183} INFO - Processing /home/wal/.pyenv/versions/3.12.0/lib/python3.12/site-packages/airflow/example_dags/tutorial_dag.py took 0.328 seconds
[2025-07-13T23:35:21.044+0300] {processor.py:161} INFO - Started process (PID=6280) to work on /home/wal/.pyenv/versions/3.12.0/lib/python3.12/site-packages/airflow/example_dags/tutorial_dag.py
[2025-07-13T23:35:21.052+0300] {processor.py:830} INFO - Processing file /home/wal/.pyenv/versions/3.12.0/lib/python3.12/site-packages/airflow/example_dags/tutorial_dag.py for tasks to queue
[2025-07-13T23:35:21.060+0300] {logging_mixin.py:188} INFO - [2025-07-13T23:35:21.059+0300] {dagbag.py:545} INFO - Filling up the DagBag from /home/wal/.pyenv/versions/3.12.0/lib/python3.12/site-packages/airflow/example_dags/tutorial_dag.py
[2025-07-13T23:35:21.078+0300] {processor.py:840} INFO - DAG(s) 'tutorial_dag' retrieved from /home/wal/.pyenv/versions/3.12.0/lib/python3.12/site-packages/airflow/example_dags/tutorial_dag.py
[2025-07-13T23:35:21.109+0300] {logging_mixin.py:188} INFO - [2025-07-13T23:35:21.109+0300] {dag.py:3096} INFO - Sync 1 DAGs
[2025-07-13T23:35:21.131+0300] {logging_mixin.py:188} INFO - [2025-07-13T23:35:21.131+0300] {dag.py:3954} INFO - Setting next_dagrun for tutorial_dag to None, run_after=None
[2025-07-13T23:35:21.171+0300] {processor.py:183} INFO - Processing /home/wal/.pyenv/versions/3.12.0/lib/python3.12/site-packages/airflow/example_dags/tutorial_dag.py took 0.140 seconds
[2025-07-13T23:36:22.837+0300] {processor.py:161} INFO - Started process (PID=6335) to work on /home/wal/.pyenv/versions/3.12.0/lib/python3.12/site-packages/airflow/example_dags/tutorial_dag.py
[2025-07-13T23:36:22.842+0300] {processor.py:830} INFO - Processing file /home/wal/.pyenv/versions/3.12.0/lib/python3.12/site-packages/airflow/example_dags/tutorial_dag.py for tasks to queue
[2025-07-13T23:36:22.848+0300] {logging_mixin.py:188} INFO - [2025-07-13T23:36:22.848+0300] {dagbag.py:545} INFO - Filling up the DagBag from /home/wal/.pyenv/versions/3.12.0/lib/python3.12/site-packages/airflow/example_dags/tutorial_dag.py
[2025-07-13T23:36:22.856+0300] {processor.py:840} INFO - DAG(s) 'tutorial_dag' retrieved from /home/wal/.pyenv/versions/3.12.0/lib/python3.12/site-packages/airflow/example_dags/tutorial_dag.py
[2025-07-13T23:36:22.885+0300] {logging_mixin.py:188} INFO - [2025-07-13T23:36:22.884+0300] {dag.py:3096} INFO - Sync 1 DAGs
[2025-07-13T23:36:22.903+0300] {logging_mixin.py:188} INFO - [2025-07-13T23:36:22.902+0300] {dag.py:3954} INFO - Setting next_dagrun for tutorial_dag to None, run_after=None
[2025-07-13T23:36:22.937+0300] {processor.py:183} INFO - Processing /home/wal/.pyenv/versions/3.12.0/lib/python3.12/site-packages/airflow/example_dags/tutorial_dag.py took 0.107 seconds
[2025-07-13T23:37:20.238+0300] {processor.py:161} INFO - Started process (PID=6386) to work on /home/wal/.pyenv/versions/3.12.0/lib/python3.12/site-packages/airflow/example_dags/tutorial_dag.py
[2025-07-13T23:37:20.240+0300] {processor.py:830} INFO - Processing file /home/wal/.pyenv/versions/3.12.0/lib/python3.12/site-packages/airflow/example_dags/tutorial_dag.py for tasks to queue
[2025-07-13T23:37:20.242+0300] {logging_mixin.py:188} INFO - [2025-07-13T23:37:20.241+0300] {dagbag.py:545} INFO - Filling up the DagBag from /home/wal/.pyenv/versions/3.12.0/lib/python3.12/site-packages/airflow/example_dags/tutorial_dag.py
[2025-07-13T23:37:20.253+0300] {processor.py:840} INFO - DAG(s) 'tutorial_dag' retrieved from /home/wal/.pyenv/versions/3.12.0/lib/python3.12/site-packages/airflow/example_dags/tutorial_dag.py
[2025-07-13T23:37:20.281+0300] {logging_mixin.py:188} INFO - [2025-07-13T23:37:20.280+0300] {dag.py:3096} INFO - Sync 1 DAGs
[2025-07-13T23:37:20.309+0300] {logging_mixin.py:188} INFO - [2025-07-13T23:37:20.309+0300] {dag.py:3954} INFO - Setting next_dagrun for tutorial_dag to None, run_after=None
[2025-07-13T23:37:20.358+0300] {processor.py:183} INFO - Processing /home/wal/.pyenv/versions/3.12.0/lib/python3.12/site-packages/airflow/example_dags/tutorial_dag.py took 0.132 seconds
[2025-07-13T23:38:20.881+0300] {processor.py:161} INFO - Started process (PID=6438) to work on /home/wal/.pyenv/versions/3.12.0/lib/python3.12/site-packages/airflow/example_dags/tutorial_dag.py
[2025-07-13T23:38:20.883+0300] {processor.py:830} INFO - Processing file /home/wal/.pyenv/versions/3.12.0/lib/python3.12/site-packages/airflow/example_dags/tutorial_dag.py for tasks to queue
[2025-07-13T23:38:20.888+0300] {logging_mixin.py:188} INFO - [2025-07-13T23:38:20.887+0300] {dagbag.py:545} INFO - Filling up the DagBag from /home/wal/.pyenv/versions/3.12.0/lib/python3.12/site-packages/airflow/example_dags/tutorial_dag.py
[2025-07-13T23:38:20.896+0300] {processor.py:840} INFO - DAG(s) 'tutorial_dag' retrieved from /home/wal/.pyenv/versions/3.12.0/lib/python3.12/site-packages/airflow/example_dags/tutorial_dag.py
[2025-07-13T23:38:20.920+0300] {logging_mixin.py:188} INFO - [2025-07-13T23:38:20.920+0300] {dag.py:3096} INFO - Sync 1 DAGs
[2025-07-13T23:38:20.937+0300] {logging_mixin.py:188} INFO - [2025-07-13T23:38:20.937+0300] {dag.py:3954} INFO - Setting next_dagrun for tutorial_dag to None, run_after=None
[2025-07-13T23:38:20.968+0300] {processor.py:183} INFO - Processing /home/wal/.pyenv/versions/3.12.0/lib/python3.12/site-packages/airflow/example_dags/tutorial_dag.py took 0.098 seconds
[2025-07-13T23:39:19.039+0300] {processor.py:161} INFO - Started process (PID=6490) to work on /home/wal/.pyenv/versions/3.12.0/lib/python3.12/site-packages/airflow/example_dags/tutorial_dag.py
[2025-07-13T23:39:19.042+0300] {processor.py:830} INFO - Processing file /home/wal/.pyenv/versions/3.12.0/lib/python3.12/site-packages/airflow/example_dags/tutorial_dag.py for tasks to queue
[2025-07-13T23:39:19.048+0300] {logging_mixin.py:188} INFO - [2025-07-13T23:39:19.046+0300] {dagbag.py:545} INFO - Filling up the DagBag from /home/wal/.pyenv/versions/3.12.0/lib/python3.12/site-packages/airflow/example_dags/tutorial_dag.py
[2025-07-13T23:39:19.059+0300] {processor.py:840} INFO - DAG(s) 'tutorial_dag' retrieved from /home/wal/.pyenv/versions/3.12.0/lib/python3.12/site-packages/airflow/example_dags/tutorial_dag.py
[2025-07-13T23:39:19.091+0300] {logging_mixin.py:188} INFO - [2025-07-13T23:39:19.091+0300] {dag.py:3096} INFO - Sync 1 DAGs
[2025-07-13T23:39:19.120+0300] {logging_mixin.py:188} INFO - [2025-07-13T23:39:19.120+0300] {dag.py:3954} INFO - Setting next_dagrun for tutorial_dag to None, run_after=None
[2025-07-13T23:39:19.157+0300] {processor.py:183} INFO - Processing /home/wal/.pyenv/versions/3.12.0/lib/python3.12/site-packages/airflow/example_dags/tutorial_dag.py took 0.134 seconds
[2025-07-13T23:40:14.518+0300] {processor.py:161} INFO - Started process (PID=6541) to work on /home/wal/.pyenv/versions/3.12.0/lib/python3.12/site-packages/airflow/example_dags/tutorial_dag.py
[2025-07-13T23:40:14.525+0300] {processor.py:830} INFO - Processing file /home/wal/.pyenv/versions/3.12.0/lib/python3.12/site-packages/airflow/example_dags/tutorial_dag.py for tasks to queue
[2025-07-13T23:40:14.530+0300] {logging_mixin.py:188} INFO - [2025-07-13T23:40:14.529+0300] {dagbag.py:545} INFO - Filling up the DagBag from /home/wal/.pyenv/versions/3.12.0/lib/python3.12/site-packages/airflow/example_dags/tutorial_dag.py
[2025-07-13T23:40:14.538+0300] {processor.py:840} INFO - DAG(s) 'tutorial_dag' retrieved from /home/wal/.pyenv/versions/3.12.0/lib/python3.12/site-packages/airflow/example_dags/tutorial_dag.py
[2025-07-13T23:40:14.561+0300] {logging_mixin.py:188} INFO - [2025-07-13T23:40:14.560+0300] {dag.py:3096} INFO - Sync 1 DAGs
[2025-07-13T23:40:14.578+0300] {logging_mixin.py:188} INFO - [2025-07-13T23:40:14.577+0300] {dag.py:3954} INFO - Setting next_dagrun for tutorial_dag to None, run_after=None
[2025-07-13T23:40:14.606+0300] {processor.py:183} INFO - Processing /home/wal/.pyenv/versions/3.12.0/lib/python3.12/site-packages/airflow/example_dags/tutorial_dag.py took 0.098 seconds
[2025-07-13T23:41:06.233+0300] {processor.py:161} INFO - Started process (PID=6590) to work on /home/wal/.pyenv/versions/3.12.0/lib/python3.12/site-packages/airflow/example_dags/tutorial_dag.py
[2025-07-13T23:41:06.236+0300] {processor.py:830} INFO - Processing file /home/wal/.pyenv/versions/3.12.0/lib/python3.12/site-packages/airflow/example_dags/tutorial_dag.py for tasks to queue
[2025-07-13T23:41:06.246+0300] {logging_mixin.py:188} INFO - [2025-07-13T23:41:06.244+0300] {dagbag.py:545} INFO - Filling up the DagBag from /home/wal/.pyenv/versions/3.12.0/lib/python3.12/site-packages/airflow/example_dags/tutorial_dag.py
[2025-07-13T23:41:06.264+0300] {processor.py:840} INFO - DAG(s) 'tutorial_dag' retrieved from /home/wal/.pyenv/versions/3.12.0/lib/python3.12/site-packages/airflow/example_dags/tutorial_dag.py
[2025-07-13T23:41:06.297+0300] {logging_mixin.py:188} INFO - [2025-07-13T23:41:06.296+0300] {dag.py:3096} INFO - Sync 1 DAGs
[2025-07-13T23:41:06.313+0300] {logging_mixin.py:188} INFO - [2025-07-13T23:41:06.313+0300] {dag.py:3954} INFO - Setting next_dagrun for tutorial_dag to None, run_after=None
[2025-07-13T23:41:06.345+0300] {processor.py:183} INFO - Processing /home/wal/.pyenv/versions/3.12.0/lib/python3.12/site-packages/airflow/example_dags/tutorial_dag.py took 0.132 seconds
[2025-07-13T23:41:56.548+0300] {processor.py:161} INFO - Started process (PID=6638) to work on /home/wal/.pyenv/versions/3.12.0/lib/python3.12/site-packages/airflow/example_dags/tutorial_dag.py
[2025-07-13T23:41:56.555+0300] {processor.py:830} INFO - Processing file /home/wal/.pyenv/versions/3.12.0/lib/python3.12/site-packages/airflow/example_dags/tutorial_dag.py for tasks to queue
[2025-07-13T23:41:56.559+0300] {logging_mixin.py:188} INFO - [2025-07-13T23:41:56.559+0300] {dagbag.py:545} INFO - Filling up the DagBag from /home/wal/.pyenv/versions/3.12.0/lib/python3.12/site-packages/airflow/example_dags/tutorial_dag.py
[2025-07-13T23:41:56.567+0300] {processor.py:840} INFO - DAG(s) 'tutorial_dag' retrieved from /home/wal/.pyenv/versions/3.12.0/lib/python3.12/site-packages/airflow/example_dags/tutorial_dag.py
[2025-07-13T23:41:56.593+0300] {logging_mixin.py:188} INFO - [2025-07-13T23:41:56.592+0300] {dag.py:3096} INFO - Sync 1 DAGs
[2025-07-13T23:41:56.610+0300] {logging_mixin.py:188} INFO - [2025-07-13T23:41:56.609+0300] {dag.py:3954} INFO - Setting next_dagrun for tutorial_dag to None, run_after=None
[2025-07-13T23:41:56.643+0300] {processor.py:183} INFO - Processing /home/wal/.pyenv/versions/3.12.0/lib/python3.12/site-packages/airflow/example_dags/tutorial_dag.py took 0.104 seconds
[2025-07-13T23:42:49.303+0300] {processor.py:161} INFO - Started process (PID=6687) to work on /home/wal/.pyenv/versions/3.12.0/lib/python3.12/site-packages/airflow/example_dags/tutorial_dag.py
[2025-07-13T23:42:49.305+0300] {processor.py:830} INFO - Processing file /home/wal/.pyenv/versions/3.12.0/lib/python3.12/site-packages/airflow/example_dags/tutorial_dag.py for tasks to queue
[2025-07-13T23:42:49.308+0300] {logging_mixin.py:188} INFO - [2025-07-13T23:42:49.307+0300] {dagbag.py:545} INFO - Filling up the DagBag from /home/wal/.pyenv/versions/3.12.0/lib/python3.12/site-packages/airflow/example_dags/tutorial_dag.py
[2025-07-13T23:42:49.318+0300] {processor.py:840} INFO - DAG(s) 'tutorial_dag' retrieved from /home/wal/.pyenv/versions/3.12.0/lib/python3.12/site-packages/airflow/example_dags/tutorial_dag.py
[2025-07-13T23:42:49.356+0300] {logging_mixin.py:188} INFO - [2025-07-13T23:42:49.355+0300] {dag.py:3096} INFO - Sync 1 DAGs
[2025-07-13T23:42:49.393+0300] {logging_mixin.py:188} INFO - [2025-07-13T23:42:49.393+0300] {dag.py:3954} INFO - Setting next_dagrun for tutorial_dag to None, run_after=None
[2025-07-13T23:42:49.485+0300] {processor.py:183} INFO - Processing /home/wal/.pyenv/versions/3.12.0/lib/python3.12/site-packages/airflow/example_dags/tutorial_dag.py took 0.192 seconds
[2025-07-13T23:43:43.366+0300] {processor.py:161} INFO - Started process (PID=6737) to work on /home/wal/.pyenv/versions/3.12.0/lib/python3.12/site-packages/airflow/example_dags/tutorial_dag.py
[2025-07-13T23:43:43.367+0300] {processor.py:830} INFO - Processing file /home/wal/.pyenv/versions/3.12.0/lib/python3.12/site-packages/airflow/example_dags/tutorial_dag.py for tasks to queue
[2025-07-13T23:43:43.369+0300] {logging_mixin.py:188} INFO - [2025-07-13T23:43:43.369+0300] {dagbag.py:545} INFO - Filling up the DagBag from /home/wal/.pyenv/versions/3.12.0/lib/python3.12/site-packages/airflow/example_dags/tutorial_dag.py
[2025-07-13T23:43:43.379+0300] {processor.py:840} INFO - DAG(s) 'tutorial_dag' retrieved from /home/wal/.pyenv/versions/3.12.0/lib/python3.12/site-packages/airflow/example_dags/tutorial_dag.py
[2025-07-13T23:43:43.400+0300] {logging_mixin.py:188} INFO - [2025-07-13T23:43:43.400+0300] {dag.py:3096} INFO - Sync 1 DAGs
[2025-07-13T23:43:43.417+0300] {logging_mixin.py:188} INFO - [2025-07-13T23:43:43.417+0300] {dag.py:3954} INFO - Setting next_dagrun for tutorial_dag to None, run_after=None
[2025-07-13T23:43:43.451+0300] {processor.py:183} INFO - Processing /home/wal/.pyenv/versions/3.12.0/lib/python3.12/site-packages/airflow/example_dags/tutorial_dag.py took 0.094 seconds
[2025-07-13T23:44:41.058+0300] {processor.py:161} INFO - Started process (PID=6789) to work on /home/wal/.pyenv/versions/3.12.0/lib/python3.12/site-packages/airflow/example_dags/tutorial_dag.py
[2025-07-13T23:44:41.064+0300] {processor.py:830} INFO - Processing file /home/wal/.pyenv/versions/3.12.0/lib/python3.12/site-packages/airflow/example_dags/tutorial_dag.py for tasks to queue
[2025-07-13T23:44:41.068+0300] {logging_mixin.py:188} INFO - [2025-07-13T23:44:41.067+0300] {dagbag.py:545} INFO - Filling up the DagBag from /home/wal/.pyenv/versions/3.12.0/lib/python3.12/site-packages/airflow/example_dags/tutorial_dag.py
[2025-07-13T23:44:41.075+0300] {processor.py:840} INFO - DAG(s) 'tutorial_dag' retrieved from /home/wal/.pyenv/versions/3.12.0/lib/python3.12/site-packages/airflow/example_dags/tutorial_dag.py
[2025-07-13T23:44:41.093+0300] {logging_mixin.py:188} INFO - [2025-07-13T23:44:41.093+0300] {dag.py:3096} INFO - Sync 1 DAGs
[2025-07-13T23:44:41.110+0300] {logging_mixin.py:188} INFO - [2025-07-13T23:44:41.110+0300] {dag.py:3954} INFO - Setting next_dagrun for tutorial_dag to None, run_after=None
[2025-07-13T23:44:41.146+0300] {processor.py:183} INFO - Processing /home/wal/.pyenv/versions/3.12.0/lib/python3.12/site-packages/airflow/example_dags/tutorial_dag.py took 0.095 seconds
[2025-07-13T23:45:36.319+0300] {processor.py:161} INFO - Started process (PID=6841) to work on /home/wal/.pyenv/versions/3.12.0/lib/python3.12/site-packages/airflow/example_dags/tutorial_dag.py
[2025-07-13T23:45:36.326+0300] {processor.py:830} INFO - Processing file /home/wal/.pyenv/versions/3.12.0/lib/python3.12/site-packages/airflow/example_dags/tutorial_dag.py for tasks to queue
[2025-07-13T23:45:36.328+0300] {logging_mixin.py:188} INFO - [2025-07-13T23:45:36.328+0300] {dagbag.py:545} INFO - Filling up the DagBag from /home/wal/.pyenv/versions/3.12.0/lib/python3.12/site-packages/airflow/example_dags/tutorial_dag.py
[2025-07-13T23:45:36.337+0300] {processor.py:840} INFO - DAG(s) 'tutorial_dag' retrieved from /home/wal/.pyenv/versions/3.12.0/lib/python3.12/site-packages/airflow/example_dags/tutorial_dag.py
[2025-07-13T23:45:36.358+0300] {logging_mixin.py:188} INFO - [2025-07-13T23:45:36.358+0300] {dag.py:3096} INFO - Sync 1 DAGs
[2025-07-13T23:45:36.373+0300] {logging_mixin.py:188} INFO - [2025-07-13T23:45:36.373+0300] {dag.py:3954} INFO - Setting next_dagrun for tutorial_dag to None, run_after=None
[2025-07-13T23:45:36.404+0300] {processor.py:183} INFO - Processing /home/wal/.pyenv/versions/3.12.0/lib/python3.12/site-packages/airflow/example_dags/tutorial_dag.py took 0.097 seconds
[2025-07-13T23:46:30.783+0300] {processor.py:161} INFO - Started process (PID=6890) to work on /home/wal/.pyenv/versions/3.12.0/lib/python3.12/site-packages/airflow/example_dags/tutorial_dag.py
[2025-07-13T23:46:30.791+0300] {processor.py:830} INFO - Processing file /home/wal/.pyenv/versions/3.12.0/lib/python3.12/site-packages/airflow/example_dags/tutorial_dag.py for tasks to queue
[2025-07-13T23:46:30.794+0300] {logging_mixin.py:188} INFO - [2025-07-13T23:46:30.794+0300] {dagbag.py:545} INFO - Filling up the DagBag from /home/wal/.pyenv/versions/3.12.0/lib/python3.12/site-packages/airflow/example_dags/tutorial_dag.py
[2025-07-13T23:46:30.808+0300] {processor.py:840} INFO - DAG(s) 'tutorial_dag' retrieved from /home/wal/.pyenv/versions/3.12.0/lib/python3.12/site-packages/airflow/example_dags/tutorial_dag.py
[2025-07-13T23:46:30.839+0300] {logging_mixin.py:188} INFO - [2025-07-13T23:46:30.839+0300] {dag.py:3096} INFO - Sync 1 DAGs
[2025-07-13T23:46:30.858+0300] {logging_mixin.py:188} INFO - [2025-07-13T23:46:30.858+0300] {dag.py:3954} INFO - Setting next_dagrun for tutorial_dag to None, run_after=None
[2025-07-13T23:46:30.892+0300] {processor.py:183} INFO - Processing /home/wal/.pyenv/versions/3.12.0/lib/python3.12/site-packages/airflow/example_dags/tutorial_dag.py took 0.126 seconds
[2025-07-13T23:47:29.911+0300] {processor.py:161} INFO - Started process (PID=6943) to work on /home/wal/.pyenv/versions/3.12.0/lib/python3.12/site-packages/airflow/example_dags/tutorial_dag.py
[2025-07-13T23:47:29.918+0300] {processor.py:830} INFO - Processing file /home/wal/.pyenv/versions/3.12.0/lib/python3.12/site-packages/airflow/example_dags/tutorial_dag.py for tasks to queue
[2025-07-13T23:47:29.922+0300] {logging_mixin.py:188} INFO - [2025-07-13T23:47:29.921+0300] {dagbag.py:545} INFO - Filling up the DagBag from /home/wal/.pyenv/versions/3.12.0/lib/python3.12/site-packages/airflow/example_dags/tutorial_dag.py
[2025-07-13T23:47:29.930+0300] {processor.py:840} INFO - DAG(s) 'tutorial_dag' retrieved from /home/wal/.pyenv/versions/3.12.0/lib/python3.12/site-packages/airflow/example_dags/tutorial_dag.py
[2025-07-13T23:47:29.953+0300] {logging_mixin.py:188} INFO - [2025-07-13T23:47:29.953+0300] {dag.py:3096} INFO - Sync 1 DAGs
[2025-07-13T23:47:29.973+0300] {logging_mixin.py:188} INFO - [2025-07-13T23:47:29.972+0300] {dag.py:3954} INFO - Setting next_dagrun for tutorial_dag to None, run_after=None
[2025-07-13T23:47:30.004+0300] {processor.py:183} INFO - Processing /home/wal/.pyenv/versions/3.12.0/lib/python3.12/site-packages/airflow/example_dags/tutorial_dag.py took 0.103 seconds
[2025-07-13T23:48:21.833+0300] {processor.py:161} INFO - Started process (PID=6992) to work on /home/wal/.pyenv/versions/3.12.0/lib/python3.12/site-packages/airflow/example_dags/tutorial_dag.py
[2025-07-13T23:48:21.837+0300] {processor.py:830} INFO - Processing file /home/wal/.pyenv/versions/3.12.0/lib/python3.12/site-packages/airflow/example_dags/tutorial_dag.py for tasks to queue
[2025-07-13T23:48:21.841+0300] {logging_mixin.py:188} INFO - [2025-07-13T23:48:21.840+0300] {dagbag.py:545} INFO - Filling up the DagBag from /home/wal/.pyenv/versions/3.12.0/lib/python3.12/site-packages/airflow/example_dags/tutorial_dag.py
[2025-07-13T23:48:21.857+0300] {processor.py:840} INFO - DAG(s) 'tutorial_dag' retrieved from /home/wal/.pyenv/versions/3.12.0/lib/python3.12/site-packages/airflow/example_dags/tutorial_dag.py
[2025-07-13T23:48:21.888+0300] {logging_mixin.py:188} INFO - [2025-07-13T23:48:21.888+0300] {dag.py:3096} INFO - Sync 1 DAGs
[2025-07-13T23:48:21.906+0300] {logging_mixin.py:188} INFO - [2025-07-13T23:48:21.906+0300] {dag.py:3954} INFO - Setting next_dagrun for tutorial_dag to None, run_after=None
[2025-07-13T23:48:21.940+0300] {processor.py:183} INFO - Processing /home/wal/.pyenv/versions/3.12.0/lib/python3.12/site-packages/airflow/example_dags/tutorial_dag.py took 0.130 seconds
[2025-07-13T23:49:18.534+0300] {processor.py:161} INFO - Started process (PID=7043) to work on /home/wal/.pyenv/versions/3.12.0/lib/python3.12/site-packages/airflow/example_dags/tutorial_dag.py
[2025-07-13T23:49:18.540+0300] {processor.py:830} INFO - Processing file /home/wal/.pyenv/versions/3.12.0/lib/python3.12/site-packages/airflow/example_dags/tutorial_dag.py for tasks to queue
[2025-07-13T23:49:18.542+0300] {logging_mixin.py:188} INFO - [2025-07-13T23:49:18.541+0300] {dagbag.py:545} INFO - Filling up the DagBag from /home/wal/.pyenv/versions/3.12.0/lib/python3.12/site-packages/airflow/example_dags/tutorial_dag.py
[2025-07-13T23:49:18.550+0300] {processor.py:840} INFO - DAG(s) 'tutorial_dag' retrieved from /home/wal/.pyenv/versions/3.12.0/lib/python3.12/site-packages/airflow/example_dags/tutorial_dag.py
[2025-07-13T23:49:18.570+0300] {logging_mixin.py:188} INFO - [2025-07-13T23:49:18.570+0300] {dag.py:3096} INFO - Sync 1 DAGs
[2025-07-13T23:49:18.587+0300] {logging_mixin.py:188} INFO - [2025-07-13T23:49:18.587+0300] {dag.py:3954} INFO - Setting next_dagrun for tutorial_dag to None, run_after=None
[2025-07-13T23:49:18.619+0300] {processor.py:183} INFO - Processing /home/wal/.pyenv/versions/3.12.0/lib/python3.12/site-packages/airflow/example_dags/tutorial_dag.py took 0.096 seconds
[2025-07-13T23:50:08.044+0300] {processor.py:161} INFO - Started process (PID=7092) to work on /home/wal/.pyenv/versions/3.12.0/lib/python3.12/site-packages/airflow/example_dags/tutorial_dag.py
[2025-07-13T23:50:08.051+0300] {processor.py:830} INFO - Processing file /home/wal/.pyenv/versions/3.12.0/lib/python3.12/site-packages/airflow/example_dags/tutorial_dag.py for tasks to queue
[2025-07-13T23:50:08.054+0300] {logging_mixin.py:188} INFO - [2025-07-13T23:50:08.054+0300] {dagbag.py:545} INFO - Filling up the DagBag from /home/wal/.pyenv/versions/3.12.0/lib/python3.12/site-packages/airflow/example_dags/tutorial_dag.py
[2025-07-13T23:50:08.061+0300] {processor.py:840} INFO - DAG(s) 'tutorial_dag' retrieved from /home/wal/.pyenv/versions/3.12.0/lib/python3.12/site-packages/airflow/example_dags/tutorial_dag.py
[2025-07-13T23:50:08.080+0300] {logging_mixin.py:188} INFO - [2025-07-13T23:50:08.080+0300] {dag.py:3096} INFO - Sync 1 DAGs
[2025-07-13T23:50:08.095+0300] {logging_mixin.py:188} INFO - [2025-07-13T23:50:08.095+0300] {dag.py:3954} INFO - Setting next_dagrun for tutorial_dag to None, run_after=None
[2025-07-13T23:50:08.128+0300] {processor.py:183} INFO - Processing /home/wal/.pyenv/versions/3.12.0/lib/python3.12/site-packages/airflow/example_dags/tutorial_dag.py took 0.091 seconds
[2025-07-13T23:51:03.243+0300] {processor.py:161} INFO - Started process (PID=7141) to work on /home/wal/.pyenv/versions/3.12.0/lib/python3.12/site-packages/airflow/example_dags/tutorial_dag.py
[2025-07-13T23:51:03.245+0300] {processor.py:830} INFO - Processing file /home/wal/.pyenv/versions/3.12.0/lib/python3.12/site-packages/airflow/example_dags/tutorial_dag.py for tasks to queue
[2025-07-13T23:51:03.247+0300] {logging_mixin.py:188} INFO - [2025-07-13T23:51:03.246+0300] {dagbag.py:545} INFO - Filling up the DagBag from /home/wal/.pyenv/versions/3.12.0/lib/python3.12/site-packages/airflow/example_dags/tutorial_dag.py
[2025-07-13T23:51:03.254+0300] {processor.py:840} INFO - DAG(s) 'tutorial_dag' retrieved from /home/wal/.pyenv/versions/3.12.0/lib/python3.12/site-packages/airflow/example_dags/tutorial_dag.py
[2025-07-13T23:51:03.277+0300] {logging_mixin.py:188} INFO - [2025-07-13T23:51:03.277+0300] {dag.py:3096} INFO - Sync 1 DAGs
[2025-07-13T23:51:03.295+0300] {logging_mixin.py:188} INFO - [2025-07-13T23:51:03.295+0300] {dag.py:3954} INFO - Setting next_dagrun for tutorial_dag to None, run_after=None
[2025-07-13T23:51:03.329+0300] {processor.py:183} INFO - Processing /home/wal/.pyenv/versions/3.12.0/lib/python3.12/site-packages/airflow/example_dags/tutorial_dag.py took 0.098 seconds
[2025-07-13T23:52:03.632+0300] {processor.py:161} INFO - Started process (PID=7195) to work on /home/wal/.pyenv/versions/3.12.0/lib/python3.12/site-packages/airflow/example_dags/tutorial_dag.py
[2025-07-13T23:52:03.638+0300] {processor.py:830} INFO - Processing file /home/wal/.pyenv/versions/3.12.0/lib/python3.12/site-packages/airflow/example_dags/tutorial_dag.py for tasks to queue
[2025-07-13T23:52:03.643+0300] {logging_mixin.py:188} INFO - [2025-07-13T23:52:03.642+0300] {dagbag.py:545} INFO - Filling up the DagBag from /home/wal/.pyenv/versions/3.12.0/lib/python3.12/site-packages/airflow/example_dags/tutorial_dag.py
[2025-07-13T23:52:03.650+0300] {processor.py:840} INFO - DAG(s) 'tutorial_dag' retrieved from /home/wal/.pyenv/versions/3.12.0/lib/python3.12/site-packages/airflow/example_dags/tutorial_dag.py
[2025-07-13T23:52:03.675+0300] {logging_mixin.py:188} INFO - [2025-07-13T23:52:03.674+0300] {dag.py:3096} INFO - Sync 1 DAGs
[2025-07-13T23:52:03.697+0300] {logging_mixin.py:188} INFO - [2025-07-13T23:52:03.697+0300] {dag.py:3954} INFO - Setting next_dagrun for tutorial_dag to None, run_after=None
[2025-07-13T23:52:03.734+0300] {processor.py:183} INFO - Processing /home/wal/.pyenv/versions/3.12.0/lib/python3.12/site-packages/airflow/example_dags/tutorial_dag.py took 0.114 seconds
[2025-07-13T23:53:01.898+0300] {processor.py:161} INFO - Started process (PID=7247) to work on /home/wal/.pyenv/versions/3.12.0/lib/python3.12/site-packages/airflow/example_dags/tutorial_dag.py
[2025-07-13T23:53:01.905+0300] {processor.py:830} INFO - Processing file /home/wal/.pyenv/versions/3.12.0/lib/python3.12/site-packages/airflow/example_dags/tutorial_dag.py for tasks to queue
[2025-07-13T23:53:01.908+0300] {logging_mixin.py:188} INFO - [2025-07-13T23:53:01.908+0300] {dagbag.py:545} INFO - Filling up the DagBag from /home/wal/.pyenv/versions/3.12.0/lib/python3.12/site-packages/airflow/example_dags/tutorial_dag.py
[2025-07-13T23:53:01.917+0300] {processor.py:840} INFO - DAG(s) 'tutorial_dag' retrieved from /home/wal/.pyenv/versions/3.12.0/lib/python3.12/site-packages/airflow/example_dags/tutorial_dag.py
[2025-07-13T23:53:01.944+0300] {logging_mixin.py:188} INFO - [2025-07-13T23:53:01.943+0300] {dag.py:3096} INFO - Sync 1 DAGs
[2025-07-13T23:53:01.960+0300] {logging_mixin.py:188} INFO - [2025-07-13T23:53:01.960+0300] {dag.py:3954} INFO - Setting next_dagrun for tutorial_dag to None, run_after=None
[2025-07-13T23:53:01.991+0300] {processor.py:183} INFO - Processing /home/wal/.pyenv/versions/3.12.0/lib/python3.12/site-packages/airflow/example_dags/tutorial_dag.py took 0.110 seconds
[2025-07-13T23:53:57.673+0300] {processor.py:161} INFO - Started process (PID=7297) to work on /home/wal/.pyenv/versions/3.12.0/lib/python3.12/site-packages/airflow/example_dags/tutorial_dag.py
[2025-07-13T23:53:57.679+0300] {processor.py:830} INFO - Processing file /home/wal/.pyenv/versions/3.12.0/lib/python3.12/site-packages/airflow/example_dags/tutorial_dag.py for tasks to queue
[2025-07-13T23:53:57.682+0300] {logging_mixin.py:188} INFO - [2025-07-13T23:53:57.681+0300] {dagbag.py:545} INFO - Filling up the DagBag from /home/wal/.pyenv/versions/3.12.0/lib/python3.12/site-packages/airflow/example_dags/tutorial_dag.py
[2025-07-13T23:53:57.688+0300] {processor.py:840} INFO - DAG(s) 'tutorial_dag' retrieved from /home/wal/.pyenv/versions/3.12.0/lib/python3.12/site-packages/airflow/example_dags/tutorial_dag.py
[2025-07-13T23:53:57.708+0300] {logging_mixin.py:188} INFO - [2025-07-13T23:53:57.708+0300] {dag.py:3096} INFO - Sync 1 DAGs
[2025-07-13T23:53:57.726+0300] {logging_mixin.py:188} INFO - [2025-07-13T23:53:57.725+0300] {dag.py:3954} INFO - Setting next_dagrun for tutorial_dag to None, run_after=None
[2025-07-13T23:53:57.755+0300] {processor.py:183} INFO - Processing /home/wal/.pyenv/versions/3.12.0/lib/python3.12/site-packages/airflow/example_dags/tutorial_dag.py took 0.092 seconds
[2025-07-13T23:54:53.888+0300] {processor.py:161} INFO - Started process (PID=7346) to work on /home/wal/.pyenv/versions/3.12.0/lib/python3.12/site-packages/airflow/example_dags/tutorial_dag.py
[2025-07-13T23:54:53.889+0300] {processor.py:830} INFO - Processing file /home/wal/.pyenv/versions/3.12.0/lib/python3.12/site-packages/airflow/example_dags/tutorial_dag.py for tasks to queue
[2025-07-13T23:54:53.891+0300] {logging_mixin.py:188} INFO - [2025-07-13T23:54:53.891+0300] {dagbag.py:545} INFO - Filling up the DagBag from /home/wal/.pyenv/versions/3.12.0/lib/python3.12/site-packages/airflow/example_dags/tutorial_dag.py
[2025-07-13T23:54:53.903+0300] {processor.py:840} INFO - DAG(s) 'tutorial_dag' retrieved from /home/wal/.pyenv/versions/3.12.0/lib/python3.12/site-packages/airflow/example_dags/tutorial_dag.py
[2025-07-13T23:54:53.927+0300] {logging_mixin.py:188} INFO - [2025-07-13T23:54:53.927+0300] {dag.py:3096} INFO - Sync 1 DAGs
[2025-07-13T23:54:53.950+0300] {logging_mixin.py:188} INFO - [2025-07-13T23:54:53.950+0300] {dag.py:3954} INFO - Setting next_dagrun for tutorial_dag to None, run_after=None
[2025-07-13T23:54:53.988+0300] {processor.py:183} INFO - Processing /home/wal/.pyenv/versions/3.12.0/lib/python3.12/site-packages/airflow/example_dags/tutorial_dag.py took 0.111 seconds
[2025-07-13T23:55:51.751+0300] {processor.py:161} INFO - Started process (PID=7401) to work on /home/wal/.pyenv/versions/3.12.0/lib/python3.12/site-packages/airflow/example_dags/tutorial_dag.py
[2025-07-13T23:55:51.754+0300] {processor.py:830} INFO - Processing file /home/wal/.pyenv/versions/3.12.0/lib/python3.12/site-packages/airflow/example_dags/tutorial_dag.py for tasks to queue
[2025-07-13T23:55:51.758+0300] {logging_mixin.py:188} INFO - [2025-07-13T23:55:51.757+0300] {dagbag.py:545} INFO - Filling up the DagBag from /home/wal/.pyenv/versions/3.12.0/lib/python3.12/site-packages/airflow/example_dags/tutorial_dag.py
[2025-07-13T23:55:51.768+0300] {processor.py:840} INFO - DAG(s) 'tutorial_dag' retrieved from /home/wal/.pyenv/versions/3.12.0/lib/python3.12/site-packages/airflow/example_dags/tutorial_dag.py
[2025-07-13T23:55:51.793+0300] {logging_mixin.py:188} INFO - [2025-07-13T23:55:51.793+0300] {dag.py:3096} INFO - Sync 1 DAGs
[2025-07-13T23:55:51.810+0300] {logging_mixin.py:188} INFO - [2025-07-13T23:55:51.810+0300] {dag.py:3954} INFO - Setting next_dagrun for tutorial_dag to None, run_after=None
[2025-07-13T23:55:51.844+0300] {processor.py:183} INFO - Processing /home/wal/.pyenv/versions/3.12.0/lib/python3.12/site-packages/airflow/example_dags/tutorial_dag.py took 0.104 seconds
[2025-07-13T23:56:45.978+0300] {processor.py:161} INFO - Started process (PID=7450) to work on /home/wal/.pyenv/versions/3.12.0/lib/python3.12/site-packages/airflow/example_dags/tutorial_dag.py
[2025-07-13T23:56:45.986+0300] {processor.py:830} INFO - Processing file /home/wal/.pyenv/versions/3.12.0/lib/python3.12/site-packages/airflow/example_dags/tutorial_dag.py for tasks to queue
[2025-07-13T23:56:45.988+0300] {logging_mixin.py:188} INFO - [2025-07-13T23:56:45.987+0300] {dagbag.py:545} INFO - Filling up the DagBag from /home/wal/.pyenv/versions/3.12.0/lib/python3.12/site-packages/airflow/example_dags/tutorial_dag.py
[2025-07-13T23:56:45.998+0300] {processor.py:840} INFO - DAG(s) 'tutorial_dag' retrieved from /home/wal/.pyenv/versions/3.12.0/lib/python3.12/site-packages/airflow/example_dags/tutorial_dag.py
[2025-07-13T23:56:46.023+0300] {logging_mixin.py:188} INFO - [2025-07-13T23:56:46.022+0300] {dag.py:3096} INFO - Sync 1 DAGs
[2025-07-13T23:56:46.048+0300] {logging_mixin.py:188} INFO - [2025-07-13T23:56:46.047+0300] {dag.py:3954} INFO - Setting next_dagrun for tutorial_dag to None, run_after=None
[2025-07-13T23:56:46.086+0300] {processor.py:183} INFO - Processing /home/wal/.pyenv/versions/3.12.0/lib/python3.12/site-packages/airflow/example_dags/tutorial_dag.py took 0.119 seconds
[2025-07-13T23:57:42.118+0300] {processor.py:161} INFO - Started process (PID=7502) to work on /home/wal/.pyenv/versions/3.12.0/lib/python3.12/site-packages/airflow/example_dags/tutorial_dag.py
[2025-07-13T23:57:42.127+0300] {processor.py:830} INFO - Processing file /home/wal/.pyenv/versions/3.12.0/lib/python3.12/site-packages/airflow/example_dags/tutorial_dag.py for tasks to queue
[2025-07-13T23:57:42.142+0300] {logging_mixin.py:188} INFO - [2025-07-13T23:57:42.138+0300] {dagbag.py:545} INFO - Filling up the DagBag from /home/wal/.pyenv/versions/3.12.0/lib/python3.12/site-packages/airflow/example_dags/tutorial_dag.py
[2025-07-13T23:57:42.156+0300] {processor.py:840} INFO - DAG(s) 'tutorial_dag' retrieved from /home/wal/.pyenv/versions/3.12.0/lib/python3.12/site-packages/airflow/example_dags/tutorial_dag.py
[2025-07-13T23:57:42.187+0300] {logging_mixin.py:188} INFO - [2025-07-13T23:57:42.187+0300] {dag.py:3096} INFO - Sync 1 DAGs
[2025-07-13T23:57:42.208+0300] {logging_mixin.py:188} INFO - [2025-07-13T23:57:42.208+0300] {dag.py:3954} INFO - Setting next_dagrun for tutorial_dag to None, run_after=None
[2025-07-13T23:57:42.235+0300] {processor.py:183} INFO - Processing /home/wal/.pyenv/versions/3.12.0/lib/python3.12/site-packages/airflow/example_dags/tutorial_dag.py took 0.129 seconds
[2025-07-13T23:58:38.515+0300] {processor.py:161} INFO - Started process (PID=7553) to work on /home/wal/.pyenv/versions/3.12.0/lib/python3.12/site-packages/airflow/example_dags/tutorial_dag.py
[2025-07-13T23:58:38.522+0300] {processor.py:830} INFO - Processing file /home/wal/.pyenv/versions/3.12.0/lib/python3.12/site-packages/airflow/example_dags/tutorial_dag.py for tasks to queue
[2025-07-13T23:58:38.524+0300] {logging_mixin.py:188} INFO - [2025-07-13T23:58:38.523+0300] {dagbag.py:545} INFO - Filling up the DagBag from /home/wal/.pyenv/versions/3.12.0/lib/python3.12/site-packages/airflow/example_dags/tutorial_dag.py
[2025-07-13T23:58:38.533+0300] {processor.py:840} INFO - DAG(s) 'tutorial_dag' retrieved from /home/wal/.pyenv/versions/3.12.0/lib/python3.12/site-packages/airflow/example_dags/tutorial_dag.py
[2025-07-13T23:58:38.560+0300] {logging_mixin.py:188} INFO - [2025-07-13T23:58:38.559+0300] {dag.py:3096} INFO - Sync 1 DAGs
[2025-07-13T23:58:38.579+0300] {logging_mixin.py:188} INFO - [2025-07-13T23:58:38.578+0300] {dag.py:3954} INFO - Setting next_dagrun for tutorial_dag to None, run_after=None
[2025-07-13T23:58:38.610+0300] {processor.py:183} INFO - Processing /home/wal/.pyenv/versions/3.12.0/lib/python3.12/site-packages/airflow/example_dags/tutorial_dag.py took 0.106 seconds
[2025-07-13T23:59:32.653+0300] {processor.py:161} INFO - Started process (PID=7606) to work on /home/wal/.pyenv/versions/3.12.0/lib/python3.12/site-packages/airflow/example_dags/tutorial_dag.py
[2025-07-13T23:59:32.660+0300] {processor.py:830} INFO - Processing file /home/wal/.pyenv/versions/3.12.0/lib/python3.12/site-packages/airflow/example_dags/tutorial_dag.py for tasks to queue
[2025-07-13T23:59:32.666+0300] {logging_mixin.py:188} INFO - [2025-07-13T23:59:32.665+0300] {dagbag.py:545} INFO - Filling up the DagBag from /home/wal/.pyenv/versions/3.12.0/lib/python3.12/site-packages/airflow/example_dags/tutorial_dag.py
[2025-07-13T23:59:32.683+0300] {processor.py:840} INFO - DAG(s) 'tutorial_dag' retrieved from /home/wal/.pyenv/versions/3.12.0/lib/python3.12/site-packages/airflow/example_dags/tutorial_dag.py
[2025-07-13T23:59:32.730+0300] {logging_mixin.py:188} INFO - [2025-07-13T23:59:32.729+0300] {dag.py:3096} INFO - Sync 1 DAGs
[2025-07-13T23:59:32.772+0300] {logging_mixin.py:188} INFO - [2025-07-13T23:59:32.771+0300] {dag.py:3954} INFO - Setting next_dagrun for tutorial_dag to None, run_after=None
[2025-07-13T23:59:32.836+0300] {processor.py:183} INFO - Processing /home/wal/.pyenv/versions/3.12.0/lib/python3.12/site-packages/airflow/example_dags/tutorial_dag.py took 0.200 seconds
[2025-07-14T00:00:34.104+0300] {processor.py:161} INFO - Started process (PID=7674) to work on /home/wal/.pyenv/versions/3.12.0/lib/python3.12/site-packages/airflow/example_dags/tutorial_dag.py
[2025-07-14T00:00:34.110+0300] {processor.py:830} INFO - Processing file /home/wal/.pyenv/versions/3.12.0/lib/python3.12/site-packages/airflow/example_dags/tutorial_dag.py for tasks to queue
[2025-07-14T00:00:34.113+0300] {logging_mixin.py:188} INFO - [2025-07-14T00:00:34.113+0300] {dagbag.py:545} INFO - Filling up the DagBag from /home/wal/.pyenv/versions/3.12.0/lib/python3.12/site-packages/airflow/example_dags/tutorial_dag.py
[2025-07-14T00:00:34.127+0300] {processor.py:840} INFO - DAG(s) 'tutorial_dag' retrieved from /home/wal/.pyenv/versions/3.12.0/lib/python3.12/site-packages/airflow/example_dags/tutorial_dag.py
[2025-07-14T00:00:34.159+0300] {logging_mixin.py:188} INFO - [2025-07-14T00:00:34.158+0300] {dag.py:3096} INFO - Sync 1 DAGs
[2025-07-14T00:00:34.176+0300] {logging_mixin.py:188} INFO - [2025-07-14T00:00:34.176+0300] {dag.py:3954} INFO - Setting next_dagrun for tutorial_dag to None, run_after=None
[2025-07-14T00:00:34.208+0300] {processor.py:183} INFO - Processing /home/wal/.pyenv/versions/3.12.0/lib/python3.12/site-packages/airflow/example_dags/tutorial_dag.py took 0.116 seconds
[2025-07-14T00:01:29.264+0300] {processor.py:161} INFO - Started process (PID=7723) to work on /home/wal/.pyenv/versions/3.12.0/lib/python3.12/site-packages/airflow/example_dags/tutorial_dag.py
[2025-07-14T00:01:29.272+0300] {processor.py:830} INFO - Processing file /home/wal/.pyenv/versions/3.12.0/lib/python3.12/site-packages/airflow/example_dags/tutorial_dag.py for tasks to queue
[2025-07-14T00:01:29.275+0300] {logging_mixin.py:188} INFO - [2025-07-14T00:01:29.274+0300] {dagbag.py:545} INFO - Filling up the DagBag from /home/wal/.pyenv/versions/3.12.0/lib/python3.12/site-packages/airflow/example_dags/tutorial_dag.py
[2025-07-14T00:01:29.287+0300] {processor.py:840} INFO - DAG(s) 'tutorial_dag' retrieved from /home/wal/.pyenv/versions/3.12.0/lib/python3.12/site-packages/airflow/example_dags/tutorial_dag.py
[2025-07-14T00:01:29.322+0300] {logging_mixin.py:188} INFO - [2025-07-14T00:01:29.322+0300] {dag.py:3096} INFO - Sync 1 DAGs
[2025-07-14T00:01:29.346+0300] {logging_mixin.py:188} INFO - [2025-07-14T00:01:29.346+0300] {dag.py:3954} INFO - Setting next_dagrun for tutorial_dag to None, run_after=None
[2025-07-14T00:01:29.380+0300] {processor.py:183} INFO - Processing /home/wal/.pyenv/versions/3.12.0/lib/python3.12/site-packages/airflow/example_dags/tutorial_dag.py took 0.130 seconds
[2025-07-14T00:02:23.943+0300] {processor.py:161} INFO - Started process (PID=7774) to work on /home/wal/.pyenv/versions/3.12.0/lib/python3.12/site-packages/airflow/example_dags/tutorial_dag.py
[2025-07-14T00:02:23.953+0300] {processor.py:830} INFO - Processing file /home/wal/.pyenv/versions/3.12.0/lib/python3.12/site-packages/airflow/example_dags/tutorial_dag.py for tasks to queue
[2025-07-14T00:02:23.956+0300] {logging_mixin.py:188} INFO - [2025-07-14T00:02:23.955+0300] {dagbag.py:545} INFO - Filling up the DagBag from /home/wal/.pyenv/versions/3.12.0/lib/python3.12/site-packages/airflow/example_dags/tutorial_dag.py
[2025-07-14T00:02:23.970+0300] {processor.py:840} INFO - DAG(s) 'tutorial_dag' retrieved from /home/wal/.pyenv/versions/3.12.0/lib/python3.12/site-packages/airflow/example_dags/tutorial_dag.py
[2025-07-14T00:02:23.994+0300] {logging_mixin.py:188} INFO - [2025-07-14T00:02:23.993+0300] {dag.py:3096} INFO - Sync 1 DAGs
[2025-07-14T00:02:24.010+0300] {logging_mixin.py:188} INFO - [2025-07-14T00:02:24.010+0300] {dag.py:3954} INFO - Setting next_dagrun for tutorial_dag to None, run_after=None
[2025-07-14T00:02:24.042+0300] {processor.py:183} INFO - Processing /home/wal/.pyenv/versions/3.12.0/lib/python3.12/site-packages/airflow/example_dags/tutorial_dag.py took 0.116 seconds
[2025-07-14T00:03:20.772+0300] {processor.py:161} INFO - Started process (PID=7827) to work on /home/wal/.pyenv/versions/3.12.0/lib/python3.12/site-packages/airflow/example_dags/tutorial_dag.py
[2025-07-14T00:03:20.774+0300] {processor.py:830} INFO - Processing file /home/wal/.pyenv/versions/3.12.0/lib/python3.12/site-packages/airflow/example_dags/tutorial_dag.py for tasks to queue
[2025-07-14T00:03:20.776+0300] {logging_mixin.py:188} INFO - [2025-07-14T00:03:20.776+0300] {dagbag.py:545} INFO - Filling up the DagBag from /home/wal/.pyenv/versions/3.12.0/lib/python3.12/site-packages/airflow/example_dags/tutorial_dag.py
[2025-07-14T00:03:20.785+0300] {processor.py:840} INFO - DAG(s) 'tutorial_dag' retrieved from /home/wal/.pyenv/versions/3.12.0/lib/python3.12/site-packages/airflow/example_dags/tutorial_dag.py
[2025-07-14T00:03:20.806+0300] {logging_mixin.py:188} INFO - [2025-07-14T00:03:20.806+0300] {dag.py:3096} INFO - Sync 1 DAGs
[2025-07-14T00:03:20.821+0300] {logging_mixin.py:188} INFO - [2025-07-14T00:03:20.821+0300] {dag.py:3954} INFO - Setting next_dagrun for tutorial_dag to None, run_after=None
[2025-07-14T00:03:20.855+0300] {processor.py:183} INFO - Processing /home/wal/.pyenv/versions/3.12.0/lib/python3.12/site-packages/airflow/example_dags/tutorial_dag.py took 0.091 seconds
[2025-07-14T00:04:13.919+0300] {processor.py:161} INFO - Started process (PID=7874) to work on /home/wal/.pyenv/versions/3.12.0/lib/python3.12/site-packages/airflow/example_dags/tutorial_dag.py
[2025-07-14T00:04:13.925+0300] {processor.py:830} INFO - Processing file /home/wal/.pyenv/versions/3.12.0/lib/python3.12/site-packages/airflow/example_dags/tutorial_dag.py for tasks to queue
[2025-07-14T00:04:13.927+0300] {logging_mixin.py:188} INFO - [2025-07-14T00:04:13.927+0300] {dagbag.py:545} INFO - Filling up the DagBag from /home/wal/.pyenv/versions/3.12.0/lib/python3.12/site-packages/airflow/example_dags/tutorial_dag.py
[2025-07-14T00:04:13.935+0300] {processor.py:840} INFO - DAG(s) 'tutorial_dag' retrieved from /home/wal/.pyenv/versions/3.12.0/lib/python3.12/site-packages/airflow/example_dags/tutorial_dag.py
[2025-07-14T00:04:13.958+0300] {logging_mixin.py:188} INFO - [2025-07-14T00:04:13.958+0300] {dag.py:3096} INFO - Sync 1 DAGs
[2025-07-14T00:04:13.975+0300] {logging_mixin.py:188} INFO - [2025-07-14T00:04:13.975+0300] {dag.py:3954} INFO - Setting next_dagrun for tutorial_dag to None, run_after=None
[2025-07-14T00:04:14.002+0300] {processor.py:183} INFO - Processing /home/wal/.pyenv/versions/3.12.0/lib/python3.12/site-packages/airflow/example_dags/tutorial_dag.py took 0.092 seconds
[2025-07-14T00:05:04.851+0300] {processor.py:161} INFO - Started process (PID=7927) to work on /home/wal/.pyenv/versions/3.12.0/lib/python3.12/site-packages/airflow/example_dags/tutorial_dag.py
[2025-07-14T00:05:04.857+0300] {processor.py:830} INFO - Processing file /home/wal/.pyenv/versions/3.12.0/lib/python3.12/site-packages/airflow/example_dags/tutorial_dag.py for tasks to queue
[2025-07-14T00:05:04.860+0300] {logging_mixin.py:188} INFO - [2025-07-14T00:05:04.859+0300] {dagbag.py:545} INFO - Filling up the DagBag from /home/wal/.pyenv/versions/3.12.0/lib/python3.12/site-packages/airflow/example_dags/tutorial_dag.py
[2025-07-14T00:05:04.865+0300] {processor.py:840} INFO - DAG(s) 'tutorial_dag' retrieved from /home/wal/.pyenv/versions/3.12.0/lib/python3.12/site-packages/airflow/example_dags/tutorial_dag.py
[2025-07-14T00:05:04.885+0300] {logging_mixin.py:188} INFO - [2025-07-14T00:05:04.885+0300] {dag.py:3096} INFO - Sync 1 DAGs
[2025-07-14T00:05:04.901+0300] {logging_mixin.py:188} INFO - [2025-07-14T00:05:04.900+0300] {dag.py:3954} INFO - Setting next_dagrun for tutorial_dag to None, run_after=None
[2025-07-14T00:05:04.930+0300] {processor.py:183} INFO - Processing /home/wal/.pyenv/versions/3.12.0/lib/python3.12/site-packages/airflow/example_dags/tutorial_dag.py took 0.087 seconds
[2025-07-14T00:05:59.655+0300] {processor.py:161} INFO - Started process (PID=7977) to work on /home/wal/.pyenv/versions/3.12.0/lib/python3.12/site-packages/airflow/example_dags/tutorial_dag.py
[2025-07-14T00:05:59.657+0300] {processor.py:830} INFO - Processing file /home/wal/.pyenv/versions/3.12.0/lib/python3.12/site-packages/airflow/example_dags/tutorial_dag.py for tasks to queue
[2025-07-14T00:05:59.659+0300] {logging_mixin.py:188} INFO - [2025-07-14T00:05:59.659+0300] {dagbag.py:545} INFO - Filling up the DagBag from /home/wal/.pyenv/versions/3.12.0/lib/python3.12/site-packages/airflow/example_dags/tutorial_dag.py
[2025-07-14T00:05:59.666+0300] {processor.py:840} INFO - DAG(s) 'tutorial_dag' retrieved from /home/wal/.pyenv/versions/3.12.0/lib/python3.12/site-packages/airflow/example_dags/tutorial_dag.py
[2025-07-14T00:05:59.690+0300] {logging_mixin.py:188} INFO - [2025-07-14T00:05:59.689+0300] {dag.py:3096} INFO - Sync 1 DAGs
[2025-07-14T00:05:59.711+0300] {logging_mixin.py:188} INFO - [2025-07-14T00:05:59.710+0300] {dag.py:3954} INFO - Setting next_dagrun for tutorial_dag to None, run_after=None
[2025-07-14T00:05:59.747+0300] {processor.py:183} INFO - Processing /home/wal/.pyenv/versions/3.12.0/lib/python3.12/site-packages/airflow/example_dags/tutorial_dag.py took 0.102 seconds
[2025-07-14T00:06:50.803+0300] {processor.py:161} INFO - Started process (PID=8026) to work on /home/wal/.pyenv/versions/3.12.0/lib/python3.12/site-packages/airflow/example_dags/tutorial_dag.py
[2025-07-14T00:06:50.806+0300] {processor.py:830} INFO - Processing file /home/wal/.pyenv/versions/3.12.0/lib/python3.12/site-packages/airflow/example_dags/tutorial_dag.py for tasks to queue
[2025-07-14T00:06:50.810+0300] {logging_mixin.py:188} INFO - [2025-07-14T00:06:50.809+0300] {dagbag.py:545} INFO - Filling up the DagBag from /home/wal/.pyenv/versions/3.12.0/lib/python3.12/site-packages/airflow/example_dags/tutorial_dag.py
[2025-07-14T00:06:50.819+0300] {processor.py:840} INFO - DAG(s) 'tutorial_dag' retrieved from /home/wal/.pyenv/versions/3.12.0/lib/python3.12/site-packages/airflow/example_dags/tutorial_dag.py
[2025-07-14T00:06:50.850+0300] {logging_mixin.py:188} INFO - [2025-07-14T00:06:50.849+0300] {dag.py:3096} INFO - Sync 1 DAGs
[2025-07-14T00:06:50.872+0300] {logging_mixin.py:188} INFO - [2025-07-14T00:06:50.872+0300] {dag.py:3954} INFO - Setting next_dagrun for tutorial_dag to None, run_after=None
[2025-07-14T00:06:50.908+0300] {processor.py:183} INFO - Processing /home/wal/.pyenv/versions/3.12.0/lib/python3.12/site-packages/airflow/example_dags/tutorial_dag.py took 0.114 seconds
[2025-07-14T00:07:50.180+0300] {processor.py:161} INFO - Started process (PID=8076) to work on /home/wal/.pyenv/versions/3.12.0/lib/python3.12/site-packages/airflow/example_dags/tutorial_dag.py
[2025-07-14T00:07:50.182+0300] {processor.py:830} INFO - Processing file /home/wal/.pyenv/versions/3.12.0/lib/python3.12/site-packages/airflow/example_dags/tutorial_dag.py for tasks to queue
[2025-07-14T00:07:50.186+0300] {logging_mixin.py:188} INFO - [2025-07-14T00:07:50.185+0300] {dagbag.py:545} INFO - Filling up the DagBag from /home/wal/.pyenv/versions/3.12.0/lib/python3.12/site-packages/airflow/example_dags/tutorial_dag.py
[2025-07-14T00:07:50.198+0300] {processor.py:840} INFO - DAG(s) 'tutorial_dag' retrieved from /home/wal/.pyenv/versions/3.12.0/lib/python3.12/site-packages/airflow/example_dags/tutorial_dag.py
[2025-07-14T00:07:50.232+0300] {logging_mixin.py:188} INFO - [2025-07-14T00:07:50.232+0300] {dag.py:3096} INFO - Sync 1 DAGs
[2025-07-14T00:07:50.257+0300] {logging_mixin.py:188} INFO - [2025-07-14T00:07:50.256+0300] {dag.py:3954} INFO - Setting next_dagrun for tutorial_dag to None, run_after=None
[2025-07-14T00:07:50.297+0300] {processor.py:183} INFO - Processing /home/wal/.pyenv/versions/3.12.0/lib/python3.12/site-packages/airflow/example_dags/tutorial_dag.py took 0.129 seconds
